[2025-04-21T15:41:21.554-0300] {local_task_job_runner.py:123} INFO - ::group::Pre task execution logs
[2025-04-21T15:41:21.572-0300] {taskinstance.py:2614} INFO - Dependencies all met for dep_context=non-requeueable deps ti=<TaskInstance: integracao_api.preparar_dados manual__2025-04-21T18:41:16.713850+00:00 [queued]>
[2025-04-21T15:41:21.668-0300] {taskinstance.py:2614} INFO - Dependencies all met for dep_context=requeueable deps ti=<TaskInstance: integracao_api.preparar_dados manual__2025-04-21T18:41:16.713850+00:00 [queued]>
[2025-04-21T15:41:21.669-0300] {taskinstance.py:2867} INFO - Starting attempt 1 of 3
[2025-04-21T15:41:21.694-0300] {taskinstance.py:2890} INFO - Executing <Task(PythonOperator): preparar_dados> on 2025-04-21 18:41:16.713850+00:00
[2025-04-21T15:41:21.706-0300] {standard_task_runner.py:72} INFO - Started process 175227 to run task
[2025-04-21T15:41:21.715-0300] {standard_task_runner.py:104} INFO - Running: ['airflow', 'tasks', 'run', 'integracao_api', 'preparar_dados', 'manual__2025-04-21T18:41:16.713850+00:00', '--job-id', '45', '--raw', '--subdir', 'DAGS_FOLDER/dag_integration.py', '--cfg-path', '/tmp/tmp6buy6x0k']
[2025-04-21T15:41:21.716-0300] {standard_task_runner.py:105} INFO - Job 45: Subtask preparar_dados
[2025-04-21T15:41:21.959-0300] {task_command.py:467} INFO - Running <TaskInstance: integracao_api.preparar_dados manual__2025-04-21T18:41:16.713850+00:00 [running]> on host jonathan-brito
[2025-04-21T15:41:22.077-0300] {taskinstance.py:3134} INFO - Exporting env vars: AIRFLOW_CTX_DAG_OWNER='data_team' AIRFLOW_CTX_DAG_ID='integracao_api' AIRFLOW_CTX_TASK_ID='preparar_dados' AIRFLOW_CTX_EXECUTION_DATE='2025-04-21T18:41:16.713850+00:00' AIRFLOW_CTX_TRY_NUMBER='1' AIRFLOW_CTX_DAG_RUN_ID='manual__2025-04-21T18:41:16.713850+00:00'
[2025-04-21T15:41:22.079-0300] {logging_mixin.py:190} INFO - Task instance is in running state
[2025-04-21T15:41:22.083-0300] {logging_mixin.py:190} INFO -  Previous state of the Task instance: queued
[2025-04-21T15:41:22.084-0300] {logging_mixin.py:190} INFO - Current task name:preparar_dados state:running start_date:2025-04-21 18:41:21.572900+00:00
[2025-04-21T15:41:22.085-0300] {logging_mixin.py:190} INFO - Dag name:integracao_api and current dag run status:running
[2025-04-21T15:41:22.085-0300] {taskinstance.py:732} INFO - ::endgroup::
[2025-04-21T15:41:22.321-0300] {logging_mixin.py:190} INFO - dados de integração prontos - 2025-04-21 15:41:22.321498
[2025-04-21T15:41:22.323-0300] {python.py:240} INFO - Done. Returned value was: None
[2025-04-21T15:41:22.331-0300] {taskinstance.py:341} INFO - ::group::Post task execution logs
[2025-04-21T15:41:22.332-0300] {taskinstance.py:353} INFO - Marking task as SUCCESS. dag_id=integracao_api, task_id=preparar_dados, run_id=manual__2025-04-21T18:41:16.713850+00:00, execution_date=20250421T184116, start_date=20250421T184121, end_date=20250421T184122
[2025-04-21T15:41:22.362-0300] {logging_mixin.py:190} INFO - Task instance in success state
[2025-04-21T15:41:22.363-0300] {logging_mixin.py:190} INFO -  Previous state of the Task instance: running
[2025-04-21T15:41:22.363-0300] {logging_mixin.py:190} INFO - Dag name:integracao_api queued_at:2025-04-21 18:41:16.739990+00:00
[2025-04-21T15:41:22.363-0300] {logging_mixin.py:190} INFO - Task hostname:jonathan-brito operator:PythonOperator
[2025-04-21T15:41:22.412-0300] {local_task_job_runner.py:266} INFO - Task exited with return code 0
[2025-04-21T15:41:22.444-0300] {taskinstance.py:3901} INFO - 1 downstream tasks scheduled from follow-on schedule check
[2025-04-21T15:41:22.452-0300] {local_task_job_runner.py:245} INFO - ::endgroup::
