[2025-04-25T11:01:27.473-0300] {local_task_job_runner.py:123} INFO - ::group::Pre task execution logs
[2025-04-25T11:01:27.481-0300] {taskinstance.py:2614} INFO - Dependencies all met for dep_context=non-requeueable deps ti=<TaskInstance: example_bash_operator.runme_2 scheduled__2025-04-24T00:00:00+00:00 [queued]>
[2025-04-25T11:01:27.488-0300] {taskinstance.py:2614} INFO - Dependencies all met for dep_context=requeueable deps ti=<TaskInstance: example_bash_operator.runme_2 scheduled__2025-04-24T00:00:00+00:00 [queued]>
[2025-04-25T11:01:27.489-0300] {taskinstance.py:2867} INFO - Starting attempt 1 of 1
[2025-04-25T11:01:27.507-0300] {taskinstance.py:2890} INFO - Executing <Task(BashOperator): runme_2> on 2025-04-24 00:00:00+00:00
[2025-04-25T11:01:27.512-0300] {standard_task_runner.py:72} INFO - Started process 16920 to run task
[2025-04-25T11:01:27.515-0300] {standard_task_runner.py:104} INFO - Running: ['airflow', 'tasks', 'run', 'example_bash_operator', 'runme_2', 'scheduled__2025-04-24T00:00:00+00:00', '--job-id', '101', '--raw', '--subdir', '/home/jonathan-brito/python-projects/airflow/venv/lib/python3.12/site-packages/airflow/example_dags/example_bash_operator.py', '--cfg-path', '/tmp/tmp0ami3rdl']
[2025-04-25T11:01:27.516-0300] {standard_task_runner.py:105} INFO - Job 101: Subtask runme_2
[2025-04-25T11:01:27.580-0300] {task_command.py:467} INFO - Running <TaskInstance: example_bash_operator.runme_2 scheduled__2025-04-24T00:00:00+00:00 [running]> on host jonathan-brito
[2025-04-25T11:01:27.651-0300] {taskinstance.py:3134} INFO - Exporting env vars: AIRFLOW_CTX_DAG_OWNER='airflow' AIRFLOW_CTX_DAG_ID='example_bash_operator' AIRFLOW_CTX_TASK_ID='runme_2' AIRFLOW_CTX_EXECUTION_DATE='2025-04-24T00:00:00+00:00' AIRFLOW_CTX_TRY_NUMBER='1' AIRFLOW_CTX_DAG_RUN_ID='scheduled__2025-04-24T00:00:00+00:00'
[2025-04-25T11:01:27.652-0300] {logging_mixin.py:190} INFO - Task instance is in running state
[2025-04-25T11:01:27.653-0300] {logging_mixin.py:190} INFO -  Previous state of the Task instance: queued
[2025-04-25T11:01:27.653-0300] {logging_mixin.py:190} INFO - Current task name:runme_2 state:running start_date:2025-04-25 14:01:27.482098+00:00
[2025-04-25T11:01:27.653-0300] {logging_mixin.py:190} INFO - Dag name:example_bash_operator and current dag run status:running
[2025-04-25T11:01:27.653-0300] {taskinstance.py:732} INFO - ::endgroup::
[2025-04-25T11:01:27.654-0300] {subprocess.py:78} INFO - Tmp dir root location: /tmp
[2025-04-25T11:01:27.655-0300] {subprocess.py:88} INFO - Running command: ['/usr/bin/bash', '-c', 'echo "example_bash_operator__runme_2__20250424" && sleep 1']
[2025-04-25T11:01:27.666-0300] {subprocess.py:99} INFO - Output:
[2025-04-25T11:01:27.669-0300] {subprocess.py:106} INFO - example_bash_operator__runme_2__20250424
[2025-04-25T11:01:28.674-0300] {subprocess.py:110} INFO - Command exited with return code 0
[2025-04-25T11:01:28.750-0300] {taskinstance.py:341} INFO - ::group::Post task execution logs
[2025-04-25T11:01:28.751-0300] {taskinstance.py:353} INFO - Marking task as SUCCESS. dag_id=example_bash_operator, task_id=runme_2, run_id=scheduled__2025-04-24T00:00:00+00:00, execution_date=20250424T000000, start_date=20250425T140127, end_date=20250425T140128
[2025-04-25T11:01:28.799-0300] {logging_mixin.py:190} INFO - Task instance in success state
[2025-04-25T11:01:28.800-0300] {logging_mixin.py:190} INFO -  Previous state of the Task instance: running
[2025-04-25T11:01:28.801-0300] {logging_mixin.py:190} INFO - Dag name:example_bash_operator queued_at:2025-04-25 14:01:14.372506+00:00
[2025-04-25T11:01:28.801-0300] {logging_mixin.py:190} INFO - Task hostname:jonathan-brito operator:BashOperator
[2025-04-25T11:01:28.856-0300] {local_task_job_runner.py:266} INFO - Task exited with return code 0
[2025-04-25T11:01:28.906-0300] {taskinstance.py:3901} INFO - 1 downstream tasks scheduled from follow-on schedule check
[2025-04-25T11:01:28.920-0300] {local_task_job_runner.py:245} INFO - ::endgroup::
