[2025-04-21T21:23:52.301-0300] {processor.py:186} INFO - Started process (PID=70685) to work on /home/jonathan-brito/python-projects/airflow/venv/lib/python3.12/site-packages/airflow/example_dags/example_kubernetes_executor.py
[2025-04-21T21:23:52.302-0300] {processor.py:914} INFO - Processing file /home/jonathan-brito/python-projects/airflow/venv/lib/python3.12/site-packages/airflow/example_dags/example_kubernetes_executor.py for tasks to queue
[2025-04-21T21:23:52.305-0300] {logging_mixin.py:190} INFO - [2025-04-21T21:23:52.305-0300] {dagbag.py:588} INFO - Filling up the DagBag from /home/jonathan-brito/python-projects/airflow/venv/lib/python3.12/site-packages/airflow/example_dags/example_kubernetes_executor.py
[2025-04-21T21:23:52.310-0300] {logging_mixin.py:190} INFO - [2025-04-21T21:23:52.310-0300] {example_kubernetes_executor.py:39} WARNING - The example_kubernetes_executor example DAG requires the kubernetes provider. Please install it with: pip install apache-airflow[cncf.kubernetes]
[2025-04-21T21:23:52.310-0300] {processor.py:927} WARNING - No viable dags retrieved from /home/jonathan-brito/python-projects/airflow/venv/lib/python3.12/site-packages/airflow/example_dags/example_kubernetes_executor.py
[2025-04-21T21:23:52.349-0300] {processor.py:208} INFO - Processing /home/jonathan-brito/python-projects/airflow/venv/lib/python3.12/site-packages/airflow/example_dags/example_kubernetes_executor.py took 0.059 seconds
[2025-04-21T22:10:09.969-0300] {processor.py:186} INFO - Started process (PID=127257) to work on /home/jonathan-brito/python-projects/airflow/venv/lib/python3.12/site-packages/airflow/example_dags/example_kubernetes_executor.py
[2025-04-21T22:10:09.976-0300] {processor.py:914} INFO - Processing file /home/jonathan-brito/python-projects/airflow/venv/lib/python3.12/site-packages/airflow/example_dags/example_kubernetes_executor.py for tasks to queue
[2025-04-21T22:10:09.977-0300] {logging_mixin.py:190} INFO - [2025-04-21T22:10:09.977-0300] {dagbag.py:588} INFO - Filling up the DagBag from /home/jonathan-brito/python-projects/airflow/venv/lib/python3.12/site-packages/airflow/example_dags/example_kubernetes_executor.py
[2025-04-21T22:10:09.980-0300] {logging_mixin.py:190} INFO - [2025-04-21T22:10:09.980-0300] {example_kubernetes_executor.py:39} WARNING - The example_kubernetes_executor example DAG requires the kubernetes provider. Please install it with: pip install apache-airflow[cncf.kubernetes]
[2025-04-21T22:10:09.981-0300] {processor.py:927} WARNING - No viable dags retrieved from /home/jonathan-brito/python-projects/airflow/venv/lib/python3.12/site-packages/airflow/example_dags/example_kubernetes_executor.py
[2025-04-21T22:10:09.991-0300] {processor.py:208} INFO - Processing /home/jonathan-brito/python-projects/airflow/venv/lib/python3.12/site-packages/airflow/example_dags/example_kubernetes_executor.py took 0.030 seconds
[2025-04-21T22:11:15.217-0300] {processor.py:186} INFO - Started process (PID=128262) to work on /home/jonathan-brito/python-projects/airflow/venv/lib/python3.12/site-packages/airflow/example_dags/example_kubernetes_executor.py
[2025-04-21T22:11:15.224-0300] {processor.py:914} INFO - Processing file /home/jonathan-brito/python-projects/airflow/venv/lib/python3.12/site-packages/airflow/example_dags/example_kubernetes_executor.py for tasks to queue
[2025-04-21T22:11:15.226-0300] {logging_mixin.py:190} INFO - [2025-04-21T22:11:15.225-0300] {dagbag.py:588} INFO - Filling up the DagBag from /home/jonathan-brito/python-projects/airflow/venv/lib/python3.12/site-packages/airflow/example_dags/example_kubernetes_executor.py
[2025-04-21T22:11:15.229-0300] {logging_mixin.py:190} INFO - [2025-04-21T22:11:15.228-0300] {example_kubernetes_executor.py:39} WARNING - The example_kubernetes_executor example DAG requires the kubernetes provider. Please install it with: pip install apache-airflow[cncf.kubernetes]
[2025-04-21T22:11:15.229-0300] {processor.py:927} WARNING - No viable dags retrieved from /home/jonathan-brito/python-projects/airflow/venv/lib/python3.12/site-packages/airflow/example_dags/example_kubernetes_executor.py
[2025-04-21T22:11:15.240-0300] {processor.py:208} INFO - Processing /home/jonathan-brito/python-projects/airflow/venv/lib/python3.12/site-packages/airflow/example_dags/example_kubernetes_executor.py took 0.030 seconds
[2025-04-21T22:12:17.071-0300] {processor.py:186} INFO - Started process (PID=128962) to work on /home/jonathan-brito/python-projects/airflow/venv/lib/python3.12/site-packages/airflow/example_dags/example_kubernetes_executor.py
[2025-04-21T22:12:17.078-0300] {processor.py:914} INFO - Processing file /home/jonathan-brito/python-projects/airflow/venv/lib/python3.12/site-packages/airflow/example_dags/example_kubernetes_executor.py for tasks to queue
[2025-04-21T22:12:17.079-0300] {logging_mixin.py:190} INFO - [2025-04-21T22:12:17.079-0300] {dagbag.py:588} INFO - Filling up the DagBag from /home/jonathan-brito/python-projects/airflow/venv/lib/python3.12/site-packages/airflow/example_dags/example_kubernetes_executor.py
[2025-04-21T22:12:17.083-0300] {logging_mixin.py:190} INFO - [2025-04-21T22:12:17.082-0300] {example_kubernetes_executor.py:39} WARNING - The example_kubernetes_executor example DAG requires the kubernetes provider. Please install it with: pip install apache-airflow[cncf.kubernetes]
[2025-04-21T22:12:17.083-0300] {processor.py:927} WARNING - No viable dags retrieved from /home/jonathan-brito/python-projects/airflow/venv/lib/python3.12/site-packages/airflow/example_dags/example_kubernetes_executor.py
[2025-04-21T22:12:17.095-0300] {processor.py:208} INFO - Processing /home/jonathan-brito/python-projects/airflow/venv/lib/python3.12/site-packages/airflow/example_dags/example_kubernetes_executor.py took 0.030 seconds
[2025-04-21T22:13:22.339-0300] {processor.py:186} INFO - Started process (PID=129639) to work on /home/jonathan-brito/python-projects/airflow/venv/lib/python3.12/site-packages/airflow/example_dags/example_kubernetes_executor.py
[2025-04-21T22:13:22.346-0300] {processor.py:914} INFO - Processing file /home/jonathan-brito/python-projects/airflow/venv/lib/python3.12/site-packages/airflow/example_dags/example_kubernetes_executor.py for tasks to queue
[2025-04-21T22:13:22.347-0300] {logging_mixin.py:190} INFO - [2025-04-21T22:13:22.347-0300] {dagbag.py:588} INFO - Filling up the DagBag from /home/jonathan-brito/python-projects/airflow/venv/lib/python3.12/site-packages/airflow/example_dags/example_kubernetes_executor.py
[2025-04-21T22:13:22.351-0300] {logging_mixin.py:190} INFO - [2025-04-21T22:13:22.350-0300] {example_kubernetes_executor.py:39} WARNING - The example_kubernetes_executor example DAG requires the kubernetes provider. Please install it with: pip install apache-airflow[cncf.kubernetes]
[2025-04-21T22:13:22.351-0300] {processor.py:927} WARNING - No viable dags retrieved from /home/jonathan-brito/python-projects/airflow/venv/lib/python3.12/site-packages/airflow/example_dags/example_kubernetes_executor.py
[2025-04-21T22:13:22.362-0300] {processor.py:208} INFO - Processing /home/jonathan-brito/python-projects/airflow/venv/lib/python3.12/site-packages/airflow/example_dags/example_kubernetes_executor.py took 0.029 seconds
[2025-04-21T22:14:23.339-0300] {processor.py:186} INFO - Started process (PID=130346) to work on /home/jonathan-brito/python-projects/airflow/venv/lib/python3.12/site-packages/airflow/example_dags/example_kubernetes_executor.py
[2025-04-21T22:14:23.340-0300] {processor.py:914} INFO - Processing file /home/jonathan-brito/python-projects/airflow/venv/lib/python3.12/site-packages/airflow/example_dags/example_kubernetes_executor.py for tasks to queue
[2025-04-21T22:14:23.342-0300] {logging_mixin.py:190} INFO - [2025-04-21T22:14:23.342-0300] {dagbag.py:588} INFO - Filling up the DagBag from /home/jonathan-brito/python-projects/airflow/venv/lib/python3.12/site-packages/airflow/example_dags/example_kubernetes_executor.py
[2025-04-21T22:14:23.346-0300] {logging_mixin.py:190} INFO - [2025-04-21T22:14:23.345-0300] {example_kubernetes_executor.py:39} WARNING - The example_kubernetes_executor example DAG requires the kubernetes provider. Please install it with: pip install apache-airflow[cncf.kubernetes]
[2025-04-21T22:14:23.346-0300] {processor.py:927} WARNING - No viable dags retrieved from /home/jonathan-brito/python-projects/airflow/venv/lib/python3.12/site-packages/airflow/example_dags/example_kubernetes_executor.py
[2025-04-21T22:14:23.359-0300] {processor.py:208} INFO - Processing /home/jonathan-brito/python-projects/airflow/venv/lib/python3.12/site-packages/airflow/example_dags/example_kubernetes_executor.py took 0.026 seconds
[2025-04-21T22:15:25.324-0300] {processor.py:186} INFO - Started process (PID=131037) to work on /home/jonathan-brito/python-projects/airflow/venv/lib/python3.12/site-packages/airflow/example_dags/example_kubernetes_executor.py
[2025-04-21T22:15:25.330-0300] {processor.py:914} INFO - Processing file /home/jonathan-brito/python-projects/airflow/venv/lib/python3.12/site-packages/airflow/example_dags/example_kubernetes_executor.py for tasks to queue
[2025-04-21T22:15:25.332-0300] {logging_mixin.py:190} INFO - [2025-04-21T22:15:25.331-0300] {dagbag.py:588} INFO - Filling up the DagBag from /home/jonathan-brito/python-projects/airflow/venv/lib/python3.12/site-packages/airflow/example_dags/example_kubernetes_executor.py
[2025-04-21T22:15:25.336-0300] {logging_mixin.py:190} INFO - [2025-04-21T22:15:25.336-0300] {example_kubernetes_executor.py:39} WARNING - The example_kubernetes_executor example DAG requires the kubernetes provider. Please install it with: pip install apache-airflow[cncf.kubernetes]
[2025-04-21T22:15:25.337-0300] {processor.py:927} WARNING - No viable dags retrieved from /home/jonathan-brito/python-projects/airflow/venv/lib/python3.12/site-packages/airflow/example_dags/example_kubernetes_executor.py
[2025-04-21T22:15:25.350-0300] {processor.py:208} INFO - Processing /home/jonathan-brito/python-projects/airflow/venv/lib/python3.12/site-packages/airflow/example_dags/example_kubernetes_executor.py took 0.033 seconds
[2025-04-21T22:16:27.736-0300] {processor.py:186} INFO - Started process (PID=131669) to work on /home/jonathan-brito/python-projects/airflow/venv/lib/python3.12/site-packages/airflow/example_dags/example_kubernetes_executor.py
[2025-04-21T22:16:27.743-0300] {processor.py:914} INFO - Processing file /home/jonathan-brito/python-projects/airflow/venv/lib/python3.12/site-packages/airflow/example_dags/example_kubernetes_executor.py for tasks to queue
[2025-04-21T22:16:27.745-0300] {logging_mixin.py:190} INFO - [2025-04-21T22:16:27.744-0300] {dagbag.py:588} INFO - Filling up the DagBag from /home/jonathan-brito/python-projects/airflow/venv/lib/python3.12/site-packages/airflow/example_dags/example_kubernetes_executor.py
[2025-04-21T22:16:27.748-0300] {logging_mixin.py:190} INFO - [2025-04-21T22:16:27.748-0300] {example_kubernetes_executor.py:39} WARNING - The example_kubernetes_executor example DAG requires the kubernetes provider. Please install it with: pip install apache-airflow[cncf.kubernetes]
[2025-04-21T22:16:27.748-0300] {processor.py:927} WARNING - No viable dags retrieved from /home/jonathan-brito/python-projects/airflow/venv/lib/python3.12/site-packages/airflow/example_dags/example_kubernetes_executor.py
[2025-04-21T22:16:27.759-0300] {processor.py:208} INFO - Processing /home/jonathan-brito/python-projects/airflow/venv/lib/python3.12/site-packages/airflow/example_dags/example_kubernetes_executor.py took 0.029 seconds
[2025-04-21T22:17:30.894-0300] {processor.py:186} INFO - Started process (PID=132426) to work on /home/jonathan-brito/python-projects/airflow/venv/lib/python3.12/site-packages/airflow/example_dags/example_kubernetes_executor.py
[2025-04-21T22:17:30.896-0300] {processor.py:914} INFO - Processing file /home/jonathan-brito/python-projects/airflow/venv/lib/python3.12/site-packages/airflow/example_dags/example_kubernetes_executor.py for tasks to queue
[2025-04-21T22:17:30.898-0300] {logging_mixin.py:190} INFO - [2025-04-21T22:17:30.897-0300] {dagbag.py:588} INFO - Filling up the DagBag from /home/jonathan-brito/python-projects/airflow/venv/lib/python3.12/site-packages/airflow/example_dags/example_kubernetes_executor.py
[2025-04-21T22:17:30.902-0300] {logging_mixin.py:190} INFO - [2025-04-21T22:17:30.902-0300] {example_kubernetes_executor.py:39} WARNING - The example_kubernetes_executor example DAG requires the kubernetes provider. Please install it with: pip install apache-airflow[cncf.kubernetes]
[2025-04-21T22:17:30.903-0300] {processor.py:927} WARNING - No viable dags retrieved from /home/jonathan-brito/python-projects/airflow/venv/lib/python3.12/site-packages/airflow/example_dags/example_kubernetes_executor.py
[2025-04-21T22:17:30.919-0300] {processor.py:208} INFO - Processing /home/jonathan-brito/python-projects/airflow/venv/lib/python3.12/site-packages/airflow/example_dags/example_kubernetes_executor.py took 0.033 seconds
[2025-04-21T22:18:33.443-0300] {processor.py:186} INFO - Started process (PID=133038) to work on /home/jonathan-brito/python-projects/airflow/venv/lib/python3.12/site-packages/airflow/example_dags/example_kubernetes_executor.py
[2025-04-21T22:18:33.450-0300] {processor.py:914} INFO - Processing file /home/jonathan-brito/python-projects/airflow/venv/lib/python3.12/site-packages/airflow/example_dags/example_kubernetes_executor.py for tasks to queue
[2025-04-21T22:18:33.456-0300] {logging_mixin.py:190} INFO - [2025-04-21T22:18:33.454-0300] {dagbag.py:588} INFO - Filling up the DagBag from /home/jonathan-brito/python-projects/airflow/venv/lib/python3.12/site-packages/airflow/example_dags/example_kubernetes_executor.py
[2025-04-21T22:18:33.466-0300] {logging_mixin.py:190} INFO - [2025-04-21T22:18:33.465-0300] {example_kubernetes_executor.py:39} WARNING - The example_kubernetes_executor example DAG requires the kubernetes provider. Please install it with: pip install apache-airflow[cncf.kubernetes]
[2025-04-21T22:18:33.466-0300] {processor.py:927} WARNING - No viable dags retrieved from /home/jonathan-brito/python-projects/airflow/venv/lib/python3.12/site-packages/airflow/example_dags/example_kubernetes_executor.py
[2025-04-21T22:18:33.482-0300] {processor.py:208} INFO - Processing /home/jonathan-brito/python-projects/airflow/venv/lib/python3.12/site-packages/airflow/example_dags/example_kubernetes_executor.py took 0.045 seconds
[2025-04-21T22:19:35.334-0300] {processor.py:186} INFO - Started process (PID=133753) to work on /home/jonathan-brito/python-projects/airflow/venv/lib/python3.12/site-packages/airflow/example_dags/example_kubernetes_executor.py
[2025-04-21T22:19:35.342-0300] {processor.py:914} INFO - Processing file /home/jonathan-brito/python-projects/airflow/venv/lib/python3.12/site-packages/airflow/example_dags/example_kubernetes_executor.py for tasks to queue
[2025-04-21T22:19:35.344-0300] {logging_mixin.py:190} INFO - [2025-04-21T22:19:35.343-0300] {dagbag.py:588} INFO - Filling up the DagBag from /home/jonathan-brito/python-projects/airflow/venv/lib/python3.12/site-packages/airflow/example_dags/example_kubernetes_executor.py
[2025-04-21T22:19:35.349-0300] {logging_mixin.py:190} INFO - [2025-04-21T22:19:35.349-0300] {example_kubernetes_executor.py:39} WARNING - The example_kubernetes_executor example DAG requires the kubernetes provider. Please install it with: pip install apache-airflow[cncf.kubernetes]
[2025-04-21T22:19:35.350-0300] {processor.py:927} WARNING - No viable dags retrieved from /home/jonathan-brito/python-projects/airflow/venv/lib/python3.12/site-packages/airflow/example_dags/example_kubernetes_executor.py
[2025-04-21T22:19:35.367-0300] {processor.py:208} INFO - Processing /home/jonathan-brito/python-projects/airflow/venv/lib/python3.12/site-packages/airflow/example_dags/example_kubernetes_executor.py took 0.052 seconds
[2025-04-21T22:20:40.300-0300] {processor.py:186} INFO - Started process (PID=134406) to work on /home/jonathan-brito/python-projects/airflow/venv/lib/python3.12/site-packages/airflow/example_dags/example_kubernetes_executor.py
[2025-04-21T22:20:40.307-0300] {processor.py:914} INFO - Processing file /home/jonathan-brito/python-projects/airflow/venv/lib/python3.12/site-packages/airflow/example_dags/example_kubernetes_executor.py for tasks to queue
[2025-04-21T22:20:40.309-0300] {logging_mixin.py:190} INFO - [2025-04-21T22:20:40.308-0300] {dagbag.py:588} INFO - Filling up the DagBag from /home/jonathan-brito/python-projects/airflow/venv/lib/python3.12/site-packages/airflow/example_dags/example_kubernetes_executor.py
[2025-04-21T22:20:40.312-0300] {logging_mixin.py:190} INFO - [2025-04-21T22:20:40.312-0300] {example_kubernetes_executor.py:39} WARNING - The example_kubernetes_executor example DAG requires the kubernetes provider. Please install it with: pip install apache-airflow[cncf.kubernetes]
[2025-04-21T22:20:40.313-0300] {processor.py:927} WARNING - No viable dags retrieved from /home/jonathan-brito/python-projects/airflow/venv/lib/python3.12/site-packages/airflow/example_dags/example_kubernetes_executor.py
[2025-04-21T22:20:40.324-0300] {processor.py:208} INFO - Processing /home/jonathan-brito/python-projects/airflow/venv/lib/python3.12/site-packages/airflow/example_dags/example_kubernetes_executor.py took 0.034 seconds
[2025-04-22T10:24:39.091-0300] {processor.py:186} INFO - Started process (PID=11198) to work on /home/jonathan-brito/python-projects/airflow/venv/lib/python3.12/site-packages/airflow/example_dags/example_kubernetes_executor.py
[2025-04-22T10:24:39.098-0300] {processor.py:914} INFO - Processing file /home/jonathan-brito/python-projects/airflow/venv/lib/python3.12/site-packages/airflow/example_dags/example_kubernetes_executor.py for tasks to queue
[2025-04-22T10:24:39.101-0300] {logging_mixin.py:190} INFO - [2025-04-22T10:24:39.100-0300] {dagbag.py:588} INFO - Filling up the DagBag from /home/jonathan-brito/python-projects/airflow/venv/lib/python3.12/site-packages/airflow/example_dags/example_kubernetes_executor.py
[2025-04-22T10:24:39.104-0300] {logging_mixin.py:190} INFO - [2025-04-22T10:24:39.104-0300] {example_kubernetes_executor.py:39} WARNING - The example_kubernetes_executor example DAG requires the kubernetes provider. Please install it with: pip install apache-airflow[cncf.kubernetes]
[2025-04-22T10:24:39.104-0300] {processor.py:927} WARNING - No viable dags retrieved from /home/jonathan-brito/python-projects/airflow/venv/lib/python3.12/site-packages/airflow/example_dags/example_kubernetes_executor.py
[2025-04-22T10:24:39.116-0300] {processor.py:208} INFO - Processing /home/jonathan-brito/python-projects/airflow/venv/lib/python3.12/site-packages/airflow/example_dags/example_kubernetes_executor.py took 0.030 seconds
[2025-04-22T10:25:52.433-0300] {processor.py:186} INFO - Started process (PID=12108) to work on /home/jonathan-brito/python-projects/airflow/venv/lib/python3.12/site-packages/airflow/example_dags/example_kubernetes_executor.py
[2025-04-22T10:25:52.440-0300] {processor.py:914} INFO - Processing file /home/jonathan-brito/python-projects/airflow/venv/lib/python3.12/site-packages/airflow/example_dags/example_kubernetes_executor.py for tasks to queue
[2025-04-22T10:25:52.443-0300] {logging_mixin.py:190} INFO - [2025-04-22T10:25:52.442-0300] {dagbag.py:588} INFO - Filling up the DagBag from /home/jonathan-brito/python-projects/airflow/venv/lib/python3.12/site-packages/airflow/example_dags/example_kubernetes_executor.py
[2025-04-22T10:25:52.446-0300] {logging_mixin.py:190} INFO - [2025-04-22T10:25:52.445-0300] {example_kubernetes_executor.py:39} WARNING - The example_kubernetes_executor example DAG requires the kubernetes provider. Please install it with: pip install apache-airflow[cncf.kubernetes]
[2025-04-22T10:25:52.446-0300] {processor.py:927} WARNING - No viable dags retrieved from /home/jonathan-brito/python-projects/airflow/venv/lib/python3.12/site-packages/airflow/example_dags/example_kubernetes_executor.py
[2025-04-22T10:25:52.457-0300] {processor.py:208} INFO - Processing /home/jonathan-brito/python-projects/airflow/venv/lib/python3.12/site-packages/airflow/example_dags/example_kubernetes_executor.py took 0.030 seconds
[2025-04-22T10:27:56.012-0300] {processor.py:186} INFO - Started process (PID=14215) to work on /home/jonathan-brito/python-projects/airflow/venv/lib/python3.12/site-packages/airflow/example_dags/example_kubernetes_executor.py
[2025-04-22T10:27:56.019-0300] {processor.py:914} INFO - Processing file /home/jonathan-brito/python-projects/airflow/venv/lib/python3.12/site-packages/airflow/example_dags/example_kubernetes_executor.py for tasks to queue
[2025-04-22T10:27:56.021-0300] {logging_mixin.py:190} INFO - [2025-04-22T10:27:56.020-0300] {dagbag.py:588} INFO - Filling up the DagBag from /home/jonathan-brito/python-projects/airflow/venv/lib/python3.12/site-packages/airflow/example_dags/example_kubernetes_executor.py
[2025-04-22T10:27:56.024-0300] {logging_mixin.py:190} INFO - [2025-04-22T10:27:56.024-0300] {example_kubernetes_executor.py:39} WARNING - The example_kubernetes_executor example DAG requires the kubernetes provider. Please install it with: pip install apache-airflow[cncf.kubernetes]
[2025-04-22T10:27:56.025-0300] {processor.py:927} WARNING - No viable dags retrieved from /home/jonathan-brito/python-projects/airflow/venv/lib/python3.12/site-packages/airflow/example_dags/example_kubernetes_executor.py
[2025-04-22T10:27:56.038-0300] {processor.py:208} INFO - Processing /home/jonathan-brito/python-projects/airflow/venv/lib/python3.12/site-packages/airflow/example_dags/example_kubernetes_executor.py took 0.033 seconds
[2025-04-22T10:31:33.361-0300] {processor.py:186} INFO - Started process (PID=16813) to work on /home/jonathan-brito/python-projects/airflow/venv/lib/python3.12/site-packages/airflow/example_dags/example_kubernetes_executor.py
[2025-04-22T10:31:33.369-0300] {processor.py:914} INFO - Processing file /home/jonathan-brito/python-projects/airflow/venv/lib/python3.12/site-packages/airflow/example_dags/example_kubernetes_executor.py for tasks to queue
[2025-04-22T10:31:33.375-0300] {logging_mixin.py:190} INFO - [2025-04-22T10:31:33.374-0300] {dagbag.py:588} INFO - Filling up the DagBag from /home/jonathan-brito/python-projects/airflow/venv/lib/python3.12/site-packages/airflow/example_dags/example_kubernetes_executor.py
[2025-04-22T10:31:33.385-0300] {logging_mixin.py:190} INFO - [2025-04-22T10:31:33.384-0300] {example_kubernetes_executor.py:39} WARNING - The example_kubernetes_executor example DAG requires the kubernetes provider. Please install it with: pip install apache-airflow[cncf.kubernetes]
[2025-04-22T10:31:33.385-0300] {processor.py:927} WARNING - No viable dags retrieved from /home/jonathan-brito/python-projects/airflow/venv/lib/python3.12/site-packages/airflow/example_dags/example_kubernetes_executor.py
[2025-04-22T10:31:33.409-0300] {processor.py:208} INFO - Processing /home/jonathan-brito/python-projects/airflow/venv/lib/python3.12/site-packages/airflow/example_dags/example_kubernetes_executor.py took 0.065 seconds
[2025-04-22T11:08:21.799-0300] {processor.py:186} INFO - Started process (PID=49701) to work on /home/jonathan-brito/python-projects/airflow/venv/lib/python3.12/site-packages/airflow/example_dags/example_kubernetes_executor.py
[2025-04-22T11:08:21.800-0300] {processor.py:914} INFO - Processing file /home/jonathan-brito/python-projects/airflow/venv/lib/python3.12/site-packages/airflow/example_dags/example_kubernetes_executor.py for tasks to queue
[2025-04-22T11:08:21.802-0300] {logging_mixin.py:190} INFO - [2025-04-22T11:08:21.801-0300] {dagbag.py:588} INFO - Filling up the DagBag from /home/jonathan-brito/python-projects/airflow/venv/lib/python3.12/site-packages/airflow/example_dags/example_kubernetes_executor.py
[2025-04-22T11:08:21.807-0300] {logging_mixin.py:190} INFO - [2025-04-22T11:08:21.807-0300] {example_kubernetes_executor.py:39} WARNING - The example_kubernetes_executor example DAG requires the kubernetes provider. Please install it with: pip install apache-airflow[cncf.kubernetes]
[2025-04-22T11:08:21.807-0300] {processor.py:927} WARNING - No viable dags retrieved from /home/jonathan-brito/python-projects/airflow/venv/lib/python3.12/site-packages/airflow/example_dags/example_kubernetes_executor.py
[2025-04-22T11:08:21.820-0300] {processor.py:208} INFO - Processing /home/jonathan-brito/python-projects/airflow/venv/lib/python3.12/site-packages/airflow/example_dags/example_kubernetes_executor.py took 0.029 seconds
[2025-04-22T11:09:21.872-0300] {processor.py:186} INFO - Started process (PID=50085) to work on /home/jonathan-brito/python-projects/airflow/venv/lib/python3.12/site-packages/airflow/example_dags/example_kubernetes_executor.py
[2025-04-22T11:09:21.879-0300] {processor.py:914} INFO - Processing file /home/jonathan-brito/python-projects/airflow/venv/lib/python3.12/site-packages/airflow/example_dags/example_kubernetes_executor.py for tasks to queue
[2025-04-22T11:09:21.881-0300] {logging_mixin.py:190} INFO - [2025-04-22T11:09:21.880-0300] {dagbag.py:588} INFO - Filling up the DagBag from /home/jonathan-brito/python-projects/airflow/venv/lib/python3.12/site-packages/airflow/example_dags/example_kubernetes_executor.py
[2025-04-22T11:09:21.884-0300] {logging_mixin.py:190} INFO - [2025-04-22T11:09:21.884-0300] {example_kubernetes_executor.py:39} WARNING - The example_kubernetes_executor example DAG requires the kubernetes provider. Please install it with: pip install apache-airflow[cncf.kubernetes]
[2025-04-22T11:09:21.884-0300] {processor.py:927} WARNING - No viable dags retrieved from /home/jonathan-brito/python-projects/airflow/venv/lib/python3.12/site-packages/airflow/example_dags/example_kubernetes_executor.py
[2025-04-22T11:09:21.896-0300] {processor.py:208} INFO - Processing /home/jonathan-brito/python-projects/airflow/venv/lib/python3.12/site-packages/airflow/example_dags/example_kubernetes_executor.py took 0.030 seconds
[2025-04-22T11:10:22.020-0300] {processor.py:186} INFO - Started process (PID=50628) to work on /home/jonathan-brito/python-projects/airflow/venv/lib/python3.12/site-packages/airflow/example_dags/example_kubernetes_executor.py
[2025-04-22T11:10:22.026-0300] {processor.py:914} INFO - Processing file /home/jonathan-brito/python-projects/airflow/venv/lib/python3.12/site-packages/airflow/example_dags/example_kubernetes_executor.py for tasks to queue
[2025-04-22T11:10:22.028-0300] {logging_mixin.py:190} INFO - [2025-04-22T11:10:22.028-0300] {dagbag.py:588} INFO - Filling up the DagBag from /home/jonathan-brito/python-projects/airflow/venv/lib/python3.12/site-packages/airflow/example_dags/example_kubernetes_executor.py
[2025-04-22T11:10:22.032-0300] {logging_mixin.py:190} INFO - [2025-04-22T11:10:22.032-0300] {example_kubernetes_executor.py:39} WARNING - The example_kubernetes_executor example DAG requires the kubernetes provider. Please install it with: pip install apache-airflow[cncf.kubernetes]
[2025-04-22T11:10:22.033-0300] {processor.py:927} WARNING - No viable dags retrieved from /home/jonathan-brito/python-projects/airflow/venv/lib/python3.12/site-packages/airflow/example_dags/example_kubernetes_executor.py
[2025-04-22T11:10:22.045-0300] {processor.py:208} INFO - Processing /home/jonathan-brito/python-projects/airflow/venv/lib/python3.12/site-packages/airflow/example_dags/example_kubernetes_executor.py took 0.032 seconds
[2025-04-22T11:11:25.878-0300] {processor.py:186} INFO - Started process (PID=51035) to work on /home/jonathan-brito/python-projects/airflow/venv/lib/python3.12/site-packages/airflow/example_dags/example_kubernetes_executor.py
[2025-04-22T11:11:25.879-0300] {processor.py:914} INFO - Processing file /home/jonathan-brito/python-projects/airflow/venv/lib/python3.12/site-packages/airflow/example_dags/example_kubernetes_executor.py for tasks to queue
[2025-04-22T11:11:25.881-0300] {logging_mixin.py:190} INFO - [2025-04-22T11:11:25.880-0300] {dagbag.py:588} INFO - Filling up the DagBag from /home/jonathan-brito/python-projects/airflow/venv/lib/python3.12/site-packages/airflow/example_dags/example_kubernetes_executor.py
[2025-04-22T11:11:25.884-0300] {logging_mixin.py:190} INFO - [2025-04-22T11:11:25.884-0300] {example_kubernetes_executor.py:39} WARNING - The example_kubernetes_executor example DAG requires the kubernetes provider. Please install it with: pip install apache-airflow[cncf.kubernetes]
[2025-04-22T11:11:25.885-0300] {processor.py:927} WARNING - No viable dags retrieved from /home/jonathan-brito/python-projects/airflow/venv/lib/python3.12/site-packages/airflow/example_dags/example_kubernetes_executor.py
[2025-04-22T11:11:25.897-0300] {processor.py:208} INFO - Processing /home/jonathan-brito/python-projects/airflow/venv/lib/python3.12/site-packages/airflow/example_dags/example_kubernetes_executor.py took 0.028 seconds
