[2025-04-21T21:23:33.789-0300] {processor.py:186} INFO - Started process (PID=70537) to work on /home/jonathan-brito/python-projects/airflow/venv/lib/python3.12/site-packages/airflow/example_dags/example_task_group.py
[2025-04-21T21:23:33.790-0300] {processor.py:914} INFO - Processing file /home/jonathan-brito/python-projects/airflow/venv/lib/python3.12/site-packages/airflow/example_dags/example_task_group.py for tasks to queue
[2025-04-21T21:23:33.792-0300] {logging_mixin.py:190} INFO - [2025-04-21T21:23:33.792-0300] {dagbag.py:588} INFO - Filling up the DagBag from /home/jonathan-brito/python-projects/airflow/venv/lib/python3.12/site-packages/airflow/example_dags/example_task_group.py
[2025-04-21T21:23:33.801-0300] {processor.py:925} INFO - DAG(s) 'example_task_group' retrieved from /home/jonathan-brito/python-projects/airflow/venv/lib/python3.12/site-packages/airflow/example_dags/example_task_group.py
[2025-04-21T21:23:33.821-0300] {logging_mixin.py:190} INFO - [2025-04-21T21:23:33.821-0300] {dag.py:3239} INFO - Sync 1 DAGs
[2025-04-21T21:23:33.833-0300] {logging_mixin.py:190} INFO - [2025-04-21T21:23:33.833-0300] {dag.py:4180} INFO - Setting next_dagrun for example_task_group to None, run_after=None
[2025-04-21T21:23:33.863-0300] {processor.py:208} INFO - Processing /home/jonathan-brito/python-projects/airflow/venv/lib/python3.12/site-packages/airflow/example_dags/example_task_group.py took 0.081 seconds
[2025-04-21T21:24:40.923-0300] {processor.py:186} INFO - Started process (PID=71359) to work on /home/jonathan-brito/python-projects/airflow/venv/lib/python3.12/site-packages/airflow/example_dags/example_task_group.py
[2025-04-21T21:24:40.930-0300] {processor.py:914} INFO - Processing file /home/jonathan-brito/python-projects/airflow/venv/lib/python3.12/site-packages/airflow/example_dags/example_task_group.py for tasks to queue
[2025-04-21T21:24:40.934-0300] {logging_mixin.py:190} INFO - [2025-04-21T21:24:40.933-0300] {dagbag.py:588} INFO - Filling up the DagBag from /home/jonathan-brito/python-projects/airflow/venv/lib/python3.12/site-packages/airflow/example_dags/example_task_group.py
[2025-04-21T21:24:40.954-0300] {processor.py:925} INFO - DAG(s) 'example_task_group' retrieved from /home/jonathan-brito/python-projects/airflow/venv/lib/python3.12/site-packages/airflow/example_dags/example_task_group.py
[2025-04-21T21:24:40.993-0300] {logging_mixin.py:190} INFO - [2025-04-21T21:24:40.993-0300] {dag.py:3239} INFO - Sync 1 DAGs
[2025-04-21T21:24:41.021-0300] {logging_mixin.py:190} INFO - [2025-04-21T21:24:41.021-0300] {dag.py:4180} INFO - Setting next_dagrun for example_task_group to None, run_after=None
[2025-04-21T21:24:41.062-0300] {processor.py:208} INFO - Processing /home/jonathan-brito/python-projects/airflow/venv/lib/python3.12/site-packages/airflow/example_dags/example_task_group.py took 0.147 seconds
[2025-04-21T22:09:50.956-0300] {processor.py:186} INFO - Started process (PID=127093) to work on /home/jonathan-brito/python-projects/airflow/venv/lib/python3.12/site-packages/airflow/example_dags/example_task_group.py
[2025-04-21T22:09:50.964-0300] {processor.py:914} INFO - Processing file /home/jonathan-brito/python-projects/airflow/venv/lib/python3.12/site-packages/airflow/example_dags/example_task_group.py for tasks to queue
[2025-04-21T22:09:50.966-0300] {logging_mixin.py:190} INFO - [2025-04-21T22:09:50.965-0300] {dagbag.py:588} INFO - Filling up the DagBag from /home/jonathan-brito/python-projects/airflow/venv/lib/python3.12/site-packages/airflow/example_dags/example_task_group.py
[2025-04-21T22:09:50.977-0300] {processor.py:925} INFO - DAG(s) 'example_task_group' retrieved from /home/jonathan-brito/python-projects/airflow/venv/lib/python3.12/site-packages/airflow/example_dags/example_task_group.py
[2025-04-21T22:09:50.998-0300] {logging_mixin.py:190} INFO - [2025-04-21T22:09:50.998-0300] {dag.py:3239} INFO - Sync 1 DAGs
[2025-04-21T22:09:51.010-0300] {logging_mixin.py:190} INFO - [2025-04-21T22:09:51.010-0300] {dag.py:4180} INFO - Setting next_dagrun for example_task_group to None, run_after=None
[2025-04-21T22:09:51.046-0300] {processor.py:208} INFO - Processing /home/jonathan-brito/python-projects/airflow/venv/lib/python3.12/site-packages/airflow/example_dags/example_task_group.py took 0.100 seconds
[2025-04-21T22:10:54.475-0300] {processor.py:186} INFO - Started process (PID=128021) to work on /home/jonathan-brito/python-projects/airflow/venv/lib/python3.12/site-packages/airflow/example_dags/example_task_group.py
[2025-04-21T22:10:54.484-0300] {processor.py:914} INFO - Processing file /home/jonathan-brito/python-projects/airflow/venv/lib/python3.12/site-packages/airflow/example_dags/example_task_group.py for tasks to queue
[2025-04-21T22:10:54.488-0300] {logging_mixin.py:190} INFO - [2025-04-21T22:10:54.486-0300] {dagbag.py:588} INFO - Filling up the DagBag from /home/jonathan-brito/python-projects/airflow/venv/lib/python3.12/site-packages/airflow/example_dags/example_task_group.py
[2025-04-21T22:10:54.507-0300] {processor.py:925} INFO - DAG(s) 'example_task_group' retrieved from /home/jonathan-brito/python-projects/airflow/venv/lib/python3.12/site-packages/airflow/example_dags/example_task_group.py
[2025-04-21T22:10:54.530-0300] {logging_mixin.py:190} INFO - [2025-04-21T22:10:54.530-0300] {dag.py:3239} INFO - Sync 1 DAGs
[2025-04-21T22:10:54.541-0300] {logging_mixin.py:190} INFO - [2025-04-21T22:10:54.541-0300] {dag.py:4180} INFO - Setting next_dagrun for example_task_group to None, run_after=None
[2025-04-21T22:10:54.570-0300] {processor.py:208} INFO - Processing /home/jonathan-brito/python-projects/airflow/venv/lib/python3.12/site-packages/airflow/example_dags/example_task_group.py took 0.114 seconds
[2025-04-21T22:11:56.746-0300] {processor.py:186} INFO - Started process (PID=128772) to work on /home/jonathan-brito/python-projects/airflow/venv/lib/python3.12/site-packages/airflow/example_dags/example_task_group.py
[2025-04-21T22:11:56.754-0300] {processor.py:914} INFO - Processing file /home/jonathan-brito/python-projects/airflow/venv/lib/python3.12/site-packages/airflow/example_dags/example_task_group.py for tasks to queue
[2025-04-21T22:11:56.756-0300] {logging_mixin.py:190} INFO - [2025-04-21T22:11:56.756-0300] {dagbag.py:588} INFO - Filling up the DagBag from /home/jonathan-brito/python-projects/airflow/venv/lib/python3.12/site-packages/airflow/example_dags/example_task_group.py
[2025-04-21T22:11:56.768-0300] {processor.py:925} INFO - DAG(s) 'example_task_group' retrieved from /home/jonathan-brito/python-projects/airflow/venv/lib/python3.12/site-packages/airflow/example_dags/example_task_group.py
[2025-04-21T22:11:56.789-0300] {logging_mixin.py:190} INFO - [2025-04-21T22:11:56.789-0300] {dag.py:3239} INFO - Sync 1 DAGs
[2025-04-21T22:11:56.807-0300] {logging_mixin.py:190} INFO - [2025-04-21T22:11:56.807-0300] {dag.py:4180} INFO - Setting next_dagrun for example_task_group to None, run_after=None
[2025-04-21T22:11:56.836-0300] {processor.py:208} INFO - Processing /home/jonathan-brito/python-projects/airflow/venv/lib/python3.12/site-packages/airflow/example_dags/example_task_group.py took 0.100 seconds
[2025-04-21T22:12:59.129-0300] {processor.py:186} INFO - Started process (PID=129394) to work on /home/jonathan-brito/python-projects/airflow/venv/lib/python3.12/site-packages/airflow/example_dags/example_task_group.py
[2025-04-21T22:12:59.131-0300] {processor.py:914} INFO - Processing file /home/jonathan-brito/python-projects/airflow/venv/lib/python3.12/site-packages/airflow/example_dags/example_task_group.py for tasks to queue
[2025-04-21T22:12:59.132-0300] {logging_mixin.py:190} INFO - [2025-04-21T22:12:59.132-0300] {dagbag.py:588} INFO - Filling up the DagBag from /home/jonathan-brito/python-projects/airflow/venv/lib/python3.12/site-packages/airflow/example_dags/example_task_group.py
[2025-04-21T22:12:59.142-0300] {processor.py:925} INFO - DAG(s) 'example_task_group' retrieved from /home/jonathan-brito/python-projects/airflow/venv/lib/python3.12/site-packages/airflow/example_dags/example_task_group.py
[2025-04-21T22:12:59.188-0300] {logging_mixin.py:190} INFO - [2025-04-21T22:12:59.188-0300] {dag.py:3239} INFO - Sync 1 DAGs
[2025-04-21T22:12:59.201-0300] {logging_mixin.py:190} INFO - [2025-04-21T22:12:59.201-0300] {dag.py:4180} INFO - Setting next_dagrun for example_task_group to None, run_after=None
[2025-04-21T22:12:59.226-0300] {processor.py:208} INFO - Processing /home/jonathan-brito/python-projects/airflow/venv/lib/python3.12/site-packages/airflow/example_dags/example_task_group.py took 0.105 seconds
[2025-04-21T22:14:04.180-0300] {processor.py:186} INFO - Started process (PID=130179) to work on /home/jonathan-brito/python-projects/airflow/venv/lib/python3.12/site-packages/airflow/example_dags/example_task_group.py
[2025-04-21T22:14:04.187-0300] {processor.py:914} INFO - Processing file /home/jonathan-brito/python-projects/airflow/venv/lib/python3.12/site-packages/airflow/example_dags/example_task_group.py for tasks to queue
[2025-04-21T22:14:04.189-0300] {logging_mixin.py:190} INFO - [2025-04-21T22:14:04.188-0300] {dagbag.py:588} INFO - Filling up the DagBag from /home/jonathan-brito/python-projects/airflow/venv/lib/python3.12/site-packages/airflow/example_dags/example_task_group.py
[2025-04-21T22:14:04.197-0300] {processor.py:925} INFO - DAG(s) 'example_task_group' retrieved from /home/jonathan-brito/python-projects/airflow/venv/lib/python3.12/site-packages/airflow/example_dags/example_task_group.py
[2025-04-21T22:14:04.217-0300] {logging_mixin.py:190} INFO - [2025-04-21T22:14:04.216-0300] {dag.py:3239} INFO - Sync 1 DAGs
[2025-04-21T22:14:04.229-0300] {logging_mixin.py:190} INFO - [2025-04-21T22:14:04.229-0300] {dag.py:4180} INFO - Setting next_dagrun for example_task_group to None, run_after=None
[2025-04-21T22:14:04.253-0300] {processor.py:208} INFO - Processing /home/jonathan-brito/python-projects/airflow/venv/lib/python3.12/site-packages/airflow/example_dags/example_task_group.py took 0.080 seconds
[2025-04-21T22:15:05.585-0300] {processor.py:186} INFO - Started process (PID=130842) to work on /home/jonathan-brito/python-projects/airflow/venv/lib/python3.12/site-packages/airflow/example_dags/example_task_group.py
[2025-04-21T22:15:05.592-0300] {processor.py:914} INFO - Processing file /home/jonathan-brito/python-projects/airflow/venv/lib/python3.12/site-packages/airflow/example_dags/example_task_group.py for tasks to queue
[2025-04-21T22:15:05.594-0300] {logging_mixin.py:190} INFO - [2025-04-21T22:15:05.593-0300] {dagbag.py:588} INFO - Filling up the DagBag from /home/jonathan-brito/python-projects/airflow/venv/lib/python3.12/site-packages/airflow/example_dags/example_task_group.py
[2025-04-21T22:15:05.602-0300] {processor.py:925} INFO - DAG(s) 'example_task_group' retrieved from /home/jonathan-brito/python-projects/airflow/venv/lib/python3.12/site-packages/airflow/example_dags/example_task_group.py
[2025-04-21T22:15:05.620-0300] {logging_mixin.py:190} INFO - [2025-04-21T22:15:05.619-0300] {dag.py:3239} INFO - Sync 1 DAGs
[2025-04-21T22:15:05.632-0300] {logging_mixin.py:190} INFO - [2025-04-21T22:15:05.631-0300] {dag.py:4180} INFO - Setting next_dagrun for example_task_group to None, run_after=None
[2025-04-21T22:15:05.654-0300] {processor.py:208} INFO - Processing /home/jonathan-brito/python-projects/airflow/venv/lib/python3.12/site-packages/airflow/example_dags/example_task_group.py took 0.080 seconds
[2025-04-21T22:16:07.346-0300] {processor.py:186} INFO - Started process (PID=131488) to work on /home/jonathan-brito/python-projects/airflow/venv/lib/python3.12/site-packages/airflow/example_dags/example_task_group.py
[2025-04-21T22:16:07.353-0300] {processor.py:914} INFO - Processing file /home/jonathan-brito/python-projects/airflow/venv/lib/python3.12/site-packages/airflow/example_dags/example_task_group.py for tasks to queue
[2025-04-21T22:16:07.354-0300] {logging_mixin.py:190} INFO - [2025-04-21T22:16:07.354-0300] {dagbag.py:588} INFO - Filling up the DagBag from /home/jonathan-brito/python-projects/airflow/venv/lib/python3.12/site-packages/airflow/example_dags/example_task_group.py
[2025-04-21T22:16:07.361-0300] {processor.py:925} INFO - DAG(s) 'example_task_group' retrieved from /home/jonathan-brito/python-projects/airflow/venv/lib/python3.12/site-packages/airflow/example_dags/example_task_group.py
[2025-04-21T22:16:07.379-0300] {logging_mixin.py:190} INFO - [2025-04-21T22:16:07.379-0300] {dag.py:3239} INFO - Sync 1 DAGs
[2025-04-21T22:16:07.390-0300] {logging_mixin.py:190} INFO - [2025-04-21T22:16:07.390-0300] {dag.py:4180} INFO - Setting next_dagrun for example_task_group to None, run_after=None
[2025-04-21T22:16:07.416-0300] {processor.py:208} INFO - Processing /home/jonathan-brito/python-projects/airflow/venv/lib/python3.12/site-packages/airflow/example_dags/example_task_group.py took 0.076 seconds
[2025-04-21T22:17:11.077-0300] {processor.py:186} INFO - Started process (PID=132138) to work on /home/jonathan-brito/python-projects/airflow/venv/lib/python3.12/site-packages/airflow/example_dags/example_task_group.py
[2025-04-21T22:17:11.084-0300] {processor.py:914} INFO - Processing file /home/jonathan-brito/python-projects/airflow/venv/lib/python3.12/site-packages/airflow/example_dags/example_task_group.py for tasks to queue
[2025-04-21T22:17:11.085-0300] {logging_mixin.py:190} INFO - [2025-04-21T22:17:11.085-0300] {dagbag.py:588} INFO - Filling up the DagBag from /home/jonathan-brito/python-projects/airflow/venv/lib/python3.12/site-packages/airflow/example_dags/example_task_group.py
[2025-04-21T22:17:11.092-0300] {processor.py:925} INFO - DAG(s) 'example_task_group' retrieved from /home/jonathan-brito/python-projects/airflow/venv/lib/python3.12/site-packages/airflow/example_dags/example_task_group.py
[2025-04-21T22:17:11.110-0300] {logging_mixin.py:190} INFO - [2025-04-21T22:17:11.109-0300] {dag.py:3239} INFO - Sync 1 DAGs
[2025-04-21T22:17:11.123-0300] {logging_mixin.py:190} INFO - [2025-04-21T22:17:11.123-0300] {dag.py:4180} INFO - Setting next_dagrun for example_task_group to None, run_after=None
[2025-04-21T22:17:11.148-0300] {processor.py:208} INFO - Processing /home/jonathan-brito/python-projects/airflow/venv/lib/python3.12/site-packages/airflow/example_dags/example_task_group.py took 0.078 seconds
[2025-04-21T22:18:13.003-0300] {processor.py:186} INFO - Started process (PID=132787) to work on /home/jonathan-brito/python-projects/airflow/venv/lib/python3.12/site-packages/airflow/example_dags/example_task_group.py
[2025-04-21T22:18:13.010-0300] {processor.py:914} INFO - Processing file /home/jonathan-brito/python-projects/airflow/venv/lib/python3.12/site-packages/airflow/example_dags/example_task_group.py for tasks to queue
[2025-04-21T22:18:13.012-0300] {logging_mixin.py:190} INFO - [2025-04-21T22:18:13.011-0300] {dagbag.py:588} INFO - Filling up the DagBag from /home/jonathan-brito/python-projects/airflow/venv/lib/python3.12/site-packages/airflow/example_dags/example_task_group.py
[2025-04-21T22:18:13.020-0300] {processor.py:925} INFO - DAG(s) 'example_task_group' retrieved from /home/jonathan-brito/python-projects/airflow/venv/lib/python3.12/site-packages/airflow/example_dags/example_task_group.py
[2025-04-21T22:18:13.039-0300] {logging_mixin.py:190} INFO - [2025-04-21T22:18:13.039-0300] {dag.py:3239} INFO - Sync 1 DAGs
[2025-04-21T22:18:13.052-0300] {logging_mixin.py:190} INFO - [2025-04-21T22:18:13.051-0300] {dag.py:4180} INFO - Setting next_dagrun for example_task_group to None, run_after=None
[2025-04-21T22:18:13.078-0300] {processor.py:208} INFO - Processing /home/jonathan-brito/python-projects/airflow/venv/lib/python3.12/site-packages/airflow/example_dags/example_task_group.py took 0.081 seconds
[2025-04-21T22:19:17.063-0300] {processor.py:186} INFO - Started process (PID=133455) to work on /home/jonathan-brito/python-projects/airflow/venv/lib/python3.12/site-packages/airflow/example_dags/example_task_group.py
[2025-04-21T22:19:17.070-0300] {processor.py:914} INFO - Processing file /home/jonathan-brito/python-projects/airflow/venv/lib/python3.12/site-packages/airflow/example_dags/example_task_group.py for tasks to queue
[2025-04-21T22:19:17.071-0300] {logging_mixin.py:190} INFO - [2025-04-21T22:19:17.071-0300] {dagbag.py:588} INFO - Filling up the DagBag from /home/jonathan-brito/python-projects/airflow/venv/lib/python3.12/site-packages/airflow/example_dags/example_task_group.py
[2025-04-21T22:19:17.081-0300] {processor.py:925} INFO - DAG(s) 'example_task_group' retrieved from /home/jonathan-brito/python-projects/airflow/venv/lib/python3.12/site-packages/airflow/example_dags/example_task_group.py
[2025-04-21T22:19:17.102-0300] {logging_mixin.py:190} INFO - [2025-04-21T22:19:17.102-0300] {dag.py:3239} INFO - Sync 1 DAGs
[2025-04-21T22:19:17.120-0300] {logging_mixin.py:190} INFO - [2025-04-21T22:19:17.119-0300] {dag.py:4180} INFO - Setting next_dagrun for example_task_group to None, run_after=None
[2025-04-21T22:19:17.176-0300] {processor.py:208} INFO - Processing /home/jonathan-brito/python-projects/airflow/venv/lib/python3.12/site-packages/airflow/example_dags/example_task_group.py took 0.120 seconds
[2025-04-21T22:20:21.416-0300] {processor.py:186} INFO - Started process (PID=134177) to work on /home/jonathan-brito/python-projects/airflow/venv/lib/python3.12/site-packages/airflow/example_dags/example_task_group.py
[2025-04-21T22:20:21.424-0300] {processor.py:914} INFO - Processing file /home/jonathan-brito/python-projects/airflow/venv/lib/python3.12/site-packages/airflow/example_dags/example_task_group.py for tasks to queue
[2025-04-21T22:20:21.427-0300] {logging_mixin.py:190} INFO - [2025-04-21T22:20:21.426-0300] {dagbag.py:588} INFO - Filling up the DagBag from /home/jonathan-brito/python-projects/airflow/venv/lib/python3.12/site-packages/airflow/example_dags/example_task_group.py
[2025-04-21T22:20:21.435-0300] {processor.py:925} INFO - DAG(s) 'example_task_group' retrieved from /home/jonathan-brito/python-projects/airflow/venv/lib/python3.12/site-packages/airflow/example_dags/example_task_group.py
[2025-04-21T22:20:21.454-0300] {logging_mixin.py:190} INFO - [2025-04-21T22:20:21.454-0300] {dag.py:3239} INFO - Sync 1 DAGs
[2025-04-21T22:20:21.467-0300] {logging_mixin.py:190} INFO - [2025-04-21T22:20:21.466-0300] {dag.py:4180} INFO - Setting next_dagrun for example_task_group to None, run_after=None
[2025-04-21T22:20:21.494-0300] {processor.py:208} INFO - Processing /home/jonathan-brito/python-projects/airflow/venv/lib/python3.12/site-packages/airflow/example_dags/example_task_group.py took 0.086 seconds
[2025-04-22T10:24:15.106-0300] {processor.py:186} INFO - Started process (PID=10803) to work on /home/jonathan-brito/python-projects/airflow/venv/lib/python3.12/site-packages/airflow/example_dags/example_task_group.py
[2025-04-22T10:24:15.113-0300] {processor.py:914} INFO - Processing file /home/jonathan-brito/python-projects/airflow/venv/lib/python3.12/site-packages/airflow/example_dags/example_task_group.py for tasks to queue
[2025-04-22T10:24:15.116-0300] {logging_mixin.py:190} INFO - [2025-04-22T10:24:15.115-0300] {dagbag.py:588} INFO - Filling up the DagBag from /home/jonathan-brito/python-projects/airflow/venv/lib/python3.12/site-packages/airflow/example_dags/example_task_group.py
[2025-04-22T10:24:15.125-0300] {processor.py:925} INFO - DAG(s) 'example_task_group' retrieved from /home/jonathan-brito/python-projects/airflow/venv/lib/python3.12/site-packages/airflow/example_dags/example_task_group.py
[2025-04-22T10:24:15.145-0300] {logging_mixin.py:190} INFO - [2025-04-22T10:24:15.145-0300] {dag.py:3239} INFO - Sync 1 DAGs
[2025-04-22T10:24:15.159-0300] {logging_mixin.py:190} INFO - [2025-04-22T10:24:15.159-0300] {dag.py:4180} INFO - Setting next_dagrun for example_task_group to None, run_after=None
[2025-04-22T10:24:15.190-0300] {processor.py:208} INFO - Processing /home/jonathan-brito/python-projects/airflow/venv/lib/python3.12/site-packages/airflow/example_dags/example_task_group.py took 0.090 seconds
[2025-04-22T10:25:27.605-0300] {processor.py:186} INFO - Started process (PID=11918) to work on /home/jonathan-brito/python-projects/airflow/venv/lib/python3.12/site-packages/airflow/example_dags/example_task_group.py
[2025-04-22T10:25:27.613-0300] {processor.py:914} INFO - Processing file /home/jonathan-brito/python-projects/airflow/venv/lib/python3.12/site-packages/airflow/example_dags/example_task_group.py for tasks to queue
[2025-04-22T10:25:27.617-0300] {logging_mixin.py:190} INFO - [2025-04-22T10:25:27.616-0300] {dagbag.py:588} INFO - Filling up the DagBag from /home/jonathan-brito/python-projects/airflow/venv/lib/python3.12/site-packages/airflow/example_dags/example_task_group.py
[2025-04-22T10:25:27.629-0300] {processor.py:925} INFO - DAG(s) 'example_task_group' retrieved from /home/jonathan-brito/python-projects/airflow/venv/lib/python3.12/site-packages/airflow/example_dags/example_task_group.py
[2025-04-22T10:25:27.647-0300] {logging_mixin.py:190} INFO - [2025-04-22T10:25:27.647-0300] {dag.py:3239} INFO - Sync 1 DAGs
[2025-04-22T10:25:27.660-0300] {logging_mixin.py:190} INFO - [2025-04-22T10:25:27.660-0300] {dag.py:4180} INFO - Setting next_dagrun for example_task_group to None, run_after=None
[2025-04-22T10:25:27.691-0300] {processor.py:208} INFO - Processing /home/jonathan-brito/python-projects/airflow/venv/lib/python3.12/site-packages/airflow/example_dags/example_task_group.py took 0.092 seconds
[2025-04-22T10:27:37.680-0300] {processor.py:186} INFO - Started process (PID=13919) to work on /home/jonathan-brito/python-projects/airflow/venv/lib/python3.12/site-packages/airflow/example_dags/example_task_group.py
[2025-04-22T10:27:37.682-0300] {processor.py:914} INFO - Processing file /home/jonathan-brito/python-projects/airflow/venv/lib/python3.12/site-packages/airflow/example_dags/example_task_group.py for tasks to queue
[2025-04-22T10:27:37.685-0300] {logging_mixin.py:190} INFO - [2025-04-22T10:27:37.684-0300] {dagbag.py:588} INFO - Filling up the DagBag from /home/jonathan-brito/python-projects/airflow/venv/lib/python3.12/site-packages/airflow/example_dags/example_task_group.py
[2025-04-22T10:27:37.700-0300] {processor.py:925} INFO - DAG(s) 'example_task_group' retrieved from /home/jonathan-brito/python-projects/airflow/venv/lib/python3.12/site-packages/airflow/example_dags/example_task_group.py
[2025-04-22T10:27:37.729-0300] {logging_mixin.py:190} INFO - [2025-04-22T10:27:37.729-0300] {dag.py:3239} INFO - Sync 1 DAGs
[2025-04-22T10:27:37.751-0300] {logging_mixin.py:190} INFO - [2025-04-22T10:27:37.750-0300] {dag.py:4180} INFO - Setting next_dagrun for example_task_group to None, run_after=None
[2025-04-22T10:27:37.788-0300] {processor.py:208} INFO - Processing /home/jonathan-brito/python-projects/airflow/venv/lib/python3.12/site-packages/airflow/example_dags/example_task_group.py took 0.117 seconds
[2025-04-22T10:30:25.774-0300] {processor.py:186} INFO - Started process (PID=16103) to work on /home/jonathan-brito/python-projects/airflow/venv/lib/python3.12/site-packages/airflow/example_dags/example_task_group.py
[2025-04-22T10:30:25.776-0300] {processor.py:914} INFO - Processing file /home/jonathan-brito/python-projects/airflow/venv/lib/python3.12/site-packages/airflow/example_dags/example_task_group.py for tasks to queue
[2025-04-22T10:30:25.779-0300] {logging_mixin.py:190} INFO - [2025-04-22T10:30:25.778-0300] {dagbag.py:588} INFO - Filling up the DagBag from /home/jonathan-brito/python-projects/airflow/venv/lib/python3.12/site-packages/airflow/example_dags/example_task_group.py
[2025-04-22T10:30:25.792-0300] {processor.py:925} INFO - DAG(s) 'example_task_group' retrieved from /home/jonathan-brito/python-projects/airflow/venv/lib/python3.12/site-packages/airflow/example_dags/example_task_group.py
[2025-04-22T10:30:25.822-0300] {logging_mixin.py:190} INFO - [2025-04-22T10:30:25.822-0300] {dag.py:3239} INFO - Sync 1 DAGs
[2025-04-22T10:30:25.841-0300] {logging_mixin.py:190} INFO - [2025-04-22T10:30:25.840-0300] {dag.py:4180} INFO - Setting next_dagrun for example_task_group to None, run_after=None
[2025-04-22T10:30:25.879-0300] {processor.py:208} INFO - Processing /home/jonathan-brito/python-projects/airflow/venv/lib/python3.12/site-packages/airflow/example_dags/example_task_group.py took 0.112 seconds
[2025-04-22T10:31:16.242-0300] {processor.py:186} INFO - Started process (PID=16673) to work on /home/jonathan-brito/python-projects/airflow/venv/lib/python3.12/site-packages/airflow/example_dags/example_task_group.py
[2025-04-22T10:31:16.243-0300] {processor.py:914} INFO - Processing file /home/jonathan-brito/python-projects/airflow/venv/lib/python3.12/site-packages/airflow/example_dags/example_task_group.py for tasks to queue
[2025-04-22T10:31:16.245-0300] {logging_mixin.py:190} INFO - [2025-04-22T10:31:16.244-0300] {dagbag.py:588} INFO - Filling up the DagBag from /home/jonathan-brito/python-projects/airflow/venv/lib/python3.12/site-packages/airflow/example_dags/example_task_group.py
[2025-04-22T10:31:16.255-0300] {processor.py:925} INFO - DAG(s) 'example_task_group' retrieved from /home/jonathan-brito/python-projects/airflow/venv/lib/python3.12/site-packages/airflow/example_dags/example_task_group.py
[2025-04-22T10:31:16.275-0300] {logging_mixin.py:190} INFO - [2025-04-22T10:31:16.275-0300] {dag.py:3239} INFO - Sync 1 DAGs
[2025-04-22T10:31:16.291-0300] {logging_mixin.py:190} INFO - [2025-04-22T10:31:16.291-0300] {dag.py:4180} INFO - Setting next_dagrun for example_task_group to None, run_after=None
[2025-04-22T10:31:16.377-0300] {processor.py:208} INFO - Processing /home/jonathan-brito/python-projects/airflow/venv/lib/python3.12/site-packages/airflow/example_dags/example_task_group.py took 0.141 seconds
[2025-04-22T11:08:05.052-0300] {processor.py:186} INFO - Started process (PID=49620) to work on /home/jonathan-brito/python-projects/airflow/venv/lib/python3.12/site-packages/airflow/example_dags/example_task_group.py
[2025-04-22T11:08:05.054-0300] {processor.py:914} INFO - Processing file /home/jonathan-brito/python-projects/airflow/venv/lib/python3.12/site-packages/airflow/example_dags/example_task_group.py for tasks to queue
[2025-04-22T11:08:05.056-0300] {logging_mixin.py:190} INFO - [2025-04-22T11:08:05.055-0300] {dagbag.py:588} INFO - Filling up the DagBag from /home/jonathan-brito/python-projects/airflow/venv/lib/python3.12/site-packages/airflow/example_dags/example_task_group.py
[2025-04-22T11:08:05.066-0300] {processor.py:925} INFO - DAG(s) 'example_task_group' retrieved from /home/jonathan-brito/python-projects/airflow/venv/lib/python3.12/site-packages/airflow/example_dags/example_task_group.py
[2025-04-22T11:08:05.086-0300] {logging_mixin.py:190} INFO - [2025-04-22T11:08:05.086-0300] {dag.py:3239} INFO - Sync 1 DAGs
[2025-04-22T11:08:05.099-0300] {logging_mixin.py:190} INFO - [2025-04-22T11:08:05.099-0300] {dag.py:4180} INFO - Setting next_dagrun for example_task_group to None, run_after=None
[2025-04-22T11:08:05.130-0300] {processor.py:208} INFO - Processing /home/jonathan-brito/python-projects/airflow/venv/lib/python3.12/site-packages/airflow/example_dags/example_task_group.py took 0.088 seconds
[2025-04-22T11:09:04.907-0300] {processor.py:186} INFO - Started process (PID=50003) to work on /home/jonathan-brito/python-projects/airflow/venv/lib/python3.12/site-packages/airflow/example_dags/example_task_group.py
[2025-04-22T11:09:04.914-0300] {processor.py:914} INFO - Processing file /home/jonathan-brito/python-projects/airflow/venv/lib/python3.12/site-packages/airflow/example_dags/example_task_group.py for tasks to queue
[2025-04-22T11:09:04.916-0300] {logging_mixin.py:190} INFO - [2025-04-22T11:09:04.915-0300] {dagbag.py:588} INFO - Filling up the DagBag from /home/jonathan-brito/python-projects/airflow/venv/lib/python3.12/site-packages/airflow/example_dags/example_task_group.py
[2025-04-22T11:09:04.924-0300] {processor.py:925} INFO - DAG(s) 'example_task_group' retrieved from /home/jonathan-brito/python-projects/airflow/venv/lib/python3.12/site-packages/airflow/example_dags/example_task_group.py
[2025-04-22T11:09:04.942-0300] {logging_mixin.py:190} INFO - [2025-04-22T11:09:04.941-0300] {dag.py:3239} INFO - Sync 1 DAGs
[2025-04-22T11:09:04.954-0300] {logging_mixin.py:190} INFO - [2025-04-22T11:09:04.954-0300] {dag.py:4180} INFO - Setting next_dagrun for example_task_group to None, run_after=None
[2025-04-22T11:09:04.986-0300] {processor.py:208} INFO - Processing /home/jonathan-brito/python-projects/airflow/venv/lib/python3.12/site-packages/airflow/example_dags/example_task_group.py took 0.085 seconds
[2025-04-22T11:10:03.635-0300] {processor.py:186} INFO - Started process (PID=50523) to work on /home/jonathan-brito/python-projects/airflow/venv/lib/python3.12/site-packages/airflow/example_dags/example_task_group.py
[2025-04-22T11:10:03.636-0300] {processor.py:914} INFO - Processing file /home/jonathan-brito/python-projects/airflow/venv/lib/python3.12/site-packages/airflow/example_dags/example_task_group.py for tasks to queue
[2025-04-22T11:10:03.637-0300] {logging_mixin.py:190} INFO - [2025-04-22T11:10:03.637-0300] {dagbag.py:588} INFO - Filling up the DagBag from /home/jonathan-brito/python-projects/airflow/venv/lib/python3.12/site-packages/airflow/example_dags/example_task_group.py
[2025-04-22T11:10:03.645-0300] {processor.py:925} INFO - DAG(s) 'example_task_group' retrieved from /home/jonathan-brito/python-projects/airflow/venv/lib/python3.12/site-packages/airflow/example_dags/example_task_group.py
[2025-04-22T11:10:03.665-0300] {logging_mixin.py:190} INFO - [2025-04-22T11:10:03.665-0300] {dag.py:3239} INFO - Sync 1 DAGs
[2025-04-22T11:10:03.678-0300] {logging_mixin.py:190} INFO - [2025-04-22T11:10:03.678-0300] {dag.py:4180} INFO - Setting next_dagrun for example_task_group to None, run_after=None
[2025-04-22T11:10:03.709-0300] {processor.py:208} INFO - Processing /home/jonathan-brito/python-projects/airflow/venv/lib/python3.12/site-packages/airflow/example_dags/example_task_group.py took 0.080 seconds
[2025-04-22T11:11:05.928-0300] {processor.py:186} INFO - Started process (PID=50939) to work on /home/jonathan-brito/python-projects/airflow/venv/lib/python3.12/site-packages/airflow/example_dags/example_task_group.py
[2025-04-22T11:11:05.935-0300] {processor.py:914} INFO - Processing file /home/jonathan-brito/python-projects/airflow/venv/lib/python3.12/site-packages/airflow/example_dags/example_task_group.py for tasks to queue
[2025-04-22T11:11:05.937-0300] {logging_mixin.py:190} INFO - [2025-04-22T11:11:05.937-0300] {dagbag.py:588} INFO - Filling up the DagBag from /home/jonathan-brito/python-projects/airflow/venv/lib/python3.12/site-packages/airflow/example_dags/example_task_group.py
[2025-04-22T11:11:05.953-0300] {processor.py:925} INFO - DAG(s) 'example_task_group' retrieved from /home/jonathan-brito/python-projects/airflow/venv/lib/python3.12/site-packages/airflow/example_dags/example_task_group.py
[2025-04-22T11:11:05.979-0300] {logging_mixin.py:190} INFO - [2025-04-22T11:11:05.978-0300] {dag.py:3239} INFO - Sync 1 DAGs
[2025-04-22T11:11:05.993-0300] {logging_mixin.py:190} INFO - [2025-04-22T11:11:05.992-0300] {dag.py:4180} INFO - Setting next_dagrun for example_task_group to None, run_after=None
[2025-04-22T11:11:06.050-0300] {processor.py:208} INFO - Processing /home/jonathan-brito/python-projects/airflow/venv/lib/python3.12/site-packages/airflow/example_dags/example_task_group.py took 0.133 seconds
