[2025-04-21T21:23:47.040-0300] {processor.py:186} INFO - Started process (PID=70648) to work on /home/jonathan-brito/python-projects/airflow/venv/lib/python3.12/site-packages/airflow/example_dags/example_python_decorator.py
[2025-04-21T21:23:47.041-0300] {processor.py:914} INFO - Processing file /home/jonathan-brito/python-projects/airflow/venv/lib/python3.12/site-packages/airflow/example_dags/example_python_decorator.py for tasks to queue
[2025-04-21T21:23:47.043-0300] {logging_mixin.py:190} INFO - [2025-04-21T21:23:47.043-0300] {dagbag.py:588} INFO - Filling up the DagBag from /home/jonathan-brito/python-projects/airflow/venv/lib/python3.12/site-packages/airflow/example_dags/example_python_decorator.py
[2025-04-21T21:23:47.055-0300] {logging_mixin.py:190} INFO - [2025-04-21T21:23:47.055-0300] {example_python_decorator.py:80} WARNING - The virtalenv_python example task requires virtualenv, please install it.
[2025-04-21T21:23:47.058-0300] {processor.py:925} INFO - DAG(s) 'example_python_decorator' retrieved from /home/jonathan-brito/python-projects/airflow/venv/lib/python3.12/site-packages/airflow/example_dags/example_python_decorator.py
[2025-04-21T21:23:47.080-0300] {logging_mixin.py:190} INFO - [2025-04-21T21:23:47.080-0300] {dag.py:3239} INFO - Sync 1 DAGs
[2025-04-21T21:23:47.095-0300] {logging_mixin.py:190} INFO - [2025-04-21T21:23:47.095-0300] {dag.py:4180} INFO - Setting next_dagrun for example_python_decorator to None, run_after=None
[2025-04-21T21:23:47.153-0300] {processor.py:208} INFO - Processing /home/jonathan-brito/python-projects/airflow/venv/lib/python3.12/site-packages/airflow/example_dags/example_python_decorator.py took 0.119 seconds
[2025-04-21T22:10:04.810-0300] {processor.py:186} INFO - Started process (PID=127221) to work on /home/jonathan-brito/python-projects/airflow/venv/lib/python3.12/site-packages/airflow/example_dags/example_python_decorator.py
[2025-04-21T22:10:04.818-0300] {processor.py:914} INFO - Processing file /home/jonathan-brito/python-projects/airflow/venv/lib/python3.12/site-packages/airflow/example_dags/example_python_decorator.py for tasks to queue
[2025-04-21T22:10:04.819-0300] {logging_mixin.py:190} INFO - [2025-04-21T22:10:04.819-0300] {dagbag.py:588} INFO - Filling up the DagBag from /home/jonathan-brito/python-projects/airflow/venv/lib/python3.12/site-packages/airflow/example_dags/example_python_decorator.py
[2025-04-21T22:10:04.830-0300] {logging_mixin.py:190} INFO - [2025-04-21T22:10:04.830-0300] {example_python_decorator.py:80} WARNING - The virtalenv_python example task requires virtualenv, please install it.
[2025-04-21T22:10:04.830-0300] {processor.py:925} INFO - DAG(s) 'example_python_decorator' retrieved from /home/jonathan-brito/python-projects/airflow/venv/lib/python3.12/site-packages/airflow/example_dags/example_python_decorator.py
[2025-04-21T22:10:04.851-0300] {logging_mixin.py:190} INFO - [2025-04-21T22:10:04.851-0300] {dag.py:3239} INFO - Sync 1 DAGs
[2025-04-21T22:10:04.865-0300] {logging_mixin.py:190} INFO - [2025-04-21T22:10:04.864-0300] {dag.py:4180} INFO - Setting next_dagrun for example_python_decorator to None, run_after=None
[2025-04-21T22:10:04.896-0300] {processor.py:208} INFO - Processing /home/jonathan-brito/python-projects/airflow/venv/lib/python3.12/site-packages/airflow/example_dags/example_python_decorator.py took 0.104 seconds
[2025-04-21T22:11:11.231-0300] {processor.py:186} INFO - Started process (PID=128225) to work on /home/jonathan-brito/python-projects/airflow/venv/lib/python3.12/site-packages/airflow/example_dags/example_python_decorator.py
[2025-04-21T22:11:11.238-0300] {processor.py:914} INFO - Processing file /home/jonathan-brito/python-projects/airflow/venv/lib/python3.12/site-packages/airflow/example_dags/example_python_decorator.py for tasks to queue
[2025-04-21T22:11:11.239-0300] {logging_mixin.py:190} INFO - [2025-04-21T22:11:11.239-0300] {dagbag.py:588} INFO - Filling up the DagBag from /home/jonathan-brito/python-projects/airflow/venv/lib/python3.12/site-packages/airflow/example_dags/example_python_decorator.py
[2025-04-21T22:11:11.249-0300] {logging_mixin.py:190} INFO - [2025-04-21T22:11:11.249-0300] {example_python_decorator.py:80} WARNING - The virtalenv_python example task requires virtualenv, please install it.
[2025-04-21T22:11:11.250-0300] {processor.py:925} INFO - DAG(s) 'example_python_decorator' retrieved from /home/jonathan-brito/python-projects/airflow/venv/lib/python3.12/site-packages/airflow/example_dags/example_python_decorator.py
[2025-04-21T22:11:11.268-0300] {logging_mixin.py:190} INFO - [2025-04-21T22:11:11.268-0300] {dag.py:3239} INFO - Sync 1 DAGs
[2025-04-21T22:11:11.284-0300] {logging_mixin.py:190} INFO - [2025-04-21T22:11:11.283-0300] {dag.py:4180} INFO - Setting next_dagrun for example_python_decorator to None, run_after=None
[2025-04-21T22:11:11.307-0300] {processor.py:208} INFO - Processing /home/jonathan-brito/python-projects/airflow/venv/lib/python3.12/site-packages/airflow/example_dags/example_python_decorator.py took 0.082 seconds
[2025-04-21T22:12:13.489-0300] {processor.py:186} INFO - Started process (PID=128923) to work on /home/jonathan-brito/python-projects/airflow/venv/lib/python3.12/site-packages/airflow/example_dags/example_python_decorator.py
[2025-04-21T22:12:13.496-0300] {processor.py:914} INFO - Processing file /home/jonathan-brito/python-projects/airflow/venv/lib/python3.12/site-packages/airflow/example_dags/example_python_decorator.py for tasks to queue
[2025-04-21T22:12:13.497-0300] {logging_mixin.py:190} INFO - [2025-04-21T22:12:13.497-0300] {dagbag.py:588} INFO - Filling up the DagBag from /home/jonathan-brito/python-projects/airflow/venv/lib/python3.12/site-packages/airflow/example_dags/example_python_decorator.py
[2025-04-21T22:12:13.506-0300] {logging_mixin.py:190} INFO - [2025-04-21T22:12:13.506-0300] {example_python_decorator.py:80} WARNING - The virtalenv_python example task requires virtualenv, please install it.
[2025-04-21T22:12:13.507-0300] {processor.py:925} INFO - DAG(s) 'example_python_decorator' retrieved from /home/jonathan-brito/python-projects/airflow/venv/lib/python3.12/site-packages/airflow/example_dags/example_python_decorator.py
[2025-04-21T22:12:13.525-0300] {logging_mixin.py:190} INFO - [2025-04-21T22:12:13.524-0300] {dag.py:3239} INFO - Sync 1 DAGs
[2025-04-21T22:12:13.538-0300] {logging_mixin.py:190} INFO - [2025-04-21T22:12:13.537-0300] {dag.py:4180} INFO - Setting next_dagrun for example_python_decorator to None, run_after=None
[2025-04-21T22:12:13.560-0300] {processor.py:208} INFO - Processing /home/jonathan-brito/python-projects/airflow/venv/lib/python3.12/site-packages/airflow/example_dags/example_python_decorator.py took 0.076 seconds
[2025-04-21T22:13:17.396-0300] {processor.py:186} INFO - Started process (PID=129562) to work on /home/jonathan-brito/python-projects/airflow/venv/lib/python3.12/site-packages/airflow/example_dags/example_python_decorator.py
[2025-04-21T22:13:17.403-0300] {processor.py:914} INFO - Processing file /home/jonathan-brito/python-projects/airflow/venv/lib/python3.12/site-packages/airflow/example_dags/example_python_decorator.py for tasks to queue
[2025-04-21T22:13:17.405-0300] {logging_mixin.py:190} INFO - [2025-04-21T22:13:17.404-0300] {dagbag.py:588} INFO - Filling up the DagBag from /home/jonathan-brito/python-projects/airflow/venv/lib/python3.12/site-packages/airflow/example_dags/example_python_decorator.py
[2025-04-21T22:13:17.414-0300] {logging_mixin.py:190} INFO - [2025-04-21T22:13:17.414-0300] {example_python_decorator.py:80} WARNING - The virtalenv_python example task requires virtualenv, please install it.
[2025-04-21T22:13:17.415-0300] {processor.py:925} INFO - DAG(s) 'example_python_decorator' retrieved from /home/jonathan-brito/python-projects/airflow/venv/lib/python3.12/site-packages/airflow/example_dags/example_python_decorator.py
[2025-04-21T22:13:17.433-0300] {logging_mixin.py:190} INFO - [2025-04-21T22:13:17.433-0300] {dag.py:3239} INFO - Sync 1 DAGs
[2025-04-21T22:13:17.449-0300] {logging_mixin.py:190} INFO - [2025-04-21T22:13:17.449-0300] {dag.py:4180} INFO - Setting next_dagrun for example_python_decorator to None, run_after=None
[2025-04-21T22:13:17.489-0300] {processor.py:208} INFO - Processing /home/jonathan-brito/python-projects/airflow/venv/lib/python3.12/site-packages/airflow/example_dags/example_python_decorator.py took 0.100 seconds
[2025-04-21T22:14:18.802-0300] {processor.py:186} INFO - Started process (PID=130309) to work on /home/jonathan-brito/python-projects/airflow/venv/lib/python3.12/site-packages/airflow/example_dags/example_python_decorator.py
[2025-04-21T22:14:18.810-0300] {processor.py:914} INFO - Processing file /home/jonathan-brito/python-projects/airflow/venv/lib/python3.12/site-packages/airflow/example_dags/example_python_decorator.py for tasks to queue
[2025-04-21T22:14:18.813-0300] {logging_mixin.py:190} INFO - [2025-04-21T22:14:18.812-0300] {dagbag.py:588} INFO - Filling up the DagBag from /home/jonathan-brito/python-projects/airflow/venv/lib/python3.12/site-packages/airflow/example_dags/example_python_decorator.py
[2025-04-21T22:14:18.834-0300] {logging_mixin.py:190} INFO - [2025-04-21T22:14:18.833-0300] {example_python_decorator.py:80} WARNING - The virtalenv_python example task requires virtualenv, please install it.
[2025-04-21T22:14:18.834-0300] {processor.py:925} INFO - DAG(s) 'example_python_decorator' retrieved from /home/jonathan-brito/python-projects/airflow/venv/lib/python3.12/site-packages/airflow/example_dags/example_python_decorator.py
[2025-04-21T22:14:18.855-0300] {logging_mixin.py:190} INFO - [2025-04-21T22:14:18.854-0300] {dag.py:3239} INFO - Sync 1 DAGs
[2025-04-21T22:14:18.867-0300] {logging_mixin.py:190} INFO - [2025-04-21T22:14:18.866-0300] {dag.py:4180} INFO - Setting next_dagrun for example_python_decorator to None, run_after=None
[2025-04-21T22:14:18.890-0300] {processor.py:208} INFO - Processing /home/jonathan-brito/python-projects/airflow/venv/lib/python3.12/site-packages/airflow/example_dags/example_python_decorator.py took 0.094 seconds
[2025-04-21T22:15:21.295-0300] {processor.py:186} INFO - Started process (PID=131001) to work on /home/jonathan-brito/python-projects/airflow/venv/lib/python3.12/site-packages/airflow/example_dags/example_python_decorator.py
[2025-04-21T22:15:21.303-0300] {processor.py:914} INFO - Processing file /home/jonathan-brito/python-projects/airflow/venv/lib/python3.12/site-packages/airflow/example_dags/example_python_decorator.py for tasks to queue
[2025-04-21T22:15:21.305-0300] {logging_mixin.py:190} INFO - [2025-04-21T22:15:21.304-0300] {dagbag.py:588} INFO - Filling up the DagBag from /home/jonathan-brito/python-projects/airflow/venv/lib/python3.12/site-packages/airflow/example_dags/example_python_decorator.py
[2025-04-21T22:15:21.316-0300] {logging_mixin.py:190} INFO - [2025-04-21T22:15:21.316-0300] {example_python_decorator.py:80} WARNING - The virtalenv_python example task requires virtualenv, please install it.
[2025-04-21T22:15:21.317-0300] {processor.py:925} INFO - DAG(s) 'example_python_decorator' retrieved from /home/jonathan-brito/python-projects/airflow/venv/lib/python3.12/site-packages/airflow/example_dags/example_python_decorator.py
[2025-04-21T22:15:21.339-0300] {logging_mixin.py:190} INFO - [2025-04-21T22:15:21.338-0300] {dag.py:3239} INFO - Sync 1 DAGs
[2025-04-21T22:15:21.354-0300] {logging_mixin.py:190} INFO - [2025-04-21T22:15:21.353-0300] {dag.py:4180} INFO - Setting next_dagrun for example_python_decorator to None, run_after=None
[2025-04-21T22:15:21.392-0300] {processor.py:208} INFO - Processing /home/jonathan-brito/python-projects/airflow/venv/lib/python3.12/site-packages/airflow/example_dags/example_python_decorator.py took 0.108 seconds
[2025-04-21T22:16:23.563-0300] {processor.py:186} INFO - Started process (PID=131633) to work on /home/jonathan-brito/python-projects/airflow/venv/lib/python3.12/site-packages/airflow/example_dags/example_python_decorator.py
[2025-04-21T22:16:23.570-0300] {processor.py:914} INFO - Processing file /home/jonathan-brito/python-projects/airflow/venv/lib/python3.12/site-packages/airflow/example_dags/example_python_decorator.py for tasks to queue
[2025-04-21T22:16:23.571-0300] {logging_mixin.py:190} INFO - [2025-04-21T22:16:23.571-0300] {dagbag.py:588} INFO - Filling up the DagBag from /home/jonathan-brito/python-projects/airflow/venv/lib/python3.12/site-packages/airflow/example_dags/example_python_decorator.py
[2025-04-21T22:16:23.580-0300] {logging_mixin.py:190} INFO - [2025-04-21T22:16:23.580-0300] {example_python_decorator.py:80} WARNING - The virtalenv_python example task requires virtualenv, please install it.
[2025-04-21T22:16:23.581-0300] {processor.py:925} INFO - DAG(s) 'example_python_decorator' retrieved from /home/jonathan-brito/python-projects/airflow/venv/lib/python3.12/site-packages/airflow/example_dags/example_python_decorator.py
[2025-04-21T22:16:23.599-0300] {logging_mixin.py:190} INFO - [2025-04-21T22:16:23.598-0300] {dag.py:3239} INFO - Sync 1 DAGs
[2025-04-21T22:16:23.611-0300] {logging_mixin.py:190} INFO - [2025-04-21T22:16:23.611-0300] {dag.py:4180} INFO - Setting next_dagrun for example_python_decorator to None, run_after=None
[2025-04-21T22:16:23.642-0300] {processor.py:208} INFO - Processing /home/jonathan-brito/python-projects/airflow/venv/lib/python3.12/site-packages/airflow/example_dags/example_python_decorator.py took 0.085 seconds
[2025-04-21T22:17:26.752-0300] {processor.py:186} INFO - Started process (PID=132284) to work on /home/jonathan-brito/python-projects/airflow/venv/lib/python3.12/site-packages/airflow/example_dags/example_python_decorator.py
[2025-04-21T22:17:26.759-0300] {processor.py:914} INFO - Processing file /home/jonathan-brito/python-projects/airflow/venv/lib/python3.12/site-packages/airflow/example_dags/example_python_decorator.py for tasks to queue
[2025-04-21T22:17:26.760-0300] {logging_mixin.py:190} INFO - [2025-04-21T22:17:26.760-0300] {dagbag.py:588} INFO - Filling up the DagBag from /home/jonathan-brito/python-projects/airflow/venv/lib/python3.12/site-packages/airflow/example_dags/example_python_decorator.py
[2025-04-21T22:17:26.772-0300] {logging_mixin.py:190} INFO - [2025-04-21T22:17:26.772-0300] {example_python_decorator.py:80} WARNING - The virtalenv_python example task requires virtualenv, please install it.
[2025-04-21T22:17:26.773-0300] {processor.py:925} INFO - DAG(s) 'example_python_decorator' retrieved from /home/jonathan-brito/python-projects/airflow/venv/lib/python3.12/site-packages/airflow/example_dags/example_python_decorator.py
[2025-04-21T22:17:26.791-0300] {logging_mixin.py:190} INFO - [2025-04-21T22:17:26.791-0300] {dag.py:3239} INFO - Sync 1 DAGs
[2025-04-21T22:17:26.804-0300] {logging_mixin.py:190} INFO - [2025-04-21T22:17:26.804-0300] {dag.py:4180} INFO - Setting next_dagrun for example_python_decorator to None, run_after=None
[2025-04-21T22:17:26.826-0300] {processor.py:208} INFO - Processing /home/jonathan-brito/python-projects/airflow/venv/lib/python3.12/site-packages/airflow/example_dags/example_python_decorator.py took 0.085 seconds
[2025-04-21T22:18:28.471-0300] {processor.py:186} INFO - Started process (PID=132967) to work on /home/jonathan-brito/python-projects/airflow/venv/lib/python3.12/site-packages/airflow/example_dags/example_python_decorator.py
[2025-04-21T22:18:28.479-0300] {processor.py:914} INFO - Processing file /home/jonathan-brito/python-projects/airflow/venv/lib/python3.12/site-packages/airflow/example_dags/example_python_decorator.py for tasks to queue
[2025-04-21T22:18:28.485-0300] {logging_mixin.py:190} INFO - [2025-04-21T22:18:28.483-0300] {dagbag.py:588} INFO - Filling up the DagBag from /home/jonathan-brito/python-projects/airflow/venv/lib/python3.12/site-packages/airflow/example_dags/example_python_decorator.py
[2025-04-21T22:18:28.511-0300] {logging_mixin.py:190} INFO - [2025-04-21T22:18:28.511-0300] {example_python_decorator.py:80} WARNING - The virtalenv_python example task requires virtualenv, please install it.
[2025-04-21T22:18:28.512-0300] {processor.py:925} INFO - DAG(s) 'example_python_decorator' retrieved from /home/jonathan-brito/python-projects/airflow/venv/lib/python3.12/site-packages/airflow/example_dags/example_python_decorator.py
[2025-04-21T22:18:28.533-0300] {logging_mixin.py:190} INFO - [2025-04-21T22:18:28.533-0300] {dag.py:3239} INFO - Sync 1 DAGs
[2025-04-21T22:18:28.545-0300] {logging_mixin.py:190} INFO - [2025-04-21T22:18:28.545-0300] {dag.py:4180} INFO - Setting next_dagrun for example_python_decorator to None, run_after=None
[2025-04-21T22:18:28.572-0300] {processor.py:208} INFO - Processing /home/jonathan-brito/python-projects/airflow/venv/lib/python3.12/site-packages/airflow/example_dags/example_python_decorator.py took 0.122 seconds
[2025-04-21T22:19:31.232-0300] {processor.py:186} INFO - Started process (PID=133657) to work on /home/jonathan-brito/python-projects/airflow/venv/lib/python3.12/site-packages/airflow/example_dags/example_python_decorator.py
[2025-04-21T22:19:31.233-0300] {processor.py:914} INFO - Processing file /home/jonathan-brito/python-projects/airflow/venv/lib/python3.12/site-packages/airflow/example_dags/example_python_decorator.py for tasks to queue
[2025-04-21T22:19:31.235-0300] {logging_mixin.py:190} INFO - [2025-04-21T22:19:31.234-0300] {dagbag.py:588} INFO - Filling up the DagBag from /home/jonathan-brito/python-projects/airflow/venv/lib/python3.12/site-packages/airflow/example_dags/example_python_decorator.py
[2025-04-21T22:19:31.246-0300] {logging_mixin.py:190} INFO - [2025-04-21T22:19:31.246-0300] {example_python_decorator.py:80} WARNING - The virtalenv_python example task requires virtualenv, please install it.
[2025-04-21T22:19:31.247-0300] {processor.py:925} INFO - DAG(s) 'example_python_decorator' retrieved from /home/jonathan-brito/python-projects/airflow/venv/lib/python3.12/site-packages/airflow/example_dags/example_python_decorator.py
[2025-04-21T22:19:31.266-0300] {logging_mixin.py:190} INFO - [2025-04-21T22:19:31.266-0300] {dag.py:3239} INFO - Sync 1 DAGs
[2025-04-21T22:19:31.280-0300] {logging_mixin.py:190} INFO - [2025-04-21T22:19:31.280-0300] {dag.py:4180} INFO - Setting next_dagrun for example_python_decorator to None, run_after=None
[2025-04-21T22:19:31.320-0300] {processor.py:208} INFO - Processing /home/jonathan-brito/python-projects/airflow/venv/lib/python3.12/site-packages/airflow/example_dags/example_python_decorator.py took 0.097 seconds
[2025-04-21T22:20:36.267-0300] {processor.py:186} INFO - Started process (PID=134385) to work on /home/jonathan-brito/python-projects/airflow/venv/lib/python3.12/site-packages/airflow/example_dags/example_python_decorator.py
[2025-04-21T22:20:36.274-0300] {processor.py:914} INFO - Processing file /home/jonathan-brito/python-projects/airflow/venv/lib/python3.12/site-packages/airflow/example_dags/example_python_decorator.py for tasks to queue
[2025-04-21T22:20:36.275-0300] {logging_mixin.py:190} INFO - [2025-04-21T22:20:36.275-0300] {dagbag.py:588} INFO - Filling up the DagBag from /home/jonathan-brito/python-projects/airflow/venv/lib/python3.12/site-packages/airflow/example_dags/example_python_decorator.py
[2025-04-21T22:20:36.284-0300] {logging_mixin.py:190} INFO - [2025-04-21T22:20:36.284-0300] {example_python_decorator.py:80} WARNING - The virtalenv_python example task requires virtualenv, please install it.
[2025-04-21T22:20:36.285-0300] {processor.py:925} INFO - DAG(s) 'example_python_decorator' retrieved from /home/jonathan-brito/python-projects/airflow/venv/lib/python3.12/site-packages/airflow/example_dags/example_python_decorator.py
[2025-04-21T22:20:36.302-0300] {logging_mixin.py:190} INFO - [2025-04-21T22:20:36.302-0300] {dag.py:3239} INFO - Sync 1 DAGs
[2025-04-21T22:20:36.314-0300] {logging_mixin.py:190} INFO - [2025-04-21T22:20:36.313-0300] {dag.py:4180} INFO - Setting next_dagrun for example_python_decorator to None, run_after=None
[2025-04-21T22:20:36.336-0300] {processor.py:208} INFO - Processing /home/jonathan-brito/python-projects/airflow/venv/lib/python3.12/site-packages/airflow/example_dags/example_python_decorator.py took 0.075 seconds
[2025-04-22T10:24:35.147-0300] {processor.py:186} INFO - Started process (PID=11153) to work on /home/jonathan-brito/python-projects/airflow/venv/lib/python3.12/site-packages/airflow/example_dags/example_python_decorator.py
[2025-04-22T10:24:35.157-0300] {processor.py:914} INFO - Processing file /home/jonathan-brito/python-projects/airflow/venv/lib/python3.12/site-packages/airflow/example_dags/example_python_decorator.py for tasks to queue
[2025-04-22T10:24:35.164-0300] {logging_mixin.py:190} INFO - [2025-04-22T10:24:35.163-0300] {dagbag.py:588} INFO - Filling up the DagBag from /home/jonathan-brito/python-projects/airflow/venv/lib/python3.12/site-packages/airflow/example_dags/example_python_decorator.py
[2025-04-22T10:24:35.203-0300] {logging_mixin.py:190} INFO - [2025-04-22T10:24:35.203-0300] {example_python_decorator.py:80} WARNING - The virtalenv_python example task requires virtualenv, please install it.
[2025-04-22T10:24:35.209-0300] {processor.py:925} INFO - DAG(s) 'example_python_decorator' retrieved from /home/jonathan-brito/python-projects/airflow/venv/lib/python3.12/site-packages/airflow/example_dags/example_python_decorator.py
[2025-04-22T10:24:35.236-0300] {logging_mixin.py:190} INFO - [2025-04-22T10:24:35.236-0300] {dag.py:3239} INFO - Sync 1 DAGs
[2025-04-22T10:24:35.252-0300] {logging_mixin.py:190} INFO - [2025-04-22T10:24:35.252-0300] {dag.py:4180} INFO - Setting next_dagrun for example_python_decorator to None, run_after=None
[2025-04-22T10:24:35.279-0300] {processor.py:208} INFO - Processing /home/jonathan-brito/python-projects/airflow/venv/lib/python3.12/site-packages/airflow/example_dags/example_python_decorator.py took 0.153 seconds
[2025-04-22T10:25:40.631-0300] {processor.py:186} INFO - Started process (PID=11998) to work on /home/jonathan-brito/python-projects/airflow/venv/lib/python3.12/site-packages/airflow/example_dags/example_python_decorator.py
[2025-04-22T10:25:40.638-0300] {processor.py:914} INFO - Processing file /home/jonathan-brito/python-projects/airflow/venv/lib/python3.12/site-packages/airflow/example_dags/example_python_decorator.py for tasks to queue
[2025-04-22T10:25:40.641-0300] {logging_mixin.py:190} INFO - [2025-04-22T10:25:40.640-0300] {dagbag.py:588} INFO - Filling up the DagBag from /home/jonathan-brito/python-projects/airflow/venv/lib/python3.12/site-packages/airflow/example_dags/example_python_decorator.py
[2025-04-22T10:25:40.654-0300] {logging_mixin.py:190} INFO - [2025-04-22T10:25:40.654-0300] {example_python_decorator.py:80} WARNING - The virtalenv_python example task requires virtualenv, please install it.
[2025-04-22T10:25:40.658-0300] {processor.py:925} INFO - DAG(s) 'example_python_decorator' retrieved from /home/jonathan-brito/python-projects/airflow/venv/lib/python3.12/site-packages/airflow/example_dags/example_python_decorator.py
[2025-04-22T10:25:40.675-0300] {logging_mixin.py:190} INFO - [2025-04-22T10:25:40.675-0300] {dag.py:3239} INFO - Sync 1 DAGs
[2025-04-22T10:25:40.690-0300] {logging_mixin.py:190} INFO - [2025-04-22T10:25:40.689-0300] {dag.py:4180} INFO - Setting next_dagrun for example_python_decorator to None, run_after=None
[2025-04-22T10:25:40.726-0300] {processor.py:208} INFO - Processing /home/jonathan-brito/python-projects/airflow/venv/lib/python3.12/site-packages/airflow/example_dags/example_python_decorator.py took 0.103 seconds
[2025-04-22T10:27:51.071-0300] {processor.py:186} INFO - Started process (PID=14127) to work on /home/jonathan-brito/python-projects/airflow/venv/lib/python3.12/site-packages/airflow/example_dags/example_python_decorator.py
[2025-04-22T10:27:51.078-0300] {processor.py:914} INFO - Processing file /home/jonathan-brito/python-projects/airflow/venv/lib/python3.12/site-packages/airflow/example_dags/example_python_decorator.py for tasks to queue
[2025-04-22T10:27:51.080-0300] {logging_mixin.py:190} INFO - [2025-04-22T10:27:51.079-0300] {dagbag.py:588} INFO - Filling up the DagBag from /home/jonathan-brito/python-projects/airflow/venv/lib/python3.12/site-packages/airflow/example_dags/example_python_decorator.py
[2025-04-22T10:27:51.090-0300] {logging_mixin.py:190} INFO - [2025-04-22T10:27:51.090-0300] {example_python_decorator.py:80} WARNING - The virtalenv_python example task requires virtualenv, please install it.
[2025-04-22T10:27:51.093-0300] {processor.py:925} INFO - DAG(s) 'example_python_decorator' retrieved from /home/jonathan-brito/python-projects/airflow/venv/lib/python3.12/site-packages/airflow/example_dags/example_python_decorator.py
[2025-04-22T10:27:51.112-0300] {logging_mixin.py:190} INFO - [2025-04-22T10:27:51.112-0300] {dag.py:3239} INFO - Sync 1 DAGs
[2025-04-22T10:27:51.132-0300] {logging_mixin.py:190} INFO - [2025-04-22T10:27:51.132-0300] {dag.py:4180} INFO - Setting next_dagrun for example_python_decorator to None, run_after=None
[2025-04-22T10:27:51.171-0300] {processor.py:208} INFO - Processing /home/jonathan-brito/python-projects/airflow/venv/lib/python3.12/site-packages/airflow/example_dags/example_python_decorator.py took 0.107 seconds
[2025-04-22T10:31:29.341-0300] {processor.py:186} INFO - Started process (PID=16793) to work on /home/jonathan-brito/python-projects/airflow/venv/lib/python3.12/site-packages/airflow/example_dags/example_python_decorator.py
[2025-04-22T10:31:29.348-0300] {processor.py:914} INFO - Processing file /home/jonathan-brito/python-projects/airflow/venv/lib/python3.12/site-packages/airflow/example_dags/example_python_decorator.py for tasks to queue
[2025-04-22T10:31:29.350-0300] {logging_mixin.py:190} INFO - [2025-04-22T10:31:29.350-0300] {dagbag.py:588} INFO - Filling up the DagBag from /home/jonathan-brito/python-projects/airflow/venv/lib/python3.12/site-packages/airflow/example_dags/example_python_decorator.py
[2025-04-22T10:31:29.361-0300] {logging_mixin.py:190} INFO - [2025-04-22T10:31:29.361-0300] {example_python_decorator.py:80} WARNING - The virtalenv_python example task requires virtualenv, please install it.
[2025-04-22T10:31:29.364-0300] {processor.py:925} INFO - DAG(s) 'example_python_decorator' retrieved from /home/jonathan-brito/python-projects/airflow/venv/lib/python3.12/site-packages/airflow/example_dags/example_python_decorator.py
[2025-04-22T10:31:29.384-0300] {logging_mixin.py:190} INFO - [2025-04-22T10:31:29.384-0300] {dag.py:3239} INFO - Sync 1 DAGs
[2025-04-22T10:31:29.399-0300] {logging_mixin.py:190} INFO - [2025-04-22T10:31:29.399-0300] {dag.py:4180} INFO - Setting next_dagrun for example_python_decorator to None, run_after=None
[2025-04-22T10:31:29.433-0300] {processor.py:208} INFO - Processing /home/jonathan-brito/python-projects/airflow/venv/lib/python3.12/site-packages/airflow/example_dags/example_python_decorator.py took 0.100 seconds
[2025-04-22T11:08:16.733-0300] {processor.py:186} INFO - Started process (PID=49680) to work on /home/jonathan-brito/python-projects/airflow/venv/lib/python3.12/site-packages/airflow/example_dags/example_python_decorator.py
[2025-04-22T11:08:16.740-0300] {processor.py:914} INFO - Processing file /home/jonathan-brito/python-projects/airflow/venv/lib/python3.12/site-packages/airflow/example_dags/example_python_decorator.py for tasks to queue
[2025-04-22T11:08:16.742-0300] {logging_mixin.py:190} INFO - [2025-04-22T11:08:16.741-0300] {dagbag.py:588} INFO - Filling up the DagBag from /home/jonathan-brito/python-projects/airflow/venv/lib/python3.12/site-packages/airflow/example_dags/example_python_decorator.py
[2025-04-22T11:08:16.752-0300] {logging_mixin.py:190} INFO - [2025-04-22T11:08:16.752-0300] {example_python_decorator.py:80} WARNING - The virtalenv_python example task requires virtualenv, please install it.
[2025-04-22T11:08:16.753-0300] {processor.py:925} INFO - DAG(s) 'example_python_decorator' retrieved from /home/jonathan-brito/python-projects/airflow/venv/lib/python3.12/site-packages/airflow/example_dags/example_python_decorator.py
[2025-04-22T11:08:16.773-0300] {logging_mixin.py:190} INFO - [2025-04-22T11:08:16.773-0300] {dag.py:3239} INFO - Sync 1 DAGs
[2025-04-22T11:08:16.784-0300] {logging_mixin.py:190} INFO - [2025-04-22T11:08:16.784-0300] {dag.py:4180} INFO - Setting next_dagrun for example_python_decorator to None, run_after=None
[2025-04-22T11:08:16.813-0300] {processor.py:208} INFO - Processing /home/jonathan-brito/python-projects/airflow/venv/lib/python3.12/site-packages/airflow/example_dags/example_python_decorator.py took 0.086 seconds
[2025-04-22T11:09:17.744-0300] {processor.py:186} INFO - Started process (PID=50065) to work on /home/jonathan-brito/python-projects/airflow/venv/lib/python3.12/site-packages/airflow/example_dags/example_python_decorator.py
[2025-04-22T11:09:17.751-0300] {processor.py:914} INFO - Processing file /home/jonathan-brito/python-projects/airflow/venv/lib/python3.12/site-packages/airflow/example_dags/example_python_decorator.py for tasks to queue
[2025-04-22T11:09:17.753-0300] {logging_mixin.py:190} INFO - [2025-04-22T11:09:17.753-0300] {dagbag.py:588} INFO - Filling up the DagBag from /home/jonathan-brito/python-projects/airflow/venv/lib/python3.12/site-packages/airflow/example_dags/example_python_decorator.py
[2025-04-22T11:09:17.764-0300] {logging_mixin.py:190} INFO - [2025-04-22T11:09:17.764-0300] {example_python_decorator.py:80} WARNING - The virtalenv_python example task requires virtualenv, please install it.
[2025-04-22T11:09:17.765-0300] {processor.py:925} INFO - DAG(s) 'example_python_decorator' retrieved from /home/jonathan-brito/python-projects/airflow/venv/lib/python3.12/site-packages/airflow/example_dags/example_python_decorator.py
[2025-04-22T11:09:17.783-0300] {logging_mixin.py:190} INFO - [2025-04-22T11:09:17.783-0300] {dag.py:3239} INFO - Sync 1 DAGs
[2025-04-22T11:09:17.796-0300] {logging_mixin.py:190} INFO - [2025-04-22T11:09:17.795-0300] {dag.py:4180} INFO - Setting next_dagrun for example_python_decorator to None, run_after=None
[2025-04-22T11:09:17.823-0300] {processor.py:208} INFO - Processing /home/jonathan-brito/python-projects/airflow/venv/lib/python3.12/site-packages/airflow/example_dags/example_python_decorator.py took 0.085 seconds
[2025-04-22T11:10:17.120-0300] {processor.py:186} INFO - Started process (PID=50606) to work on /home/jonathan-brito/python-projects/airflow/venv/lib/python3.12/site-packages/airflow/example_dags/example_python_decorator.py
[2025-04-22T11:10:17.127-0300] {processor.py:914} INFO - Processing file /home/jonathan-brito/python-projects/airflow/venv/lib/python3.12/site-packages/airflow/example_dags/example_python_decorator.py for tasks to queue
[2025-04-22T11:10:17.129-0300] {logging_mixin.py:190} INFO - [2025-04-22T11:10:17.128-0300] {dagbag.py:588} INFO - Filling up the DagBag from /home/jonathan-brito/python-projects/airflow/venv/lib/python3.12/site-packages/airflow/example_dags/example_python_decorator.py
[2025-04-22T11:10:17.140-0300] {logging_mixin.py:190} INFO - [2025-04-22T11:10:17.140-0300] {example_python_decorator.py:80} WARNING - The virtalenv_python example task requires virtualenv, please install it.
[2025-04-22T11:10:17.141-0300] {processor.py:925} INFO - DAG(s) 'example_python_decorator' retrieved from /home/jonathan-brito/python-projects/airflow/venv/lib/python3.12/site-packages/airflow/example_dags/example_python_decorator.py
[2025-04-22T11:10:17.161-0300] {logging_mixin.py:190} INFO - [2025-04-22T11:10:17.160-0300] {dag.py:3239} INFO - Sync 1 DAGs
[2025-04-22T11:10:17.175-0300] {logging_mixin.py:190} INFO - [2025-04-22T11:10:17.174-0300] {dag.py:4180} INFO - Setting next_dagrun for example_python_decorator to None, run_after=None
[2025-04-22T11:10:17.203-0300] {processor.py:208} INFO - Processing /home/jonathan-brito/python-projects/airflow/venv/lib/python3.12/site-packages/airflow/example_dags/example_python_decorator.py took 0.090 seconds
[2025-04-22T11:11:20.808-0300] {processor.py:186} INFO - Started process (PID=51014) to work on /home/jonathan-brito/python-projects/airflow/venv/lib/python3.12/site-packages/airflow/example_dags/example_python_decorator.py
[2025-04-22T11:11:20.814-0300] {processor.py:914} INFO - Processing file /home/jonathan-brito/python-projects/airflow/venv/lib/python3.12/site-packages/airflow/example_dags/example_python_decorator.py for tasks to queue
[2025-04-22T11:11:20.816-0300] {logging_mixin.py:190} INFO - [2025-04-22T11:11:20.815-0300] {dagbag.py:588} INFO - Filling up the DagBag from /home/jonathan-brito/python-projects/airflow/venv/lib/python3.12/site-packages/airflow/example_dags/example_python_decorator.py
[2025-04-22T11:11:20.829-0300] {logging_mixin.py:190} INFO - [2025-04-22T11:11:20.829-0300] {example_python_decorator.py:80} WARNING - The virtalenv_python example task requires virtualenv, please install it.
[2025-04-22T11:11:20.830-0300] {processor.py:925} INFO - DAG(s) 'example_python_decorator' retrieved from /home/jonathan-brito/python-projects/airflow/venv/lib/python3.12/site-packages/airflow/example_dags/example_python_decorator.py
[2025-04-22T11:11:20.852-0300] {logging_mixin.py:190} INFO - [2025-04-22T11:11:20.852-0300] {dag.py:3239} INFO - Sync 1 DAGs
[2025-04-22T11:11:20.866-0300] {logging_mixin.py:190} INFO - [2025-04-22T11:11:20.865-0300] {dag.py:4180} INFO - Setting next_dagrun for example_python_decorator to None, run_after=None
[2025-04-22T11:11:20.896-0300] {processor.py:208} INFO - Processing /home/jonathan-brito/python-projects/airflow/venv/lib/python3.12/site-packages/airflow/example_dags/example_python_decorator.py took 0.096 seconds
