[2025-04-21T21:24:12.738-0300] {processor.py:186} INFO - Started process (PID=70902) to work on /home/jonathan-brito/python-projects/airflow/venv/lib/python3.12/site-packages/airflow/example_dags/example_branch_datetime_operator.py
[2025-04-21T21:24:12.742-0300] {processor.py:914} INFO - Processing file /home/jonathan-brito/python-projects/airflow/venv/lib/python3.12/site-packages/airflow/example_dags/example_branch_datetime_operator.py for tasks to queue
[2025-04-21T21:24:12.745-0300] {logging_mixin.py:190} INFO - [2025-04-21T21:24:12.744-0300] {dagbag.py:588} INFO - Filling up the DagBag from /home/jonathan-brito/python-projects/airflow/venv/lib/python3.12/site-packages/airflow/example_dags/example_branch_datetime_operator.py
[2025-04-21T21:24:12.767-0300] {processor.py:925} INFO - DAG(s) 'example_branch_datetime_operator', 'example_branch_datetime_operator_3', 'example_branch_datetime_operator_2' retrieved from /home/jonathan-brito/python-projects/airflow/venv/lib/python3.12/site-packages/airflow/example_dags/example_branch_datetime_operator.py
[2025-04-21T21:24:12.805-0300] {logging_mixin.py:190} INFO - [2025-04-21T21:24:12.805-0300] {dag.py:3239} INFO - Sync 3 DAGs
[2025-04-21T21:24:12.837-0300] {logging_mixin.py:190} INFO - [2025-04-21T21:24:12.837-0300] {dag.py:4180} INFO - Setting next_dagrun for example_branch_datetime_operator to 2025-04-21 00:00:00+00:00, run_after=2025-04-22 00:00:00+00:00
[2025-04-21T21:24:12.842-0300] {logging_mixin.py:190} INFO - [2025-04-21T21:24:12.841-0300] {dag.py:4180} INFO - Setting next_dagrun for example_branch_datetime_operator_2 to 2025-04-21 00:00:00+00:00, run_after=2025-04-22 00:00:00+00:00
[2025-04-21T21:24:12.864-0300] {logging_mixin.py:190} INFO - [2025-04-21T21:24:12.863-0300] {dag.py:4180} INFO - Setting next_dagrun for example_branch_datetime_operator_3 to 2025-04-21 00:00:00+00:00, run_after=2025-04-22 00:00:00+00:00
[2025-04-21T21:24:12.891-0300] {processor.py:208} INFO - Processing /home/jonathan-brito/python-projects/airflow/venv/lib/python3.12/site-packages/airflow/example_dags/example_branch_datetime_operator.py took 0.161 seconds
[2025-04-21T22:10:29.112-0300] {processor.py:186} INFO - Started process (PID=127511) to work on /home/jonathan-brito/python-projects/airflow/venv/lib/python3.12/site-packages/airflow/example_dags/example_branch_datetime_operator.py
[2025-04-21T22:10:29.119-0300] {processor.py:914} INFO - Processing file /home/jonathan-brito/python-projects/airflow/venv/lib/python3.12/site-packages/airflow/example_dags/example_branch_datetime_operator.py for tasks to queue
[2025-04-21T22:10:29.123-0300] {logging_mixin.py:190} INFO - [2025-04-21T22:10:29.122-0300] {dagbag.py:588} INFO - Filling up the DagBag from /home/jonathan-brito/python-projects/airflow/venv/lib/python3.12/site-packages/airflow/example_dags/example_branch_datetime_operator.py
[2025-04-21T22:10:29.143-0300] {processor.py:925} INFO - DAG(s) 'example_branch_datetime_operator', 'example_branch_datetime_operator_3', 'example_branch_datetime_operator_2' retrieved from /home/jonathan-brito/python-projects/airflow/venv/lib/python3.12/site-packages/airflow/example_dags/example_branch_datetime_operator.py
[2025-04-21T22:10:29.169-0300] {logging_mixin.py:190} INFO - [2025-04-21T22:10:29.169-0300] {dag.py:3239} INFO - Sync 3 DAGs
[2025-04-21T22:10:29.190-0300] {logging_mixin.py:190} INFO - [2025-04-21T22:10:29.190-0300] {dag.py:4180} INFO - Setting next_dagrun for example_branch_datetime_operator to 2025-04-21 00:00:00+00:00, run_after=2025-04-22 00:00:00+00:00
[2025-04-21T22:10:29.195-0300] {logging_mixin.py:190} INFO - [2025-04-21T22:10:29.195-0300] {dag.py:4180} INFO - Setting next_dagrun for example_branch_datetime_operator_2 to 2025-04-21 00:00:00+00:00, run_after=2025-04-22 00:00:00+00:00
[2025-04-21T22:10:29.198-0300] {logging_mixin.py:190} INFO - [2025-04-21T22:10:29.198-0300] {dag.py:4180} INFO - Setting next_dagrun for example_branch_datetime_operator_3 to 2025-04-21 00:00:00+00:00, run_after=2025-04-22 00:00:00+00:00
[2025-04-21T22:10:29.230-0300] {processor.py:208} INFO - Processing /home/jonathan-brito/python-projects/airflow/venv/lib/python3.12/site-packages/airflow/example_dags/example_branch_datetime_operator.py took 0.126 seconds
[2025-04-21T22:11:33.596-0300] {processor.py:186} INFO - Started process (PID=128512) to work on /home/jonathan-brito/python-projects/airflow/venv/lib/python3.12/site-packages/airflow/example_dags/example_branch_datetime_operator.py
[2025-04-21T22:11:33.604-0300] {processor.py:914} INFO - Processing file /home/jonathan-brito/python-projects/airflow/venv/lib/python3.12/site-packages/airflow/example_dags/example_branch_datetime_operator.py for tasks to queue
[2025-04-21T22:11:33.606-0300] {logging_mixin.py:190} INFO - [2025-04-21T22:11:33.605-0300] {dagbag.py:588} INFO - Filling up the DagBag from /home/jonathan-brito/python-projects/airflow/venv/lib/python3.12/site-packages/airflow/example_dags/example_branch_datetime_operator.py
[2025-04-21T22:11:33.625-0300] {processor.py:925} INFO - DAG(s) 'example_branch_datetime_operator_2', 'example_branch_datetime_operator_3', 'example_branch_datetime_operator' retrieved from /home/jonathan-brito/python-projects/airflow/venv/lib/python3.12/site-packages/airflow/example_dags/example_branch_datetime_operator.py
[2025-04-21T22:11:33.649-0300] {logging_mixin.py:190} INFO - [2025-04-21T22:11:33.649-0300] {dag.py:3239} INFO - Sync 3 DAGs
[2025-04-21T22:11:33.669-0300] {logging_mixin.py:190} INFO - [2025-04-21T22:11:33.669-0300] {dag.py:4180} INFO - Setting next_dagrun for example_branch_datetime_operator to 2025-04-21 00:00:00+00:00, run_after=2025-04-22 00:00:00+00:00
[2025-04-21T22:11:33.673-0300] {logging_mixin.py:190} INFO - [2025-04-21T22:11:33.673-0300] {dag.py:4180} INFO - Setting next_dagrun for example_branch_datetime_operator_2 to 2025-04-21 00:00:00+00:00, run_after=2025-04-22 00:00:00+00:00
[2025-04-21T22:11:33.676-0300] {logging_mixin.py:190} INFO - [2025-04-21T22:11:33.676-0300] {dag.py:4180} INFO - Setting next_dagrun for example_branch_datetime_operator_3 to 2025-04-21 00:00:00+00:00, run_after=2025-04-22 00:00:00+00:00
[2025-04-21T22:11:33.698-0300] {processor.py:208} INFO - Processing /home/jonathan-brito/python-projects/airflow/venv/lib/python3.12/site-packages/airflow/example_dags/example_branch_datetime_operator.py took 0.115 seconds
[2025-04-21T22:12:35.936-0300] {processor.py:186} INFO - Started process (PID=129185) to work on /home/jonathan-brito/python-projects/airflow/venv/lib/python3.12/site-packages/airflow/example_dags/example_branch_datetime_operator.py
[2025-04-21T22:12:35.943-0300] {processor.py:914} INFO - Processing file /home/jonathan-brito/python-projects/airflow/venv/lib/python3.12/site-packages/airflow/example_dags/example_branch_datetime_operator.py for tasks to queue
[2025-04-21T22:12:35.944-0300] {logging_mixin.py:190} INFO - [2025-04-21T22:12:35.944-0300] {dagbag.py:588} INFO - Filling up the DagBag from /home/jonathan-brito/python-projects/airflow/venv/lib/python3.12/site-packages/airflow/example_dags/example_branch_datetime_operator.py
[2025-04-21T22:12:35.954-0300] {processor.py:925} INFO - DAG(s) 'example_branch_datetime_operator', 'example_branch_datetime_operator_2', 'example_branch_datetime_operator_3' retrieved from /home/jonathan-brito/python-projects/airflow/venv/lib/python3.12/site-packages/airflow/example_dags/example_branch_datetime_operator.py
[2025-04-21T22:12:35.976-0300] {logging_mixin.py:190} INFO - [2025-04-21T22:12:35.976-0300] {dag.py:3239} INFO - Sync 3 DAGs
[2025-04-21T22:12:35.996-0300] {logging_mixin.py:190} INFO - [2025-04-21T22:12:35.996-0300] {dag.py:4180} INFO - Setting next_dagrun for example_branch_datetime_operator to 2025-04-21 00:00:00+00:00, run_after=2025-04-22 00:00:00+00:00
[2025-04-21T22:12:36.000-0300] {logging_mixin.py:190} INFO - [2025-04-21T22:12:36.000-0300] {dag.py:4180} INFO - Setting next_dagrun for example_branch_datetime_operator_2 to 2025-04-21 00:00:00+00:00, run_after=2025-04-22 00:00:00+00:00
[2025-04-21T22:12:36.002-0300] {logging_mixin.py:190} INFO - [2025-04-21T22:12:36.002-0300] {dag.py:4180} INFO - Setting next_dagrun for example_branch_datetime_operator_3 to 2025-04-21 00:00:00+00:00, run_after=2025-04-22 00:00:00+00:00
[2025-04-21T22:12:36.029-0300] {processor.py:208} INFO - Processing /home/jonathan-brito/python-projects/airflow/venv/lib/python3.12/site-packages/airflow/example_dags/example_branch_datetime_operator.py took 0.099 seconds
[2025-04-21T22:13:40.776-0300] {processor.py:186} INFO - Started process (PID=129929) to work on /home/jonathan-brito/python-projects/airflow/venv/lib/python3.12/site-packages/airflow/example_dags/example_branch_datetime_operator.py
[2025-04-21T22:13:40.783-0300] {processor.py:914} INFO - Processing file /home/jonathan-brito/python-projects/airflow/venv/lib/python3.12/site-packages/airflow/example_dags/example_branch_datetime_operator.py for tasks to queue
[2025-04-21T22:13:40.784-0300] {logging_mixin.py:190} INFO - [2025-04-21T22:13:40.784-0300] {dagbag.py:588} INFO - Filling up the DagBag from /home/jonathan-brito/python-projects/airflow/venv/lib/python3.12/site-packages/airflow/example_dags/example_branch_datetime_operator.py
[2025-04-21T22:13:40.795-0300] {processor.py:925} INFO - DAG(s) 'example_branch_datetime_operator_2', 'example_branch_datetime_operator_3', 'example_branch_datetime_operator' retrieved from /home/jonathan-brito/python-projects/airflow/venv/lib/python3.12/site-packages/airflow/example_dags/example_branch_datetime_operator.py
[2025-04-21T22:13:40.818-0300] {logging_mixin.py:190} INFO - [2025-04-21T22:13:40.818-0300] {dag.py:3239} INFO - Sync 3 DAGs
[2025-04-21T22:13:40.838-0300] {logging_mixin.py:190} INFO - [2025-04-21T22:13:40.837-0300] {dag.py:4180} INFO - Setting next_dagrun for example_branch_datetime_operator to 2025-04-21 00:00:00+00:00, run_after=2025-04-22 00:00:00+00:00
[2025-04-21T22:13:40.843-0300] {logging_mixin.py:190} INFO - [2025-04-21T22:13:40.842-0300] {dag.py:4180} INFO - Setting next_dagrun for example_branch_datetime_operator_2 to 2025-04-21 00:00:00+00:00, run_after=2025-04-22 00:00:00+00:00
[2025-04-21T22:13:40.845-0300] {logging_mixin.py:190} INFO - [2025-04-21T22:13:40.845-0300] {dag.py:4180} INFO - Setting next_dagrun for example_branch_datetime_operator_3 to 2025-04-21 00:00:00+00:00, run_after=2025-04-22 00:00:00+00:00
[2025-04-21T22:13:40.871-0300] {processor.py:208} INFO - Processing /home/jonathan-brito/python-projects/airflow/venv/lib/python3.12/site-packages/airflow/example_dags/example_branch_datetime_operator.py took 0.101 seconds
[2025-04-21T22:14:42.211-0300] {processor.py:186} INFO - Started process (PID=130633) to work on /home/jonathan-brito/python-projects/airflow/venv/lib/python3.12/site-packages/airflow/example_dags/example_branch_datetime_operator.py
[2025-04-21T22:14:42.220-0300] {processor.py:914} INFO - Processing file /home/jonathan-brito/python-projects/airflow/venv/lib/python3.12/site-packages/airflow/example_dags/example_branch_datetime_operator.py for tasks to queue
[2025-04-21T22:14:42.224-0300] {logging_mixin.py:190} INFO - [2025-04-21T22:14:42.223-0300] {dagbag.py:588} INFO - Filling up the DagBag from /home/jonathan-brito/python-projects/airflow/venv/lib/python3.12/site-packages/airflow/example_dags/example_branch_datetime_operator.py
[2025-04-21T22:14:42.251-0300] {processor.py:925} INFO - DAG(s) 'example_branch_datetime_operator_3', 'example_branch_datetime_operator', 'example_branch_datetime_operator_2' retrieved from /home/jonathan-brito/python-projects/airflow/venv/lib/python3.12/site-packages/airflow/example_dags/example_branch_datetime_operator.py
[2025-04-21T22:14:42.277-0300] {logging_mixin.py:190} INFO - [2025-04-21T22:14:42.277-0300] {dag.py:3239} INFO - Sync 3 DAGs
[2025-04-21T22:14:42.297-0300] {logging_mixin.py:190} INFO - [2025-04-21T22:14:42.297-0300] {dag.py:4180} INFO - Setting next_dagrun for example_branch_datetime_operator to 2025-04-21 00:00:00+00:00, run_after=2025-04-22 00:00:00+00:00
[2025-04-21T22:14:42.301-0300] {logging_mixin.py:190} INFO - [2025-04-21T22:14:42.301-0300] {dag.py:4180} INFO - Setting next_dagrun for example_branch_datetime_operator_2 to 2025-04-21 00:00:00+00:00, run_after=2025-04-22 00:00:00+00:00
[2025-04-21T22:14:42.304-0300] {logging_mixin.py:190} INFO - [2025-04-21T22:14:42.304-0300] {dag.py:4180} INFO - Setting next_dagrun for example_branch_datetime_operator_3 to 2025-04-21 00:00:00+00:00, run_after=2025-04-22 00:00:00+00:00
[2025-04-21T22:14:42.331-0300] {processor.py:208} INFO - Processing /home/jonathan-brito/python-projects/airflow/venv/lib/python3.12/site-packages/airflow/example_dags/example_branch_datetime_operator.py took 0.139 seconds
[2025-04-21T22:15:44.476-0300] {processor.py:186} INFO - Started process (PID=131288) to work on /home/jonathan-brito/python-projects/airflow/venv/lib/python3.12/site-packages/airflow/example_dags/example_branch_datetime_operator.py
[2025-04-21T22:15:44.483-0300] {processor.py:914} INFO - Processing file /home/jonathan-brito/python-projects/airflow/venv/lib/python3.12/site-packages/airflow/example_dags/example_branch_datetime_operator.py for tasks to queue
[2025-04-21T22:15:44.485-0300] {logging_mixin.py:190} INFO - [2025-04-21T22:15:44.484-0300] {dagbag.py:588} INFO - Filling up the DagBag from /home/jonathan-brito/python-projects/airflow/venv/lib/python3.12/site-packages/airflow/example_dags/example_branch_datetime_operator.py
[2025-04-21T22:15:44.498-0300] {processor.py:925} INFO - DAG(s) 'example_branch_datetime_operator', 'example_branch_datetime_operator_2', 'example_branch_datetime_operator_3' retrieved from /home/jonathan-brito/python-projects/airflow/venv/lib/python3.12/site-packages/airflow/example_dags/example_branch_datetime_operator.py
[2025-04-21T22:15:44.527-0300] {logging_mixin.py:190} INFO - [2025-04-21T22:15:44.526-0300] {dag.py:3239} INFO - Sync 3 DAGs
[2025-04-21T22:15:44.555-0300] {logging_mixin.py:190} INFO - [2025-04-21T22:15:44.554-0300] {dag.py:4180} INFO - Setting next_dagrun for example_branch_datetime_operator to 2025-04-21 00:00:00+00:00, run_after=2025-04-22 00:00:00+00:00
[2025-04-21T22:15:44.563-0300] {logging_mixin.py:190} INFO - [2025-04-21T22:15:44.562-0300] {dag.py:4180} INFO - Setting next_dagrun for example_branch_datetime_operator_2 to 2025-04-21 00:00:00+00:00, run_after=2025-04-22 00:00:00+00:00
[2025-04-21T22:15:44.567-0300] {logging_mixin.py:190} INFO - [2025-04-21T22:15:44.567-0300] {dag.py:4180} INFO - Setting next_dagrun for example_branch_datetime_operator_3 to 2025-04-21 00:00:00+00:00, run_after=2025-04-22 00:00:00+00:00
[2025-04-21T22:15:44.599-0300] {processor.py:208} INFO - Processing /home/jonathan-brito/python-projects/airflow/venv/lib/python3.12/site-packages/airflow/example_dags/example_branch_datetime_operator.py took 0.130 seconds
[2025-04-21T22:16:47.160-0300] {processor.py:186} INFO - Started process (PID=131934) to work on /home/jonathan-brito/python-projects/airflow/venv/lib/python3.12/site-packages/airflow/example_dags/example_branch_datetime_operator.py
[2025-04-21T22:16:47.168-0300] {processor.py:914} INFO - Processing file /home/jonathan-brito/python-projects/airflow/venv/lib/python3.12/site-packages/airflow/example_dags/example_branch_datetime_operator.py for tasks to queue
[2025-04-21T22:16:47.170-0300] {logging_mixin.py:190} INFO - [2025-04-21T22:16:47.169-0300] {dagbag.py:588} INFO - Filling up the DagBag from /home/jonathan-brito/python-projects/airflow/venv/lib/python3.12/site-packages/airflow/example_dags/example_branch_datetime_operator.py
[2025-04-21T22:16:47.204-0300] {processor.py:925} INFO - DAG(s) 'example_branch_datetime_operator_3', 'example_branch_datetime_operator_2', 'example_branch_datetime_operator' retrieved from /home/jonathan-brito/python-projects/airflow/venv/lib/python3.12/site-packages/airflow/example_dags/example_branch_datetime_operator.py
[2025-04-21T22:16:47.245-0300] {logging_mixin.py:190} INFO - [2025-04-21T22:16:47.245-0300] {dag.py:3239} INFO - Sync 3 DAGs
[2025-04-21T22:16:47.277-0300] {logging_mixin.py:190} INFO - [2025-04-21T22:16:47.277-0300] {dag.py:4180} INFO - Setting next_dagrun for example_branch_datetime_operator to 2025-04-21 00:00:00+00:00, run_after=2025-04-22 00:00:00+00:00
[2025-04-21T22:16:47.282-0300] {logging_mixin.py:190} INFO - [2025-04-21T22:16:47.282-0300] {dag.py:4180} INFO - Setting next_dagrun for example_branch_datetime_operator_2 to 2025-04-21 00:00:00+00:00, run_after=2025-04-22 00:00:00+00:00
[2025-04-21T22:16:47.286-0300] {logging_mixin.py:190} INFO - [2025-04-21T22:16:47.286-0300] {dag.py:4180} INFO - Setting next_dagrun for example_branch_datetime_operator_3 to 2025-04-21 00:00:00+00:00, run_after=2025-04-22 00:00:00+00:00
[2025-04-21T22:16:47.314-0300] {processor.py:208} INFO - Processing /home/jonathan-brito/python-projects/airflow/venv/lib/python3.12/site-packages/airflow/example_dags/example_branch_datetime_operator.py took 0.168 seconds
[2025-04-21T22:17:50.450-0300] {processor.py:186} INFO - Started process (PID=132587) to work on /home/jonathan-brito/python-projects/airflow/venv/lib/python3.12/site-packages/airflow/example_dags/example_branch_datetime_operator.py
[2025-04-21T22:17:50.457-0300] {processor.py:914} INFO - Processing file /home/jonathan-brito/python-projects/airflow/venv/lib/python3.12/site-packages/airflow/example_dags/example_branch_datetime_operator.py for tasks to queue
[2025-04-21T22:17:50.458-0300] {logging_mixin.py:190} INFO - [2025-04-21T22:17:50.458-0300] {dagbag.py:588} INFO - Filling up the DagBag from /home/jonathan-brito/python-projects/airflow/venv/lib/python3.12/site-packages/airflow/example_dags/example_branch_datetime_operator.py
[2025-04-21T22:17:50.472-0300] {processor.py:925} INFO - DAG(s) 'example_branch_datetime_operator_2', 'example_branch_datetime_operator', 'example_branch_datetime_operator_3' retrieved from /home/jonathan-brito/python-projects/airflow/venv/lib/python3.12/site-packages/airflow/example_dags/example_branch_datetime_operator.py
[2025-04-21T22:17:50.499-0300] {logging_mixin.py:190} INFO - [2025-04-21T22:17:50.499-0300] {dag.py:3239} INFO - Sync 3 DAGs
[2025-04-21T22:17:50.522-0300] {logging_mixin.py:190} INFO - [2025-04-21T22:17:50.522-0300] {dag.py:4180} INFO - Setting next_dagrun for example_branch_datetime_operator to 2025-04-21 00:00:00+00:00, run_after=2025-04-22 00:00:00+00:00
[2025-04-21T22:17:50.526-0300] {logging_mixin.py:190} INFO - [2025-04-21T22:17:50.526-0300] {dag.py:4180} INFO - Setting next_dagrun for example_branch_datetime_operator_2 to 2025-04-21 00:00:00+00:00, run_after=2025-04-22 00:00:00+00:00
[2025-04-21T22:17:50.529-0300] {logging_mixin.py:190} INFO - [2025-04-21T22:17:50.528-0300] {dag.py:4180} INFO - Setting next_dagrun for example_branch_datetime_operator_3 to 2025-04-21 00:00:00+00:00, run_after=2025-04-22 00:00:00+00:00
[2025-04-21T22:17:50.561-0300] {processor.py:208} INFO - Processing /home/jonathan-brito/python-projects/airflow/venv/lib/python3.12/site-packages/airflow/example_dags/example_branch_datetime_operator.py took 0.120 seconds
[2025-04-21T22:18:52.374-0300] {processor.py:186} INFO - Started process (PID=133208) to work on /home/jonathan-brito/python-projects/airflow/venv/lib/python3.12/site-packages/airflow/example_dags/example_branch_datetime_operator.py
[2025-04-21T22:18:52.375-0300] {processor.py:914} INFO - Processing file /home/jonathan-brito/python-projects/airflow/venv/lib/python3.12/site-packages/airflow/example_dags/example_branch_datetime_operator.py for tasks to queue
[2025-04-21T22:18:52.377-0300] {logging_mixin.py:190} INFO - [2025-04-21T22:18:52.376-0300] {dagbag.py:588} INFO - Filling up the DagBag from /home/jonathan-brito/python-projects/airflow/venv/lib/python3.12/site-packages/airflow/example_dags/example_branch_datetime_operator.py
[2025-04-21T22:18:52.386-0300] {processor.py:925} INFO - DAG(s) 'example_branch_datetime_operator_3', 'example_branch_datetime_operator_2', 'example_branch_datetime_operator' retrieved from /home/jonathan-brito/python-projects/airflow/venv/lib/python3.12/site-packages/airflow/example_dags/example_branch_datetime_operator.py
[2025-04-21T22:18:52.408-0300] {logging_mixin.py:190} INFO - [2025-04-21T22:18:52.408-0300] {dag.py:3239} INFO - Sync 3 DAGs
[2025-04-21T22:18:52.427-0300] {logging_mixin.py:190} INFO - [2025-04-21T22:18:52.427-0300] {dag.py:4180} INFO - Setting next_dagrun for example_branch_datetime_operator to 2025-04-21 00:00:00+00:00, run_after=2025-04-22 00:00:00+00:00
[2025-04-21T22:18:52.431-0300] {logging_mixin.py:190} INFO - [2025-04-21T22:18:52.431-0300] {dag.py:4180} INFO - Setting next_dagrun for example_branch_datetime_operator_2 to 2025-04-21 00:00:00+00:00, run_after=2025-04-22 00:00:00+00:00
[2025-04-21T22:18:52.434-0300] {logging_mixin.py:190} INFO - [2025-04-21T22:18:52.434-0300] {dag.py:4180} INFO - Setting next_dagrun for example_branch_datetime_operator_3 to 2025-04-21 00:00:00+00:00, run_after=2025-04-22 00:00:00+00:00
[2025-04-21T22:18:52.463-0300] {processor.py:208} INFO - Processing /home/jonathan-brito/python-projects/airflow/venv/lib/python3.12/site-packages/airflow/example_dags/example_branch_datetime_operator.py took 0.095 seconds
[2025-04-21T22:19:56.131-0300] {processor.py:186} INFO - Started process (PID=133941) to work on /home/jonathan-brito/python-projects/airflow/venv/lib/python3.12/site-packages/airflow/example_dags/example_branch_datetime_operator.py
[2025-04-21T22:19:56.139-0300] {processor.py:914} INFO - Processing file /home/jonathan-brito/python-projects/airflow/venv/lib/python3.12/site-packages/airflow/example_dags/example_branch_datetime_operator.py for tasks to queue
[2025-04-21T22:19:56.144-0300] {logging_mixin.py:190} INFO - [2025-04-21T22:19:56.143-0300] {dagbag.py:588} INFO - Filling up the DagBag from /home/jonathan-brito/python-projects/airflow/venv/lib/python3.12/site-packages/airflow/example_dags/example_branch_datetime_operator.py
[2025-04-21T22:19:56.172-0300] {processor.py:925} INFO - DAG(s) 'example_branch_datetime_operator_3', 'example_branch_datetime_operator_2', 'example_branch_datetime_operator' retrieved from /home/jonathan-brito/python-projects/airflow/venv/lib/python3.12/site-packages/airflow/example_dags/example_branch_datetime_operator.py
[2025-04-21T22:19:56.203-0300] {logging_mixin.py:190} INFO - [2025-04-21T22:19:56.202-0300] {dag.py:3239} INFO - Sync 3 DAGs
[2025-04-21T22:19:56.222-0300] {logging_mixin.py:190} INFO - [2025-04-21T22:19:56.222-0300] {dag.py:4180} INFO - Setting next_dagrun for example_branch_datetime_operator to 2025-04-21 00:00:00+00:00, run_after=2025-04-22 00:00:00+00:00
[2025-04-21T22:19:56.226-0300] {logging_mixin.py:190} INFO - [2025-04-21T22:19:56.226-0300] {dag.py:4180} INFO - Setting next_dagrun for example_branch_datetime_operator_2 to 2025-04-21 00:00:00+00:00, run_after=2025-04-22 00:00:00+00:00
[2025-04-21T22:19:56.229-0300] {logging_mixin.py:190} INFO - [2025-04-21T22:19:56.229-0300] {dag.py:4180} INFO - Setting next_dagrun for example_branch_datetime_operator_3 to 2025-04-21 00:00:00+00:00, run_after=2025-04-22 00:00:00+00:00
[2025-04-21T22:19:56.255-0300] {processor.py:208} INFO - Processing /home/jonathan-brito/python-projects/airflow/venv/lib/python3.12/site-packages/airflow/example_dags/example_branch_datetime_operator.py took 0.145 seconds
[2025-04-22T10:25:00.206-0300] {processor.py:186} INFO - Started process (PID=11574) to work on /home/jonathan-brito/python-projects/airflow/venv/lib/python3.12/site-packages/airflow/example_dags/example_branch_datetime_operator.py
[2025-04-22T10:25:00.213-0300] {processor.py:914} INFO - Processing file /home/jonathan-brito/python-projects/airflow/venv/lib/python3.12/site-packages/airflow/example_dags/example_branch_datetime_operator.py for tasks to queue
[2025-04-22T10:25:00.216-0300] {logging_mixin.py:190} INFO - [2025-04-22T10:25:00.216-0300] {dagbag.py:588} INFO - Filling up the DagBag from /home/jonathan-brito/python-projects/airflow/venv/lib/python3.12/site-packages/airflow/example_dags/example_branch_datetime_operator.py
[2025-04-22T10:25:00.232-0300] {processor.py:925} INFO - DAG(s) 'example_branch_datetime_operator_2', 'example_branch_datetime_operator_3', 'example_branch_datetime_operator' retrieved from /home/jonathan-brito/python-projects/airflow/venv/lib/python3.12/site-packages/airflow/example_dags/example_branch_datetime_operator.py
[2025-04-22T10:25:00.257-0300] {logging_mixin.py:190} INFO - [2025-04-22T10:25:00.257-0300] {dag.py:3239} INFO - Sync 3 DAGs
[2025-04-22T10:25:00.285-0300] {logging_mixin.py:190} INFO - [2025-04-22T10:25:00.285-0300] {dag.py:4180} INFO - Setting next_dagrun for example_branch_datetime_operator to 2025-04-21 00:00:00+00:00, run_after=2025-04-22 00:00:00+00:00
[2025-04-22T10:25:00.291-0300] {logging_mixin.py:190} INFO - [2025-04-22T10:25:00.291-0300] {dag.py:4180} INFO - Setting next_dagrun for example_branch_datetime_operator_2 to 2025-04-21 00:00:00+00:00, run_after=2025-04-22 00:00:00+00:00
[2025-04-22T10:25:00.295-0300] {logging_mixin.py:190} INFO - [2025-04-22T10:25:00.295-0300] {dag.py:4180} INFO - Setting next_dagrun for example_branch_datetime_operator_3 to 2025-04-21 00:00:00+00:00, run_after=2025-04-22 00:00:00+00:00
[2025-04-22T10:25:00.347-0300] {processor.py:208} INFO - Processing /home/jonathan-brito/python-projects/airflow/venv/lib/python3.12/site-packages/airflow/example_dags/example_branch_datetime_operator.py took 0.148 seconds
[2025-04-22T10:26:41.736-0300] {processor.py:186} INFO - Started process (PID=12959) to work on /home/jonathan-brito/python-projects/airflow/venv/lib/python3.12/site-packages/airflow/example_dags/example_branch_datetime_operator.py
[2025-04-22T10:26:41.743-0300] {processor.py:914} INFO - Processing file /home/jonathan-brito/python-projects/airflow/venv/lib/python3.12/site-packages/airflow/example_dags/example_branch_datetime_operator.py for tasks to queue
[2025-04-22T10:26:41.746-0300] {logging_mixin.py:190} INFO - [2025-04-22T10:26:41.745-0300] {dagbag.py:588} INFO - Filling up the DagBag from /home/jonathan-brito/python-projects/airflow/venv/lib/python3.12/site-packages/airflow/example_dags/example_branch_datetime_operator.py
[2025-04-22T10:26:41.765-0300] {processor.py:925} INFO - DAG(s) 'example_branch_datetime_operator_2', 'example_branch_datetime_operator_3', 'example_branch_datetime_operator' retrieved from /home/jonathan-brito/python-projects/airflow/venv/lib/python3.12/site-packages/airflow/example_dags/example_branch_datetime_operator.py
[2025-04-22T10:26:41.789-0300] {logging_mixin.py:190} INFO - [2025-04-22T10:26:41.789-0300] {dag.py:3239} INFO - Sync 3 DAGs
[2025-04-22T10:26:41.817-0300] {logging_mixin.py:190} INFO - [2025-04-22T10:26:41.817-0300] {dag.py:4180} INFO - Setting next_dagrun for example_branch_datetime_operator to 2025-04-21 00:00:00+00:00, run_after=2025-04-22 00:00:00+00:00
[2025-04-22T10:26:41.824-0300] {logging_mixin.py:190} INFO - [2025-04-22T10:26:41.824-0300] {dag.py:4180} INFO - Setting next_dagrun for example_branch_datetime_operator_2 to 2025-04-21 00:00:00+00:00, run_after=2025-04-22 00:00:00+00:00
[2025-04-22T10:26:41.829-0300] {logging_mixin.py:190} INFO - [2025-04-22T10:26:41.828-0300] {dag.py:4180} INFO - Setting next_dagrun for example_branch_datetime_operator_3 to 2025-04-21 00:00:00+00:00, run_after=2025-04-22 00:00:00+00:00
[2025-04-22T10:26:41.868-0300] {processor.py:208} INFO - Processing /home/jonathan-brito/python-projects/airflow/venv/lib/python3.12/site-packages/airflow/example_dags/example_branch_datetime_operator.py took 0.140 seconds
[2025-04-22T10:29:32.519-0300] {processor.py:186} INFO - Started process (PID=15716) to work on /home/jonathan-brito/python-projects/airflow/venv/lib/python3.12/site-packages/airflow/example_dags/example_branch_datetime_operator.py
[2025-04-22T10:29:32.520-0300] {processor.py:914} INFO - Processing file /home/jonathan-brito/python-projects/airflow/venv/lib/python3.12/site-packages/airflow/example_dags/example_branch_datetime_operator.py for tasks to queue
[2025-04-22T10:29:32.522-0300] {logging_mixin.py:190} INFO - [2025-04-22T10:29:32.522-0300] {dagbag.py:588} INFO - Filling up the DagBag from /home/jonathan-brito/python-projects/airflow/venv/lib/python3.12/site-packages/airflow/example_dags/example_branch_datetime_operator.py
[2025-04-22T10:29:32.536-0300] {processor.py:925} INFO - DAG(s) 'example_branch_datetime_operator_3', 'example_branch_datetime_operator_2', 'example_branch_datetime_operator' retrieved from /home/jonathan-brito/python-projects/airflow/venv/lib/python3.12/site-packages/airflow/example_dags/example_branch_datetime_operator.py
[2025-04-22T10:29:32.559-0300] {logging_mixin.py:190} INFO - [2025-04-22T10:29:32.559-0300] {dag.py:3239} INFO - Sync 3 DAGs
[2025-04-22T10:29:32.581-0300] {logging_mixin.py:190} INFO - [2025-04-22T10:29:32.581-0300] {dag.py:4180} INFO - Setting next_dagrun for example_branch_datetime_operator to 2025-04-21 00:00:00+00:00, run_after=2025-04-22 00:00:00+00:00
[2025-04-22T10:29:32.587-0300] {logging_mixin.py:190} INFO - [2025-04-22T10:29:32.587-0300] {dag.py:4180} INFO - Setting next_dagrun for example_branch_datetime_operator_2 to 2025-04-21 00:00:00+00:00, run_after=2025-04-22 00:00:00+00:00
[2025-04-22T10:29:32.590-0300] {logging_mixin.py:190} INFO - [2025-04-22T10:29:32.589-0300] {dag.py:4180} INFO - Setting next_dagrun for example_branch_datetime_operator_3 to 2025-04-21 00:00:00+00:00, run_after=2025-04-22 00:00:00+00:00
[2025-04-22T10:29:32.612-0300] {processor.py:208} INFO - Processing /home/jonathan-brito/python-projects/airflow/venv/lib/python3.12/site-packages/airflow/example_dags/example_branch_datetime_operator.py took 0.099 seconds
[2025-04-22T11:08:41.433-0300] {processor.py:186} INFO - Started process (PID=49818) to work on /home/jonathan-brito/python-projects/airflow/venv/lib/python3.12/site-packages/airflow/example_dags/example_branch_datetime_operator.py
[2025-04-22T11:08:41.435-0300] {processor.py:914} INFO - Processing file /home/jonathan-brito/python-projects/airflow/venv/lib/python3.12/site-packages/airflow/example_dags/example_branch_datetime_operator.py for tasks to queue
[2025-04-22T11:08:41.436-0300] {logging_mixin.py:190} INFO - [2025-04-22T11:08:41.435-0300] {dagbag.py:588} INFO - Filling up the DagBag from /home/jonathan-brito/python-projects/airflow/venv/lib/python3.12/site-packages/airflow/example_dags/example_branch_datetime_operator.py
[2025-04-22T11:08:41.447-0300] {processor.py:925} INFO - DAG(s) 'example_branch_datetime_operator_3', 'example_branch_datetime_operator_2', 'example_branch_datetime_operator' retrieved from /home/jonathan-brito/python-projects/airflow/venv/lib/python3.12/site-packages/airflow/example_dags/example_branch_datetime_operator.py
[2025-04-22T11:08:41.471-0300] {logging_mixin.py:190} INFO - [2025-04-22T11:08:41.470-0300] {dag.py:3239} INFO - Sync 3 DAGs
[2025-04-22T11:08:41.492-0300] {logging_mixin.py:190} INFO - [2025-04-22T11:08:41.491-0300] {dag.py:4180} INFO - Setting next_dagrun for example_branch_datetime_operator to 2025-04-21 00:00:00+00:00, run_after=2025-04-22 00:00:00+00:00
[2025-04-22T11:08:41.496-0300] {logging_mixin.py:190} INFO - [2025-04-22T11:08:41.496-0300] {dag.py:4180} INFO - Setting next_dagrun for example_branch_datetime_operator_2 to 2025-04-21 00:00:00+00:00, run_after=2025-04-22 00:00:00+00:00
[2025-04-22T11:08:41.499-0300] {logging_mixin.py:190} INFO - [2025-04-22T11:08:41.498-0300] {dag.py:4180} INFO - Setting next_dagrun for example_branch_datetime_operator_3 to 2025-04-21 00:00:00+00:00, run_after=2025-04-22 00:00:00+00:00
[2025-04-22T11:08:41.521-0300] {processor.py:208} INFO - Processing /home/jonathan-brito/python-projects/airflow/venv/lib/python3.12/site-packages/airflow/example_dags/example_branch_datetime_operator.py took 0.093 seconds
[2025-04-22T11:09:41.171-0300] {processor.py:186} INFO - Started process (PID=50196) to work on /home/jonathan-brito/python-projects/airflow/venv/lib/python3.12/site-packages/airflow/example_dags/example_branch_datetime_operator.py
[2025-04-22T11:09:41.178-0300] {processor.py:914} INFO - Processing file /home/jonathan-brito/python-projects/airflow/venv/lib/python3.12/site-packages/airflow/example_dags/example_branch_datetime_operator.py for tasks to queue
[2025-04-22T11:09:41.179-0300] {logging_mixin.py:190} INFO - [2025-04-22T11:09:41.179-0300] {dagbag.py:588} INFO - Filling up the DagBag from /home/jonathan-brito/python-projects/airflow/venv/lib/python3.12/site-packages/airflow/example_dags/example_branch_datetime_operator.py
[2025-04-22T11:09:41.191-0300] {processor.py:925} INFO - DAG(s) 'example_branch_datetime_operator', 'example_branch_datetime_operator_3', 'example_branch_datetime_operator_2' retrieved from /home/jonathan-brito/python-projects/airflow/venv/lib/python3.12/site-packages/airflow/example_dags/example_branch_datetime_operator.py
[2025-04-22T11:09:41.214-0300] {logging_mixin.py:190} INFO - [2025-04-22T11:09:41.213-0300] {dag.py:3239} INFO - Sync 3 DAGs
[2025-04-22T11:09:41.236-0300] {logging_mixin.py:190} INFO - [2025-04-22T11:09:41.236-0300] {dag.py:4180} INFO - Setting next_dagrun for example_branch_datetime_operator to 2025-04-21 00:00:00+00:00, run_after=2025-04-22 00:00:00+00:00
[2025-04-22T11:09:41.241-0300] {logging_mixin.py:190} INFO - [2025-04-22T11:09:41.240-0300] {dag.py:4180} INFO - Setting next_dagrun for example_branch_datetime_operator_2 to 2025-04-21 00:00:00+00:00, run_after=2025-04-22 00:00:00+00:00
[2025-04-22T11:09:41.243-0300] {logging_mixin.py:190} INFO - [2025-04-22T11:09:41.243-0300] {dag.py:4180} INFO - Setting next_dagrun for example_branch_datetime_operator_3 to 2025-04-21 00:00:00+00:00, run_after=2025-04-22 00:00:00+00:00
[2025-04-22T11:09:41.274-0300] {processor.py:208} INFO - Processing /home/jonathan-brito/python-projects/airflow/venv/lib/python3.12/site-packages/airflow/example_dags/example_branch_datetime_operator.py took 0.110 seconds
[2025-04-22T11:10:41.379-0300] {processor.py:186} INFO - Started process (PID=50737) to work on /home/jonathan-brito/python-projects/airflow/venv/lib/python3.12/site-packages/airflow/example_dags/example_branch_datetime_operator.py
[2025-04-22T11:10:41.387-0300] {processor.py:914} INFO - Processing file /home/jonathan-brito/python-projects/airflow/venv/lib/python3.12/site-packages/airflow/example_dags/example_branch_datetime_operator.py for tasks to queue
[2025-04-22T11:10:41.391-0300] {logging_mixin.py:190} INFO - [2025-04-22T11:10:41.390-0300] {dagbag.py:588} INFO - Filling up the DagBag from /home/jonathan-brito/python-projects/airflow/venv/lib/python3.12/site-packages/airflow/example_dags/example_branch_datetime_operator.py
[2025-04-22T11:10:41.412-0300] {processor.py:925} INFO - DAG(s) 'example_branch_datetime_operator', 'example_branch_datetime_operator_3', 'example_branch_datetime_operator_2' retrieved from /home/jonathan-brito/python-projects/airflow/venv/lib/python3.12/site-packages/airflow/example_dags/example_branch_datetime_operator.py
[2025-04-22T11:10:41.437-0300] {logging_mixin.py:190} INFO - [2025-04-22T11:10:41.437-0300] {dag.py:3239} INFO - Sync 3 DAGs
[2025-04-22T11:10:41.459-0300] {logging_mixin.py:190} INFO - [2025-04-22T11:10:41.459-0300] {dag.py:4180} INFO - Setting next_dagrun for example_branch_datetime_operator to 2025-04-21 00:00:00+00:00, run_after=2025-04-22 00:00:00+00:00
[2025-04-22T11:10:41.464-0300] {logging_mixin.py:190} INFO - [2025-04-22T11:10:41.463-0300] {dag.py:4180} INFO - Setting next_dagrun for example_branch_datetime_operator_2 to 2025-04-21 00:00:00+00:00, run_after=2025-04-22 00:00:00+00:00
[2025-04-22T11:10:41.467-0300] {logging_mixin.py:190} INFO - [2025-04-22T11:10:41.467-0300] {dag.py:4180} INFO - Setting next_dagrun for example_branch_datetime_operator_3 to 2025-04-21 00:00:00+00:00, run_after=2025-04-22 00:00:00+00:00
[2025-04-22T11:10:41.495-0300] {processor.py:208} INFO - Processing /home/jonathan-brito/python-projects/airflow/venv/lib/python3.12/site-packages/airflow/example_dags/example_branch_datetime_operator.py took 0.122 seconds
