[2025-04-21T21:23:41.949-0300] {processor.py:186} INFO - Started process (PID=70595) to work on /home/jonathan-brito/python-projects/airflow/venv/lib/python3.12/site-packages/airflow/example_dags/example_sensor_decorator.py
[2025-04-21T21:23:41.950-0300] {processor.py:914} INFO - Processing file /home/jonathan-brito/python-projects/airflow/venv/lib/python3.12/site-packages/airflow/example_dags/example_sensor_decorator.py for tasks to queue
[2025-04-21T21:23:41.952-0300] {logging_mixin.py:190} INFO - [2025-04-21T21:23:41.951-0300] {dagbag.py:588} INFO - Filling up the DagBag from /home/jonathan-brito/python-projects/airflow/venv/lib/python3.12/site-packages/airflow/example_dags/example_sensor_decorator.py
[2025-04-21T21:23:41.963-0300] {processor.py:925} INFO - DAG(s) 'example_sensor_decorator' retrieved from /home/jonathan-brito/python-projects/airflow/venv/lib/python3.12/site-packages/airflow/example_dags/example_sensor_decorator.py
[2025-04-21T21:23:41.985-0300] {logging_mixin.py:190} INFO - [2025-04-21T21:23:41.985-0300] {dag.py:3239} INFO - Sync 1 DAGs
[2025-04-21T21:23:42.010-0300] {logging_mixin.py:190} INFO - [2025-04-21T21:23:42.010-0300] {dag.py:4180} INFO - Setting next_dagrun for example_sensor_decorator to None, run_after=None
[2025-04-21T21:23:42.056-0300] {processor.py:208} INFO - Processing /home/jonathan-brito/python-projects/airflow/venv/lib/python3.12/site-packages/airflow/example_dags/example_sensor_decorator.py took 0.114 seconds
[2025-04-21T21:24:51.398-0300] {processor.py:186} INFO - Started process (PID=71569) to work on /home/jonathan-brito/python-projects/airflow/venv/lib/python3.12/site-packages/airflow/example_dags/example_sensor_decorator.py
[2025-04-21T21:24:51.405-0300] {processor.py:914} INFO - Processing file /home/jonathan-brito/python-projects/airflow/venv/lib/python3.12/site-packages/airflow/example_dags/example_sensor_decorator.py for tasks to queue
[2025-04-21T21:24:51.408-0300] {logging_mixin.py:190} INFO - [2025-04-21T21:24:51.407-0300] {dagbag.py:588} INFO - Filling up the DagBag from /home/jonathan-brito/python-projects/airflow/venv/lib/python3.12/site-packages/airflow/example_dags/example_sensor_decorator.py
[2025-04-21T21:24:51.418-0300] {processor.py:925} INFO - DAG(s) 'example_sensor_decorator' retrieved from /home/jonathan-brito/python-projects/airflow/venv/lib/python3.12/site-packages/airflow/example_dags/example_sensor_decorator.py
[2025-04-21T21:24:51.435-0300] {logging_mixin.py:190} INFO - [2025-04-21T21:24:51.435-0300] {dag.py:3239} INFO - Sync 1 DAGs
[2025-04-21T21:24:51.449-0300] {logging_mixin.py:190} INFO - [2025-04-21T21:24:51.448-0300] {dag.py:4180} INFO - Setting next_dagrun for example_sensor_decorator to None, run_after=None
[2025-04-21T21:24:51.476-0300] {processor.py:208} INFO - Processing /home/jonathan-brito/python-projects/airflow/venv/lib/python3.12/site-packages/airflow/example_dags/example_sensor_decorator.py took 0.086 seconds
[2025-04-21T22:09:59.728-0300] {processor.py:186} INFO - Started process (PID=127165) to work on /home/jonathan-brito/python-projects/airflow/venv/lib/python3.12/site-packages/airflow/example_dags/example_sensor_decorator.py
[2025-04-21T22:09:59.735-0300] {processor.py:914} INFO - Processing file /home/jonathan-brito/python-projects/airflow/venv/lib/python3.12/site-packages/airflow/example_dags/example_sensor_decorator.py for tasks to queue
[2025-04-21T22:09:59.736-0300] {logging_mixin.py:190} INFO - [2025-04-21T22:09:59.736-0300] {dagbag.py:588} INFO - Filling up the DagBag from /home/jonathan-brito/python-projects/airflow/venv/lib/python3.12/site-packages/airflow/example_dags/example_sensor_decorator.py
[2025-04-21T22:09:59.743-0300] {processor.py:925} INFO - DAG(s) 'example_sensor_decorator' retrieved from /home/jonathan-brito/python-projects/airflow/venv/lib/python3.12/site-packages/airflow/example_dags/example_sensor_decorator.py
[2025-04-21T22:09:59.762-0300] {logging_mixin.py:190} INFO - [2025-04-21T22:09:59.762-0300] {dag.py:3239} INFO - Sync 1 DAGs
[2025-04-21T22:09:59.776-0300] {logging_mixin.py:190} INFO - [2025-04-21T22:09:59.776-0300] {dag.py:4180} INFO - Setting next_dagrun for example_sensor_decorator to None, run_after=None
[2025-04-21T22:09:59.803-0300] {processor.py:208} INFO - Processing /home/jonathan-brito/python-projects/airflow/venv/lib/python3.12/site-packages/airflow/example_dags/example_sensor_decorator.py took 0.081 seconds
[2025-04-21T22:11:02.352-0300] {processor.py:186} INFO - Started process (PID=128151) to work on /home/jonathan-brito/python-projects/airflow/venv/lib/python3.12/site-packages/airflow/example_dags/example_sensor_decorator.py
[2025-04-21T22:11:02.359-0300] {processor.py:914} INFO - Processing file /home/jonathan-brito/python-projects/airflow/venv/lib/python3.12/site-packages/airflow/example_dags/example_sensor_decorator.py for tasks to queue
[2025-04-21T22:11:02.361-0300] {logging_mixin.py:190} INFO - [2025-04-21T22:11:02.360-0300] {dagbag.py:588} INFO - Filling up the DagBag from /home/jonathan-brito/python-projects/airflow/venv/lib/python3.12/site-packages/airflow/example_dags/example_sensor_decorator.py
[2025-04-21T22:11:02.369-0300] {processor.py:925} INFO - DAG(s) 'example_sensor_decorator' retrieved from /home/jonathan-brito/python-projects/airflow/venv/lib/python3.12/site-packages/airflow/example_dags/example_sensor_decorator.py
[2025-04-21T22:11:02.392-0300] {logging_mixin.py:190} INFO - [2025-04-21T22:11:02.392-0300] {dag.py:3239} INFO - Sync 1 DAGs
[2025-04-21T22:11:02.412-0300] {logging_mixin.py:190} INFO - [2025-04-21T22:11:02.412-0300] {dag.py:4180} INFO - Setting next_dagrun for example_sensor_decorator to None, run_after=None
[2025-04-21T22:11:02.453-0300] {processor.py:208} INFO - Processing /home/jonathan-brito/python-projects/airflow/venv/lib/python3.12/site-packages/airflow/example_dags/example_sensor_decorator.py took 0.110 seconds
[2025-04-21T22:12:05.774-0300] {processor.py:186} INFO - Started process (PID=128848) to work on /home/jonathan-brito/python-projects/airflow/venv/lib/python3.12/site-packages/airflow/example_dags/example_sensor_decorator.py
[2025-04-21T22:12:05.782-0300] {processor.py:914} INFO - Processing file /home/jonathan-brito/python-projects/airflow/venv/lib/python3.12/site-packages/airflow/example_dags/example_sensor_decorator.py for tasks to queue
[2025-04-21T22:12:05.783-0300] {logging_mixin.py:190} INFO - [2025-04-21T22:12:05.783-0300] {dagbag.py:588} INFO - Filling up the DagBag from /home/jonathan-brito/python-projects/airflow/venv/lib/python3.12/site-packages/airflow/example_dags/example_sensor_decorator.py
[2025-04-21T22:12:05.790-0300] {processor.py:925} INFO - DAG(s) 'example_sensor_decorator' retrieved from /home/jonathan-brito/python-projects/airflow/venv/lib/python3.12/site-packages/airflow/example_dags/example_sensor_decorator.py
[2025-04-21T22:12:05.809-0300] {logging_mixin.py:190} INFO - [2025-04-21T22:12:05.808-0300] {dag.py:3239} INFO - Sync 1 DAGs
[2025-04-21T22:12:05.820-0300] {logging_mixin.py:190} INFO - [2025-04-21T22:12:05.820-0300] {dag.py:4180} INFO - Setting next_dagrun for example_sensor_decorator to None, run_after=None
[2025-04-21T22:12:05.846-0300] {processor.py:208} INFO - Processing /home/jonathan-brito/python-projects/airflow/venv/lib/python3.12/site-packages/airflow/example_dags/example_sensor_decorator.py took 0.078 seconds
[2025-04-21T22:13:07.049-0300] {processor.py:186} INFO - Started process (PID=129469) to work on /home/jonathan-brito/python-projects/airflow/venv/lib/python3.12/site-packages/airflow/example_dags/example_sensor_decorator.py
[2025-04-21T22:13:07.056-0300] {processor.py:914} INFO - Processing file /home/jonathan-brito/python-projects/airflow/venv/lib/python3.12/site-packages/airflow/example_dags/example_sensor_decorator.py for tasks to queue
[2025-04-21T22:13:07.058-0300] {logging_mixin.py:190} INFO - [2025-04-21T22:13:07.057-0300] {dagbag.py:588} INFO - Filling up the DagBag from /home/jonathan-brito/python-projects/airflow/venv/lib/python3.12/site-packages/airflow/example_dags/example_sensor_decorator.py
[2025-04-21T22:13:07.067-0300] {processor.py:925} INFO - DAG(s) 'example_sensor_decorator' retrieved from /home/jonathan-brito/python-projects/airflow/venv/lib/python3.12/site-packages/airflow/example_dags/example_sensor_decorator.py
[2025-04-21T22:13:07.091-0300] {logging_mixin.py:190} INFO - [2025-04-21T22:13:07.090-0300] {dag.py:3239} INFO - Sync 1 DAGs
[2025-04-21T22:13:07.112-0300] {logging_mixin.py:190} INFO - [2025-04-21T22:13:07.111-0300] {dag.py:4180} INFO - Setting next_dagrun for example_sensor_decorator to None, run_after=None
[2025-04-21T22:13:07.150-0300] {processor.py:208} INFO - Processing /home/jonathan-brito/python-projects/airflow/venv/lib/python3.12/site-packages/airflow/example_dags/example_sensor_decorator.py took 0.108 seconds
[2025-04-21T22:14:12.965-0300] {processor.py:186} INFO - Started process (PID=130253) to work on /home/jonathan-brito/python-projects/airflow/venv/lib/python3.12/site-packages/airflow/example_dags/example_sensor_decorator.py
[2025-04-21T22:14:12.972-0300] {processor.py:914} INFO - Processing file /home/jonathan-brito/python-projects/airflow/venv/lib/python3.12/site-packages/airflow/example_dags/example_sensor_decorator.py for tasks to queue
[2025-04-21T22:14:12.974-0300] {logging_mixin.py:190} INFO - [2025-04-21T22:14:12.973-0300] {dagbag.py:588} INFO - Filling up the DagBag from /home/jonathan-brito/python-projects/airflow/venv/lib/python3.12/site-packages/airflow/example_dags/example_sensor_decorator.py
[2025-04-21T22:14:12.981-0300] {processor.py:925} INFO - DAG(s) 'example_sensor_decorator' retrieved from /home/jonathan-brito/python-projects/airflow/venv/lib/python3.12/site-packages/airflow/example_dags/example_sensor_decorator.py
[2025-04-21T22:14:12.998-0300] {logging_mixin.py:190} INFO - [2025-04-21T22:14:12.998-0300] {dag.py:3239} INFO - Sync 1 DAGs
[2025-04-21T22:14:13.014-0300] {logging_mixin.py:190} INFO - [2025-04-21T22:14:13.013-0300] {dag.py:4180} INFO - Setting next_dagrun for example_sensor_decorator to None, run_after=None
[2025-04-21T22:14:13.054-0300] {processor.py:208} INFO - Processing /home/jonathan-brito/python-projects/airflow/venv/lib/python3.12/site-packages/airflow/example_dags/example_sensor_decorator.py took 0.096 seconds
[2025-04-21T22:15:13.914-0300] {processor.py:186} INFO - Started process (PID=130915) to work on /home/jonathan-brito/python-projects/airflow/venv/lib/python3.12/site-packages/airflow/example_dags/example_sensor_decorator.py
[2025-04-21T22:15:13.921-0300] {processor.py:914} INFO - Processing file /home/jonathan-brito/python-projects/airflow/venv/lib/python3.12/site-packages/airflow/example_dags/example_sensor_decorator.py for tasks to queue
[2025-04-21T22:15:13.922-0300] {logging_mixin.py:190} INFO - [2025-04-21T22:15:13.922-0300] {dagbag.py:588} INFO - Filling up the DagBag from /home/jonathan-brito/python-projects/airflow/venv/lib/python3.12/site-packages/airflow/example_dags/example_sensor_decorator.py
[2025-04-21T22:15:13.929-0300] {processor.py:925} INFO - DAG(s) 'example_sensor_decorator' retrieved from /home/jonathan-brito/python-projects/airflow/venv/lib/python3.12/site-packages/airflow/example_dags/example_sensor_decorator.py
[2025-04-21T22:15:13.948-0300] {logging_mixin.py:190} INFO - [2025-04-21T22:15:13.948-0300] {dag.py:3239} INFO - Sync 1 DAGs
[2025-04-21T22:15:13.967-0300] {logging_mixin.py:190} INFO - [2025-04-21T22:15:13.967-0300] {dag.py:4180} INFO - Setting next_dagrun for example_sensor_decorator to None, run_after=None
[2025-04-21T22:15:14.007-0300] {processor.py:208} INFO - Processing /home/jonathan-brito/python-projects/airflow/venv/lib/python3.12/site-packages/airflow/example_dags/example_sensor_decorator.py took 0.100 seconds
[2025-04-21T22:16:16.188-0300] {processor.py:186} INFO - Started process (PID=131578) to work on /home/jonathan-brito/python-projects/airflow/venv/lib/python3.12/site-packages/airflow/example_dags/example_sensor_decorator.py
[2025-04-21T22:16:16.195-0300] {processor.py:914} INFO - Processing file /home/jonathan-brito/python-projects/airflow/venv/lib/python3.12/site-packages/airflow/example_dags/example_sensor_decorator.py for tasks to queue
[2025-04-21T22:16:16.196-0300] {logging_mixin.py:190} INFO - [2025-04-21T22:16:16.196-0300] {dagbag.py:588} INFO - Filling up the DagBag from /home/jonathan-brito/python-projects/airflow/venv/lib/python3.12/site-packages/airflow/example_dags/example_sensor_decorator.py
[2025-04-21T22:16:16.203-0300] {processor.py:925} INFO - DAG(s) 'example_sensor_decorator' retrieved from /home/jonathan-brito/python-projects/airflow/venv/lib/python3.12/site-packages/airflow/example_dags/example_sensor_decorator.py
[2025-04-21T22:16:16.219-0300] {logging_mixin.py:190} INFO - [2025-04-21T22:16:16.218-0300] {dag.py:3239} INFO - Sync 1 DAGs
[2025-04-21T22:16:16.230-0300] {logging_mixin.py:190} INFO - [2025-04-21T22:16:16.229-0300] {dag.py:4180} INFO - Setting next_dagrun for example_sensor_decorator to None, run_after=None
[2025-04-21T22:16:16.256-0300] {processor.py:208} INFO - Processing /home/jonathan-brito/python-projects/airflow/venv/lib/python3.12/site-packages/airflow/example_dags/example_sensor_decorator.py took 0.075 seconds
[2025-04-21T22:17:20.049-0300] {processor.py:186} INFO - Started process (PID=132214) to work on /home/jonathan-brito/python-projects/airflow/venv/lib/python3.12/site-packages/airflow/example_dags/example_sensor_decorator.py
[2025-04-21T22:17:20.056-0300] {processor.py:914} INFO - Processing file /home/jonathan-brito/python-projects/airflow/venv/lib/python3.12/site-packages/airflow/example_dags/example_sensor_decorator.py for tasks to queue
[2025-04-21T22:17:20.058-0300] {logging_mixin.py:190} INFO - [2025-04-21T22:17:20.057-0300] {dagbag.py:588} INFO - Filling up the DagBag from /home/jonathan-brito/python-projects/airflow/venv/lib/python3.12/site-packages/airflow/example_dags/example_sensor_decorator.py
[2025-04-21T22:17:20.065-0300] {processor.py:925} INFO - DAG(s) 'example_sensor_decorator' retrieved from /home/jonathan-brito/python-projects/airflow/venv/lib/python3.12/site-packages/airflow/example_dags/example_sensor_decorator.py
[2025-04-21T22:17:20.081-0300] {logging_mixin.py:190} INFO - [2025-04-21T22:17:20.081-0300] {dag.py:3239} INFO - Sync 1 DAGs
[2025-04-21T22:17:20.093-0300] {logging_mixin.py:190} INFO - [2025-04-21T22:17:20.093-0300] {dag.py:4180} INFO - Setting next_dagrun for example_sensor_decorator to None, run_after=None
[2025-04-21T22:17:20.115-0300] {processor.py:208} INFO - Processing /home/jonathan-brito/python-projects/airflow/venv/lib/python3.12/site-packages/airflow/example_dags/example_sensor_decorator.py took 0.075 seconds
[2025-04-21T22:18:20.751-0300] {processor.py:186} INFO - Started process (PID=132859) to work on /home/jonathan-brito/python-projects/airflow/venv/lib/python3.12/site-packages/airflow/example_dags/example_sensor_decorator.py
[2025-04-21T22:18:20.759-0300] {processor.py:914} INFO - Processing file /home/jonathan-brito/python-projects/airflow/venv/lib/python3.12/site-packages/airflow/example_dags/example_sensor_decorator.py for tasks to queue
[2025-04-21T22:18:20.763-0300] {logging_mixin.py:190} INFO - [2025-04-21T22:18:20.761-0300] {dagbag.py:588} INFO - Filling up the DagBag from /home/jonathan-brito/python-projects/airflow/venv/lib/python3.12/site-packages/airflow/example_dags/example_sensor_decorator.py
[2025-04-21T22:18:20.779-0300] {processor.py:925} INFO - DAG(s) 'example_sensor_decorator' retrieved from /home/jonathan-brito/python-projects/airflow/venv/lib/python3.12/site-packages/airflow/example_dags/example_sensor_decorator.py
[2025-04-21T22:18:20.806-0300] {logging_mixin.py:190} INFO - [2025-04-21T22:18:20.805-0300] {dag.py:3239} INFO - Sync 1 DAGs
[2025-04-21T22:18:20.820-0300] {logging_mixin.py:190} INFO - [2025-04-21T22:18:20.820-0300] {dag.py:4180} INFO - Setting next_dagrun for example_sensor_decorator to None, run_after=None
[2025-04-21T22:18:20.855-0300] {processor.py:208} INFO - Processing /home/jonathan-brito/python-projects/airflow/venv/lib/python3.12/site-packages/airflow/example_dags/example_sensor_decorator.py took 0.128 seconds
[2025-04-21T22:19:25.879-0300] {processor.py:186} INFO - Started process (PID=133527) to work on /home/jonathan-brito/python-projects/airflow/venv/lib/python3.12/site-packages/airflow/example_dags/example_sensor_decorator.py
[2025-04-21T22:19:25.887-0300] {processor.py:914} INFO - Processing file /home/jonathan-brito/python-projects/airflow/venv/lib/python3.12/site-packages/airflow/example_dags/example_sensor_decorator.py for tasks to queue
[2025-04-21T22:19:25.888-0300] {logging_mixin.py:190} INFO - [2025-04-21T22:19:25.888-0300] {dagbag.py:588} INFO - Filling up the DagBag from /home/jonathan-brito/python-projects/airflow/venv/lib/python3.12/site-packages/airflow/example_dags/example_sensor_decorator.py
[2025-04-21T22:19:25.897-0300] {processor.py:925} INFO - DAG(s) 'example_sensor_decorator' retrieved from /home/jonathan-brito/python-projects/airflow/venv/lib/python3.12/site-packages/airflow/example_dags/example_sensor_decorator.py
[2025-04-21T22:19:25.915-0300] {logging_mixin.py:190} INFO - [2025-04-21T22:19:25.915-0300] {dag.py:3239} INFO - Sync 1 DAGs
[2025-04-21T22:19:25.926-0300] {logging_mixin.py:190} INFO - [2025-04-21T22:19:25.926-0300] {dag.py:4180} INFO - Setting next_dagrun for example_sensor_decorator to None, run_after=None
[2025-04-21T22:19:25.952-0300] {processor.py:208} INFO - Processing /home/jonathan-brito/python-projects/airflow/venv/lib/python3.12/site-packages/airflow/example_dags/example_sensor_decorator.py took 0.080 seconds
[2025-04-21T22:20:29.908-0300] {processor.py:186} INFO - Started process (PID=134314) to work on /home/jonathan-brito/python-projects/airflow/venv/lib/python3.12/site-packages/airflow/example_dags/example_sensor_decorator.py
[2025-04-21T22:20:29.915-0300] {processor.py:914} INFO - Processing file /home/jonathan-brito/python-projects/airflow/venv/lib/python3.12/site-packages/airflow/example_dags/example_sensor_decorator.py for tasks to queue
[2025-04-21T22:20:29.917-0300] {logging_mixin.py:190} INFO - [2025-04-21T22:20:29.916-0300] {dagbag.py:588} INFO - Filling up the DagBag from /home/jonathan-brito/python-projects/airflow/venv/lib/python3.12/site-packages/airflow/example_dags/example_sensor_decorator.py
[2025-04-21T22:20:29.923-0300] {processor.py:925} INFO - DAG(s) 'example_sensor_decorator' retrieved from /home/jonathan-brito/python-projects/airflow/venv/lib/python3.12/site-packages/airflow/example_dags/example_sensor_decorator.py
[2025-04-21T22:20:29.939-0300] {logging_mixin.py:190} INFO - [2025-04-21T22:20:29.939-0300] {dag.py:3239} INFO - Sync 1 DAGs
[2025-04-21T22:20:29.951-0300] {logging_mixin.py:190} INFO - [2025-04-21T22:20:29.950-0300] {dag.py:4180} INFO - Setting next_dagrun for example_sensor_decorator to None, run_after=None
[2025-04-21T22:20:29.972-0300] {processor.py:208} INFO - Processing /home/jonathan-brito/python-projects/airflow/venv/lib/python3.12/site-packages/airflow/example_dags/example_sensor_decorator.py took 0.070 seconds
[2025-04-22T10:24:30.976-0300] {processor.py:186} INFO - Started process (PID=11072) to work on /home/jonathan-brito/python-projects/airflow/venv/lib/python3.12/site-packages/airflow/example_dags/example_sensor_decorator.py
[2025-04-22T10:24:30.983-0300] {processor.py:914} INFO - Processing file /home/jonathan-brito/python-projects/airflow/venv/lib/python3.12/site-packages/airflow/example_dags/example_sensor_decorator.py for tasks to queue
[2025-04-22T10:24:30.985-0300] {logging_mixin.py:190} INFO - [2025-04-22T10:24:30.985-0300] {dagbag.py:588} INFO - Filling up the DagBag from /home/jonathan-brito/python-projects/airflow/venv/lib/python3.12/site-packages/airflow/example_dags/example_sensor_decorator.py
[2025-04-22T10:24:30.996-0300] {processor.py:925} INFO - DAG(s) 'example_sensor_decorator' retrieved from /home/jonathan-brito/python-projects/airflow/venv/lib/python3.12/site-packages/airflow/example_dags/example_sensor_decorator.py
[2025-04-22T10:24:31.022-0300] {logging_mixin.py:190} INFO - [2025-04-22T10:24:31.022-0300] {dag.py:3239} INFO - Sync 1 DAGs
[2025-04-22T10:24:31.046-0300] {logging_mixin.py:190} INFO - [2025-04-22T10:24:31.046-0300] {dag.py:4180} INFO - Setting next_dagrun for example_sensor_decorator to None, run_after=None
[2025-04-22T10:24:31.088-0300] {processor.py:208} INFO - Processing /home/jonathan-brito/python-projects/airflow/venv/lib/python3.12/site-packages/airflow/example_dags/example_sensor_decorator.py took 0.121 seconds
[2025-04-22T10:25:36.009-0300] {processor.py:186} INFO - Started process (PID=11966) to work on /home/jonathan-brito/python-projects/airflow/venv/lib/python3.12/site-packages/airflow/example_dags/example_sensor_decorator.py
[2025-04-22T10:25:36.016-0300] {processor.py:914} INFO - Processing file /home/jonathan-brito/python-projects/airflow/venv/lib/python3.12/site-packages/airflow/example_dags/example_sensor_decorator.py for tasks to queue
[2025-04-22T10:25:36.019-0300] {logging_mixin.py:190} INFO - [2025-04-22T10:25:36.018-0300] {dagbag.py:588} INFO - Filling up the DagBag from /home/jonathan-brito/python-projects/airflow/venv/lib/python3.12/site-packages/airflow/example_dags/example_sensor_decorator.py
[2025-04-22T10:25:36.030-0300] {processor.py:925} INFO - DAG(s) 'example_sensor_decorator' retrieved from /home/jonathan-brito/python-projects/airflow/venv/lib/python3.12/site-packages/airflow/example_dags/example_sensor_decorator.py
[2025-04-22T10:25:36.046-0300] {logging_mixin.py:190} INFO - [2025-04-22T10:25:36.046-0300] {dag.py:3239} INFO - Sync 1 DAGs
[2025-04-22T10:25:36.060-0300] {logging_mixin.py:190} INFO - [2025-04-22T10:25:36.060-0300] {dag.py:4180} INFO - Setting next_dagrun for example_sensor_decorator to None, run_after=None
[2025-04-22T10:25:36.084-0300] {processor.py:208} INFO - Processing /home/jonathan-brito/python-projects/airflow/venv/lib/python3.12/site-packages/airflow/example_dags/example_sensor_decorator.py took 0.082 seconds
[2025-04-22T10:27:47.285-0300] {processor.py:186} INFO - Started process (PID=14090) to work on /home/jonathan-brito/python-projects/airflow/venv/lib/python3.12/site-packages/airflow/example_dags/example_sensor_decorator.py
[2025-04-22T10:27:47.292-0300] {processor.py:914} INFO - Processing file /home/jonathan-brito/python-projects/airflow/venv/lib/python3.12/site-packages/airflow/example_dags/example_sensor_decorator.py for tasks to queue
[2025-04-22T10:27:47.298-0300] {logging_mixin.py:190} INFO - [2025-04-22T10:27:47.298-0300] {dagbag.py:588} INFO - Filling up the DagBag from /home/jonathan-brito/python-projects/airflow/venv/lib/python3.12/site-packages/airflow/example_dags/example_sensor_decorator.py
[2025-04-22T10:27:47.318-0300] {processor.py:925} INFO - DAG(s) 'example_sensor_decorator' retrieved from /home/jonathan-brito/python-projects/airflow/venv/lib/python3.12/site-packages/airflow/example_dags/example_sensor_decorator.py
[2025-04-22T10:27:47.349-0300] {logging_mixin.py:190} INFO - [2025-04-22T10:27:47.349-0300] {dag.py:3239} INFO - Sync 1 DAGs
[2025-04-22T10:27:47.369-0300] {logging_mixin.py:190} INFO - [2025-04-22T10:27:47.369-0300] {dag.py:4180} INFO - Setting next_dagrun for example_sensor_decorator to None, run_after=None
[2025-04-22T10:27:47.399-0300] {processor.py:208} INFO - Processing /home/jonathan-brito/python-projects/airflow/venv/lib/python3.12/site-packages/airflow/example_dags/example_sensor_decorator.py took 0.122 seconds
[2025-04-22T10:30:34.779-0300] {processor.py:186} INFO - Started process (PID=16178) to work on /home/jonathan-brito/python-projects/airflow/venv/lib/python3.12/site-packages/airflow/example_dags/example_sensor_decorator.py
[2025-04-22T10:30:34.786-0300] {processor.py:914} INFO - Processing file /home/jonathan-brito/python-projects/airflow/venv/lib/python3.12/site-packages/airflow/example_dags/example_sensor_decorator.py for tasks to queue
[2025-04-22T10:30:34.791-0300] {logging_mixin.py:190} INFO - [2025-04-22T10:30:34.791-0300] {dagbag.py:588} INFO - Filling up the DagBag from /home/jonathan-brito/python-projects/airflow/venv/lib/python3.12/site-packages/airflow/example_dags/example_sensor_decorator.py
[2025-04-22T10:30:34.806-0300] {processor.py:925} INFO - DAG(s) 'example_sensor_decorator' retrieved from /home/jonathan-brito/python-projects/airflow/venv/lib/python3.12/site-packages/airflow/example_dags/example_sensor_decorator.py
[2025-04-22T10:30:34.823-0300] {logging_mixin.py:190} INFO - [2025-04-22T10:30:34.822-0300] {dag.py:3239} INFO - Sync 1 DAGs
[2025-04-22T10:30:34.836-0300] {logging_mixin.py:190} INFO - [2025-04-22T10:30:34.836-0300] {dag.py:4180} INFO - Setting next_dagrun for example_sensor_decorator to None, run_after=None
[2025-04-22T10:30:34.861-0300] {processor.py:208} INFO - Processing /home/jonathan-brito/python-projects/airflow/venv/lib/python3.12/site-packages/airflow/example_dags/example_sensor_decorator.py took 0.088 seconds
[2025-04-22T10:31:25.290-0300] {processor.py:186} INFO - Started process (PID=16773) to work on /home/jonathan-brito/python-projects/airflow/venv/lib/python3.12/site-packages/airflow/example_dags/example_sensor_decorator.py
[2025-04-22T10:31:25.297-0300] {processor.py:914} INFO - Processing file /home/jonathan-brito/python-projects/airflow/venv/lib/python3.12/site-packages/airflow/example_dags/example_sensor_decorator.py for tasks to queue
[2025-04-22T10:31:25.299-0300] {logging_mixin.py:190} INFO - [2025-04-22T10:31:25.299-0300] {dagbag.py:588} INFO - Filling up the DagBag from /home/jonathan-brito/python-projects/airflow/venv/lib/python3.12/site-packages/airflow/example_dags/example_sensor_decorator.py
[2025-04-22T10:31:25.309-0300] {processor.py:925} INFO - DAG(s) 'example_sensor_decorator' retrieved from /home/jonathan-brito/python-projects/airflow/venv/lib/python3.12/site-packages/airflow/example_dags/example_sensor_decorator.py
[2025-04-22T10:31:25.327-0300] {logging_mixin.py:190} INFO - [2025-04-22T10:31:25.327-0300] {dag.py:3239} INFO - Sync 1 DAGs
[2025-04-22T10:31:25.341-0300] {logging_mixin.py:190} INFO - [2025-04-22T10:31:25.341-0300] {dag.py:4180} INFO - Setting next_dagrun for example_sensor_decorator to None, run_after=None
[2025-04-22T10:31:25.369-0300] {processor.py:208} INFO - Processing /home/jonathan-brito/python-projects/airflow/venv/lib/python3.12/site-packages/airflow/example_dags/example_sensor_decorator.py took 0.085 seconds
[2025-04-22T11:08:12.340-0300] {processor.py:186} INFO - Started process (PID=49652) to work on /home/jonathan-brito/python-projects/airflow/venv/lib/python3.12/site-packages/airflow/example_dags/example_sensor_decorator.py
[2025-04-22T11:08:12.341-0300] {processor.py:914} INFO - Processing file /home/jonathan-brito/python-projects/airflow/venv/lib/python3.12/site-packages/airflow/example_dags/example_sensor_decorator.py for tasks to queue
[2025-04-22T11:08:12.342-0300] {logging_mixin.py:190} INFO - [2025-04-22T11:08:12.342-0300] {dagbag.py:588} INFO - Filling up the DagBag from /home/jonathan-brito/python-projects/airflow/venv/lib/python3.12/site-packages/airflow/example_dags/example_sensor_decorator.py
[2025-04-22T11:08:12.348-0300] {processor.py:925} INFO - DAG(s) 'example_sensor_decorator' retrieved from /home/jonathan-brito/python-projects/airflow/venv/lib/python3.12/site-packages/airflow/example_dags/example_sensor_decorator.py
[2025-04-22T11:08:12.367-0300] {logging_mixin.py:190} INFO - [2025-04-22T11:08:12.367-0300] {dag.py:3239} INFO - Sync 1 DAGs
[2025-04-22T11:08:12.379-0300] {logging_mixin.py:190} INFO - [2025-04-22T11:08:12.379-0300] {dag.py:4180} INFO - Setting next_dagrun for example_sensor_decorator to None, run_after=None
[2025-04-22T11:08:12.403-0300] {processor.py:208} INFO - Processing /home/jonathan-brito/python-projects/airflow/venv/lib/python3.12/site-packages/airflow/example_dags/example_sensor_decorator.py took 0.069 seconds
[2025-04-22T11:09:12.975-0300] {processor.py:186} INFO - Started process (PID=50044) to work on /home/jonathan-brito/python-projects/airflow/venv/lib/python3.12/site-packages/airflow/example_dags/example_sensor_decorator.py
[2025-04-22T11:09:12.982-0300] {processor.py:914} INFO - Processing file /home/jonathan-brito/python-projects/airflow/venv/lib/python3.12/site-packages/airflow/example_dags/example_sensor_decorator.py for tasks to queue
[2025-04-22T11:09:12.984-0300] {logging_mixin.py:190} INFO - [2025-04-22T11:09:12.983-0300] {dagbag.py:588} INFO - Filling up the DagBag from /home/jonathan-brito/python-projects/airflow/venv/lib/python3.12/site-packages/airflow/example_dags/example_sensor_decorator.py
[2025-04-22T11:09:12.991-0300] {processor.py:925} INFO - DAG(s) 'example_sensor_decorator' retrieved from /home/jonathan-brito/python-projects/airflow/venv/lib/python3.12/site-packages/airflow/example_dags/example_sensor_decorator.py
[2025-04-22T11:09:13.009-0300] {logging_mixin.py:190} INFO - [2025-04-22T11:09:13.008-0300] {dag.py:3239} INFO - Sync 1 DAGs
[2025-04-22T11:09:13.021-0300] {logging_mixin.py:190} INFO - [2025-04-22T11:09:13.020-0300] {dag.py:4180} INFO - Setting next_dagrun for example_sensor_decorator to None, run_after=None
[2025-04-22T11:09:13.046-0300] {processor.py:208} INFO - Processing /home/jonathan-brito/python-projects/airflow/venv/lib/python3.12/site-packages/airflow/example_dags/example_sensor_decorator.py took 0.077 seconds
[2025-04-22T11:10:12.657-0300] {processor.py:186} INFO - Started process (PID=50585) to work on /home/jonathan-brito/python-projects/airflow/venv/lib/python3.12/site-packages/airflow/example_dags/example_sensor_decorator.py
[2025-04-22T11:10:12.664-0300] {processor.py:914} INFO - Processing file /home/jonathan-brito/python-projects/airflow/venv/lib/python3.12/site-packages/airflow/example_dags/example_sensor_decorator.py for tasks to queue
[2025-04-22T11:10:12.666-0300] {logging_mixin.py:190} INFO - [2025-04-22T11:10:12.665-0300] {dagbag.py:588} INFO - Filling up the DagBag from /home/jonathan-brito/python-projects/airflow/venv/lib/python3.12/site-packages/airflow/example_dags/example_sensor_decorator.py
[2025-04-22T11:10:12.673-0300] {processor.py:925} INFO - DAG(s) 'example_sensor_decorator' retrieved from /home/jonathan-brito/python-projects/airflow/venv/lib/python3.12/site-packages/airflow/example_dags/example_sensor_decorator.py
[2025-04-22T11:10:12.689-0300] {logging_mixin.py:190} INFO - [2025-04-22T11:10:12.689-0300] {dag.py:3239} INFO - Sync 1 DAGs
[2025-04-22T11:10:12.702-0300] {logging_mixin.py:190} INFO - [2025-04-22T11:10:12.701-0300] {dag.py:4180} INFO - Setting next_dagrun for example_sensor_decorator to None, run_after=None
[2025-04-22T11:10:12.739-0300] {processor.py:208} INFO - Processing /home/jonathan-brito/python-projects/airflow/venv/lib/python3.12/site-packages/airflow/example_dags/example_sensor_decorator.py took 0.089 seconds
[2025-04-22T11:11:14.948-0300] {processor.py:186} INFO - Started process (PID=50982) to work on /home/jonathan-brito/python-projects/airflow/venv/lib/python3.12/site-packages/airflow/example_dags/example_sensor_decorator.py
[2025-04-22T11:11:14.956-0300] {processor.py:914} INFO - Processing file /home/jonathan-brito/python-projects/airflow/venv/lib/python3.12/site-packages/airflow/example_dags/example_sensor_decorator.py for tasks to queue
[2025-04-22T11:11:14.960-0300] {logging_mixin.py:190} INFO - [2025-04-22T11:11:14.958-0300] {dagbag.py:588} INFO - Filling up the DagBag from /home/jonathan-brito/python-projects/airflow/venv/lib/python3.12/site-packages/airflow/example_dags/example_sensor_decorator.py
[2025-04-22T11:11:14.976-0300] {processor.py:925} INFO - DAG(s) 'example_sensor_decorator' retrieved from /home/jonathan-brito/python-projects/airflow/venv/lib/python3.12/site-packages/airflow/example_dags/example_sensor_decorator.py
[2025-04-22T11:11:14.995-0300] {logging_mixin.py:190} INFO - [2025-04-22T11:11:14.995-0300] {dag.py:3239} INFO - Sync 1 DAGs
[2025-04-22T11:11:15.008-0300] {logging_mixin.py:190} INFO - [2025-04-22T11:11:15.008-0300] {dag.py:4180} INFO - Setting next_dagrun for example_sensor_decorator to None, run_after=None
[2025-04-22T11:11:15.040-0300] {processor.py:208} INFO - Processing /home/jonathan-brito/python-projects/airflow/venv/lib/python3.12/site-packages/airflow/example_dags/example_sensor_decorator.py took 0.099 seconds
