[2025-04-21T21:00:26.438-0300] {processor.py:186} INFO - Started process (PID=54827) to work on /home/jonathan-brito/python-projects/airflow/venv/lib/python3.12/site-packages/airflow/example_dags/example_branch_python_dop_operator_3.py
[2025-04-21T21:00:26.439-0300] {processor.py:914} INFO - Processing file /home/jonathan-brito/python-projects/airflow/venv/lib/python3.12/site-packages/airflow/example_dags/example_branch_python_dop_operator_3.py for tasks to queue
[2025-04-21T21:00:26.441-0300] {logging_mixin.py:190} INFO - [2025-04-21T21:00:26.440-0300] {dagbag.py:588} INFO - Filling up the DagBag from /home/jonathan-brito/python-projects/airflow/venv/lib/python3.12/site-packages/airflow/example_dags/example_branch_python_dop_operator_3.py
[2025-04-21T21:00:26.450-0300] {processor.py:925} INFO - DAG(s) 'example_branch_dop_operator_v3' retrieved from /home/jonathan-brito/python-projects/airflow/venv/lib/python3.12/site-packages/airflow/example_dags/example_branch_python_dop_operator_3.py
[2025-04-21T21:00:26.467-0300] {logging_mixin.py:190} INFO - [2025-04-21T21:00:26.467-0300] {dag.py:3239} INFO - Sync 1 DAGs
[2025-04-21T21:00:26.489-0300] {logging_mixin.py:190} INFO - [2025-04-21T21:00:26.489-0300] {dag.py:4180} INFO - Setting next_dagrun for example_branch_dop_operator_v3 to 2025-04-21 23:59:00+00:00, run_after=2025-04-22 00:00:00+00:00
[2025-04-21T21:00:26.522-0300] {processor.py:208} INFO - Processing /home/jonathan-brito/python-projects/airflow/venv/lib/python3.12/site-packages/airflow/example_dags/example_branch_python_dop_operator_3.py took 0.091 seconds
[2025-04-21T21:24:04.153-0300] {processor.py:186} INFO - Started process (PID=70794) to work on /home/jonathan-brito/python-projects/airflow/venv/lib/python3.12/site-packages/airflow/example_dags/example_branch_python_dop_operator_3.py
[2025-04-21T21:24:04.156-0300] {processor.py:914} INFO - Processing file /home/jonathan-brito/python-projects/airflow/venv/lib/python3.12/site-packages/airflow/example_dags/example_branch_python_dop_operator_3.py for tasks to queue
[2025-04-21T21:24:04.158-0300] {logging_mixin.py:190} INFO - [2025-04-21T21:24:04.158-0300] {dagbag.py:588} INFO - Filling up the DagBag from /home/jonathan-brito/python-projects/airflow/venv/lib/python3.12/site-packages/airflow/example_dags/example_branch_python_dop_operator_3.py
[2025-04-21T21:24:04.170-0300] {processor.py:925} INFO - DAG(s) 'example_branch_dop_operator_v3' retrieved from /home/jonathan-brito/python-projects/airflow/venv/lib/python3.12/site-packages/airflow/example_dags/example_branch_python_dop_operator_3.py
[2025-04-21T21:24:04.186-0300] {logging_mixin.py:190} INFO - [2025-04-21T21:24:04.186-0300] {dag.py:3239} INFO - Sync 1 DAGs
[2025-04-21T21:24:04.212-0300] {logging_mixin.py:190} INFO - [2025-04-21T21:24:04.211-0300] {dag.py:4180} INFO - Setting next_dagrun for example_branch_dop_operator_v3 to 2025-04-22 00:23:00+00:00, run_after=2025-04-22 00:24:00+00:00
[2025-04-21T21:24:04.246-0300] {processor.py:208} INFO - Processing /home/jonathan-brito/python-projects/airflow/venv/lib/python3.12/site-packages/airflow/example_dags/example_branch_python_dop_operator_3.py took 0.101 seconds
[2025-04-21T22:10:21.597-0300] {processor.py:186} INFO - Started process (PID=127367) to work on /home/jonathan-brito/python-projects/airflow/venv/lib/python3.12/site-packages/airflow/example_dags/example_branch_python_dop_operator_3.py
[2025-04-21T22:10:21.604-0300] {processor.py:914} INFO - Processing file /home/jonathan-brito/python-projects/airflow/venv/lib/python3.12/site-packages/airflow/example_dags/example_branch_python_dop_operator_3.py for tasks to queue
[2025-04-21T22:10:21.605-0300] {logging_mixin.py:190} INFO - [2025-04-21T22:10:21.604-0300] {dagbag.py:588} INFO - Filling up the DagBag from /home/jonathan-brito/python-projects/airflow/venv/lib/python3.12/site-packages/airflow/example_dags/example_branch_python_dop_operator_3.py
[2025-04-21T22:10:21.612-0300] {processor.py:925} INFO - DAG(s) 'example_branch_dop_operator_v3' retrieved from /home/jonathan-brito/python-projects/airflow/venv/lib/python3.12/site-packages/airflow/example_dags/example_branch_python_dop_operator_3.py
[2025-04-21T22:10:21.629-0300] {logging_mixin.py:190} INFO - [2025-04-21T22:10:21.629-0300] {dag.py:3239} INFO - Sync 1 DAGs
[2025-04-21T22:10:21.649-0300] {logging_mixin.py:190} INFO - [2025-04-21T22:10:21.649-0300] {dag.py:4180} INFO - Setting next_dagrun for example_branch_dop_operator_v3 to 2025-04-22 01:09:00+00:00, run_after=2025-04-22 01:10:00+00:00
[2025-04-21T22:10:21.676-0300] {processor.py:208} INFO - Processing /home/jonathan-brito/python-projects/airflow/venv/lib/python3.12/site-packages/airflow/example_dags/example_branch_python_dop_operator_3.py took 0.089 seconds
[2025-04-21T22:11:27.023-0300] {processor.py:186} INFO - Started process (PID=128365) to work on /home/jonathan-brito/python-projects/airflow/venv/lib/python3.12/site-packages/airflow/example_dags/example_branch_python_dop_operator_3.py
[2025-04-21T22:11:27.035-0300] {processor.py:914} INFO - Processing file /home/jonathan-brito/python-projects/airflow/venv/lib/python3.12/site-packages/airflow/example_dags/example_branch_python_dop_operator_3.py for tasks to queue
[2025-04-21T22:11:27.040-0300] {logging_mixin.py:190} INFO - [2025-04-21T22:11:27.037-0300] {dagbag.py:588} INFO - Filling up the DagBag from /home/jonathan-brito/python-projects/airflow/venv/lib/python3.12/site-packages/airflow/example_dags/example_branch_python_dop_operator_3.py
[2025-04-21T22:11:27.054-0300] {processor.py:925} INFO - DAG(s) 'example_branch_dop_operator_v3' retrieved from /home/jonathan-brito/python-projects/airflow/venv/lib/python3.12/site-packages/airflow/example_dags/example_branch_python_dop_operator_3.py
[2025-04-21T22:11:27.073-0300] {logging_mixin.py:190} INFO - [2025-04-21T22:11:27.073-0300] {dag.py:3239} INFO - Sync 1 DAGs
[2025-04-21T22:11:27.099-0300] {logging_mixin.py:190} INFO - [2025-04-21T22:11:27.099-0300] {dag.py:4180} INFO - Setting next_dagrun for example_branch_dop_operator_v3 to 2025-04-22 01:10:00+00:00, run_after=2025-04-22 01:11:00+00:00
[2025-04-21T22:11:27.124-0300] {processor.py:208} INFO - Processing /home/jonathan-brito/python-projects/airflow/venv/lib/python3.12/site-packages/airflow/example_dags/example_branch_python_dop_operator_3.py took 0.130 seconds
[2025-04-21T22:12:28.677-0300] {processor.py:186} INFO - Started process (PID=129077) to work on /home/jonathan-brito/python-projects/airflow/venv/lib/python3.12/site-packages/airflow/example_dags/example_branch_python_dop_operator_3.py
[2025-04-21T22:12:28.684-0300] {processor.py:914} INFO - Processing file /home/jonathan-brito/python-projects/airflow/venv/lib/python3.12/site-packages/airflow/example_dags/example_branch_python_dop_operator_3.py for tasks to queue
[2025-04-21T22:12:28.685-0300] {logging_mixin.py:190} INFO - [2025-04-21T22:12:28.685-0300] {dagbag.py:588} INFO - Filling up the DagBag from /home/jonathan-brito/python-projects/airflow/venv/lib/python3.12/site-packages/airflow/example_dags/example_branch_python_dop_operator_3.py
[2025-04-21T22:12:28.693-0300] {processor.py:925} INFO - DAG(s) 'example_branch_dop_operator_v3' retrieved from /home/jonathan-brito/python-projects/airflow/venv/lib/python3.12/site-packages/airflow/example_dags/example_branch_python_dop_operator_3.py
[2025-04-21T22:12:28.710-0300] {logging_mixin.py:190} INFO - [2025-04-21T22:12:28.710-0300] {dag.py:3239} INFO - Sync 1 DAGs
[2025-04-21T22:12:28.736-0300] {logging_mixin.py:190} INFO - [2025-04-21T22:12:28.735-0300] {dag.py:4180} INFO - Setting next_dagrun for example_branch_dop_operator_v3 to 2025-04-22 01:11:00+00:00, run_after=2025-04-22 01:12:00+00:00
[2025-04-21T22:12:28.773-0300] {processor.py:208} INFO - Processing /home/jonathan-brito/python-projects/airflow/venv/lib/python3.12/site-packages/airflow/example_dags/example_branch_python_dop_operator_3.py took 0.103 seconds
[2025-04-21T22:13:32.512-0300] {processor.py:186} INFO - Started process (PID=129835) to work on /home/jonathan-brito/python-projects/airflow/venv/lib/python3.12/site-packages/airflow/example_dags/example_branch_python_dop_operator_3.py
[2025-04-21T22:13:32.513-0300] {processor.py:914} INFO - Processing file /home/jonathan-brito/python-projects/airflow/venv/lib/python3.12/site-packages/airflow/example_dags/example_branch_python_dop_operator_3.py for tasks to queue
[2025-04-21T22:13:32.514-0300] {logging_mixin.py:190} INFO - [2025-04-21T22:13:32.514-0300] {dagbag.py:588} INFO - Filling up the DagBag from /home/jonathan-brito/python-projects/airflow/venv/lib/python3.12/site-packages/airflow/example_dags/example_branch_python_dop_operator_3.py
[2025-04-21T22:13:32.523-0300] {processor.py:925} INFO - DAG(s) 'example_branch_dop_operator_v3' retrieved from /home/jonathan-brito/python-projects/airflow/venv/lib/python3.12/site-packages/airflow/example_dags/example_branch_python_dop_operator_3.py
[2025-04-21T22:13:32.540-0300] {logging_mixin.py:190} INFO - [2025-04-21T22:13:32.540-0300] {dag.py:3239} INFO - Sync 1 DAGs
[2025-04-21T22:13:32.566-0300] {logging_mixin.py:190} INFO - [2025-04-21T22:13:32.566-0300] {dag.py:4180} INFO - Setting next_dagrun for example_branch_dop_operator_v3 to 2025-04-22 01:12:00+00:00, run_after=2025-04-22 01:13:00+00:00
[2025-04-21T22:13:32.598-0300] {processor.py:208} INFO - Processing /home/jonathan-brito/python-projects/airflow/venv/lib/python3.12/site-packages/airflow/example_dags/example_branch_python_dop_operator_3.py took 0.092 seconds
[2025-04-21T22:14:34.419-0300] {processor.py:186} INFO - Started process (PID=130559) to work on /home/jonathan-brito/python-projects/airflow/venv/lib/python3.12/site-packages/airflow/example_dags/example_branch_python_dop_operator_3.py
[2025-04-21T22:14:34.426-0300] {processor.py:914} INFO - Processing file /home/jonathan-brito/python-projects/airflow/venv/lib/python3.12/site-packages/airflow/example_dags/example_branch_python_dop_operator_3.py for tasks to queue
[2025-04-21T22:14:34.428-0300] {logging_mixin.py:190} INFO - [2025-04-21T22:14:34.427-0300] {dagbag.py:588} INFO - Filling up the DagBag from /home/jonathan-brito/python-projects/airflow/venv/lib/python3.12/site-packages/airflow/example_dags/example_branch_python_dop_operator_3.py
[2025-04-21T22:14:34.437-0300] {processor.py:925} INFO - DAG(s) 'example_branch_dop_operator_v3' retrieved from /home/jonathan-brito/python-projects/airflow/venv/lib/python3.12/site-packages/airflow/example_dags/example_branch_python_dop_operator_3.py
[2025-04-21T22:14:34.456-0300] {logging_mixin.py:190} INFO - [2025-04-21T22:14:34.455-0300] {dag.py:3239} INFO - Sync 1 DAGs
[2025-04-21T22:14:34.479-0300] {logging_mixin.py:190} INFO - [2025-04-21T22:14:34.479-0300] {dag.py:4180} INFO - Setting next_dagrun for example_branch_dop_operator_v3 to 2025-04-22 01:13:00+00:00, run_after=2025-04-22 01:14:00+00:00
[2025-04-21T22:14:34.511-0300] {processor.py:208} INFO - Processing /home/jonathan-brito/python-projects/airflow/venv/lib/python3.12/site-packages/airflow/example_dags/example_branch_python_dop_operator_3.py took 0.099 seconds
[2025-04-21T22:15:36.647-0300] {processor.py:186} INFO - Started process (PID=131203) to work on /home/jonathan-brito/python-projects/airflow/venv/lib/python3.12/site-packages/airflow/example_dags/example_branch_python_dop_operator_3.py
[2025-04-21T22:15:36.654-0300] {processor.py:914} INFO - Processing file /home/jonathan-brito/python-projects/airflow/venv/lib/python3.12/site-packages/airflow/example_dags/example_branch_python_dop_operator_3.py for tasks to queue
[2025-04-21T22:15:36.656-0300] {logging_mixin.py:190} INFO - [2025-04-21T22:15:36.656-0300] {dagbag.py:588} INFO - Filling up the DagBag from /home/jonathan-brito/python-projects/airflow/venv/lib/python3.12/site-packages/airflow/example_dags/example_branch_python_dop_operator_3.py
[2025-04-21T22:15:36.668-0300] {processor.py:925} INFO - DAG(s) 'example_branch_dop_operator_v3' retrieved from /home/jonathan-brito/python-projects/airflow/venv/lib/python3.12/site-packages/airflow/example_dags/example_branch_python_dop_operator_3.py
[2025-04-21T22:15:36.694-0300] {logging_mixin.py:190} INFO - [2025-04-21T22:15:36.694-0300] {dag.py:3239} INFO - Sync 1 DAGs
[2025-04-21T22:15:36.727-0300] {logging_mixin.py:190} INFO - [2025-04-21T22:15:36.726-0300] {dag.py:4180} INFO - Setting next_dagrun for example_branch_dop_operator_v3 to 2025-04-22 01:14:00+00:00, run_after=2025-04-22 01:15:00+00:00
[2025-04-21T22:15:36.761-0300] {processor.py:208} INFO - Processing /home/jonathan-brito/python-projects/airflow/venv/lib/python3.12/site-packages/airflow/example_dags/example_branch_python_dop_operator_3.py took 0.122 seconds
[2025-04-21T22:16:39.359-0300] {processor.py:186} INFO - Started process (PID=131842) to work on /home/jonathan-brito/python-projects/airflow/venv/lib/python3.12/site-packages/airflow/example_dags/example_branch_python_dop_operator_3.py
[2025-04-21T22:16:39.366-0300] {processor.py:914} INFO - Processing file /home/jonathan-brito/python-projects/airflow/venv/lib/python3.12/site-packages/airflow/example_dags/example_branch_python_dop_operator_3.py for tasks to queue
[2025-04-21T22:16:39.367-0300] {logging_mixin.py:190} INFO - [2025-04-21T22:16:39.367-0300] {dagbag.py:588} INFO - Filling up the DagBag from /home/jonathan-brito/python-projects/airflow/venv/lib/python3.12/site-packages/airflow/example_dags/example_branch_python_dop_operator_3.py
[2025-04-21T22:16:39.377-0300] {processor.py:925} INFO - DAG(s) 'example_branch_dop_operator_v3' retrieved from /home/jonathan-brito/python-projects/airflow/venv/lib/python3.12/site-packages/airflow/example_dags/example_branch_python_dop_operator_3.py
[2025-04-21T22:16:39.395-0300] {logging_mixin.py:190} INFO - [2025-04-21T22:16:39.395-0300] {dag.py:3239} INFO - Sync 1 DAGs
[2025-04-21T22:16:39.420-0300] {logging_mixin.py:190} INFO - [2025-04-21T22:16:39.420-0300] {dag.py:4180} INFO - Setting next_dagrun for example_branch_dop_operator_v3 to 2025-04-22 01:15:00+00:00, run_after=2025-04-22 01:16:00+00:00
[2025-04-21T22:16:39.483-0300] {processor.py:208} INFO - Processing /home/jonathan-brito/python-projects/airflow/venv/lib/python3.12/site-packages/airflow/example_dags/example_branch_python_dop_operator_3.py took 0.131 seconds
[2025-04-21T22:17:42.234-0300] {processor.py:186} INFO - Started process (PID=132518) to work on /home/jonathan-brito/python-projects/airflow/venv/lib/python3.12/site-packages/airflow/example_dags/example_branch_python_dop_operator_3.py
[2025-04-21T22:17:42.236-0300] {processor.py:914} INFO - Processing file /home/jonathan-brito/python-projects/airflow/venv/lib/python3.12/site-packages/airflow/example_dags/example_branch_python_dop_operator_3.py for tasks to queue
[2025-04-21T22:17:42.237-0300] {logging_mixin.py:190} INFO - [2025-04-21T22:17:42.237-0300] {dagbag.py:588} INFO - Filling up the DagBag from /home/jonathan-brito/python-projects/airflow/venv/lib/python3.12/site-packages/airflow/example_dags/example_branch_python_dop_operator_3.py
[2025-04-21T22:17:42.248-0300] {processor.py:925} INFO - DAG(s) 'example_branch_dop_operator_v3' retrieved from /home/jonathan-brito/python-projects/airflow/venv/lib/python3.12/site-packages/airflow/example_dags/example_branch_python_dop_operator_3.py
[2025-04-21T22:17:42.265-0300] {logging_mixin.py:190} INFO - [2025-04-21T22:17:42.265-0300] {dag.py:3239} INFO - Sync 1 DAGs
[2025-04-21T22:17:42.287-0300] {logging_mixin.py:190} INFO - [2025-04-21T22:17:42.287-0300] {dag.py:4180} INFO - Setting next_dagrun for example_branch_dop_operator_v3 to 2025-04-22 01:16:00+00:00, run_after=2025-04-22 01:17:00+00:00
[2025-04-21T22:17:42.319-0300] {processor.py:208} INFO - Processing /home/jonathan-brito/python-projects/airflow/venv/lib/python3.12/site-packages/airflow/example_dags/example_branch_python_dop_operator_3.py took 0.093 seconds
[2025-04-21T22:18:45.458-0300] {processor.py:186} INFO - Started process (PID=133151) to work on /home/jonathan-brito/python-projects/airflow/venv/lib/python3.12/site-packages/airflow/example_dags/example_branch_python_dop_operator_3.py
[2025-04-21T22:18:45.465-0300] {processor.py:914} INFO - Processing file /home/jonathan-brito/python-projects/airflow/venv/lib/python3.12/site-packages/airflow/example_dags/example_branch_python_dop_operator_3.py for tasks to queue
[2025-04-21T22:18:45.467-0300] {logging_mixin.py:190} INFO - [2025-04-21T22:18:45.466-0300] {dagbag.py:588} INFO - Filling up the DagBag from /home/jonathan-brito/python-projects/airflow/venv/lib/python3.12/site-packages/airflow/example_dags/example_branch_python_dop_operator_3.py
[2025-04-21T22:18:45.476-0300] {processor.py:925} INFO - DAG(s) 'example_branch_dop_operator_v3' retrieved from /home/jonathan-brito/python-projects/airflow/venv/lib/python3.12/site-packages/airflow/example_dags/example_branch_python_dop_operator_3.py
[2025-04-21T22:18:45.492-0300] {logging_mixin.py:190} INFO - [2025-04-21T22:18:45.492-0300] {dag.py:3239} INFO - Sync 1 DAGs
[2025-04-21T22:18:45.514-0300] {logging_mixin.py:190} INFO - [2025-04-21T22:18:45.514-0300] {dag.py:4180} INFO - Setting next_dagrun for example_branch_dop_operator_v3 to 2025-04-22 01:17:00+00:00, run_after=2025-04-22 01:18:00+00:00
[2025-04-21T22:18:45.537-0300] {processor.py:208} INFO - Processing /home/jonathan-brito/python-projects/airflow/venv/lib/python3.12/site-packages/airflow/example_dags/example_branch_python_dop_operator_3.py took 0.085 seconds
[2025-04-21T22:19:47.153-0300] {processor.py:186} INFO - Started process (PID=133860) to work on /home/jonathan-brito/python-projects/airflow/venv/lib/python3.12/site-packages/airflow/example_dags/example_branch_python_dop_operator_3.py
[2025-04-21T22:19:47.160-0300] {processor.py:914} INFO - Processing file /home/jonathan-brito/python-projects/airflow/venv/lib/python3.12/site-packages/airflow/example_dags/example_branch_python_dop_operator_3.py for tasks to queue
[2025-04-21T22:19:47.162-0300] {logging_mixin.py:190} INFO - [2025-04-21T22:19:47.161-0300] {dagbag.py:588} INFO - Filling up the DagBag from /home/jonathan-brito/python-projects/airflow/venv/lib/python3.12/site-packages/airflow/example_dags/example_branch_python_dop_operator_3.py
[2025-04-21T22:19:47.171-0300] {processor.py:925} INFO - DAG(s) 'example_branch_dop_operator_v3' retrieved from /home/jonathan-brito/python-projects/airflow/venv/lib/python3.12/site-packages/airflow/example_dags/example_branch_python_dop_operator_3.py
[2025-04-21T22:19:47.188-0300] {logging_mixin.py:190} INFO - [2025-04-21T22:19:47.188-0300] {dag.py:3239} INFO - Sync 1 DAGs
[2025-04-21T22:19:47.210-0300] {logging_mixin.py:190} INFO - [2025-04-21T22:19:47.210-0300] {dag.py:4180} INFO - Setting next_dagrun for example_branch_dop_operator_v3 to 2025-04-22 01:18:00+00:00, run_after=2025-04-22 01:19:00+00:00
[2025-04-21T22:19:47.240-0300] {processor.py:208} INFO - Processing /home/jonathan-brito/python-projects/airflow/venv/lib/python3.12/site-packages/airflow/example_dags/example_branch_python_dop_operator_3.py took 0.096 seconds
[2025-04-21T22:20:51.257-0300] {processor.py:186} INFO - Started process (PID=134524) to work on /home/jonathan-brito/python-projects/airflow/venv/lib/python3.12/site-packages/airflow/example_dags/example_branch_python_dop_operator_3.py
[2025-04-21T22:20:51.264-0300] {processor.py:914} INFO - Processing file /home/jonathan-brito/python-projects/airflow/venv/lib/python3.12/site-packages/airflow/example_dags/example_branch_python_dop_operator_3.py for tasks to queue
[2025-04-21T22:20:51.265-0300] {logging_mixin.py:190} INFO - [2025-04-21T22:20:51.265-0300] {dagbag.py:588} INFO - Filling up the DagBag from /home/jonathan-brito/python-projects/airflow/venv/lib/python3.12/site-packages/airflow/example_dags/example_branch_python_dop_operator_3.py
[2025-04-21T22:20:51.275-0300] {processor.py:925} INFO - DAG(s) 'example_branch_dop_operator_v3' retrieved from /home/jonathan-brito/python-projects/airflow/venv/lib/python3.12/site-packages/airflow/example_dags/example_branch_python_dop_operator_3.py
[2025-04-21T22:20:51.293-0300] {logging_mixin.py:190} INFO - [2025-04-21T22:20:51.292-0300] {dag.py:3239} INFO - Sync 1 DAGs
[2025-04-21T22:20:51.314-0300] {logging_mixin.py:190} INFO - [2025-04-21T22:20:51.314-0300] {dag.py:4180} INFO - Setting next_dagrun for example_branch_dop_operator_v3 to 2025-04-22 01:19:00+00:00, run_after=2025-04-22 01:20:00+00:00
[2025-04-21T22:20:51.347-0300] {processor.py:208} INFO - Processing /home/jonathan-brito/python-projects/airflow/venv/lib/python3.12/site-packages/airflow/example_dags/example_branch_python_dop_operator_3.py took 0.096 seconds
[2025-04-22T10:24:50.975-0300] {processor.py:186} INFO - Started process (PID=11406) to work on /home/jonathan-brito/python-projects/airflow/venv/lib/python3.12/site-packages/airflow/example_dags/example_branch_python_dop_operator_3.py
[2025-04-22T10:24:50.982-0300] {processor.py:914} INFO - Processing file /home/jonathan-brito/python-projects/airflow/venv/lib/python3.12/site-packages/airflow/example_dags/example_branch_python_dop_operator_3.py for tasks to queue
[2025-04-22T10:24:50.985-0300] {logging_mixin.py:190} INFO - [2025-04-22T10:24:50.984-0300] {dagbag.py:588} INFO - Filling up the DagBag from /home/jonathan-brito/python-projects/airflow/venv/lib/python3.12/site-packages/airflow/example_dags/example_branch_python_dop_operator_3.py
[2025-04-22T10:24:51.000-0300] {processor.py:925} INFO - DAG(s) 'example_branch_dop_operator_v3' retrieved from /home/jonathan-brito/python-projects/airflow/venv/lib/python3.12/site-packages/airflow/example_dags/example_branch_python_dop_operator_3.py
[2025-04-22T10:24:51.017-0300] {logging_mixin.py:190} INFO - [2025-04-22T10:24:51.016-0300] {dag.py:3239} INFO - Sync 1 DAGs
[2025-04-22T10:24:51.041-0300] {logging_mixin.py:190} INFO - [2025-04-22T10:24:51.041-0300] {dag.py:4180} INFO - Setting next_dagrun for example_branch_dop_operator_v3 to 2025-04-22 13:23:00+00:00, run_after=2025-04-22 13:24:00+00:00
[2025-04-22T10:24:51.066-0300] {processor.py:208} INFO - Processing /home/jonathan-brito/python-projects/airflow/venv/lib/python3.12/site-packages/airflow/example_dags/example_branch_python_dop_operator_3.py took 0.098 seconds
[2025-04-22T10:26:34.581-0300] {processor.py:186} INFO - Started process (PID=12837) to work on /home/jonathan-brito/python-projects/airflow/venv/lib/python3.12/site-packages/airflow/example_dags/example_branch_python_dop_operator_3.py
[2025-04-22T10:26:34.582-0300] {processor.py:914} INFO - Processing file /home/jonathan-brito/python-projects/airflow/venv/lib/python3.12/site-packages/airflow/example_dags/example_branch_python_dop_operator_3.py for tasks to queue
[2025-04-22T10:26:34.585-0300] {logging_mixin.py:190} INFO - [2025-04-22T10:26:34.585-0300] {dagbag.py:588} INFO - Filling up the DagBag from /home/jonathan-brito/python-projects/airflow/venv/lib/python3.12/site-packages/airflow/example_dags/example_branch_python_dop_operator_3.py
[2025-04-22T10:26:34.607-0300] {processor.py:925} INFO - DAG(s) 'example_branch_dop_operator_v3' retrieved from /home/jonathan-brito/python-projects/airflow/venv/lib/python3.12/site-packages/airflow/example_dags/example_branch_python_dop_operator_3.py
[2025-04-22T10:26:34.633-0300] {logging_mixin.py:190} INFO - [2025-04-22T10:26:34.633-0300] {dag.py:3239} INFO - Sync 1 DAGs
[2025-04-22T10:26:34.672-0300] {logging_mixin.py:190} INFO - [2025-04-22T10:26:34.672-0300] {dag.py:4180} INFO - Setting next_dagrun for example_branch_dop_operator_v3 to 2025-04-22 13:25:00+00:00, run_after=2025-04-22 13:26:00+00:00
[2025-04-22T10:26:34.717-0300] {processor.py:208} INFO - Processing /home/jonathan-brito/python-projects/airflow/venv/lib/python3.12/site-packages/airflow/example_dags/example_branch_python_dop_operator_3.py took 0.146 seconds
[2025-04-22T10:29:23.627-0300] {processor.py:186} INFO - Started process (PID=15674) to work on /home/jonathan-brito/python-projects/airflow/venv/lib/python3.12/site-packages/airflow/example_dags/example_branch_python_dop_operator_3.py
[2025-04-22T10:29:23.636-0300] {processor.py:914} INFO - Processing file /home/jonathan-brito/python-projects/airflow/venv/lib/python3.12/site-packages/airflow/example_dags/example_branch_python_dop_operator_3.py for tasks to queue
[2025-04-22T10:29:23.639-0300] {logging_mixin.py:190} INFO - [2025-04-22T10:29:23.638-0300] {dagbag.py:588} INFO - Filling up the DagBag from /home/jonathan-brito/python-projects/airflow/venv/lib/python3.12/site-packages/airflow/example_dags/example_branch_python_dop_operator_3.py
[2025-04-22T10:29:23.657-0300] {processor.py:925} INFO - DAG(s) 'example_branch_dop_operator_v3' retrieved from /home/jonathan-brito/python-projects/airflow/venv/lib/python3.12/site-packages/airflow/example_dags/example_branch_python_dop_operator_3.py
[2025-04-22T10:29:23.685-0300] {logging_mixin.py:190} INFO - [2025-04-22T10:29:23.685-0300] {dag.py:3239} INFO - Sync 1 DAGs
[2025-04-22T10:29:23.726-0300] {logging_mixin.py:190} INFO - [2025-04-22T10:29:23.725-0300] {dag.py:4180} INFO - Setting next_dagrun for example_branch_dop_operator_v3 to 2025-04-22 13:28:00+00:00, run_after=2025-04-22 13:29:00+00:00
[2025-04-22T10:29:23.761-0300] {processor.py:208} INFO - Processing /home/jonathan-brito/python-projects/airflow/venv/lib/python3.12/site-packages/airflow/example_dags/example_branch_python_dop_operator_3.py took 0.142 seconds
[2025-04-22T11:08:32.791-0300] {processor.py:186} INFO - Started process (PID=49771) to work on /home/jonathan-brito/python-projects/airflow/venv/lib/python3.12/site-packages/airflow/example_dags/example_branch_python_dop_operator_3.py
[2025-04-22T11:08:32.792-0300] {processor.py:914} INFO - Processing file /home/jonathan-brito/python-projects/airflow/venv/lib/python3.12/site-packages/airflow/example_dags/example_branch_python_dop_operator_3.py for tasks to queue
[2025-04-22T11:08:32.794-0300] {logging_mixin.py:190} INFO - [2025-04-22T11:08:32.793-0300] {dagbag.py:588} INFO - Filling up the DagBag from /home/jonathan-brito/python-projects/airflow/venv/lib/python3.12/site-packages/airflow/example_dags/example_branch_python_dop_operator_3.py
[2025-04-22T11:08:32.804-0300] {processor.py:925} INFO - DAG(s) 'example_branch_dop_operator_v3' retrieved from /home/jonathan-brito/python-projects/airflow/venv/lib/python3.12/site-packages/airflow/example_dags/example_branch_python_dop_operator_3.py
[2025-04-22T11:08:32.822-0300] {logging_mixin.py:190} INFO - [2025-04-22T11:08:32.821-0300] {dag.py:3239} INFO - Sync 1 DAGs
[2025-04-22T11:08:32.844-0300] {logging_mixin.py:190} INFO - [2025-04-22T11:08:32.844-0300] {dag.py:4180} INFO - Setting next_dagrun for example_branch_dop_operator_v3 to 2025-04-22 14:07:00+00:00, run_after=2025-04-22 14:08:00+00:00
[2025-04-22T11:08:32.875-0300] {processor.py:208} INFO - Processing /home/jonathan-brito/python-projects/airflow/venv/lib/python3.12/site-packages/airflow/example_dags/example_branch_python_dop_operator_3.py took 0.091 seconds
[2025-04-22T11:09:33.450-0300] {processor.py:186} INFO - Started process (PID=50156) to work on /home/jonathan-brito/python-projects/airflow/venv/lib/python3.12/site-packages/airflow/example_dags/example_branch_python_dop_operator_3.py
[2025-04-22T11:09:33.457-0300] {processor.py:914} INFO - Processing file /home/jonathan-brito/python-projects/airflow/venv/lib/python3.12/site-packages/airflow/example_dags/example_branch_python_dop_operator_3.py for tasks to queue
[2025-04-22T11:09:33.460-0300] {logging_mixin.py:190} INFO - [2025-04-22T11:09:33.460-0300] {dagbag.py:588} INFO - Filling up the DagBag from /home/jonathan-brito/python-projects/airflow/venv/lib/python3.12/site-packages/airflow/example_dags/example_branch_python_dop_operator_3.py
[2025-04-22T11:09:33.480-0300] {processor.py:925} INFO - DAG(s) 'example_branch_dop_operator_v3' retrieved from /home/jonathan-brito/python-projects/airflow/venv/lib/python3.12/site-packages/airflow/example_dags/example_branch_python_dop_operator_3.py
[2025-04-22T11:09:33.504-0300] {logging_mixin.py:190} INFO - [2025-04-22T11:09:33.504-0300] {dag.py:3239} INFO - Sync 1 DAGs
[2025-04-22T11:09:33.541-0300] {logging_mixin.py:190} INFO - [2025-04-22T11:09:33.541-0300] {dag.py:4180} INFO - Setting next_dagrun for example_branch_dop_operator_v3 to 2025-04-22 14:08:00+00:00, run_after=2025-04-22 14:09:00+00:00
[2025-04-22T11:09:33.575-0300] {processor.py:208} INFO - Processing /home/jonathan-brito/python-projects/airflow/venv/lib/python3.12/site-packages/airflow/example_dags/example_branch_python_dop_operator_3.py took 0.137 seconds
[2025-04-22T11:10:32.903-0300] {processor.py:186} INFO - Started process (PID=50696) to work on /home/jonathan-brito/python-projects/airflow/venv/lib/python3.12/site-packages/airflow/example_dags/example_branch_python_dop_operator_3.py
[2025-04-22T11:10:32.904-0300] {processor.py:914} INFO - Processing file /home/jonathan-brito/python-projects/airflow/venv/lib/python3.12/site-packages/airflow/example_dags/example_branch_python_dop_operator_3.py for tasks to queue
[2025-04-22T11:10:32.906-0300] {logging_mixin.py:190} INFO - [2025-04-22T11:10:32.905-0300] {dagbag.py:588} INFO - Filling up the DagBag from /home/jonathan-brito/python-projects/airflow/venv/lib/python3.12/site-packages/airflow/example_dags/example_branch_python_dop_operator_3.py
[2025-04-22T11:10:32.922-0300] {processor.py:925} INFO - DAG(s) 'example_branch_dop_operator_v3' retrieved from /home/jonathan-brito/python-projects/airflow/venv/lib/python3.12/site-packages/airflow/example_dags/example_branch_python_dop_operator_3.py
[2025-04-22T11:10:32.953-0300] {logging_mixin.py:190} INFO - [2025-04-22T11:10:32.953-0300] {dag.py:3239} INFO - Sync 1 DAGs
[2025-04-22T11:10:32.998-0300] {logging_mixin.py:190} INFO - [2025-04-22T11:10:32.998-0300] {dag.py:4180} INFO - Setting next_dagrun for example_branch_dop_operator_v3 to 2025-04-22 14:09:00+00:00, run_after=2025-04-22 14:10:00+00:00
[2025-04-22T11:10:33.040-0300] {processor.py:208} INFO - Processing /home/jonathan-brito/python-projects/airflow/venv/lib/python3.12/site-packages/airflow/example_dags/example_branch_python_dop_operator_3.py took 0.149 seconds
