[2025-04-21T21:23:53.460-0300] {processor.py:186} INFO - Started process (PID=70702) to work on /home/jonathan-brito/python-projects/airflow/venv/lib/python3.12/site-packages/airflow/example_dags/example_inlet_event_extra.py
[2025-04-21T21:23:53.461-0300] {processor.py:914} INFO - Processing file /home/jonathan-brito/python-projects/airflow/venv/lib/python3.12/site-packages/airflow/example_dags/example_inlet_event_extra.py for tasks to queue
[2025-04-21T21:23:53.463-0300] {logging_mixin.py:190} INFO - [2025-04-21T21:23:53.463-0300] {dagbag.py:588} INFO - Filling up the DagBag from /home/jonathan-brito/python-projects/airflow/venv/lib/python3.12/site-packages/airflow/example_dags/example_inlet_event_extra.py
[2025-04-21T21:23:53.476-0300] {processor.py:925} INFO - DAG(s) 'read_dataset_event', 'read_dataset_event_from_classic' retrieved from /home/jonathan-brito/python-projects/airflow/venv/lib/python3.12/site-packages/airflow/example_dags/example_inlet_event_extra.py
[2025-04-21T21:23:53.498-0300] {logging_mixin.py:190} INFO - [2025-04-21T21:23:53.497-0300] {dag.py:3239} INFO - Sync 2 DAGs
[2025-04-21T21:23:53.524-0300] {logging_mixin.py:190} INFO - [2025-04-21T21:23:53.524-0300] {dag.py:4180} INFO - Setting next_dagrun for read_dataset_event to 2025-04-21 00:00:00+00:00, run_after=2025-04-22 00:00:00+00:00
[2025-04-21T21:23:53.529-0300] {logging_mixin.py:190} INFO - [2025-04-21T21:23:53.529-0300] {dag.py:4180} INFO - Setting next_dagrun for read_dataset_event_from_classic to 2025-04-21 00:00:00+00:00, run_after=2025-04-22 00:00:00+00:00
[2025-04-21T21:23:53.561-0300] {processor.py:208} INFO - Processing /home/jonathan-brito/python-projects/airflow/venv/lib/python3.12/site-packages/airflow/example_dags/example_inlet_event_extra.py took 0.107 seconds
[2025-04-21T22:10:11.120-0300] {processor.py:186} INFO - Started process (PID=127274) to work on /home/jonathan-brito/python-projects/airflow/venv/lib/python3.12/site-packages/airflow/example_dags/example_inlet_event_extra.py
[2025-04-21T22:10:11.127-0300] {processor.py:914} INFO - Processing file /home/jonathan-brito/python-projects/airflow/venv/lib/python3.12/site-packages/airflow/example_dags/example_inlet_event_extra.py for tasks to queue
[2025-04-21T22:10:11.129-0300] {logging_mixin.py:190} INFO - [2025-04-21T22:10:11.128-0300] {dagbag.py:588} INFO - Filling up the DagBag from /home/jonathan-brito/python-projects/airflow/venv/lib/python3.12/site-packages/airflow/example_dags/example_inlet_event_extra.py
[2025-04-21T22:10:11.141-0300] {processor.py:925} INFO - DAG(s) 'read_dataset_event_from_classic', 'read_dataset_event' retrieved from /home/jonathan-brito/python-projects/airflow/venv/lib/python3.12/site-packages/airflow/example_dags/example_inlet_event_extra.py
[2025-04-21T22:10:11.165-0300] {logging_mixin.py:190} INFO - [2025-04-21T22:10:11.165-0300] {dag.py:3239} INFO - Sync 2 DAGs
[2025-04-21T22:10:11.188-0300] {logging_mixin.py:190} INFO - [2025-04-21T22:10:11.188-0300] {dag.py:4180} INFO - Setting next_dagrun for read_dataset_event to 2025-04-21 00:00:00+00:00, run_after=2025-04-22 00:00:00+00:00
[2025-04-21T22:10:11.192-0300] {logging_mixin.py:190} INFO - [2025-04-21T22:10:11.192-0300] {dag.py:4180} INFO - Setting next_dagrun for read_dataset_event_from_classic to 2025-04-21 00:00:00+00:00, run_after=2025-04-22 00:00:00+00:00
[2025-04-21T22:10:11.223-0300] {processor.py:208} INFO - Processing /home/jonathan-brito/python-projects/airflow/venv/lib/python3.12/site-packages/airflow/example_dags/example_inlet_event_extra.py took 0.110 seconds
[2025-04-21T22:11:16.363-0300] {processor.py:186} INFO - Started process (PID=128263) to work on /home/jonathan-brito/python-projects/airflow/venv/lib/python3.12/site-packages/airflow/example_dags/example_inlet_event_extra.py
[2025-04-21T22:11:16.370-0300] {processor.py:914} INFO - Processing file /home/jonathan-brito/python-projects/airflow/venv/lib/python3.12/site-packages/airflow/example_dags/example_inlet_event_extra.py for tasks to queue
[2025-04-21T22:11:16.372-0300] {logging_mixin.py:190} INFO - [2025-04-21T22:11:16.372-0300] {dagbag.py:588} INFO - Filling up the DagBag from /home/jonathan-brito/python-projects/airflow/venv/lib/python3.12/site-packages/airflow/example_dags/example_inlet_event_extra.py
[2025-04-21T22:11:16.386-0300] {processor.py:925} INFO - DAG(s) 'read_dataset_event', 'read_dataset_event_from_classic' retrieved from /home/jonathan-brito/python-projects/airflow/venv/lib/python3.12/site-packages/airflow/example_dags/example_inlet_event_extra.py
[2025-04-21T22:11:16.412-0300] {logging_mixin.py:190} INFO - [2025-04-21T22:11:16.411-0300] {dag.py:3239} INFO - Sync 2 DAGs
[2025-04-21T22:11:16.440-0300] {logging_mixin.py:190} INFO - [2025-04-21T22:11:16.440-0300] {dag.py:4180} INFO - Setting next_dagrun for read_dataset_event to 2025-04-21 00:00:00+00:00, run_after=2025-04-22 00:00:00+00:00
[2025-04-21T22:11:16.446-0300] {logging_mixin.py:190} INFO - [2025-04-21T22:11:16.446-0300] {dag.py:4180} INFO - Setting next_dagrun for read_dataset_event_from_classic to 2025-04-21 00:00:00+00:00, run_after=2025-04-22 00:00:00+00:00
[2025-04-21T22:11:16.477-0300] {processor.py:208} INFO - Processing /home/jonathan-brito/python-projects/airflow/venv/lib/python3.12/site-packages/airflow/example_dags/example_inlet_event_extra.py took 0.121 seconds
[2025-04-21T22:12:18.248-0300] {processor.py:186} INFO - Started process (PID=128963) to work on /home/jonathan-brito/python-projects/airflow/venv/lib/python3.12/site-packages/airflow/example_dags/example_inlet_event_extra.py
[2025-04-21T22:12:18.255-0300] {processor.py:914} INFO - Processing file /home/jonathan-brito/python-projects/airflow/venv/lib/python3.12/site-packages/airflow/example_dags/example_inlet_event_extra.py for tasks to queue
[2025-04-21T22:12:18.256-0300] {logging_mixin.py:190} INFO - [2025-04-21T22:12:18.256-0300] {dagbag.py:588} INFO - Filling up the DagBag from /home/jonathan-brito/python-projects/airflow/venv/lib/python3.12/site-packages/airflow/example_dags/example_inlet_event_extra.py
[2025-04-21T22:12:18.266-0300] {processor.py:925} INFO - DAG(s) 'read_dataset_event_from_classic', 'read_dataset_event' retrieved from /home/jonathan-brito/python-projects/airflow/venv/lib/python3.12/site-packages/airflow/example_dags/example_inlet_event_extra.py
[2025-04-21T22:12:18.283-0300] {logging_mixin.py:190} INFO - [2025-04-21T22:12:18.283-0300] {dag.py:3239} INFO - Sync 2 DAGs
[2025-04-21T22:12:18.303-0300] {logging_mixin.py:190} INFO - [2025-04-21T22:12:18.303-0300] {dag.py:4180} INFO - Setting next_dagrun for read_dataset_event to 2025-04-21 00:00:00+00:00, run_after=2025-04-22 00:00:00+00:00
[2025-04-21T22:12:18.307-0300] {logging_mixin.py:190} INFO - [2025-04-21T22:12:18.307-0300] {dag.py:4180} INFO - Setting next_dagrun for read_dataset_event_from_classic to 2025-04-21 00:00:00+00:00, run_after=2025-04-22 00:00:00+00:00
[2025-04-21T22:12:18.335-0300] {processor.py:208} INFO - Processing /home/jonathan-brito/python-projects/airflow/venv/lib/python3.12/site-packages/airflow/example_dags/example_inlet_event_extra.py took 0.094 seconds
[2025-04-21T22:13:23.553-0300] {processor.py:186} INFO - Started process (PID=129662) to work on /home/jonathan-brito/python-projects/airflow/venv/lib/python3.12/site-packages/airflow/example_dags/example_inlet_event_extra.py
[2025-04-21T22:13:23.563-0300] {processor.py:914} INFO - Processing file /home/jonathan-brito/python-projects/airflow/venv/lib/python3.12/site-packages/airflow/example_dags/example_inlet_event_extra.py for tasks to queue
[2025-04-21T22:13:23.565-0300] {logging_mixin.py:190} INFO - [2025-04-21T22:13:23.564-0300] {dagbag.py:588} INFO - Filling up the DagBag from /home/jonathan-brito/python-projects/airflow/venv/lib/python3.12/site-packages/airflow/example_dags/example_inlet_event_extra.py
[2025-04-21T22:13:23.586-0300] {processor.py:925} INFO - DAG(s) 'read_dataset_event_from_classic', 'read_dataset_event' retrieved from /home/jonathan-brito/python-projects/airflow/venv/lib/python3.12/site-packages/airflow/example_dags/example_inlet_event_extra.py
[2025-04-21T22:13:23.614-0300] {logging_mixin.py:190} INFO - [2025-04-21T22:13:23.614-0300] {dag.py:3239} INFO - Sync 2 DAGs
[2025-04-21T22:13:23.636-0300] {logging_mixin.py:190} INFO - [2025-04-21T22:13:23.636-0300] {dag.py:4180} INFO - Setting next_dagrun for read_dataset_event to 2025-04-21 00:00:00+00:00, run_after=2025-04-22 00:00:00+00:00
[2025-04-21T22:13:23.641-0300] {logging_mixin.py:190} INFO - [2025-04-21T22:13:23.641-0300] {dag.py:4180} INFO - Setting next_dagrun for read_dataset_event_from_classic to 2025-04-21 00:00:00+00:00, run_after=2025-04-22 00:00:00+00:00
[2025-04-21T22:13:23.664-0300] {processor.py:208} INFO - Processing /home/jonathan-brito/python-projects/airflow/venv/lib/python3.12/site-packages/airflow/example_dags/example_inlet_event_extra.py took 0.129 seconds
[2025-04-21T22:14:23.980-0300] {processor.py:186} INFO - Started process (PID=130347) to work on /home/jonathan-brito/python-projects/airflow/venv/lib/python3.12/site-packages/airflow/example_dags/example_inlet_event_extra.py
[2025-04-21T22:14:23.987-0300] {processor.py:914} INFO - Processing file /home/jonathan-brito/python-projects/airflow/venv/lib/python3.12/site-packages/airflow/example_dags/example_inlet_event_extra.py for tasks to queue
[2025-04-21T22:14:23.989-0300] {logging_mixin.py:190} INFO - [2025-04-21T22:14:23.988-0300] {dagbag.py:588} INFO - Filling up the DagBag from /home/jonathan-brito/python-projects/airflow/venv/lib/python3.12/site-packages/airflow/example_dags/example_inlet_event_extra.py
[2025-04-21T22:14:23.999-0300] {processor.py:925} INFO - DAG(s) 'read_dataset_event', 'read_dataset_event_from_classic' retrieved from /home/jonathan-brito/python-projects/airflow/venv/lib/python3.12/site-packages/airflow/example_dags/example_inlet_event_extra.py
[2025-04-21T22:14:24.017-0300] {logging_mixin.py:190} INFO - [2025-04-21T22:14:24.017-0300] {dag.py:3239} INFO - Sync 2 DAGs
[2025-04-21T22:14:24.037-0300] {logging_mixin.py:190} INFO - [2025-04-21T22:14:24.036-0300] {dag.py:4180} INFO - Setting next_dagrun for read_dataset_event to 2025-04-21 00:00:00+00:00, run_after=2025-04-22 00:00:00+00:00
[2025-04-21T22:14:24.042-0300] {logging_mixin.py:190} INFO - [2025-04-21T22:14:24.042-0300] {dag.py:4180} INFO - Setting next_dagrun for read_dataset_event_from_classic to 2025-04-21 00:00:00+00:00, run_after=2025-04-22 00:00:00+00:00
[2025-04-21T22:14:24.066-0300] {processor.py:208} INFO - Processing /home/jonathan-brito/python-projects/airflow/venv/lib/python3.12/site-packages/airflow/example_dags/example_inlet_event_extra.py took 0.092 seconds
[2025-04-21T22:15:26.464-0300] {processor.py:186} INFO - Started process (PID=131054) to work on /home/jonathan-brito/python-projects/airflow/venv/lib/python3.12/site-packages/airflow/example_dags/example_inlet_event_extra.py
[2025-04-21T22:15:26.472-0300] {processor.py:914} INFO - Processing file /home/jonathan-brito/python-projects/airflow/venv/lib/python3.12/site-packages/airflow/example_dags/example_inlet_event_extra.py for tasks to queue
[2025-04-21T22:15:26.476-0300] {logging_mixin.py:190} INFO - [2025-04-21T22:15:26.475-0300] {dagbag.py:588} INFO - Filling up the DagBag from /home/jonathan-brito/python-projects/airflow/venv/lib/python3.12/site-packages/airflow/example_dags/example_inlet_event_extra.py
[2025-04-21T22:15:26.501-0300] {processor.py:925} INFO - DAG(s) 'read_dataset_event', 'read_dataset_event_from_classic' retrieved from /home/jonathan-brito/python-projects/airflow/venv/lib/python3.12/site-packages/airflow/example_dags/example_inlet_event_extra.py
[2025-04-21T22:15:26.521-0300] {logging_mixin.py:190} INFO - [2025-04-21T22:15:26.521-0300] {dag.py:3239} INFO - Sync 2 DAGs
[2025-04-21T22:15:26.542-0300] {logging_mixin.py:190} INFO - [2025-04-21T22:15:26.542-0300] {dag.py:4180} INFO - Setting next_dagrun for read_dataset_event to 2025-04-21 00:00:00+00:00, run_after=2025-04-22 00:00:00+00:00
[2025-04-21T22:15:26.547-0300] {logging_mixin.py:190} INFO - [2025-04-21T22:15:26.546-0300] {dag.py:4180} INFO - Setting next_dagrun for read_dataset_event_from_classic to 2025-04-21 00:00:00+00:00, run_after=2025-04-22 00:00:00+00:00
[2025-04-21T22:15:26.577-0300] {processor.py:208} INFO - Processing /home/jonathan-brito/python-projects/airflow/venv/lib/python3.12/site-packages/airflow/example_dags/example_inlet_event_extra.py took 0.118 seconds
[2025-04-21T22:16:28.923-0300] {processor.py:186} INFO - Started process (PID=131711) to work on /home/jonathan-brito/python-projects/airflow/venv/lib/python3.12/site-packages/airflow/example_dags/example_inlet_event_extra.py
[2025-04-21T22:16:28.931-0300] {processor.py:914} INFO - Processing file /home/jonathan-brito/python-projects/airflow/venv/lib/python3.12/site-packages/airflow/example_dags/example_inlet_event_extra.py for tasks to queue
[2025-04-21T22:16:28.932-0300] {logging_mixin.py:190} INFO - [2025-04-21T22:16:28.932-0300] {dagbag.py:588} INFO - Filling up the DagBag from /home/jonathan-brito/python-projects/airflow/venv/lib/python3.12/site-packages/airflow/example_dags/example_inlet_event_extra.py
[2025-04-21T22:16:28.945-0300] {processor.py:925} INFO - DAG(s) 'read_dataset_event_from_classic', 'read_dataset_event' retrieved from /home/jonathan-brito/python-projects/airflow/venv/lib/python3.12/site-packages/airflow/example_dags/example_inlet_event_extra.py
[2025-04-21T22:16:28.964-0300] {logging_mixin.py:190} INFO - [2025-04-21T22:16:28.963-0300] {dag.py:3239} INFO - Sync 2 DAGs
[2025-04-21T22:16:28.985-0300] {logging_mixin.py:190} INFO - [2025-04-21T22:16:28.984-0300] {dag.py:4180} INFO - Setting next_dagrun for read_dataset_event to 2025-04-21 00:00:00+00:00, run_after=2025-04-22 00:00:00+00:00
[2025-04-21T22:16:28.991-0300] {logging_mixin.py:190} INFO - [2025-04-21T22:16:28.990-0300] {dag.py:4180} INFO - Setting next_dagrun for read_dataset_event_from_classic to 2025-04-21 00:00:00+00:00, run_after=2025-04-22 00:00:00+00:00
[2025-04-21T22:16:29.017-0300] {processor.py:208} INFO - Processing /home/jonathan-brito/python-projects/airflow/venv/lib/python3.12/site-packages/airflow/example_dags/example_inlet_event_extra.py took 0.102 seconds
[2025-04-21T22:17:31.913-0300] {processor.py:186} INFO - Started process (PID=132427) to work on /home/jonathan-brito/python-projects/airflow/venv/lib/python3.12/site-packages/airflow/example_dags/example_inlet_event_extra.py
[2025-04-21T22:17:31.921-0300] {processor.py:914} INFO - Processing file /home/jonathan-brito/python-projects/airflow/venv/lib/python3.12/site-packages/airflow/example_dags/example_inlet_event_extra.py for tasks to queue
[2025-04-21T22:17:31.923-0300] {logging_mixin.py:190} INFO - [2025-04-21T22:17:31.922-0300] {dagbag.py:588} INFO - Filling up the DagBag from /home/jonathan-brito/python-projects/airflow/venv/lib/python3.12/site-packages/airflow/example_dags/example_inlet_event_extra.py
[2025-04-21T22:17:31.939-0300] {processor.py:925} INFO - DAG(s) 'read_dataset_event_from_classic', 'read_dataset_event' retrieved from /home/jonathan-brito/python-projects/airflow/venv/lib/python3.12/site-packages/airflow/example_dags/example_inlet_event_extra.py
[2025-04-21T22:17:31.972-0300] {logging_mixin.py:190} INFO - [2025-04-21T22:17:31.972-0300] {dag.py:3239} INFO - Sync 2 DAGs
[2025-04-21T22:17:32.018-0300] {logging_mixin.py:190} INFO - [2025-04-21T22:17:32.018-0300] {dag.py:4180} INFO - Setting next_dagrun for read_dataset_event to 2025-04-21 00:00:00+00:00, run_after=2025-04-22 00:00:00+00:00
[2025-04-21T22:17:32.026-0300] {logging_mixin.py:190} INFO - [2025-04-21T22:17:32.025-0300] {dag.py:4180} INFO - Setting next_dagrun for read_dataset_event_from_classic to 2025-04-21 00:00:00+00:00, run_after=2025-04-22 00:00:00+00:00
[2025-04-21T22:17:32.062-0300] {processor.py:208} INFO - Processing /home/jonathan-brito/python-projects/airflow/venv/lib/python3.12/site-packages/airflow/example_dags/example_inlet_event_extra.py took 0.157 seconds
[2025-04-21T22:18:33.762-0300] {processor.py:186} INFO - Started process (PID=133039) to work on /home/jonathan-brito/python-projects/airflow/venv/lib/python3.12/site-packages/airflow/example_dags/example_inlet_event_extra.py
[2025-04-21T22:18:33.771-0300] {processor.py:914} INFO - Processing file /home/jonathan-brito/python-projects/airflow/venv/lib/python3.12/site-packages/airflow/example_dags/example_inlet_event_extra.py for tasks to queue
[2025-04-21T22:18:33.774-0300] {logging_mixin.py:190} INFO - [2025-04-21T22:18:33.773-0300] {dagbag.py:588} INFO - Filling up the DagBag from /home/jonathan-brito/python-projects/airflow/venv/lib/python3.12/site-packages/airflow/example_dags/example_inlet_event_extra.py
[2025-04-21T22:18:33.810-0300] {processor.py:925} INFO - DAG(s) 'read_dataset_event_from_classic', 'read_dataset_event' retrieved from /home/jonathan-brito/python-projects/airflow/venv/lib/python3.12/site-packages/airflow/example_dags/example_inlet_event_extra.py
[2025-04-21T22:18:33.836-0300] {logging_mixin.py:190} INFO - [2025-04-21T22:18:33.836-0300] {dag.py:3239} INFO - Sync 2 DAGs
[2025-04-21T22:18:33.858-0300] {logging_mixin.py:190} INFO - [2025-04-21T22:18:33.858-0300] {dag.py:4180} INFO - Setting next_dagrun for read_dataset_event to 2025-04-21 00:00:00+00:00, run_after=2025-04-22 00:00:00+00:00
[2025-04-21T22:18:33.864-0300] {logging_mixin.py:190} INFO - [2025-04-21T22:18:33.863-0300] {dag.py:4180} INFO - Setting next_dagrun for read_dataset_event_from_classic to 2025-04-21 00:00:00+00:00, run_after=2025-04-22 00:00:00+00:00
[2025-04-21T22:18:33.888-0300] {processor.py:208} INFO - Processing /home/jonathan-brito/python-projects/airflow/venv/lib/python3.12/site-packages/airflow/example_dags/example_inlet_event_extra.py took 0.134 seconds
[2025-04-21T22:19:35.584-0300] {processor.py:186} INFO - Started process (PID=133754) to work on /home/jonathan-brito/python-projects/airflow/venv/lib/python3.12/site-packages/airflow/example_dags/example_inlet_event_extra.py
[2025-04-21T22:19:35.594-0300] {processor.py:914} INFO - Processing file /home/jonathan-brito/python-projects/airflow/venv/lib/python3.12/site-packages/airflow/example_dags/example_inlet_event_extra.py for tasks to queue
[2025-04-21T22:19:35.600-0300] {logging_mixin.py:190} INFO - [2025-04-21T22:19:35.598-0300] {dagbag.py:588} INFO - Filling up the DagBag from /home/jonathan-brito/python-projects/airflow/venv/lib/python3.12/site-packages/airflow/example_dags/example_inlet_event_extra.py
[2025-04-21T22:19:35.643-0300] {processor.py:925} INFO - DAG(s) 'read_dataset_event', 'read_dataset_event_from_classic' retrieved from /home/jonathan-brito/python-projects/airflow/venv/lib/python3.12/site-packages/airflow/example_dags/example_inlet_event_extra.py
[2025-04-21T22:19:35.681-0300] {logging_mixin.py:190} INFO - [2025-04-21T22:19:35.681-0300] {dag.py:3239} INFO - Sync 2 DAGs
[2025-04-21T22:19:35.703-0300] {logging_mixin.py:190} INFO - [2025-04-21T22:19:35.703-0300] {dag.py:4180} INFO - Setting next_dagrun for read_dataset_event to 2025-04-21 00:00:00+00:00, run_after=2025-04-22 00:00:00+00:00
[2025-04-21T22:19:35.707-0300] {logging_mixin.py:190} INFO - [2025-04-21T22:19:35.707-0300] {dag.py:4180} INFO - Setting next_dagrun for read_dataset_event_from_classic to 2025-04-21 00:00:00+00:00, run_after=2025-04-22 00:00:00+00:00
[2025-04-21T22:19:35.760-0300] {processor.py:208} INFO - Processing /home/jonathan-brito/python-projects/airflow/venv/lib/python3.12/site-packages/airflow/example_dags/example_inlet_event_extra.py took 0.202 seconds
[2025-04-21T22:20:40.986-0300] {processor.py:186} INFO - Started process (PID=134422) to work on /home/jonathan-brito/python-projects/airflow/venv/lib/python3.12/site-packages/airflow/example_dags/example_inlet_event_extra.py
[2025-04-21T22:20:40.993-0300] {processor.py:914} INFO - Processing file /home/jonathan-brito/python-projects/airflow/venv/lib/python3.12/site-packages/airflow/example_dags/example_inlet_event_extra.py for tasks to queue
[2025-04-21T22:20:40.997-0300] {logging_mixin.py:190} INFO - [2025-04-21T22:20:40.996-0300] {dagbag.py:588} INFO - Filling up the DagBag from /home/jonathan-brito/python-projects/airflow/venv/lib/python3.12/site-packages/airflow/example_dags/example_inlet_event_extra.py
[2025-04-21T22:20:41.020-0300] {processor.py:925} INFO - DAG(s) 'read_dataset_event_from_classic', 'read_dataset_event' retrieved from /home/jonathan-brito/python-projects/airflow/venv/lib/python3.12/site-packages/airflow/example_dags/example_inlet_event_extra.py
[2025-04-21T22:20:41.040-0300] {logging_mixin.py:190} INFO - [2025-04-21T22:20:41.039-0300] {dag.py:3239} INFO - Sync 2 DAGs
[2025-04-21T22:20:41.059-0300] {logging_mixin.py:190} INFO - [2025-04-21T22:20:41.059-0300] {dag.py:4180} INFO - Setting next_dagrun for read_dataset_event to 2025-04-21 00:00:00+00:00, run_after=2025-04-22 00:00:00+00:00
[2025-04-21T22:20:41.063-0300] {logging_mixin.py:190} INFO - [2025-04-21T22:20:41.063-0300] {dag.py:4180} INFO - Setting next_dagrun for read_dataset_event_from_classic to 2025-04-21 00:00:00+00:00, run_after=2025-04-22 00:00:00+00:00
[2025-04-21T22:20:41.094-0300] {processor.py:208} INFO - Processing /home/jonathan-brito/python-projects/airflow/venv/lib/python3.12/site-packages/airflow/example_dags/example_inlet_event_extra.py took 0.114 seconds
[2025-04-22T10:24:40.313-0300] {processor.py:186} INFO - Started process (PID=11234) to work on /home/jonathan-brito/python-projects/airflow/venv/lib/python3.12/site-packages/airflow/example_dags/example_inlet_event_extra.py
[2025-04-22T10:24:40.320-0300] {processor.py:914} INFO - Processing file /home/jonathan-brito/python-projects/airflow/venv/lib/python3.12/site-packages/airflow/example_dags/example_inlet_event_extra.py for tasks to queue
[2025-04-22T10:24:40.322-0300] {logging_mixin.py:190} INFO - [2025-04-22T10:24:40.322-0300] {dagbag.py:588} INFO - Filling up the DagBag from /home/jonathan-brito/python-projects/airflow/venv/lib/python3.12/site-packages/airflow/example_dags/example_inlet_event_extra.py
[2025-04-22T10:24:40.336-0300] {processor.py:925} INFO - DAG(s) 'read_dataset_event_from_classic', 'read_dataset_event' retrieved from /home/jonathan-brito/python-projects/airflow/venv/lib/python3.12/site-packages/airflow/example_dags/example_inlet_event_extra.py
[2025-04-22T10:24:40.364-0300] {logging_mixin.py:190} INFO - [2025-04-22T10:24:40.364-0300] {dag.py:3239} INFO - Sync 2 DAGs
[2025-04-22T10:24:40.389-0300] {logging_mixin.py:190} INFO - [2025-04-22T10:24:40.388-0300] {dag.py:4180} INFO - Setting next_dagrun for read_dataset_event to 2025-04-21 00:00:00+00:00, run_after=2025-04-22 00:00:00+00:00
[2025-04-22T10:24:40.393-0300] {logging_mixin.py:190} INFO - [2025-04-22T10:24:40.393-0300] {dag.py:4180} INFO - Setting next_dagrun for read_dataset_event_from_classic to 2025-04-21 00:00:00+00:00, run_after=2025-04-22 00:00:00+00:00
[2025-04-22T10:24:40.418-0300] {processor.py:208} INFO - Processing /home/jonathan-brito/python-projects/airflow/venv/lib/python3.12/site-packages/airflow/example_dags/example_inlet_event_extra.py took 0.110 seconds
[2025-04-22T10:25:53.616-0300] {processor.py:186} INFO - Started process (PID=12127) to work on /home/jonathan-brito/python-projects/airflow/venv/lib/python3.12/site-packages/airflow/example_dags/example_inlet_event_extra.py
[2025-04-22T10:25:53.617-0300] {processor.py:914} INFO - Processing file /home/jonathan-brito/python-projects/airflow/venv/lib/python3.12/site-packages/airflow/example_dags/example_inlet_event_extra.py for tasks to queue
[2025-04-22T10:25:53.620-0300] {logging_mixin.py:190} INFO - [2025-04-22T10:25:53.620-0300] {dagbag.py:588} INFO - Filling up the DagBag from /home/jonathan-brito/python-projects/airflow/venv/lib/python3.12/site-packages/airflow/example_dags/example_inlet_event_extra.py
[2025-04-22T10:25:53.640-0300] {processor.py:925} INFO - DAG(s) 'read_dataset_event_from_classic', 'read_dataset_event' retrieved from /home/jonathan-brito/python-projects/airflow/venv/lib/python3.12/site-packages/airflow/example_dags/example_inlet_event_extra.py
[2025-04-22T10:25:53.669-0300] {logging_mixin.py:190} INFO - [2025-04-22T10:25:53.668-0300] {dag.py:3239} INFO - Sync 2 DAGs
[2025-04-22T10:25:53.704-0300] {logging_mixin.py:190} INFO - [2025-04-22T10:25:53.704-0300] {dag.py:4180} INFO - Setting next_dagrun for read_dataset_event to 2025-04-21 00:00:00+00:00, run_after=2025-04-22 00:00:00+00:00
[2025-04-22T10:25:53.710-0300] {logging_mixin.py:190} INFO - [2025-04-22T10:25:53.710-0300] {dag.py:4180} INFO - Setting next_dagrun for read_dataset_event_from_classic to 2025-04-21 00:00:00+00:00, run_after=2025-04-22 00:00:00+00:00
[2025-04-22T10:25:53.758-0300] {processor.py:208} INFO - Processing /home/jonathan-brito/python-projects/airflow/venv/lib/python3.12/site-packages/airflow/example_dags/example_inlet_event_extra.py took 0.150 seconds
[2025-04-22T10:27:57.201-0300] {processor.py:186} INFO - Started process (PID=14251) to work on /home/jonathan-brito/python-projects/airflow/venv/lib/python3.12/site-packages/airflow/example_dags/example_inlet_event_extra.py
[2025-04-22T10:27:57.208-0300] {processor.py:914} INFO - Processing file /home/jonathan-brito/python-projects/airflow/venv/lib/python3.12/site-packages/airflow/example_dags/example_inlet_event_extra.py for tasks to queue
[2025-04-22T10:27:57.210-0300] {logging_mixin.py:190} INFO - [2025-04-22T10:27:57.210-0300] {dagbag.py:588} INFO - Filling up the DagBag from /home/jonathan-brito/python-projects/airflow/venv/lib/python3.12/site-packages/airflow/example_dags/example_inlet_event_extra.py
[2025-04-22T10:27:57.225-0300] {processor.py:925} INFO - DAG(s) 'read_dataset_event_from_classic', 'read_dataset_event' retrieved from /home/jonathan-brito/python-projects/airflow/venv/lib/python3.12/site-packages/airflow/example_dags/example_inlet_event_extra.py
[2025-04-22T10:27:57.243-0300] {logging_mixin.py:190} INFO - [2025-04-22T10:27:57.243-0300] {dag.py:3239} INFO - Sync 2 DAGs
[2025-04-22T10:27:57.267-0300] {logging_mixin.py:190} INFO - [2025-04-22T10:27:57.267-0300] {dag.py:4180} INFO - Setting next_dagrun for read_dataset_event to 2025-04-21 00:00:00+00:00, run_after=2025-04-22 00:00:00+00:00
[2025-04-22T10:27:57.272-0300] {logging_mixin.py:190} INFO - [2025-04-22T10:27:57.272-0300] {dag.py:4180} INFO - Setting next_dagrun for read_dataset_event_from_classic to 2025-04-21 00:00:00+00:00, run_after=2025-04-22 00:00:00+00:00
[2025-04-22T10:27:57.299-0300] {processor.py:208} INFO - Processing /home/jonathan-brito/python-projects/airflow/venv/lib/python3.12/site-packages/airflow/example_dags/example_inlet_event_extra.py took 0.104 seconds
[2025-04-22T10:31:34.511-0300] {processor.py:186} INFO - Started process (PID=16815) to work on /home/jonathan-brito/python-projects/airflow/venv/lib/python3.12/site-packages/airflow/example_dags/example_inlet_event_extra.py
[2025-04-22T10:31:34.518-0300] {processor.py:914} INFO - Processing file /home/jonathan-brito/python-projects/airflow/venv/lib/python3.12/site-packages/airflow/example_dags/example_inlet_event_extra.py for tasks to queue
[2025-04-22T10:31:34.520-0300] {logging_mixin.py:190} INFO - [2025-04-22T10:31:34.520-0300] {dagbag.py:588} INFO - Filling up the DagBag from /home/jonathan-brito/python-projects/airflow/venv/lib/python3.12/site-packages/airflow/example_dags/example_inlet_event_extra.py
[2025-04-22T10:31:34.538-0300] {processor.py:925} INFO - DAG(s) 'read_dataset_event', 'read_dataset_event_from_classic' retrieved from /home/jonathan-brito/python-projects/airflow/venv/lib/python3.12/site-packages/airflow/example_dags/example_inlet_event_extra.py
[2025-04-22T10:31:34.559-0300] {logging_mixin.py:190} INFO - [2025-04-22T10:31:34.559-0300] {dag.py:3239} INFO - Sync 2 DAGs
[2025-04-22T10:31:34.582-0300] {logging_mixin.py:190} INFO - [2025-04-22T10:31:34.582-0300] {dag.py:4180} INFO - Setting next_dagrun for read_dataset_event to 2025-04-21 00:00:00+00:00, run_after=2025-04-22 00:00:00+00:00
[2025-04-22T10:31:34.587-0300] {logging_mixin.py:190} INFO - [2025-04-22T10:31:34.587-0300] {dag.py:4180} INFO - Setting next_dagrun for read_dataset_event_from_classic to 2025-04-21 00:00:00+00:00, run_after=2025-04-22 00:00:00+00:00
[2025-04-22T10:31:34.676-0300] {processor.py:208} INFO - Processing /home/jonathan-brito/python-projects/airflow/venv/lib/python3.12/site-packages/airflow/example_dags/example_inlet_event_extra.py took 0.172 seconds
[2025-04-22T11:08:22.515-0300] {processor.py:186} INFO - Started process (PID=49702) to work on /home/jonathan-brito/python-projects/airflow/venv/lib/python3.12/site-packages/airflow/example_dags/example_inlet_event_extra.py
[2025-04-22T11:08:22.522-0300] {processor.py:914} INFO - Processing file /home/jonathan-brito/python-projects/airflow/venv/lib/python3.12/site-packages/airflow/example_dags/example_inlet_event_extra.py for tasks to queue
[2025-04-22T11:08:22.523-0300] {logging_mixin.py:190} INFO - [2025-04-22T11:08:22.523-0300] {dagbag.py:588} INFO - Filling up the DagBag from /home/jonathan-brito/python-projects/airflow/venv/lib/python3.12/site-packages/airflow/example_dags/example_inlet_event_extra.py
[2025-04-22T11:08:22.534-0300] {processor.py:925} INFO - DAG(s) 'read_dataset_event', 'read_dataset_event_from_classic' retrieved from /home/jonathan-brito/python-projects/airflow/venv/lib/python3.12/site-packages/airflow/example_dags/example_inlet_event_extra.py
[2025-04-22T11:08:22.555-0300] {logging_mixin.py:190} INFO - [2025-04-22T11:08:22.555-0300] {dag.py:3239} INFO - Sync 2 DAGs
[2025-04-22T11:08:22.579-0300] {logging_mixin.py:190} INFO - [2025-04-22T11:08:22.578-0300] {dag.py:4180} INFO - Setting next_dagrun for read_dataset_event to 2025-04-21 00:00:00+00:00, run_after=2025-04-22 00:00:00+00:00
[2025-04-22T11:08:22.582-0300] {logging_mixin.py:190} INFO - [2025-04-22T11:08:22.582-0300] {dag.py:4180} INFO - Setting next_dagrun for read_dataset_event_from_classic to 2025-04-21 00:00:00+00:00, run_after=2025-04-22 00:00:00+00:00
[2025-04-22T11:08:22.606-0300] {processor.py:208} INFO - Processing /home/jonathan-brito/python-projects/airflow/venv/lib/python3.12/site-packages/airflow/example_dags/example_inlet_event_extra.py took 0.096 seconds
[2025-04-22T11:09:23.041-0300] {processor.py:186} INFO - Started process (PID=50094) to work on /home/jonathan-brito/python-projects/airflow/venv/lib/python3.12/site-packages/airflow/example_dags/example_inlet_event_extra.py
[2025-04-22T11:09:23.048-0300] {processor.py:914} INFO - Processing file /home/jonathan-brito/python-projects/airflow/venv/lib/python3.12/site-packages/airflow/example_dags/example_inlet_event_extra.py for tasks to queue
[2025-04-22T11:09:23.050-0300] {logging_mixin.py:190} INFO - [2025-04-22T11:09:23.049-0300] {dagbag.py:588} INFO - Filling up the DagBag from /home/jonathan-brito/python-projects/airflow/venv/lib/python3.12/site-packages/airflow/example_dags/example_inlet_event_extra.py
[2025-04-22T11:09:23.062-0300] {processor.py:925} INFO - DAG(s) 'read_dataset_event', 'read_dataset_event_from_classic' retrieved from /home/jonathan-brito/python-projects/airflow/venv/lib/python3.12/site-packages/airflow/example_dags/example_inlet_event_extra.py
[2025-04-22T11:09:23.082-0300] {logging_mixin.py:190} INFO - [2025-04-22T11:09:23.082-0300] {dag.py:3239} INFO - Sync 2 DAGs
[2025-04-22T11:09:23.103-0300] {logging_mixin.py:190} INFO - [2025-04-22T11:09:23.103-0300] {dag.py:4180} INFO - Setting next_dagrun for read_dataset_event to 2025-04-21 00:00:00+00:00, run_after=2025-04-22 00:00:00+00:00
[2025-04-22T11:09:23.108-0300] {logging_mixin.py:190} INFO - [2025-04-22T11:09:23.108-0300] {dag.py:4180} INFO - Setting next_dagrun for read_dataset_event_from_classic to 2025-04-21 00:00:00+00:00, run_after=2025-04-22 00:00:00+00:00
[2025-04-22T11:09:23.129-0300] {processor.py:208} INFO - Processing /home/jonathan-brito/python-projects/airflow/venv/lib/python3.12/site-packages/airflow/example_dags/example_inlet_event_extra.py took 0.095 seconds
[2025-04-22T11:10:23.193-0300] {processor.py:186} INFO - Started process (PID=50637) to work on /home/jonathan-brito/python-projects/airflow/venv/lib/python3.12/site-packages/airflow/example_dags/example_inlet_event_extra.py
[2025-04-22T11:10:23.200-0300] {processor.py:914} INFO - Processing file /home/jonathan-brito/python-projects/airflow/venv/lib/python3.12/site-packages/airflow/example_dags/example_inlet_event_extra.py for tasks to queue
[2025-04-22T11:10:23.201-0300] {logging_mixin.py:190} INFO - [2025-04-22T11:10:23.201-0300] {dagbag.py:588} INFO - Filling up the DagBag from /home/jonathan-brito/python-projects/airflow/venv/lib/python3.12/site-packages/airflow/example_dags/example_inlet_event_extra.py
[2025-04-22T11:10:23.212-0300] {processor.py:925} INFO - DAG(s) 'read_dataset_event_from_classic', 'read_dataset_event' retrieved from /home/jonathan-brito/python-projects/airflow/venv/lib/python3.12/site-packages/airflow/example_dags/example_inlet_event_extra.py
[2025-04-22T11:10:23.232-0300] {logging_mixin.py:190} INFO - [2025-04-22T11:10:23.232-0300] {dag.py:3239} INFO - Sync 2 DAGs
[2025-04-22T11:10:23.255-0300] {logging_mixin.py:190} INFO - [2025-04-22T11:10:23.255-0300] {dag.py:4180} INFO - Setting next_dagrun for read_dataset_event to 2025-04-21 00:00:00+00:00, run_after=2025-04-22 00:00:00+00:00
[2025-04-22T11:10:23.259-0300] {logging_mixin.py:190} INFO - [2025-04-22T11:10:23.259-0300] {dag.py:4180} INFO - Setting next_dagrun for read_dataset_event_from_classic to 2025-04-21 00:00:00+00:00, run_after=2025-04-22 00:00:00+00:00
[2025-04-22T11:10:23.286-0300] {processor.py:208} INFO - Processing /home/jonathan-brito/python-projects/airflow/venv/lib/python3.12/site-packages/airflow/example_dags/example_inlet_event_extra.py took 0.102 seconds
[2025-04-22T11:11:26.390-0300] {processor.py:186} INFO - Started process (PID=51044) to work on /home/jonathan-brito/python-projects/airflow/venv/lib/python3.12/site-packages/airflow/example_dags/example_inlet_event_extra.py
[2025-04-22T11:11:26.398-0300] {processor.py:914} INFO - Processing file /home/jonathan-brito/python-projects/airflow/venv/lib/python3.12/site-packages/airflow/example_dags/example_inlet_event_extra.py for tasks to queue
[2025-04-22T11:11:26.399-0300] {logging_mixin.py:190} INFO - [2025-04-22T11:11:26.399-0300] {dagbag.py:588} INFO - Filling up the DagBag from /home/jonathan-brito/python-projects/airflow/venv/lib/python3.12/site-packages/airflow/example_dags/example_inlet_event_extra.py
[2025-04-22T11:11:26.412-0300] {processor.py:925} INFO - DAG(s) 'read_dataset_event', 'read_dataset_event_from_classic' retrieved from /home/jonathan-brito/python-projects/airflow/venv/lib/python3.12/site-packages/airflow/example_dags/example_inlet_event_extra.py
[2025-04-22T11:11:26.437-0300] {logging_mixin.py:190} INFO - [2025-04-22T11:11:26.437-0300] {dag.py:3239} INFO - Sync 2 DAGs
[2025-04-22T11:11:26.462-0300] {logging_mixin.py:190} INFO - [2025-04-22T11:11:26.462-0300] {dag.py:4180} INFO - Setting next_dagrun for read_dataset_event to 2025-04-21 00:00:00+00:00, run_after=2025-04-22 00:00:00+00:00
[2025-04-22T11:11:26.467-0300] {logging_mixin.py:190} INFO - [2025-04-22T11:11:26.467-0300] {dag.py:4180} INFO - Setting next_dagrun for read_dataset_event_from_classic to 2025-04-21 00:00:00+00:00, run_after=2025-04-22 00:00:00+00:00
[2025-04-22T11:11:26.501-0300] {processor.py:208} INFO - Processing /home/jonathan-brito/python-projects/airflow/venv/lib/python3.12/site-packages/airflow/example_dags/example_inlet_event_extra.py took 0.123 seconds
