[2025-04-21T21:23:55.074-0300] {processor.py:186} INFO - Started process (PID=70720) to work on /home/jonathan-brito/python-projects/airflow/venv/lib/python3.12/site-packages/airflow/example_dags/example_latest_only.py
[2025-04-21T21:23:55.075-0300] {processor.py:914} INFO - Processing file /home/jonathan-brito/python-projects/airflow/venv/lib/python3.12/site-packages/airflow/example_dags/example_latest_only.py for tasks to queue
[2025-04-21T21:23:55.077-0300] {logging_mixin.py:190} INFO - [2025-04-21T21:23:55.076-0300] {dagbag.py:588} INFO - Filling up the DagBag from /home/jonathan-brito/python-projects/airflow/venv/lib/python3.12/site-packages/airflow/example_dags/example_latest_only.py
[2025-04-21T21:23:55.087-0300] {processor.py:925} INFO - DAG(s) 'latest_only' retrieved from /home/jonathan-brito/python-projects/airflow/venv/lib/python3.12/site-packages/airflow/example_dags/example_latest_only.py
[2025-04-21T21:23:55.108-0300] {logging_mixin.py:190} INFO - [2025-04-21T21:23:55.107-0300] {dag.py:3239} INFO - Sync 1 DAGs
[2025-04-21T21:23:55.132-0300] {logging_mixin.py:190} INFO - [2025-04-21T21:23:55.132-0300] {dag.py:4180} INFO - Setting next_dagrun for latest_only to 2025-04-21 20:00:00+00:00, run_after=2025-04-22 00:00:00+00:00
[2025-04-21T21:23:55.160-0300] {processor.py:208} INFO - Processing /home/jonathan-brito/python-projects/airflow/venv/lib/python3.12/site-packages/airflow/example_dags/example_latest_only.py took 0.097 seconds
[2025-04-21T22:10:13.191-0300] {processor.py:186} INFO - Started process (PID=127292) to work on /home/jonathan-brito/python-projects/airflow/venv/lib/python3.12/site-packages/airflow/example_dags/example_latest_only.py
[2025-04-21T22:10:13.198-0300] {processor.py:914} INFO - Processing file /home/jonathan-brito/python-projects/airflow/venv/lib/python3.12/site-packages/airflow/example_dags/example_latest_only.py for tasks to queue
[2025-04-21T22:10:13.199-0300] {logging_mixin.py:190} INFO - [2025-04-21T22:10:13.199-0300] {dagbag.py:588} INFO - Filling up the DagBag from /home/jonathan-brito/python-projects/airflow/venv/lib/python3.12/site-packages/airflow/example_dags/example_latest_only.py
[2025-04-21T22:10:13.206-0300] {processor.py:925} INFO - DAG(s) 'latest_only' retrieved from /home/jonathan-brito/python-projects/airflow/venv/lib/python3.12/site-packages/airflow/example_dags/example_latest_only.py
[2025-04-21T22:10:13.227-0300] {logging_mixin.py:190} INFO - [2025-04-21T22:10:13.227-0300] {dag.py:3239} INFO - Sync 1 DAGs
[2025-04-21T22:10:13.247-0300] {logging_mixin.py:190} INFO - [2025-04-21T22:10:13.247-0300] {dag.py:4180} INFO - Setting next_dagrun for latest_only to 2025-04-21 20:00:00+00:00, run_after=2025-04-22 00:00:00+00:00
[2025-04-21T22:10:13.294-0300] {processor.py:208} INFO - Processing /home/jonathan-brito/python-projects/airflow/venv/lib/python3.12/site-packages/airflow/example_dags/example_latest_only.py took 0.109 seconds
[2025-04-21T22:11:17.934-0300] {processor.py:186} INFO - Started process (PID=128281) to work on /home/jonathan-brito/python-projects/airflow/venv/lib/python3.12/site-packages/airflow/example_dags/example_latest_only.py
[2025-04-21T22:11:17.941-0300] {processor.py:914} INFO - Processing file /home/jonathan-brito/python-projects/airflow/venv/lib/python3.12/site-packages/airflow/example_dags/example_latest_only.py for tasks to queue
[2025-04-21T22:11:17.942-0300] {logging_mixin.py:190} INFO - [2025-04-21T22:11:17.942-0300] {dagbag.py:588} INFO - Filling up the DagBag from /home/jonathan-brito/python-projects/airflow/venv/lib/python3.12/site-packages/airflow/example_dags/example_latest_only.py
[2025-04-21T22:11:17.948-0300] {processor.py:925} INFO - DAG(s) 'latest_only' retrieved from /home/jonathan-brito/python-projects/airflow/venv/lib/python3.12/site-packages/airflow/example_dags/example_latest_only.py
[2025-04-21T22:11:17.966-0300] {logging_mixin.py:190} INFO - [2025-04-21T22:11:17.966-0300] {dag.py:3239} INFO - Sync 1 DAGs
[2025-04-21T22:11:17.985-0300] {logging_mixin.py:190} INFO - [2025-04-21T22:11:17.985-0300] {dag.py:4180} INFO - Setting next_dagrun for latest_only to 2025-04-21 20:00:00+00:00, run_after=2025-04-22 00:00:00+00:00
[2025-04-21T22:11:18.017-0300] {processor.py:208} INFO - Processing /home/jonathan-brito/python-projects/airflow/venv/lib/python3.12/site-packages/airflow/example_dags/example_latest_only.py took 0.089 seconds
[2025-04-21T22:12:20.255-0300] {processor.py:186} INFO - Started process (PID=128980) to work on /home/jonathan-brito/python-projects/airflow/venv/lib/python3.12/site-packages/airflow/example_dags/example_latest_only.py
[2025-04-21T22:12:20.262-0300] {processor.py:914} INFO - Processing file /home/jonathan-brito/python-projects/airflow/venv/lib/python3.12/site-packages/airflow/example_dags/example_latest_only.py for tasks to queue
[2025-04-21T22:12:20.263-0300] {logging_mixin.py:190} INFO - [2025-04-21T22:12:20.263-0300] {dagbag.py:588} INFO - Filling up the DagBag from /home/jonathan-brito/python-projects/airflow/venv/lib/python3.12/site-packages/airflow/example_dags/example_latest_only.py
[2025-04-21T22:12:20.270-0300] {processor.py:925} INFO - DAG(s) 'latest_only' retrieved from /home/jonathan-brito/python-projects/airflow/venv/lib/python3.12/site-packages/airflow/example_dags/example_latest_only.py
[2025-04-21T22:12:20.285-0300] {logging_mixin.py:190} INFO - [2025-04-21T22:12:20.285-0300] {dag.py:3239} INFO - Sync 1 DAGs
[2025-04-21T22:12:20.303-0300] {logging_mixin.py:190} INFO - [2025-04-21T22:12:20.302-0300] {dag.py:4180} INFO - Setting next_dagrun for latest_only to 2025-04-21 20:00:00+00:00, run_after=2025-04-22 00:00:00+00:00
[2025-04-21T22:12:20.324-0300] {processor.py:208} INFO - Processing /home/jonathan-brito/python-projects/airflow/venv/lib/python3.12/site-packages/airflow/example_dags/example_latest_only.py took 0.076 seconds
[2025-04-21T22:13:25.942-0300] {processor.py:186} INFO - Started process (PID=129690) to work on /home/jonathan-brito/python-projects/airflow/venv/lib/python3.12/site-packages/airflow/example_dags/example_latest_only.py
[2025-04-21T22:13:25.949-0300] {processor.py:914} INFO - Processing file /home/jonathan-brito/python-projects/airflow/venv/lib/python3.12/site-packages/airflow/example_dags/example_latest_only.py for tasks to queue
[2025-04-21T22:13:25.950-0300] {logging_mixin.py:190} INFO - [2025-04-21T22:13:25.949-0300] {dagbag.py:588} INFO - Filling up the DagBag from /home/jonathan-brito/python-projects/airflow/venv/lib/python3.12/site-packages/airflow/example_dags/example_latest_only.py
[2025-04-21T22:13:25.956-0300] {processor.py:925} INFO - DAG(s) 'latest_only' retrieved from /home/jonathan-brito/python-projects/airflow/venv/lib/python3.12/site-packages/airflow/example_dags/example_latest_only.py
[2025-04-21T22:13:25.972-0300] {logging_mixin.py:190} INFO - [2025-04-21T22:13:25.972-0300] {dag.py:3239} INFO - Sync 1 DAGs
[2025-04-21T22:13:25.991-0300] {logging_mixin.py:190} INFO - [2025-04-21T22:13:25.990-0300] {dag.py:4180} INFO - Setting next_dagrun for latest_only to 2025-04-21 20:00:00+00:00, run_after=2025-04-22 00:00:00+00:00
[2025-04-21T22:13:26.023-0300] {processor.py:208} INFO - Processing /home/jonathan-brito/python-projects/airflow/venv/lib/python3.12/site-packages/airflow/example_dags/example_latest_only.py took 0.088 seconds
[2025-04-21T22:14:26.418-0300] {processor.py:186} INFO - Started process (PID=130367) to work on /home/jonathan-brito/python-projects/airflow/venv/lib/python3.12/site-packages/airflow/example_dags/example_latest_only.py
[2025-04-21T22:14:26.425-0300] {processor.py:914} INFO - Processing file /home/jonathan-brito/python-projects/airflow/venv/lib/python3.12/site-packages/airflow/example_dags/example_latest_only.py for tasks to queue
[2025-04-21T22:14:26.426-0300] {logging_mixin.py:190} INFO - [2025-04-21T22:14:26.426-0300] {dagbag.py:588} INFO - Filling up the DagBag from /home/jonathan-brito/python-projects/airflow/venv/lib/python3.12/site-packages/airflow/example_dags/example_latest_only.py
[2025-04-21T22:14:26.433-0300] {processor.py:925} INFO - DAG(s) 'latest_only' retrieved from /home/jonathan-brito/python-projects/airflow/venv/lib/python3.12/site-packages/airflow/example_dags/example_latest_only.py
[2025-04-21T22:14:26.452-0300] {logging_mixin.py:190} INFO - [2025-04-21T22:14:26.452-0300] {dag.py:3239} INFO - Sync 1 DAGs
[2025-04-21T22:14:26.473-0300] {logging_mixin.py:190} INFO - [2025-04-21T22:14:26.473-0300] {dag.py:4180} INFO - Setting next_dagrun for latest_only to 2025-04-21 20:00:00+00:00, run_after=2025-04-22 00:00:00+00:00
[2025-04-21T22:14:26.509-0300] {processor.py:208} INFO - Processing /home/jonathan-brito/python-projects/airflow/venv/lib/python3.12/site-packages/airflow/example_dags/example_latest_only.py took 0.097 seconds
[2025-04-21T22:15:28.470-0300] {processor.py:186} INFO - Started process (PID=131088) to work on /home/jonathan-brito/python-projects/airflow/venv/lib/python3.12/site-packages/airflow/example_dags/example_latest_only.py
[2025-04-21T22:15:28.472-0300] {processor.py:914} INFO - Processing file /home/jonathan-brito/python-projects/airflow/venv/lib/python3.12/site-packages/airflow/example_dags/example_latest_only.py for tasks to queue
[2025-04-21T22:15:28.474-0300] {logging_mixin.py:190} INFO - [2025-04-21T22:15:28.473-0300] {dagbag.py:588} INFO - Filling up the DagBag from /home/jonathan-brito/python-projects/airflow/venv/lib/python3.12/site-packages/airflow/example_dags/example_latest_only.py
[2025-04-21T22:15:28.481-0300] {processor.py:925} INFO - DAG(s) 'latest_only' retrieved from /home/jonathan-brito/python-projects/airflow/venv/lib/python3.12/site-packages/airflow/example_dags/example_latest_only.py
[2025-04-21T22:15:28.497-0300] {logging_mixin.py:190} INFO - [2025-04-21T22:15:28.497-0300] {dag.py:3239} INFO - Sync 1 DAGs
[2025-04-21T22:15:28.516-0300] {logging_mixin.py:190} INFO - [2025-04-21T22:15:28.516-0300] {dag.py:4180} INFO - Setting next_dagrun for latest_only to 2025-04-21 20:00:00+00:00, run_after=2025-04-22 00:00:00+00:00
[2025-04-21T22:15:28.551-0300] {processor.py:208} INFO - Processing /home/jonathan-brito/python-projects/airflow/venv/lib/python3.12/site-packages/airflow/example_dags/example_latest_only.py took 0.091 seconds
[2025-04-21T22:16:29.580-0300] {processor.py:186} INFO - Started process (PID=131748) to work on /home/jonathan-brito/python-projects/airflow/venv/lib/python3.12/site-packages/airflow/example_dags/example_latest_only.py
[2025-04-21T22:16:29.587-0300] {processor.py:914} INFO - Processing file /home/jonathan-brito/python-projects/airflow/venv/lib/python3.12/site-packages/airflow/example_dags/example_latest_only.py for tasks to queue
[2025-04-21T22:16:29.588-0300] {logging_mixin.py:190} INFO - [2025-04-21T22:16:29.588-0300] {dagbag.py:588} INFO - Filling up the DagBag from /home/jonathan-brito/python-projects/airflow/venv/lib/python3.12/site-packages/airflow/example_dags/example_latest_only.py
[2025-04-21T22:16:29.594-0300] {processor.py:925} INFO - DAG(s) 'latest_only' retrieved from /home/jonathan-brito/python-projects/airflow/venv/lib/python3.12/site-packages/airflow/example_dags/example_latest_only.py
[2025-04-21T22:16:29.610-0300] {logging_mixin.py:190} INFO - [2025-04-21T22:16:29.610-0300] {dag.py:3239} INFO - Sync 1 DAGs
[2025-04-21T22:16:29.628-0300] {logging_mixin.py:190} INFO - [2025-04-21T22:16:29.628-0300] {dag.py:4180} INFO - Setting next_dagrun for latest_only to 2025-04-21 20:00:00+00:00, run_after=2025-04-22 00:00:00+00:00
[2025-04-21T22:16:29.659-0300] {processor.py:208} INFO - Processing /home/jonathan-brito/python-projects/airflow/venv/lib/python3.12/site-packages/airflow/example_dags/example_latest_only.py took 0.086 seconds
[2025-04-21T22:17:34.026-0300] {processor.py:186} INFO - Started process (PID=132445) to work on /home/jonathan-brito/python-projects/airflow/venv/lib/python3.12/site-packages/airflow/example_dags/example_latest_only.py
[2025-04-21T22:17:34.033-0300] {processor.py:914} INFO - Processing file /home/jonathan-brito/python-projects/airflow/venv/lib/python3.12/site-packages/airflow/example_dags/example_latest_only.py for tasks to queue
[2025-04-21T22:17:34.034-0300] {logging_mixin.py:190} INFO - [2025-04-21T22:17:34.034-0300] {dagbag.py:588} INFO - Filling up the DagBag from /home/jonathan-brito/python-projects/airflow/venv/lib/python3.12/site-packages/airflow/example_dags/example_latest_only.py
[2025-04-21T22:17:34.042-0300] {processor.py:925} INFO - DAG(s) 'latest_only' retrieved from /home/jonathan-brito/python-projects/airflow/venv/lib/python3.12/site-packages/airflow/example_dags/example_latest_only.py
[2025-04-21T22:17:34.060-0300] {logging_mixin.py:190} INFO - [2025-04-21T22:17:34.060-0300] {dag.py:3239} INFO - Sync 1 DAGs
[2025-04-21T22:17:34.082-0300] {logging_mixin.py:190} INFO - [2025-04-21T22:17:34.082-0300] {dag.py:4180} INFO - Setting next_dagrun for latest_only to 2025-04-21 20:00:00+00:00, run_after=2025-04-22 00:00:00+00:00
[2025-04-21T22:17:34.115-0300] {processor.py:208} INFO - Processing /home/jonathan-brito/python-projects/airflow/venv/lib/python3.12/site-packages/airflow/example_dags/example_latest_only.py took 0.096 seconds
[2025-04-21T22:18:36.049-0300] {processor.py:186} INFO - Started process (PID=133059) to work on /home/jonathan-brito/python-projects/airflow/venv/lib/python3.12/site-packages/airflow/example_dags/example_latest_only.py
[2025-04-21T22:18:36.056-0300] {processor.py:914} INFO - Processing file /home/jonathan-brito/python-projects/airflow/venv/lib/python3.12/site-packages/airflow/example_dags/example_latest_only.py for tasks to queue
[2025-04-21T22:18:36.058-0300] {logging_mixin.py:190} INFO - [2025-04-21T22:18:36.057-0300] {dagbag.py:588} INFO - Filling up the DagBag from /home/jonathan-brito/python-projects/airflow/venv/lib/python3.12/site-packages/airflow/example_dags/example_latest_only.py
[2025-04-21T22:18:36.065-0300] {processor.py:925} INFO - DAG(s) 'latest_only' retrieved from /home/jonathan-brito/python-projects/airflow/venv/lib/python3.12/site-packages/airflow/example_dags/example_latest_only.py
[2025-04-21T22:18:36.083-0300] {logging_mixin.py:190} INFO - [2025-04-21T22:18:36.082-0300] {dag.py:3239} INFO - Sync 1 DAGs
[2025-04-21T22:18:36.102-0300] {logging_mixin.py:190} INFO - [2025-04-21T22:18:36.102-0300] {dag.py:4180} INFO - Setting next_dagrun for latest_only to 2025-04-21 20:00:00+00:00, run_after=2025-04-22 00:00:00+00:00
[2025-04-21T22:18:36.126-0300] {processor.py:208} INFO - Processing /home/jonathan-brito/python-projects/airflow/venv/lib/python3.12/site-packages/airflow/example_dags/example_latest_only.py took 0.087 seconds
[2025-04-21T22:19:38.184-0300] {processor.py:186} INFO - Started process (PID=133772) to work on /home/jonathan-brito/python-projects/airflow/venv/lib/python3.12/site-packages/airflow/example_dags/example_latest_only.py
[2025-04-21T22:19:38.194-0300] {processor.py:914} INFO - Processing file /home/jonathan-brito/python-projects/airflow/venv/lib/python3.12/site-packages/airflow/example_dags/example_latest_only.py for tasks to queue
[2025-04-21T22:19:38.200-0300] {logging_mixin.py:190} INFO - [2025-04-21T22:19:38.198-0300] {dagbag.py:588} INFO - Filling up the DagBag from /home/jonathan-brito/python-projects/airflow/venv/lib/python3.12/site-packages/airflow/example_dags/example_latest_only.py
[2025-04-21T22:19:38.216-0300] {processor.py:925} INFO - DAG(s) 'latest_only' retrieved from /home/jonathan-brito/python-projects/airflow/venv/lib/python3.12/site-packages/airflow/example_dags/example_latest_only.py
[2025-04-21T22:19:38.237-0300] {logging_mixin.py:190} INFO - [2025-04-21T22:19:38.237-0300] {dag.py:3239} INFO - Sync 1 DAGs
[2025-04-21T22:19:38.256-0300] {logging_mixin.py:190} INFO - [2025-04-21T22:19:38.255-0300] {dag.py:4180} INFO - Setting next_dagrun for latest_only to 2025-04-21 20:00:00+00:00, run_after=2025-04-22 00:00:00+00:00
[2025-04-21T22:19:38.288-0300] {processor.py:208} INFO - Processing /home/jonathan-brito/python-projects/airflow/venv/lib/python3.12/site-packages/airflow/example_dags/example_latest_only.py took 0.131 seconds
[2025-04-21T22:20:43.577-0300] {processor.py:186} INFO - Started process (PID=134441) to work on /home/jonathan-brito/python-projects/airflow/venv/lib/python3.12/site-packages/airflow/example_dags/example_latest_only.py
[2025-04-21T22:20:43.584-0300] {processor.py:914} INFO - Processing file /home/jonathan-brito/python-projects/airflow/venv/lib/python3.12/site-packages/airflow/example_dags/example_latest_only.py for tasks to queue
[2025-04-21T22:20:43.587-0300] {logging_mixin.py:190} INFO - [2025-04-21T22:20:43.586-0300] {dagbag.py:588} INFO - Filling up the DagBag from /home/jonathan-brito/python-projects/airflow/venv/lib/python3.12/site-packages/airflow/example_dags/example_latest_only.py
[2025-04-21T22:20:43.596-0300] {processor.py:925} INFO - DAG(s) 'latest_only' retrieved from /home/jonathan-brito/python-projects/airflow/venv/lib/python3.12/site-packages/airflow/example_dags/example_latest_only.py
[2025-04-21T22:20:43.621-0300] {logging_mixin.py:190} INFO - [2025-04-21T22:20:43.621-0300] {dag.py:3239} INFO - Sync 1 DAGs
[2025-04-21T22:20:43.651-0300] {logging_mixin.py:190} INFO - [2025-04-21T22:20:43.650-0300] {dag.py:4180} INFO - Setting next_dagrun for latest_only to 2025-04-21 20:00:00+00:00, run_after=2025-04-22 00:00:00+00:00
[2025-04-21T22:20:43.692-0300] {processor.py:208} INFO - Processing /home/jonathan-brito/python-projects/airflow/venv/lib/python3.12/site-packages/airflow/example_dags/example_latest_only.py took 0.124 seconds
[2025-04-22T10:24:42.983-0300] {processor.py:186} INFO - Started process (PID=11253) to work on /home/jonathan-brito/python-projects/airflow/venv/lib/python3.12/site-packages/airflow/example_dags/example_latest_only.py
[2025-04-22T10:24:42.986-0300] {processor.py:914} INFO - Processing file /home/jonathan-brito/python-projects/airflow/venv/lib/python3.12/site-packages/airflow/example_dags/example_latest_only.py for tasks to queue
[2025-04-22T10:24:42.992-0300] {logging_mixin.py:190} INFO - [2025-04-22T10:24:42.991-0300] {dagbag.py:588} INFO - Filling up the DagBag from /home/jonathan-brito/python-projects/airflow/venv/lib/python3.12/site-packages/airflow/example_dags/example_latest_only.py
[2025-04-22T10:24:43.009-0300] {processor.py:925} INFO - DAG(s) 'latest_only' retrieved from /home/jonathan-brito/python-projects/airflow/venv/lib/python3.12/site-packages/airflow/example_dags/example_latest_only.py
[2025-04-22T10:24:43.035-0300] {logging_mixin.py:190} INFO - [2025-04-22T10:24:43.035-0300] {dag.py:3239} INFO - Sync 1 DAGs
[2025-04-22T10:24:43.057-0300] {logging_mixin.py:190} INFO - [2025-04-22T10:24:43.057-0300] {dag.py:4180} INFO - Setting next_dagrun for latest_only to 2025-04-22 08:00:00+00:00, run_after=2025-04-22 12:00:00+00:00
[2025-04-22T10:24:43.090-0300] {processor.py:208} INFO - Processing /home/jonathan-brito/python-projects/airflow/venv/lib/python3.12/site-packages/airflow/example_dags/example_latest_only.py took 0.124 seconds
[2025-04-22T10:25:59.982-0300] {processor.py:186} INFO - Started process (PID=12235) to work on /home/jonathan-brito/python-projects/airflow/venv/lib/python3.12/site-packages/airflow/example_dags/example_latest_only.py
[2025-04-22T10:25:59.985-0300] {processor.py:914} INFO - Processing file /home/jonathan-brito/python-projects/airflow/venv/lib/python3.12/site-packages/airflow/example_dags/example_latest_only.py for tasks to queue
[2025-04-22T10:25:59.989-0300] {logging_mixin.py:190} INFO - [2025-04-22T10:25:59.988-0300] {dagbag.py:588} INFO - Filling up the DagBag from /home/jonathan-brito/python-projects/airflow/venv/lib/python3.12/site-packages/airflow/example_dags/example_latest_only.py
[2025-04-22T10:26:00.004-0300] {processor.py:925} INFO - DAG(s) 'latest_only' retrieved from /home/jonathan-brito/python-projects/airflow/venv/lib/python3.12/site-packages/airflow/example_dags/example_latest_only.py
[2025-04-22T10:26:00.037-0300] {logging_mixin.py:190} INFO - [2025-04-22T10:26:00.036-0300] {dag.py:3239} INFO - Sync 1 DAGs
[2025-04-22T10:26:00.070-0300] {logging_mixin.py:190} INFO - [2025-04-22T10:26:00.070-0300] {dag.py:4180} INFO - Setting next_dagrun for latest_only to 2025-04-22 08:00:00+00:00, run_after=2025-04-22 12:00:00+00:00
[2025-04-22T10:26:00.101-0300] {processor.py:208} INFO - Processing /home/jonathan-brito/python-projects/airflow/venv/lib/python3.12/site-packages/airflow/example_dags/example_latest_only.py took 0.129 seconds
[2025-04-22T10:27:58.694-0300] {processor.py:186} INFO - Started process (PID=14261) to work on /home/jonathan-brito/python-projects/airflow/venv/lib/python3.12/site-packages/airflow/example_dags/example_latest_only.py
[2025-04-22T10:27:58.702-0300] {processor.py:914} INFO - Processing file /home/jonathan-brito/python-projects/airflow/venv/lib/python3.12/site-packages/airflow/example_dags/example_latest_only.py for tasks to queue
[2025-04-22T10:27:58.708-0300] {logging_mixin.py:190} INFO - [2025-04-22T10:27:58.707-0300] {dagbag.py:588} INFO - Filling up the DagBag from /home/jonathan-brito/python-projects/airflow/venv/lib/python3.12/site-packages/airflow/example_dags/example_latest_only.py
[2025-04-22T10:27:58.727-0300] {processor.py:925} INFO - DAG(s) 'latest_only' retrieved from /home/jonathan-brito/python-projects/airflow/venv/lib/python3.12/site-packages/airflow/example_dags/example_latest_only.py
[2025-04-22T10:27:58.745-0300] {logging_mixin.py:190} INFO - [2025-04-22T10:27:58.745-0300] {dag.py:3239} INFO - Sync 1 DAGs
[2025-04-22T10:27:58.767-0300] {logging_mixin.py:190} INFO - [2025-04-22T10:27:58.766-0300] {dag.py:4180} INFO - Setting next_dagrun for latest_only to 2025-04-22 08:00:00+00:00, run_after=2025-04-22 12:00:00+00:00
[2025-04-22T10:27:58.797-0300] {processor.py:208} INFO - Processing /home/jonathan-brito/python-projects/airflow/venv/lib/python3.12/site-packages/airflow/example_dags/example_latest_only.py took 0.108 seconds
[2025-04-22T10:31:37.058-0300] {processor.py:186} INFO - Started process (PID=16859) to work on /home/jonathan-brito/python-projects/airflow/venv/lib/python3.12/site-packages/airflow/example_dags/example_latest_only.py
[2025-04-22T10:31:37.065-0300] {processor.py:914} INFO - Processing file /home/jonathan-brito/python-projects/airflow/venv/lib/python3.12/site-packages/airflow/example_dags/example_latest_only.py for tasks to queue
[2025-04-22T10:31:37.073-0300] {logging_mixin.py:190} INFO - [2025-04-22T10:31:37.071-0300] {dagbag.py:588} INFO - Filling up the DagBag from /home/jonathan-brito/python-projects/airflow/venv/lib/python3.12/site-packages/airflow/example_dags/example_latest_only.py
[2025-04-22T10:31:37.086-0300] {processor.py:925} INFO - DAG(s) 'latest_only' retrieved from /home/jonathan-brito/python-projects/airflow/venv/lib/python3.12/site-packages/airflow/example_dags/example_latest_only.py
[2025-04-22T10:31:37.115-0300] {logging_mixin.py:190} INFO - [2025-04-22T10:31:37.115-0300] {dag.py:3239} INFO - Sync 1 DAGs
[2025-04-22T10:31:37.153-0300] {logging_mixin.py:190} INFO - [2025-04-22T10:31:37.152-0300] {dag.py:4180} INFO - Setting next_dagrun for latest_only to 2025-04-22 08:00:00+00:00, run_after=2025-04-22 12:00:00+00:00
[2025-04-22T10:31:37.232-0300] {processor.py:208} INFO - Processing /home/jonathan-brito/python-projects/airflow/venv/lib/python3.12/site-packages/airflow/example_dags/example_latest_only.py took 0.183 seconds
[2025-04-22T11:08:24.555-0300] {processor.py:186} INFO - Started process (PID=49712) to work on /home/jonathan-brito/python-projects/airflow/venv/lib/python3.12/site-packages/airflow/example_dags/example_latest_only.py
[2025-04-22T11:08:24.562-0300] {processor.py:914} INFO - Processing file /home/jonathan-brito/python-projects/airflow/venv/lib/python3.12/site-packages/airflow/example_dags/example_latest_only.py for tasks to queue
[2025-04-22T11:08:24.564-0300] {logging_mixin.py:190} INFO - [2025-04-22T11:08:24.563-0300] {dagbag.py:588} INFO - Filling up the DagBag from /home/jonathan-brito/python-projects/airflow/venv/lib/python3.12/site-packages/airflow/example_dags/example_latest_only.py
[2025-04-22T11:08:24.572-0300] {processor.py:925} INFO - DAG(s) 'latest_only' retrieved from /home/jonathan-brito/python-projects/airflow/venv/lib/python3.12/site-packages/airflow/example_dags/example_latest_only.py
[2025-04-22T11:08:24.591-0300] {logging_mixin.py:190} INFO - [2025-04-22T11:08:24.590-0300] {dag.py:3239} INFO - Sync 1 DAGs
[2025-04-22T11:08:24.610-0300] {logging_mixin.py:190} INFO - [2025-04-22T11:08:24.610-0300] {dag.py:4180} INFO - Setting next_dagrun for latest_only to 2025-04-22 08:00:00+00:00, run_after=2025-04-22 12:00:00+00:00
[2025-04-22T11:08:24.637-0300] {processor.py:208} INFO - Processing /home/jonathan-brito/python-projects/airflow/venv/lib/python3.12/site-packages/airflow/example_dags/example_latest_only.py took 0.088 seconds
[2025-04-22T11:09:24.903-0300] {processor.py:186} INFO - Started process (PID=50105) to work on /home/jonathan-brito/python-projects/airflow/venv/lib/python3.12/site-packages/airflow/example_dags/example_latest_only.py
[2025-04-22T11:09:24.910-0300] {processor.py:914} INFO - Processing file /home/jonathan-brito/python-projects/airflow/venv/lib/python3.12/site-packages/airflow/example_dags/example_latest_only.py for tasks to queue
[2025-04-22T11:09:24.911-0300] {logging_mixin.py:190} INFO - [2025-04-22T11:09:24.911-0300] {dagbag.py:588} INFO - Filling up the DagBag from /home/jonathan-brito/python-projects/airflow/venv/lib/python3.12/site-packages/airflow/example_dags/example_latest_only.py
[2025-04-22T11:09:24.918-0300] {processor.py:925} INFO - DAG(s) 'latest_only' retrieved from /home/jonathan-brito/python-projects/airflow/venv/lib/python3.12/site-packages/airflow/example_dags/example_latest_only.py
[2025-04-22T11:09:24.934-0300] {logging_mixin.py:190} INFO - [2025-04-22T11:09:24.934-0300] {dag.py:3239} INFO - Sync 1 DAGs
[2025-04-22T11:09:24.953-0300] {logging_mixin.py:190} INFO - [2025-04-22T11:09:24.953-0300] {dag.py:4180} INFO - Setting next_dagrun for latest_only to 2025-04-22 08:00:00+00:00, run_after=2025-04-22 12:00:00+00:00
[2025-04-22T11:09:24.978-0300] {processor.py:208} INFO - Processing /home/jonathan-brito/python-projects/airflow/venv/lib/python3.12/site-packages/airflow/example_dags/example_latest_only.py took 0.081 seconds
[2025-04-22T11:10:24.765-0300] {processor.py:186} INFO - Started process (PID=50647) to work on /home/jonathan-brito/python-projects/airflow/venv/lib/python3.12/site-packages/airflow/example_dags/example_latest_only.py
[2025-04-22T11:10:24.766-0300] {processor.py:914} INFO - Processing file /home/jonathan-brito/python-projects/airflow/venv/lib/python3.12/site-packages/airflow/example_dags/example_latest_only.py for tasks to queue
[2025-04-22T11:10:24.767-0300] {logging_mixin.py:190} INFO - [2025-04-22T11:10:24.767-0300] {dagbag.py:588} INFO - Filling up the DagBag from /home/jonathan-brito/python-projects/airflow/venv/lib/python3.12/site-packages/airflow/example_dags/example_latest_only.py
[2025-04-22T11:10:24.774-0300] {processor.py:925} INFO - DAG(s) 'latest_only' retrieved from /home/jonathan-brito/python-projects/airflow/venv/lib/python3.12/site-packages/airflow/example_dags/example_latest_only.py
[2025-04-22T11:10:24.791-0300] {logging_mixin.py:190} INFO - [2025-04-22T11:10:24.791-0300] {dag.py:3239} INFO - Sync 1 DAGs
[2025-04-22T11:10:24.812-0300] {logging_mixin.py:190} INFO - [2025-04-22T11:10:24.812-0300] {dag.py:4180} INFO - Setting next_dagrun for latest_only to 2025-04-22 08:00:00+00:00, run_after=2025-04-22 12:00:00+00:00
[2025-04-22T11:10:24.839-0300] {processor.py:208} INFO - Processing /home/jonathan-brito/python-projects/airflow/venv/lib/python3.12/site-packages/airflow/example_dags/example_latest_only.py took 0.081 seconds
[2025-04-22T11:11:29.006-0300] {processor.py:186} INFO - Started process (PID=51054) to work on /home/jonathan-brito/python-projects/airflow/venv/lib/python3.12/site-packages/airflow/example_dags/example_latest_only.py
[2025-04-22T11:11:29.014-0300] {processor.py:914} INFO - Processing file /home/jonathan-brito/python-projects/airflow/venv/lib/python3.12/site-packages/airflow/example_dags/example_latest_only.py for tasks to queue
[2025-04-22T11:11:29.017-0300] {logging_mixin.py:190} INFO - [2025-04-22T11:11:29.017-0300] {dagbag.py:588} INFO - Filling up the DagBag from /home/jonathan-brito/python-projects/airflow/venv/lib/python3.12/site-packages/airflow/example_dags/example_latest_only.py
[2025-04-22T11:11:29.035-0300] {processor.py:925} INFO - DAG(s) 'latest_only' retrieved from /home/jonathan-brito/python-projects/airflow/venv/lib/python3.12/site-packages/airflow/example_dags/example_latest_only.py
[2025-04-22T11:11:29.070-0300] {logging_mixin.py:190} INFO - [2025-04-22T11:11:29.070-0300] {dag.py:3239} INFO - Sync 1 DAGs
[2025-04-22T11:11:29.091-0300] {logging_mixin.py:190} INFO - [2025-04-22T11:11:29.090-0300] {dag.py:4180} INFO - Setting next_dagrun for latest_only to 2025-04-22 08:00:00+00:00, run_after=2025-04-22 12:00:00+00:00
[2025-04-22T11:11:29.128-0300] {processor.py:208} INFO - Processing /home/jonathan-brito/python-projects/airflow/venv/lib/python3.12/site-packages/airflow/example_dags/example_latest_only.py took 0.140 seconds
