[2025-04-21T21:24:14.069-0300] {processor.py:186} INFO - Started process (PID=70954) to work on /home/jonathan-brito/python-projects/airflow/venv/lib/python3.12/site-packages/airflow/example_dags/example_bash_operator.py
[2025-04-21T21:24:14.072-0300] {processor.py:914} INFO - Processing file /home/jonathan-brito/python-projects/airflow/venv/lib/python3.12/site-packages/airflow/example_dags/example_bash_operator.py for tasks to queue
[2025-04-21T21:24:14.078-0300] {logging_mixin.py:190} INFO - [2025-04-21T21:24:14.077-0300] {dagbag.py:588} INFO - Filling up the DagBag from /home/jonathan-brito/python-projects/airflow/venv/lib/python3.12/site-packages/airflow/example_dags/example_bash_operator.py
[2025-04-21T21:24:14.102-0300] {processor.py:925} INFO - DAG(s) 'example_bash_operator' retrieved from /home/jonathan-brito/python-projects/airflow/venv/lib/python3.12/site-packages/airflow/example_dags/example_bash_operator.py
[2025-04-21T21:24:14.125-0300] {logging_mixin.py:190} INFO - [2025-04-21T21:24:14.125-0300] {dag.py:3239} INFO - Sync 1 DAGs
[2025-04-21T21:24:14.147-0300] {logging_mixin.py:190} INFO - [2025-04-21T21:24:14.147-0300] {dag.py:4180} INFO - Setting next_dagrun for example_bash_operator to 2025-04-22 00:00:00+00:00, run_after=2025-04-23 00:00:00+00:00
[2025-04-21T21:24:14.182-0300] {processor.py:208} INFO - Processing /home/jonathan-brito/python-projects/airflow/venv/lib/python3.12/site-packages/airflow/example_dags/example_bash_operator.py took 0.132 seconds
[2025-04-21T22:10:29.846-0300] {processor.py:186} INFO - Started process (PID=127563) to work on /home/jonathan-brito/python-projects/airflow/venv/lib/python3.12/site-packages/airflow/example_dags/example_bash_operator.py
[2025-04-21T22:10:29.853-0300] {processor.py:914} INFO - Processing file /home/jonathan-brito/python-projects/airflow/venv/lib/python3.12/site-packages/airflow/example_dags/example_bash_operator.py for tasks to queue
[2025-04-21T22:10:29.855-0300] {logging_mixin.py:190} INFO - [2025-04-21T22:10:29.855-0300] {dagbag.py:588} INFO - Filling up the DagBag from /home/jonathan-brito/python-projects/airflow/venv/lib/python3.12/site-packages/airflow/example_dags/example_bash_operator.py
[2025-04-21T22:10:29.868-0300] {processor.py:925} INFO - DAG(s) 'example_bash_operator' retrieved from /home/jonathan-brito/python-projects/airflow/venv/lib/python3.12/site-packages/airflow/example_dags/example_bash_operator.py
[2025-04-21T22:10:29.908-0300] {logging_mixin.py:190} INFO - [2025-04-21T22:10:29.908-0300] {dag.py:3239} INFO - Sync 1 DAGs
[2025-04-21T22:10:29.949-0300] {logging_mixin.py:190} INFO - [2025-04-21T22:10:29.948-0300] {dag.py:4180} INFO - Setting next_dagrun for example_bash_operator to 2025-04-22 00:00:00+00:00, run_after=2025-04-23 00:00:00+00:00
[2025-04-21T22:10:30.034-0300] {processor.py:208} INFO - Processing /home/jonathan-brito/python-projects/airflow/venv/lib/python3.12/site-packages/airflow/example_dags/example_bash_operator.py took 0.194 seconds
[2025-04-21T22:11:34.830-0300] {processor.py:186} INFO - Started process (PID=128513) to work on /home/jonathan-brito/python-projects/airflow/venv/lib/python3.12/site-packages/airflow/example_dags/example_bash_operator.py
[2025-04-21T22:11:34.836-0300] {processor.py:914} INFO - Processing file /home/jonathan-brito/python-projects/airflow/venv/lib/python3.12/site-packages/airflow/example_dags/example_bash_operator.py for tasks to queue
[2025-04-21T22:11:34.837-0300] {logging_mixin.py:190} INFO - [2025-04-21T22:11:34.837-0300] {dagbag.py:588} INFO - Filling up the DagBag from /home/jonathan-brito/python-projects/airflow/venv/lib/python3.12/site-packages/airflow/example_dags/example_bash_operator.py
[2025-04-21T22:11:34.849-0300] {processor.py:925} INFO - DAG(s) 'example_bash_operator' retrieved from /home/jonathan-brito/python-projects/airflow/venv/lib/python3.12/site-packages/airflow/example_dags/example_bash_operator.py
[2025-04-21T22:11:34.872-0300] {logging_mixin.py:190} INFO - [2025-04-21T22:11:34.872-0300] {dag.py:3239} INFO - Sync 1 DAGs
[2025-04-21T22:11:34.893-0300] {logging_mixin.py:190} INFO - [2025-04-21T22:11:34.892-0300] {dag.py:4180} INFO - Setting next_dagrun for example_bash_operator to 2025-04-22 00:00:00+00:00, run_after=2025-04-23 00:00:00+00:00
[2025-04-21T22:11:34.923-0300] {processor.py:208} INFO - Processing /home/jonathan-brito/python-projects/airflow/venv/lib/python3.12/site-packages/airflow/example_dags/example_bash_operator.py took 0.100 seconds
[2025-04-21T22:12:37.210-0300] {processor.py:186} INFO - Started process (PID=129202) to work on /home/jonathan-brito/python-projects/airflow/venv/lib/python3.12/site-packages/airflow/example_dags/example_bash_operator.py
[2025-04-21T22:12:37.217-0300] {processor.py:914} INFO - Processing file /home/jonathan-brito/python-projects/airflow/venv/lib/python3.12/site-packages/airflow/example_dags/example_bash_operator.py for tasks to queue
[2025-04-21T22:12:37.219-0300] {logging_mixin.py:190} INFO - [2025-04-21T22:12:37.218-0300] {dagbag.py:588} INFO - Filling up the DagBag from /home/jonathan-brito/python-projects/airflow/venv/lib/python3.12/site-packages/airflow/example_dags/example_bash_operator.py
[2025-04-21T22:12:37.237-0300] {processor.py:925} INFO - DAG(s) 'example_bash_operator' retrieved from /home/jonathan-brito/python-projects/airflow/venv/lib/python3.12/site-packages/airflow/example_dags/example_bash_operator.py
[2025-04-21T22:12:37.268-0300] {logging_mixin.py:190} INFO - [2025-04-21T22:12:37.268-0300] {dag.py:3239} INFO - Sync 1 DAGs
[2025-04-21T22:12:37.290-0300] {logging_mixin.py:190} INFO - [2025-04-21T22:12:37.290-0300] {dag.py:4180} INFO - Setting next_dagrun for example_bash_operator to 2025-04-22 00:00:00+00:00, run_after=2025-04-23 00:00:00+00:00
[2025-04-21T22:12:37.319-0300] {processor.py:208} INFO - Processing /home/jonathan-brito/python-projects/airflow/venv/lib/python3.12/site-packages/airflow/example_dags/example_bash_operator.py took 0.116 seconds
[2025-04-21T22:13:42.056-0300] {processor.py:186} INFO - Started process (PID=129946) to work on /home/jonathan-brito/python-projects/airflow/venv/lib/python3.12/site-packages/airflow/example_dags/example_bash_operator.py
[2025-04-21T22:13:42.064-0300] {processor.py:914} INFO - Processing file /home/jonathan-brito/python-projects/airflow/venv/lib/python3.12/site-packages/airflow/example_dags/example_bash_operator.py for tasks to queue
[2025-04-21T22:13:42.065-0300] {logging_mixin.py:190} INFO - [2025-04-21T22:13:42.065-0300] {dagbag.py:588} INFO - Filling up the DagBag from /home/jonathan-brito/python-projects/airflow/venv/lib/python3.12/site-packages/airflow/example_dags/example_bash_operator.py
[2025-04-21T22:13:42.080-0300] {processor.py:925} INFO - DAG(s) 'example_bash_operator' retrieved from /home/jonathan-brito/python-projects/airflow/venv/lib/python3.12/site-packages/airflow/example_dags/example_bash_operator.py
[2025-04-21T22:13:42.104-0300] {logging_mixin.py:190} INFO - [2025-04-21T22:13:42.104-0300] {dag.py:3239} INFO - Sync 1 DAGs
[2025-04-21T22:13:42.123-0300] {logging_mixin.py:190} INFO - [2025-04-21T22:13:42.122-0300] {dag.py:4180} INFO - Setting next_dagrun for example_bash_operator to 2025-04-22 00:00:00+00:00, run_after=2025-04-23 00:00:00+00:00
[2025-04-21T22:13:42.155-0300] {processor.py:208} INFO - Processing /home/jonathan-brito/python-projects/airflow/venv/lib/python3.12/site-packages/airflow/example_dags/example_bash_operator.py took 0.106 seconds
[2025-04-21T22:14:43.454-0300] {processor.py:186} INFO - Started process (PID=130650) to work on /home/jonathan-brito/python-projects/airflow/venv/lib/python3.12/site-packages/airflow/example_dags/example_bash_operator.py
[2025-04-21T22:14:43.461-0300] {processor.py:914} INFO - Processing file /home/jonathan-brito/python-projects/airflow/venv/lib/python3.12/site-packages/airflow/example_dags/example_bash_operator.py for tasks to queue
[2025-04-21T22:14:43.463-0300] {logging_mixin.py:190} INFO - [2025-04-21T22:14:43.462-0300] {dagbag.py:588} INFO - Filling up the DagBag from /home/jonathan-brito/python-projects/airflow/venv/lib/python3.12/site-packages/airflow/example_dags/example_bash_operator.py
[2025-04-21T22:14:43.477-0300] {processor.py:925} INFO - DAG(s) 'example_bash_operator' retrieved from /home/jonathan-brito/python-projects/airflow/venv/lib/python3.12/site-packages/airflow/example_dags/example_bash_operator.py
[2025-04-21T22:14:43.506-0300] {logging_mixin.py:190} INFO - [2025-04-21T22:14:43.505-0300] {dag.py:3239} INFO - Sync 1 DAGs
[2025-04-21T22:14:43.528-0300] {logging_mixin.py:190} INFO - [2025-04-21T22:14:43.527-0300] {dag.py:4180} INFO - Setting next_dagrun for example_bash_operator to 2025-04-22 00:00:00+00:00, run_after=2025-04-23 00:00:00+00:00
[2025-04-21T22:14:43.556-0300] {processor.py:208} INFO - Processing /home/jonathan-brito/python-projects/airflow/venv/lib/python3.12/site-packages/airflow/example_dags/example_bash_operator.py took 0.109 seconds
[2025-04-21T22:15:45.762-0300] {processor.py:186} INFO - Started process (PID=131305) to work on /home/jonathan-brito/python-projects/airflow/venv/lib/python3.12/site-packages/airflow/example_dags/example_bash_operator.py
[2025-04-21T22:15:45.770-0300] {processor.py:914} INFO - Processing file /home/jonathan-brito/python-projects/airflow/venv/lib/python3.12/site-packages/airflow/example_dags/example_bash_operator.py for tasks to queue
[2025-04-21T22:15:45.773-0300] {logging_mixin.py:190} INFO - [2025-04-21T22:15:45.772-0300] {dagbag.py:588} INFO - Filling up the DagBag from /home/jonathan-brito/python-projects/airflow/venv/lib/python3.12/site-packages/airflow/example_dags/example_bash_operator.py
[2025-04-21T22:15:45.796-0300] {processor.py:925} INFO - DAG(s) 'example_bash_operator' retrieved from /home/jonathan-brito/python-projects/airflow/venv/lib/python3.12/site-packages/airflow/example_dags/example_bash_operator.py
[2025-04-21T22:15:45.821-0300] {logging_mixin.py:190} INFO - [2025-04-21T22:15:45.821-0300] {dag.py:3239} INFO - Sync 1 DAGs
[2025-04-21T22:15:45.841-0300] {logging_mixin.py:190} INFO - [2025-04-21T22:15:45.841-0300] {dag.py:4180} INFO - Setting next_dagrun for example_bash_operator to 2025-04-22 00:00:00+00:00, run_after=2025-04-23 00:00:00+00:00
[2025-04-21T22:15:45.876-0300] {processor.py:208} INFO - Processing /home/jonathan-brito/python-projects/airflow/venv/lib/python3.12/site-packages/airflow/example_dags/example_bash_operator.py took 0.129 seconds
[2025-04-21T22:16:48.415-0300] {processor.py:186} INFO - Started process (PID=131935) to work on /home/jonathan-brito/python-projects/airflow/venv/lib/python3.12/site-packages/airflow/example_dags/example_bash_operator.py
[2025-04-21T22:16:48.422-0300] {processor.py:914} INFO - Processing file /home/jonathan-brito/python-projects/airflow/venv/lib/python3.12/site-packages/airflow/example_dags/example_bash_operator.py for tasks to queue
[2025-04-21T22:16:48.423-0300] {logging_mixin.py:190} INFO - [2025-04-21T22:16:48.423-0300] {dagbag.py:588} INFO - Filling up the DagBag from /home/jonathan-brito/python-projects/airflow/venv/lib/python3.12/site-packages/airflow/example_dags/example_bash_operator.py
[2025-04-21T22:16:48.435-0300] {processor.py:925} INFO - DAG(s) 'example_bash_operator' retrieved from /home/jonathan-brito/python-projects/airflow/venv/lib/python3.12/site-packages/airflow/example_dags/example_bash_operator.py
[2025-04-21T22:16:48.458-0300] {logging_mixin.py:190} INFO - [2025-04-21T22:16:48.458-0300] {dag.py:3239} INFO - Sync 1 DAGs
[2025-04-21T22:16:48.477-0300] {logging_mixin.py:190} INFO - [2025-04-21T22:16:48.477-0300] {dag.py:4180} INFO - Setting next_dagrun for example_bash_operator to 2025-04-22 00:00:00+00:00, run_after=2025-04-23 00:00:00+00:00
[2025-04-21T22:16:48.514-0300] {processor.py:208} INFO - Processing /home/jonathan-brito/python-projects/airflow/venv/lib/python3.12/site-packages/airflow/example_dags/example_bash_operator.py took 0.105 seconds
[2025-04-21T22:17:51.725-0300] {processor.py:186} INFO - Started process (PID=132604) to work on /home/jonathan-brito/python-projects/airflow/venv/lib/python3.12/site-packages/airflow/example_dags/example_bash_operator.py
[2025-04-21T22:17:51.732-0300] {processor.py:914} INFO - Processing file /home/jonathan-brito/python-projects/airflow/venv/lib/python3.12/site-packages/airflow/example_dags/example_bash_operator.py for tasks to queue
[2025-04-21T22:17:51.734-0300] {logging_mixin.py:190} INFO - [2025-04-21T22:17:51.734-0300] {dagbag.py:588} INFO - Filling up the DagBag from /home/jonathan-brito/python-projects/airflow/venv/lib/python3.12/site-packages/airflow/example_dags/example_bash_operator.py
[2025-04-21T22:17:51.751-0300] {processor.py:925} INFO - DAG(s) 'example_bash_operator' retrieved from /home/jonathan-brito/python-projects/airflow/venv/lib/python3.12/site-packages/airflow/example_dags/example_bash_operator.py
[2025-04-21T22:17:51.779-0300] {logging_mixin.py:190} INFO - [2025-04-21T22:17:51.778-0300] {dag.py:3239} INFO - Sync 1 DAGs
[2025-04-21T22:17:51.801-0300] {logging_mixin.py:190} INFO - [2025-04-21T22:17:51.801-0300] {dag.py:4180} INFO - Setting next_dagrun for example_bash_operator to 2025-04-22 00:00:00+00:00, run_after=2025-04-23 00:00:00+00:00
[2025-04-21T22:17:51.880-0300] {processor.py:208} INFO - Processing /home/jonathan-brito/python-projects/airflow/venv/lib/python3.12/site-packages/airflow/example_dags/example_bash_operator.py took 0.163 seconds
[2025-04-21T22:18:53.540-0300] {processor.py:186} INFO - Started process (PID=133225) to work on /home/jonathan-brito/python-projects/airflow/venv/lib/python3.12/site-packages/airflow/example_dags/example_bash_operator.py
[2025-04-21T22:18:53.547-0300] {processor.py:914} INFO - Processing file /home/jonathan-brito/python-projects/airflow/venv/lib/python3.12/site-packages/airflow/example_dags/example_bash_operator.py for tasks to queue
[2025-04-21T22:18:53.551-0300] {logging_mixin.py:190} INFO - [2025-04-21T22:18:53.549-0300] {dagbag.py:588} INFO - Filling up the DagBag from /home/jonathan-brito/python-projects/airflow/venv/lib/python3.12/site-packages/airflow/example_dags/example_bash_operator.py
[2025-04-21T22:18:53.568-0300] {processor.py:925} INFO - DAG(s) 'example_bash_operator' retrieved from /home/jonathan-brito/python-projects/airflow/venv/lib/python3.12/site-packages/airflow/example_dags/example_bash_operator.py
[2025-04-21T22:18:53.591-0300] {logging_mixin.py:190} INFO - [2025-04-21T22:18:53.591-0300] {dag.py:3239} INFO - Sync 1 DAGs
[2025-04-21T22:18:53.610-0300] {logging_mixin.py:190} INFO - [2025-04-21T22:18:53.610-0300] {dag.py:4180} INFO - Setting next_dagrun for example_bash_operator to 2025-04-22 00:00:00+00:00, run_after=2025-04-23 00:00:00+00:00
[2025-04-21T22:18:53.637-0300] {processor.py:208} INFO - Processing /home/jonathan-brito/python-projects/airflow/venv/lib/python3.12/site-packages/airflow/example_dags/example_bash_operator.py took 0.103 seconds
[2025-04-21T22:19:57.422-0300] {processor.py:186} INFO - Started process (PID=133959) to work on /home/jonathan-brito/python-projects/airflow/venv/lib/python3.12/site-packages/airflow/example_dags/example_bash_operator.py
[2025-04-21T22:19:57.431-0300] {processor.py:914} INFO - Processing file /home/jonathan-brito/python-projects/airflow/venv/lib/python3.12/site-packages/airflow/example_dags/example_bash_operator.py for tasks to queue
[2025-04-21T22:19:57.435-0300] {logging_mixin.py:190} INFO - [2025-04-21T22:19:57.433-0300] {dagbag.py:588} INFO - Filling up the DagBag from /home/jonathan-brito/python-projects/airflow/venv/lib/python3.12/site-packages/airflow/example_dags/example_bash_operator.py
[2025-04-21T22:19:57.459-0300] {processor.py:925} INFO - DAG(s) 'example_bash_operator' retrieved from /home/jonathan-brito/python-projects/airflow/venv/lib/python3.12/site-packages/airflow/example_dags/example_bash_operator.py
[2025-04-21T22:19:57.485-0300] {logging_mixin.py:190} INFO - [2025-04-21T22:19:57.485-0300] {dag.py:3239} INFO - Sync 1 DAGs
[2025-04-21T22:19:57.506-0300] {logging_mixin.py:190} INFO - [2025-04-21T22:19:57.505-0300] {dag.py:4180} INFO - Setting next_dagrun for example_bash_operator to 2025-04-22 00:00:00+00:00, run_after=2025-04-23 00:00:00+00:00
[2025-04-21T22:19:57.537-0300] {processor.py:208} INFO - Processing /home/jonathan-brito/python-projects/airflow/venv/lib/python3.12/site-packages/airflow/example_dags/example_bash_operator.py took 0.136 seconds
[2025-04-22T10:25:01.514-0300] {processor.py:186} INFO - Started process (PID=11586) to work on /home/jonathan-brito/python-projects/airflow/venv/lib/python3.12/site-packages/airflow/example_dags/example_bash_operator.py
[2025-04-22T10:25:01.521-0300] {processor.py:914} INFO - Processing file /home/jonathan-brito/python-projects/airflow/venv/lib/python3.12/site-packages/airflow/example_dags/example_bash_operator.py for tasks to queue
[2025-04-22T10:25:01.527-0300] {logging_mixin.py:190} INFO - [2025-04-22T10:25:01.526-0300] {dagbag.py:588} INFO - Filling up the DagBag from /home/jonathan-brito/python-projects/airflow/venv/lib/python3.12/site-packages/airflow/example_dags/example_bash_operator.py
[2025-04-22T10:25:01.552-0300] {processor.py:925} INFO - DAG(s) 'example_bash_operator' retrieved from /home/jonathan-brito/python-projects/airflow/venv/lib/python3.12/site-packages/airflow/example_dags/example_bash_operator.py
[2025-04-22T10:25:01.594-0300] {logging_mixin.py:190} INFO - [2025-04-22T10:25:01.593-0300] {dag.py:3239} INFO - Sync 1 DAGs
[2025-04-22T10:25:01.631-0300] {logging_mixin.py:190} INFO - [2025-04-22T10:25:01.631-0300] {dag.py:4180} INFO - Setting next_dagrun for example_bash_operator to 2025-04-22 00:00:00+00:00, run_after=2025-04-23 00:00:00+00:00
[2025-04-22T10:25:01.656-0300] {processor.py:208} INFO - Processing /home/jonathan-brito/python-projects/airflow/venv/lib/python3.12/site-packages/airflow/example_dags/example_bash_operator.py took 0.154 seconds
[2025-04-22T10:26:43.107-0300] {processor.py:186} INFO - Started process (PID=12999) to work on /home/jonathan-brito/python-projects/airflow/venv/lib/python3.12/site-packages/airflow/example_dags/example_bash_operator.py
[2025-04-22T10:26:43.115-0300] {processor.py:914} INFO - Processing file /home/jonathan-brito/python-projects/airflow/venv/lib/python3.12/site-packages/airflow/example_dags/example_bash_operator.py for tasks to queue
[2025-04-22T10:26:43.118-0300] {logging_mixin.py:190} INFO - [2025-04-22T10:26:43.117-0300] {dagbag.py:588} INFO - Filling up the DagBag from /home/jonathan-brito/python-projects/airflow/venv/lib/python3.12/site-packages/airflow/example_dags/example_bash_operator.py
[2025-04-22T10:26:43.134-0300] {processor.py:925} INFO - DAG(s) 'example_bash_operator' retrieved from /home/jonathan-brito/python-projects/airflow/venv/lib/python3.12/site-packages/airflow/example_dags/example_bash_operator.py
[2025-04-22T10:26:43.159-0300] {logging_mixin.py:190} INFO - [2025-04-22T10:26:43.158-0300] {dag.py:3239} INFO - Sync 1 DAGs
[2025-04-22T10:26:43.183-0300] {logging_mixin.py:190} INFO - [2025-04-22T10:26:43.183-0300] {dag.py:4180} INFO - Setting next_dagrun for example_bash_operator to 2025-04-22 00:00:00+00:00, run_after=2025-04-23 00:00:00+00:00
[2025-04-22T10:26:43.215-0300] {processor.py:208} INFO - Processing /home/jonathan-brito/python-projects/airflow/venv/lib/python3.12/site-packages/airflow/example_dags/example_bash_operator.py took 0.123 seconds
[2025-04-22T10:29:33.794-0300] {processor.py:186} INFO - Started process (PID=15727) to work on /home/jonathan-brito/python-projects/airflow/venv/lib/python3.12/site-packages/airflow/example_dags/example_bash_operator.py
[2025-04-22T10:29:33.795-0300] {processor.py:914} INFO - Processing file /home/jonathan-brito/python-projects/airflow/venv/lib/python3.12/site-packages/airflow/example_dags/example_bash_operator.py for tasks to queue
[2025-04-22T10:29:33.797-0300] {logging_mixin.py:190} INFO - [2025-04-22T10:29:33.797-0300] {dagbag.py:588} INFO - Filling up the DagBag from /home/jonathan-brito/python-projects/airflow/venv/lib/python3.12/site-packages/airflow/example_dags/example_bash_operator.py
[2025-04-22T10:29:33.813-0300] {processor.py:925} INFO - DAG(s) 'example_bash_operator' retrieved from /home/jonathan-brito/python-projects/airflow/venv/lib/python3.12/site-packages/airflow/example_dags/example_bash_operator.py
[2025-04-22T10:29:33.837-0300] {logging_mixin.py:190} INFO - [2025-04-22T10:29:33.836-0300] {dag.py:3239} INFO - Sync 1 DAGs
[2025-04-22T10:29:33.859-0300] {logging_mixin.py:190} INFO - [2025-04-22T10:29:33.858-0300] {dag.py:4180} INFO - Setting next_dagrun for example_bash_operator to 2025-04-22 00:00:00+00:00, run_after=2025-04-23 00:00:00+00:00
[2025-04-22T10:29:33.885-0300] {processor.py:208} INFO - Processing /home/jonathan-brito/python-projects/airflow/venv/lib/python3.12/site-packages/airflow/example_dags/example_bash_operator.py took 0.098 seconds
[2025-04-22T11:08:42.032-0300] {processor.py:186} INFO - Started process (PID=49819) to work on /home/jonathan-brito/python-projects/airflow/venv/lib/python3.12/site-packages/airflow/example_dags/example_bash_operator.py
[2025-04-22T11:08:42.039-0300] {processor.py:914} INFO - Processing file /home/jonathan-brito/python-projects/airflow/venv/lib/python3.12/site-packages/airflow/example_dags/example_bash_operator.py for tasks to queue
[2025-04-22T11:08:42.041-0300] {logging_mixin.py:190} INFO - [2025-04-22T11:08:42.040-0300] {dagbag.py:588} INFO - Filling up the DagBag from /home/jonathan-brito/python-projects/airflow/venv/lib/python3.12/site-packages/airflow/example_dags/example_bash_operator.py
[2025-04-22T11:08:42.053-0300] {processor.py:925} INFO - DAG(s) 'example_bash_operator' retrieved from /home/jonathan-brito/python-projects/airflow/venv/lib/python3.12/site-packages/airflow/example_dags/example_bash_operator.py
[2025-04-22T11:08:42.078-0300] {logging_mixin.py:190} INFO - [2025-04-22T11:08:42.078-0300] {dag.py:3239} INFO - Sync 1 DAGs
[2025-04-22T11:08:42.099-0300] {logging_mixin.py:190} INFO - [2025-04-22T11:08:42.099-0300] {dag.py:4180} INFO - Setting next_dagrun for example_bash_operator to 2025-04-22 00:00:00+00:00, run_after=2025-04-23 00:00:00+00:00
[2025-04-22T11:08:42.124-0300] {processor.py:208} INFO - Processing /home/jonathan-brito/python-projects/airflow/venv/lib/python3.12/site-packages/airflow/example_dags/example_bash_operator.py took 0.097 seconds
[2025-04-22T11:09:41.551-0300] {processor.py:186} INFO - Started process (PID=50197) to work on /home/jonathan-brito/python-projects/airflow/venv/lib/python3.12/site-packages/airflow/example_dags/example_bash_operator.py
[2025-04-22T11:09:41.558-0300] {processor.py:914} INFO - Processing file /home/jonathan-brito/python-projects/airflow/venv/lib/python3.12/site-packages/airflow/example_dags/example_bash_operator.py for tasks to queue
[2025-04-22T11:09:41.560-0300] {logging_mixin.py:190} INFO - [2025-04-22T11:09:41.559-0300] {dagbag.py:588} INFO - Filling up the DagBag from /home/jonathan-brito/python-projects/airflow/venv/lib/python3.12/site-packages/airflow/example_dags/example_bash_operator.py
[2025-04-22T11:09:41.576-0300] {processor.py:925} INFO - DAG(s) 'example_bash_operator' retrieved from /home/jonathan-brito/python-projects/airflow/venv/lib/python3.12/site-packages/airflow/example_dags/example_bash_operator.py
[2025-04-22T11:09:41.603-0300] {logging_mixin.py:190} INFO - [2025-04-22T11:09:41.602-0300] {dag.py:3239} INFO - Sync 1 DAGs
[2025-04-22T11:09:41.630-0300] {logging_mixin.py:190} INFO - [2025-04-22T11:09:41.630-0300] {dag.py:4180} INFO - Setting next_dagrun for example_bash_operator to 2025-04-22 00:00:00+00:00, run_after=2025-04-23 00:00:00+00:00
[2025-04-22T11:09:41.661-0300] {processor.py:208} INFO - Processing /home/jonathan-brito/python-projects/airflow/venv/lib/python3.12/site-packages/airflow/example_dags/example_bash_operator.py took 0.116 seconds
[2025-04-22T11:10:42.602-0300] {processor.py:186} INFO - Started process (PID=50738) to work on /home/jonathan-brito/python-projects/airflow/venv/lib/python3.12/site-packages/airflow/example_dags/example_bash_operator.py
[2025-04-22T11:10:42.609-0300] {processor.py:914} INFO - Processing file /home/jonathan-brito/python-projects/airflow/venv/lib/python3.12/site-packages/airflow/example_dags/example_bash_operator.py for tasks to queue
[2025-04-22T11:10:42.610-0300] {logging_mixin.py:190} INFO - [2025-04-22T11:10:42.610-0300] {dagbag.py:588} INFO - Filling up the DagBag from /home/jonathan-brito/python-projects/airflow/venv/lib/python3.12/site-packages/airflow/example_dags/example_bash_operator.py
[2025-04-22T11:10:42.623-0300] {processor.py:925} INFO - DAG(s) 'example_bash_operator' retrieved from /home/jonathan-brito/python-projects/airflow/venv/lib/python3.12/site-packages/airflow/example_dags/example_bash_operator.py
[2025-04-22T11:10:42.651-0300] {logging_mixin.py:190} INFO - [2025-04-22T11:10:42.651-0300] {dag.py:3239} INFO - Sync 1 DAGs
[2025-04-22T11:10:42.672-0300] {logging_mixin.py:190} INFO - [2025-04-22T11:10:42.672-0300] {dag.py:4180} INFO - Setting next_dagrun for example_bash_operator to 2025-04-22 00:00:00+00:00, run_after=2025-04-23 00:00:00+00:00
[2025-04-22T11:10:42.700-0300] {processor.py:208} INFO - Processing /home/jonathan-brito/python-projects/airflow/venv/lib/python3.12/site-packages/airflow/example_dags/example_bash_operator.py took 0.104 seconds
