[2025-04-21T21:23:32.468-0300] {processor.py:186} INFO - Started process (PID=70520) to work on /home/jonathan-brito/python-projects/airflow/venv/lib/python3.12/site-packages/airflow/example_dags/example_subdag_operator.py
[2025-04-21T21:23:32.468-0300] {processor.py:914} INFO - Processing file /home/jonathan-brito/python-projects/airflow/venv/lib/python3.12/site-packages/airflow/example_dags/example_subdag_operator.py for tasks to queue
[2025-04-21T21:23:32.471-0300] {logging_mixin.py:190} INFO - [2025-04-21T21:23:32.471-0300] {dagbag.py:588} INFO - Filling up the DagBag from /home/jonathan-brito/python-projects/airflow/venv/lib/python3.12/site-packages/airflow/example_dags/example_subdag_operator.py
[2025-04-21T21:23:32.496-0300] {processor.py:925} INFO - DAG(s) 'example_subdag_operator.section-1', 'example_subdag_operator.section-2', 'example_subdag_operator' retrieved from /home/jonathan-brito/python-projects/airflow/venv/lib/python3.12/site-packages/airflow/example_dags/example_subdag_operator.py
[2025-04-21T21:23:32.514-0300] {logging_mixin.py:190} INFO - [2025-04-21T21:23:32.513-0300] {dag.py:3239} INFO - Sync 3 DAGs
[2025-04-21T21:23:32.534-0300] {logging_mixin.py:190} INFO - [2025-04-21T21:23:32.533-0300] {dag.py:4180} INFO - Setting next_dagrun for example_subdag_operator to 2022-01-01 00:00:00+00:00, run_after=2022-01-01 00:00:00+00:00
[2025-04-21T21:23:32.537-0300] {logging_mixin.py:190} INFO - [2025-04-21T21:23:32.537-0300] {dag.py:4180} INFO - Setting next_dagrun for example_subdag_operator.section-1 to None, run_after=None
[2025-04-21T21:23:32.538-0300] {logging_mixin.py:190} INFO - [2025-04-21T21:23:32.538-0300] {dag.py:4180} INFO - Setting next_dagrun for example_subdag_operator.section-2 to None, run_after=None
[2025-04-21T21:23:32.545-0300] {logging_mixin.py:190} INFO - [2025-04-21T21:23:32.544-0300] {dag.py:3239} INFO - Sync 2 DAGs
[2025-04-21T21:23:32.549-0300] {logging_mixin.py:190} INFO - [2025-04-21T21:23:32.548-0300] {dag.py:4180} INFO - Setting next_dagrun for example_subdag_operator.section-1 to None, run_after=None
[2025-04-21T21:23:32.549-0300] {logging_mixin.py:190} INFO - [2025-04-21T21:23:32.549-0300] {dag.py:4180} INFO - Setting next_dagrun for example_subdag_operator.section-2 to None, run_after=None
[2025-04-21T21:23:32.576-0300] {processor.py:208} INFO - Processing /home/jonathan-brito/python-projects/airflow/venv/lib/python3.12/site-packages/airflow/example_dags/example_subdag_operator.py took 0.113 seconds
[2025-04-21T21:24:39.637-0300] {processor.py:186} INFO - Started process (PID=71315) to work on /home/jonathan-brito/python-projects/airflow/venv/lib/python3.12/site-packages/airflow/example_dags/example_subdag_operator.py
[2025-04-21T21:24:39.638-0300] {processor.py:914} INFO - Processing file /home/jonathan-brito/python-projects/airflow/venv/lib/python3.12/site-packages/airflow/example_dags/example_subdag_operator.py for tasks to queue
[2025-04-21T21:24:39.640-0300] {logging_mixin.py:190} INFO - [2025-04-21T21:24:39.640-0300] {dagbag.py:588} INFO - Filling up the DagBag from /home/jonathan-brito/python-projects/airflow/venv/lib/python3.12/site-packages/airflow/example_dags/example_subdag_operator.py
[2025-04-21T21:24:39.667-0300] {processor.py:925} INFO - DAG(s) 'example_subdag_operator.section-1', 'example_subdag_operator.section-2', 'example_subdag_operator' retrieved from /home/jonathan-brito/python-projects/airflow/venv/lib/python3.12/site-packages/airflow/example_dags/example_subdag_operator.py
[2025-04-21T21:24:39.685-0300] {logging_mixin.py:190} INFO - [2025-04-21T21:24:39.684-0300] {dag.py:3239} INFO - Sync 3 DAGs
[2025-04-21T21:24:39.707-0300] {logging_mixin.py:190} INFO - [2025-04-21T21:24:39.707-0300] {dag.py:4180} INFO - Setting next_dagrun for example_subdag_operator to 2022-01-01 00:00:00+00:00, run_after=2022-01-01 00:00:00+00:00
[2025-04-21T21:24:39.711-0300] {logging_mixin.py:190} INFO - [2025-04-21T21:24:39.711-0300] {dag.py:4180} INFO - Setting next_dagrun for example_subdag_operator.section-1 to None, run_after=None
[2025-04-21T21:24:39.713-0300] {logging_mixin.py:190} INFO - [2025-04-21T21:24:39.712-0300] {dag.py:4180} INFO - Setting next_dagrun for example_subdag_operator.section-2 to None, run_after=None
[2025-04-21T21:24:39.720-0300] {logging_mixin.py:190} INFO - [2025-04-21T21:24:39.719-0300] {dag.py:3239} INFO - Sync 2 DAGs
[2025-04-21T21:24:39.724-0300] {logging_mixin.py:190} INFO - [2025-04-21T21:24:39.724-0300] {dag.py:4180} INFO - Setting next_dagrun for example_subdag_operator.section-1 to None, run_after=None
[2025-04-21T21:24:39.724-0300] {logging_mixin.py:190} INFO - [2025-04-21T21:24:39.724-0300] {dag.py:4180} INFO - Setting next_dagrun for example_subdag_operator.section-2 to None, run_after=None
[2025-04-21T21:24:39.754-0300] {processor.py:208} INFO - Processing /home/jonathan-brito/python-projects/airflow/venv/lib/python3.12/site-packages/airflow/example_dags/example_subdag_operator.py took 0.124 seconds
[2025-04-21T22:09:49.662-0300] {processor.py:186} INFO - Started process (PID=127076) to work on /home/jonathan-brito/python-projects/airflow/venv/lib/python3.12/site-packages/airflow/example_dags/example_subdag_operator.py
[2025-04-21T22:09:49.669-0300] {processor.py:914} INFO - Processing file /home/jonathan-brito/python-projects/airflow/venv/lib/python3.12/site-packages/airflow/example_dags/example_subdag_operator.py for tasks to queue
[2025-04-21T22:09:49.671-0300] {logging_mixin.py:190} INFO - [2025-04-21T22:09:49.670-0300] {dagbag.py:588} INFO - Filling up the DagBag from /home/jonathan-brito/python-projects/airflow/venv/lib/python3.12/site-packages/airflow/example_dags/example_subdag_operator.py
[2025-04-21T22:09:49.696-0300] {processor.py:925} INFO - DAG(s) 'example_subdag_operator.section-1', 'example_subdag_operator.section-2', 'example_subdag_operator' retrieved from /home/jonathan-brito/python-projects/airflow/venv/lib/python3.12/site-packages/airflow/example_dags/example_subdag_operator.py
[2025-04-21T22:09:49.714-0300] {logging_mixin.py:190} INFO - [2025-04-21T22:09:49.714-0300] {dag.py:3239} INFO - Sync 3 DAGs
[2025-04-21T22:09:49.735-0300] {logging_mixin.py:190} INFO - [2025-04-21T22:09:49.735-0300] {dag.py:4180} INFO - Setting next_dagrun for example_subdag_operator to 2022-01-01 00:00:00+00:00, run_after=2022-01-01 00:00:00+00:00
[2025-04-21T22:09:49.738-0300] {logging_mixin.py:190} INFO - [2025-04-21T22:09:49.738-0300] {dag.py:4180} INFO - Setting next_dagrun for example_subdag_operator.section-1 to None, run_after=None
[2025-04-21T22:09:49.739-0300] {logging_mixin.py:190} INFO - [2025-04-21T22:09:49.739-0300] {dag.py:4180} INFO - Setting next_dagrun for example_subdag_operator.section-2 to None, run_after=None
[2025-04-21T22:09:49.745-0300] {logging_mixin.py:190} INFO - [2025-04-21T22:09:49.744-0300] {dag.py:3239} INFO - Sync 2 DAGs
[2025-04-21T22:09:49.749-0300] {logging_mixin.py:190} INFO - [2025-04-21T22:09:49.748-0300] {dag.py:4180} INFO - Setting next_dagrun for example_subdag_operator.section-1 to None, run_after=None
[2025-04-21T22:09:49.749-0300] {logging_mixin.py:190} INFO - [2025-04-21T22:09:49.749-0300] {dag.py:4180} INFO - Setting next_dagrun for example_subdag_operator.section-2 to None, run_after=None
[2025-04-21T22:09:49.776-0300] {processor.py:208} INFO - Processing /home/jonathan-brito/python-projects/airflow/venv/lib/python3.12/site-packages/airflow/example_dags/example_subdag_operator.py took 0.122 seconds
[2025-04-21T22:10:53.210-0300] {processor.py:186} INFO - Started process (PID=128003) to work on /home/jonathan-brito/python-projects/airflow/venv/lib/python3.12/site-packages/airflow/example_dags/example_subdag_operator.py
[2025-04-21T22:10:53.220-0300] {processor.py:914} INFO - Processing file /home/jonathan-brito/python-projects/airflow/venv/lib/python3.12/site-packages/airflow/example_dags/example_subdag_operator.py for tasks to queue
[2025-04-21T22:10:53.224-0300] {logging_mixin.py:190} INFO - [2025-04-21T22:10:53.223-0300] {dagbag.py:588} INFO - Filling up the DagBag from /home/jonathan-brito/python-projects/airflow/venv/lib/python3.12/site-packages/airflow/example_dags/example_subdag_operator.py
[2025-04-21T22:10:53.260-0300] {processor.py:925} INFO - DAG(s) 'example_subdag_operator.section-1', 'example_subdag_operator.section-2', 'example_subdag_operator' retrieved from /home/jonathan-brito/python-projects/airflow/venv/lib/python3.12/site-packages/airflow/example_dags/example_subdag_operator.py
[2025-04-21T22:10:53.280-0300] {logging_mixin.py:190} INFO - [2025-04-21T22:10:53.279-0300] {dag.py:3239} INFO - Sync 3 DAGs
[2025-04-21T22:10:53.300-0300] {logging_mixin.py:190} INFO - [2025-04-21T22:10:53.300-0300] {dag.py:4180} INFO - Setting next_dagrun for example_subdag_operator to 2022-01-01 00:00:00+00:00, run_after=2022-01-01 00:00:00+00:00
[2025-04-21T22:10:53.304-0300] {logging_mixin.py:190} INFO - [2025-04-21T22:10:53.303-0300] {dag.py:4180} INFO - Setting next_dagrun for example_subdag_operator.section-1 to None, run_after=None
[2025-04-21T22:10:53.305-0300] {logging_mixin.py:190} INFO - [2025-04-21T22:10:53.305-0300] {dag.py:4180} INFO - Setting next_dagrun for example_subdag_operator.section-2 to None, run_after=None
[2025-04-21T22:10:53.313-0300] {logging_mixin.py:190} INFO - [2025-04-21T22:10:53.313-0300] {dag.py:3239} INFO - Sync 2 DAGs
[2025-04-21T22:10:53.318-0300] {logging_mixin.py:190} INFO - [2025-04-21T22:10:53.318-0300] {dag.py:4180} INFO - Setting next_dagrun for example_subdag_operator.section-1 to None, run_after=None
[2025-04-21T22:10:53.319-0300] {logging_mixin.py:190} INFO - [2025-04-21T22:10:53.319-0300] {dag.py:4180} INFO - Setting next_dagrun for example_subdag_operator.section-2 to None, run_after=None
[2025-04-21T22:10:53.347-0300] {processor.py:208} INFO - Processing /home/jonathan-brito/python-projects/airflow/venv/lib/python3.12/site-packages/airflow/example_dags/example_subdag_operator.py took 0.166 seconds
[2025-04-21T22:11:55.454-0300] {processor.py:186} INFO - Started process (PID=128755) to work on /home/jonathan-brito/python-projects/airflow/venv/lib/python3.12/site-packages/airflow/example_dags/example_subdag_operator.py
[2025-04-21T22:11:55.461-0300] {processor.py:914} INFO - Processing file /home/jonathan-brito/python-projects/airflow/venv/lib/python3.12/site-packages/airflow/example_dags/example_subdag_operator.py for tasks to queue
[2025-04-21T22:11:55.462-0300] {logging_mixin.py:190} INFO - [2025-04-21T22:11:55.462-0300] {dagbag.py:588} INFO - Filling up the DagBag from /home/jonathan-brito/python-projects/airflow/venv/lib/python3.12/site-packages/airflow/example_dags/example_subdag_operator.py
[2025-04-21T22:11:55.485-0300] {processor.py:925} INFO - DAG(s) 'example_subdag_operator.section-1', 'example_subdag_operator.section-2', 'example_subdag_operator' retrieved from /home/jonathan-brito/python-projects/airflow/venv/lib/python3.12/site-packages/airflow/example_dags/example_subdag_operator.py
[2025-04-21T22:11:55.501-0300] {logging_mixin.py:190} INFO - [2025-04-21T22:11:55.500-0300] {dag.py:3239} INFO - Sync 3 DAGs
[2025-04-21T22:11:55.520-0300] {logging_mixin.py:190} INFO - [2025-04-21T22:11:55.520-0300] {dag.py:4180} INFO - Setting next_dagrun for example_subdag_operator to 2022-01-01 00:00:00+00:00, run_after=2022-01-01 00:00:00+00:00
[2025-04-21T22:11:55.523-0300] {logging_mixin.py:190} INFO - [2025-04-21T22:11:55.523-0300] {dag.py:4180} INFO - Setting next_dagrun for example_subdag_operator.section-1 to None, run_after=None
[2025-04-21T22:11:55.524-0300] {logging_mixin.py:190} INFO - [2025-04-21T22:11:55.524-0300] {dag.py:4180} INFO - Setting next_dagrun for example_subdag_operator.section-2 to None, run_after=None
[2025-04-21T22:11:55.530-0300] {logging_mixin.py:190} INFO - [2025-04-21T22:11:55.530-0300] {dag.py:3239} INFO - Sync 2 DAGs
[2025-04-21T22:11:55.534-0300] {logging_mixin.py:190} INFO - [2025-04-21T22:11:55.533-0300] {dag.py:4180} INFO - Setting next_dagrun for example_subdag_operator.section-1 to None, run_after=None
[2025-04-21T22:11:55.534-0300] {logging_mixin.py:190} INFO - [2025-04-21T22:11:55.534-0300] {dag.py:4180} INFO - Setting next_dagrun for example_subdag_operator.section-2 to None, run_after=None
[2025-04-21T22:11:55.551-0300] {processor.py:208} INFO - Processing /home/jonathan-brito/python-projects/airflow/venv/lib/python3.12/site-packages/airflow/example_dags/example_subdag_operator.py took 0.105 seconds
[2025-04-21T22:12:57.836-0300] {processor.py:186} INFO - Started process (PID=129393) to work on /home/jonathan-brito/python-projects/airflow/venv/lib/python3.12/site-packages/airflow/example_dags/example_subdag_operator.py
[2025-04-21T22:12:57.843-0300] {processor.py:914} INFO - Processing file /home/jonathan-brito/python-projects/airflow/venv/lib/python3.12/site-packages/airflow/example_dags/example_subdag_operator.py for tasks to queue
[2025-04-21T22:12:57.844-0300] {logging_mixin.py:190} INFO - [2025-04-21T22:12:57.844-0300] {dagbag.py:588} INFO - Filling up the DagBag from /home/jonathan-brito/python-projects/airflow/venv/lib/python3.12/site-packages/airflow/example_dags/example_subdag_operator.py
[2025-04-21T22:12:57.869-0300] {processor.py:925} INFO - DAG(s) 'example_subdag_operator.section-1', 'example_subdag_operator.section-2', 'example_subdag_operator' retrieved from /home/jonathan-brito/python-projects/airflow/venv/lib/python3.12/site-packages/airflow/example_dags/example_subdag_operator.py
[2025-04-21T22:12:57.885-0300] {logging_mixin.py:190} INFO - [2025-04-21T22:12:57.885-0300] {dag.py:3239} INFO - Sync 3 DAGs
[2025-04-21T22:12:57.902-0300] {logging_mixin.py:190} INFO - [2025-04-21T22:12:57.902-0300] {dag.py:4180} INFO - Setting next_dagrun for example_subdag_operator to 2022-01-01 00:00:00+00:00, run_after=2022-01-01 00:00:00+00:00
[2025-04-21T22:12:57.904-0300] {logging_mixin.py:190} INFO - [2025-04-21T22:12:57.904-0300] {dag.py:4180} INFO - Setting next_dagrun for example_subdag_operator.section-1 to None, run_after=None
[2025-04-21T22:12:57.905-0300] {logging_mixin.py:190} INFO - [2025-04-21T22:12:57.905-0300] {dag.py:4180} INFO - Setting next_dagrun for example_subdag_operator.section-2 to None, run_after=None
[2025-04-21T22:12:57.911-0300] {logging_mixin.py:190} INFO - [2025-04-21T22:12:57.911-0300] {dag.py:3239} INFO - Sync 2 DAGs
[2025-04-21T22:12:57.915-0300] {logging_mixin.py:190} INFO - [2025-04-21T22:12:57.915-0300] {dag.py:4180} INFO - Setting next_dagrun for example_subdag_operator.section-1 to None, run_after=None
[2025-04-21T22:12:57.915-0300] {logging_mixin.py:190} INFO - [2025-04-21T22:12:57.915-0300] {dag.py:4180} INFO - Setting next_dagrun for example_subdag_operator.section-2 to None, run_after=None
[2025-04-21T22:12:57.937-0300] {processor.py:208} INFO - Processing /home/jonathan-brito/python-projects/airflow/venv/lib/python3.12/site-packages/airflow/example_dags/example_subdag_operator.py took 0.109 seconds
[2025-04-21T22:14:02.881-0300] {processor.py:186} INFO - Started process (PID=130161) to work on /home/jonathan-brito/python-projects/airflow/venv/lib/python3.12/site-packages/airflow/example_dags/example_subdag_operator.py
[2025-04-21T22:14:02.888-0300] {processor.py:914} INFO - Processing file /home/jonathan-brito/python-projects/airflow/venv/lib/python3.12/site-packages/airflow/example_dags/example_subdag_operator.py for tasks to queue
[2025-04-21T22:14:02.890-0300] {logging_mixin.py:190} INFO - [2025-04-21T22:14:02.889-0300] {dagbag.py:588} INFO - Filling up the DagBag from /home/jonathan-brito/python-projects/airflow/venv/lib/python3.12/site-packages/airflow/example_dags/example_subdag_operator.py
[2025-04-21T22:14:02.912-0300] {processor.py:925} INFO - DAG(s) 'example_subdag_operator.section-1', 'example_subdag_operator.section-2', 'example_subdag_operator' retrieved from /home/jonathan-brito/python-projects/airflow/venv/lib/python3.12/site-packages/airflow/example_dags/example_subdag_operator.py
[2025-04-21T22:14:02.927-0300] {logging_mixin.py:190} INFO - [2025-04-21T22:14:02.927-0300] {dag.py:3239} INFO - Sync 3 DAGs
[2025-04-21T22:14:02.944-0300] {logging_mixin.py:190} INFO - [2025-04-21T22:14:02.944-0300] {dag.py:4180} INFO - Setting next_dagrun for example_subdag_operator to 2022-01-01 00:00:00+00:00, run_after=2022-01-01 00:00:00+00:00
[2025-04-21T22:14:02.947-0300] {logging_mixin.py:190} INFO - [2025-04-21T22:14:02.947-0300] {dag.py:4180} INFO - Setting next_dagrun for example_subdag_operator.section-1 to None, run_after=None
[2025-04-21T22:14:02.948-0300] {logging_mixin.py:190} INFO - [2025-04-21T22:14:02.948-0300] {dag.py:4180} INFO - Setting next_dagrun for example_subdag_operator.section-2 to None, run_after=None
[2025-04-21T22:14:02.953-0300] {logging_mixin.py:190} INFO - [2025-04-21T22:14:02.953-0300] {dag.py:3239} INFO - Sync 2 DAGs
[2025-04-21T22:14:02.958-0300] {logging_mixin.py:190} INFO - [2025-04-21T22:14:02.957-0300] {dag.py:4180} INFO - Setting next_dagrun for example_subdag_operator.section-1 to None, run_after=None
[2025-04-21T22:14:02.958-0300] {logging_mixin.py:190} INFO - [2025-04-21T22:14:02.958-0300] {dag.py:4180} INFO - Setting next_dagrun for example_subdag_operator.section-2 to None, run_after=None
[2025-04-21T22:14:02.988-0300] {processor.py:208} INFO - Processing /home/jonathan-brito/python-projects/airflow/venv/lib/python3.12/site-packages/airflow/example_dags/example_subdag_operator.py took 0.114 seconds
[2025-04-21T22:15:04.944-0300] {processor.py:186} INFO - Started process (PID=130841) to work on /home/jonathan-brito/python-projects/airflow/venv/lib/python3.12/site-packages/airflow/example_dags/example_subdag_operator.py
[2025-04-21T22:15:04.953-0300] {processor.py:914} INFO - Processing file /home/jonathan-brito/python-projects/airflow/venv/lib/python3.12/site-packages/airflow/example_dags/example_subdag_operator.py for tasks to queue
[2025-04-21T22:15:04.959-0300] {logging_mixin.py:190} INFO - [2025-04-21T22:15:04.957-0300] {dagbag.py:588} INFO - Filling up the DagBag from /home/jonathan-brito/python-projects/airflow/venv/lib/python3.12/site-packages/airflow/example_dags/example_subdag_operator.py
[2025-04-21T22:15:05.037-0300] {processor.py:925} INFO - DAG(s) 'example_subdag_operator.section-1', 'example_subdag_operator.section-2', 'example_subdag_operator' retrieved from /home/jonathan-brito/python-projects/airflow/venv/lib/python3.12/site-packages/airflow/example_dags/example_subdag_operator.py
[2025-04-21T22:15:05.061-0300] {logging_mixin.py:190} INFO - [2025-04-21T22:15:05.061-0300] {dag.py:3239} INFO - Sync 3 DAGs
[2025-04-21T22:15:05.079-0300] {logging_mixin.py:190} INFO - [2025-04-21T22:15:05.079-0300] {dag.py:4180} INFO - Setting next_dagrun for example_subdag_operator to 2022-01-01 00:00:00+00:00, run_after=2022-01-01 00:00:00+00:00
[2025-04-21T22:15:05.082-0300] {logging_mixin.py:190} INFO - [2025-04-21T22:15:05.082-0300] {dag.py:4180} INFO - Setting next_dagrun for example_subdag_operator.section-1 to None, run_after=None
[2025-04-21T22:15:05.083-0300] {logging_mixin.py:190} INFO - [2025-04-21T22:15:05.083-0300] {dag.py:4180} INFO - Setting next_dagrun for example_subdag_operator.section-2 to None, run_after=None
[2025-04-21T22:15:05.089-0300] {logging_mixin.py:190} INFO - [2025-04-21T22:15:05.089-0300] {dag.py:3239} INFO - Sync 2 DAGs
[2025-04-21T22:15:05.093-0300] {logging_mixin.py:190} INFO - [2025-04-21T22:15:05.092-0300] {dag.py:4180} INFO - Setting next_dagrun for example_subdag_operator.section-1 to None, run_after=None
[2025-04-21T22:15:05.093-0300] {logging_mixin.py:190} INFO - [2025-04-21T22:15:05.093-0300] {dag.py:4180} INFO - Setting next_dagrun for example_subdag_operator.section-2 to None, run_after=None
[2025-04-21T22:15:05.116-0300] {processor.py:208} INFO - Processing /home/jonathan-brito/python-projects/airflow/venv/lib/python3.12/site-packages/airflow/example_dags/example_subdag_operator.py took 0.192 seconds
[2025-04-21T22:16:06.064-0300] {processor.py:186} INFO - Started process (PID=131487) to work on /home/jonathan-brito/python-projects/airflow/venv/lib/python3.12/site-packages/airflow/example_dags/example_subdag_operator.py
[2025-04-21T22:16:06.071-0300] {processor.py:914} INFO - Processing file /home/jonathan-brito/python-projects/airflow/venv/lib/python3.12/site-packages/airflow/example_dags/example_subdag_operator.py for tasks to queue
[2025-04-21T22:16:06.073-0300] {logging_mixin.py:190} INFO - [2025-04-21T22:16:06.072-0300] {dagbag.py:588} INFO - Filling up the DagBag from /home/jonathan-brito/python-projects/airflow/venv/lib/python3.12/site-packages/airflow/example_dags/example_subdag_operator.py
[2025-04-21T22:16:06.099-0300] {processor.py:925} INFO - DAG(s) 'example_subdag_operator.section-1', 'example_subdag_operator.section-2', 'example_subdag_operator' retrieved from /home/jonathan-brito/python-projects/airflow/venv/lib/python3.12/site-packages/airflow/example_dags/example_subdag_operator.py
[2025-04-21T22:16:06.113-0300] {logging_mixin.py:190} INFO - [2025-04-21T22:16:06.113-0300] {dag.py:3239} INFO - Sync 3 DAGs
[2025-04-21T22:16:06.131-0300] {logging_mixin.py:190} INFO - [2025-04-21T22:16:06.130-0300] {dag.py:4180} INFO - Setting next_dagrun for example_subdag_operator to 2022-01-01 00:00:00+00:00, run_after=2022-01-01 00:00:00+00:00
[2025-04-21T22:16:06.134-0300] {logging_mixin.py:190} INFO - [2025-04-21T22:16:06.133-0300] {dag.py:4180} INFO - Setting next_dagrun for example_subdag_operator.section-1 to None, run_after=None
[2025-04-21T22:16:06.135-0300] {logging_mixin.py:190} INFO - [2025-04-21T22:16:06.135-0300] {dag.py:4180} INFO - Setting next_dagrun for example_subdag_operator.section-2 to None, run_after=None
[2025-04-21T22:16:06.140-0300] {logging_mixin.py:190} INFO - [2025-04-21T22:16:06.140-0300] {dag.py:3239} INFO - Sync 2 DAGs
[2025-04-21T22:16:06.144-0300] {logging_mixin.py:190} INFO - [2025-04-21T22:16:06.144-0300] {dag.py:4180} INFO - Setting next_dagrun for example_subdag_operator.section-1 to None, run_after=None
[2025-04-21T22:16:06.145-0300] {logging_mixin.py:190} INFO - [2025-04-21T22:16:06.144-0300] {dag.py:4180} INFO - Setting next_dagrun for example_subdag_operator.section-2 to None, run_after=None
[2025-04-21T22:16:06.166-0300] {processor.py:208} INFO - Processing /home/jonathan-brito/python-projects/airflow/venv/lib/python3.12/site-packages/airflow/example_dags/example_subdag_operator.py took 0.109 seconds
[2025-04-21T22:17:10.000-0300] {processor.py:186} INFO - Started process (PID=132137) to work on /home/jonathan-brito/python-projects/airflow/venv/lib/python3.12/site-packages/airflow/example_dags/example_subdag_operator.py
[2025-04-21T22:17:10.007-0300] {processor.py:914} INFO - Processing file /home/jonathan-brito/python-projects/airflow/venv/lib/python3.12/site-packages/airflow/example_dags/example_subdag_operator.py for tasks to queue
[2025-04-21T22:17:10.008-0300] {logging_mixin.py:190} INFO - [2025-04-21T22:17:10.008-0300] {dagbag.py:588} INFO - Filling up the DagBag from /home/jonathan-brito/python-projects/airflow/venv/lib/python3.12/site-packages/airflow/example_dags/example_subdag_operator.py
[2025-04-21T22:17:10.033-0300] {processor.py:925} INFO - DAG(s) 'example_subdag_operator.section-1', 'example_subdag_operator.section-2', 'example_subdag_operator' retrieved from /home/jonathan-brito/python-projects/airflow/venv/lib/python3.12/site-packages/airflow/example_dags/example_subdag_operator.py
[2025-04-21T22:17:10.050-0300] {logging_mixin.py:190} INFO - [2025-04-21T22:17:10.049-0300] {dag.py:3239} INFO - Sync 3 DAGs
[2025-04-21T22:17:10.067-0300] {logging_mixin.py:190} INFO - [2025-04-21T22:17:10.067-0300] {dag.py:4180} INFO - Setting next_dagrun for example_subdag_operator to 2022-01-01 00:00:00+00:00, run_after=2022-01-01 00:00:00+00:00
[2025-04-21T22:17:10.070-0300] {logging_mixin.py:190} INFO - [2025-04-21T22:17:10.070-0300] {dag.py:4180} INFO - Setting next_dagrun for example_subdag_operator.section-1 to None, run_after=None
[2025-04-21T22:17:10.071-0300] {logging_mixin.py:190} INFO - [2025-04-21T22:17:10.071-0300] {dag.py:4180} INFO - Setting next_dagrun for example_subdag_operator.section-2 to None, run_after=None
[2025-04-21T22:17:10.076-0300] {logging_mixin.py:190} INFO - [2025-04-21T22:17:10.076-0300] {dag.py:3239} INFO - Sync 2 DAGs
[2025-04-21T22:17:10.080-0300] {logging_mixin.py:190} INFO - [2025-04-21T22:17:10.080-0300] {dag.py:4180} INFO - Setting next_dagrun for example_subdag_operator.section-1 to None, run_after=None
[2025-04-21T22:17:10.080-0300] {logging_mixin.py:190} INFO - [2025-04-21T22:17:10.080-0300] {dag.py:4180} INFO - Setting next_dagrun for example_subdag_operator.section-2 to None, run_after=None
[2025-04-21T22:17:10.114-0300] {processor.py:208} INFO - Processing /home/jonathan-brito/python-projects/airflow/venv/lib/python3.12/site-packages/airflow/example_dags/example_subdag_operator.py took 0.122 seconds
[2025-04-21T22:18:12.632-0300] {processor.py:186} INFO - Started process (PID=132786) to work on /home/jonathan-brito/python-projects/airflow/venv/lib/python3.12/site-packages/airflow/example_dags/example_subdag_operator.py
[2025-04-21T22:18:12.640-0300] {processor.py:914} INFO - Processing file /home/jonathan-brito/python-projects/airflow/venv/lib/python3.12/site-packages/airflow/example_dags/example_subdag_operator.py for tasks to queue
[2025-04-21T22:18:12.642-0300] {logging_mixin.py:190} INFO - [2025-04-21T22:18:12.641-0300] {dagbag.py:588} INFO - Filling up the DagBag from /home/jonathan-brito/python-projects/airflow/venv/lib/python3.12/site-packages/airflow/example_dags/example_subdag_operator.py
[2025-04-21T22:18:12.688-0300] {processor.py:925} INFO - DAG(s) 'example_subdag_operator.section-1', 'example_subdag_operator.section-2', 'example_subdag_operator' retrieved from /home/jonathan-brito/python-projects/airflow/venv/lib/python3.12/site-packages/airflow/example_dags/example_subdag_operator.py
[2025-04-21T22:18:12.707-0300] {logging_mixin.py:190} INFO - [2025-04-21T22:18:12.706-0300] {dag.py:3239} INFO - Sync 3 DAGs
[2025-04-21T22:18:12.724-0300] {logging_mixin.py:190} INFO - [2025-04-21T22:18:12.724-0300] {dag.py:4180} INFO - Setting next_dagrun for example_subdag_operator to 2022-01-01 00:00:00+00:00, run_after=2022-01-01 00:00:00+00:00
[2025-04-21T22:18:12.728-0300] {logging_mixin.py:190} INFO - [2025-04-21T22:18:12.728-0300] {dag.py:4180} INFO - Setting next_dagrun for example_subdag_operator.section-1 to None, run_after=None
[2025-04-21T22:18:12.729-0300] {logging_mixin.py:190} INFO - [2025-04-21T22:18:12.729-0300] {dag.py:4180} INFO - Setting next_dagrun for example_subdag_operator.section-2 to None, run_after=None
[2025-04-21T22:18:12.735-0300] {logging_mixin.py:190} INFO - [2025-04-21T22:18:12.735-0300] {dag.py:3239} INFO - Sync 2 DAGs
[2025-04-21T22:18:12.739-0300] {logging_mixin.py:190} INFO - [2025-04-21T22:18:12.739-0300] {dag.py:4180} INFO - Setting next_dagrun for example_subdag_operator.section-1 to None, run_after=None
[2025-04-21T22:18:12.739-0300] {logging_mixin.py:190} INFO - [2025-04-21T22:18:12.739-0300] {dag.py:4180} INFO - Setting next_dagrun for example_subdag_operator.section-2 to None, run_after=None
[2025-04-21T22:18:12.761-0300] {processor.py:208} INFO - Processing /home/jonathan-brito/python-projects/airflow/venv/lib/python3.12/site-packages/airflow/example_dags/example_subdag_operator.py took 0.143 seconds
[2025-04-21T22:19:15.768-0300] {processor.py:186} INFO - Started process (PID=133437) to work on /home/jonathan-brito/python-projects/airflow/venv/lib/python3.12/site-packages/airflow/example_dags/example_subdag_operator.py
[2025-04-21T22:19:15.769-0300] {processor.py:914} INFO - Processing file /home/jonathan-brito/python-projects/airflow/venv/lib/python3.12/site-packages/airflow/example_dags/example_subdag_operator.py for tasks to queue
[2025-04-21T22:19:15.771-0300] {logging_mixin.py:190} INFO - [2025-04-21T22:19:15.770-0300] {dagbag.py:588} INFO - Filling up the DagBag from /home/jonathan-brito/python-projects/airflow/venv/lib/python3.12/site-packages/airflow/example_dags/example_subdag_operator.py
[2025-04-21T22:19:15.800-0300] {processor.py:925} INFO - DAG(s) 'example_subdag_operator.section-1', 'example_subdag_operator.section-2', 'example_subdag_operator' retrieved from /home/jonathan-brito/python-projects/airflow/venv/lib/python3.12/site-packages/airflow/example_dags/example_subdag_operator.py
[2025-04-21T22:19:15.829-0300] {logging_mixin.py:190} INFO - [2025-04-21T22:19:15.829-0300] {dag.py:3239} INFO - Sync 3 DAGs
[2025-04-21T22:19:15.858-0300] {logging_mixin.py:190} INFO - [2025-04-21T22:19:15.857-0300] {dag.py:4180} INFO - Setting next_dagrun for example_subdag_operator to 2022-01-01 00:00:00+00:00, run_after=2022-01-01 00:00:00+00:00
[2025-04-21T22:19:15.861-0300] {logging_mixin.py:190} INFO - [2025-04-21T22:19:15.860-0300] {dag.py:4180} INFO - Setting next_dagrun for example_subdag_operator.section-1 to None, run_after=None
[2025-04-21T22:19:15.862-0300] {logging_mixin.py:190} INFO - [2025-04-21T22:19:15.861-0300] {dag.py:4180} INFO - Setting next_dagrun for example_subdag_operator.section-2 to None, run_after=None
[2025-04-21T22:19:15.867-0300] {logging_mixin.py:190} INFO - [2025-04-21T22:19:15.867-0300] {dag.py:3239} INFO - Sync 2 DAGs
[2025-04-21T22:19:15.872-0300] {logging_mixin.py:190} INFO - [2025-04-21T22:19:15.872-0300] {dag.py:4180} INFO - Setting next_dagrun for example_subdag_operator.section-1 to None, run_after=None
[2025-04-21T22:19:15.873-0300] {logging_mixin.py:190} INFO - [2025-04-21T22:19:15.873-0300] {dag.py:4180} INFO - Setting next_dagrun for example_subdag_operator.section-2 to None, run_after=None
[2025-04-21T22:19:15.890-0300] {processor.py:208} INFO - Processing /home/jonathan-brito/python-projects/airflow/venv/lib/python3.12/site-packages/airflow/example_dags/example_subdag_operator.py took 0.128 seconds
[2025-04-21T22:20:20.419-0300] {processor.py:186} INFO - Started process (PID=134176) to work on /home/jonathan-brito/python-projects/airflow/venv/lib/python3.12/site-packages/airflow/example_dags/example_subdag_operator.py
[2025-04-21T22:20:20.426-0300] {processor.py:914} INFO - Processing file /home/jonathan-brito/python-projects/airflow/venv/lib/python3.12/site-packages/airflow/example_dags/example_subdag_operator.py for tasks to queue
[2025-04-21T22:20:20.428-0300] {logging_mixin.py:190} INFO - [2025-04-21T22:20:20.428-0300] {dagbag.py:588} INFO - Filling up the DagBag from /home/jonathan-brito/python-projects/airflow/venv/lib/python3.12/site-packages/airflow/example_dags/example_subdag_operator.py
[2025-04-21T22:20:20.454-0300] {processor.py:925} INFO - DAG(s) 'example_subdag_operator.section-1', 'example_subdag_operator.section-2', 'example_subdag_operator' retrieved from /home/jonathan-brito/python-projects/airflow/venv/lib/python3.12/site-packages/airflow/example_dags/example_subdag_operator.py
[2025-04-21T22:20:20.475-0300] {logging_mixin.py:190} INFO - [2025-04-21T22:20:20.475-0300] {dag.py:3239} INFO - Sync 3 DAGs
[2025-04-21T22:20:20.495-0300] {logging_mixin.py:190} INFO - [2025-04-21T22:20:20.495-0300] {dag.py:4180} INFO - Setting next_dagrun for example_subdag_operator to 2022-01-01 00:00:00+00:00, run_after=2022-01-01 00:00:00+00:00
[2025-04-21T22:20:20.498-0300] {logging_mixin.py:190} INFO - [2025-04-21T22:20:20.498-0300] {dag.py:4180} INFO - Setting next_dagrun for example_subdag_operator.section-1 to None, run_after=None
[2025-04-21T22:20:20.499-0300] {logging_mixin.py:190} INFO - [2025-04-21T22:20:20.499-0300] {dag.py:4180} INFO - Setting next_dagrun for example_subdag_operator.section-2 to None, run_after=None
[2025-04-21T22:20:20.504-0300] {logging_mixin.py:190} INFO - [2025-04-21T22:20:20.504-0300] {dag.py:3239} INFO - Sync 2 DAGs
[2025-04-21T22:20:20.510-0300] {logging_mixin.py:190} INFO - [2025-04-21T22:20:20.510-0300] {dag.py:4180} INFO - Setting next_dagrun for example_subdag_operator.section-1 to None, run_after=None
[2025-04-21T22:20:20.510-0300] {logging_mixin.py:190} INFO - [2025-04-21T22:20:20.510-0300] {dag.py:4180} INFO - Setting next_dagrun for example_subdag_operator.section-2 to None, run_after=None
[2025-04-21T22:20:20.533-0300] {processor.py:208} INFO - Processing /home/jonathan-brito/python-projects/airflow/venv/lib/python3.12/site-packages/airflow/example_dags/example_subdag_operator.py took 0.120 seconds
[2025-04-22T10:24:14.809-0300] {processor.py:186} INFO - Started process (PID=10802) to work on /home/jonathan-brito/python-projects/airflow/venv/lib/python3.12/site-packages/airflow/example_dags/example_subdag_operator.py
[2025-04-22T10:24:14.816-0300] {processor.py:914} INFO - Processing file /home/jonathan-brito/python-projects/airflow/venv/lib/python3.12/site-packages/airflow/example_dags/example_subdag_operator.py for tasks to queue
[2025-04-22T10:24:14.820-0300] {logging_mixin.py:190} INFO - [2025-04-22T10:24:14.819-0300] {dagbag.py:588} INFO - Filling up the DagBag from /home/jonathan-brito/python-projects/airflow/venv/lib/python3.12/site-packages/airflow/example_dags/example_subdag_operator.py
[2025-04-22T10:24:14.851-0300] {processor.py:925} INFO - DAG(s) 'example_subdag_operator.section-1', 'example_subdag_operator.section-2', 'example_subdag_operator' retrieved from /home/jonathan-brito/python-projects/airflow/venv/lib/python3.12/site-packages/airflow/example_dags/example_subdag_operator.py
[2025-04-22T10:24:14.872-0300] {logging_mixin.py:190} INFO - [2025-04-22T10:24:14.871-0300] {dag.py:3239} INFO - Sync 3 DAGs
[2025-04-22T10:24:14.898-0300] {logging_mixin.py:190} INFO - [2025-04-22T10:24:14.898-0300] {dag.py:4180} INFO - Setting next_dagrun for example_subdag_operator to 2022-01-01 00:00:00+00:00, run_after=2022-01-01 00:00:00+00:00
[2025-04-22T10:24:14.902-0300] {logging_mixin.py:190} INFO - [2025-04-22T10:24:14.902-0300] {dag.py:4180} INFO - Setting next_dagrun for example_subdag_operator.section-1 to None, run_after=None
[2025-04-22T10:24:14.903-0300] {logging_mixin.py:190} INFO - [2025-04-22T10:24:14.903-0300] {dag.py:4180} INFO - Setting next_dagrun for example_subdag_operator.section-2 to None, run_after=None
[2025-04-22T10:24:14.910-0300] {logging_mixin.py:190} INFO - [2025-04-22T10:24:14.910-0300] {dag.py:3239} INFO - Sync 2 DAGs
[2025-04-22T10:24:14.915-0300] {logging_mixin.py:190} INFO - [2025-04-22T10:24:14.914-0300] {dag.py:4180} INFO - Setting next_dagrun for example_subdag_operator.section-1 to None, run_after=None
[2025-04-22T10:24:14.915-0300] {logging_mixin.py:190} INFO - [2025-04-22T10:24:14.915-0300] {dag.py:4180} INFO - Setting next_dagrun for example_subdag_operator.section-2 to None, run_after=None
[2025-04-22T10:24:14.941-0300] {processor.py:208} INFO - Processing /home/jonathan-brito/python-projects/airflow/venv/lib/python3.12/site-packages/airflow/example_dags/example_subdag_operator.py took 0.138 seconds
[2025-04-22T10:25:26.295-0300] {processor.py:186} INFO - Started process (PID=11917) to work on /home/jonathan-brito/python-projects/airflow/venv/lib/python3.12/site-packages/airflow/example_dags/example_subdag_operator.py
[2025-04-22T10:25:26.302-0300] {processor.py:914} INFO - Processing file /home/jonathan-brito/python-projects/airflow/venv/lib/python3.12/site-packages/airflow/example_dags/example_subdag_operator.py for tasks to queue
[2025-04-22T10:25:26.304-0300] {logging_mixin.py:190} INFO - [2025-04-22T10:25:26.304-0300] {dagbag.py:588} INFO - Filling up the DagBag from /home/jonathan-brito/python-projects/airflow/venv/lib/python3.12/site-packages/airflow/example_dags/example_subdag_operator.py
[2025-04-22T10:25:26.333-0300] {processor.py:925} INFO - DAG(s) 'example_subdag_operator.section-1', 'example_subdag_operator.section-2', 'example_subdag_operator' retrieved from /home/jonathan-brito/python-projects/airflow/venv/lib/python3.12/site-packages/airflow/example_dags/example_subdag_operator.py
[2025-04-22T10:25:26.349-0300] {logging_mixin.py:190} INFO - [2025-04-22T10:25:26.348-0300] {dag.py:3239} INFO - Sync 3 DAGs
[2025-04-22T10:25:26.369-0300] {logging_mixin.py:190} INFO - [2025-04-22T10:25:26.369-0300] {dag.py:4180} INFO - Setting next_dagrun for example_subdag_operator to 2022-01-01 00:00:00+00:00, run_after=2022-01-01 00:00:00+00:00
[2025-04-22T10:25:26.375-0300] {logging_mixin.py:190} INFO - [2025-04-22T10:25:26.375-0300] {dag.py:4180} INFO - Setting next_dagrun for example_subdag_operator.section-1 to None, run_after=None
[2025-04-22T10:25:26.376-0300] {logging_mixin.py:190} INFO - [2025-04-22T10:25:26.376-0300] {dag.py:4180} INFO - Setting next_dagrun for example_subdag_operator.section-2 to None, run_after=None
[2025-04-22T10:25:26.382-0300] {logging_mixin.py:190} INFO - [2025-04-22T10:25:26.382-0300] {dag.py:3239} INFO - Sync 2 DAGs
[2025-04-22T10:25:26.386-0300] {logging_mixin.py:190} INFO - [2025-04-22T10:25:26.386-0300] {dag.py:4180} INFO - Setting next_dagrun for example_subdag_operator.section-1 to None, run_after=None
[2025-04-22T10:25:26.387-0300] {logging_mixin.py:190} INFO - [2025-04-22T10:25:26.387-0300] {dag.py:4180} INFO - Setting next_dagrun for example_subdag_operator.section-2 to None, run_after=None
[2025-04-22T10:25:26.409-0300] {processor.py:208} INFO - Processing /home/jonathan-brito/python-projects/airflow/venv/lib/python3.12/site-packages/airflow/example_dags/example_subdag_operator.py took 0.120 seconds
[2025-04-22T10:27:37.112-0300] {processor.py:186} INFO - Started process (PID=13918) to work on /home/jonathan-brito/python-projects/airflow/venv/lib/python3.12/site-packages/airflow/example_dags/example_subdag_operator.py
[2025-04-22T10:27:37.119-0300] {processor.py:914} INFO - Processing file /home/jonathan-brito/python-projects/airflow/venv/lib/python3.12/site-packages/airflow/example_dags/example_subdag_operator.py for tasks to queue
[2025-04-22T10:27:37.122-0300] {logging_mixin.py:190} INFO - [2025-04-22T10:27:37.121-0300] {dagbag.py:588} INFO - Filling up the DagBag from /home/jonathan-brito/python-projects/airflow/venv/lib/python3.12/site-packages/airflow/example_dags/example_subdag_operator.py
[2025-04-22T10:27:37.147-0300] {processor.py:925} INFO - DAG(s) 'example_subdag_operator.section-1', 'example_subdag_operator.section-2', 'example_subdag_operator' retrieved from /home/jonathan-brito/python-projects/airflow/venv/lib/python3.12/site-packages/airflow/example_dags/example_subdag_operator.py
[2025-04-22T10:27:37.164-0300] {logging_mixin.py:190} INFO - [2025-04-22T10:27:37.163-0300] {dag.py:3239} INFO - Sync 3 DAGs
[2025-04-22T10:27:37.185-0300] {logging_mixin.py:190} INFO - [2025-04-22T10:27:37.184-0300] {dag.py:4180} INFO - Setting next_dagrun for example_subdag_operator to 2022-01-01 00:00:00+00:00, run_after=2022-01-01 00:00:00+00:00
[2025-04-22T10:27:37.189-0300] {logging_mixin.py:190} INFO - [2025-04-22T10:27:37.188-0300] {dag.py:4180} INFO - Setting next_dagrun for example_subdag_operator.section-1 to None, run_after=None
[2025-04-22T10:27:37.190-0300] {logging_mixin.py:190} INFO - [2025-04-22T10:27:37.190-0300] {dag.py:4180} INFO - Setting next_dagrun for example_subdag_operator.section-2 to None, run_after=None
[2025-04-22T10:27:37.198-0300] {logging_mixin.py:190} INFO - [2025-04-22T10:27:37.197-0300] {dag.py:3239} INFO - Sync 2 DAGs
[2025-04-22T10:27:37.202-0300] {logging_mixin.py:190} INFO - [2025-04-22T10:27:37.201-0300] {dag.py:4180} INFO - Setting next_dagrun for example_subdag_operator.section-1 to None, run_after=None
[2025-04-22T10:27:37.202-0300] {logging_mixin.py:190} INFO - [2025-04-22T10:27:37.202-0300] {dag.py:4180} INFO - Setting next_dagrun for example_subdag_operator.section-2 to None, run_after=None
[2025-04-22T10:27:37.220-0300] {processor.py:208} INFO - Processing /home/jonathan-brito/python-projects/airflow/venv/lib/python3.12/site-packages/airflow/example_dags/example_subdag_operator.py took 0.115 seconds
[2025-04-22T10:30:24.490-0300] {processor.py:186} INFO - Started process (PID=16102) to work on /home/jonathan-brito/python-projects/airflow/venv/lib/python3.12/site-packages/airflow/example_dags/example_subdag_operator.py
[2025-04-22T10:30:24.497-0300] {processor.py:914} INFO - Processing file /home/jonathan-brito/python-projects/airflow/venv/lib/python3.12/site-packages/airflow/example_dags/example_subdag_operator.py for tasks to queue
[2025-04-22T10:30:24.499-0300] {logging_mixin.py:190} INFO - [2025-04-22T10:30:24.499-0300] {dagbag.py:588} INFO - Filling up the DagBag from /home/jonathan-brito/python-projects/airflow/venv/lib/python3.12/site-packages/airflow/example_dags/example_subdag_operator.py
[2025-04-22T10:30:24.524-0300] {processor.py:925} INFO - DAG(s) 'example_subdag_operator.section-1', 'example_subdag_operator.section-2', 'example_subdag_operator' retrieved from /home/jonathan-brito/python-projects/airflow/venv/lib/python3.12/site-packages/airflow/example_dags/example_subdag_operator.py
[2025-04-22T10:30:24.540-0300] {logging_mixin.py:190} INFO - [2025-04-22T10:30:24.539-0300] {dag.py:3239} INFO - Sync 3 DAGs
[2025-04-22T10:30:24.561-0300] {logging_mixin.py:190} INFO - [2025-04-22T10:30:24.561-0300] {dag.py:4180} INFO - Setting next_dagrun for example_subdag_operator to 2022-01-01 00:00:00+00:00, run_after=2022-01-01 00:00:00+00:00
[2025-04-22T10:30:24.565-0300] {logging_mixin.py:190} INFO - [2025-04-22T10:30:24.565-0300] {dag.py:4180} INFO - Setting next_dagrun for example_subdag_operator.section-1 to None, run_after=None
[2025-04-22T10:30:24.566-0300] {logging_mixin.py:190} INFO - [2025-04-22T10:30:24.566-0300] {dag.py:4180} INFO - Setting next_dagrun for example_subdag_operator.section-2 to None, run_after=None
[2025-04-22T10:30:24.572-0300] {logging_mixin.py:190} INFO - [2025-04-22T10:30:24.572-0300] {dag.py:3239} INFO - Sync 2 DAGs
[2025-04-22T10:30:24.577-0300] {logging_mixin.py:190} INFO - [2025-04-22T10:30:24.577-0300] {dag.py:4180} INFO - Setting next_dagrun for example_subdag_operator.section-1 to None, run_after=None
[2025-04-22T10:30:24.577-0300] {logging_mixin.py:190} INFO - [2025-04-22T10:30:24.577-0300] {dag.py:4180} INFO - Setting next_dagrun for example_subdag_operator.section-2 to None, run_after=None
[2025-04-22T10:30:24.594-0300] {processor.py:208} INFO - Processing /home/jonathan-brito/python-projects/airflow/venv/lib/python3.12/site-packages/airflow/example_dags/example_subdag_operator.py took 0.110 seconds
[2025-04-22T10:31:14.998-0300] {processor.py:186} INFO - Started process (PID=16664) to work on /home/jonathan-brito/python-projects/airflow/venv/lib/python3.12/site-packages/airflow/example_dags/example_subdag_operator.py
[2025-04-22T10:31:14.999-0300] {processor.py:914} INFO - Processing file /home/jonathan-brito/python-projects/airflow/venv/lib/python3.12/site-packages/airflow/example_dags/example_subdag_operator.py for tasks to queue
[2025-04-22T10:31:15.002-0300] {logging_mixin.py:190} INFO - [2025-04-22T10:31:15.002-0300] {dagbag.py:588} INFO - Filling up the DagBag from /home/jonathan-brito/python-projects/airflow/venv/lib/python3.12/site-packages/airflow/example_dags/example_subdag_operator.py
[2025-04-22T10:31:15.030-0300] {processor.py:925} INFO - DAG(s) 'example_subdag_operator.section-1', 'example_subdag_operator.section-2', 'example_subdag_operator' retrieved from /home/jonathan-brito/python-projects/airflow/venv/lib/python3.12/site-packages/airflow/example_dags/example_subdag_operator.py
[2025-04-22T10:31:15.048-0300] {logging_mixin.py:190} INFO - [2025-04-22T10:31:15.048-0300] {dag.py:3239} INFO - Sync 3 DAGs
[2025-04-22T10:31:15.071-0300] {logging_mixin.py:190} INFO - [2025-04-22T10:31:15.071-0300] {dag.py:4180} INFO - Setting next_dagrun for example_subdag_operator to 2022-01-01 00:00:00+00:00, run_after=2022-01-01 00:00:00+00:00
[2025-04-22T10:31:15.075-0300] {logging_mixin.py:190} INFO - [2025-04-22T10:31:15.074-0300] {dag.py:4180} INFO - Setting next_dagrun for example_subdag_operator.section-1 to None, run_after=None
[2025-04-22T10:31:15.076-0300] {logging_mixin.py:190} INFO - [2025-04-22T10:31:15.076-0300] {dag.py:4180} INFO - Setting next_dagrun for example_subdag_operator.section-2 to None, run_after=None
[2025-04-22T10:31:15.083-0300] {logging_mixin.py:190} INFO - [2025-04-22T10:31:15.083-0300] {dag.py:3239} INFO - Sync 2 DAGs
[2025-04-22T10:31:15.087-0300] {logging_mixin.py:190} INFO - [2025-04-22T10:31:15.087-0300] {dag.py:4180} INFO - Setting next_dagrun for example_subdag_operator.section-1 to None, run_after=None
[2025-04-22T10:31:15.088-0300] {logging_mixin.py:190} INFO - [2025-04-22T10:31:15.088-0300] {dag.py:4180} INFO - Setting next_dagrun for example_subdag_operator.section-2 to None, run_after=None
[2025-04-22T10:31:15.108-0300] {processor.py:208} INFO - Processing /home/jonathan-brito/python-projects/airflow/venv/lib/python3.12/site-packages/airflow/example_dags/example_subdag_operator.py took 0.116 seconds
[2025-04-22T11:08:03.744-0300] {processor.py:186} INFO - Started process (PID=49611) to work on /home/jonathan-brito/python-projects/airflow/venv/lib/python3.12/site-packages/airflow/example_dags/example_subdag_operator.py
[2025-04-22T11:08:03.746-0300] {processor.py:914} INFO - Processing file /home/jonathan-brito/python-projects/airflow/venv/lib/python3.12/site-packages/airflow/example_dags/example_subdag_operator.py for tasks to queue
[2025-04-22T11:08:03.747-0300] {logging_mixin.py:190} INFO - [2025-04-22T11:08:03.747-0300] {dagbag.py:588} INFO - Filling up the DagBag from /home/jonathan-brito/python-projects/airflow/venv/lib/python3.12/site-packages/airflow/example_dags/example_subdag_operator.py
[2025-04-22T11:08:03.770-0300] {processor.py:925} INFO - DAG(s) 'example_subdag_operator.section-1', 'example_subdag_operator.section-2', 'example_subdag_operator' retrieved from /home/jonathan-brito/python-projects/airflow/venv/lib/python3.12/site-packages/airflow/example_dags/example_subdag_operator.py
[2025-04-22T11:08:03.787-0300] {logging_mixin.py:190} INFO - [2025-04-22T11:08:03.787-0300] {dag.py:3239} INFO - Sync 3 DAGs
[2025-04-22T11:08:03.806-0300] {logging_mixin.py:190} INFO - [2025-04-22T11:08:03.806-0300] {dag.py:4180} INFO - Setting next_dagrun for example_subdag_operator to 2022-01-01 00:00:00+00:00, run_after=2022-01-01 00:00:00+00:00
[2025-04-22T11:08:03.809-0300] {logging_mixin.py:190} INFO - [2025-04-22T11:08:03.809-0300] {dag.py:4180} INFO - Setting next_dagrun for example_subdag_operator.section-1 to None, run_after=None
[2025-04-22T11:08:03.810-0300] {logging_mixin.py:190} INFO - [2025-04-22T11:08:03.810-0300] {dag.py:4180} INFO - Setting next_dagrun for example_subdag_operator.section-2 to None, run_after=None
[2025-04-22T11:08:03.816-0300] {logging_mixin.py:190} INFO - [2025-04-22T11:08:03.815-0300] {dag.py:3239} INFO - Sync 2 DAGs
[2025-04-22T11:08:03.820-0300] {logging_mixin.py:190} INFO - [2025-04-22T11:08:03.820-0300] {dag.py:4180} INFO - Setting next_dagrun for example_subdag_operator.section-1 to None, run_after=None
[2025-04-22T11:08:03.820-0300] {logging_mixin.py:190} INFO - [2025-04-22T11:08:03.820-0300] {dag.py:4180} INFO - Setting next_dagrun for example_subdag_operator.section-2 to None, run_after=None
[2025-04-22T11:08:03.840-0300] {processor.py:208} INFO - Processing /home/jonathan-brito/python-projects/airflow/venv/lib/python3.12/site-packages/airflow/example_dags/example_subdag_operator.py took 0.104 seconds
[2025-04-22T11:09:04.548-0300] {processor.py:186} INFO - Started process (PID=50002) to work on /home/jonathan-brito/python-projects/airflow/venv/lib/python3.12/site-packages/airflow/example_dags/example_subdag_operator.py
[2025-04-22T11:09:04.555-0300] {processor.py:914} INFO - Processing file /home/jonathan-brito/python-projects/airflow/venv/lib/python3.12/site-packages/airflow/example_dags/example_subdag_operator.py for tasks to queue
[2025-04-22T11:09:04.557-0300] {logging_mixin.py:190} INFO - [2025-04-22T11:09:04.556-0300] {dagbag.py:588} INFO - Filling up the DagBag from /home/jonathan-brito/python-projects/airflow/venv/lib/python3.12/site-packages/airflow/example_dags/example_subdag_operator.py
[2025-04-22T11:09:04.583-0300] {processor.py:925} INFO - DAG(s) 'example_subdag_operator.section-1', 'example_subdag_operator.section-2', 'example_subdag_operator' retrieved from /home/jonathan-brito/python-projects/airflow/venv/lib/python3.12/site-packages/airflow/example_dags/example_subdag_operator.py
[2025-04-22T11:09:04.599-0300] {logging_mixin.py:190} INFO - [2025-04-22T11:09:04.598-0300] {dag.py:3239} INFO - Sync 3 DAGs
[2025-04-22T11:09:04.616-0300] {logging_mixin.py:190} INFO - [2025-04-22T11:09:04.616-0300] {dag.py:4180} INFO - Setting next_dagrun for example_subdag_operator to 2022-01-01 00:00:00+00:00, run_after=2022-01-01 00:00:00+00:00
[2025-04-22T11:09:04.619-0300] {logging_mixin.py:190} INFO - [2025-04-22T11:09:04.619-0300] {dag.py:4180} INFO - Setting next_dagrun for example_subdag_operator.section-1 to None, run_after=None
[2025-04-22T11:09:04.620-0300] {logging_mixin.py:190} INFO - [2025-04-22T11:09:04.620-0300] {dag.py:4180} INFO - Setting next_dagrun for example_subdag_operator.section-2 to None, run_after=None
[2025-04-22T11:09:04.626-0300] {logging_mixin.py:190} INFO - [2025-04-22T11:09:04.626-0300] {dag.py:3239} INFO - Sync 2 DAGs
[2025-04-22T11:09:04.630-0300] {logging_mixin.py:190} INFO - [2025-04-22T11:09:04.630-0300] {dag.py:4180} INFO - Setting next_dagrun for example_subdag_operator.section-1 to None, run_after=None
[2025-04-22T11:09:04.631-0300] {logging_mixin.py:190} INFO - [2025-04-22T11:09:04.630-0300] {dag.py:4180} INFO - Setting next_dagrun for example_subdag_operator.section-2 to None, run_after=None
[2025-04-22T11:09:04.647-0300] {processor.py:208} INFO - Processing /home/jonathan-brito/python-projects/airflow/venv/lib/python3.12/site-packages/airflow/example_dags/example_subdag_operator.py took 0.105 seconds
[2025-04-22T11:10:02.356-0300] {processor.py:186} INFO - Started process (PID=50521) to work on /home/jonathan-brito/python-projects/airflow/venv/lib/python3.12/site-packages/airflow/example_dags/example_subdag_operator.py
[2025-04-22T11:10:02.363-0300] {processor.py:914} INFO - Processing file /home/jonathan-brito/python-projects/airflow/venv/lib/python3.12/site-packages/airflow/example_dags/example_subdag_operator.py for tasks to queue
[2025-04-22T11:10:02.364-0300] {logging_mixin.py:190} INFO - [2025-04-22T11:10:02.364-0300] {dagbag.py:588} INFO - Filling up the DagBag from /home/jonathan-brito/python-projects/airflow/venv/lib/python3.12/site-packages/airflow/example_dags/example_subdag_operator.py
[2025-04-22T11:10:02.389-0300] {processor.py:925} INFO - DAG(s) 'example_subdag_operator.section-1', 'example_subdag_operator.section-2', 'example_subdag_operator' retrieved from /home/jonathan-brito/python-projects/airflow/venv/lib/python3.12/site-packages/airflow/example_dags/example_subdag_operator.py
[2025-04-22T11:10:02.406-0300] {logging_mixin.py:190} INFO - [2025-04-22T11:10:02.406-0300] {dag.py:3239} INFO - Sync 3 DAGs
[2025-04-22T11:10:02.425-0300] {logging_mixin.py:190} INFO - [2025-04-22T11:10:02.425-0300] {dag.py:4180} INFO - Setting next_dagrun for example_subdag_operator to 2022-01-01 00:00:00+00:00, run_after=2022-01-01 00:00:00+00:00
[2025-04-22T11:10:02.429-0300] {logging_mixin.py:190} INFO - [2025-04-22T11:10:02.429-0300] {dag.py:4180} INFO - Setting next_dagrun for example_subdag_operator.section-1 to None, run_after=None
[2025-04-22T11:10:02.430-0300] {logging_mixin.py:190} INFO - [2025-04-22T11:10:02.430-0300] {dag.py:4180} INFO - Setting next_dagrun for example_subdag_operator.section-2 to None, run_after=None
[2025-04-22T11:10:02.436-0300] {logging_mixin.py:190} INFO - [2025-04-22T11:10:02.436-0300] {dag.py:3239} INFO - Sync 2 DAGs
[2025-04-22T11:10:02.441-0300] {logging_mixin.py:190} INFO - [2025-04-22T11:10:02.441-0300] {dag.py:4180} INFO - Setting next_dagrun for example_subdag_operator.section-1 to None, run_after=None
[2025-04-22T11:10:02.441-0300] {logging_mixin.py:190} INFO - [2025-04-22T11:10:02.441-0300] {dag.py:4180} INFO - Setting next_dagrun for example_subdag_operator.section-2 to None, run_after=None
[2025-04-22T11:10:02.463-0300] {processor.py:208} INFO - Processing /home/jonathan-brito/python-projects/airflow/venv/lib/python3.12/site-packages/airflow/example_dags/example_subdag_operator.py took 0.115 seconds
[2025-04-22T11:11:04.976-0300] {processor.py:186} INFO - Started process (PID=50930) to work on /home/jonathan-brito/python-projects/airflow/venv/lib/python3.12/site-packages/airflow/example_dags/example_subdag_operator.py
[2025-04-22T11:11:04.983-0300] {processor.py:914} INFO - Processing file /home/jonathan-brito/python-projects/airflow/venv/lib/python3.12/site-packages/airflow/example_dags/example_subdag_operator.py for tasks to queue
[2025-04-22T11:11:04.985-0300] {logging_mixin.py:190} INFO - [2025-04-22T11:11:04.985-0300] {dagbag.py:588} INFO - Filling up the DagBag from /home/jonathan-brito/python-projects/airflow/venv/lib/python3.12/site-packages/airflow/example_dags/example_subdag_operator.py
[2025-04-22T11:11:05.009-0300] {processor.py:925} INFO - DAG(s) 'example_subdag_operator.section-1', 'example_subdag_operator.section-2', 'example_subdag_operator' retrieved from /home/jonathan-brito/python-projects/airflow/venv/lib/python3.12/site-packages/airflow/example_dags/example_subdag_operator.py
[2025-04-22T11:11:05.033-0300] {logging_mixin.py:190} INFO - [2025-04-22T11:11:05.032-0300] {dag.py:3239} INFO - Sync 3 DAGs
[2025-04-22T11:11:05.052-0300] {logging_mixin.py:190} INFO - [2025-04-22T11:11:05.052-0300] {dag.py:4180} INFO - Setting next_dagrun for example_subdag_operator to 2022-01-01 00:00:00+00:00, run_after=2022-01-01 00:00:00+00:00
[2025-04-22T11:11:05.055-0300] {logging_mixin.py:190} INFO - [2025-04-22T11:11:05.055-0300] {dag.py:4180} INFO - Setting next_dagrun for example_subdag_operator.section-1 to None, run_after=None
[2025-04-22T11:11:05.056-0300] {logging_mixin.py:190} INFO - [2025-04-22T11:11:05.056-0300] {dag.py:4180} INFO - Setting next_dagrun for example_subdag_operator.section-2 to None, run_after=None
[2025-04-22T11:11:05.062-0300] {logging_mixin.py:190} INFO - [2025-04-22T11:11:05.061-0300] {dag.py:3239} INFO - Sync 2 DAGs
[2025-04-22T11:11:05.066-0300] {logging_mixin.py:190} INFO - [2025-04-22T11:11:05.066-0300] {dag.py:4180} INFO - Setting next_dagrun for example_subdag_operator.section-1 to None, run_after=None
[2025-04-22T11:11:05.066-0300] {logging_mixin.py:190} INFO - [2025-04-22T11:11:05.066-0300] {dag.py:4180} INFO - Setting next_dagrun for example_subdag_operator.section-2 to None, run_after=None
[2025-04-22T11:11:05.088-0300] {processor.py:208} INFO - Processing /home/jonathan-brito/python-projects/airflow/venv/lib/python3.12/site-packages/airflow/example_dags/example_subdag_operator.py took 0.119 seconds
