[2025-04-21T21:23:58.759-0300] {processor.py:186} INFO - Started process (PID=70756) to work on /home/jonathan-brito/python-projects/airflow/venv/lib/python3.12/site-packages/airflow/example_dags/example_dataset_alias_with_no_taskflow.py
[2025-04-21T21:23:58.762-0300] {processor.py:914} INFO - Processing file /home/jonathan-brito/python-projects/airflow/venv/lib/python3.12/site-packages/airflow/example_dags/example_dataset_alias_with_no_taskflow.py for tasks to queue
[2025-04-21T21:23:58.770-0300] {logging_mixin.py:190} INFO - [2025-04-21T21:23:58.769-0300] {dagbag.py:588} INFO - Filling up the DagBag from /home/jonathan-brito/python-projects/airflow/venv/lib/python3.12/site-packages/airflow/example_dags/example_dataset_alias_with_no_taskflow.py
[2025-04-21T21:23:58.846-0300] {processor.py:925} INFO - DAG(s) 'dataset_s3_bucket_producer_with_no_taskflow', 'dataset_s3_bucket_consumer_with_no_taskflow', 'dataset_alias_example_alias_producer_with_no_taskflow', 'dataset_alias_example_alias_consumer_with_no_taskflow' retrieved from /home/jonathan-brito/python-projects/airflow/venv/lib/python3.12/site-packages/airflow/example_dags/example_dataset_alias_with_no_taskflow.py
[2025-04-21T21:23:58.875-0300] {logging_mixin.py:190} INFO - [2025-04-21T21:23:58.875-0300] {dag.py:3239} INFO - Sync 4 DAGs
[2025-04-21T21:23:58.901-0300] {logging_mixin.py:190} INFO - [2025-04-21T21:23:58.901-0300] {dag.py:4180} INFO - Setting next_dagrun for dataset_alias_example_alias_consumer_with_no_taskflow to None, run_after=None
[2025-04-21T21:23:58.904-0300] {logging_mixin.py:190} INFO - [2025-04-21T21:23:58.904-0300] {dag.py:4180} INFO - Setting next_dagrun for dataset_alias_example_alias_producer_with_no_taskflow to None, run_after=None
[2025-04-21T21:23:58.905-0300] {logging_mixin.py:190} INFO - [2025-04-21T21:23:58.905-0300] {dag.py:4180} INFO - Setting next_dagrun for dataset_s3_bucket_consumer_with_no_taskflow to None, run_after=None
[2025-04-21T21:23:58.907-0300] {logging_mixin.py:190} INFO - [2025-04-21T21:23:58.906-0300] {dag.py:4180} INFO - Setting next_dagrun for dataset_s3_bucket_producer_with_no_taskflow to None, run_after=None
[2025-04-21T21:23:58.942-0300] {processor.py:208} INFO - Processing /home/jonathan-brito/python-projects/airflow/venv/lib/python3.12/site-packages/airflow/example_dags/example_dataset_alias_with_no_taskflow.py took 0.206 seconds
[2025-04-21T22:10:16.409-0300] {processor.py:186} INFO - Started process (PID=127311) to work on /home/jonathan-brito/python-projects/airflow/venv/lib/python3.12/site-packages/airflow/example_dags/example_dataset_alias_with_no_taskflow.py
[2025-04-21T22:10:16.415-0300] {processor.py:914} INFO - Processing file /home/jonathan-brito/python-projects/airflow/venv/lib/python3.12/site-packages/airflow/example_dags/example_dataset_alias_with_no_taskflow.py for tasks to queue
[2025-04-21T22:10:16.417-0300] {logging_mixin.py:190} INFO - [2025-04-21T22:10:16.417-0300] {dagbag.py:588} INFO - Filling up the DagBag from /home/jonathan-brito/python-projects/airflow/venv/lib/python3.12/site-packages/airflow/example_dags/example_dataset_alias_with_no_taskflow.py
[2025-04-21T22:10:16.443-0300] {processor.py:925} INFO - DAG(s) 'dataset_alias_example_alias_consumer_with_no_taskflow', 'dataset_s3_bucket_consumer_with_no_taskflow', 'dataset_alias_example_alias_producer_with_no_taskflow', 'dataset_s3_bucket_producer_with_no_taskflow' retrieved from /home/jonathan-brito/python-projects/airflow/venv/lib/python3.12/site-packages/airflow/example_dags/example_dataset_alias_with_no_taskflow.py
[2025-04-21T22:10:16.473-0300] {logging_mixin.py:190} INFO - [2025-04-21T22:10:16.473-0300] {dag.py:3239} INFO - Sync 4 DAGs
[2025-04-21T22:10:16.494-0300] {logging_mixin.py:190} INFO - [2025-04-21T22:10:16.493-0300] {dag.py:4180} INFO - Setting next_dagrun for dataset_alias_example_alias_consumer_with_no_taskflow to None, run_after=None
[2025-04-21T22:10:16.496-0300] {logging_mixin.py:190} INFO - [2025-04-21T22:10:16.496-0300] {dag.py:4180} INFO - Setting next_dagrun for dataset_alias_example_alias_producer_with_no_taskflow to None, run_after=None
[2025-04-21T22:10:16.498-0300] {logging_mixin.py:190} INFO - [2025-04-21T22:10:16.497-0300] {dag.py:4180} INFO - Setting next_dagrun for dataset_s3_bucket_consumer_with_no_taskflow to None, run_after=None
[2025-04-21T22:10:16.499-0300] {logging_mixin.py:190} INFO - [2025-04-21T22:10:16.499-0300] {dag.py:4180} INFO - Setting next_dagrun for dataset_s3_bucket_producer_with_no_taskflow to None, run_after=None
[2025-04-21T22:10:16.533-0300] {processor.py:208} INFO - Processing /home/jonathan-brito/python-projects/airflow/venv/lib/python3.12/site-packages/airflow/example_dags/example_dataset_alias_with_no_taskflow.py took 0.132 seconds
[2025-04-21T22:11:21.502-0300] {processor.py:186} INFO - Started process (PID=128317) to work on /home/jonathan-brito/python-projects/airflow/venv/lib/python3.12/site-packages/airflow/example_dags/example_dataset_alias_with_no_taskflow.py
[2025-04-21T22:11:21.509-0300] {processor.py:914} INFO - Processing file /home/jonathan-brito/python-projects/airflow/venv/lib/python3.12/site-packages/airflow/example_dags/example_dataset_alias_with_no_taskflow.py for tasks to queue
[2025-04-21T22:11:21.510-0300] {logging_mixin.py:190} INFO - [2025-04-21T22:11:21.510-0300] {dagbag.py:588} INFO - Filling up the DagBag from /home/jonathan-brito/python-projects/airflow/venv/lib/python3.12/site-packages/airflow/example_dags/example_dataset_alias_with_no_taskflow.py
[2025-04-21T22:11:21.535-0300] {processor.py:925} INFO - DAG(s) 'dataset_alias_example_alias_producer_with_no_taskflow', 'dataset_s3_bucket_consumer_with_no_taskflow', 'dataset_alias_example_alias_consumer_with_no_taskflow', 'dataset_s3_bucket_producer_with_no_taskflow' retrieved from /home/jonathan-brito/python-projects/airflow/venv/lib/python3.12/site-packages/airflow/example_dags/example_dataset_alias_with_no_taskflow.py
[2025-04-21T22:11:21.565-0300] {logging_mixin.py:190} INFO - [2025-04-21T22:11:21.565-0300] {dag.py:3239} INFO - Sync 4 DAGs
[2025-04-21T22:11:21.594-0300] {logging_mixin.py:190} INFO - [2025-04-21T22:11:21.594-0300] {dag.py:4180} INFO - Setting next_dagrun for dataset_alias_example_alias_consumer_with_no_taskflow to None, run_after=None
[2025-04-21T22:11:21.598-0300] {logging_mixin.py:190} INFO - [2025-04-21T22:11:21.597-0300] {dag.py:4180} INFO - Setting next_dagrun for dataset_alias_example_alias_producer_with_no_taskflow to None, run_after=None
[2025-04-21T22:11:21.599-0300] {logging_mixin.py:190} INFO - [2025-04-21T22:11:21.599-0300] {dag.py:4180} INFO - Setting next_dagrun for dataset_s3_bucket_consumer_with_no_taskflow to None, run_after=None
[2025-04-21T22:11:21.600-0300] {logging_mixin.py:190} INFO - [2025-04-21T22:11:21.600-0300] {dag.py:4180} INFO - Setting next_dagrun for dataset_s3_bucket_producer_with_no_taskflow to None, run_after=None
[2025-04-21T22:11:21.632-0300] {processor.py:208} INFO - Processing /home/jonathan-brito/python-projects/airflow/venv/lib/python3.12/site-packages/airflow/example_dags/example_dataset_alias_with_no_taskflow.py took 0.140 seconds
[2025-04-21T22:12:23.747-0300] {processor.py:186} INFO - Started process (PID=129015) to work on /home/jonathan-brito/python-projects/airflow/venv/lib/python3.12/site-packages/airflow/example_dags/example_dataset_alias_with_no_taskflow.py
[2025-04-21T22:12:23.754-0300] {processor.py:914} INFO - Processing file /home/jonathan-brito/python-projects/airflow/venv/lib/python3.12/site-packages/airflow/example_dags/example_dataset_alias_with_no_taskflow.py for tasks to queue
[2025-04-21T22:12:23.756-0300] {logging_mixin.py:190} INFO - [2025-04-21T22:12:23.755-0300] {dagbag.py:588} INFO - Filling up the DagBag from /home/jonathan-brito/python-projects/airflow/venv/lib/python3.12/site-packages/airflow/example_dags/example_dataset_alias_with_no_taskflow.py
[2025-04-21T22:12:23.777-0300] {processor.py:925} INFO - DAG(s) 'dataset_alias_example_alias_producer_with_no_taskflow', 'dataset_s3_bucket_consumer_with_no_taskflow', 'dataset_alias_example_alias_consumer_with_no_taskflow', 'dataset_s3_bucket_producer_with_no_taskflow' retrieved from /home/jonathan-brito/python-projects/airflow/venv/lib/python3.12/site-packages/airflow/example_dags/example_dataset_alias_with_no_taskflow.py
[2025-04-21T22:12:23.801-0300] {logging_mixin.py:190} INFO - [2025-04-21T22:12:23.800-0300] {dag.py:3239} INFO - Sync 4 DAGs
[2025-04-21T22:12:23.817-0300] {logging_mixin.py:190} INFO - [2025-04-21T22:12:23.817-0300] {dag.py:4180} INFO - Setting next_dagrun for dataset_alias_example_alias_consumer_with_no_taskflow to None, run_after=None
[2025-04-21T22:12:23.820-0300] {logging_mixin.py:190} INFO - [2025-04-21T22:12:23.820-0300] {dag.py:4180} INFO - Setting next_dagrun for dataset_alias_example_alias_producer_with_no_taskflow to None, run_after=None
[2025-04-21T22:12:23.821-0300] {logging_mixin.py:190} INFO - [2025-04-21T22:12:23.821-0300] {dag.py:4180} INFO - Setting next_dagrun for dataset_s3_bucket_consumer_with_no_taskflow to None, run_after=None
[2025-04-21T22:12:23.822-0300] {logging_mixin.py:190} INFO - [2025-04-21T22:12:23.822-0300] {dag.py:4180} INFO - Setting next_dagrun for dataset_s3_bucket_producer_with_no_taskflow to None, run_after=None
[2025-04-21T22:12:23.860-0300] {processor.py:208} INFO - Processing /home/jonathan-brito/python-projects/airflow/venv/lib/python3.12/site-packages/airflow/example_dags/example_dataset_alias_with_no_taskflow.py took 0.120 seconds
[2025-04-21T22:13:28.191-0300] {processor.py:186} INFO - Started process (PID=129745) to work on /home/jonathan-brito/python-projects/airflow/venv/lib/python3.12/site-packages/airflow/example_dags/example_dataset_alias_with_no_taskflow.py
[2025-04-21T22:13:28.198-0300] {processor.py:914} INFO - Processing file /home/jonathan-brito/python-projects/airflow/venv/lib/python3.12/site-packages/airflow/example_dags/example_dataset_alias_with_no_taskflow.py for tasks to queue
[2025-04-21T22:13:28.199-0300] {logging_mixin.py:190} INFO - [2025-04-21T22:13:28.199-0300] {dagbag.py:588} INFO - Filling up the DagBag from /home/jonathan-brito/python-projects/airflow/venv/lib/python3.12/site-packages/airflow/example_dags/example_dataset_alias_with_no_taskflow.py
[2025-04-21T22:13:28.222-0300] {processor.py:925} INFO - DAG(s) 'dataset_s3_bucket_consumer_with_no_taskflow', 'dataset_alias_example_alias_consumer_with_no_taskflow', 'dataset_alias_example_alias_producer_with_no_taskflow', 'dataset_s3_bucket_producer_with_no_taskflow' retrieved from /home/jonathan-brito/python-projects/airflow/venv/lib/python3.12/site-packages/airflow/example_dags/example_dataset_alias_with_no_taskflow.py
[2025-04-21T22:13:28.249-0300] {logging_mixin.py:190} INFO - [2025-04-21T22:13:28.249-0300] {dag.py:3239} INFO - Sync 4 DAGs
[2025-04-21T22:13:28.269-0300] {logging_mixin.py:190} INFO - [2025-04-21T22:13:28.269-0300] {dag.py:4180} INFO - Setting next_dagrun for dataset_alias_example_alias_consumer_with_no_taskflow to None, run_after=None
[2025-04-21T22:13:28.272-0300] {logging_mixin.py:190} INFO - [2025-04-21T22:13:28.272-0300] {dag.py:4180} INFO - Setting next_dagrun for dataset_alias_example_alias_producer_with_no_taskflow to None, run_after=None
[2025-04-21T22:13:28.273-0300] {logging_mixin.py:190} INFO - [2025-04-21T22:13:28.273-0300] {dag.py:4180} INFO - Setting next_dagrun for dataset_s3_bucket_consumer_with_no_taskflow to None, run_after=None
[2025-04-21T22:13:28.275-0300] {logging_mixin.py:190} INFO - [2025-04-21T22:13:28.274-0300] {dag.py:4180} INFO - Setting next_dagrun for dataset_s3_bucket_producer_with_no_taskflow to None, run_after=None
[2025-04-21T22:13:28.309-0300] {processor.py:208} INFO - Processing /home/jonathan-brito/python-projects/airflow/venv/lib/python3.12/site-packages/airflow/example_dags/example_dataset_alias_with_no_taskflow.py took 0.124 seconds
[2025-04-21T22:14:29.113-0300] {processor.py:186} INFO - Started process (PID=130462) to work on /home/jonathan-brito/python-projects/airflow/venv/lib/python3.12/site-packages/airflow/example_dags/example_dataset_alias_with_no_taskflow.py
[2025-04-21T22:14:29.119-0300] {processor.py:914} INFO - Processing file /home/jonathan-brito/python-projects/airflow/venv/lib/python3.12/site-packages/airflow/example_dags/example_dataset_alias_with_no_taskflow.py for tasks to queue
[2025-04-21T22:14:29.121-0300] {logging_mixin.py:190} INFO - [2025-04-21T22:14:29.120-0300] {dagbag.py:588} INFO - Filling up the DagBag from /home/jonathan-brito/python-projects/airflow/venv/lib/python3.12/site-packages/airflow/example_dags/example_dataset_alias_with_no_taskflow.py
[2025-04-21T22:14:29.143-0300] {processor.py:925} INFO - DAG(s) 'dataset_alias_example_alias_consumer_with_no_taskflow', 'dataset_s3_bucket_producer_with_no_taskflow', 'dataset_alias_example_alias_producer_with_no_taskflow', 'dataset_s3_bucket_consumer_with_no_taskflow' retrieved from /home/jonathan-brito/python-projects/airflow/venv/lib/python3.12/site-packages/airflow/example_dags/example_dataset_alias_with_no_taskflow.py
[2025-04-21T22:14:29.169-0300] {logging_mixin.py:190} INFO - [2025-04-21T22:14:29.169-0300] {dag.py:3239} INFO - Sync 4 DAGs
[2025-04-21T22:14:29.189-0300] {logging_mixin.py:190} INFO - [2025-04-21T22:14:29.189-0300] {dag.py:4180} INFO - Setting next_dagrun for dataset_alias_example_alias_consumer_with_no_taskflow to None, run_after=None
[2025-04-21T22:14:29.192-0300] {logging_mixin.py:190} INFO - [2025-04-21T22:14:29.192-0300] {dag.py:4180} INFO - Setting next_dagrun for dataset_alias_example_alias_producer_with_no_taskflow to None, run_after=None
[2025-04-21T22:14:29.193-0300] {logging_mixin.py:190} INFO - [2025-04-21T22:14:29.193-0300] {dag.py:4180} INFO - Setting next_dagrun for dataset_s3_bucket_consumer_with_no_taskflow to None, run_after=None
[2025-04-21T22:14:29.194-0300] {logging_mixin.py:190} INFO - [2025-04-21T22:14:29.194-0300] {dag.py:4180} INFO - Setting next_dagrun for dataset_s3_bucket_producer_with_no_taskflow to None, run_after=None
[2025-04-21T22:14:29.224-0300] {processor.py:208} INFO - Processing /home/jonathan-brito/python-projects/airflow/venv/lib/python3.12/site-packages/airflow/example_dags/example_dataset_alias_with_no_taskflow.py took 0.118 seconds
[2025-04-21T22:15:31.818-0300] {processor.py:186} INFO - Started process (PID=131165) to work on /home/jonathan-brito/python-projects/airflow/venv/lib/python3.12/site-packages/airflow/example_dags/example_dataset_alias_with_no_taskflow.py
[2025-04-21T22:15:31.826-0300] {processor.py:914} INFO - Processing file /home/jonathan-brito/python-projects/airflow/venv/lib/python3.12/site-packages/airflow/example_dags/example_dataset_alias_with_no_taskflow.py for tasks to queue
[2025-04-21T22:15:31.829-0300] {logging_mixin.py:190} INFO - [2025-04-21T22:15:31.828-0300] {dagbag.py:588} INFO - Filling up the DagBag from /home/jonathan-brito/python-projects/airflow/venv/lib/python3.12/site-packages/airflow/example_dags/example_dataset_alias_with_no_taskflow.py
[2025-04-21T22:15:31.865-0300] {processor.py:925} INFO - DAG(s) 'dataset_alias_example_alias_consumer_with_no_taskflow', 'dataset_s3_bucket_producer_with_no_taskflow', 'dataset_alias_example_alias_producer_with_no_taskflow', 'dataset_s3_bucket_consumer_with_no_taskflow' retrieved from /home/jonathan-brito/python-projects/airflow/venv/lib/python3.12/site-packages/airflow/example_dags/example_dataset_alias_with_no_taskflow.py
[2025-04-21T22:15:31.889-0300] {logging_mixin.py:190} INFO - [2025-04-21T22:15:31.889-0300] {dag.py:3239} INFO - Sync 4 DAGs
[2025-04-21T22:15:31.908-0300] {logging_mixin.py:190} INFO - [2025-04-21T22:15:31.908-0300] {dag.py:4180} INFO - Setting next_dagrun for dataset_alias_example_alias_consumer_with_no_taskflow to None, run_after=None
[2025-04-21T22:15:31.911-0300] {logging_mixin.py:190} INFO - [2025-04-21T22:15:31.911-0300] {dag.py:4180} INFO - Setting next_dagrun for dataset_alias_example_alias_producer_with_no_taskflow to None, run_after=None
[2025-04-21T22:15:31.912-0300] {logging_mixin.py:190} INFO - [2025-04-21T22:15:31.912-0300] {dag.py:4180} INFO - Setting next_dagrun for dataset_s3_bucket_consumer_with_no_taskflow to None, run_after=None
[2025-04-21T22:15:31.913-0300] {logging_mixin.py:190} INFO - [2025-04-21T22:15:31.913-0300] {dag.py:4180} INFO - Setting next_dagrun for dataset_s3_bucket_producer_with_no_taskflow to None, run_after=None
[2025-04-21T22:15:31.948-0300] {processor.py:208} INFO - Processing /home/jonathan-brito/python-projects/airflow/venv/lib/python3.12/site-packages/airflow/example_dags/example_dataset_alias_with_no_taskflow.py took 0.151 seconds
[2025-04-21T22:16:33.171-0300] {processor.py:186} INFO - Started process (PID=131784) to work on /home/jonathan-brito/python-projects/airflow/venv/lib/python3.12/site-packages/airflow/example_dags/example_dataset_alias_with_no_taskflow.py
[2025-04-21T22:16:33.179-0300] {processor.py:914} INFO - Processing file /home/jonathan-brito/python-projects/airflow/venv/lib/python3.12/site-packages/airflow/example_dags/example_dataset_alias_with_no_taskflow.py for tasks to queue
[2025-04-21T22:16:33.184-0300] {logging_mixin.py:190} INFO - [2025-04-21T22:16:33.183-0300] {dagbag.py:588} INFO - Filling up the DagBag from /home/jonathan-brito/python-projects/airflow/venv/lib/python3.12/site-packages/airflow/example_dags/example_dataset_alias_with_no_taskflow.py
[2025-04-21T22:16:33.222-0300] {processor.py:925} INFO - DAG(s) 'dataset_s3_bucket_consumer_with_no_taskflow', 'dataset_alias_example_alias_consumer_with_no_taskflow', 'dataset_s3_bucket_producer_with_no_taskflow', 'dataset_alias_example_alias_producer_with_no_taskflow' retrieved from /home/jonathan-brito/python-projects/airflow/venv/lib/python3.12/site-packages/airflow/example_dags/example_dataset_alias_with_no_taskflow.py
[2025-04-21T22:16:33.247-0300] {logging_mixin.py:190} INFO - [2025-04-21T22:16:33.247-0300] {dag.py:3239} INFO - Sync 4 DAGs
[2025-04-21T22:16:33.268-0300] {logging_mixin.py:190} INFO - [2025-04-21T22:16:33.267-0300] {dag.py:4180} INFO - Setting next_dagrun for dataset_alias_example_alias_consumer_with_no_taskflow to None, run_after=None
[2025-04-21T22:16:33.271-0300] {logging_mixin.py:190} INFO - [2025-04-21T22:16:33.270-0300] {dag.py:4180} INFO - Setting next_dagrun for dataset_alias_example_alias_producer_with_no_taskflow to None, run_after=None
[2025-04-21T22:16:33.272-0300] {logging_mixin.py:190} INFO - [2025-04-21T22:16:33.272-0300] {dag.py:4180} INFO - Setting next_dagrun for dataset_s3_bucket_consumer_with_no_taskflow to None, run_after=None
[2025-04-21T22:16:33.273-0300] {logging_mixin.py:190} INFO - [2025-04-21T22:16:33.273-0300] {dag.py:4180} INFO - Setting next_dagrun for dataset_s3_bucket_producer_with_no_taskflow to None, run_after=None
[2025-04-21T22:16:33.309-0300] {processor.py:208} INFO - Processing /home/jonathan-brito/python-projects/airflow/venv/lib/python3.12/site-packages/airflow/example_dags/example_dataset_alias_with_no_taskflow.py took 0.147 seconds
[2025-04-21T22:17:36.938-0300] {processor.py:186} INFO - Started process (PID=132480) to work on /home/jonathan-brito/python-projects/airflow/venv/lib/python3.12/site-packages/airflow/example_dags/example_dataset_alias_with_no_taskflow.py
[2025-04-21T22:17:36.945-0300] {processor.py:914} INFO - Processing file /home/jonathan-brito/python-projects/airflow/venv/lib/python3.12/site-packages/airflow/example_dags/example_dataset_alias_with_no_taskflow.py for tasks to queue
[2025-04-21T22:17:36.947-0300] {logging_mixin.py:190} INFO - [2025-04-21T22:17:36.946-0300] {dagbag.py:588} INFO - Filling up the DagBag from /home/jonathan-brito/python-projects/airflow/venv/lib/python3.12/site-packages/airflow/example_dags/example_dataset_alias_with_no_taskflow.py
[2025-04-21T22:17:36.971-0300] {processor.py:925} INFO - DAG(s) 'dataset_alias_example_alias_consumer_with_no_taskflow', 'dataset_alias_example_alias_producer_with_no_taskflow', 'dataset_s3_bucket_producer_with_no_taskflow', 'dataset_s3_bucket_consumer_with_no_taskflow' retrieved from /home/jonathan-brito/python-projects/airflow/venv/lib/python3.12/site-packages/airflow/example_dags/example_dataset_alias_with_no_taskflow.py
[2025-04-21T22:17:36.995-0300] {logging_mixin.py:190} INFO - [2025-04-21T22:17:36.995-0300] {dag.py:3239} INFO - Sync 4 DAGs
[2025-04-21T22:17:37.014-0300] {logging_mixin.py:190} INFO - [2025-04-21T22:17:37.013-0300] {dag.py:4180} INFO - Setting next_dagrun for dataset_alias_example_alias_consumer_with_no_taskflow to None, run_after=None
[2025-04-21T22:17:37.017-0300] {logging_mixin.py:190} INFO - [2025-04-21T22:17:37.017-0300] {dag.py:4180} INFO - Setting next_dagrun for dataset_alias_example_alias_producer_with_no_taskflow to None, run_after=None
[2025-04-21T22:17:37.018-0300] {logging_mixin.py:190} INFO - [2025-04-21T22:17:37.018-0300] {dag.py:4180} INFO - Setting next_dagrun for dataset_s3_bucket_consumer_with_no_taskflow to None, run_after=None
[2025-04-21T22:17:37.019-0300] {logging_mixin.py:190} INFO - [2025-04-21T22:17:37.019-0300] {dag.py:4180} INFO - Setting next_dagrun for dataset_s3_bucket_producer_with_no_taskflow to None, run_after=None
[2025-04-21T22:17:37.049-0300] {processor.py:208} INFO - Processing /home/jonathan-brito/python-projects/airflow/venv/lib/python3.12/site-packages/airflow/example_dags/example_dataset_alias_with_no_taskflow.py took 0.120 seconds
[2025-04-21T22:18:39.100-0300] {processor.py:186} INFO - Started process (PID=133095) to work on /home/jonathan-brito/python-projects/airflow/venv/lib/python3.12/site-packages/airflow/example_dags/example_dataset_alias_with_no_taskflow.py
[2025-04-21T22:18:39.108-0300] {processor.py:914} INFO - Processing file /home/jonathan-brito/python-projects/airflow/venv/lib/python3.12/site-packages/airflow/example_dags/example_dataset_alias_with_no_taskflow.py for tasks to queue
[2025-04-21T22:18:39.110-0300] {logging_mixin.py:190} INFO - [2025-04-21T22:18:39.109-0300] {dagbag.py:588} INFO - Filling up the DagBag from /home/jonathan-brito/python-projects/airflow/venv/lib/python3.12/site-packages/airflow/example_dags/example_dataset_alias_with_no_taskflow.py
[2025-04-21T22:18:39.137-0300] {processor.py:925} INFO - DAG(s) 'dataset_alias_example_alias_producer_with_no_taskflow', 'dataset_alias_example_alias_consumer_with_no_taskflow', 'dataset_s3_bucket_consumer_with_no_taskflow', 'dataset_s3_bucket_producer_with_no_taskflow' retrieved from /home/jonathan-brito/python-projects/airflow/venv/lib/python3.12/site-packages/airflow/example_dags/example_dataset_alias_with_no_taskflow.py
[2025-04-21T22:18:39.160-0300] {logging_mixin.py:190} INFO - [2025-04-21T22:18:39.160-0300] {dag.py:3239} INFO - Sync 4 DAGs
[2025-04-21T22:18:39.181-0300] {logging_mixin.py:190} INFO - [2025-04-21T22:18:39.181-0300] {dag.py:4180} INFO - Setting next_dagrun for dataset_alias_example_alias_consumer_with_no_taskflow to None, run_after=None
[2025-04-21T22:18:39.184-0300] {logging_mixin.py:190} INFO - [2025-04-21T22:18:39.184-0300] {dag.py:4180} INFO - Setting next_dagrun for dataset_alias_example_alias_producer_with_no_taskflow to None, run_after=None
[2025-04-21T22:18:39.185-0300] {logging_mixin.py:190} INFO - [2025-04-21T22:18:39.185-0300] {dag.py:4180} INFO - Setting next_dagrun for dataset_s3_bucket_consumer_with_no_taskflow to None, run_after=None
[2025-04-21T22:18:39.186-0300] {logging_mixin.py:190} INFO - [2025-04-21T22:18:39.186-0300] {dag.py:4180} INFO - Setting next_dagrun for dataset_s3_bucket_producer_with_no_taskflow to None, run_after=None
[2025-04-21T22:18:39.219-0300] {processor.py:208} INFO - Processing /home/jonathan-brito/python-projects/airflow/venv/lib/python3.12/site-packages/airflow/example_dags/example_dataset_alias_with_no_taskflow.py took 0.132 seconds
[2025-04-21T22:19:41.846-0300] {processor.py:186} INFO - Started process (PID=133807) to work on /home/jonathan-brito/python-projects/airflow/venv/lib/python3.12/site-packages/airflow/example_dags/example_dataset_alias_with_no_taskflow.py
[2025-04-21T22:19:41.854-0300] {processor.py:914} INFO - Processing file /home/jonathan-brito/python-projects/airflow/venv/lib/python3.12/site-packages/airflow/example_dags/example_dataset_alias_with_no_taskflow.py for tasks to queue
[2025-04-21T22:19:41.855-0300] {logging_mixin.py:190} INFO - [2025-04-21T22:19:41.855-0300] {dagbag.py:588} INFO - Filling up the DagBag from /home/jonathan-brito/python-projects/airflow/venv/lib/python3.12/site-packages/airflow/example_dags/example_dataset_alias_with_no_taskflow.py
[2025-04-21T22:19:41.881-0300] {processor.py:925} INFO - DAG(s) 'dataset_alias_example_alias_consumer_with_no_taskflow', 'dataset_s3_bucket_consumer_with_no_taskflow', 'dataset_s3_bucket_producer_with_no_taskflow', 'dataset_alias_example_alias_producer_with_no_taskflow' retrieved from /home/jonathan-brito/python-projects/airflow/venv/lib/python3.12/site-packages/airflow/example_dags/example_dataset_alias_with_no_taskflow.py
[2025-04-21T22:19:41.903-0300] {logging_mixin.py:190} INFO - [2025-04-21T22:19:41.902-0300] {dag.py:3239} INFO - Sync 4 DAGs
[2025-04-21T22:19:41.920-0300] {logging_mixin.py:190} INFO - [2025-04-21T22:19:41.920-0300] {dag.py:4180} INFO - Setting next_dagrun for dataset_alias_example_alias_consumer_with_no_taskflow to None, run_after=None
[2025-04-21T22:19:41.922-0300] {logging_mixin.py:190} INFO - [2025-04-21T22:19:41.922-0300] {dag.py:4180} INFO - Setting next_dagrun for dataset_alias_example_alias_producer_with_no_taskflow to None, run_after=None
[2025-04-21T22:19:41.923-0300] {logging_mixin.py:190} INFO - [2025-04-21T22:19:41.923-0300] {dag.py:4180} INFO - Setting next_dagrun for dataset_s3_bucket_consumer_with_no_taskflow to None, run_after=None
[2025-04-21T22:19:41.924-0300] {logging_mixin.py:190} INFO - [2025-04-21T22:19:41.924-0300] {dag.py:4180} INFO - Setting next_dagrun for dataset_s3_bucket_producer_with_no_taskflow to None, run_after=None
[2025-04-21T22:19:41.962-0300] {processor.py:208} INFO - Processing /home/jonathan-brito/python-projects/airflow/venv/lib/python3.12/site-packages/airflow/example_dags/example_dataset_alias_with_no_taskflow.py took 0.124 seconds
[2025-04-21T22:20:46.737-0300] {processor.py:186} INFO - Started process (PID=134476) to work on /home/jonathan-brito/python-projects/airflow/venv/lib/python3.12/site-packages/airflow/example_dags/example_dataset_alias_with_no_taskflow.py
[2025-04-21T22:20:46.744-0300] {processor.py:914} INFO - Processing file /home/jonathan-brito/python-projects/airflow/venv/lib/python3.12/site-packages/airflow/example_dags/example_dataset_alias_with_no_taskflow.py for tasks to queue
[2025-04-21T22:20:46.745-0300] {logging_mixin.py:190} INFO - [2025-04-21T22:20:46.744-0300] {dagbag.py:588} INFO - Filling up the DagBag from /home/jonathan-brito/python-projects/airflow/venv/lib/python3.12/site-packages/airflow/example_dags/example_dataset_alias_with_no_taskflow.py
[2025-04-21T22:20:46.765-0300] {processor.py:925} INFO - DAG(s) 'dataset_alias_example_alias_consumer_with_no_taskflow', 'dataset_alias_example_alias_producer_with_no_taskflow', 'dataset_s3_bucket_producer_with_no_taskflow', 'dataset_s3_bucket_consumer_with_no_taskflow' retrieved from /home/jonathan-brito/python-projects/airflow/venv/lib/python3.12/site-packages/airflow/example_dags/example_dataset_alias_with_no_taskflow.py
[2025-04-21T22:20:46.786-0300] {logging_mixin.py:190} INFO - [2025-04-21T22:20:46.786-0300] {dag.py:3239} INFO - Sync 4 DAGs
[2025-04-21T22:20:46.803-0300] {logging_mixin.py:190} INFO - [2025-04-21T22:20:46.803-0300] {dag.py:4180} INFO - Setting next_dagrun for dataset_alias_example_alias_consumer_with_no_taskflow to None, run_after=None
[2025-04-21T22:20:46.805-0300] {logging_mixin.py:190} INFO - [2025-04-21T22:20:46.805-0300] {dag.py:4180} INFO - Setting next_dagrun for dataset_alias_example_alias_producer_with_no_taskflow to None, run_after=None
[2025-04-21T22:20:46.806-0300] {logging_mixin.py:190} INFO - [2025-04-21T22:20:46.806-0300] {dag.py:4180} INFO - Setting next_dagrun for dataset_s3_bucket_consumer_with_no_taskflow to None, run_after=None
[2025-04-21T22:20:46.807-0300] {logging_mixin.py:190} INFO - [2025-04-21T22:20:46.807-0300] {dag.py:4180} INFO - Setting next_dagrun for dataset_s3_bucket_producer_with_no_taskflow to None, run_after=None
[2025-04-21T22:20:46.842-0300] {processor.py:208} INFO - Processing /home/jonathan-brito/python-projects/airflow/venv/lib/python3.12/site-packages/airflow/example_dags/example_dataset_alias_with_no_taskflow.py took 0.112 seconds
[2025-04-22T10:24:45.647-0300] {processor.py:186} INFO - Started process (PID=11324) to work on /home/jonathan-brito/python-projects/airflow/venv/lib/python3.12/site-packages/airflow/example_dags/example_dataset_alias_with_no_taskflow.py
[2025-04-22T10:24:45.655-0300] {processor.py:914} INFO - Processing file /home/jonathan-brito/python-projects/airflow/venv/lib/python3.12/site-packages/airflow/example_dags/example_dataset_alias_with_no_taskflow.py for tasks to queue
[2025-04-22T10:24:45.659-0300] {logging_mixin.py:190} INFO - [2025-04-22T10:24:45.659-0300] {dagbag.py:588} INFO - Filling up the DagBag from /home/jonathan-brito/python-projects/airflow/venv/lib/python3.12/site-packages/airflow/example_dags/example_dataset_alias_with_no_taskflow.py
[2025-04-22T10:24:45.714-0300] {processor.py:925} INFO - DAG(s) 'dataset_alias_example_alias_producer_with_no_taskflow', 'dataset_s3_bucket_producer_with_no_taskflow', 'dataset_s3_bucket_consumer_with_no_taskflow', 'dataset_alias_example_alias_consumer_with_no_taskflow' retrieved from /home/jonathan-brito/python-projects/airflow/venv/lib/python3.12/site-packages/airflow/example_dags/example_dataset_alias_with_no_taskflow.py
[2025-04-22T10:24:45.742-0300] {logging_mixin.py:190} INFO - [2025-04-22T10:24:45.742-0300] {dag.py:3239} INFO - Sync 4 DAGs
[2025-04-22T10:24:45.763-0300] {logging_mixin.py:190} INFO - [2025-04-22T10:24:45.762-0300] {dag.py:4180} INFO - Setting next_dagrun for dataset_alias_example_alias_consumer_with_no_taskflow to None, run_after=None
[2025-04-22T10:24:45.765-0300] {logging_mixin.py:190} INFO - [2025-04-22T10:24:45.765-0300] {dag.py:4180} INFO - Setting next_dagrun for dataset_alias_example_alias_producer_with_no_taskflow to None, run_after=None
[2025-04-22T10:24:45.766-0300] {logging_mixin.py:190} INFO - [2025-04-22T10:24:45.766-0300] {dag.py:4180} INFO - Setting next_dagrun for dataset_s3_bucket_consumer_with_no_taskflow to None, run_after=None
[2025-04-22T10:24:45.767-0300] {logging_mixin.py:190} INFO - [2025-04-22T10:24:45.767-0300] {dag.py:4180} INFO - Setting next_dagrun for dataset_s3_bucket_producer_with_no_taskflow to None, run_after=None
[2025-04-22T10:24:45.796-0300] {processor.py:208} INFO - Processing /home/jonathan-brito/python-projects/airflow/venv/lib/python3.12/site-packages/airflow/example_dags/example_dataset_alias_with_no_taskflow.py took 0.162 seconds
[2025-04-22T10:26:28.177-0300] {processor.py:186} INFO - Started process (PID=12748) to work on /home/jonathan-brito/python-projects/airflow/venv/lib/python3.12/site-packages/airflow/example_dags/example_dataset_alias_with_no_taskflow.py
[2025-04-22T10:26:28.184-0300] {processor.py:914} INFO - Processing file /home/jonathan-brito/python-projects/airflow/venv/lib/python3.12/site-packages/airflow/example_dags/example_dataset_alias_with_no_taskflow.py for tasks to queue
[2025-04-22T10:26:28.187-0300] {logging_mixin.py:190} INFO - [2025-04-22T10:26:28.187-0300] {dagbag.py:588} INFO - Filling up the DagBag from /home/jonathan-brito/python-projects/airflow/venv/lib/python3.12/site-packages/airflow/example_dags/example_dataset_alias_with_no_taskflow.py
[2025-04-22T10:26:28.214-0300] {processor.py:925} INFO - DAG(s) 'dataset_alias_example_alias_consumer_with_no_taskflow', 'dataset_alias_example_alias_producer_with_no_taskflow', 'dataset_s3_bucket_consumer_with_no_taskflow', 'dataset_s3_bucket_producer_with_no_taskflow' retrieved from /home/jonathan-brito/python-projects/airflow/venv/lib/python3.12/site-packages/airflow/example_dags/example_dataset_alias_with_no_taskflow.py
[2025-04-22T10:26:28.237-0300] {logging_mixin.py:190} INFO - [2025-04-22T10:26:28.237-0300] {dag.py:3239} INFO - Sync 4 DAGs
[2025-04-22T10:26:28.259-0300] {logging_mixin.py:190} INFO - [2025-04-22T10:26:28.259-0300] {dag.py:4180} INFO - Setting next_dagrun for dataset_alias_example_alias_consumer_with_no_taskflow to None, run_after=None
[2025-04-22T10:26:28.263-0300] {logging_mixin.py:190} INFO - [2025-04-22T10:26:28.263-0300] {dag.py:4180} INFO - Setting next_dagrun for dataset_alias_example_alias_producer_with_no_taskflow to None, run_after=None
[2025-04-22T10:26:28.264-0300] {logging_mixin.py:190} INFO - [2025-04-22T10:26:28.264-0300] {dag.py:4180} INFO - Setting next_dagrun for dataset_s3_bucket_consumer_with_no_taskflow to None, run_after=None
[2025-04-22T10:26:28.265-0300] {logging_mixin.py:190} INFO - [2025-04-22T10:26:28.265-0300] {dag.py:4180} INFO - Setting next_dagrun for dataset_s3_bucket_producer_with_no_taskflow to None, run_after=None
[2025-04-22T10:26:28.299-0300] {processor.py:208} INFO - Processing /home/jonathan-brito/python-projects/airflow/venv/lib/python3.12/site-packages/airflow/example_dags/example_dataset_alias_with_no_taskflow.py took 0.129 seconds
[2025-04-22T10:29:17.337-0300] {processor.py:186} INFO - Started process (PID=15641) to work on /home/jonathan-brito/python-projects/airflow/venv/lib/python3.12/site-packages/airflow/example_dags/example_dataset_alias_with_no_taskflow.py
[2025-04-22T10:29:17.340-0300] {processor.py:914} INFO - Processing file /home/jonathan-brito/python-projects/airflow/venv/lib/python3.12/site-packages/airflow/example_dags/example_dataset_alias_with_no_taskflow.py for tasks to queue
[2025-04-22T10:29:17.346-0300] {logging_mixin.py:190} INFO - [2025-04-22T10:29:17.345-0300] {dagbag.py:588} INFO - Filling up the DagBag from /home/jonathan-brito/python-projects/airflow/venv/lib/python3.12/site-packages/airflow/example_dags/example_dataset_alias_with_no_taskflow.py
[2025-04-22T10:29:17.400-0300] {processor.py:925} INFO - DAG(s) 'dataset_alias_example_alias_producer_with_no_taskflow', 'dataset_s3_bucket_consumer_with_no_taskflow', 'dataset_s3_bucket_producer_with_no_taskflow', 'dataset_alias_example_alias_consumer_with_no_taskflow' retrieved from /home/jonathan-brito/python-projects/airflow/venv/lib/python3.12/site-packages/airflow/example_dags/example_dataset_alias_with_no_taskflow.py
[2025-04-22T10:29:17.429-0300] {logging_mixin.py:190} INFO - [2025-04-22T10:29:17.429-0300] {dag.py:3239} INFO - Sync 4 DAGs
[2025-04-22T10:29:17.451-0300] {logging_mixin.py:190} INFO - [2025-04-22T10:29:17.451-0300] {dag.py:4180} INFO - Setting next_dagrun for dataset_alias_example_alias_consumer_with_no_taskflow to None, run_after=None
[2025-04-22T10:29:17.453-0300] {logging_mixin.py:190} INFO - [2025-04-22T10:29:17.453-0300] {dag.py:4180} INFO - Setting next_dagrun for dataset_alias_example_alias_producer_with_no_taskflow to None, run_after=None
[2025-04-22T10:29:17.455-0300] {logging_mixin.py:190} INFO - [2025-04-22T10:29:17.455-0300] {dag.py:4180} INFO - Setting next_dagrun for dataset_s3_bucket_consumer_with_no_taskflow to None, run_after=None
[2025-04-22T10:29:17.456-0300] {logging_mixin.py:190} INFO - [2025-04-22T10:29:17.456-0300] {dag.py:4180} INFO - Setting next_dagrun for dataset_s3_bucket_producer_with_no_taskflow to None, run_after=None
[2025-04-22T10:29:17.494-0300] {processor.py:208} INFO - Processing /home/jonathan-brito/python-projects/airflow/venv/lib/python3.12/site-packages/airflow/example_dags/example_dataset_alias_with_no_taskflow.py took 0.175 seconds
[2025-04-22T11:08:27.350-0300] {processor.py:186} INFO - Started process (PID=49733) to work on /home/jonathan-brito/python-projects/airflow/venv/lib/python3.12/site-packages/airflow/example_dags/example_dataset_alias_with_no_taskflow.py
[2025-04-22T11:08:27.357-0300] {processor.py:914} INFO - Processing file /home/jonathan-brito/python-projects/airflow/venv/lib/python3.12/site-packages/airflow/example_dags/example_dataset_alias_with_no_taskflow.py for tasks to queue
[2025-04-22T11:08:27.359-0300] {logging_mixin.py:190} INFO - [2025-04-22T11:08:27.358-0300] {dagbag.py:588} INFO - Filling up the DagBag from /home/jonathan-brito/python-projects/airflow/venv/lib/python3.12/site-packages/airflow/example_dags/example_dataset_alias_with_no_taskflow.py
[2025-04-22T11:08:27.385-0300] {processor.py:925} INFO - DAG(s) 'dataset_alias_example_alias_consumer_with_no_taskflow', 'dataset_alias_example_alias_producer_with_no_taskflow', 'dataset_s3_bucket_producer_with_no_taskflow', 'dataset_s3_bucket_consumer_with_no_taskflow' retrieved from /home/jonathan-brito/python-projects/airflow/venv/lib/python3.12/site-packages/airflow/example_dags/example_dataset_alias_with_no_taskflow.py
[2025-04-22T11:08:27.417-0300] {logging_mixin.py:190} INFO - [2025-04-22T11:08:27.417-0300] {dag.py:3239} INFO - Sync 4 DAGs
[2025-04-22T11:08:27.446-0300] {logging_mixin.py:190} INFO - [2025-04-22T11:08:27.446-0300] {dag.py:4180} INFO - Setting next_dagrun for dataset_alias_example_alias_consumer_with_no_taskflow to None, run_after=None
[2025-04-22T11:08:27.450-0300] {logging_mixin.py:190} INFO - [2025-04-22T11:08:27.450-0300] {dag.py:4180} INFO - Setting next_dagrun for dataset_alias_example_alias_producer_with_no_taskflow to None, run_after=None
[2025-04-22T11:08:27.453-0300] {logging_mixin.py:190} INFO - [2025-04-22T11:08:27.453-0300] {dag.py:4180} INFO - Setting next_dagrun for dataset_s3_bucket_consumer_with_no_taskflow to None, run_after=None
[2025-04-22T11:08:27.455-0300] {logging_mixin.py:190} INFO - [2025-04-22T11:08:27.454-0300] {dag.py:4180} INFO - Setting next_dagrun for dataset_s3_bucket_producer_with_no_taskflow to None, run_after=None
[2025-04-22T11:08:27.494-0300] {processor.py:208} INFO - Processing /home/jonathan-brito/python-projects/airflow/venv/lib/python3.12/site-packages/airflow/example_dags/example_dataset_alias_with_no_taskflow.py took 0.150 seconds
[2025-04-22T11:09:28.143-0300] {processor.py:186} INFO - Started process (PID=50116) to work on /home/jonathan-brito/python-projects/airflow/venv/lib/python3.12/site-packages/airflow/example_dags/example_dataset_alias_with_no_taskflow.py
[2025-04-22T11:09:28.151-0300] {processor.py:914} INFO - Processing file /home/jonathan-brito/python-projects/airflow/venv/lib/python3.12/site-packages/airflow/example_dags/example_dataset_alias_with_no_taskflow.py for tasks to queue
[2025-04-22T11:09:28.152-0300] {logging_mixin.py:190} INFO - [2025-04-22T11:09:28.152-0300] {dagbag.py:588} INFO - Filling up the DagBag from /home/jonathan-brito/python-projects/airflow/venv/lib/python3.12/site-packages/airflow/example_dags/example_dataset_alias_with_no_taskflow.py
[2025-04-22T11:09:28.175-0300] {processor.py:925} INFO - DAG(s) 'dataset_alias_example_alias_producer_with_no_taskflow', 'dataset_s3_bucket_producer_with_no_taskflow', 'dataset_s3_bucket_consumer_with_no_taskflow', 'dataset_alias_example_alias_consumer_with_no_taskflow' retrieved from /home/jonathan-brito/python-projects/airflow/venv/lib/python3.12/site-packages/airflow/example_dags/example_dataset_alias_with_no_taskflow.py
[2025-04-22T11:09:28.197-0300] {logging_mixin.py:190} INFO - [2025-04-22T11:09:28.196-0300] {dag.py:3239} INFO - Sync 4 DAGs
[2025-04-22T11:09:28.215-0300] {logging_mixin.py:190} INFO - [2025-04-22T11:09:28.215-0300] {dag.py:4180} INFO - Setting next_dagrun for dataset_alias_example_alias_consumer_with_no_taskflow to None, run_after=None
[2025-04-22T11:09:28.218-0300] {logging_mixin.py:190} INFO - [2025-04-22T11:09:28.218-0300] {dag.py:4180} INFO - Setting next_dagrun for dataset_alias_example_alias_producer_with_no_taskflow to None, run_after=None
[2025-04-22T11:09:28.220-0300] {logging_mixin.py:190} INFO - [2025-04-22T11:09:28.219-0300] {dag.py:4180} INFO - Setting next_dagrun for dataset_s3_bucket_consumer_with_no_taskflow to None, run_after=None
[2025-04-22T11:09:28.221-0300] {logging_mixin.py:190} INFO - [2025-04-22T11:09:28.221-0300] {dag.py:4180} INFO - Setting next_dagrun for dataset_s3_bucket_producer_with_no_taskflow to None, run_after=None
[2025-04-22T11:09:28.250-0300] {processor.py:208} INFO - Processing /home/jonathan-brito/python-projects/airflow/venv/lib/python3.12/site-packages/airflow/example_dags/example_dataset_alias_with_no_taskflow.py took 0.113 seconds
[2025-04-22T11:10:27.382-0300] {processor.py:186} INFO - Started process (PID=50658) to work on /home/jonathan-brito/python-projects/airflow/venv/lib/python3.12/site-packages/airflow/example_dags/example_dataset_alias_with_no_taskflow.py
[2025-04-22T11:10:27.389-0300] {processor.py:914} INFO - Processing file /home/jonathan-brito/python-projects/airflow/venv/lib/python3.12/site-packages/airflow/example_dags/example_dataset_alias_with_no_taskflow.py for tasks to queue
[2025-04-22T11:10:27.391-0300] {logging_mixin.py:190} INFO - [2025-04-22T11:10:27.390-0300] {dagbag.py:588} INFO - Filling up the DagBag from /home/jonathan-brito/python-projects/airflow/venv/lib/python3.12/site-packages/airflow/example_dags/example_dataset_alias_with_no_taskflow.py
[2025-04-22T11:10:27.418-0300] {processor.py:925} INFO - DAG(s) 'dataset_s3_bucket_producer_with_no_taskflow', 'dataset_s3_bucket_consumer_with_no_taskflow', 'dataset_alias_example_alias_consumer_with_no_taskflow', 'dataset_alias_example_alias_producer_with_no_taskflow' retrieved from /home/jonathan-brito/python-projects/airflow/venv/lib/python3.12/site-packages/airflow/example_dags/example_dataset_alias_with_no_taskflow.py
[2025-04-22T11:10:27.455-0300] {logging_mixin.py:190} INFO - [2025-04-22T11:10:27.455-0300] {dag.py:3239} INFO - Sync 4 DAGs
[2025-04-22T11:10:27.478-0300] {logging_mixin.py:190} INFO - [2025-04-22T11:10:27.478-0300] {dag.py:4180} INFO - Setting next_dagrun for dataset_alias_example_alias_consumer_with_no_taskflow to None, run_after=None
[2025-04-22T11:10:27.483-0300] {logging_mixin.py:190} INFO - [2025-04-22T11:10:27.483-0300] {dag.py:4180} INFO - Setting next_dagrun for dataset_alias_example_alias_producer_with_no_taskflow to None, run_after=None
[2025-04-22T11:10:27.485-0300] {logging_mixin.py:190} INFO - [2025-04-22T11:10:27.485-0300] {dag.py:4180} INFO - Setting next_dagrun for dataset_s3_bucket_consumer_with_no_taskflow to None, run_after=None
[2025-04-22T11:10:27.486-0300] {logging_mixin.py:190} INFO - [2025-04-22T11:10:27.486-0300] {dag.py:4180} INFO - Setting next_dagrun for dataset_s3_bucket_producer_with_no_taskflow to None, run_after=None
[2025-04-22T11:10:27.515-0300] {processor.py:208} INFO - Processing /home/jonathan-brito/python-projects/airflow/venv/lib/python3.12/site-packages/airflow/example_dags/example_dataset_alias_with_no_taskflow.py took 0.139 seconds
[2025-04-22T11:11:32.359-0300] {processor.py:186} INFO - Started process (PID=51073) to work on /home/jonathan-brito/python-projects/airflow/venv/lib/python3.12/site-packages/airflow/example_dags/example_dataset_alias_with_no_taskflow.py
[2025-04-22T11:11:32.366-0300] {processor.py:914} INFO - Processing file /home/jonathan-brito/python-projects/airflow/venv/lib/python3.12/site-packages/airflow/example_dags/example_dataset_alias_with_no_taskflow.py for tasks to queue
[2025-04-22T11:11:32.369-0300] {logging_mixin.py:190} INFO - [2025-04-22T11:11:32.368-0300] {dagbag.py:588} INFO - Filling up the DagBag from /home/jonathan-brito/python-projects/airflow/venv/lib/python3.12/site-packages/airflow/example_dags/example_dataset_alias_with_no_taskflow.py
[2025-04-22T11:11:32.407-0300] {processor.py:925} INFO - DAG(s) 'dataset_alias_example_alias_consumer_with_no_taskflow', 'dataset_alias_example_alias_producer_with_no_taskflow', 'dataset_s3_bucket_consumer_with_no_taskflow', 'dataset_s3_bucket_producer_with_no_taskflow' retrieved from /home/jonathan-brito/python-projects/airflow/venv/lib/python3.12/site-packages/airflow/example_dags/example_dataset_alias_with_no_taskflow.py
[2025-04-22T11:11:32.452-0300] {logging_mixin.py:190} INFO - [2025-04-22T11:11:32.451-0300] {dag.py:3239} INFO - Sync 4 DAGs
[2025-04-22T11:11:32.475-0300] {logging_mixin.py:190} INFO - [2025-04-22T11:11:32.475-0300] {dag.py:4180} INFO - Setting next_dagrun for dataset_alias_example_alias_consumer_with_no_taskflow to None, run_after=None
[2025-04-22T11:11:32.478-0300] {logging_mixin.py:190} INFO - [2025-04-22T11:11:32.478-0300] {dag.py:4180} INFO - Setting next_dagrun for dataset_alias_example_alias_producer_with_no_taskflow to None, run_after=None
[2025-04-22T11:11:32.480-0300] {logging_mixin.py:190} INFO - [2025-04-22T11:11:32.479-0300] {dag.py:4180} INFO - Setting next_dagrun for dataset_s3_bucket_consumer_with_no_taskflow to None, run_after=None
[2025-04-22T11:11:32.481-0300] {logging_mixin.py:190} INFO - [2025-04-22T11:11:32.481-0300] {dag.py:4180} INFO - Setting next_dagrun for dataset_s3_bucket_producer_with_no_taskflow to None, run_after=None
[2025-04-22T11:11:32.516-0300] {processor.py:208} INFO - Processing /home/jonathan-brito/python-projects/airflow/venv/lib/python3.12/site-packages/airflow/example_dags/example_dataset_alias_with_no_taskflow.py took 0.171 seconds
