[2025-04-21T21:23:49.821-0300] {processor.py:186} INFO - Started process (PID=70667) to work on /home/jonathan-brito/python-projects/airflow/venv/lib/python3.12/site-packages/airflow/example_dags/example_outlet_event_extra.py
[2025-04-21T21:23:49.824-0300] {processor.py:914} INFO - Processing file /home/jonathan-brito/python-projects/airflow/venv/lib/python3.12/site-packages/airflow/example_dags/example_outlet_event_extra.py for tasks to queue
[2025-04-21T21:23:49.832-0300] {logging_mixin.py:190} INFO - [2025-04-21T21:23:49.830-0300] {dagbag.py:588} INFO - Filling up the DagBag from /home/jonathan-brito/python-projects/airflow/venv/lib/python3.12/site-packages/airflow/example_dags/example_outlet_event_extra.py
[2025-04-21T21:23:49.859-0300] {processor.py:925} INFO - DAG(s) 'dataset_with_extra_from_classic_operator', 'dataset_with_extra_by_context', 'dataset_with_extra_by_yield' retrieved from /home/jonathan-brito/python-projects/airflow/venv/lib/python3.12/site-packages/airflow/example_dags/example_outlet_event_extra.py
[2025-04-21T21:23:49.887-0300] {logging_mixin.py:190} INFO - [2025-04-21T21:23:49.887-0300] {dag.py:3239} INFO - Sync 3 DAGs
[2025-04-21T21:23:49.915-0300] {logging_mixin.py:190} INFO - [2025-04-21T21:23:49.915-0300] {dag.py:4180} INFO - Setting next_dagrun for dataset_with_extra_by_context to 2025-04-21 00:00:00+00:00, run_after=2025-04-22 00:00:00+00:00
[2025-04-21T21:23:49.921-0300] {logging_mixin.py:190} INFO - [2025-04-21T21:23:49.921-0300] {dag.py:4180} INFO - Setting next_dagrun for dataset_with_extra_by_yield to 2025-04-21 00:00:00+00:00, run_after=2025-04-22 00:00:00+00:00
[2025-04-21T21:23:49.924-0300] {logging_mixin.py:190} INFO - [2025-04-21T21:23:49.923-0300] {dag.py:4180} INFO - Setting next_dagrun for dataset_with_extra_from_classic_operator to 2025-04-21 00:00:00+00:00, run_after=2025-04-22 00:00:00+00:00
[2025-04-21T21:23:49.957-0300] {processor.py:208} INFO - Processing /home/jonathan-brito/python-projects/airflow/venv/lib/python3.12/site-packages/airflow/example_dags/example_outlet_event_extra.py took 0.163 seconds
[2025-04-21T22:10:07.370-0300] {processor.py:186} INFO - Started process (PID=127239) to work on /home/jonathan-brito/python-projects/airflow/venv/lib/python3.12/site-packages/airflow/example_dags/example_outlet_event_extra.py
[2025-04-21T22:10:07.377-0300] {processor.py:914} INFO - Processing file /home/jonathan-brito/python-projects/airflow/venv/lib/python3.12/site-packages/airflow/example_dags/example_outlet_event_extra.py for tasks to queue
[2025-04-21T22:10:07.378-0300] {logging_mixin.py:190} INFO - [2025-04-21T22:10:07.378-0300] {dagbag.py:588} INFO - Filling up the DagBag from /home/jonathan-brito/python-projects/airflow/venv/lib/python3.12/site-packages/airflow/example_dags/example_outlet_event_extra.py
[2025-04-21T22:10:07.392-0300] {processor.py:925} INFO - DAG(s) 'dataset_with_extra_from_classic_operator', 'dataset_with_extra_by_yield', 'dataset_with_extra_by_context' retrieved from /home/jonathan-brito/python-projects/airflow/venv/lib/python3.12/site-packages/airflow/example_dags/example_outlet_event_extra.py
[2025-04-21T22:10:07.420-0300] {logging_mixin.py:190} INFO - [2025-04-21T22:10:07.419-0300] {dag.py:3239} INFO - Sync 3 DAGs
[2025-04-21T22:10:07.442-0300] {logging_mixin.py:190} INFO - [2025-04-21T22:10:07.442-0300] {dag.py:4180} INFO - Setting next_dagrun for dataset_with_extra_by_context to 2025-04-21 00:00:00+00:00, run_after=2025-04-22 00:00:00+00:00
[2025-04-21T22:10:07.446-0300] {logging_mixin.py:190} INFO - [2025-04-21T22:10:07.446-0300] {dag.py:4180} INFO - Setting next_dagrun for dataset_with_extra_by_yield to 2025-04-21 00:00:00+00:00, run_after=2025-04-22 00:00:00+00:00
[2025-04-21T22:10:07.449-0300] {logging_mixin.py:190} INFO - [2025-04-21T22:10:07.449-0300] {dag.py:4180} INFO - Setting next_dagrun for dataset_with_extra_from_classic_operator to 2025-04-21 00:00:00+00:00, run_after=2025-04-22 00:00:00+00:00
[2025-04-21T22:10:07.485-0300] {processor.py:208} INFO - Processing /home/jonathan-brito/python-projects/airflow/venv/lib/python3.12/site-packages/airflow/example_dags/example_outlet_event_extra.py took 0.122 seconds
[2025-04-21T22:11:12.752-0300] {processor.py:186} INFO - Started process (PID=128244) to work on /home/jonathan-brito/python-projects/airflow/venv/lib/python3.12/site-packages/airflow/example_dags/example_outlet_event_extra.py
[2025-04-21T22:11:12.759-0300] {processor.py:914} INFO - Processing file /home/jonathan-brito/python-projects/airflow/venv/lib/python3.12/site-packages/airflow/example_dags/example_outlet_event_extra.py for tasks to queue
[2025-04-21T22:11:12.760-0300] {logging_mixin.py:190} INFO - [2025-04-21T22:11:12.760-0300] {dagbag.py:588} INFO - Filling up the DagBag from /home/jonathan-brito/python-projects/airflow/venv/lib/python3.12/site-packages/airflow/example_dags/example_outlet_event_extra.py
[2025-04-21T22:11:12.773-0300] {processor.py:925} INFO - DAG(s) 'dataset_with_extra_by_yield', 'dataset_with_extra_from_classic_operator', 'dataset_with_extra_by_context' retrieved from /home/jonathan-brito/python-projects/airflow/venv/lib/python3.12/site-packages/airflow/example_dags/example_outlet_event_extra.py
[2025-04-21T22:11:12.799-0300] {logging_mixin.py:190} INFO - [2025-04-21T22:11:12.799-0300] {dag.py:3239} INFO - Sync 3 DAGs
[2025-04-21T22:11:12.820-0300] {logging_mixin.py:190} INFO - [2025-04-21T22:11:12.820-0300] {dag.py:4180} INFO - Setting next_dagrun for dataset_with_extra_by_context to 2025-04-21 00:00:00+00:00, run_after=2025-04-22 00:00:00+00:00
[2025-04-21T22:11:12.825-0300] {logging_mixin.py:190} INFO - [2025-04-21T22:11:12.825-0300] {dag.py:4180} INFO - Setting next_dagrun for dataset_with_extra_by_yield to 2025-04-21 00:00:00+00:00, run_after=2025-04-22 00:00:00+00:00
[2025-04-21T22:11:12.828-0300] {logging_mixin.py:190} INFO - [2025-04-21T22:11:12.828-0300] {dag.py:4180} INFO - Setting next_dagrun for dataset_with_extra_from_classic_operator to 2025-04-21 00:00:00+00:00, run_after=2025-04-22 00:00:00+00:00
[2025-04-21T22:11:12.865-0300] {processor.py:208} INFO - Processing /home/jonathan-brito/python-projects/airflow/venv/lib/python3.12/site-packages/airflow/example_dags/example_outlet_event_extra.py took 0.119 seconds
[2025-04-21T22:12:14.605-0300] {processor.py:186} INFO - Started process (PID=128943) to work on /home/jonathan-brito/python-projects/airflow/venv/lib/python3.12/site-packages/airflow/example_dags/example_outlet_event_extra.py
[2025-04-21T22:12:14.612-0300] {processor.py:914} INFO - Processing file /home/jonathan-brito/python-projects/airflow/venv/lib/python3.12/site-packages/airflow/example_dags/example_outlet_event_extra.py for tasks to queue
[2025-04-21T22:12:14.613-0300] {logging_mixin.py:190} INFO - [2025-04-21T22:12:14.613-0300] {dagbag.py:588} INFO - Filling up the DagBag from /home/jonathan-brito/python-projects/airflow/venv/lib/python3.12/site-packages/airflow/example_dags/example_outlet_event_extra.py
[2025-04-21T22:12:14.625-0300] {processor.py:925} INFO - DAG(s) 'dataset_with_extra_by_yield', 'dataset_with_extra_by_context', 'dataset_with_extra_from_classic_operator' retrieved from /home/jonathan-brito/python-projects/airflow/venv/lib/python3.12/site-packages/airflow/example_dags/example_outlet_event_extra.py
[2025-04-21T22:12:14.648-0300] {logging_mixin.py:190} INFO - [2025-04-21T22:12:14.648-0300] {dag.py:3239} INFO - Sync 3 DAGs
[2025-04-21T22:12:14.669-0300] {logging_mixin.py:190} INFO - [2025-04-21T22:12:14.669-0300] {dag.py:4180} INFO - Setting next_dagrun for dataset_with_extra_by_context to 2025-04-21 00:00:00+00:00, run_after=2025-04-22 00:00:00+00:00
[2025-04-21T22:12:14.674-0300] {logging_mixin.py:190} INFO - [2025-04-21T22:12:14.673-0300] {dag.py:4180} INFO - Setting next_dagrun for dataset_with_extra_by_yield to 2025-04-21 00:00:00+00:00, run_after=2025-04-22 00:00:00+00:00
[2025-04-21T22:12:14.676-0300] {logging_mixin.py:190} INFO - [2025-04-21T22:12:14.676-0300] {dag.py:4180} INFO - Setting next_dagrun for dataset_with_extra_from_classic_operator to 2025-04-21 00:00:00+00:00, run_after=2025-04-22 00:00:00+00:00
[2025-04-21T22:12:14.712-0300] {processor.py:208} INFO - Processing /home/jonathan-brito/python-projects/airflow/venv/lib/python3.12/site-packages/airflow/example_dags/example_outlet_event_extra.py took 0.112 seconds
[2025-04-21T22:13:19.906-0300] {processor.py:186} INFO - Started process (PID=129590) to work on /home/jonathan-brito/python-projects/airflow/venv/lib/python3.12/site-packages/airflow/example_dags/example_outlet_event_extra.py
[2025-04-21T22:13:19.913-0300] {processor.py:914} INFO - Processing file /home/jonathan-brito/python-projects/airflow/venv/lib/python3.12/site-packages/airflow/example_dags/example_outlet_event_extra.py for tasks to queue
[2025-04-21T22:13:19.915-0300] {logging_mixin.py:190} INFO - [2025-04-21T22:13:19.915-0300] {dagbag.py:588} INFO - Filling up the DagBag from /home/jonathan-brito/python-projects/airflow/venv/lib/python3.12/site-packages/airflow/example_dags/example_outlet_event_extra.py
[2025-04-21T22:13:19.927-0300] {processor.py:925} INFO - DAG(s) 'dataset_with_extra_by_context', 'dataset_with_extra_by_yield', 'dataset_with_extra_from_classic_operator' retrieved from /home/jonathan-brito/python-projects/airflow/venv/lib/python3.12/site-packages/airflow/example_dags/example_outlet_event_extra.py
[2025-04-21T22:13:19.949-0300] {logging_mixin.py:190} INFO - [2025-04-21T22:13:19.949-0300] {dag.py:3239} INFO - Sync 3 DAGs
[2025-04-21T22:13:19.971-0300] {logging_mixin.py:190} INFO - [2025-04-21T22:13:19.971-0300] {dag.py:4180} INFO - Setting next_dagrun for dataset_with_extra_by_context to 2025-04-21 00:00:00+00:00, run_after=2025-04-22 00:00:00+00:00
[2025-04-21T22:13:19.975-0300] {logging_mixin.py:190} INFO - [2025-04-21T22:13:19.975-0300] {dag.py:4180} INFO - Setting next_dagrun for dataset_with_extra_by_yield to 2025-04-21 00:00:00+00:00, run_after=2025-04-22 00:00:00+00:00
[2025-04-21T22:13:19.978-0300] {logging_mixin.py:190} INFO - [2025-04-21T22:13:19.978-0300] {dag.py:4180} INFO - Setting next_dagrun for dataset_with_extra_from_classic_operator to 2025-04-21 00:00:00+00:00, run_after=2025-04-22 00:00:00+00:00
[2025-04-21T22:13:20.009-0300] {processor.py:208} INFO - Processing /home/jonathan-brito/python-projects/airflow/venv/lib/python3.12/site-packages/airflow/example_dags/example_outlet_event_extra.py took 0.109 seconds
[2025-04-21T22:14:21.278-0300] {processor.py:186} INFO - Started process (PID=130327) to work on /home/jonathan-brito/python-projects/airflow/venv/lib/python3.12/site-packages/airflow/example_dags/example_outlet_event_extra.py
[2025-04-21T22:14:21.285-0300] {processor.py:914} INFO - Processing file /home/jonathan-brito/python-projects/airflow/venv/lib/python3.12/site-packages/airflow/example_dags/example_outlet_event_extra.py for tasks to queue
[2025-04-21T22:14:21.286-0300] {logging_mixin.py:190} INFO - [2025-04-21T22:14:21.286-0300] {dagbag.py:588} INFO - Filling up the DagBag from /home/jonathan-brito/python-projects/airflow/venv/lib/python3.12/site-packages/airflow/example_dags/example_outlet_event_extra.py
[2025-04-21T22:14:21.300-0300] {processor.py:925} INFO - DAG(s) 'dataset_with_extra_from_classic_operator', 'dataset_with_extra_by_context', 'dataset_with_extra_by_yield' retrieved from /home/jonathan-brito/python-projects/airflow/venv/lib/python3.12/site-packages/airflow/example_dags/example_outlet_event_extra.py
[2025-04-21T22:14:21.323-0300] {logging_mixin.py:190} INFO - [2025-04-21T22:14:21.323-0300] {dag.py:3239} INFO - Sync 3 DAGs
[2025-04-21T22:14:21.347-0300] {logging_mixin.py:190} INFO - [2025-04-21T22:14:21.346-0300] {dag.py:4180} INFO - Setting next_dagrun for dataset_with_extra_by_context to 2025-04-21 00:00:00+00:00, run_after=2025-04-22 00:00:00+00:00
[2025-04-21T22:14:21.351-0300] {logging_mixin.py:190} INFO - [2025-04-21T22:14:21.350-0300] {dag.py:4180} INFO - Setting next_dagrun for dataset_with_extra_by_yield to 2025-04-21 00:00:00+00:00, run_after=2025-04-22 00:00:00+00:00
[2025-04-21T22:14:21.353-0300] {logging_mixin.py:190} INFO - [2025-04-21T22:14:21.353-0300] {dag.py:4180} INFO - Setting next_dagrun for dataset_with_extra_from_classic_operator to 2025-04-21 00:00:00+00:00, run_after=2025-04-22 00:00:00+00:00
[2025-04-21T22:14:21.390-0300] {processor.py:208} INFO - Processing /home/jonathan-brito/python-projects/airflow/venv/lib/python3.12/site-packages/airflow/example_dags/example_outlet_event_extra.py took 0.120 seconds
[2025-04-21T22:15:23.879-0300] {processor.py:186} INFO - Started process (PID=131019) to work on /home/jonathan-brito/python-projects/airflow/venv/lib/python3.12/site-packages/airflow/example_dags/example_outlet_event_extra.py
[2025-04-21T22:15:23.886-0300] {processor.py:914} INFO - Processing file /home/jonathan-brito/python-projects/airflow/venv/lib/python3.12/site-packages/airflow/example_dags/example_outlet_event_extra.py for tasks to queue
[2025-04-21T22:15:23.887-0300] {logging_mixin.py:190} INFO - [2025-04-21T22:15:23.887-0300] {dagbag.py:588} INFO - Filling up the DagBag from /home/jonathan-brito/python-projects/airflow/venv/lib/python3.12/site-packages/airflow/example_dags/example_outlet_event_extra.py
[2025-04-21T22:15:23.898-0300] {processor.py:925} INFO - DAG(s) 'dataset_with_extra_from_classic_operator', 'dataset_with_extra_by_yield', 'dataset_with_extra_by_context' retrieved from /home/jonathan-brito/python-projects/airflow/venv/lib/python3.12/site-packages/airflow/example_dags/example_outlet_event_extra.py
[2025-04-21T22:15:23.920-0300] {logging_mixin.py:190} INFO - [2025-04-21T22:15:23.920-0300] {dag.py:3239} INFO - Sync 3 DAGs
[2025-04-21T22:15:23.940-0300] {logging_mixin.py:190} INFO - [2025-04-21T22:15:23.939-0300] {dag.py:4180} INFO - Setting next_dagrun for dataset_with_extra_by_context to 2025-04-21 00:00:00+00:00, run_after=2025-04-22 00:00:00+00:00
[2025-04-21T22:15:23.944-0300] {logging_mixin.py:190} INFO - [2025-04-21T22:15:23.943-0300] {dag.py:4180} INFO - Setting next_dagrun for dataset_with_extra_by_yield to 2025-04-21 00:00:00+00:00, run_after=2025-04-22 00:00:00+00:00
[2025-04-21T22:15:23.946-0300] {logging_mixin.py:190} INFO - [2025-04-21T22:15:23.946-0300] {dag.py:4180} INFO - Setting next_dagrun for dataset_with_extra_from_classic_operator to 2025-04-21 00:00:00+00:00, run_after=2025-04-22 00:00:00+00:00
[2025-04-21T22:15:23.979-0300] {processor.py:208} INFO - Processing /home/jonathan-brito/python-projects/airflow/venv/lib/python3.12/site-packages/airflow/example_dags/example_outlet_event_extra.py took 0.106 seconds
[2025-04-21T22:16:25.163-0300] {processor.py:186} INFO - Started process (PID=131651) to work on /home/jonathan-brito/python-projects/airflow/venv/lib/python3.12/site-packages/airflow/example_dags/example_outlet_event_extra.py
[2025-04-21T22:16:25.170-0300] {processor.py:914} INFO - Processing file /home/jonathan-brito/python-projects/airflow/venv/lib/python3.12/site-packages/airflow/example_dags/example_outlet_event_extra.py for tasks to queue
[2025-04-21T22:16:25.172-0300] {logging_mixin.py:190} INFO - [2025-04-21T22:16:25.171-0300] {dagbag.py:588} INFO - Filling up the DagBag from /home/jonathan-brito/python-projects/airflow/venv/lib/python3.12/site-packages/airflow/example_dags/example_outlet_event_extra.py
[2025-04-21T22:16:25.183-0300] {processor.py:925} INFO - DAG(s) 'dataset_with_extra_from_classic_operator', 'dataset_with_extra_by_context', 'dataset_with_extra_by_yield' retrieved from /home/jonathan-brito/python-projects/airflow/venv/lib/python3.12/site-packages/airflow/example_dags/example_outlet_event_extra.py
[2025-04-21T22:16:25.205-0300] {logging_mixin.py:190} INFO - [2025-04-21T22:16:25.204-0300] {dag.py:3239} INFO - Sync 3 DAGs
[2025-04-21T22:16:25.224-0300] {logging_mixin.py:190} INFO - [2025-04-21T22:16:25.223-0300] {dag.py:4180} INFO - Setting next_dagrun for dataset_with_extra_by_context to 2025-04-21 00:00:00+00:00, run_after=2025-04-22 00:00:00+00:00
[2025-04-21T22:16:25.227-0300] {logging_mixin.py:190} INFO - [2025-04-21T22:16:25.227-0300] {dag.py:4180} INFO - Setting next_dagrun for dataset_with_extra_by_yield to 2025-04-21 00:00:00+00:00, run_after=2025-04-22 00:00:00+00:00
[2025-04-21T22:16:25.230-0300] {logging_mixin.py:190} INFO - [2025-04-21T22:16:25.230-0300] {dag.py:4180} INFO - Setting next_dagrun for dataset_with_extra_from_classic_operator to 2025-04-21 00:00:00+00:00, run_after=2025-04-22 00:00:00+00:00
[2025-04-21T22:16:25.264-0300] {processor.py:208} INFO - Processing /home/jonathan-brito/python-projects/airflow/venv/lib/python3.12/site-packages/airflow/example_dags/example_outlet_event_extra.py took 0.106 seconds
[2025-04-21T22:17:28.617-0300] {processor.py:186} INFO - Started process (PID=132356) to work on /home/jonathan-brito/python-projects/airflow/venv/lib/python3.12/site-packages/airflow/example_dags/example_outlet_event_extra.py
[2025-04-21T22:17:28.623-0300] {processor.py:914} INFO - Processing file /home/jonathan-brito/python-projects/airflow/venv/lib/python3.12/site-packages/airflow/example_dags/example_outlet_event_extra.py for tasks to queue
[2025-04-21T22:17:28.625-0300] {logging_mixin.py:190} INFO - [2025-04-21T22:17:28.624-0300] {dagbag.py:588} INFO - Filling up the DagBag from /home/jonathan-brito/python-projects/airflow/venv/lib/python3.12/site-packages/airflow/example_dags/example_outlet_event_extra.py
[2025-04-21T22:17:28.639-0300] {processor.py:925} INFO - DAG(s) 'dataset_with_extra_from_classic_operator', 'dataset_with_extra_by_yield', 'dataset_with_extra_by_context' retrieved from /home/jonathan-brito/python-projects/airflow/venv/lib/python3.12/site-packages/airflow/example_dags/example_outlet_event_extra.py
[2025-04-21T22:17:28.665-0300] {logging_mixin.py:190} INFO - [2025-04-21T22:17:28.664-0300] {dag.py:3239} INFO - Sync 3 DAGs
[2025-04-21T22:17:28.697-0300] {logging_mixin.py:190} INFO - [2025-04-21T22:17:28.696-0300] {dag.py:4180} INFO - Setting next_dagrun for dataset_with_extra_by_context to 2025-04-21 00:00:00+00:00, run_after=2025-04-22 00:00:00+00:00
[2025-04-21T22:17:28.705-0300] {logging_mixin.py:190} INFO - [2025-04-21T22:17:28.704-0300] {dag.py:4180} INFO - Setting next_dagrun for dataset_with_extra_by_yield to 2025-04-21 00:00:00+00:00, run_after=2025-04-22 00:00:00+00:00
[2025-04-21T22:17:28.710-0300] {logging_mixin.py:190} INFO - [2025-04-21T22:17:28.709-0300] {dag.py:4180} INFO - Setting next_dagrun for dataset_with_extra_from_classic_operator to 2025-04-21 00:00:00+00:00, run_after=2025-04-22 00:00:00+00:00
[2025-04-21T22:17:28.747-0300] {processor.py:208} INFO - Processing /home/jonathan-brito/python-projects/airflow/venv/lib/python3.12/site-packages/airflow/example_dags/example_outlet_event_extra.py took 0.138 seconds
[2025-04-21T22:18:31.017-0300] {processor.py:186} INFO - Started process (PID=133020) to work on /home/jonathan-brito/python-projects/airflow/venv/lib/python3.12/site-packages/airflow/example_dags/example_outlet_event_extra.py
[2025-04-21T22:18:31.024-0300] {processor.py:914} INFO - Processing file /home/jonathan-brito/python-projects/airflow/venv/lib/python3.12/site-packages/airflow/example_dags/example_outlet_event_extra.py for tasks to queue
[2025-04-21T22:18:31.026-0300] {logging_mixin.py:190} INFO - [2025-04-21T22:18:31.025-0300] {dagbag.py:588} INFO - Filling up the DagBag from /home/jonathan-brito/python-projects/airflow/venv/lib/python3.12/site-packages/airflow/example_dags/example_outlet_event_extra.py
[2025-04-21T22:18:31.041-0300] {processor.py:925} INFO - DAG(s) 'dataset_with_extra_from_classic_operator', 'dataset_with_extra_by_context', 'dataset_with_extra_by_yield' retrieved from /home/jonathan-brito/python-projects/airflow/venv/lib/python3.12/site-packages/airflow/example_dags/example_outlet_event_extra.py
[2025-04-21T22:18:31.070-0300] {logging_mixin.py:190} INFO - [2025-04-21T22:18:31.070-0300] {dag.py:3239} INFO - Sync 3 DAGs
[2025-04-21T22:18:31.095-0300] {logging_mixin.py:190} INFO - [2025-04-21T22:18:31.095-0300] {dag.py:4180} INFO - Setting next_dagrun for dataset_with_extra_by_context to 2025-04-21 00:00:00+00:00, run_after=2025-04-22 00:00:00+00:00
[2025-04-21T22:18:31.101-0300] {logging_mixin.py:190} INFO - [2025-04-21T22:18:31.101-0300] {dag.py:4180} INFO - Setting next_dagrun for dataset_with_extra_by_yield to 2025-04-21 00:00:00+00:00, run_after=2025-04-22 00:00:00+00:00
[2025-04-21T22:18:31.104-0300] {logging_mixin.py:190} INFO - [2025-04-21T22:18:31.104-0300] {dag.py:4180} INFO - Setting next_dagrun for dataset_with_extra_from_classic_operator to 2025-04-21 00:00:00+00:00, run_after=2025-04-22 00:00:00+00:00
[2025-04-21T22:18:31.131-0300] {processor.py:208} INFO - Processing /home/jonathan-brito/python-projects/airflow/venv/lib/python3.12/site-packages/airflow/example_dags/example_outlet_event_extra.py took 0.121 seconds
[2025-04-21T22:19:32.835-0300] {processor.py:186} INFO - Started process (PID=133675) to work on /home/jonathan-brito/python-projects/airflow/venv/lib/python3.12/site-packages/airflow/example_dags/example_outlet_event_extra.py
[2025-04-21T22:19:32.842-0300] {processor.py:914} INFO - Processing file /home/jonathan-brito/python-projects/airflow/venv/lib/python3.12/site-packages/airflow/example_dags/example_outlet_event_extra.py for tasks to queue
[2025-04-21T22:19:32.843-0300] {logging_mixin.py:190} INFO - [2025-04-21T22:19:32.843-0300] {dagbag.py:588} INFO - Filling up the DagBag from /home/jonathan-brito/python-projects/airflow/venv/lib/python3.12/site-packages/airflow/example_dags/example_outlet_event_extra.py
[2025-04-21T22:19:32.856-0300] {processor.py:925} INFO - DAG(s) 'dataset_with_extra_by_yield', 'dataset_with_extra_by_context', 'dataset_with_extra_from_classic_operator' retrieved from /home/jonathan-brito/python-projects/airflow/venv/lib/python3.12/site-packages/airflow/example_dags/example_outlet_event_extra.py
[2025-04-21T22:19:32.878-0300] {logging_mixin.py:190} INFO - [2025-04-21T22:19:32.878-0300] {dag.py:3239} INFO - Sync 3 DAGs
[2025-04-21T22:19:32.898-0300] {logging_mixin.py:190} INFO - [2025-04-21T22:19:32.897-0300] {dag.py:4180} INFO - Setting next_dagrun for dataset_with_extra_by_context to 2025-04-21 00:00:00+00:00, run_after=2025-04-22 00:00:00+00:00
[2025-04-21T22:19:32.902-0300] {logging_mixin.py:190} INFO - [2025-04-21T22:19:32.901-0300] {dag.py:4180} INFO - Setting next_dagrun for dataset_with_extra_by_yield to 2025-04-21 00:00:00+00:00, run_after=2025-04-22 00:00:00+00:00
[2025-04-21T22:19:32.904-0300] {logging_mixin.py:190} INFO - [2025-04-21T22:19:32.904-0300] {dag.py:4180} INFO - Setting next_dagrun for dataset_with_extra_from_classic_operator to 2025-04-21 00:00:00+00:00, run_after=2025-04-22 00:00:00+00:00
[2025-04-21T22:19:32.936-0300] {processor.py:208} INFO - Processing /home/jonathan-brito/python-projects/airflow/venv/lib/python3.12/site-packages/airflow/example_dags/example_outlet_event_extra.py took 0.108 seconds
[2025-04-21T22:20:37.855-0300] {processor.py:186} INFO - Started process (PID=134387) to work on /home/jonathan-brito/python-projects/airflow/venv/lib/python3.12/site-packages/airflow/example_dags/example_outlet_event_extra.py
[2025-04-21T22:20:37.862-0300] {processor.py:914} INFO - Processing file /home/jonathan-brito/python-projects/airflow/venv/lib/python3.12/site-packages/airflow/example_dags/example_outlet_event_extra.py for tasks to queue
[2025-04-21T22:20:37.863-0300] {logging_mixin.py:190} INFO - [2025-04-21T22:20:37.863-0300] {dagbag.py:588} INFO - Filling up the DagBag from /home/jonathan-brito/python-projects/airflow/venv/lib/python3.12/site-packages/airflow/example_dags/example_outlet_event_extra.py
[2025-04-21T22:20:37.874-0300] {processor.py:925} INFO - DAG(s) 'dataset_with_extra_by_context', 'dataset_with_extra_from_classic_operator', 'dataset_with_extra_by_yield' retrieved from /home/jonathan-brito/python-projects/airflow/venv/lib/python3.12/site-packages/airflow/example_dags/example_outlet_event_extra.py
[2025-04-21T22:20:37.895-0300] {logging_mixin.py:190} INFO - [2025-04-21T22:20:37.895-0300] {dag.py:3239} INFO - Sync 3 DAGs
[2025-04-21T22:20:37.914-0300] {logging_mixin.py:190} INFO - [2025-04-21T22:20:37.914-0300] {dag.py:4180} INFO - Setting next_dagrun for dataset_with_extra_by_context to 2025-04-21 00:00:00+00:00, run_after=2025-04-22 00:00:00+00:00
[2025-04-21T22:20:37.918-0300] {logging_mixin.py:190} INFO - [2025-04-21T22:20:37.918-0300] {dag.py:4180} INFO - Setting next_dagrun for dataset_with_extra_by_yield to 2025-04-21 00:00:00+00:00, run_after=2025-04-22 00:00:00+00:00
[2025-04-21T22:20:37.921-0300] {logging_mixin.py:190} INFO - [2025-04-21T22:20:37.920-0300] {dag.py:4180} INFO - Setting next_dagrun for dataset_with_extra_from_classic_operator to 2025-04-21 00:00:00+00:00, run_after=2025-04-22 00:00:00+00:00
[2025-04-21T22:20:37.955-0300] {processor.py:208} INFO - Processing /home/jonathan-brito/python-projects/airflow/venv/lib/python3.12/site-packages/airflow/example_dags/example_outlet_event_extra.py took 0.106 seconds
[2025-04-22T10:24:37.853-0300] {processor.py:186} INFO - Started process (PID=11163) to work on /home/jonathan-brito/python-projects/airflow/venv/lib/python3.12/site-packages/airflow/example_dags/example_outlet_event_extra.py
[2025-04-22T10:24:37.855-0300] {processor.py:914} INFO - Processing file /home/jonathan-brito/python-projects/airflow/venv/lib/python3.12/site-packages/airflow/example_dags/example_outlet_event_extra.py for tasks to queue
[2025-04-22T10:24:37.860-0300] {logging_mixin.py:190} INFO - [2025-04-22T10:24:37.859-0300] {dagbag.py:588} INFO - Filling up the DagBag from /home/jonathan-brito/python-projects/airflow/venv/lib/python3.12/site-packages/airflow/example_dags/example_outlet_event_extra.py
[2025-04-22T10:24:37.881-0300] {processor.py:925} INFO - DAG(s) 'dataset_with_extra_by_yield', 'dataset_with_extra_by_context', 'dataset_with_extra_from_classic_operator' retrieved from /home/jonathan-brito/python-projects/airflow/venv/lib/python3.12/site-packages/airflow/example_dags/example_outlet_event_extra.py
[2025-04-22T10:24:37.906-0300] {logging_mixin.py:190} INFO - [2025-04-22T10:24:37.906-0300] {dag.py:3239} INFO - Sync 3 DAGs
[2025-04-22T10:24:37.932-0300] {logging_mixin.py:190} INFO - [2025-04-22T10:24:37.931-0300] {dag.py:4180} INFO - Setting next_dagrun for dataset_with_extra_by_context to 2025-04-21 00:00:00+00:00, run_after=2025-04-22 00:00:00+00:00
[2025-04-22T10:24:37.937-0300] {logging_mixin.py:190} INFO - [2025-04-22T10:24:37.937-0300] {dag.py:4180} INFO - Setting next_dagrun for dataset_with_extra_by_yield to 2025-04-21 00:00:00+00:00, run_after=2025-04-22 00:00:00+00:00
[2025-04-22T10:24:37.940-0300] {logging_mixin.py:190} INFO - [2025-04-22T10:24:37.939-0300] {dag.py:4180} INFO - Setting next_dagrun for dataset_with_extra_from_classic_operator to 2025-04-21 00:00:00+00:00, run_after=2025-04-22 00:00:00+00:00
[2025-04-22T10:24:37.971-0300] {processor.py:208} INFO - Processing /home/jonathan-brito/python-projects/airflow/venv/lib/python3.12/site-packages/airflow/example_dags/example_outlet_event_extra.py took 0.140 seconds
[2025-04-22T10:25:50.761-0300] {processor.py:186} INFO - Started process (PID=12050) to work on /home/jonathan-brito/python-projects/airflow/venv/lib/python3.12/site-packages/airflow/example_dags/example_outlet_event_extra.py
[2025-04-22T10:25:50.762-0300] {processor.py:914} INFO - Processing file /home/jonathan-brito/python-projects/airflow/venv/lib/python3.12/site-packages/airflow/example_dags/example_outlet_event_extra.py for tasks to queue
[2025-04-22T10:25:50.764-0300] {logging_mixin.py:190} INFO - [2025-04-22T10:25:50.764-0300] {dagbag.py:588} INFO - Filling up the DagBag from /home/jonathan-brito/python-projects/airflow/venv/lib/python3.12/site-packages/airflow/example_dags/example_outlet_event_extra.py
[2025-04-22T10:25:50.782-0300] {processor.py:925} INFO - DAG(s) 'dataset_with_extra_from_classic_operator', 'dataset_with_extra_by_context', 'dataset_with_extra_by_yield' retrieved from /home/jonathan-brito/python-projects/airflow/venv/lib/python3.12/site-packages/airflow/example_dags/example_outlet_event_extra.py
[2025-04-22T10:25:50.805-0300] {logging_mixin.py:190} INFO - [2025-04-22T10:25:50.805-0300] {dag.py:3239} INFO - Sync 3 DAGs
[2025-04-22T10:25:50.831-0300] {logging_mixin.py:190} INFO - [2025-04-22T10:25:50.830-0300] {dag.py:4180} INFO - Setting next_dagrun for dataset_with_extra_by_context to 2025-04-21 00:00:00+00:00, run_after=2025-04-22 00:00:00+00:00
[2025-04-22T10:25:50.836-0300] {logging_mixin.py:190} INFO - [2025-04-22T10:25:50.836-0300] {dag.py:4180} INFO - Setting next_dagrun for dataset_with_extra_by_yield to 2025-04-21 00:00:00+00:00, run_after=2025-04-22 00:00:00+00:00
[2025-04-22T10:25:50.839-0300] {logging_mixin.py:190} INFO - [2025-04-22T10:25:50.839-0300] {dag.py:4180} INFO - Setting next_dagrun for dataset_with_extra_from_classic_operator to 2025-04-21 00:00:00+00:00, run_after=2025-04-22 00:00:00+00:00
[2025-04-22T10:25:50.878-0300] {processor.py:208} INFO - Processing /home/jonathan-brito/python-projects/airflow/venv/lib/python3.12/site-packages/airflow/example_dags/example_outlet_event_extra.py took 0.124 seconds
[2025-04-22T10:27:53.380-0300] {processor.py:186} INFO - Started process (PID=14180) to work on /home/jonathan-brito/python-projects/airflow/venv/lib/python3.12/site-packages/airflow/example_dags/example_outlet_event_extra.py
[2025-04-22T10:27:53.381-0300] {processor.py:914} INFO - Processing file /home/jonathan-brito/python-projects/airflow/venv/lib/python3.12/site-packages/airflow/example_dags/example_outlet_event_extra.py for tasks to queue
[2025-04-22T10:27:53.383-0300] {logging_mixin.py:190} INFO - [2025-04-22T10:27:53.382-0300] {dagbag.py:588} INFO - Filling up the DagBag from /home/jonathan-brito/python-projects/airflow/venv/lib/python3.12/site-packages/airflow/example_dags/example_outlet_event_extra.py
[2025-04-22T10:27:53.401-0300] {processor.py:925} INFO - DAG(s) 'dataset_with_extra_by_context', 'dataset_with_extra_by_yield', 'dataset_with_extra_from_classic_operator' retrieved from /home/jonathan-brito/python-projects/airflow/venv/lib/python3.12/site-packages/airflow/example_dags/example_outlet_event_extra.py
[2025-04-22T10:27:53.426-0300] {logging_mixin.py:190} INFO - [2025-04-22T10:27:53.425-0300] {dag.py:3239} INFO - Sync 3 DAGs
[2025-04-22T10:27:53.463-0300] {logging_mixin.py:190} INFO - [2025-04-22T10:27:53.463-0300] {dag.py:4180} INFO - Setting next_dagrun for dataset_with_extra_by_context to 2025-04-21 00:00:00+00:00, run_after=2025-04-22 00:00:00+00:00
[2025-04-22T10:27:53.469-0300] {logging_mixin.py:190} INFO - [2025-04-22T10:27:53.468-0300] {dag.py:4180} INFO - Setting next_dagrun for dataset_with_extra_by_yield to 2025-04-21 00:00:00+00:00, run_after=2025-04-22 00:00:00+00:00
[2025-04-22T10:27:53.472-0300] {logging_mixin.py:190} INFO - [2025-04-22T10:27:53.472-0300] {dag.py:4180} INFO - Setting next_dagrun for dataset_with_extra_from_classic_operator to 2025-04-21 00:00:00+00:00, run_after=2025-04-22 00:00:00+00:00
[2025-04-22T10:27:53.521-0300] {processor.py:208} INFO - Processing /home/jonathan-brito/python-projects/airflow/venv/lib/python3.12/site-packages/airflow/example_dags/example_outlet_event_extra.py took 0.149 seconds
[2025-04-22T10:31:31.937-0300] {processor.py:186} INFO - Started process (PID=16803) to work on /home/jonathan-brito/python-projects/airflow/venv/lib/python3.12/site-packages/airflow/example_dags/example_outlet_event_extra.py
[2025-04-22T10:31:31.938-0300] {processor.py:914} INFO - Processing file /home/jonathan-brito/python-projects/airflow/venv/lib/python3.12/site-packages/airflow/example_dags/example_outlet_event_extra.py for tasks to queue
[2025-04-22T10:31:31.942-0300] {logging_mixin.py:190} INFO - [2025-04-22T10:31:31.941-0300] {dagbag.py:588} INFO - Filling up the DagBag from /home/jonathan-brito/python-projects/airflow/venv/lib/python3.12/site-packages/airflow/example_dags/example_outlet_event_extra.py
[2025-04-22T10:31:31.969-0300] {processor.py:925} INFO - DAG(s) 'dataset_with_extra_from_classic_operator', 'dataset_with_extra_by_yield', 'dataset_with_extra_by_context' retrieved from /home/jonathan-brito/python-projects/airflow/venv/lib/python3.12/site-packages/airflow/example_dags/example_outlet_event_extra.py
[2025-04-22T10:31:32.000-0300] {logging_mixin.py:190} INFO - [2025-04-22T10:31:32.000-0300] {dag.py:3239} INFO - Sync 3 DAGs
[2025-04-22T10:31:32.024-0300] {logging_mixin.py:190} INFO - [2025-04-22T10:31:32.024-0300] {dag.py:4180} INFO - Setting next_dagrun for dataset_with_extra_by_context to 2025-04-21 00:00:00+00:00, run_after=2025-04-22 00:00:00+00:00
[2025-04-22T10:31:32.029-0300] {logging_mixin.py:190} INFO - [2025-04-22T10:31:32.029-0300] {dag.py:4180} INFO - Setting next_dagrun for dataset_with_extra_by_yield to 2025-04-21 00:00:00+00:00, run_after=2025-04-22 00:00:00+00:00
[2025-04-22T10:31:32.032-0300] {logging_mixin.py:190} INFO - [2025-04-22T10:31:32.032-0300] {dag.py:4180} INFO - Setting next_dagrun for dataset_with_extra_from_classic_operator to 2025-04-21 00:00:00+00:00, run_after=2025-04-22 00:00:00+00:00
[2025-04-22T10:31:32.062-0300] {processor.py:208} INFO - Processing /home/jonathan-brito/python-projects/airflow/venv/lib/python3.12/site-packages/airflow/example_dags/example_outlet_event_extra.py took 0.136 seconds
[2025-04-22T11:08:19.228-0300] {processor.py:186} INFO - Started process (PID=49690) to work on /home/jonathan-brito/python-projects/airflow/venv/lib/python3.12/site-packages/airflow/example_dags/example_outlet_event_extra.py
[2025-04-22T11:08:19.229-0300] {processor.py:914} INFO - Processing file /home/jonathan-brito/python-projects/airflow/venv/lib/python3.12/site-packages/airflow/example_dags/example_outlet_event_extra.py for tasks to queue
[2025-04-22T11:08:19.231-0300] {logging_mixin.py:190} INFO - [2025-04-22T11:08:19.230-0300] {dagbag.py:588} INFO - Filling up the DagBag from /home/jonathan-brito/python-projects/airflow/venv/lib/python3.12/site-packages/airflow/example_dags/example_outlet_event_extra.py
[2025-04-22T11:08:19.249-0300] {processor.py:925} INFO - DAG(s) 'dataset_with_extra_by_context', 'dataset_with_extra_from_classic_operator', 'dataset_with_extra_by_yield' retrieved from /home/jonathan-brito/python-projects/airflow/venv/lib/python3.12/site-packages/airflow/example_dags/example_outlet_event_extra.py
[2025-04-22T11:08:19.274-0300] {logging_mixin.py:190} INFO - [2025-04-22T11:08:19.274-0300] {dag.py:3239} INFO - Sync 3 DAGs
[2025-04-22T11:08:19.296-0300] {logging_mixin.py:190} INFO - [2025-04-22T11:08:19.296-0300] {dag.py:4180} INFO - Setting next_dagrun for dataset_with_extra_by_context to 2025-04-21 00:00:00+00:00, run_after=2025-04-22 00:00:00+00:00
[2025-04-22T11:08:19.300-0300] {logging_mixin.py:190} INFO - [2025-04-22T11:08:19.300-0300] {dag.py:4180} INFO - Setting next_dagrun for dataset_with_extra_by_yield to 2025-04-21 00:00:00+00:00, run_after=2025-04-22 00:00:00+00:00
[2025-04-22T11:08:19.302-0300] {logging_mixin.py:190} INFO - [2025-04-22T11:08:19.302-0300] {dag.py:4180} INFO - Setting next_dagrun for dataset_with_extra_from_classic_operator to 2025-04-21 00:00:00+00:00, run_after=2025-04-22 00:00:00+00:00
[2025-04-22T11:08:19.330-0300] {processor.py:208} INFO - Processing /home/jonathan-brito/python-projects/airflow/venv/lib/python3.12/site-packages/airflow/example_dags/example_outlet_event_extra.py took 0.108 seconds
[2025-04-22T11:09:20.204-0300] {processor.py:186} INFO - Started process (PID=50075) to work on /home/jonathan-brito/python-projects/airflow/venv/lib/python3.12/site-packages/airflow/example_dags/example_outlet_event_extra.py
[2025-04-22T11:09:20.212-0300] {processor.py:914} INFO - Processing file /home/jonathan-brito/python-projects/airflow/venv/lib/python3.12/site-packages/airflow/example_dags/example_outlet_event_extra.py for tasks to queue
[2025-04-22T11:09:20.214-0300] {logging_mixin.py:190} INFO - [2025-04-22T11:09:20.213-0300] {dagbag.py:588} INFO - Filling up the DagBag from /home/jonathan-brito/python-projects/airflow/venv/lib/python3.12/site-packages/airflow/example_dags/example_outlet_event_extra.py
[2025-04-22T11:09:20.230-0300] {processor.py:925} INFO - DAG(s) 'dataset_with_extra_by_yield', 'dataset_with_extra_from_classic_operator', 'dataset_with_extra_by_context' retrieved from /home/jonathan-brito/python-projects/airflow/venv/lib/python3.12/site-packages/airflow/example_dags/example_outlet_event_extra.py
[2025-04-22T11:09:20.253-0300] {logging_mixin.py:190} INFO - [2025-04-22T11:09:20.252-0300] {dag.py:3239} INFO - Sync 3 DAGs
[2025-04-22T11:09:20.273-0300] {logging_mixin.py:190} INFO - [2025-04-22T11:09:20.273-0300] {dag.py:4180} INFO - Setting next_dagrun for dataset_with_extra_by_context to 2025-04-21 00:00:00+00:00, run_after=2025-04-22 00:00:00+00:00
[2025-04-22T11:09:20.277-0300] {logging_mixin.py:190} INFO - [2025-04-22T11:09:20.277-0300] {dag.py:4180} INFO - Setting next_dagrun for dataset_with_extra_by_yield to 2025-04-21 00:00:00+00:00, run_after=2025-04-22 00:00:00+00:00
[2025-04-22T11:09:20.279-0300] {logging_mixin.py:190} INFO - [2025-04-22T11:09:20.279-0300] {dag.py:4180} INFO - Setting next_dagrun for dataset_with_extra_from_classic_operator to 2025-04-21 00:00:00+00:00, run_after=2025-04-22 00:00:00+00:00
[2025-04-22T11:09:20.310-0300] {processor.py:208} INFO - Processing /home/jonathan-brito/python-projects/airflow/venv/lib/python3.12/site-packages/airflow/example_dags/example_outlet_event_extra.py took 0.114 seconds
[2025-04-22T11:10:19.494-0300] {processor.py:186} INFO - Started process (PID=50616) to work on /home/jonathan-brito/python-projects/airflow/venv/lib/python3.12/site-packages/airflow/example_dags/example_outlet_event_extra.py
[2025-04-22T11:10:19.501-0300] {processor.py:914} INFO - Processing file /home/jonathan-brito/python-projects/airflow/venv/lib/python3.12/site-packages/airflow/example_dags/example_outlet_event_extra.py for tasks to queue
[2025-04-22T11:10:19.503-0300] {logging_mixin.py:190} INFO - [2025-04-22T11:10:19.502-0300] {dagbag.py:588} INFO - Filling up the DagBag from /home/jonathan-brito/python-projects/airflow/venv/lib/python3.12/site-packages/airflow/example_dags/example_outlet_event_extra.py
[2025-04-22T11:10:19.521-0300] {processor.py:925} INFO - DAG(s) 'dataset_with_extra_by_yield', 'dataset_with_extra_by_context', 'dataset_with_extra_from_classic_operator' retrieved from /home/jonathan-brito/python-projects/airflow/venv/lib/python3.12/site-packages/airflow/example_dags/example_outlet_event_extra.py
[2025-04-22T11:10:19.553-0300] {logging_mixin.py:190} INFO - [2025-04-22T11:10:19.553-0300] {dag.py:3239} INFO - Sync 3 DAGs
[2025-04-22T11:10:19.587-0300] {logging_mixin.py:190} INFO - [2025-04-22T11:10:19.587-0300] {dag.py:4180} INFO - Setting next_dagrun for dataset_with_extra_by_context to 2025-04-21 00:00:00+00:00, run_after=2025-04-22 00:00:00+00:00
[2025-04-22T11:10:19.594-0300] {logging_mixin.py:190} INFO - [2025-04-22T11:10:19.593-0300] {dag.py:4180} INFO - Setting next_dagrun for dataset_with_extra_by_yield to 2025-04-21 00:00:00+00:00, run_after=2025-04-22 00:00:00+00:00
[2025-04-22T11:10:19.597-0300] {logging_mixin.py:190} INFO - [2025-04-22T11:10:19.597-0300] {dag.py:4180} INFO - Setting next_dagrun for dataset_with_extra_from_classic_operator to 2025-04-21 00:00:00+00:00, run_after=2025-04-22 00:00:00+00:00
[2025-04-22T11:10:19.635-0300] {processor.py:208} INFO - Processing /home/jonathan-brito/python-projects/airflow/venv/lib/python3.12/site-packages/airflow/example_dags/example_outlet_event_extra.py took 0.148 seconds
[2025-04-22T11:11:23.290-0300] {processor.py:186} INFO - Started process (PID=51024) to work on /home/jonathan-brito/python-projects/airflow/venv/lib/python3.12/site-packages/airflow/example_dags/example_outlet_event_extra.py
[2025-04-22T11:11:23.297-0300] {processor.py:914} INFO - Processing file /home/jonathan-brito/python-projects/airflow/venv/lib/python3.12/site-packages/airflow/example_dags/example_outlet_event_extra.py for tasks to queue
[2025-04-22T11:11:23.299-0300] {logging_mixin.py:190} INFO - [2025-04-22T11:11:23.299-0300] {dagbag.py:588} INFO - Filling up the DagBag from /home/jonathan-brito/python-projects/airflow/venv/lib/python3.12/site-packages/airflow/example_dags/example_outlet_event_extra.py
[2025-04-22T11:11:23.319-0300] {processor.py:925} INFO - DAG(s) 'dataset_with_extra_by_yield', 'dataset_with_extra_by_context', 'dataset_with_extra_from_classic_operator' retrieved from /home/jonathan-brito/python-projects/airflow/venv/lib/python3.12/site-packages/airflow/example_dags/example_outlet_event_extra.py
[2025-04-22T11:11:23.347-0300] {logging_mixin.py:190} INFO - [2025-04-22T11:11:23.347-0300] {dag.py:3239} INFO - Sync 3 DAGs
[2025-04-22T11:11:23.377-0300] {logging_mixin.py:190} INFO - [2025-04-22T11:11:23.377-0300] {dag.py:4180} INFO - Setting next_dagrun for dataset_with_extra_by_context to 2025-04-21 00:00:00+00:00, run_after=2025-04-22 00:00:00+00:00
[2025-04-22T11:11:23.382-0300] {logging_mixin.py:190} INFO - [2025-04-22T11:11:23.382-0300] {dag.py:4180} INFO - Setting next_dagrun for dataset_with_extra_by_yield to 2025-04-21 00:00:00+00:00, run_after=2025-04-22 00:00:00+00:00
[2025-04-22T11:11:23.386-0300] {logging_mixin.py:190} INFO - [2025-04-22T11:11:23.386-0300] {dag.py:4180} INFO - Setting next_dagrun for dataset_with_extra_from_classic_operator to 2025-04-21 00:00:00+00:00, run_after=2025-04-22 00:00:00+00:00
[2025-04-22T11:11:23.424-0300] {processor.py:208} INFO - Processing /home/jonathan-brito/python-projects/airflow/venv/lib/python3.12/site-packages/airflow/example_dags/example_outlet_event_extra.py took 0.144 seconds
