[2025-04-21T21:00:01.807-0300] {processor.py:186} INFO - Started process (PID=54238) to work on /home/jonathan-brito/python-projects/airflow/venv/lib/python3.12/site-packages/airflow/example_dags/example_dynamic_task_mapping.py
[2025-04-21T21:00:01.808-0300] {processor.py:914} INFO - Processing file /home/jonathan-brito/python-projects/airflow/venv/lib/python3.12/site-packages/airflow/example_dags/example_dynamic_task_mapping.py for tasks to queue
[2025-04-21T21:00:01.809-0300] {logging_mixin.py:190} INFO - [2025-04-21T21:00:01.809-0300] {dagbag.py:588} INFO - Filling up the DagBag from /home/jonathan-brito/python-projects/airflow/venv/lib/python3.12/site-packages/airflow/example_dags/example_dynamic_task_mapping.py
[2025-04-21T21:00:01.820-0300] {processor.py:925} INFO - DAG(s) 'example_dynamic_task_mapping' retrieved from /home/jonathan-brito/python-projects/airflow/venv/lib/python3.12/site-packages/airflow/example_dags/example_dynamic_task_mapping.py
[2025-04-21T21:00:01.846-0300] {logging_mixin.py:190} INFO - [2025-04-21T21:00:01.846-0300] {dag.py:3239} INFO - Sync 1 DAGs
[2025-04-21T21:00:01.862-0300] {logging_mixin.py:190} INFO - [2025-04-21T21:00:01.862-0300] {dag.py:4180} INFO - Setting next_dagrun for example_dynamic_task_mapping to None, run_after=None
[2025-04-21T21:00:01.894-0300] {processor.py:208} INFO - Processing /home/jonathan-brito/python-projects/airflow/venv/lib/python3.12/site-packages/airflow/example_dags/example_dynamic_task_mapping.py took 0.093 seconds
[2025-04-21T21:24:03.664-0300] {processor.py:186} INFO - Started process (PID=70793) to work on /home/jonathan-brito/python-projects/airflow/venv/lib/python3.12/site-packages/airflow/example_dags/example_dynamic_task_mapping.py
[2025-04-21T21:24:03.671-0300] {processor.py:914} INFO - Processing file /home/jonathan-brito/python-projects/airflow/venv/lib/python3.12/site-packages/airflow/example_dags/example_dynamic_task_mapping.py for tasks to queue
[2025-04-21T21:24:03.674-0300] {logging_mixin.py:190} INFO - [2025-04-21T21:24:03.673-0300] {dagbag.py:588} INFO - Filling up the DagBag from /home/jonathan-brito/python-projects/airflow/venv/lib/python3.12/site-packages/airflow/example_dags/example_dynamic_task_mapping.py
[2025-04-21T21:24:03.684-0300] {processor.py:925} INFO - DAG(s) 'example_dynamic_task_mapping' retrieved from /home/jonathan-brito/python-projects/airflow/venv/lib/python3.12/site-packages/airflow/example_dags/example_dynamic_task_mapping.py
[2025-04-21T21:24:03.701-0300] {logging_mixin.py:190} INFO - [2025-04-21T21:24:03.701-0300] {dag.py:3239} INFO - Sync 1 DAGs
[2025-04-21T21:24:03.716-0300] {logging_mixin.py:190} INFO - [2025-04-21T21:24:03.715-0300] {dag.py:4180} INFO - Setting next_dagrun for example_dynamic_task_mapping to None, run_after=None
[2025-04-21T21:24:03.741-0300] {processor.py:208} INFO - Processing /home/jonathan-brito/python-projects/airflow/venv/lib/python3.12/site-packages/airflow/example_dags/example_dynamic_task_mapping.py took 0.083 seconds
[2025-04-21T22:10:20.448-0300] {processor.py:186} INFO - Started process (PID=127350) to work on /home/jonathan-brito/python-projects/airflow/venv/lib/python3.12/site-packages/airflow/example_dags/example_dynamic_task_mapping.py
[2025-04-21T22:10:20.455-0300] {processor.py:914} INFO - Processing file /home/jonathan-brito/python-projects/airflow/venv/lib/python3.12/site-packages/airflow/example_dags/example_dynamic_task_mapping.py for tasks to queue
[2025-04-21T22:10:20.459-0300] {logging_mixin.py:190} INFO - [2025-04-21T22:10:20.458-0300] {dagbag.py:588} INFO - Filling up the DagBag from /home/jonathan-brito/python-projects/airflow/venv/lib/python3.12/site-packages/airflow/example_dags/example_dynamic_task_mapping.py
[2025-04-21T22:10:20.466-0300] {processor.py:925} INFO - DAG(s) 'example_dynamic_task_mapping' retrieved from /home/jonathan-brito/python-projects/airflow/venv/lib/python3.12/site-packages/airflow/example_dags/example_dynamic_task_mapping.py
[2025-04-21T22:10:20.481-0300] {logging_mixin.py:190} INFO - [2025-04-21T22:10:20.481-0300] {dag.py:3239} INFO - Sync 1 DAGs
[2025-04-21T22:10:20.493-0300] {logging_mixin.py:190} INFO - [2025-04-21T22:10:20.493-0300] {dag.py:4180} INFO - Setting next_dagrun for example_dynamic_task_mapping to None, run_after=None
[2025-04-21T22:10:20.523-0300] {processor.py:208} INFO - Processing /home/jonathan-brito/python-projects/airflow/venv/lib/python3.12/site-packages/airflow/example_dags/example_dynamic_task_mapping.py took 0.081 seconds
[2025-04-21T22:11:25.804-0300] {processor.py:186} INFO - Started process (PID=128363) to work on /home/jonathan-brito/python-projects/airflow/venv/lib/python3.12/site-packages/airflow/example_dags/example_dynamic_task_mapping.py
[2025-04-21T22:11:25.811-0300] {processor.py:914} INFO - Processing file /home/jonathan-brito/python-projects/airflow/venv/lib/python3.12/site-packages/airflow/example_dags/example_dynamic_task_mapping.py for tasks to queue
[2025-04-21T22:11:25.813-0300] {logging_mixin.py:190} INFO - [2025-04-21T22:11:25.812-0300] {dagbag.py:588} INFO - Filling up the DagBag from /home/jonathan-brito/python-projects/airflow/venv/lib/python3.12/site-packages/airflow/example_dags/example_dynamic_task_mapping.py
[2025-04-21T22:11:25.820-0300] {processor.py:925} INFO - DAG(s) 'example_dynamic_task_mapping' retrieved from /home/jonathan-brito/python-projects/airflow/venv/lib/python3.12/site-packages/airflow/example_dags/example_dynamic_task_mapping.py
[2025-04-21T22:11:25.835-0300] {logging_mixin.py:190} INFO - [2025-04-21T22:11:25.835-0300] {dag.py:3239} INFO - Sync 1 DAGs
[2025-04-21T22:11:25.847-0300] {logging_mixin.py:190} INFO - [2025-04-21T22:11:25.847-0300] {dag.py:4180} INFO - Setting next_dagrun for example_dynamic_task_mapping to None, run_after=None
[2025-04-21T22:11:25.870-0300] {processor.py:208} INFO - Processing /home/jonathan-brito/python-projects/airflow/venv/lib/python3.12/site-packages/airflow/example_dags/example_dynamic_task_mapping.py took 0.072 seconds
[2025-04-21T22:12:27.739-0300] {processor.py:186} INFO - Started process (PID=129076) to work on /home/jonathan-brito/python-projects/airflow/venv/lib/python3.12/site-packages/airflow/example_dags/example_dynamic_task_mapping.py
[2025-04-21T22:12:27.746-0300] {processor.py:914} INFO - Processing file /home/jonathan-brito/python-projects/airflow/venv/lib/python3.12/site-packages/airflow/example_dags/example_dynamic_task_mapping.py for tasks to queue
[2025-04-21T22:12:27.750-0300] {logging_mixin.py:190} INFO - [2025-04-21T22:12:27.749-0300] {dagbag.py:588} INFO - Filling up the DagBag from /home/jonathan-brito/python-projects/airflow/venv/lib/python3.12/site-packages/airflow/example_dags/example_dynamic_task_mapping.py
[2025-04-21T22:12:27.766-0300] {processor.py:925} INFO - DAG(s) 'example_dynamic_task_mapping' retrieved from /home/jonathan-brito/python-projects/airflow/venv/lib/python3.12/site-packages/airflow/example_dags/example_dynamic_task_mapping.py
[2025-04-21T22:12:27.785-0300] {logging_mixin.py:190} INFO - [2025-04-21T22:12:27.784-0300] {dag.py:3239} INFO - Sync 1 DAGs
[2025-04-21T22:12:27.799-0300] {logging_mixin.py:190} INFO - [2025-04-21T22:12:27.799-0300] {dag.py:4180} INFO - Setting next_dagrun for example_dynamic_task_mapping to None, run_after=None
[2025-04-21T22:12:27.830-0300] {processor.py:208} INFO - Processing /home/jonathan-brito/python-projects/airflow/venv/lib/python3.12/site-packages/airflow/example_dags/example_dynamic_task_mapping.py took 0.097 seconds
[2025-04-21T22:13:31.669-0300] {processor.py:186} INFO - Started process (PID=129834) to work on /home/jonathan-brito/python-projects/airflow/venv/lib/python3.12/site-packages/airflow/example_dags/example_dynamic_task_mapping.py
[2025-04-21T22:13:31.676-0300] {processor.py:914} INFO - Processing file /home/jonathan-brito/python-projects/airflow/venv/lib/python3.12/site-packages/airflow/example_dags/example_dynamic_task_mapping.py for tasks to queue
[2025-04-21T22:13:31.678-0300] {logging_mixin.py:190} INFO - [2025-04-21T22:13:31.678-0300] {dagbag.py:588} INFO - Filling up the DagBag from /home/jonathan-brito/python-projects/airflow/venv/lib/python3.12/site-packages/airflow/example_dags/example_dynamic_task_mapping.py
[2025-04-21T22:13:31.689-0300] {processor.py:925} INFO - DAG(s) 'example_dynamic_task_mapping' retrieved from /home/jonathan-brito/python-projects/airflow/venv/lib/python3.12/site-packages/airflow/example_dags/example_dynamic_task_mapping.py
[2025-04-21T22:13:31.714-0300] {logging_mixin.py:190} INFO - [2025-04-21T22:13:31.713-0300] {dag.py:3239} INFO - Sync 1 DAGs
[2025-04-21T22:13:31.731-0300] {logging_mixin.py:190} INFO - [2025-04-21T22:13:31.731-0300] {dag.py:4180} INFO - Setting next_dagrun for example_dynamic_task_mapping to None, run_after=None
[2025-04-21T22:13:31.766-0300] {processor.py:208} INFO - Processing /home/jonathan-brito/python-projects/airflow/venv/lib/python3.12/site-packages/airflow/example_dags/example_dynamic_task_mapping.py took 0.107 seconds
[2025-04-21T22:14:33.510-0300] {processor.py:186} INFO - Started process (PID=130523) to work on /home/jonathan-brito/python-projects/airflow/venv/lib/python3.12/site-packages/airflow/example_dags/example_dynamic_task_mapping.py
[2025-04-21T22:14:33.517-0300] {processor.py:914} INFO - Processing file /home/jonathan-brito/python-projects/airflow/venv/lib/python3.12/site-packages/airflow/example_dags/example_dynamic_task_mapping.py for tasks to queue
[2025-04-21T22:14:33.519-0300] {logging_mixin.py:190} INFO - [2025-04-21T22:14:33.518-0300] {dagbag.py:588} INFO - Filling up the DagBag from /home/jonathan-brito/python-projects/airflow/venv/lib/python3.12/site-packages/airflow/example_dags/example_dynamic_task_mapping.py
[2025-04-21T22:14:33.527-0300] {processor.py:925} INFO - DAG(s) 'example_dynamic_task_mapping' retrieved from /home/jonathan-brito/python-projects/airflow/venv/lib/python3.12/site-packages/airflow/example_dags/example_dynamic_task_mapping.py
[2025-04-21T22:14:33.544-0300] {logging_mixin.py:190} INFO - [2025-04-21T22:14:33.544-0300] {dag.py:3239} INFO - Sync 1 DAGs
[2025-04-21T22:14:33.557-0300] {logging_mixin.py:190} INFO - [2025-04-21T22:14:33.557-0300] {dag.py:4180} INFO - Setting next_dagrun for example_dynamic_task_mapping to None, run_after=None
[2025-04-21T22:14:33.589-0300] {processor.py:208} INFO - Processing /home/jonathan-brito/python-projects/airflow/venv/lib/python3.12/site-packages/airflow/example_dags/example_dynamic_task_mapping.py took 0.086 seconds
[2025-04-21T22:15:35.491-0300] {processor.py:186} INFO - Started process (PID=131202) to work on /home/jonathan-brito/python-projects/airflow/venv/lib/python3.12/site-packages/airflow/example_dags/example_dynamic_task_mapping.py
[2025-04-21T22:15:35.498-0300] {processor.py:914} INFO - Processing file /home/jonathan-brito/python-projects/airflow/venv/lib/python3.12/site-packages/airflow/example_dags/example_dynamic_task_mapping.py for tasks to queue
[2025-04-21T22:15:35.500-0300] {logging_mixin.py:190} INFO - [2025-04-21T22:15:35.499-0300] {dagbag.py:588} INFO - Filling up the DagBag from /home/jonathan-brito/python-projects/airflow/venv/lib/python3.12/site-packages/airflow/example_dags/example_dynamic_task_mapping.py
[2025-04-21T22:15:35.507-0300] {processor.py:925} INFO - DAG(s) 'example_dynamic_task_mapping' retrieved from /home/jonathan-brito/python-projects/airflow/venv/lib/python3.12/site-packages/airflow/example_dags/example_dynamic_task_mapping.py
[2025-04-21T22:15:35.524-0300] {logging_mixin.py:190} INFO - [2025-04-21T22:15:35.524-0300] {dag.py:3239} INFO - Sync 1 DAGs
[2025-04-21T22:15:35.536-0300] {logging_mixin.py:190} INFO - [2025-04-21T22:15:35.536-0300] {dag.py:4180} INFO - Setting next_dagrun for example_dynamic_task_mapping to None, run_after=None
[2025-04-21T22:15:35.563-0300] {processor.py:208} INFO - Processing /home/jonathan-brito/python-projects/airflow/venv/lib/python3.12/site-packages/airflow/example_dags/example_dynamic_task_mapping.py took 0.078 seconds
[2025-04-21T22:16:38.125-0300] {processor.py:186} INFO - Started process (PID=131823) to work on /home/jonathan-brito/python-projects/airflow/venv/lib/python3.12/site-packages/airflow/example_dags/example_dynamic_task_mapping.py
[2025-04-21T22:16:38.132-0300] {processor.py:914} INFO - Processing file /home/jonathan-brito/python-projects/airflow/venv/lib/python3.12/site-packages/airflow/example_dags/example_dynamic_task_mapping.py for tasks to queue
[2025-04-21T22:16:38.134-0300] {logging_mixin.py:190} INFO - [2025-04-21T22:16:38.133-0300] {dagbag.py:588} INFO - Filling up the DagBag from /home/jonathan-brito/python-projects/airflow/venv/lib/python3.12/site-packages/airflow/example_dags/example_dynamic_task_mapping.py
[2025-04-21T22:16:38.146-0300] {processor.py:925} INFO - DAG(s) 'example_dynamic_task_mapping' retrieved from /home/jonathan-brito/python-projects/airflow/venv/lib/python3.12/site-packages/airflow/example_dags/example_dynamic_task_mapping.py
[2025-04-21T22:16:38.169-0300] {logging_mixin.py:190} INFO - [2025-04-21T22:16:38.168-0300] {dag.py:3239} INFO - Sync 1 DAGs
[2025-04-21T22:16:38.183-0300] {logging_mixin.py:190} INFO - [2025-04-21T22:16:38.182-0300] {dag.py:4180} INFO - Setting next_dagrun for example_dynamic_task_mapping to None, run_after=None
[2025-04-21T22:16:38.224-0300] {processor.py:208} INFO - Processing /home/jonathan-brito/python-projects/airflow/venv/lib/python3.12/site-packages/airflow/example_dags/example_dynamic_task_mapping.py took 0.114 seconds
[2025-04-21T22:17:41.864-0300] {processor.py:186} INFO - Started process (PID=132517) to work on /home/jonathan-brito/python-projects/airflow/venv/lib/python3.12/site-packages/airflow/example_dags/example_dynamic_task_mapping.py
[2025-04-21T22:17:41.873-0300] {processor.py:914} INFO - Processing file /home/jonathan-brito/python-projects/airflow/venv/lib/python3.12/site-packages/airflow/example_dags/example_dynamic_task_mapping.py for tasks to queue
[2025-04-21T22:17:41.876-0300] {logging_mixin.py:190} INFO - [2025-04-21T22:17:41.875-0300] {dagbag.py:588} INFO - Filling up the DagBag from /home/jonathan-brito/python-projects/airflow/venv/lib/python3.12/site-packages/airflow/example_dags/example_dynamic_task_mapping.py
[2025-04-21T22:17:41.892-0300] {processor.py:925} INFO - DAG(s) 'example_dynamic_task_mapping' retrieved from /home/jonathan-brito/python-projects/airflow/venv/lib/python3.12/site-packages/airflow/example_dags/example_dynamic_task_mapping.py
[2025-04-21T22:17:41.915-0300] {logging_mixin.py:190} INFO - [2025-04-21T22:17:41.915-0300] {dag.py:3239} INFO - Sync 1 DAGs
[2025-04-21T22:17:41.928-0300] {logging_mixin.py:190} INFO - [2025-04-21T22:17:41.928-0300] {dag.py:4180} INFO - Setting next_dagrun for example_dynamic_task_mapping to None, run_after=None
[2025-04-21T22:17:41.971-0300] {processor.py:208} INFO - Processing /home/jonathan-brito/python-projects/airflow/venv/lib/python3.12/site-packages/airflow/example_dags/example_dynamic_task_mapping.py took 0.129 seconds
[2025-04-21T22:18:44.195-0300] {processor.py:186} INFO - Started process (PID=133133) to work on /home/jonathan-brito/python-projects/airflow/venv/lib/python3.12/site-packages/airflow/example_dags/example_dynamic_task_mapping.py
[2025-04-21T22:18:44.204-0300] {processor.py:914} INFO - Processing file /home/jonathan-brito/python-projects/airflow/venv/lib/python3.12/site-packages/airflow/example_dags/example_dynamic_task_mapping.py for tasks to queue
[2025-04-21T22:18:44.208-0300] {logging_mixin.py:190} INFO - [2025-04-21T22:18:44.207-0300] {dagbag.py:588} INFO - Filling up the DagBag from /home/jonathan-brito/python-projects/airflow/venv/lib/python3.12/site-packages/airflow/example_dags/example_dynamic_task_mapping.py
[2025-04-21T22:18:44.234-0300] {processor.py:925} INFO - DAG(s) 'example_dynamic_task_mapping' retrieved from /home/jonathan-brito/python-projects/airflow/venv/lib/python3.12/site-packages/airflow/example_dags/example_dynamic_task_mapping.py
[2025-04-21T22:18:44.279-0300] {logging_mixin.py:190} INFO - [2025-04-21T22:18:44.279-0300] {dag.py:3239} INFO - Sync 1 DAGs
[2025-04-21T22:18:44.296-0300] {logging_mixin.py:190} INFO - [2025-04-21T22:18:44.296-0300] {dag.py:4180} INFO - Setting next_dagrun for example_dynamic_task_mapping to None, run_after=None
[2025-04-21T22:18:44.322-0300] {processor.py:208} INFO - Processing /home/jonathan-brito/python-projects/airflow/venv/lib/python3.12/site-packages/airflow/example_dags/example_dynamic_task_mapping.py took 0.149 seconds
[2025-04-21T22:19:46.811-0300] {processor.py:186} INFO - Started process (PID=133845) to work on /home/jonathan-brito/python-projects/airflow/venv/lib/python3.12/site-packages/airflow/example_dags/example_dynamic_task_mapping.py
[2025-04-21T22:19:46.818-0300] {processor.py:914} INFO - Processing file /home/jonathan-brito/python-projects/airflow/venv/lib/python3.12/site-packages/airflow/example_dags/example_dynamic_task_mapping.py for tasks to queue
[2025-04-21T22:19:46.820-0300] {logging_mixin.py:190} INFO - [2025-04-21T22:19:46.819-0300] {dagbag.py:588} INFO - Filling up the DagBag from /home/jonathan-brito/python-projects/airflow/venv/lib/python3.12/site-packages/airflow/example_dags/example_dynamic_task_mapping.py
[2025-04-21T22:19:46.828-0300] {processor.py:925} INFO - DAG(s) 'example_dynamic_task_mapping' retrieved from /home/jonathan-brito/python-projects/airflow/venv/lib/python3.12/site-packages/airflow/example_dags/example_dynamic_task_mapping.py
[2025-04-21T22:19:46.846-0300] {logging_mixin.py:190} INFO - [2025-04-21T22:19:46.845-0300] {dag.py:3239} INFO - Sync 1 DAGs
[2025-04-21T22:19:46.857-0300] {logging_mixin.py:190} INFO - [2025-04-21T22:19:46.857-0300] {dag.py:4180} INFO - Setting next_dagrun for example_dynamic_task_mapping to None, run_after=None
[2025-04-21T22:19:46.881-0300] {processor.py:208} INFO - Processing /home/jonathan-brito/python-projects/airflow/venv/lib/python3.12/site-packages/airflow/example_dags/example_dynamic_task_mapping.py took 0.082 seconds
[2025-04-21T22:20:50.653-0300] {processor.py:186} INFO - Started process (PID=134522) to work on /home/jonathan-brito/python-projects/airflow/venv/lib/python3.12/site-packages/airflow/example_dags/example_dynamic_task_mapping.py
[2025-04-21T22:20:50.661-0300] {processor.py:914} INFO - Processing file /home/jonathan-brito/python-projects/airflow/venv/lib/python3.12/site-packages/airflow/example_dags/example_dynamic_task_mapping.py for tasks to queue
[2025-04-21T22:20:50.663-0300] {logging_mixin.py:190} INFO - [2025-04-21T22:20:50.662-0300] {dagbag.py:588} INFO - Filling up the DagBag from /home/jonathan-brito/python-projects/airflow/venv/lib/python3.12/site-packages/airflow/example_dags/example_dynamic_task_mapping.py
[2025-04-21T22:20:50.670-0300] {processor.py:925} INFO - DAG(s) 'example_dynamic_task_mapping' retrieved from /home/jonathan-brito/python-projects/airflow/venv/lib/python3.12/site-packages/airflow/example_dags/example_dynamic_task_mapping.py
[2025-04-21T22:20:50.687-0300] {logging_mixin.py:190} INFO - [2025-04-21T22:20:50.687-0300] {dag.py:3239} INFO - Sync 1 DAGs
[2025-04-21T22:20:50.700-0300] {logging_mixin.py:190} INFO - [2025-04-21T22:20:50.700-0300] {dag.py:4180} INFO - Setting next_dagrun for example_dynamic_task_mapping to None, run_after=None
[2025-04-21T22:20:50.724-0300] {processor.py:208} INFO - Processing /home/jonathan-brito/python-projects/airflow/venv/lib/python3.12/site-packages/airflow/example_dags/example_dynamic_task_mapping.py took 0.079 seconds
[2025-04-22T10:24:49.623-0300] {processor.py:186} INFO - Started process (PID=11370) to work on /home/jonathan-brito/python-projects/airflow/venv/lib/python3.12/site-packages/airflow/example_dags/example_dynamic_task_mapping.py
[2025-04-22T10:24:49.630-0300] {processor.py:914} INFO - Processing file /home/jonathan-brito/python-projects/airflow/venv/lib/python3.12/site-packages/airflow/example_dags/example_dynamic_task_mapping.py for tasks to queue
[2025-04-22T10:24:49.633-0300] {logging_mixin.py:190} INFO - [2025-04-22T10:24:49.632-0300] {dagbag.py:588} INFO - Filling up the DagBag from /home/jonathan-brito/python-projects/airflow/venv/lib/python3.12/site-packages/airflow/example_dags/example_dynamic_task_mapping.py
[2025-04-22T10:24:49.647-0300] {processor.py:925} INFO - DAG(s) 'example_dynamic_task_mapping' retrieved from /home/jonathan-brito/python-projects/airflow/venv/lib/python3.12/site-packages/airflow/example_dags/example_dynamic_task_mapping.py
[2025-04-22T10:24:49.671-0300] {logging_mixin.py:190} INFO - [2025-04-22T10:24:49.670-0300] {dag.py:3239} INFO - Sync 1 DAGs
[2025-04-22T10:24:49.692-0300] {logging_mixin.py:190} INFO - [2025-04-22T10:24:49.692-0300] {dag.py:4180} INFO - Setting next_dagrun for example_dynamic_task_mapping to None, run_after=None
[2025-04-22T10:24:49.722-0300] {processor.py:208} INFO - Processing /home/jonathan-brito/python-projects/airflow/venv/lib/python3.12/site-packages/airflow/example_dags/example_dynamic_task_mapping.py took 0.105 seconds
[2025-04-22T10:26:33.402-0300] {processor.py:186} INFO - Started process (PID=12828) to work on /home/jonathan-brito/python-projects/airflow/venv/lib/python3.12/site-packages/airflow/example_dags/example_dynamic_task_mapping.py
[2025-04-22T10:26:33.409-0300] {processor.py:914} INFO - Processing file /home/jonathan-brito/python-projects/airflow/venv/lib/python3.12/site-packages/airflow/example_dags/example_dynamic_task_mapping.py for tasks to queue
[2025-04-22T10:26:33.412-0300] {logging_mixin.py:190} INFO - [2025-04-22T10:26:33.412-0300] {dagbag.py:588} INFO - Filling up the DagBag from /home/jonathan-brito/python-projects/airflow/venv/lib/python3.12/site-packages/airflow/example_dags/example_dynamic_task_mapping.py
[2025-04-22T10:26:33.425-0300] {processor.py:925} INFO - DAG(s) 'example_dynamic_task_mapping' retrieved from /home/jonathan-brito/python-projects/airflow/venv/lib/python3.12/site-packages/airflow/example_dags/example_dynamic_task_mapping.py
[2025-04-22T10:26:33.445-0300] {logging_mixin.py:190} INFO - [2025-04-22T10:26:33.445-0300] {dag.py:3239} INFO - Sync 1 DAGs
[2025-04-22T10:26:33.458-0300] {logging_mixin.py:190} INFO - [2025-04-22T10:26:33.458-0300] {dag.py:4180} INFO - Setting next_dagrun for example_dynamic_task_mapping to None, run_after=None
[2025-04-22T10:26:33.488-0300] {processor.py:208} INFO - Processing /home/jonathan-brito/python-projects/airflow/venv/lib/python3.12/site-packages/airflow/example_dags/example_dynamic_task_mapping.py took 0.095 seconds
[2025-04-22T10:29:22.279-0300] {processor.py:186} INFO - Started process (PID=15664) to work on /home/jonathan-brito/python-projects/airflow/venv/lib/python3.12/site-packages/airflow/example_dags/example_dynamic_task_mapping.py
[2025-04-22T10:29:22.281-0300] {processor.py:914} INFO - Processing file /home/jonathan-brito/python-projects/airflow/venv/lib/python3.12/site-packages/airflow/example_dags/example_dynamic_task_mapping.py for tasks to queue
[2025-04-22T10:29:22.286-0300] {logging_mixin.py:190} INFO - [2025-04-22T10:29:22.285-0300] {dagbag.py:588} INFO - Filling up the DagBag from /home/jonathan-brito/python-projects/airflow/venv/lib/python3.12/site-packages/airflow/example_dags/example_dynamic_task_mapping.py
[2025-04-22T10:29:22.315-0300] {processor.py:925} INFO - DAG(s) 'example_dynamic_task_mapping' retrieved from /home/jonathan-brito/python-projects/airflow/venv/lib/python3.12/site-packages/airflow/example_dags/example_dynamic_task_mapping.py
[2025-04-22T10:29:22.347-0300] {logging_mixin.py:190} INFO - [2025-04-22T10:29:22.346-0300] {dag.py:3239} INFO - Sync 1 DAGs
[2025-04-22T10:29:22.368-0300] {logging_mixin.py:190} INFO - [2025-04-22T10:29:22.368-0300] {dag.py:4180} INFO - Setting next_dagrun for example_dynamic_task_mapping to None, run_after=None
[2025-04-22T10:29:22.463-0300] {processor.py:208} INFO - Processing /home/jonathan-brito/python-projects/airflow/venv/lib/python3.12/site-packages/airflow/example_dags/example_dynamic_task_mapping.py took 0.199 seconds
[2025-04-22T11:08:32.176-0300] {processor.py:186} INFO - Started process (PID=49770) to work on /home/jonathan-brito/python-projects/airflow/venv/lib/python3.12/site-packages/airflow/example_dags/example_dynamic_task_mapping.py
[2025-04-22T11:08:32.183-0300] {processor.py:914} INFO - Processing file /home/jonathan-brito/python-projects/airflow/venv/lib/python3.12/site-packages/airflow/example_dags/example_dynamic_task_mapping.py for tasks to queue
[2025-04-22T11:08:32.185-0300] {logging_mixin.py:190} INFO - [2025-04-22T11:08:32.185-0300] {dagbag.py:588} INFO - Filling up the DagBag from /home/jonathan-brito/python-projects/airflow/venv/lib/python3.12/site-packages/airflow/example_dags/example_dynamic_task_mapping.py
[2025-04-22T11:08:32.194-0300] {processor.py:925} INFO - DAG(s) 'example_dynamic_task_mapping' retrieved from /home/jonathan-brito/python-projects/airflow/venv/lib/python3.12/site-packages/airflow/example_dags/example_dynamic_task_mapping.py
[2025-04-22T11:08:32.212-0300] {logging_mixin.py:190} INFO - [2025-04-22T11:08:32.212-0300] {dag.py:3239} INFO - Sync 1 DAGs
[2025-04-22T11:08:32.225-0300] {logging_mixin.py:190} INFO - [2025-04-22T11:08:32.225-0300] {dag.py:4180} INFO - Setting next_dagrun for example_dynamic_task_mapping to None, run_after=None
[2025-04-22T11:08:32.250-0300] {processor.py:208} INFO - Processing /home/jonathan-brito/python-projects/airflow/venv/lib/python3.12/site-packages/airflow/example_dags/example_dynamic_task_mapping.py took 0.081 seconds
[2025-04-22T11:09:32.266-0300] {processor.py:186} INFO - Started process (PID=50137) to work on /home/jonathan-brito/python-projects/airflow/venv/lib/python3.12/site-packages/airflow/example_dags/example_dynamic_task_mapping.py
[2025-04-22T11:09:32.273-0300] {processor.py:914} INFO - Processing file /home/jonathan-brito/python-projects/airflow/venv/lib/python3.12/site-packages/airflow/example_dags/example_dynamic_task_mapping.py for tasks to queue
[2025-04-22T11:09:32.277-0300] {logging_mixin.py:190} INFO - [2025-04-22T11:09:32.276-0300] {dagbag.py:588} INFO - Filling up the DagBag from /home/jonathan-brito/python-projects/airflow/venv/lib/python3.12/site-packages/airflow/example_dags/example_dynamic_task_mapping.py
[2025-04-22T11:09:32.295-0300] {processor.py:925} INFO - DAG(s) 'example_dynamic_task_mapping' retrieved from /home/jonathan-brito/python-projects/airflow/venv/lib/python3.12/site-packages/airflow/example_dags/example_dynamic_task_mapping.py
[2025-04-22T11:09:32.313-0300] {logging_mixin.py:190} INFO - [2025-04-22T11:09:32.313-0300] {dag.py:3239} INFO - Sync 1 DAGs
[2025-04-22T11:09:32.326-0300] {logging_mixin.py:190} INFO - [2025-04-22T11:09:32.326-0300] {dag.py:4180} INFO - Setting next_dagrun for example_dynamic_task_mapping to None, run_after=None
[2025-04-22T11:09:32.353-0300] {processor.py:208} INFO - Processing /home/jonathan-brito/python-projects/airflow/venv/lib/python3.12/site-packages/airflow/example_dags/example_dynamic_task_mapping.py took 0.093 seconds
[2025-04-22T11:10:31.727-0300] {processor.py:186} INFO - Started process (PID=50684) to work on /home/jonathan-brito/python-projects/airflow/venv/lib/python3.12/site-packages/airflow/example_dags/example_dynamic_task_mapping.py
[2025-04-22T11:10:31.728-0300] {processor.py:914} INFO - Processing file /home/jonathan-brito/python-projects/airflow/venv/lib/python3.12/site-packages/airflow/example_dags/example_dynamic_task_mapping.py for tasks to queue
[2025-04-22T11:10:31.729-0300] {logging_mixin.py:190} INFO - [2025-04-22T11:10:31.729-0300] {dagbag.py:588} INFO - Filling up the DagBag from /home/jonathan-brito/python-projects/airflow/venv/lib/python3.12/site-packages/airflow/example_dags/example_dynamic_task_mapping.py
[2025-04-22T11:10:31.739-0300] {processor.py:925} INFO - DAG(s) 'example_dynamic_task_mapping' retrieved from /home/jonathan-brito/python-projects/airflow/venv/lib/python3.12/site-packages/airflow/example_dags/example_dynamic_task_mapping.py
[2025-04-22T11:10:31.758-0300] {logging_mixin.py:190} INFO - [2025-04-22T11:10:31.758-0300] {dag.py:3239} INFO - Sync 1 DAGs
[2025-04-22T11:10:31.779-0300] {logging_mixin.py:190} INFO - [2025-04-22T11:10:31.778-0300] {dag.py:4180} INFO - Setting next_dagrun for example_dynamic_task_mapping to None, run_after=None
[2025-04-22T11:10:31.811-0300] {processor.py:208} INFO - Processing /home/jonathan-brito/python-projects/airflow/venv/lib/python3.12/site-packages/airflow/example_dags/example_dynamic_task_mapping.py took 0.094 seconds
