[2025-04-21T21:24:08.241-0300] {processor.py:186} INFO - Started process (PID=70841) to work on /home/jonathan-brito/python-projects/airflow/venv/lib/python3.12/site-packages/airflow/example_dags/example_complex.py
[2025-04-21T21:24:08.242-0300] {processor.py:914} INFO - Processing file /home/jonathan-brito/python-projects/airflow/venv/lib/python3.12/site-packages/airflow/example_dags/example_complex.py for tasks to queue
[2025-04-21T21:24:08.243-0300] {logging_mixin.py:190} INFO - [2025-04-21T21:24:08.243-0300] {dagbag.py:588} INFO - Filling up the DagBag from /home/jonathan-brito/python-projects/airflow/venv/lib/python3.12/site-packages/airflow/example_dags/example_complex.py
[2025-04-21T21:24:08.258-0300] {processor.py:925} INFO - DAG(s) 'example_complex' retrieved from /home/jonathan-brito/python-projects/airflow/venv/lib/python3.12/site-packages/airflow/example_dags/example_complex.py
[2025-04-21T21:24:08.292-0300] {logging_mixin.py:190} INFO - [2025-04-21T21:24:08.291-0300] {dag.py:3239} INFO - Sync 1 DAGs
[2025-04-21T21:24:08.306-0300] {logging_mixin.py:190} INFO - [2025-04-21T21:24:08.306-0300] {dag.py:4180} INFO - Setting next_dagrun for example_complex to None, run_after=None
[2025-04-21T21:24:08.336-0300] {processor.py:208} INFO - Processing /home/jonathan-brito/python-projects/airflow/venv/lib/python3.12/site-packages/airflow/example_dags/example_complex.py took 0.105 seconds
[2025-04-21T22:10:25.825-0300] {processor.py:186} INFO - Started process (PID=127466) to work on /home/jonathan-brito/python-projects/airflow/venv/lib/python3.12/site-packages/airflow/example_dags/example_complex.py
[2025-04-21T22:10:25.831-0300] {processor.py:914} INFO - Processing file /home/jonathan-brito/python-projects/airflow/venv/lib/python3.12/site-packages/airflow/example_dags/example_complex.py for tasks to queue
[2025-04-21T22:10:25.833-0300] {logging_mixin.py:190} INFO - [2025-04-21T22:10:25.832-0300] {dagbag.py:588} INFO - Filling up the DagBag from /home/jonathan-brito/python-projects/airflow/venv/lib/python3.12/site-packages/airflow/example_dags/example_complex.py
[2025-04-21T22:10:25.847-0300] {processor.py:925} INFO - DAG(s) 'example_complex' retrieved from /home/jonathan-brito/python-projects/airflow/venv/lib/python3.12/site-packages/airflow/example_dags/example_complex.py
[2025-04-21T22:10:25.879-0300] {logging_mixin.py:190} INFO - [2025-04-21T22:10:25.879-0300] {dag.py:3239} INFO - Sync 1 DAGs
[2025-04-21T22:10:25.894-0300] {logging_mixin.py:190} INFO - [2025-04-21T22:10:25.893-0300] {dag.py:4180} INFO - Setting next_dagrun for example_complex to None, run_after=None
[2025-04-21T22:10:25.925-0300] {processor.py:208} INFO - Processing /home/jonathan-brito/python-projects/airflow/venv/lib/python3.12/site-packages/airflow/example_dags/example_complex.py took 0.108 seconds
[2025-04-21T22:11:29.178-0300] {processor.py:186} INFO - Started process (PID=128461) to work on /home/jonathan-brito/python-projects/airflow/venv/lib/python3.12/site-packages/airflow/example_dags/example_complex.py
[2025-04-21T22:11:29.185-0300] {processor.py:914} INFO - Processing file /home/jonathan-brito/python-projects/airflow/venv/lib/python3.12/site-packages/airflow/example_dags/example_complex.py for tasks to queue
[2025-04-21T22:11:29.187-0300] {logging_mixin.py:190} INFO - [2025-04-21T22:11:29.186-0300] {dagbag.py:588} INFO - Filling up the DagBag from /home/jonathan-brito/python-projects/airflow/venv/lib/python3.12/site-packages/airflow/example_dags/example_complex.py
[2025-04-21T22:11:29.198-0300] {processor.py:925} INFO - DAG(s) 'example_complex' retrieved from /home/jonathan-brito/python-projects/airflow/venv/lib/python3.12/site-packages/airflow/example_dags/example_complex.py
[2025-04-21T22:11:29.228-0300] {logging_mixin.py:190} INFO - [2025-04-21T22:11:29.228-0300] {dag.py:3239} INFO - Sync 1 DAGs
[2025-04-21T22:11:29.241-0300] {logging_mixin.py:190} INFO - [2025-04-21T22:11:29.241-0300] {dag.py:4180} INFO - Setting next_dagrun for example_complex to None, run_after=None
[2025-04-21T22:11:29.267-0300] {processor.py:208} INFO - Processing /home/jonathan-brito/python-projects/airflow/venv/lib/python3.12/site-packages/airflow/example_dags/example_complex.py took 0.095 seconds
[2025-04-21T22:12:31.291-0300] {processor.py:186} INFO - Started process (PID=129148) to work on /home/jonathan-brito/python-projects/airflow/venv/lib/python3.12/site-packages/airflow/example_dags/example_complex.py
[2025-04-21T22:12:31.298-0300] {processor.py:914} INFO - Processing file /home/jonathan-brito/python-projects/airflow/venv/lib/python3.12/site-packages/airflow/example_dags/example_complex.py for tasks to queue
[2025-04-21T22:12:31.299-0300] {logging_mixin.py:190} INFO - [2025-04-21T22:12:31.299-0300] {dagbag.py:588} INFO - Filling up the DagBag from /home/jonathan-brito/python-projects/airflow/venv/lib/python3.12/site-packages/airflow/example_dags/example_complex.py
[2025-04-21T22:12:31.310-0300] {processor.py:925} INFO - DAG(s) 'example_complex' retrieved from /home/jonathan-brito/python-projects/airflow/venv/lib/python3.12/site-packages/airflow/example_dags/example_complex.py
[2025-04-21T22:12:31.338-0300] {logging_mixin.py:190} INFO - [2025-04-21T22:12:31.338-0300] {dag.py:3239} INFO - Sync 1 DAGs
[2025-04-21T22:12:31.350-0300] {logging_mixin.py:190} INFO - [2025-04-21T22:12:31.350-0300] {dag.py:4180} INFO - Setting next_dagrun for example_complex to None, run_after=None
[2025-04-21T22:12:31.386-0300] {processor.py:208} INFO - Processing /home/jonathan-brito/python-projects/airflow/venv/lib/python3.12/site-packages/airflow/example_dags/example_complex.py took 0.102 seconds
[2025-04-21T22:13:36.369-0300] {processor.py:186} INFO - Started process (PID=129871) to work on /home/jonathan-brito/python-projects/airflow/venv/lib/python3.12/site-packages/airflow/example_dags/example_complex.py
[2025-04-21T22:13:36.370-0300] {processor.py:914} INFO - Processing file /home/jonathan-brito/python-projects/airflow/venv/lib/python3.12/site-packages/airflow/example_dags/example_complex.py for tasks to queue
[2025-04-21T22:13:36.372-0300] {logging_mixin.py:190} INFO - [2025-04-21T22:13:36.372-0300] {dagbag.py:588} INFO - Filling up the DagBag from /home/jonathan-brito/python-projects/airflow/venv/lib/python3.12/site-packages/airflow/example_dags/example_complex.py
[2025-04-21T22:13:36.396-0300] {processor.py:925} INFO - DAG(s) 'example_complex' retrieved from /home/jonathan-brito/python-projects/airflow/venv/lib/python3.12/site-packages/airflow/example_dags/example_complex.py
[2025-04-21T22:13:36.443-0300] {logging_mixin.py:190} INFO - [2025-04-21T22:13:36.442-0300] {dag.py:3239} INFO - Sync 1 DAGs
[2025-04-21T22:13:36.456-0300] {logging_mixin.py:190} INFO - [2025-04-21T22:13:36.456-0300] {dag.py:4180} INFO - Setting next_dagrun for example_complex to None, run_after=None
[2025-04-21T22:13:36.485-0300] {processor.py:208} INFO - Processing /home/jonathan-brito/python-projects/airflow/venv/lib/python3.12/site-packages/airflow/example_dags/example_complex.py took 0.128 seconds
[2025-04-21T22:14:38.246-0300] {processor.py:186} INFO - Started process (PID=130595) to work on /home/jonathan-brito/python-projects/airflow/venv/lib/python3.12/site-packages/airflow/example_dags/example_complex.py
[2025-04-21T22:14:38.253-0300] {processor.py:914} INFO - Processing file /home/jonathan-brito/python-projects/airflow/venv/lib/python3.12/site-packages/airflow/example_dags/example_complex.py for tasks to queue
[2025-04-21T22:14:38.254-0300] {logging_mixin.py:190} INFO - [2025-04-21T22:14:38.254-0300] {dagbag.py:588} INFO - Filling up the DagBag from /home/jonathan-brito/python-projects/airflow/venv/lib/python3.12/site-packages/airflow/example_dags/example_complex.py
[2025-04-21T22:14:38.265-0300] {processor.py:925} INFO - DAG(s) 'example_complex' retrieved from /home/jonathan-brito/python-projects/airflow/venv/lib/python3.12/site-packages/airflow/example_dags/example_complex.py
[2025-04-21T22:14:38.294-0300] {logging_mixin.py:190} INFO - [2025-04-21T22:14:38.294-0300] {dag.py:3239} INFO - Sync 1 DAGs
[2025-04-21T22:14:38.307-0300] {logging_mixin.py:190} INFO - [2025-04-21T22:14:38.307-0300] {dag.py:4180} INFO - Setting next_dagrun for example_complex to None, run_after=None
[2025-04-21T22:14:38.334-0300] {processor.py:208} INFO - Processing /home/jonathan-brito/python-projects/airflow/venv/lib/python3.12/site-packages/airflow/example_dags/example_complex.py took 0.094 seconds
[2025-04-21T22:15:39.679-0300] {processor.py:186} INFO - Started process (PID=131238) to work on /home/jonathan-brito/python-projects/airflow/venv/lib/python3.12/site-packages/airflow/example_dags/example_complex.py
[2025-04-21T22:15:39.686-0300] {processor.py:914} INFO - Processing file /home/jonathan-brito/python-projects/airflow/venv/lib/python3.12/site-packages/airflow/example_dags/example_complex.py for tasks to queue
[2025-04-21T22:15:39.687-0300] {logging_mixin.py:190} INFO - [2025-04-21T22:15:39.687-0300] {dagbag.py:588} INFO - Filling up the DagBag from /home/jonathan-brito/python-projects/airflow/venv/lib/python3.12/site-packages/airflow/example_dags/example_complex.py
[2025-04-21T22:15:39.698-0300] {processor.py:925} INFO - DAG(s) 'example_complex' retrieved from /home/jonathan-brito/python-projects/airflow/venv/lib/python3.12/site-packages/airflow/example_dags/example_complex.py
[2025-04-21T22:15:39.727-0300] {logging_mixin.py:190} INFO - [2025-04-21T22:15:39.726-0300] {dag.py:3239} INFO - Sync 1 DAGs
[2025-04-21T22:15:39.741-0300] {logging_mixin.py:190} INFO - [2025-04-21T22:15:39.741-0300] {dag.py:4180} INFO - Setting next_dagrun for example_complex to None, run_after=None
[2025-04-21T22:15:39.772-0300] {processor.py:208} INFO - Processing /home/jonathan-brito/python-projects/airflow/venv/lib/python3.12/site-packages/airflow/example_dags/example_complex.py took 0.099 seconds
[2025-04-21T22:16:42.477-0300] {processor.py:186} INFO - Started process (PID=131861) to work on /home/jonathan-brito/python-projects/airflow/venv/lib/python3.12/site-packages/airflow/example_dags/example_complex.py
[2025-04-21T22:16:42.484-0300] {processor.py:914} INFO - Processing file /home/jonathan-brito/python-projects/airflow/venv/lib/python3.12/site-packages/airflow/example_dags/example_complex.py for tasks to queue
[2025-04-21T22:16:42.485-0300] {logging_mixin.py:190} INFO - [2025-04-21T22:16:42.485-0300] {dagbag.py:588} INFO - Filling up the DagBag from /home/jonathan-brito/python-projects/airflow/venv/lib/python3.12/site-packages/airflow/example_dags/example_complex.py
[2025-04-21T22:16:42.496-0300] {processor.py:925} INFO - DAG(s) 'example_complex' retrieved from /home/jonathan-brito/python-projects/airflow/venv/lib/python3.12/site-packages/airflow/example_dags/example_complex.py
[2025-04-21T22:16:42.530-0300] {logging_mixin.py:190} INFO - [2025-04-21T22:16:42.530-0300] {dag.py:3239} INFO - Sync 1 DAGs
[2025-04-21T22:16:42.543-0300] {logging_mixin.py:190} INFO - [2025-04-21T22:16:42.543-0300] {dag.py:4180} INFO - Setting next_dagrun for example_complex to None, run_after=None
[2025-04-21T22:16:42.576-0300] {processor.py:208} INFO - Processing /home/jonathan-brito/python-projects/airflow/venv/lib/python3.12/site-packages/airflow/example_dags/example_complex.py took 0.105 seconds
[2025-04-21T22:17:46.116-0300] {processor.py:186} INFO - Started process (PID=132552) to work on /home/jonathan-brito/python-projects/airflow/venv/lib/python3.12/site-packages/airflow/example_dags/example_complex.py
[2025-04-21T22:17:46.124-0300] {processor.py:914} INFO - Processing file /home/jonathan-brito/python-projects/airflow/venv/lib/python3.12/site-packages/airflow/example_dags/example_complex.py for tasks to queue
[2025-04-21T22:17:46.126-0300] {logging_mixin.py:190} INFO - [2025-04-21T22:17:46.125-0300] {dagbag.py:588} INFO - Filling up the DagBag from /home/jonathan-brito/python-projects/airflow/venv/lib/python3.12/site-packages/airflow/example_dags/example_complex.py
[2025-04-21T22:17:46.144-0300] {processor.py:925} INFO - DAG(s) 'example_complex' retrieved from /home/jonathan-brito/python-projects/airflow/venv/lib/python3.12/site-packages/airflow/example_dags/example_complex.py
[2025-04-21T22:17:46.178-0300] {logging_mixin.py:190} INFO - [2025-04-21T22:17:46.178-0300] {dag.py:3239} INFO - Sync 1 DAGs
[2025-04-21T22:17:46.191-0300] {logging_mixin.py:190} INFO - [2025-04-21T22:17:46.191-0300] {dag.py:4180} INFO - Setting next_dagrun for example_complex to None, run_after=None
[2025-04-21T22:17:46.223-0300] {processor.py:208} INFO - Processing /home/jonathan-brito/python-projects/airflow/venv/lib/python3.12/site-packages/airflow/example_dags/example_complex.py took 0.121 seconds
[2025-04-21T22:18:48.610-0300] {processor.py:186} INFO - Started process (PID=133170) to work on /home/jonathan-brito/python-projects/airflow/venv/lib/python3.12/site-packages/airflow/example_dags/example_complex.py
[2025-04-21T22:18:48.617-0300] {processor.py:914} INFO - Processing file /home/jonathan-brito/python-projects/airflow/venv/lib/python3.12/site-packages/airflow/example_dags/example_complex.py for tasks to queue
[2025-04-21T22:18:48.618-0300] {logging_mixin.py:190} INFO - [2025-04-21T22:18:48.618-0300] {dagbag.py:588} INFO - Filling up the DagBag from /home/jonathan-brito/python-projects/airflow/venv/lib/python3.12/site-packages/airflow/example_dags/example_complex.py
[2025-04-21T22:18:48.630-0300] {processor.py:925} INFO - DAG(s) 'example_complex' retrieved from /home/jonathan-brito/python-projects/airflow/venv/lib/python3.12/site-packages/airflow/example_dags/example_complex.py
[2025-04-21T22:18:48.659-0300] {logging_mixin.py:190} INFO - [2025-04-21T22:18:48.659-0300] {dag.py:3239} INFO - Sync 1 DAGs
[2025-04-21T22:18:48.672-0300] {logging_mixin.py:190} INFO - [2025-04-21T22:18:48.672-0300] {dag.py:4180} INFO - Setting next_dagrun for example_complex to None, run_after=None
[2025-04-21T22:18:48.700-0300] {processor.py:208} INFO - Processing /home/jonathan-brito/python-projects/airflow/venv/lib/python3.12/site-packages/airflow/example_dags/example_complex.py took 0.095 seconds
[2025-04-21T22:19:50.936-0300] {processor.py:186} INFO - Started process (PID=133905) to work on /home/jonathan-brito/python-projects/airflow/venv/lib/python3.12/site-packages/airflow/example_dags/example_complex.py
[2025-04-21T22:19:50.943-0300] {processor.py:914} INFO - Processing file /home/jonathan-brito/python-projects/airflow/venv/lib/python3.12/site-packages/airflow/example_dags/example_complex.py for tasks to queue
[2025-04-21T22:19:50.944-0300] {logging_mixin.py:190} INFO - [2025-04-21T22:19:50.944-0300] {dagbag.py:588} INFO - Filling up the DagBag from /home/jonathan-brito/python-projects/airflow/venv/lib/python3.12/site-packages/airflow/example_dags/example_complex.py
[2025-04-21T22:19:50.955-0300] {processor.py:925} INFO - DAG(s) 'example_complex' retrieved from /home/jonathan-brito/python-projects/airflow/venv/lib/python3.12/site-packages/airflow/example_dags/example_complex.py
[2025-04-21T22:19:50.985-0300] {logging_mixin.py:190} INFO - [2025-04-21T22:19:50.985-0300] {dag.py:3239} INFO - Sync 1 DAGs
[2025-04-21T22:19:50.999-0300] {logging_mixin.py:190} INFO - [2025-04-21T22:19:50.998-0300] {dag.py:4180} INFO - Setting next_dagrun for example_complex to None, run_after=None
[2025-04-21T22:19:51.028-0300] {processor.py:208} INFO - Processing /home/jonathan-brito/python-projects/airflow/venv/lib/python3.12/site-packages/airflow/example_dags/example_complex.py took 0.098 seconds
[2025-04-21T22:20:54.439-0300] {processor.py:186} INFO - Started process (PID=134543) to work on /home/jonathan-brito/python-projects/airflow/venv/lib/python3.12/site-packages/airflow/example_dags/example_complex.py
[2025-04-21T22:20:54.446-0300] {processor.py:914} INFO - Processing file /home/jonathan-brito/python-projects/airflow/venv/lib/python3.12/site-packages/airflow/example_dags/example_complex.py for tasks to queue
[2025-04-21T22:20:54.447-0300] {logging_mixin.py:190} INFO - [2025-04-21T22:20:54.447-0300] {dagbag.py:588} INFO - Filling up the DagBag from /home/jonathan-brito/python-projects/airflow/venv/lib/python3.12/site-packages/airflow/example_dags/example_complex.py
[2025-04-21T22:20:54.458-0300] {processor.py:925} INFO - DAG(s) 'example_complex' retrieved from /home/jonathan-brito/python-projects/airflow/venv/lib/python3.12/site-packages/airflow/example_dags/example_complex.py
[2025-04-21T22:20:54.487-0300] {logging_mixin.py:190} INFO - [2025-04-21T22:20:54.487-0300] {dag.py:3239} INFO - Sync 1 DAGs
[2025-04-21T22:20:54.499-0300] {logging_mixin.py:190} INFO - [2025-04-21T22:20:54.499-0300] {dag.py:4180} INFO - Setting next_dagrun for example_complex to None, run_after=None
[2025-04-21T22:20:54.532-0300] {processor.py:208} INFO - Processing /home/jonathan-brito/python-projects/airflow/venv/lib/python3.12/site-packages/airflow/example_dags/example_complex.py took 0.098 seconds
[2025-04-22T10:24:55.018-0300] {processor.py:186} INFO - Started process (PID=11486) to work on /home/jonathan-brito/python-projects/airflow/venv/lib/python3.12/site-packages/airflow/example_dags/example_complex.py
[2025-04-22T10:24:55.027-0300] {processor.py:914} INFO - Processing file /home/jonathan-brito/python-projects/airflow/venv/lib/python3.12/site-packages/airflow/example_dags/example_complex.py for tasks to queue
[2025-04-22T10:24:55.033-0300] {logging_mixin.py:190} INFO - [2025-04-22T10:24:55.032-0300] {dagbag.py:588} INFO - Filling up the DagBag from /home/jonathan-brito/python-projects/airflow/venv/lib/python3.12/site-packages/airflow/example_dags/example_complex.py
[2025-04-22T10:24:55.066-0300] {processor.py:925} INFO - DAG(s) 'example_complex' retrieved from /home/jonathan-brito/python-projects/airflow/venv/lib/python3.12/site-packages/airflow/example_dags/example_complex.py
[2025-04-22T10:24:55.109-0300] {logging_mixin.py:190} INFO - [2025-04-22T10:24:55.109-0300] {dag.py:3239} INFO - Sync 1 DAGs
[2025-04-22T10:24:55.125-0300] {logging_mixin.py:190} INFO - [2025-04-22T10:24:55.125-0300] {dag.py:4180} INFO - Setting next_dagrun for example_complex to None, run_after=None
[2025-04-22T10:24:55.157-0300] {processor.py:208} INFO - Processing /home/jonathan-brito/python-projects/airflow/venv/lib/python3.12/site-packages/airflow/example_dags/example_complex.py took 0.162 seconds
[2025-04-22T10:26:37.745-0300] {processor.py:186} INFO - Started process (PID=12909) to work on /home/jonathan-brito/python-projects/airflow/venv/lib/python3.12/site-packages/airflow/example_dags/example_complex.py
[2025-04-22T10:26:37.752-0300] {processor.py:914} INFO - Processing file /home/jonathan-brito/python-projects/airflow/venv/lib/python3.12/site-packages/airflow/example_dags/example_complex.py for tasks to queue
[2025-04-22T10:26:37.755-0300] {logging_mixin.py:190} INFO - [2025-04-22T10:26:37.754-0300] {dagbag.py:588} INFO - Filling up the DagBag from /home/jonathan-brito/python-projects/airflow/venv/lib/python3.12/site-packages/airflow/example_dags/example_complex.py
[2025-04-22T10:26:37.774-0300] {processor.py:925} INFO - DAG(s) 'example_complex' retrieved from /home/jonathan-brito/python-projects/airflow/venv/lib/python3.12/site-packages/airflow/example_dags/example_complex.py
[2025-04-22T10:26:37.807-0300] {logging_mixin.py:190} INFO - [2025-04-22T10:26:37.807-0300] {dag.py:3239} INFO - Sync 1 DAGs
[2025-04-22T10:26:37.822-0300] {logging_mixin.py:190} INFO - [2025-04-22T10:26:37.822-0300] {dag.py:4180} INFO - Setting next_dagrun for example_complex to None, run_after=None
[2025-04-22T10:26:37.855-0300] {processor.py:208} INFO - Processing /home/jonathan-brito/python-projects/airflow/venv/lib/python3.12/site-packages/airflow/example_dags/example_complex.py took 0.119 seconds
[2025-04-22T10:29:27.536-0300] {processor.py:186} INFO - Started process (PID=15694) to work on /home/jonathan-brito/python-projects/airflow/venv/lib/python3.12/site-packages/airflow/example_dags/example_complex.py
[2025-04-22T10:29:27.544-0300] {processor.py:914} INFO - Processing file /home/jonathan-brito/python-projects/airflow/venv/lib/python3.12/site-packages/airflow/example_dags/example_complex.py for tasks to queue
[2025-04-22T10:29:27.547-0300] {logging_mixin.py:190} INFO - [2025-04-22T10:29:27.546-0300] {dagbag.py:588} INFO - Filling up the DagBag from /home/jonathan-brito/python-projects/airflow/venv/lib/python3.12/site-packages/airflow/example_dags/example_complex.py
[2025-04-22T10:29:27.574-0300] {processor.py:925} INFO - DAG(s) 'example_complex' retrieved from /home/jonathan-brito/python-projects/airflow/venv/lib/python3.12/site-packages/airflow/example_dags/example_complex.py
[2025-04-22T10:29:27.625-0300] {logging_mixin.py:190} INFO - [2025-04-22T10:29:27.624-0300] {dag.py:3239} INFO - Sync 1 DAGs
[2025-04-22T10:29:27.647-0300] {logging_mixin.py:190} INFO - [2025-04-22T10:29:27.647-0300] {dag.py:4180} INFO - Setting next_dagrun for example_complex to None, run_after=None
[2025-04-22T10:29:27.688-0300] {processor.py:208} INFO - Processing /home/jonathan-brito/python-projects/airflow/venv/lib/python3.12/site-packages/airflow/example_dags/example_complex.py took 0.162 seconds
[2025-04-22T11:08:36.677-0300] {processor.py:186} INFO - Started process (PID=49790) to work on /home/jonathan-brito/python-projects/airflow/venv/lib/python3.12/site-packages/airflow/example_dags/example_complex.py
[2025-04-22T11:08:36.678-0300] {processor.py:914} INFO - Processing file /home/jonathan-brito/python-projects/airflow/venv/lib/python3.12/site-packages/airflow/example_dags/example_complex.py for tasks to queue
[2025-04-22T11:08:36.679-0300] {logging_mixin.py:190} INFO - [2025-04-22T11:08:36.679-0300] {dagbag.py:588} INFO - Filling up the DagBag from /home/jonathan-brito/python-projects/airflow/venv/lib/python3.12/site-packages/airflow/example_dags/example_complex.py
[2025-04-22T11:08:36.692-0300] {processor.py:925} INFO - DAG(s) 'example_complex' retrieved from /home/jonathan-brito/python-projects/airflow/venv/lib/python3.12/site-packages/airflow/example_dags/example_complex.py
[2025-04-22T11:08:36.722-0300] {logging_mixin.py:190} INFO - [2025-04-22T11:08:36.722-0300] {dag.py:3239} INFO - Sync 1 DAGs
[2025-04-22T11:08:36.735-0300] {logging_mixin.py:190} INFO - [2025-04-22T11:08:36.734-0300] {dag.py:4180} INFO - Setting next_dagrun for example_complex to None, run_after=None
[2025-04-22T11:08:36.764-0300] {processor.py:208} INFO - Processing /home/jonathan-brito/python-projects/airflow/venv/lib/python3.12/site-packages/airflow/example_dags/example_complex.py took 0.094 seconds
[2025-04-22T11:09:36.257-0300] {processor.py:186} INFO - Started process (PID=50167) to work on /home/jonathan-brito/python-projects/airflow/venv/lib/python3.12/site-packages/airflow/example_dags/example_complex.py
[2025-04-22T11:09:36.264-0300] {processor.py:914} INFO - Processing file /home/jonathan-brito/python-projects/airflow/venv/lib/python3.12/site-packages/airflow/example_dags/example_complex.py for tasks to queue
[2025-04-22T11:09:36.266-0300] {logging_mixin.py:190} INFO - [2025-04-22T11:09:36.265-0300] {dagbag.py:588} INFO - Filling up the DagBag from /home/jonathan-brito/python-projects/airflow/venv/lib/python3.12/site-packages/airflow/example_dags/example_complex.py
[2025-04-22T11:09:36.284-0300] {processor.py:925} INFO - DAG(s) 'example_complex' retrieved from /home/jonathan-brito/python-projects/airflow/venv/lib/python3.12/site-packages/airflow/example_dags/example_complex.py
[2025-04-22T11:09:36.335-0300] {logging_mixin.py:190} INFO - [2025-04-22T11:09:36.335-0300] {dag.py:3239} INFO - Sync 1 DAGs
[2025-04-22T11:09:36.356-0300] {logging_mixin.py:190} INFO - [2025-04-22T11:09:36.356-0300] {dag.py:4180} INFO - Setting next_dagrun for example_complex to None, run_after=None
[2025-04-22T11:09:36.389-0300] {processor.py:208} INFO - Processing /home/jonathan-brito/python-projects/airflow/venv/lib/python3.12/site-packages/airflow/example_dags/example_complex.py took 0.139 seconds
[2025-04-22T11:10:36.499-0300] {processor.py:186} INFO - Started process (PID=50707) to work on /home/jonathan-brito/python-projects/airflow/venv/lib/python3.12/site-packages/airflow/example_dags/example_complex.py
[2025-04-22T11:10:36.500-0300] {processor.py:914} INFO - Processing file /home/jonathan-brito/python-projects/airflow/venv/lib/python3.12/site-packages/airflow/example_dags/example_complex.py for tasks to queue
[2025-04-22T11:10:36.502-0300] {logging_mixin.py:190} INFO - [2025-04-22T11:10:36.501-0300] {dagbag.py:588} INFO - Filling up the DagBag from /home/jonathan-brito/python-projects/airflow/venv/lib/python3.12/site-packages/airflow/example_dags/example_complex.py
[2025-04-22T11:10:36.513-0300] {processor.py:925} INFO - DAG(s) 'example_complex' retrieved from /home/jonathan-brito/python-projects/airflow/venv/lib/python3.12/site-packages/airflow/example_dags/example_complex.py
[2025-04-22T11:10:36.544-0300] {logging_mixin.py:190} INFO - [2025-04-22T11:10:36.544-0300] {dag.py:3239} INFO - Sync 1 DAGs
[2025-04-22T11:10:36.558-0300] {logging_mixin.py:190} INFO - [2025-04-22T11:10:36.558-0300] {dag.py:4180} INFO - Setting next_dagrun for example_complex to None, run_after=None
[2025-04-22T11:10:36.587-0300] {processor.py:208} INFO - Processing /home/jonathan-brito/python-projects/airflow/venv/lib/python3.12/site-packages/airflow/example_dags/example_complex.py took 0.095 seconds
