[2025-04-21T21:23:51.076-0300] {processor.py:186} INFO - Started process (PID=70684) to work on /home/jonathan-brito/python-projects/airflow/venv/lib/python3.12/site-packages/airflow/example_dags/example_latest_only_with_trigger.py
[2025-04-21T21:23:51.077-0300] {processor.py:914} INFO - Processing file /home/jonathan-brito/python-projects/airflow/venv/lib/python3.12/site-packages/airflow/example_dags/example_latest_only_with_trigger.py for tasks to queue
[2025-04-21T21:23:51.079-0300] {logging_mixin.py:190} INFO - [2025-04-21T21:23:51.079-0300] {dagbag.py:588} INFO - Filling up the DagBag from /home/jonathan-brito/python-projects/airflow/venv/lib/python3.12/site-packages/airflow/example_dags/example_latest_only_with_trigger.py
[2025-04-21T21:23:51.088-0300] {processor.py:925} INFO - DAG(s) 'latest_only_with_trigger' retrieved from /home/jonathan-brito/python-projects/airflow/venv/lib/python3.12/site-packages/airflow/example_dags/example_latest_only_with_trigger.py
[2025-04-21T21:23:51.106-0300] {logging_mixin.py:190} INFO - [2025-04-21T21:23:51.106-0300] {dag.py:3239} INFO - Sync 1 DAGs
[2025-04-21T21:23:51.127-0300] {logging_mixin.py:190} INFO - [2025-04-21T21:23:51.127-0300] {dag.py:4180} INFO - Setting next_dagrun for latest_only_with_trigger to 2025-04-21 20:00:00+00:00, run_after=2025-04-22 00:00:00+00:00
[2025-04-21T21:23:51.159-0300] {processor.py:208} INFO - Processing /home/jonathan-brito/python-projects/airflow/venv/lib/python3.12/site-packages/airflow/example_dags/example_latest_only_with_trigger.py took 0.088 seconds
[2025-04-21T22:10:08.638-0300] {processor.py:186} INFO - Started process (PID=127242) to work on /home/jonathan-brito/python-projects/airflow/venv/lib/python3.12/site-packages/airflow/example_dags/example_latest_only_with_trigger.py
[2025-04-21T22:10:08.645-0300] {processor.py:914} INFO - Processing file /home/jonathan-brito/python-projects/airflow/venv/lib/python3.12/site-packages/airflow/example_dags/example_latest_only_with_trigger.py for tasks to queue
[2025-04-21T22:10:08.647-0300] {logging_mixin.py:190} INFO - [2025-04-21T22:10:08.646-0300] {dagbag.py:588} INFO - Filling up the DagBag from /home/jonathan-brito/python-projects/airflow/venv/lib/python3.12/site-packages/airflow/example_dags/example_latest_only_with_trigger.py
[2025-04-21T22:10:08.657-0300] {processor.py:925} INFO - DAG(s) 'latest_only_with_trigger' retrieved from /home/jonathan-brito/python-projects/airflow/venv/lib/python3.12/site-packages/airflow/example_dags/example_latest_only_with_trigger.py
[2025-04-21T22:10:08.679-0300] {logging_mixin.py:190} INFO - [2025-04-21T22:10:08.679-0300] {dag.py:3239} INFO - Sync 1 DAGs
[2025-04-21T22:10:08.700-0300] {logging_mixin.py:190} INFO - [2025-04-21T22:10:08.700-0300] {dag.py:4180} INFO - Setting next_dagrun for latest_only_with_trigger to 2025-04-21 20:00:00+00:00, run_after=2025-04-22 00:00:00+00:00
[2025-04-21T22:10:08.764-0300] {processor.py:208} INFO - Processing /home/jonathan-brito/python-projects/airflow/venv/lib/python3.12/site-packages/airflow/example_dags/example_latest_only_with_trigger.py took 0.136 seconds
[2025-04-21T22:11:14.025-0300] {processor.py:186} INFO - Started process (PID=128245) to work on /home/jonathan-brito/python-projects/airflow/venv/lib/python3.12/site-packages/airflow/example_dags/example_latest_only_with_trigger.py
[2025-04-21T22:11:14.032-0300] {processor.py:914} INFO - Processing file /home/jonathan-brito/python-projects/airflow/venv/lib/python3.12/site-packages/airflow/example_dags/example_latest_only_with_trigger.py for tasks to queue
[2025-04-21T22:11:14.033-0300] {logging_mixin.py:190} INFO - [2025-04-21T22:11:14.033-0300] {dagbag.py:588} INFO - Filling up the DagBag from /home/jonathan-brito/python-projects/airflow/venv/lib/python3.12/site-packages/airflow/example_dags/example_latest_only_with_trigger.py
[2025-04-21T22:11:14.040-0300] {processor.py:925} INFO - DAG(s) 'latest_only_with_trigger' retrieved from /home/jonathan-brito/python-projects/airflow/venv/lib/python3.12/site-packages/airflow/example_dags/example_latest_only_with_trigger.py
[2025-04-21T22:11:14.056-0300] {logging_mixin.py:190} INFO - [2025-04-21T22:11:14.056-0300] {dag.py:3239} INFO - Sync 1 DAGs
[2025-04-21T22:11:14.074-0300] {logging_mixin.py:190} INFO - [2025-04-21T22:11:14.074-0300] {dag.py:4180} INFO - Setting next_dagrun for latest_only_with_trigger to 2025-04-21 20:00:00+00:00, run_after=2025-04-22 00:00:00+00:00
[2025-04-21T22:11:14.101-0300] {processor.py:208} INFO - Processing /home/jonathan-brito/python-projects/airflow/venv/lib/python3.12/site-packages/airflow/example_dags/example_latest_only_with_trigger.py took 0.082 seconds
[2025-04-21T22:12:15.903-0300] {processor.py:186} INFO - Started process (PID=128944) to work on /home/jonathan-brito/python-projects/airflow/venv/lib/python3.12/site-packages/airflow/example_dags/example_latest_only_with_trigger.py
[2025-04-21T22:12:15.910-0300] {processor.py:914} INFO - Processing file /home/jonathan-brito/python-projects/airflow/venv/lib/python3.12/site-packages/airflow/example_dags/example_latest_only_with_trigger.py for tasks to queue
[2025-04-21T22:12:15.911-0300] {logging_mixin.py:190} INFO - [2025-04-21T22:12:15.911-0300] {dagbag.py:588} INFO - Filling up the DagBag from /home/jonathan-brito/python-projects/airflow/venv/lib/python3.12/site-packages/airflow/example_dags/example_latest_only_with_trigger.py
[2025-04-21T22:12:15.918-0300] {processor.py:925} INFO - DAG(s) 'latest_only_with_trigger' retrieved from /home/jonathan-brito/python-projects/airflow/venv/lib/python3.12/site-packages/airflow/example_dags/example_latest_only_with_trigger.py
[2025-04-21T22:12:15.934-0300] {logging_mixin.py:190} INFO - [2025-04-21T22:12:15.934-0300] {dag.py:3239} INFO - Sync 1 DAGs
[2025-04-21T22:12:15.952-0300] {logging_mixin.py:190} INFO - [2025-04-21T22:12:15.952-0300] {dag.py:4180} INFO - Setting next_dagrun for latest_only_with_trigger to 2025-04-21 20:00:00+00:00, run_after=2025-04-22 00:00:00+00:00
[2025-04-21T22:12:15.979-0300] {processor.py:208} INFO - Processing /home/jonathan-brito/python-projects/airflow/venv/lib/python3.12/site-packages/airflow/example_dags/example_latest_only_with_trigger.py took 0.082 seconds
[2025-04-21T22:13:21.169-0300] {processor.py:186} INFO - Started process (PID=129637) to work on /home/jonathan-brito/python-projects/airflow/venv/lib/python3.12/site-packages/airflow/example_dags/example_latest_only_with_trigger.py
[2025-04-21T22:13:21.176-0300] {processor.py:914} INFO - Processing file /home/jonathan-brito/python-projects/airflow/venv/lib/python3.12/site-packages/airflow/example_dags/example_latest_only_with_trigger.py for tasks to queue
[2025-04-21T22:13:21.178-0300] {logging_mixin.py:190} INFO - [2025-04-21T22:13:21.178-0300] {dagbag.py:588} INFO - Filling up the DagBag from /home/jonathan-brito/python-projects/airflow/venv/lib/python3.12/site-packages/airflow/example_dags/example_latest_only_with_trigger.py
[2025-04-21T22:13:21.189-0300] {processor.py:925} INFO - DAG(s) 'latest_only_with_trigger' retrieved from /home/jonathan-brito/python-projects/airflow/venv/lib/python3.12/site-packages/airflow/example_dags/example_latest_only_with_trigger.py
[2025-04-21T22:13:21.218-0300] {logging_mixin.py:190} INFO - [2025-04-21T22:13:21.217-0300] {dag.py:3239} INFO - Sync 1 DAGs
[2025-04-21T22:13:21.247-0300] {logging_mixin.py:190} INFO - [2025-04-21T22:13:21.247-0300] {dag.py:4180} INFO - Setting next_dagrun for latest_only_with_trigger to 2025-04-21 20:00:00+00:00, run_after=2025-04-22 00:00:00+00:00
[2025-04-21T22:13:21.277-0300] {processor.py:208} INFO - Processing /home/jonathan-brito/python-projects/airflow/venv/lib/python3.12/site-packages/airflow/example_dags/example_latest_only_with_trigger.py took 0.114 seconds
[2025-04-21T22:14:22.531-0300] {processor.py:186} INFO - Started process (PID=130342) to work on /home/jonathan-brito/python-projects/airflow/venv/lib/python3.12/site-packages/airflow/example_dags/example_latest_only_with_trigger.py
[2025-04-21T22:14:22.538-0300] {processor.py:914} INFO - Processing file /home/jonathan-brito/python-projects/airflow/venv/lib/python3.12/site-packages/airflow/example_dags/example_latest_only_with_trigger.py for tasks to queue
[2025-04-21T22:14:22.540-0300] {logging_mixin.py:190} INFO - [2025-04-21T22:14:22.539-0300] {dagbag.py:588} INFO - Filling up the DagBag from /home/jonathan-brito/python-projects/airflow/venv/lib/python3.12/site-packages/airflow/example_dags/example_latest_only_with_trigger.py
[2025-04-21T22:14:22.547-0300] {processor.py:925} INFO - DAG(s) 'latest_only_with_trigger' retrieved from /home/jonathan-brito/python-projects/airflow/venv/lib/python3.12/site-packages/airflow/example_dags/example_latest_only_with_trigger.py
[2025-04-21T22:14:22.564-0300] {logging_mixin.py:190} INFO - [2025-04-21T22:14:22.564-0300] {dag.py:3239} INFO - Sync 1 DAGs
[2025-04-21T22:14:22.583-0300] {logging_mixin.py:190} INFO - [2025-04-21T22:14:22.582-0300] {dag.py:4180} INFO - Setting next_dagrun for latest_only_with_trigger to 2025-04-21 20:00:00+00:00, run_after=2025-04-22 00:00:00+00:00
[2025-04-21T22:14:22.607-0300] {processor.py:208} INFO - Processing /home/jonathan-brito/python-projects/airflow/venv/lib/python3.12/site-packages/airflow/example_dags/example_latest_only_with_trigger.py took 0.084 seconds
[2025-04-21T22:15:24.177-0300] {processor.py:186} INFO - Started process (PID=131020) to work on /home/jonathan-brito/python-projects/airflow/venv/lib/python3.12/site-packages/airflow/example_dags/example_latest_only_with_trigger.py
[2025-04-21T22:15:24.184-0300] {processor.py:914} INFO - Processing file /home/jonathan-brito/python-projects/airflow/venv/lib/python3.12/site-packages/airflow/example_dags/example_latest_only_with_trigger.py for tasks to queue
[2025-04-21T22:15:24.186-0300] {logging_mixin.py:190} INFO - [2025-04-21T22:15:24.185-0300] {dagbag.py:588} INFO - Filling up the DagBag from /home/jonathan-brito/python-projects/airflow/venv/lib/python3.12/site-packages/airflow/example_dags/example_latest_only_with_trigger.py
[2025-04-21T22:15:24.193-0300] {processor.py:925} INFO - DAG(s) 'latest_only_with_trigger' retrieved from /home/jonathan-brito/python-projects/airflow/venv/lib/python3.12/site-packages/airflow/example_dags/example_latest_only_with_trigger.py
[2025-04-21T22:15:24.211-0300] {logging_mixin.py:190} INFO - [2025-04-21T22:15:24.211-0300] {dag.py:3239} INFO - Sync 1 DAGs
[2025-04-21T22:15:24.230-0300] {logging_mixin.py:190} INFO - [2025-04-21T22:15:24.230-0300] {dag.py:4180} INFO - Setting next_dagrun for latest_only_with_trigger to 2025-04-21 20:00:00+00:00, run_after=2025-04-22 00:00:00+00:00
[2025-04-21T22:15:24.259-0300] {processor.py:208} INFO - Processing /home/jonathan-brito/python-projects/airflow/venv/lib/python3.12/site-packages/airflow/example_dags/example_latest_only_with_trigger.py took 0.089 seconds
[2025-04-21T22:16:26.452-0300] {processor.py:186} INFO - Started process (PID=131668) to work on /home/jonathan-brito/python-projects/airflow/venv/lib/python3.12/site-packages/airflow/example_dags/example_latest_only_with_trigger.py
[2025-04-21T22:16:26.459-0300] {processor.py:914} INFO - Processing file /home/jonathan-brito/python-projects/airflow/venv/lib/python3.12/site-packages/airflow/example_dags/example_latest_only_with_trigger.py for tasks to queue
[2025-04-21T22:16:26.464-0300] {logging_mixin.py:190} INFO - [2025-04-21T22:16:26.463-0300] {dagbag.py:588} INFO - Filling up the DagBag from /home/jonathan-brito/python-projects/airflow/venv/lib/python3.12/site-packages/airflow/example_dags/example_latest_only_with_trigger.py
[2025-04-21T22:16:26.483-0300] {processor.py:925} INFO - DAG(s) 'latest_only_with_trigger' retrieved from /home/jonathan-brito/python-projects/airflow/venv/lib/python3.12/site-packages/airflow/example_dags/example_latest_only_with_trigger.py
[2025-04-21T22:16:26.505-0300] {logging_mixin.py:190} INFO - [2025-04-21T22:16:26.504-0300] {dag.py:3239} INFO - Sync 1 DAGs
[2025-04-21T22:16:26.524-0300] {logging_mixin.py:190} INFO - [2025-04-21T22:16:26.524-0300] {dag.py:4180} INFO - Setting next_dagrun for latest_only_with_trigger to 2025-04-21 20:00:00+00:00, run_after=2025-04-22 00:00:00+00:00
[2025-04-21T22:16:26.556-0300] {processor.py:208} INFO - Processing /home/jonathan-brito/python-projects/airflow/venv/lib/python3.12/site-packages/airflow/example_dags/example_latest_only_with_trigger.py took 0.111 seconds
[2025-04-21T22:17:29.726-0300] {processor.py:186} INFO - Started process (PID=132393) to work on /home/jonathan-brito/python-projects/airflow/venv/lib/python3.12/site-packages/airflow/example_dags/example_latest_only_with_trigger.py
[2025-04-21T22:17:29.733-0300] {processor.py:914} INFO - Processing file /home/jonathan-brito/python-projects/airflow/venv/lib/python3.12/site-packages/airflow/example_dags/example_latest_only_with_trigger.py for tasks to queue
[2025-04-21T22:17:29.734-0300] {logging_mixin.py:190} INFO - [2025-04-21T22:17:29.734-0300] {dagbag.py:588} INFO - Filling up the DagBag from /home/jonathan-brito/python-projects/airflow/venv/lib/python3.12/site-packages/airflow/example_dags/example_latest_only_with_trigger.py
[2025-04-21T22:17:29.741-0300] {processor.py:925} INFO - DAG(s) 'latest_only_with_trigger' retrieved from /home/jonathan-brito/python-projects/airflow/venv/lib/python3.12/site-packages/airflow/example_dags/example_latest_only_with_trigger.py
[2025-04-21T22:17:29.760-0300] {logging_mixin.py:190} INFO - [2025-04-21T22:17:29.760-0300] {dag.py:3239} INFO - Sync 1 DAGs
[2025-04-21T22:17:29.780-0300] {logging_mixin.py:190} INFO - [2025-04-21T22:17:29.779-0300] {dag.py:4180} INFO - Setting next_dagrun for latest_only_with_trigger to 2025-04-21 20:00:00+00:00, run_after=2025-04-22 00:00:00+00:00
[2025-04-21T22:17:29.814-0300] {processor.py:208} INFO - Processing /home/jonathan-brito/python-projects/airflow/venv/lib/python3.12/site-packages/airflow/example_dags/example_latest_only_with_trigger.py took 0.094 seconds
[2025-04-21T22:18:32.292-0300] {processor.py:186} INFO - Started process (PID=133037) to work on /home/jonathan-brito/python-projects/airflow/venv/lib/python3.12/site-packages/airflow/example_dags/example_latest_only_with_trigger.py
[2025-04-21T22:18:32.299-0300] {processor.py:914} INFO - Processing file /home/jonathan-brito/python-projects/airflow/venv/lib/python3.12/site-packages/airflow/example_dags/example_latest_only_with_trigger.py for tasks to queue
[2025-04-21T22:18:32.300-0300] {logging_mixin.py:190} INFO - [2025-04-21T22:18:32.300-0300] {dagbag.py:588} INFO - Filling up the DagBag from /home/jonathan-brito/python-projects/airflow/venv/lib/python3.12/site-packages/airflow/example_dags/example_latest_only_with_trigger.py
[2025-04-21T22:18:32.307-0300] {processor.py:925} INFO - DAG(s) 'latest_only_with_trigger' retrieved from /home/jonathan-brito/python-projects/airflow/venv/lib/python3.12/site-packages/airflow/example_dags/example_latest_only_with_trigger.py
[2025-04-21T22:18:32.324-0300] {logging_mixin.py:190} INFO - [2025-04-21T22:18:32.323-0300] {dag.py:3239} INFO - Sync 1 DAGs
[2025-04-21T22:18:32.342-0300] {logging_mixin.py:190} INFO - [2025-04-21T22:18:32.341-0300] {dag.py:4180} INFO - Setting next_dagrun for latest_only_with_trigger to 2025-04-21 20:00:00+00:00, run_after=2025-04-22 00:00:00+00:00
[2025-04-21T22:18:32.371-0300] {processor.py:208} INFO - Processing /home/jonathan-brito/python-projects/airflow/venv/lib/python3.12/site-packages/airflow/example_dags/example_latest_only_with_trigger.py took 0.084 seconds
[2025-04-21T22:19:34.118-0300] {processor.py:186} INFO - Started process (PID=133701) to work on /home/jonathan-brito/python-projects/airflow/venv/lib/python3.12/site-packages/airflow/example_dags/example_latest_only_with_trigger.py
[2025-04-21T22:19:34.125-0300] {processor.py:914} INFO - Processing file /home/jonathan-brito/python-projects/airflow/venv/lib/python3.12/site-packages/airflow/example_dags/example_latest_only_with_trigger.py for tasks to queue
[2025-04-21T22:19:34.127-0300] {logging_mixin.py:190} INFO - [2025-04-21T22:19:34.127-0300] {dagbag.py:588} INFO - Filling up the DagBag from /home/jonathan-brito/python-projects/airflow/venv/lib/python3.12/site-packages/airflow/example_dags/example_latest_only_with_trigger.py
[2025-04-21T22:19:34.133-0300] {processor.py:925} INFO - DAG(s) 'latest_only_with_trigger' retrieved from /home/jonathan-brito/python-projects/airflow/venv/lib/python3.12/site-packages/airflow/example_dags/example_latest_only_with_trigger.py
[2025-04-21T22:19:34.150-0300] {logging_mixin.py:190} INFO - [2025-04-21T22:19:34.150-0300] {dag.py:3239} INFO - Sync 1 DAGs
[2025-04-21T22:19:34.169-0300] {logging_mixin.py:190} INFO - [2025-04-21T22:19:34.168-0300] {dag.py:4180} INFO - Setting next_dagrun for latest_only_with_trigger to 2025-04-21 20:00:00+00:00, run_after=2025-04-22 00:00:00+00:00
[2025-04-21T22:19:34.197-0300] {processor.py:208} INFO - Processing /home/jonathan-brito/python-projects/airflow/venv/lib/python3.12/site-packages/airflow/example_dags/example_latest_only_with_trigger.py took 0.085 seconds
[2025-04-21T22:20:39.094-0300] {processor.py:186} INFO - Started process (PID=134404) to work on /home/jonathan-brito/python-projects/airflow/venv/lib/python3.12/site-packages/airflow/example_dags/example_latest_only_with_trigger.py
[2025-04-21T22:20:39.101-0300] {processor.py:914} INFO - Processing file /home/jonathan-brito/python-projects/airflow/venv/lib/python3.12/site-packages/airflow/example_dags/example_latest_only_with_trigger.py for tasks to queue
[2025-04-21T22:20:39.102-0300] {logging_mixin.py:190} INFO - [2025-04-21T22:20:39.102-0300] {dagbag.py:588} INFO - Filling up the DagBag from /home/jonathan-brito/python-projects/airflow/venv/lib/python3.12/site-packages/airflow/example_dags/example_latest_only_with_trigger.py
[2025-04-21T22:20:39.111-0300] {processor.py:925} INFO - DAG(s) 'latest_only_with_trigger' retrieved from /home/jonathan-brito/python-projects/airflow/venv/lib/python3.12/site-packages/airflow/example_dags/example_latest_only_with_trigger.py
[2025-04-21T22:20:39.129-0300] {logging_mixin.py:190} INFO - [2025-04-21T22:20:39.128-0300] {dag.py:3239} INFO - Sync 1 DAGs
[2025-04-21T22:20:39.147-0300] {logging_mixin.py:190} INFO - [2025-04-21T22:20:39.147-0300] {dag.py:4180} INFO - Setting next_dagrun for latest_only_with_trigger to 2025-04-21 20:00:00+00:00, run_after=2025-04-22 00:00:00+00:00
[2025-04-21T22:20:39.175-0300] {processor.py:208} INFO - Processing /home/jonathan-brito/python-projects/airflow/venv/lib/python3.12/site-packages/airflow/example_dags/example_latest_only_with_trigger.py took 0.089 seconds
[2025-04-22T10:24:38.484-0300] {processor.py:186} INFO - Started process (PID=11165) to work on /home/jonathan-brito/python-projects/airflow/venv/lib/python3.12/site-packages/airflow/example_dags/example_latest_only_with_trigger.py
[2025-04-22T10:24:38.491-0300] {processor.py:914} INFO - Processing file /home/jonathan-brito/python-projects/airflow/venv/lib/python3.12/site-packages/airflow/example_dags/example_latest_only_with_trigger.py for tasks to queue
[2025-04-22T10:24:38.494-0300] {logging_mixin.py:190} INFO - [2025-04-22T10:24:38.493-0300] {dagbag.py:588} INFO - Filling up the DagBag from /home/jonathan-brito/python-projects/airflow/venv/lib/python3.12/site-packages/airflow/example_dags/example_latest_only_with_trigger.py
[2025-04-22T10:24:38.504-0300] {processor.py:925} INFO - DAG(s) 'latest_only_with_trigger' retrieved from /home/jonathan-brito/python-projects/airflow/venv/lib/python3.12/site-packages/airflow/example_dags/example_latest_only_with_trigger.py
[2025-04-22T10:24:38.523-0300] {logging_mixin.py:190} INFO - [2025-04-22T10:24:38.523-0300] {dag.py:3239} INFO - Sync 1 DAGs
[2025-04-22T10:24:38.546-0300] {logging_mixin.py:190} INFO - [2025-04-22T10:24:38.545-0300] {dag.py:4180} INFO - Setting next_dagrun for latest_only_with_trigger to 2025-04-22 08:00:00+00:00, run_after=2025-04-22 12:00:00+00:00
[2025-04-22T10:24:38.572-0300] {processor.py:208} INFO - Processing /home/jonathan-brito/python-projects/airflow/venv/lib/python3.12/site-packages/airflow/example_dags/example_latest_only_with_trigger.py took 0.106 seconds
[2025-04-22T10:25:52.023-0300] {processor.py:186} INFO - Started process (PID=12107) to work on /home/jonathan-brito/python-projects/airflow/venv/lib/python3.12/site-packages/airflow/example_dags/example_latest_only_with_trigger.py
[2025-04-22T10:25:52.030-0300] {processor.py:914} INFO - Processing file /home/jonathan-brito/python-projects/airflow/venv/lib/python3.12/site-packages/airflow/example_dags/example_latest_only_with_trigger.py for tasks to queue
[2025-04-22T10:25:52.032-0300] {logging_mixin.py:190} INFO - [2025-04-22T10:25:52.032-0300] {dagbag.py:588} INFO - Filling up the DagBag from /home/jonathan-brito/python-projects/airflow/venv/lib/python3.12/site-packages/airflow/example_dags/example_latest_only_with_trigger.py
[2025-04-22T10:25:52.041-0300] {processor.py:925} INFO - DAG(s) 'latest_only_with_trigger' retrieved from /home/jonathan-brito/python-projects/airflow/venv/lib/python3.12/site-packages/airflow/example_dags/example_latest_only_with_trigger.py
[2025-04-22T10:25:52.059-0300] {logging_mixin.py:190} INFO - [2025-04-22T10:25:52.058-0300] {dag.py:3239} INFO - Sync 1 DAGs
[2025-04-22T10:25:52.084-0300] {logging_mixin.py:190} INFO - [2025-04-22T10:25:52.083-0300] {dag.py:4180} INFO - Setting next_dagrun for latest_only_with_trigger to 2025-04-22 08:00:00+00:00, run_after=2025-04-22 12:00:00+00:00
[2025-04-22T10:25:52.110-0300] {processor.py:208} INFO - Processing /home/jonathan-brito/python-projects/airflow/venv/lib/python3.12/site-packages/airflow/example_dags/example_latest_only_with_trigger.py took 0.093 seconds
[2025-04-22T10:27:54.727-0300] {processor.py:186} INFO - Started process (PID=14181) to work on /home/jonathan-brito/python-projects/airflow/venv/lib/python3.12/site-packages/airflow/example_dags/example_latest_only_with_trigger.py
[2025-04-22T10:27:54.734-0300] {processor.py:914} INFO - Processing file /home/jonathan-brito/python-projects/airflow/venv/lib/python3.12/site-packages/airflow/example_dags/example_latest_only_with_trigger.py for tasks to queue
[2025-04-22T10:27:54.737-0300] {logging_mixin.py:190} INFO - [2025-04-22T10:27:54.736-0300] {dagbag.py:588} INFO - Filling up the DagBag from /home/jonathan-brito/python-projects/airflow/venv/lib/python3.12/site-packages/airflow/example_dags/example_latest_only_with_trigger.py
[2025-04-22T10:27:54.745-0300] {processor.py:925} INFO - DAG(s) 'latest_only_with_trigger' retrieved from /home/jonathan-brito/python-projects/airflow/venv/lib/python3.12/site-packages/airflow/example_dags/example_latest_only_with_trigger.py
[2025-04-22T10:27:54.762-0300] {logging_mixin.py:190} INFO - [2025-04-22T10:27:54.762-0300] {dag.py:3239} INFO - Sync 1 DAGs
[2025-04-22T10:27:54.784-0300] {logging_mixin.py:190} INFO - [2025-04-22T10:27:54.784-0300] {dag.py:4180} INFO - Setting next_dagrun for latest_only_with_trigger to 2025-04-22 08:00:00+00:00, run_after=2025-04-22 12:00:00+00:00
[2025-04-22T10:27:54.817-0300] {processor.py:208} INFO - Processing /home/jonathan-brito/python-projects/airflow/venv/lib/python3.12/site-packages/airflow/example_dags/example_latest_only_with_trigger.py took 0.097 seconds
[2025-04-22T10:31:32.227-0300] {processor.py:186} INFO - Started process (PID=16804) to work on /home/jonathan-brito/python-projects/airflow/venv/lib/python3.12/site-packages/airflow/example_dags/example_latest_only_with_trigger.py
[2025-04-22T10:31:32.228-0300] {processor.py:914} INFO - Processing file /home/jonathan-brito/python-projects/airflow/venv/lib/python3.12/site-packages/airflow/example_dags/example_latest_only_with_trigger.py for tasks to queue
[2025-04-22T10:31:32.230-0300] {logging_mixin.py:190} INFO - [2025-04-22T10:31:32.229-0300] {dagbag.py:588} INFO - Filling up the DagBag from /home/jonathan-brito/python-projects/airflow/venv/lib/python3.12/site-packages/airflow/example_dags/example_latest_only_with_trigger.py
[2025-04-22T10:31:32.239-0300] {processor.py:925} INFO - DAG(s) 'latest_only_with_trigger' retrieved from /home/jonathan-brito/python-projects/airflow/venv/lib/python3.12/site-packages/airflow/example_dags/example_latest_only_with_trigger.py
[2025-04-22T10:31:32.259-0300] {logging_mixin.py:190} INFO - [2025-04-22T10:31:32.259-0300] {dag.py:3239} INFO - Sync 1 DAGs
[2025-04-22T10:31:32.282-0300] {logging_mixin.py:190} INFO - [2025-04-22T10:31:32.282-0300] {dag.py:4180} INFO - Setting next_dagrun for latest_only_with_trigger to 2025-04-22 08:00:00+00:00, run_after=2025-04-22 12:00:00+00:00
[2025-04-22T10:31:32.312-0300] {processor.py:208} INFO - Processing /home/jonathan-brito/python-projects/airflow/venv/lib/python3.12/site-packages/airflow/example_dags/example_latest_only_with_trigger.py took 0.092 seconds
[2025-04-22T11:08:20.534-0300] {processor.py:186} INFO - Started process (PID=49691) to work on /home/jonathan-brito/python-projects/airflow/venv/lib/python3.12/site-packages/airflow/example_dags/example_latest_only_with_trigger.py
[2025-04-22T11:08:20.535-0300] {processor.py:914} INFO - Processing file /home/jonathan-brito/python-projects/airflow/venv/lib/python3.12/site-packages/airflow/example_dags/example_latest_only_with_trigger.py for tasks to queue
[2025-04-22T11:08:20.538-0300] {logging_mixin.py:190} INFO - [2025-04-22T11:08:20.537-0300] {dagbag.py:588} INFO - Filling up the DagBag from /home/jonathan-brito/python-projects/airflow/venv/lib/python3.12/site-packages/airflow/example_dags/example_latest_only_with_trigger.py
[2025-04-22T11:08:20.548-0300] {processor.py:925} INFO - DAG(s) 'latest_only_with_trigger' retrieved from /home/jonathan-brito/python-projects/airflow/venv/lib/python3.12/site-packages/airflow/example_dags/example_latest_only_with_trigger.py
[2025-04-22T11:08:20.570-0300] {logging_mixin.py:190} INFO - [2025-04-22T11:08:20.570-0300] {dag.py:3239} INFO - Sync 1 DAGs
[2025-04-22T11:08:20.591-0300] {logging_mixin.py:190} INFO - [2025-04-22T11:08:20.591-0300] {dag.py:4180} INFO - Setting next_dagrun for latest_only_with_trigger to 2025-04-22 08:00:00+00:00, run_after=2025-04-22 12:00:00+00:00
[2025-04-22T11:08:20.624-0300] {processor.py:208} INFO - Processing /home/jonathan-brito/python-projects/airflow/venv/lib/python3.12/site-packages/airflow/example_dags/example_latest_only_with_trigger.py took 0.100 seconds
[2025-04-22T11:09:20.563-0300] {processor.py:186} INFO - Started process (PID=50084) to work on /home/jonathan-brito/python-projects/airflow/venv/lib/python3.12/site-packages/airflow/example_dags/example_latest_only_with_trigger.py
[2025-04-22T11:09:20.571-0300] {processor.py:914} INFO - Processing file /home/jonathan-brito/python-projects/airflow/venv/lib/python3.12/site-packages/airflow/example_dags/example_latest_only_with_trigger.py for tasks to queue
[2025-04-22T11:09:20.573-0300] {logging_mixin.py:190} INFO - [2025-04-22T11:09:20.572-0300] {dagbag.py:588} INFO - Filling up the DagBag from /home/jonathan-brito/python-projects/airflow/venv/lib/python3.12/site-packages/airflow/example_dags/example_latest_only_with_trigger.py
[2025-04-22T11:09:20.583-0300] {processor.py:925} INFO - DAG(s) 'latest_only_with_trigger' retrieved from /home/jonathan-brito/python-projects/airflow/venv/lib/python3.12/site-packages/airflow/example_dags/example_latest_only_with_trigger.py
[2025-04-22T11:09:20.602-0300] {logging_mixin.py:190} INFO - [2025-04-22T11:09:20.601-0300] {dag.py:3239} INFO - Sync 1 DAGs
[2025-04-22T11:09:20.621-0300] {logging_mixin.py:190} INFO - [2025-04-22T11:09:20.621-0300] {dag.py:4180} INFO - Setting next_dagrun for latest_only_with_trigger to 2025-04-22 08:00:00+00:00, run_after=2025-04-22 12:00:00+00:00
[2025-04-22T11:09:20.653-0300] {processor.py:208} INFO - Processing /home/jonathan-brito/python-projects/airflow/venv/lib/python3.12/site-packages/airflow/example_dags/example_latest_only_with_trigger.py took 0.099 seconds
[2025-04-22T11:10:20.744-0300] {processor.py:186} INFO - Started process (PID=50627) to work on /home/jonathan-brito/python-projects/airflow/venv/lib/python3.12/site-packages/airflow/example_dags/example_latest_only_with_trigger.py
[2025-04-22T11:10:20.746-0300] {processor.py:914} INFO - Processing file /home/jonathan-brito/python-projects/airflow/venv/lib/python3.12/site-packages/airflow/example_dags/example_latest_only_with_trigger.py for tasks to queue
[2025-04-22T11:10:20.748-0300] {logging_mixin.py:190} INFO - [2025-04-22T11:10:20.747-0300] {dagbag.py:588} INFO - Filling up the DagBag from /home/jonathan-brito/python-projects/airflow/venv/lib/python3.12/site-packages/airflow/example_dags/example_latest_only_with_trigger.py
[2025-04-22T11:10:20.757-0300] {processor.py:925} INFO - DAG(s) 'latest_only_with_trigger' retrieved from /home/jonathan-brito/python-projects/airflow/venv/lib/python3.12/site-packages/airflow/example_dags/example_latest_only_with_trigger.py
[2025-04-22T11:10:20.785-0300] {logging_mixin.py:190} INFO - [2025-04-22T11:10:20.784-0300] {dag.py:3239} INFO - Sync 1 DAGs
[2025-04-22T11:10:20.814-0300] {logging_mixin.py:190} INFO - [2025-04-22T11:10:20.814-0300] {dag.py:4180} INFO - Setting next_dagrun for latest_only_with_trigger to 2025-04-22 08:00:00+00:00, run_after=2025-04-22 12:00:00+00:00
[2025-04-22T11:10:20.848-0300] {processor.py:208} INFO - Processing /home/jonathan-brito/python-projects/airflow/venv/lib/python3.12/site-packages/airflow/example_dags/example_latest_only_with_trigger.py took 0.112 seconds
[2025-04-22T11:11:24.534-0300] {processor.py:186} INFO - Started process (PID=51033) to work on /home/jonathan-brito/python-projects/airflow/venv/lib/python3.12/site-packages/airflow/example_dags/example_latest_only_with_trigger.py
[2025-04-22T11:11:24.542-0300] {processor.py:914} INFO - Processing file /home/jonathan-brito/python-projects/airflow/venv/lib/python3.12/site-packages/airflow/example_dags/example_latest_only_with_trigger.py for tasks to queue
[2025-04-22T11:11:24.544-0300] {logging_mixin.py:190} INFO - [2025-04-22T11:11:24.543-0300] {dagbag.py:588} INFO - Filling up the DagBag from /home/jonathan-brito/python-projects/airflow/venv/lib/python3.12/site-packages/airflow/example_dags/example_latest_only_with_trigger.py
[2025-04-22T11:11:24.555-0300] {processor.py:925} INFO - DAG(s) 'latest_only_with_trigger' retrieved from /home/jonathan-brito/python-projects/airflow/venv/lib/python3.12/site-packages/airflow/example_dags/example_latest_only_with_trigger.py
[2025-04-22T11:11:24.587-0300] {logging_mixin.py:190} INFO - [2025-04-22T11:11:24.586-0300] {dag.py:3239} INFO - Sync 1 DAGs
[2025-04-22T11:11:24.625-0300] {logging_mixin.py:190} INFO - [2025-04-22T11:11:24.625-0300] {dag.py:4180} INFO - Setting next_dagrun for latest_only_with_trigger to 2025-04-22 08:00:00+00:00, run_after=2025-04-22 12:00:00+00:00
[2025-04-22T11:11:24.711-0300] {processor.py:208} INFO - Processing /home/jonathan-brito/python-projects/airflow/venv/lib/python3.12/site-packages/airflow/example_dags/example_latest_only_with_trigger.py took 0.186 seconds
