[2025-04-21T21:23:31.809-0300] {processor.py:186} INFO - Started process (PID=70519) to work on /home/jonathan-brito/python-projects/airflow/venv/lib/python3.12/site-packages/airflow/example_dags/example_trigger_target_dag.py
[2025-04-21T21:23:31.810-0300] {processor.py:914} INFO - Processing file /home/jonathan-brito/python-projects/airflow/venv/lib/python3.12/site-packages/airflow/example_dags/example_trigger_target_dag.py for tasks to queue
[2025-04-21T21:23:31.813-0300] {logging_mixin.py:190} INFO - [2025-04-21T21:23:31.813-0300] {dagbag.py:588} INFO - Filling up the DagBag from /home/jonathan-brito/python-projects/airflow/venv/lib/python3.12/site-packages/airflow/example_dags/example_trigger_target_dag.py
[2025-04-21T21:23:31.826-0300] {processor.py:925} INFO - DAG(s) 'example_trigger_target_dag' retrieved from /home/jonathan-brito/python-projects/airflow/venv/lib/python3.12/site-packages/airflow/example_dags/example_trigger_target_dag.py
[2025-04-21T21:23:31.845-0300] {logging_mixin.py:190} INFO - [2025-04-21T21:23:31.845-0300] {dag.py:3239} INFO - Sync 1 DAGs
[2025-04-21T21:23:31.858-0300] {logging_mixin.py:190} INFO - [2025-04-21T21:23:31.858-0300] {dag.py:4180} INFO - Setting next_dagrun for example_trigger_target_dag to None, run_after=None
[2025-04-21T21:23:31.887-0300] {processor.py:208} INFO - Processing /home/jonathan-brito/python-projects/airflow/venv/lib/python3.12/site-packages/airflow/example_dags/example_trigger_target_dag.py took 0.087 seconds
[2025-04-21T21:24:38.388-0300] {processor.py:186} INFO - Started process (PID=71314) to work on /home/jonathan-brito/python-projects/airflow/venv/lib/python3.12/site-packages/airflow/example_dags/example_trigger_target_dag.py
[2025-04-21T21:24:38.393-0300] {processor.py:914} INFO - Processing file /home/jonathan-brito/python-projects/airflow/venv/lib/python3.12/site-packages/airflow/example_dags/example_trigger_target_dag.py for tasks to queue
[2025-04-21T21:24:38.401-0300] {logging_mixin.py:190} INFO - [2025-04-21T21:24:38.399-0300] {dagbag.py:588} INFO - Filling up the DagBag from /home/jonathan-brito/python-projects/airflow/venv/lib/python3.12/site-packages/airflow/example_dags/example_trigger_target_dag.py
[2025-04-21T21:24:38.416-0300] {processor.py:925} INFO - DAG(s) 'example_trigger_target_dag' retrieved from /home/jonathan-brito/python-projects/airflow/venv/lib/python3.12/site-packages/airflow/example_dags/example_trigger_target_dag.py
[2025-04-21T21:24:38.435-0300] {logging_mixin.py:190} INFO - [2025-04-21T21:24:38.435-0300] {dag.py:3239} INFO - Sync 1 DAGs
[2025-04-21T21:24:38.448-0300] {logging_mixin.py:190} INFO - [2025-04-21T21:24:38.448-0300] {dag.py:4180} INFO - Setting next_dagrun for example_trigger_target_dag to None, run_after=None
[2025-04-21T21:24:38.499-0300] {processor.py:208} INFO - Processing /home/jonathan-brito/python-projects/airflow/venv/lib/python3.12/site-packages/airflow/example_dags/example_trigger_target_dag.py took 0.140 seconds
[2025-04-21T22:09:48.477-0300] {processor.py:186} INFO - Started process (PID=127075) to work on /home/jonathan-brito/python-projects/airflow/venv/lib/python3.12/site-packages/airflow/example_dags/example_trigger_target_dag.py
[2025-04-21T22:09:48.484-0300] {processor.py:914} INFO - Processing file /home/jonathan-brito/python-projects/airflow/venv/lib/python3.12/site-packages/airflow/example_dags/example_trigger_target_dag.py for tasks to queue
[2025-04-21T22:09:48.486-0300] {logging_mixin.py:190} INFO - [2025-04-21T22:09:48.485-0300] {dagbag.py:588} INFO - Filling up the DagBag from /home/jonathan-brito/python-projects/airflow/venv/lib/python3.12/site-packages/airflow/example_dags/example_trigger_target_dag.py
[2025-04-21T22:09:48.491-0300] {processor.py:925} INFO - DAG(s) 'example_trigger_target_dag' retrieved from /home/jonathan-brito/python-projects/airflow/venv/lib/python3.12/site-packages/airflow/example_dags/example_trigger_target_dag.py
[2025-04-21T22:09:48.513-0300] {logging_mixin.py:190} INFO - [2025-04-21T22:09:48.513-0300] {dag.py:3239} INFO - Sync 1 DAGs
[2025-04-21T22:09:48.525-0300] {logging_mixin.py:190} INFO - [2025-04-21T22:09:48.525-0300] {dag.py:4180} INFO - Setting next_dagrun for example_trigger_target_dag to None, run_after=None
[2025-04-21T22:09:48.549-0300] {processor.py:208} INFO - Processing /home/jonathan-brito/python-projects/airflow/venv/lib/python3.12/site-packages/airflow/example_dags/example_trigger_target_dag.py took 0.080 seconds
[2025-04-21T22:10:52.003-0300] {processor.py:186} INFO - Started process (PID=127993) to work on /home/jonathan-brito/python-projects/airflow/venv/lib/python3.12/site-packages/airflow/example_dags/example_trigger_target_dag.py
[2025-04-21T22:10:52.010-0300] {processor.py:914} INFO - Processing file /home/jonathan-brito/python-projects/airflow/venv/lib/python3.12/site-packages/airflow/example_dags/example_trigger_target_dag.py for tasks to queue
[2025-04-21T22:10:52.012-0300] {logging_mixin.py:190} INFO - [2025-04-21T22:10:52.011-0300] {dagbag.py:588} INFO - Filling up the DagBag from /home/jonathan-brito/python-projects/airflow/venv/lib/python3.12/site-packages/airflow/example_dags/example_trigger_target_dag.py
[2025-04-21T22:10:52.018-0300] {processor.py:925} INFO - DAG(s) 'example_trigger_target_dag' retrieved from /home/jonathan-brito/python-projects/airflow/venv/lib/python3.12/site-packages/airflow/example_dags/example_trigger_target_dag.py
[2025-04-21T22:10:52.036-0300] {logging_mixin.py:190} INFO - [2025-04-21T22:10:52.035-0300] {dag.py:3239} INFO - Sync 1 DAGs
[2025-04-21T22:10:52.048-0300] {logging_mixin.py:190} INFO - [2025-04-21T22:10:52.047-0300] {dag.py:4180} INFO - Setting next_dagrun for example_trigger_target_dag to None, run_after=None
[2025-04-21T22:10:52.070-0300] {processor.py:208} INFO - Processing /home/jonathan-brito/python-projects/airflow/venv/lib/python3.12/site-packages/airflow/example_dags/example_trigger_target_dag.py took 0.077 seconds
[2025-04-21T22:11:54.287-0300] {processor.py:186} INFO - Started process (PID=128754) to work on /home/jonathan-brito/python-projects/airflow/venv/lib/python3.12/site-packages/airflow/example_dags/example_trigger_target_dag.py
[2025-04-21T22:11:54.288-0300] {processor.py:914} INFO - Processing file /home/jonathan-brito/python-projects/airflow/venv/lib/python3.12/site-packages/airflow/example_dags/example_trigger_target_dag.py for tasks to queue
[2025-04-21T22:11:54.289-0300] {logging_mixin.py:190} INFO - [2025-04-21T22:11:54.289-0300] {dagbag.py:588} INFO - Filling up the DagBag from /home/jonathan-brito/python-projects/airflow/venv/lib/python3.12/site-packages/airflow/example_dags/example_trigger_target_dag.py
[2025-04-21T22:11:54.295-0300] {processor.py:925} INFO - DAG(s) 'example_trigger_target_dag' retrieved from /home/jonathan-brito/python-projects/airflow/venv/lib/python3.12/site-packages/airflow/example_dags/example_trigger_target_dag.py
[2025-04-21T22:11:54.311-0300] {logging_mixin.py:190} INFO - [2025-04-21T22:11:54.311-0300] {dag.py:3239} INFO - Sync 1 DAGs
[2025-04-21T22:11:54.323-0300] {logging_mixin.py:190} INFO - [2025-04-21T22:11:54.323-0300] {dag.py:4180} INFO - Setting next_dagrun for example_trigger_target_dag to None, run_after=None
[2025-04-21T22:11:54.353-0300] {processor.py:208} INFO - Processing /home/jonathan-brito/python-projects/airflow/venv/lib/python3.12/site-packages/airflow/example_dags/example_trigger_target_dag.py took 0.073 seconds
[2025-04-21T22:12:56.668-0300] {processor.py:186} INFO - Started process (PID=129376) to work on /home/jonathan-brito/python-projects/airflow/venv/lib/python3.12/site-packages/airflow/example_dags/example_trigger_target_dag.py
[2025-04-21T22:12:56.675-0300] {processor.py:914} INFO - Processing file /home/jonathan-brito/python-projects/airflow/venv/lib/python3.12/site-packages/airflow/example_dags/example_trigger_target_dag.py for tasks to queue
[2025-04-21T22:12:56.678-0300] {logging_mixin.py:190} INFO - [2025-04-21T22:12:56.677-0300] {dagbag.py:588} INFO - Filling up the DagBag from /home/jonathan-brito/python-projects/airflow/venv/lib/python3.12/site-packages/airflow/example_dags/example_trigger_target_dag.py
[2025-04-21T22:12:56.683-0300] {processor.py:925} INFO - DAG(s) 'example_trigger_target_dag' retrieved from /home/jonathan-brito/python-projects/airflow/venv/lib/python3.12/site-packages/airflow/example_dags/example_trigger_target_dag.py
[2025-04-21T22:12:56.699-0300] {logging_mixin.py:190} INFO - [2025-04-21T22:12:56.699-0300] {dag.py:3239} INFO - Sync 1 DAGs
[2025-04-21T22:12:56.712-0300] {logging_mixin.py:190} INFO - [2025-04-21T22:12:56.711-0300] {dag.py:4180} INFO - Setting next_dagrun for example_trigger_target_dag to None, run_after=None
[2025-04-21T22:12:56.734-0300] {processor.py:208} INFO - Processing /home/jonathan-brito/python-projects/airflow/venv/lib/python3.12/site-packages/airflow/example_dags/example_trigger_target_dag.py took 0.072 seconds
[2025-04-21T22:14:02.493-0300] {processor.py:186} INFO - Started process (PID=130160) to work on /home/jonathan-brito/python-projects/airflow/venv/lib/python3.12/site-packages/airflow/example_dags/example_trigger_target_dag.py
[2025-04-21T22:14:02.500-0300] {processor.py:914} INFO - Processing file /home/jonathan-brito/python-projects/airflow/venv/lib/python3.12/site-packages/airflow/example_dags/example_trigger_target_dag.py for tasks to queue
[2025-04-21T22:14:02.501-0300] {logging_mixin.py:190} INFO - [2025-04-21T22:14:02.501-0300] {dagbag.py:588} INFO - Filling up the DagBag from /home/jonathan-brito/python-projects/airflow/venv/lib/python3.12/site-packages/airflow/example_dags/example_trigger_target_dag.py
[2025-04-21T22:14:02.507-0300] {processor.py:925} INFO - DAG(s) 'example_trigger_target_dag' retrieved from /home/jonathan-brito/python-projects/airflow/venv/lib/python3.12/site-packages/airflow/example_dags/example_trigger_target_dag.py
[2025-04-21T22:14:02.524-0300] {logging_mixin.py:190} INFO - [2025-04-21T22:14:02.524-0300] {dag.py:3239} INFO - Sync 1 DAGs
[2025-04-21T22:14:02.537-0300] {logging_mixin.py:190} INFO - [2025-04-21T22:14:02.536-0300] {dag.py:4180} INFO - Setting next_dagrun for example_trigger_target_dag to None, run_after=None
[2025-04-21T22:14:02.562-0300] {processor.py:208} INFO - Processing /home/jonathan-brito/python-projects/airflow/venv/lib/python3.12/site-packages/airflow/example_dags/example_trigger_target_dag.py took 0.076 seconds
[2025-04-21T22:15:03.746-0300] {processor.py:186} INFO - Started process (PID=130839) to work on /home/jonathan-brito/python-projects/airflow/venv/lib/python3.12/site-packages/airflow/example_dags/example_trigger_target_dag.py
[2025-04-21T22:15:03.753-0300] {processor.py:914} INFO - Processing file /home/jonathan-brito/python-projects/airflow/venv/lib/python3.12/site-packages/airflow/example_dags/example_trigger_target_dag.py for tasks to queue
[2025-04-21T22:15:03.754-0300] {logging_mixin.py:190} INFO - [2025-04-21T22:15:03.754-0300] {dagbag.py:588} INFO - Filling up the DagBag from /home/jonathan-brito/python-projects/airflow/venv/lib/python3.12/site-packages/airflow/example_dags/example_trigger_target_dag.py
[2025-04-21T22:15:03.759-0300] {processor.py:925} INFO - DAG(s) 'example_trigger_target_dag' retrieved from /home/jonathan-brito/python-projects/airflow/venv/lib/python3.12/site-packages/airflow/example_dags/example_trigger_target_dag.py
[2025-04-21T22:15:03.775-0300] {logging_mixin.py:190} INFO - [2025-04-21T22:15:03.775-0300] {dag.py:3239} INFO - Sync 1 DAGs
[2025-04-21T22:15:03.787-0300] {logging_mixin.py:190} INFO - [2025-04-21T22:15:03.787-0300] {dag.py:4180} INFO - Setting next_dagrun for example_trigger_target_dag to None, run_after=None
[2025-04-21T22:15:03.813-0300] {processor.py:208} INFO - Processing /home/jonathan-brito/python-projects/airflow/venv/lib/python3.12/site-packages/airflow/example_dags/example_trigger_target_dag.py took 0.073 seconds
[2025-04-21T22:16:04.894-0300] {processor.py:186} INFO - Started process (PID=131469) to work on /home/jonathan-brito/python-projects/airflow/venv/lib/python3.12/site-packages/airflow/example_dags/example_trigger_target_dag.py
[2025-04-21T22:16:04.901-0300] {processor.py:914} INFO - Processing file /home/jonathan-brito/python-projects/airflow/venv/lib/python3.12/site-packages/airflow/example_dags/example_trigger_target_dag.py for tasks to queue
[2025-04-21T22:16:04.902-0300] {logging_mixin.py:190} INFO - [2025-04-21T22:16:04.902-0300] {dagbag.py:588} INFO - Filling up the DagBag from /home/jonathan-brito/python-projects/airflow/venv/lib/python3.12/site-packages/airflow/example_dags/example_trigger_target_dag.py
[2025-04-21T22:16:04.908-0300] {processor.py:925} INFO - DAG(s) 'example_trigger_target_dag' retrieved from /home/jonathan-brito/python-projects/airflow/venv/lib/python3.12/site-packages/airflow/example_dags/example_trigger_target_dag.py
[2025-04-21T22:16:04.925-0300] {logging_mixin.py:190} INFO - [2025-04-21T22:16:04.925-0300] {dag.py:3239} INFO - Sync 1 DAGs
[2025-04-21T22:16:04.938-0300] {logging_mixin.py:190} INFO - [2025-04-21T22:16:04.938-0300] {dag.py:4180} INFO - Setting next_dagrun for example_trigger_target_dag to None, run_after=None
[2025-04-21T22:16:04.961-0300] {processor.py:208} INFO - Processing /home/jonathan-brito/python-projects/airflow/venv/lib/python3.12/site-packages/airflow/example_dags/example_trigger_target_dag.py took 0.073 seconds
[2025-04-21T22:17:08.828-0300] {processor.py:186} INFO - Started process (PID=132120) to work on /home/jonathan-brito/python-projects/airflow/venv/lib/python3.12/site-packages/airflow/example_dags/example_trigger_target_dag.py
[2025-04-21T22:17:08.835-0300] {processor.py:914} INFO - Processing file /home/jonathan-brito/python-projects/airflow/venv/lib/python3.12/site-packages/airflow/example_dags/example_trigger_target_dag.py for tasks to queue
[2025-04-21T22:17:08.836-0300] {logging_mixin.py:190} INFO - [2025-04-21T22:17:08.836-0300] {dagbag.py:588} INFO - Filling up the DagBag from /home/jonathan-brito/python-projects/airflow/venv/lib/python3.12/site-packages/airflow/example_dags/example_trigger_target_dag.py
[2025-04-21T22:17:08.841-0300] {processor.py:925} INFO - DAG(s) 'example_trigger_target_dag' retrieved from /home/jonathan-brito/python-projects/airflow/venv/lib/python3.12/site-packages/airflow/example_dags/example_trigger_target_dag.py
[2025-04-21T22:17:08.858-0300] {logging_mixin.py:190} INFO - [2025-04-21T22:17:08.857-0300] {dag.py:3239} INFO - Sync 1 DAGs
[2025-04-21T22:17:08.870-0300] {logging_mixin.py:190} INFO - [2025-04-21T22:17:08.870-0300] {dag.py:4180} INFO - Setting next_dagrun for example_trigger_target_dag to None, run_after=None
[2025-04-21T22:17:08.891-0300] {processor.py:208} INFO - Processing /home/jonathan-brito/python-projects/airflow/venv/lib/python3.12/site-packages/airflow/example_dags/example_trigger_target_dag.py took 0.069 seconds
[2025-04-21T22:18:11.450-0300] {processor.py:186} INFO - Started process (PID=132769) to work on /home/jonathan-brito/python-projects/airflow/venv/lib/python3.12/site-packages/airflow/example_dags/example_trigger_target_dag.py
[2025-04-21T22:18:11.457-0300] {processor.py:914} INFO - Processing file /home/jonathan-brito/python-projects/airflow/venv/lib/python3.12/site-packages/airflow/example_dags/example_trigger_target_dag.py for tasks to queue
[2025-04-21T22:18:11.459-0300] {logging_mixin.py:190} INFO - [2025-04-21T22:18:11.458-0300] {dagbag.py:588} INFO - Filling up the DagBag from /home/jonathan-brito/python-projects/airflow/venv/lib/python3.12/site-packages/airflow/example_dags/example_trigger_target_dag.py
[2025-04-21T22:18:11.467-0300] {processor.py:925} INFO - DAG(s) 'example_trigger_target_dag' retrieved from /home/jonathan-brito/python-projects/airflow/venv/lib/python3.12/site-packages/airflow/example_dags/example_trigger_target_dag.py
[2025-04-21T22:18:11.485-0300] {logging_mixin.py:190} INFO - [2025-04-21T22:18:11.485-0300] {dag.py:3239} INFO - Sync 1 DAGs
[2025-04-21T22:18:11.498-0300] {logging_mixin.py:190} INFO - [2025-04-21T22:18:11.497-0300] {dag.py:4180} INFO - Setting next_dagrun for example_trigger_target_dag to None, run_after=None
[2025-04-21T22:18:11.525-0300] {processor.py:208} INFO - Processing /home/jonathan-brito/python-projects/airflow/venv/lib/python3.12/site-packages/airflow/example_dags/example_trigger_target_dag.py took 0.084 seconds
[2025-04-21T22:19:15.468-0300] {processor.py:186} INFO - Started process (PID=133436) to work on /home/jonathan-brito/python-projects/airflow/venv/lib/python3.12/site-packages/airflow/example_dags/example_trigger_target_dag.py
[2025-04-21T22:19:15.475-0300] {processor.py:914} INFO - Processing file /home/jonathan-brito/python-projects/airflow/venv/lib/python3.12/site-packages/airflow/example_dags/example_trigger_target_dag.py for tasks to queue
[2025-04-21T22:19:15.479-0300] {logging_mixin.py:190} INFO - [2025-04-21T22:19:15.478-0300] {dagbag.py:588} INFO - Filling up the DagBag from /home/jonathan-brito/python-projects/airflow/venv/lib/python3.12/site-packages/airflow/example_dags/example_trigger_target_dag.py
[2025-04-21T22:19:15.497-0300] {processor.py:925} INFO - DAG(s) 'example_trigger_target_dag' retrieved from /home/jonathan-brito/python-projects/airflow/venv/lib/python3.12/site-packages/airflow/example_dags/example_trigger_target_dag.py
[2025-04-21T22:19:15.518-0300] {logging_mixin.py:190} INFO - [2025-04-21T22:19:15.517-0300] {dag.py:3239} INFO - Sync 1 DAGs
[2025-04-21T22:19:15.530-0300] {logging_mixin.py:190} INFO - [2025-04-21T22:19:15.530-0300] {dag.py:4180} INFO - Setting next_dagrun for example_trigger_target_dag to None, run_after=None
[2025-04-21T22:19:15.556-0300] {processor.py:208} INFO - Processing /home/jonathan-brito/python-projects/airflow/venv/lib/python3.12/site-packages/airflow/example_dags/example_trigger_target_dag.py took 0.094 seconds
[2025-04-21T22:20:19.547-0300] {processor.py:186} INFO - Started process (PID=134158) to work on /home/jonathan-brito/python-projects/airflow/venv/lib/python3.12/site-packages/airflow/example_dags/example_trigger_target_dag.py
[2025-04-21T22:20:19.554-0300] {processor.py:914} INFO - Processing file /home/jonathan-brito/python-projects/airflow/venv/lib/python3.12/site-packages/airflow/example_dags/example_trigger_target_dag.py for tasks to queue
[2025-04-21T22:20:19.556-0300] {logging_mixin.py:190} INFO - [2025-04-21T22:20:19.556-0300] {dagbag.py:588} INFO - Filling up the DagBag from /home/jonathan-brito/python-projects/airflow/venv/lib/python3.12/site-packages/airflow/example_dags/example_trigger_target_dag.py
[2025-04-21T22:20:19.563-0300] {processor.py:925} INFO - DAG(s) 'example_trigger_target_dag' retrieved from /home/jonathan-brito/python-projects/airflow/venv/lib/python3.12/site-packages/airflow/example_dags/example_trigger_target_dag.py
[2025-04-21T22:20:19.580-0300] {logging_mixin.py:190} INFO - [2025-04-21T22:20:19.580-0300] {dag.py:3239} INFO - Sync 1 DAGs
[2025-04-21T22:20:19.593-0300] {logging_mixin.py:190} INFO - [2025-04-21T22:20:19.592-0300] {dag.py:4180} INFO - Setting next_dagrun for example_trigger_target_dag to None, run_after=None
[2025-04-21T22:20:19.616-0300] {processor.py:208} INFO - Processing /home/jonathan-brito/python-projects/airflow/venv/lib/python3.12/site-packages/airflow/example_dags/example_trigger_target_dag.py took 0.075 seconds
[2025-04-22T10:24:13.663-0300] {processor.py:186} INFO - Started process (PID=10794) to work on /home/jonathan-brito/python-projects/airflow/venv/lib/python3.12/site-packages/airflow/example_dags/example_trigger_target_dag.py
[2025-04-22T10:24:13.670-0300] {processor.py:914} INFO - Processing file /home/jonathan-brito/python-projects/airflow/venv/lib/python3.12/site-packages/airflow/example_dags/example_trigger_target_dag.py for tasks to queue
[2025-04-22T10:24:13.673-0300] {logging_mixin.py:190} INFO - [2025-04-22T10:24:13.673-0300] {dagbag.py:588} INFO - Filling up the DagBag from /home/jonathan-brito/python-projects/airflow/venv/lib/python3.12/site-packages/airflow/example_dags/example_trigger_target_dag.py
[2025-04-22T10:24:13.684-0300] {processor.py:925} INFO - DAG(s) 'example_trigger_target_dag' retrieved from /home/jonathan-brito/python-projects/airflow/venv/lib/python3.12/site-packages/airflow/example_dags/example_trigger_target_dag.py
[2025-04-22T10:24:13.702-0300] {logging_mixin.py:190} INFO - [2025-04-22T10:24:13.702-0300] {dag.py:3239} INFO - Sync 1 DAGs
[2025-04-22T10:24:13.718-0300] {logging_mixin.py:190} INFO - [2025-04-22T10:24:13.718-0300] {dag.py:4180} INFO - Setting next_dagrun for example_trigger_target_dag to None, run_after=None
[2025-04-22T10:24:13.743-0300] {processor.py:208} INFO - Processing /home/jonathan-brito/python-projects/airflow/venv/lib/python3.12/site-packages/airflow/example_dags/example_trigger_target_dag.py took 0.086 seconds
[2025-04-22T10:25:25.731-0300] {processor.py:186} INFO - Started process (PID=11905) to work on /home/jonathan-brito/python-projects/airflow/venv/lib/python3.12/site-packages/airflow/example_dags/example_trigger_target_dag.py
[2025-04-22T10:25:25.738-0300] {processor.py:914} INFO - Processing file /home/jonathan-brito/python-projects/airflow/venv/lib/python3.12/site-packages/airflow/example_dags/example_trigger_target_dag.py for tasks to queue
[2025-04-22T10:25:25.742-0300] {logging_mixin.py:190} INFO - [2025-04-22T10:25:25.741-0300] {dagbag.py:588} INFO - Filling up the DagBag from /home/jonathan-brito/python-projects/airflow/venv/lib/python3.12/site-packages/airflow/example_dags/example_trigger_target_dag.py
[2025-04-22T10:25:25.753-0300] {processor.py:925} INFO - DAG(s) 'example_trigger_target_dag' retrieved from /home/jonathan-brito/python-projects/airflow/venv/lib/python3.12/site-packages/airflow/example_dags/example_trigger_target_dag.py
[2025-04-22T10:25:25.771-0300] {logging_mixin.py:190} INFO - [2025-04-22T10:25:25.771-0300] {dag.py:3239} INFO - Sync 1 DAGs
[2025-04-22T10:25:25.784-0300] {logging_mixin.py:190} INFO - [2025-04-22T10:25:25.783-0300] {dag.py:4180} INFO - Setting next_dagrun for example_trigger_target_dag to None, run_after=None
[2025-04-22T10:25:25.819-0300] {processor.py:208} INFO - Processing /home/jonathan-brito/python-projects/airflow/venv/lib/python3.12/site-packages/airflow/example_dags/example_trigger_target_dag.py took 0.094 seconds
[2025-04-22T10:27:36.147-0300] {processor.py:186} INFO - Started process (PID=13874) to work on /home/jonathan-brito/python-projects/airflow/venv/lib/python3.12/site-packages/airflow/example_dags/example_trigger_target_dag.py
[2025-04-22T10:27:36.149-0300] {processor.py:914} INFO - Processing file /home/jonathan-brito/python-projects/airflow/venv/lib/python3.12/site-packages/airflow/example_dags/example_trigger_target_dag.py for tasks to queue
[2025-04-22T10:27:36.153-0300] {logging_mixin.py:190} INFO - [2025-04-22T10:27:36.152-0300] {dagbag.py:588} INFO - Filling up the DagBag from /home/jonathan-brito/python-projects/airflow/venv/lib/python3.12/site-packages/airflow/example_dags/example_trigger_target_dag.py
[2025-04-22T10:27:36.172-0300] {processor.py:925} INFO - DAG(s) 'example_trigger_target_dag' retrieved from /home/jonathan-brito/python-projects/airflow/venv/lib/python3.12/site-packages/airflow/example_dags/example_trigger_target_dag.py
[2025-04-22T10:27:36.199-0300] {logging_mixin.py:190} INFO - [2025-04-22T10:27:36.198-0300] {dag.py:3239} INFO - Sync 1 DAGs
[2025-04-22T10:27:36.222-0300] {logging_mixin.py:190} INFO - [2025-04-22T10:27:36.222-0300] {dag.py:4180} INFO - Setting next_dagrun for example_trigger_target_dag to None, run_after=None
[2025-04-22T10:27:36.250-0300] {processor.py:208} INFO - Processing /home/jonathan-brito/python-projects/airflow/venv/lib/python3.12/site-packages/airflow/example_dags/example_trigger_target_dag.py took 0.116 seconds
[2025-04-22T10:30:24.185-0300] {processor.py:186} INFO - Started process (PID=16101) to work on /home/jonathan-brito/python-projects/airflow/venv/lib/python3.12/site-packages/airflow/example_dags/example_trigger_target_dag.py
[2025-04-22T10:30:24.186-0300] {processor.py:914} INFO - Processing file /home/jonathan-brito/python-projects/airflow/venv/lib/python3.12/site-packages/airflow/example_dags/example_trigger_target_dag.py for tasks to queue
[2025-04-22T10:30:24.189-0300] {logging_mixin.py:190} INFO - [2025-04-22T10:30:24.188-0300] {dagbag.py:588} INFO - Filling up the DagBag from /home/jonathan-brito/python-projects/airflow/venv/lib/python3.12/site-packages/airflow/example_dags/example_trigger_target_dag.py
[2025-04-22T10:30:24.198-0300] {processor.py:925} INFO - DAG(s) 'example_trigger_target_dag' retrieved from /home/jonathan-brito/python-projects/airflow/venv/lib/python3.12/site-packages/airflow/example_dags/example_trigger_target_dag.py
[2025-04-22T10:30:24.217-0300] {logging_mixin.py:190} INFO - [2025-04-22T10:30:24.217-0300] {dag.py:3239} INFO - Sync 1 DAGs
[2025-04-22T10:30:24.232-0300] {logging_mixin.py:190} INFO - [2025-04-22T10:30:24.232-0300] {dag.py:4180} INFO - Setting next_dagrun for example_trigger_target_dag to None, run_after=None
[2025-04-22T10:30:24.260-0300] {processor.py:208} INFO - Processing /home/jonathan-brito/python-projects/airflow/venv/lib/python3.12/site-packages/airflow/example_dags/example_trigger_target_dag.py took 0.081 seconds
[2025-04-22T10:31:13.735-0300] {processor.py:186} INFO - Started process (PID=16653) to work on /home/jonathan-brito/python-projects/airflow/venv/lib/python3.12/site-packages/airflow/example_dags/example_trigger_target_dag.py
[2025-04-22T10:31:13.742-0300] {processor.py:914} INFO - Processing file /home/jonathan-brito/python-projects/airflow/venv/lib/python3.12/site-packages/airflow/example_dags/example_trigger_target_dag.py for tasks to queue
[2025-04-22T10:31:13.745-0300] {logging_mixin.py:190} INFO - [2025-04-22T10:31:13.744-0300] {dagbag.py:588} INFO - Filling up the DagBag from /home/jonathan-brito/python-projects/airflow/venv/lib/python3.12/site-packages/airflow/example_dags/example_trigger_target_dag.py
[2025-04-22T10:31:13.754-0300] {processor.py:925} INFO - DAG(s) 'example_trigger_target_dag' retrieved from /home/jonathan-brito/python-projects/airflow/venv/lib/python3.12/site-packages/airflow/example_dags/example_trigger_target_dag.py
[2025-04-22T10:31:13.774-0300] {logging_mixin.py:190} INFO - [2025-04-22T10:31:13.773-0300] {dag.py:3239} INFO - Sync 1 DAGs
[2025-04-22T10:31:13.796-0300] {logging_mixin.py:190} INFO - [2025-04-22T10:31:13.796-0300] {dag.py:4180} INFO - Setting next_dagrun for example_trigger_target_dag to None, run_after=None
[2025-04-22T10:31:13.837-0300] {processor.py:208} INFO - Processing /home/jonathan-brito/python-projects/airflow/venv/lib/python3.12/site-packages/airflow/example_dags/example_trigger_target_dag.py took 0.108 seconds
[2025-04-22T11:08:02.562-0300] {processor.py:186} INFO - Started process (PID=49610) to work on /home/jonathan-brito/python-projects/airflow/venv/lib/python3.12/site-packages/airflow/example_dags/example_trigger_target_dag.py
[2025-04-22T11:08:02.569-0300] {processor.py:914} INFO - Processing file /home/jonathan-brito/python-projects/airflow/venv/lib/python3.12/site-packages/airflow/example_dags/example_trigger_target_dag.py for tasks to queue
[2025-04-22T11:08:02.571-0300] {logging_mixin.py:190} INFO - [2025-04-22T11:08:02.570-0300] {dagbag.py:588} INFO - Filling up the DagBag from /home/jonathan-brito/python-projects/airflow/venv/lib/python3.12/site-packages/airflow/example_dags/example_trigger_target_dag.py
[2025-04-22T11:08:02.578-0300] {processor.py:925} INFO - DAG(s) 'example_trigger_target_dag' retrieved from /home/jonathan-brito/python-projects/airflow/venv/lib/python3.12/site-packages/airflow/example_dags/example_trigger_target_dag.py
[2025-04-22T11:08:02.598-0300] {logging_mixin.py:190} INFO - [2025-04-22T11:08:02.597-0300] {dag.py:3239} INFO - Sync 1 DAGs
[2025-04-22T11:08:02.611-0300] {logging_mixin.py:190} INFO - [2025-04-22T11:08:02.611-0300] {dag.py:4180} INFO - Setting next_dagrun for example_trigger_target_dag to None, run_after=None
[2025-04-22T11:08:02.633-0300] {processor.py:208} INFO - Processing /home/jonathan-brito/python-projects/airflow/venv/lib/python3.12/site-packages/airflow/example_dags/example_trigger_target_dag.py took 0.080 seconds
[2025-04-22T11:09:03.362-0300] {processor.py:186} INFO - Started process (PID=49993) to work on /home/jonathan-brito/python-projects/airflow/venv/lib/python3.12/site-packages/airflow/example_dags/example_trigger_target_dag.py
[2025-04-22T11:09:03.364-0300] {processor.py:914} INFO - Processing file /home/jonathan-brito/python-projects/airflow/venv/lib/python3.12/site-packages/airflow/example_dags/example_trigger_target_dag.py for tasks to queue
[2025-04-22T11:09:03.365-0300] {logging_mixin.py:190} INFO - [2025-04-22T11:09:03.365-0300] {dagbag.py:588} INFO - Filling up the DagBag from /home/jonathan-brito/python-projects/airflow/venv/lib/python3.12/site-packages/airflow/example_dags/example_trigger_target_dag.py
[2025-04-22T11:09:03.372-0300] {processor.py:925} INFO - DAG(s) 'example_trigger_target_dag' retrieved from /home/jonathan-brito/python-projects/airflow/venv/lib/python3.12/site-packages/airflow/example_dags/example_trigger_target_dag.py
[2025-04-22T11:09:03.390-0300] {logging_mixin.py:190} INFO - [2025-04-22T11:09:03.390-0300] {dag.py:3239} INFO - Sync 1 DAGs
[2025-04-22T11:09:03.402-0300] {logging_mixin.py:190} INFO - [2025-04-22T11:09:03.402-0300] {dag.py:4180} INFO - Setting next_dagrun for example_trigger_target_dag to None, run_after=None
[2025-04-22T11:09:03.431-0300] {processor.py:208} INFO - Processing /home/jonathan-brito/python-projects/airflow/venv/lib/python3.12/site-packages/airflow/example_dags/example_trigger_target_dag.py took 0.075 seconds
[2025-04-22T11:10:01.194-0300] {processor.py:186} INFO - Started process (PID=50512) to work on /home/jonathan-brito/python-projects/airflow/venv/lib/python3.12/site-packages/airflow/example_dags/example_trigger_target_dag.py
[2025-04-22T11:10:01.201-0300] {processor.py:914} INFO - Processing file /home/jonathan-brito/python-projects/airflow/venv/lib/python3.12/site-packages/airflow/example_dags/example_trigger_target_dag.py for tasks to queue
[2025-04-22T11:10:01.204-0300] {logging_mixin.py:190} INFO - [2025-04-22T11:10:01.203-0300] {dagbag.py:588} INFO - Filling up the DagBag from /home/jonathan-brito/python-projects/airflow/venv/lib/python3.12/site-packages/airflow/example_dags/example_trigger_target_dag.py
[2025-04-22T11:10:01.211-0300] {processor.py:925} INFO - DAG(s) 'example_trigger_target_dag' retrieved from /home/jonathan-brito/python-projects/airflow/venv/lib/python3.12/site-packages/airflow/example_dags/example_trigger_target_dag.py
[2025-04-22T11:10:01.229-0300] {logging_mixin.py:190} INFO - [2025-04-22T11:10:01.228-0300] {dag.py:3239} INFO - Sync 1 DAGs
[2025-04-22T11:10:01.241-0300] {logging_mixin.py:190} INFO - [2025-04-22T11:10:01.240-0300] {dag.py:4180} INFO - Setting next_dagrun for example_trigger_target_dag to None, run_after=None
[2025-04-22T11:10:01.266-0300] {processor.py:208} INFO - Processing /home/jonathan-brito/python-projects/airflow/venv/lib/python3.12/site-packages/airflow/example_dags/example_trigger_target_dag.py took 0.080 seconds
[2025-04-22T11:11:04.577-0300] {processor.py:186} INFO - Started process (PID=50929) to work on /home/jonathan-brito/python-projects/airflow/venv/lib/python3.12/site-packages/airflow/example_dags/example_trigger_target_dag.py
[2025-04-22T11:11:04.579-0300] {processor.py:914} INFO - Processing file /home/jonathan-brito/python-projects/airflow/venv/lib/python3.12/site-packages/airflow/example_dags/example_trigger_target_dag.py for tasks to queue
[2025-04-22T11:11:04.584-0300] {logging_mixin.py:190} INFO - [2025-04-22T11:11:04.583-0300] {dagbag.py:588} INFO - Filling up the DagBag from /home/jonathan-brito/python-projects/airflow/venv/lib/python3.12/site-packages/airflow/example_dags/example_trigger_target_dag.py
[2025-04-22T11:11:04.593-0300] {processor.py:925} INFO - DAG(s) 'example_trigger_target_dag' retrieved from /home/jonathan-brito/python-projects/airflow/venv/lib/python3.12/site-packages/airflow/example_dags/example_trigger_target_dag.py
[2025-04-22T11:11:04.614-0300] {logging_mixin.py:190} INFO - [2025-04-22T11:11:04.614-0300] {dag.py:3239} INFO - Sync 1 DAGs
[2025-04-22T11:11:04.627-0300] {logging_mixin.py:190} INFO - [2025-04-22T11:11:04.627-0300] {dag.py:4180} INFO - Setting next_dagrun for example_trigger_target_dag to None, run_after=None
[2025-04-22T11:11:04.657-0300] {processor.py:208} INFO - Processing /home/jonathan-brito/python-projects/airflow/venv/lib/python3.12/site-packages/airflow/example_dags/example_trigger_target_dag.py took 0.091 seconds
