[2025-04-21T21:23:30.834-0300] {processor.py:186} INFO - Started process (PID=70502) to work on /home/jonathan-brito/python-projects/airflow/venv/lib/python3.12/site-packages/airflow/example_dags/example_workday_timetable.py
[2025-04-21T21:23:30.835-0300] {processor.py:914} INFO - Processing file /home/jonathan-brito/python-projects/airflow/venv/lib/python3.12/site-packages/airflow/example_dags/example_workday_timetable.py for tasks to queue
[2025-04-21T21:23:30.839-0300] {logging_mixin.py:190} INFO - [2025-04-21T21:23:30.838-0300] {dagbag.py:588} INFO - Filling up the DagBag from /home/jonathan-brito/python-projects/airflow/venv/lib/python3.12/site-packages/airflow/example_dags/example_workday_timetable.py
[2025-04-21T21:23:30.847-0300] {processor.py:925} INFO - DAG(s) 'example_workday_timetable' retrieved from /home/jonathan-brito/python-projects/airflow/venv/lib/python3.12/site-packages/airflow/example_dags/example_workday_timetable.py
[2025-04-21T21:23:30.872-0300] {logging_mixin.py:190} INFO - [2025-04-21T21:23:30.871-0300] {dag.py:3239} INFO - Sync 1 DAGs
[2025-04-21T21:23:30.953-0300] {logging_mixin.py:190} INFO - [2025-04-21T21:23:30.952-0300] {dag.py:4180} INFO - Setting next_dagrun for example_workday_timetable to 2021-01-04 00:00:00+00:00, run_after=2021-01-05 00:00:00+00:00
[2025-04-21T21:23:30.987-0300] {processor.py:208} INFO - Processing /home/jonathan-brito/python-projects/airflow/venv/lib/python3.12/site-packages/airflow/example_dags/example_workday_timetable.py took 0.161 seconds
[2025-04-21T21:24:37.043-0300] {processor.py:186} INFO - Started process (PID=71297) to work on /home/jonathan-brito/python-projects/airflow/venv/lib/python3.12/site-packages/airflow/example_dags/example_workday_timetable.py
[2025-04-21T21:24:37.050-0300] {processor.py:914} INFO - Processing file /home/jonathan-brito/python-projects/airflow/venv/lib/python3.12/site-packages/airflow/example_dags/example_workday_timetable.py for tasks to queue
[2025-04-21T21:24:37.053-0300] {logging_mixin.py:190} INFO - [2025-04-21T21:24:37.053-0300] {dagbag.py:588} INFO - Filling up the DagBag from /home/jonathan-brito/python-projects/airflow/venv/lib/python3.12/site-packages/airflow/example_dags/example_workday_timetable.py
[2025-04-21T21:24:37.060-0300] {processor.py:925} INFO - DAG(s) 'example_workday_timetable' retrieved from /home/jonathan-brito/python-projects/airflow/venv/lib/python3.12/site-packages/airflow/example_dags/example_workday_timetable.py
[2025-04-21T21:24:37.077-0300] {logging_mixin.py:190} INFO - [2025-04-21T21:24:37.077-0300] {dag.py:3239} INFO - Sync 1 DAGs
[2025-04-21T21:24:37.144-0300] {logging_mixin.py:190} INFO - [2025-04-21T21:24:37.143-0300] {dag.py:4180} INFO - Setting next_dagrun for example_workday_timetable to 2021-01-04 00:00:00+00:00, run_after=2021-01-05 00:00:00+00:00
[2025-04-21T21:24:37.183-0300] {processor.py:208} INFO - Processing /home/jonathan-brito/python-projects/airflow/venv/lib/python3.12/site-packages/airflow/example_dags/example_workday_timetable.py took 0.146 seconds
[2025-04-21T21:27:10.986-0300] {processor.py:186} INFO - Started process (PID=74562) to work on /home/jonathan-brito/python-projects/airflow/venv/lib/python3.12/site-packages/airflow/example_dags/example_workday_timetable.py
[2025-04-21T21:27:10.988-0300] {processor.py:914} INFO - Processing file /home/jonathan-brito/python-projects/airflow/venv/lib/python3.12/site-packages/airflow/example_dags/example_workday_timetable.py for tasks to queue
[2025-04-21T21:27:10.992-0300] {logging_mixin.py:190} INFO - [2025-04-21T21:27:10.991-0300] {dagbag.py:588} INFO - Filling up the DagBag from /home/jonathan-brito/python-projects/airflow/venv/lib/python3.12/site-packages/airflow/example_dags/example_workday_timetable.py
[2025-04-21T21:27:11.001-0300] {processor.py:925} INFO - DAG(s) 'example_workday_timetable' retrieved from /home/jonathan-brito/python-projects/airflow/venv/lib/python3.12/site-packages/airflow/example_dags/example_workday_timetable.py
[2025-04-21T21:27:11.028-0300] {logging_mixin.py:190} INFO - [2025-04-21T21:27:11.027-0300] {dag.py:3239} INFO - Sync 1 DAGs
[2025-04-21T21:27:11.106-0300] {logging_mixin.py:190} INFO - [2025-04-21T21:27:11.106-0300] {dag.py:4180} INFO - Setting next_dagrun for example_workday_timetable to 2021-01-04 00:00:00+00:00, run_after=2021-01-05 00:00:00+00:00
[2025-04-21T21:27:11.137-0300] {processor.py:208} INFO - Processing /home/jonathan-brito/python-projects/airflow/venv/lib/python3.12/site-packages/airflow/example_dags/example_workday_timetable.py took 0.159 seconds
[2025-04-21T22:09:48.179-0300] {processor.py:186} INFO - Started process (PID=127074) to work on /home/jonathan-brito/python-projects/airflow/venv/lib/python3.12/site-packages/airflow/example_dags/example_workday_timetable.py
[2025-04-21T22:09:48.186-0300] {processor.py:914} INFO - Processing file /home/jonathan-brito/python-projects/airflow/venv/lib/python3.12/site-packages/airflow/example_dags/example_workday_timetable.py for tasks to queue
[2025-04-21T22:09:48.188-0300] {logging_mixin.py:190} INFO - [2025-04-21T22:09:48.187-0300] {dagbag.py:588} INFO - Filling up the DagBag from /home/jonathan-brito/python-projects/airflow/venv/lib/python3.12/site-packages/airflow/example_dags/example_workday_timetable.py
[2025-04-21T22:09:48.192-0300] {processor.py:925} INFO - DAG(s) 'example_workday_timetable' retrieved from /home/jonathan-brito/python-projects/airflow/venv/lib/python3.12/site-packages/airflow/example_dags/example_workday_timetable.py
[2025-04-21T22:09:48.211-0300] {logging_mixin.py:190} INFO - [2025-04-21T22:09:48.211-0300] {dag.py:3239} INFO - Sync 1 DAGs
[2025-04-21T22:09:48.274-0300] {logging_mixin.py:190} INFO - [2025-04-21T22:09:48.274-0300] {dag.py:4180} INFO - Setting next_dagrun for example_workday_timetable to 2021-01-04 00:00:00+00:00, run_after=2021-01-05 00:00:00+00:00
[2025-04-21T22:09:48.314-0300] {processor.py:208} INFO - Processing /home/jonathan-brito/python-projects/airflow/venv/lib/python3.12/site-packages/airflow/example_dags/example_workday_timetable.py took 0.142 seconds
[2025-04-21T22:10:50.672-0300] {processor.py:186} INFO - Started process (PID=127985) to work on /home/jonathan-brito/python-projects/airflow/venv/lib/python3.12/site-packages/airflow/example_dags/example_workday_timetable.py
[2025-04-21T22:10:50.678-0300] {processor.py:914} INFO - Processing file /home/jonathan-brito/python-projects/airflow/venv/lib/python3.12/site-packages/airflow/example_dags/example_workday_timetable.py for tasks to queue
[2025-04-21T22:10:50.680-0300] {logging_mixin.py:190} INFO - [2025-04-21T22:10:50.680-0300] {dagbag.py:588} INFO - Filling up the DagBag from /home/jonathan-brito/python-projects/airflow/venv/lib/python3.12/site-packages/airflow/example_dags/example_workday_timetable.py
[2025-04-21T22:10:50.684-0300] {processor.py:925} INFO - DAG(s) 'example_workday_timetable' retrieved from /home/jonathan-brito/python-projects/airflow/venv/lib/python3.12/site-packages/airflow/example_dags/example_workday_timetable.py
[2025-04-21T22:10:50.701-0300] {logging_mixin.py:190} INFO - [2025-04-21T22:10:50.700-0300] {dag.py:3239} INFO - Sync 1 DAGs
[2025-04-21T22:10:50.760-0300] {logging_mixin.py:190} INFO - [2025-04-21T22:10:50.760-0300] {dag.py:4180} INFO - Setting next_dagrun for example_workday_timetable to 2021-01-04 00:00:00+00:00, run_after=2021-01-05 00:00:00+00:00
[2025-04-21T22:10:50.790-0300] {processor.py:208} INFO - Processing /home/jonathan-brito/python-projects/airflow/venv/lib/python3.12/site-packages/airflow/example_dags/example_workday_timetable.py took 0.125 seconds
[2025-04-21T22:11:52.970-0300] {processor.py:186} INFO - Started process (PID=128737) to work on /home/jonathan-brito/python-projects/airflow/venv/lib/python3.12/site-packages/airflow/example_dags/example_workday_timetable.py
[2025-04-21T22:11:52.977-0300] {processor.py:914} INFO - Processing file /home/jonathan-brito/python-projects/airflow/venv/lib/python3.12/site-packages/airflow/example_dags/example_workday_timetable.py for tasks to queue
[2025-04-21T22:11:52.983-0300] {logging_mixin.py:190} INFO - [2025-04-21T22:11:52.982-0300] {dagbag.py:588} INFO - Filling up the DagBag from /home/jonathan-brito/python-projects/airflow/venv/lib/python3.12/site-packages/airflow/example_dags/example_workday_timetable.py
[2025-04-21T22:11:52.995-0300] {processor.py:925} INFO - DAG(s) 'example_workday_timetable' retrieved from /home/jonathan-brito/python-projects/airflow/venv/lib/python3.12/site-packages/airflow/example_dags/example_workday_timetable.py
[2025-04-21T22:11:53.016-0300] {logging_mixin.py:190} INFO - [2025-04-21T22:11:53.016-0300] {dag.py:3239} INFO - Sync 1 DAGs
[2025-04-21T22:11:53.075-0300] {logging_mixin.py:190} INFO - [2025-04-21T22:11:53.075-0300] {dag.py:4180} INFO - Setting next_dagrun for example_workday_timetable to 2021-01-04 00:00:00+00:00, run_after=2021-01-05 00:00:00+00:00
[2025-04-21T22:11:53.102-0300] {processor.py:208} INFO - Processing /home/jonathan-brito/python-projects/airflow/venv/lib/python3.12/site-packages/airflow/example_dags/example_workday_timetable.py took 0.139 seconds
[2025-04-21T22:12:55.375-0300] {processor.py:186} INFO - Started process (PID=129359) to work on /home/jonathan-brito/python-projects/airflow/venv/lib/python3.12/site-packages/airflow/example_dags/example_workday_timetable.py
[2025-04-21T22:12:55.382-0300] {processor.py:914} INFO - Processing file /home/jonathan-brito/python-projects/airflow/venv/lib/python3.12/site-packages/airflow/example_dags/example_workday_timetable.py for tasks to queue
[2025-04-21T22:12:55.384-0300] {logging_mixin.py:190} INFO - [2025-04-21T22:12:55.384-0300] {dagbag.py:588} INFO - Filling up the DagBag from /home/jonathan-brito/python-projects/airflow/venv/lib/python3.12/site-packages/airflow/example_dags/example_workday_timetable.py
[2025-04-21T22:12:55.389-0300] {processor.py:925} INFO - DAG(s) 'example_workday_timetable' retrieved from /home/jonathan-brito/python-projects/airflow/venv/lib/python3.12/site-packages/airflow/example_dags/example_workday_timetable.py
[2025-04-21T22:12:55.407-0300] {logging_mixin.py:190} INFO - [2025-04-21T22:12:55.407-0300] {dag.py:3239} INFO - Sync 1 DAGs
[2025-04-21T22:12:55.468-0300] {logging_mixin.py:190} INFO - [2025-04-21T22:12:55.468-0300] {dag.py:4180} INFO - Setting next_dagrun for example_workday_timetable to 2021-01-04 00:00:00+00:00, run_after=2021-01-05 00:00:00+00:00
[2025-04-21T22:12:55.509-0300] {processor.py:208} INFO - Processing /home/jonathan-brito/python-projects/airflow/venv/lib/python3.12/site-packages/airflow/example_dags/example_workday_timetable.py took 0.142 seconds
[2025-04-21T22:14:01.196-0300] {processor.py:186} INFO - Started process (PID=130143) to work on /home/jonathan-brito/python-projects/airflow/venv/lib/python3.12/site-packages/airflow/example_dags/example_workday_timetable.py
[2025-04-21T22:14:01.202-0300] {processor.py:914} INFO - Processing file /home/jonathan-brito/python-projects/airflow/venv/lib/python3.12/site-packages/airflow/example_dags/example_workday_timetable.py for tasks to queue
[2025-04-21T22:14:01.204-0300] {logging_mixin.py:190} INFO - [2025-04-21T22:14:01.203-0300] {dagbag.py:588} INFO - Filling up the DagBag from /home/jonathan-brito/python-projects/airflow/venv/lib/python3.12/site-packages/airflow/example_dags/example_workday_timetable.py
[2025-04-21T22:14:01.209-0300] {processor.py:925} INFO - DAG(s) 'example_workday_timetable' retrieved from /home/jonathan-brito/python-projects/airflow/venv/lib/python3.12/site-packages/airflow/example_dags/example_workday_timetable.py
[2025-04-21T22:14:01.227-0300] {logging_mixin.py:190} INFO - [2025-04-21T22:14:01.227-0300] {dag.py:3239} INFO - Sync 1 DAGs
[2025-04-21T22:14:01.297-0300] {logging_mixin.py:190} INFO - [2025-04-21T22:14:01.296-0300] {dag.py:4180} INFO - Setting next_dagrun for example_workday_timetable to 2021-01-04 00:00:00+00:00, run_after=2021-01-05 00:00:00+00:00
[2025-04-21T22:14:01.321-0300] {processor.py:208} INFO - Processing /home/jonathan-brito/python-projects/airflow/venv/lib/python3.12/site-packages/airflow/example_dags/example_workday_timetable.py took 0.133 seconds
[2025-04-21T22:15:03.099-0300] {processor.py:186} INFO - Started process (PID=130821) to work on /home/jonathan-brito/python-projects/airflow/venv/lib/python3.12/site-packages/airflow/example_dags/example_workday_timetable.py
[2025-04-21T22:15:03.106-0300] {processor.py:914} INFO - Processing file /home/jonathan-brito/python-projects/airflow/venv/lib/python3.12/site-packages/airflow/example_dags/example_workday_timetable.py for tasks to queue
[2025-04-21T22:15:03.107-0300] {logging_mixin.py:190} INFO - [2025-04-21T22:15:03.107-0300] {dagbag.py:588} INFO - Filling up the DagBag from /home/jonathan-brito/python-projects/airflow/venv/lib/python3.12/site-packages/airflow/example_dags/example_workday_timetable.py
[2025-04-21T22:15:03.112-0300] {processor.py:925} INFO - DAG(s) 'example_workday_timetable' retrieved from /home/jonathan-brito/python-projects/airflow/venv/lib/python3.12/site-packages/airflow/example_dags/example_workday_timetable.py
[2025-04-21T22:15:03.128-0300] {logging_mixin.py:190} INFO - [2025-04-21T22:15:03.128-0300] {dag.py:3239} INFO - Sync 1 DAGs
[2025-04-21T22:15:03.195-0300] {logging_mixin.py:190} INFO - [2025-04-21T22:15:03.195-0300] {dag.py:4180} INFO - Setting next_dagrun for example_workday_timetable to 2021-01-04 00:00:00+00:00, run_after=2021-01-05 00:00:00+00:00
[2025-04-21T22:15:03.228-0300] {processor.py:208} INFO - Processing /home/jonathan-brito/python-projects/airflow/venv/lib/python3.12/site-packages/airflow/example_dags/example_workday_timetable.py took 0.136 seconds
[2025-04-21T22:16:04.623-0300] {processor.py:186} INFO - Started process (PID=131468) to work on /home/jonathan-brito/python-projects/airflow/venv/lib/python3.12/site-packages/airflow/example_dags/example_workday_timetable.py
[2025-04-21T22:16:04.630-0300] {processor.py:914} INFO - Processing file /home/jonathan-brito/python-projects/airflow/venv/lib/python3.12/site-packages/airflow/example_dags/example_workday_timetable.py for tasks to queue
[2025-04-21T22:16:04.632-0300] {logging_mixin.py:190} INFO - [2025-04-21T22:16:04.631-0300] {dagbag.py:588} INFO - Filling up the DagBag from /home/jonathan-brito/python-projects/airflow/venv/lib/python3.12/site-packages/airflow/example_dags/example_workday_timetable.py
[2025-04-21T22:16:04.636-0300] {processor.py:925} INFO - DAG(s) 'example_workday_timetable' retrieved from /home/jonathan-brito/python-projects/airflow/venv/lib/python3.12/site-packages/airflow/example_dags/example_workday_timetable.py
[2025-04-21T22:16:04.653-0300] {logging_mixin.py:190} INFO - [2025-04-21T22:16:04.653-0300] {dag.py:3239} INFO - Sync 1 DAGs
[2025-04-21T22:16:04.711-0300] {logging_mixin.py:190} INFO - [2025-04-21T22:16:04.711-0300] {dag.py:4180} INFO - Setting next_dagrun for example_workday_timetable to 2021-01-04 00:00:00+00:00, run_after=2021-01-05 00:00:00+00:00
[2025-04-21T22:16:04.741-0300] {processor.py:208} INFO - Processing /home/jonathan-brito/python-projects/airflow/venv/lib/python3.12/site-packages/airflow/example_dags/example_workday_timetable.py took 0.125 seconds
[2025-04-21T22:17:07.587-0300] {processor.py:186} INFO - Started process (PID=132103) to work on /home/jonathan-brito/python-projects/airflow/venv/lib/python3.12/site-packages/airflow/example_dags/example_workday_timetable.py
[2025-04-21T22:17:07.594-0300] {processor.py:914} INFO - Processing file /home/jonathan-brito/python-projects/airflow/venv/lib/python3.12/site-packages/airflow/example_dags/example_workday_timetable.py for tasks to queue
[2025-04-21T22:17:07.595-0300] {logging_mixin.py:190} INFO - [2025-04-21T22:17:07.595-0300] {dagbag.py:588} INFO - Filling up the DagBag from /home/jonathan-brito/python-projects/airflow/venv/lib/python3.12/site-packages/airflow/example_dags/example_workday_timetable.py
[2025-04-21T22:17:07.599-0300] {processor.py:925} INFO - DAG(s) 'example_workday_timetable' retrieved from /home/jonathan-brito/python-projects/airflow/venv/lib/python3.12/site-packages/airflow/example_dags/example_workday_timetable.py
[2025-04-21T22:17:07.615-0300] {logging_mixin.py:190} INFO - [2025-04-21T22:17:07.615-0300] {dag.py:3239} INFO - Sync 1 DAGs
[2025-04-21T22:17:07.695-0300] {logging_mixin.py:190} INFO - [2025-04-21T22:17:07.694-0300] {dag.py:4180} INFO - Setting next_dagrun for example_workday_timetable to 2021-01-04 00:00:00+00:00, run_after=2021-01-05 00:00:00+00:00
[2025-04-21T22:17:07.724-0300] {processor.py:208} INFO - Processing /home/jonathan-brito/python-projects/airflow/venv/lib/python3.12/site-packages/airflow/example_dags/example_workday_timetable.py took 0.144 seconds
[2025-04-21T22:18:10.169-0300] {processor.py:186} INFO - Started process (PID=132768) to work on /home/jonathan-brito/python-projects/airflow/venv/lib/python3.12/site-packages/airflow/example_dags/example_workday_timetable.py
[2025-04-21T22:18:10.177-0300] {processor.py:914} INFO - Processing file /home/jonathan-brito/python-projects/airflow/venv/lib/python3.12/site-packages/airflow/example_dags/example_workday_timetable.py for tasks to queue
[2025-04-21T22:18:10.178-0300] {logging_mixin.py:190} INFO - [2025-04-21T22:18:10.178-0300] {dagbag.py:588} INFO - Filling up the DagBag from /home/jonathan-brito/python-projects/airflow/venv/lib/python3.12/site-packages/airflow/example_dags/example_workday_timetable.py
[2025-04-21T22:18:10.184-0300] {processor.py:925} INFO - DAG(s) 'example_workday_timetable' retrieved from /home/jonathan-brito/python-projects/airflow/venv/lib/python3.12/site-packages/airflow/example_dags/example_workday_timetable.py
[2025-04-21T22:18:10.202-0300] {logging_mixin.py:190} INFO - [2025-04-21T22:18:10.202-0300] {dag.py:3239} INFO - Sync 1 DAGs
[2025-04-21T22:18:10.260-0300] {logging_mixin.py:190} INFO - [2025-04-21T22:18:10.260-0300] {dag.py:4180} INFO - Setting next_dagrun for example_workday_timetable to 2021-01-04 00:00:00+00:00, run_after=2021-01-05 00:00:00+00:00
[2025-04-21T22:18:10.290-0300] {processor.py:208} INFO - Processing /home/jonathan-brito/python-projects/airflow/venv/lib/python3.12/site-packages/airflow/example_dags/example_workday_timetable.py took 0.129 seconds
[2025-04-21T22:19:14.123-0300] {processor.py:186} INFO - Started process (PID=133435) to work on /home/jonathan-brito/python-projects/airflow/venv/lib/python3.12/site-packages/airflow/example_dags/example_workday_timetable.py
[2025-04-21T22:19:14.132-0300] {processor.py:914} INFO - Processing file /home/jonathan-brito/python-projects/airflow/venv/lib/python3.12/site-packages/airflow/example_dags/example_workday_timetable.py for tasks to queue
[2025-04-21T22:19:14.135-0300] {logging_mixin.py:190} INFO - [2025-04-21T22:19:14.134-0300] {dagbag.py:588} INFO - Filling up the DagBag from /home/jonathan-brito/python-projects/airflow/venv/lib/python3.12/site-packages/airflow/example_dags/example_workday_timetable.py
[2025-04-21T22:19:14.142-0300] {processor.py:925} INFO - DAG(s) 'example_workday_timetable' retrieved from /home/jonathan-brito/python-projects/airflow/venv/lib/python3.12/site-packages/airflow/example_dags/example_workday_timetable.py
[2025-04-21T22:19:14.169-0300] {logging_mixin.py:190} INFO - [2025-04-21T22:19:14.168-0300] {dag.py:3239} INFO - Sync 1 DAGs
[2025-04-21T22:19:14.266-0300] {logging_mixin.py:190} INFO - [2025-04-21T22:19:14.266-0300] {dag.py:4180} INFO - Setting next_dagrun for example_workday_timetable to 2021-01-04 00:00:00+00:00, run_after=2021-01-05 00:00:00+00:00
[2025-04-21T22:19:14.296-0300] {processor.py:208} INFO - Processing /home/jonathan-brito/python-projects/airflow/venv/lib/python3.12/site-packages/airflow/example_dags/example_workday_timetable.py took 0.196 seconds
[2025-04-21T22:20:18.237-0300] {processor.py:186} INFO - Started process (PID=134156) to work on /home/jonathan-brito/python-projects/airflow/venv/lib/python3.12/site-packages/airflow/example_dags/example_workday_timetable.py
[2025-04-21T22:20:18.244-0300] {processor.py:914} INFO - Processing file /home/jonathan-brito/python-projects/airflow/venv/lib/python3.12/site-packages/airflow/example_dags/example_workday_timetable.py for tasks to queue
[2025-04-21T22:20:18.245-0300] {logging_mixin.py:190} INFO - [2025-04-21T22:20:18.245-0300] {dagbag.py:588} INFO - Filling up the DagBag from /home/jonathan-brito/python-projects/airflow/venv/lib/python3.12/site-packages/airflow/example_dags/example_workday_timetable.py
[2025-04-21T22:20:18.249-0300] {processor.py:925} INFO - DAG(s) 'example_workday_timetable' retrieved from /home/jonathan-brito/python-projects/airflow/venv/lib/python3.12/site-packages/airflow/example_dags/example_workday_timetable.py
[2025-04-21T22:20:18.265-0300] {logging_mixin.py:190} INFO - [2025-04-21T22:20:18.265-0300] {dag.py:3239} INFO - Sync 1 DAGs
[2025-04-21T22:20:18.328-0300] {logging_mixin.py:190} INFO - [2025-04-21T22:20:18.327-0300] {dag.py:4180} INFO - Setting next_dagrun for example_workday_timetable to 2021-01-04 00:00:00+00:00, run_after=2021-01-05 00:00:00+00:00
[2025-04-21T22:20:18.359-0300] {processor.py:208} INFO - Processing /home/jonathan-brito/python-projects/airflow/venv/lib/python3.12/site-packages/airflow/example_dags/example_workday_timetable.py took 0.129 seconds
[2025-04-22T10:24:12.387-0300] {processor.py:186} INFO - Started process (PID=10792) to work on /home/jonathan-brito/python-projects/airflow/venv/lib/python3.12/site-packages/airflow/example_dags/example_workday_timetable.py
[2025-04-22T10:24:12.394-0300] {processor.py:914} INFO - Processing file /home/jonathan-brito/python-projects/airflow/venv/lib/python3.12/site-packages/airflow/example_dags/example_workday_timetable.py for tasks to queue
[2025-04-22T10:24:12.397-0300] {logging_mixin.py:190} INFO - [2025-04-22T10:24:12.396-0300] {dagbag.py:588} INFO - Filling up the DagBag from /home/jonathan-brito/python-projects/airflow/venv/lib/python3.12/site-packages/airflow/example_dags/example_workday_timetable.py
[2025-04-22T10:24:12.405-0300] {processor.py:925} INFO - DAG(s) 'example_workday_timetable' retrieved from /home/jonathan-brito/python-projects/airflow/venv/lib/python3.12/site-packages/airflow/example_dags/example_workday_timetable.py
[2025-04-22T10:24:12.424-0300] {logging_mixin.py:190} INFO - [2025-04-22T10:24:12.424-0300] {dag.py:3239} INFO - Sync 1 DAGs
[2025-04-22T10:24:12.492-0300] {logging_mixin.py:190} INFO - [2025-04-22T10:24:12.491-0300] {dag.py:4180} INFO - Setting next_dagrun for example_workday_timetable to 2021-01-04 00:00:00+00:00, run_after=2021-01-05 00:00:00+00:00
[2025-04-22T10:24:12.520-0300] {processor.py:208} INFO - Processing /home/jonathan-brito/python-projects/airflow/venv/lib/python3.12/site-packages/airflow/example_dags/example_workday_timetable.py took 0.140 seconds
[2025-04-22T10:25:24.451-0300] {processor.py:186} INFO - Started process (PID=11902) to work on /home/jonathan-brito/python-projects/airflow/venv/lib/python3.12/site-packages/airflow/example_dags/example_workday_timetable.py
[2025-04-22T10:25:24.458-0300] {processor.py:914} INFO - Processing file /home/jonathan-brito/python-projects/airflow/venv/lib/python3.12/site-packages/airflow/example_dags/example_workday_timetable.py for tasks to queue
[2025-04-22T10:25:24.461-0300] {logging_mixin.py:190} INFO - [2025-04-22T10:25:24.461-0300] {dagbag.py:588} INFO - Filling up the DagBag from /home/jonathan-brito/python-projects/airflow/venv/lib/python3.12/site-packages/airflow/example_dags/example_workday_timetable.py
[2025-04-22T10:25:24.470-0300] {processor.py:925} INFO - DAG(s) 'example_workday_timetable' retrieved from /home/jonathan-brito/python-projects/airflow/venv/lib/python3.12/site-packages/airflow/example_dags/example_workday_timetable.py
[2025-04-22T10:25:24.487-0300] {logging_mixin.py:190} INFO - [2025-04-22T10:25:24.487-0300] {dag.py:3239} INFO - Sync 1 DAGs
[2025-04-22T10:25:24.555-0300] {logging_mixin.py:190} INFO - [2025-04-22T10:25:24.554-0300] {dag.py:4180} INFO - Setting next_dagrun for example_workday_timetable to 2021-01-04 00:00:00+00:00, run_after=2021-01-05 00:00:00+00:00
[2025-04-22T10:25:24.583-0300] {processor.py:208} INFO - Processing /home/jonathan-brito/python-projects/airflow/venv/lib/python3.12/site-packages/airflow/example_dags/example_workday_timetable.py took 0.142 seconds
[2025-04-22T10:27:34.835-0300] {processor.py:186} INFO - Started process (PID=13847) to work on /home/jonathan-brito/python-projects/airflow/venv/lib/python3.12/site-packages/airflow/example_dags/example_workday_timetable.py
[2025-04-22T10:27:34.842-0300] {processor.py:914} INFO - Processing file /home/jonathan-brito/python-projects/airflow/venv/lib/python3.12/site-packages/airflow/example_dags/example_workday_timetable.py for tasks to queue
[2025-04-22T10:27:34.845-0300] {logging_mixin.py:190} INFO - [2025-04-22T10:27:34.845-0300] {dagbag.py:588} INFO - Filling up the DagBag from /home/jonathan-brito/python-projects/airflow/venv/lib/python3.12/site-packages/airflow/example_dags/example_workday_timetable.py
[2025-04-22T10:27:34.855-0300] {processor.py:925} INFO - DAG(s) 'example_workday_timetable' retrieved from /home/jonathan-brito/python-projects/airflow/venv/lib/python3.12/site-packages/airflow/example_dags/example_workday_timetable.py
[2025-04-22T10:27:34.874-0300] {logging_mixin.py:190} INFO - [2025-04-22T10:27:34.874-0300] {dag.py:3239} INFO - Sync 1 DAGs
[2025-04-22T10:27:34.969-0300] {logging_mixin.py:190} INFO - [2025-04-22T10:27:34.968-0300] {dag.py:4180} INFO - Setting next_dagrun for example_workday_timetable to 2021-01-04 00:00:00+00:00, run_after=2021-01-05 00:00:00+00:00
[2025-04-22T10:27:35.025-0300] {processor.py:208} INFO - Processing /home/jonathan-brito/python-projects/airflow/venv/lib/python3.12/site-packages/airflow/example_dags/example_workday_timetable.py took 0.196 seconds
[2025-04-22T10:30:22.921-0300] {processor.py:186} INFO - Started process (PID=16082) to work on /home/jonathan-brito/python-projects/airflow/venv/lib/python3.12/site-packages/airflow/example_dags/example_workday_timetable.py
[2025-04-22T10:30:22.928-0300] {processor.py:914} INFO - Processing file /home/jonathan-brito/python-projects/airflow/venv/lib/python3.12/site-packages/airflow/example_dags/example_workday_timetable.py for tasks to queue
[2025-04-22T10:30:22.931-0300] {logging_mixin.py:190} INFO - [2025-04-22T10:30:22.931-0300] {dagbag.py:588} INFO - Filling up the DagBag from /home/jonathan-brito/python-projects/airflow/venv/lib/python3.12/site-packages/airflow/example_dags/example_workday_timetable.py
[2025-04-22T10:30:22.940-0300] {processor.py:925} INFO - DAG(s) 'example_workday_timetable' retrieved from /home/jonathan-brito/python-projects/airflow/venv/lib/python3.12/site-packages/airflow/example_dags/example_workday_timetable.py
[2025-04-22T10:30:22.957-0300] {logging_mixin.py:190} INFO - [2025-04-22T10:30:22.957-0300] {dag.py:3239} INFO - Sync 1 DAGs
[2025-04-22T10:30:23.021-0300] {logging_mixin.py:190} INFO - [2025-04-22T10:30:23.021-0300] {dag.py:4180} INFO - Setting next_dagrun for example_workday_timetable to 2021-01-04 00:00:00+00:00, run_after=2021-01-05 00:00:00+00:00
[2025-04-22T10:30:23.051-0300] {processor.py:208} INFO - Processing /home/jonathan-brito/python-projects/airflow/venv/lib/python3.12/site-packages/airflow/example_dags/example_workday_timetable.py took 0.137 seconds
[2025-04-22T10:31:12.352-0300] {processor.py:186} INFO - Started process (PID=16617) to work on /home/jonathan-brito/python-projects/airflow/venv/lib/python3.12/site-packages/airflow/example_dags/example_workday_timetable.py
[2025-04-22T10:31:12.359-0300] {processor.py:914} INFO - Processing file /home/jonathan-brito/python-projects/airflow/venv/lib/python3.12/site-packages/airflow/example_dags/example_workday_timetable.py for tasks to queue
[2025-04-22T10:31:12.363-0300] {logging_mixin.py:190} INFO - [2025-04-22T10:31:12.362-0300] {dagbag.py:588} INFO - Filling up the DagBag from /home/jonathan-brito/python-projects/airflow/venv/lib/python3.12/site-packages/airflow/example_dags/example_workday_timetable.py
[2025-04-22T10:31:12.371-0300] {processor.py:925} INFO - DAG(s) 'example_workday_timetable' retrieved from /home/jonathan-brito/python-projects/airflow/venv/lib/python3.12/site-packages/airflow/example_dags/example_workday_timetable.py
[2025-04-22T10:31:12.399-0300] {logging_mixin.py:190} INFO - [2025-04-22T10:31:12.398-0300] {dag.py:3239} INFO - Sync 1 DAGs
[2025-04-22T10:31:12.515-0300] {logging_mixin.py:190} INFO - [2025-04-22T10:31:12.514-0300] {dag.py:4180} INFO - Setting next_dagrun for example_workday_timetable to 2021-01-04 00:00:00+00:00, run_after=2021-01-05 00:00:00+00:00
[2025-04-22T10:31:12.560-0300] {processor.py:208} INFO - Processing /home/jonathan-brito/python-projects/airflow/venv/lib/python3.12/site-packages/airflow/example_dags/example_workday_timetable.py took 0.217 seconds
[2025-04-22T11:08:02.092-0300] {processor.py:186} INFO - Started process (PID=49600) to work on /home/jonathan-brito/python-projects/airflow/venv/lib/python3.12/site-packages/airflow/example_dags/example_workday_timetable.py
[2025-04-22T11:08:02.094-0300] {processor.py:914} INFO - Processing file /home/jonathan-brito/python-projects/airflow/venv/lib/python3.12/site-packages/airflow/example_dags/example_workday_timetable.py for tasks to queue
[2025-04-22T11:08:02.095-0300] {logging_mixin.py:190} INFO - [2025-04-22T11:08:02.095-0300] {dagbag.py:588} INFO - Filling up the DagBag from /home/jonathan-brito/python-projects/airflow/venv/lib/python3.12/site-packages/airflow/example_dags/example_workday_timetable.py
[2025-04-22T11:08:02.101-0300] {processor.py:925} INFO - DAG(s) 'example_workday_timetable' retrieved from /home/jonathan-brito/python-projects/airflow/venv/lib/python3.12/site-packages/airflow/example_dags/example_workday_timetable.py
[2025-04-22T11:08:02.119-0300] {logging_mixin.py:190} INFO - [2025-04-22T11:08:02.119-0300] {dag.py:3239} INFO - Sync 1 DAGs
[2025-04-22T11:08:02.229-0300] {logging_mixin.py:190} INFO - [2025-04-22T11:08:02.229-0300] {dag.py:4180} INFO - Setting next_dagrun for example_workday_timetable to 2021-01-04 00:00:00+00:00, run_after=2021-01-05 00:00:00+00:00
[2025-04-22T11:08:02.256-0300] {processor.py:208} INFO - Processing /home/jonathan-brito/python-projects/airflow/venv/lib/python3.12/site-packages/airflow/example_dags/example_workday_timetable.py took 0.171 seconds
[2025-04-22T11:09:02.077-0300] {processor.py:186} INFO - Started process (PID=49992) to work on /home/jonathan-brito/python-projects/airflow/venv/lib/python3.12/site-packages/airflow/example_dags/example_workday_timetable.py
[2025-04-22T11:09:02.084-0300] {processor.py:914} INFO - Processing file /home/jonathan-brito/python-projects/airflow/venv/lib/python3.12/site-packages/airflow/example_dags/example_workday_timetable.py for tasks to queue
[2025-04-22T11:09:02.087-0300] {logging_mixin.py:190} INFO - [2025-04-22T11:09:02.086-0300] {dagbag.py:588} INFO - Filling up the DagBag from /home/jonathan-brito/python-projects/airflow/venv/lib/python3.12/site-packages/airflow/example_dags/example_workday_timetable.py
[2025-04-22T11:09:02.094-0300] {processor.py:925} INFO - DAG(s) 'example_workday_timetable' retrieved from /home/jonathan-brito/python-projects/airflow/venv/lib/python3.12/site-packages/airflow/example_dags/example_workday_timetable.py
[2025-04-22T11:09:02.115-0300] {logging_mixin.py:190} INFO - [2025-04-22T11:09:02.114-0300] {dag.py:3239} INFO - Sync 1 DAGs
[2025-04-22T11:09:02.176-0300] {logging_mixin.py:190} INFO - [2025-04-22T11:09:02.175-0300] {dag.py:4180} INFO - Setting next_dagrun for example_workday_timetable to 2021-01-04 00:00:00+00:00, run_after=2021-01-05 00:00:00+00:00
[2025-04-22T11:09:02.197-0300] {processor.py:208} INFO - Processing /home/jonathan-brito/python-projects/airflow/venv/lib/python3.12/site-packages/airflow/example_dags/example_workday_timetable.py took 0.130 seconds
[2025-04-22T11:09:59.924-0300] {processor.py:186} INFO - Started process (PID=50511) to work on /home/jonathan-brito/python-projects/airflow/venv/lib/python3.12/site-packages/airflow/example_dags/example_workday_timetable.py
[2025-04-22T11:09:59.932-0300] {processor.py:914} INFO - Processing file /home/jonathan-brito/python-projects/airflow/venv/lib/python3.12/site-packages/airflow/example_dags/example_workday_timetable.py for tasks to queue
[2025-04-22T11:09:59.934-0300] {logging_mixin.py:190} INFO - [2025-04-22T11:09:59.934-0300] {dagbag.py:588} INFO - Filling up the DagBag from /home/jonathan-brito/python-projects/airflow/venv/lib/python3.12/site-packages/airflow/example_dags/example_workday_timetable.py
[2025-04-22T11:09:59.940-0300] {processor.py:925} INFO - DAG(s) 'example_workday_timetable' retrieved from /home/jonathan-brito/python-projects/airflow/venv/lib/python3.12/site-packages/airflow/example_dags/example_workday_timetable.py
[2025-04-22T11:09:59.962-0300] {logging_mixin.py:190} INFO - [2025-04-22T11:09:59.962-0300] {dag.py:3239} INFO - Sync 1 DAGs
[2025-04-22T11:10:00.035-0300] {logging_mixin.py:190} INFO - [2025-04-22T11:10:00.035-0300] {dag.py:4180} INFO - Setting next_dagrun for example_workday_timetable to 2021-01-04 00:00:00+00:00, run_after=2021-01-05 00:00:00+00:00
[2025-04-22T11:10:00.069-0300] {processor.py:208} INFO - Processing /home/jonathan-brito/python-projects/airflow/venv/lib/python3.12/site-packages/airflow/example_dags/example_workday_timetable.py took 0.153 seconds
[2025-04-22T11:11:03.320-0300] {processor.py:186} INFO - Started process (PID=50919) to work on /home/jonathan-brito/python-projects/airflow/venv/lib/python3.12/site-packages/airflow/example_dags/example_workday_timetable.py
[2025-04-22T11:11:03.327-0300] {processor.py:914} INFO - Processing file /home/jonathan-brito/python-projects/airflow/venv/lib/python3.12/site-packages/airflow/example_dags/example_workday_timetable.py for tasks to queue
[2025-04-22T11:11:03.329-0300] {logging_mixin.py:190} INFO - [2025-04-22T11:11:03.329-0300] {dagbag.py:588} INFO - Filling up the DagBag from /home/jonathan-brito/python-projects/airflow/venv/lib/python3.12/site-packages/airflow/example_dags/example_workday_timetable.py
[2025-04-22T11:11:03.336-0300] {processor.py:925} INFO - DAG(s) 'example_workday_timetable' retrieved from /home/jonathan-brito/python-projects/airflow/venv/lib/python3.12/site-packages/airflow/example_dags/example_workday_timetable.py
[2025-04-22T11:11:03.356-0300] {logging_mixin.py:190} INFO - [2025-04-22T11:11:03.356-0300] {dag.py:3239} INFO - Sync 1 DAGs
[2025-04-22T11:11:03.437-0300] {logging_mixin.py:190} INFO - [2025-04-22T11:11:03.437-0300] {dag.py:4180} INFO - Setting next_dagrun for example_workday_timetable to 2021-01-04 00:00:00+00:00, run_after=2021-01-05 00:00:00+00:00
[2025-04-22T11:11:03.470-0300] {processor.py:208} INFO - Processing /home/jonathan-brito/python-projects/airflow/venv/lib/python3.12/site-packages/airflow/example_dags/example_workday_timetable.py took 0.158 seconds
