[2025-04-21T21:24:11.778-0300] {processor.py:186} INFO - Started process (PID=70876) to work on /home/jonathan-brito/python-projects/airflow/venv/lib/python3.12/site-packages/airflow/example_dags/example_branch_labels.py
[2025-04-21T21:24:11.780-0300] {processor.py:914} INFO - Processing file /home/jonathan-brito/python-projects/airflow/venv/lib/python3.12/site-packages/airflow/example_dags/example_branch_labels.py for tasks to queue
[2025-04-21T21:24:11.783-0300] {logging_mixin.py:190} INFO - [2025-04-21T21:24:11.783-0300] {dagbag.py:588} INFO - Filling up the DagBag from /home/jonathan-brito/python-projects/airflow/venv/lib/python3.12/site-packages/airflow/example_dags/example_branch_labels.py
[2025-04-21T21:24:11.797-0300] {processor.py:925} INFO - DAG(s) 'example_branch_labels' retrieved from /home/jonathan-brito/python-projects/airflow/venv/lib/python3.12/site-packages/airflow/example_dags/example_branch_labels.py
[2025-04-21T21:24:11.815-0300] {logging_mixin.py:190} INFO - [2025-04-21T21:24:11.815-0300] {dag.py:3239} INFO - Sync 1 DAGs
[2025-04-21T21:24:11.847-0300] {logging_mixin.py:190} INFO - [2025-04-21T21:24:11.847-0300] {dag.py:4180} INFO - Setting next_dagrun for example_branch_labels to 2025-04-21 00:00:00+00:00, run_after=2025-04-22 00:00:00+00:00
[2025-04-21T21:24:11.883-0300] {processor.py:208} INFO - Processing /home/jonathan-brito/python-projects/airflow/venv/lib/python3.12/site-packages/airflow/example_dags/example_branch_labels.py took 0.119 seconds
[2025-04-21T22:10:28.474-0300] {processor.py:186} INFO - Started process (PID=127510) to work on /home/jonathan-brito/python-projects/airflow/venv/lib/python3.12/site-packages/airflow/example_dags/example_branch_labels.py
[2025-04-21T22:10:28.480-0300] {processor.py:914} INFO - Processing file /home/jonathan-brito/python-projects/airflow/venv/lib/python3.12/site-packages/airflow/example_dags/example_branch_labels.py for tasks to queue
[2025-04-21T22:10:28.482-0300] {logging_mixin.py:190} INFO - [2025-04-21T22:10:28.481-0300] {dagbag.py:588} INFO - Filling up the DagBag from /home/jonathan-brito/python-projects/airflow/venv/lib/python3.12/site-packages/airflow/example_dags/example_branch_labels.py
[2025-04-21T22:10:28.490-0300] {processor.py:925} INFO - DAG(s) 'example_branch_labels' retrieved from /home/jonathan-brito/python-projects/airflow/venv/lib/python3.12/site-packages/airflow/example_dags/example_branch_labels.py
[2025-04-21T22:10:28.507-0300] {logging_mixin.py:190} INFO - [2025-04-21T22:10:28.507-0300] {dag.py:3239} INFO - Sync 1 DAGs
[2025-04-21T22:10:28.537-0300] {logging_mixin.py:190} INFO - [2025-04-21T22:10:28.536-0300] {dag.py:4180} INFO - Setting next_dagrun for example_branch_labels to 2025-04-21 00:00:00+00:00, run_after=2025-04-22 00:00:00+00:00
[2025-04-21T22:10:28.576-0300] {processor.py:208} INFO - Processing /home/jonathan-brito/python-projects/airflow/venv/lib/python3.12/site-packages/airflow/example_dags/example_branch_labels.py took 0.108 seconds
[2025-04-21T22:11:32.287-0300] {processor.py:186} INFO - Started process (PID=128494) to work on /home/jonathan-brito/python-projects/airflow/venv/lib/python3.12/site-packages/airflow/example_dags/example_branch_labels.py
[2025-04-21T22:11:32.294-0300] {processor.py:914} INFO - Processing file /home/jonathan-brito/python-projects/airflow/venv/lib/python3.12/site-packages/airflow/example_dags/example_branch_labels.py for tasks to queue
[2025-04-21T22:11:32.296-0300] {logging_mixin.py:190} INFO - [2025-04-21T22:11:32.295-0300] {dagbag.py:588} INFO - Filling up the DagBag from /home/jonathan-brito/python-projects/airflow/venv/lib/python3.12/site-packages/airflow/example_dags/example_branch_labels.py
[2025-04-21T22:11:32.307-0300] {processor.py:925} INFO - DAG(s) 'example_branch_labels' retrieved from /home/jonathan-brito/python-projects/airflow/venv/lib/python3.12/site-packages/airflow/example_dags/example_branch_labels.py
[2025-04-21T22:11:32.329-0300] {logging_mixin.py:190} INFO - [2025-04-21T22:11:32.329-0300] {dag.py:3239} INFO - Sync 1 DAGs
[2025-04-21T22:11:32.352-0300] {logging_mixin.py:190} INFO - [2025-04-21T22:11:32.352-0300] {dag.py:4180} INFO - Setting next_dagrun for example_branch_labels to 2025-04-21 00:00:00+00:00, run_after=2025-04-22 00:00:00+00:00
[2025-04-21T22:11:32.382-0300] {processor.py:208} INFO - Processing /home/jonathan-brito/python-projects/airflow/venv/lib/python3.12/site-packages/airflow/example_dags/example_branch_labels.py took 0.104 seconds
[2025-04-21T22:12:34.642-0300] {processor.py:186} INFO - Started process (PID=129168) to work on /home/jonathan-brito/python-projects/airflow/venv/lib/python3.12/site-packages/airflow/example_dags/example_branch_labels.py
[2025-04-21T22:12:34.650-0300] {processor.py:914} INFO - Processing file /home/jonathan-brito/python-projects/airflow/venv/lib/python3.12/site-packages/airflow/example_dags/example_branch_labels.py for tasks to queue
[2025-04-21T22:12:34.654-0300] {logging_mixin.py:190} INFO - [2025-04-21T22:12:34.653-0300] {dagbag.py:588} INFO - Filling up the DagBag from /home/jonathan-brito/python-projects/airflow/venv/lib/python3.12/site-packages/airflow/example_dags/example_branch_labels.py
[2025-04-21T22:12:34.676-0300] {processor.py:925} INFO - DAG(s) 'example_branch_labels' retrieved from /home/jonathan-brito/python-projects/airflow/venv/lib/python3.12/site-packages/airflow/example_dags/example_branch_labels.py
[2025-04-21T22:12:34.697-0300] {logging_mixin.py:190} INFO - [2025-04-21T22:12:34.696-0300] {dag.py:3239} INFO - Sync 1 DAGs
[2025-04-21T22:12:34.716-0300] {logging_mixin.py:190} INFO - [2025-04-21T22:12:34.715-0300] {dag.py:4180} INFO - Setting next_dagrun for example_branch_labels to 2025-04-21 00:00:00+00:00, run_after=2025-04-22 00:00:00+00:00
[2025-04-21T22:12:34.749-0300] {processor.py:208} INFO - Processing /home/jonathan-brito/python-projects/airflow/venv/lib/python3.12/site-packages/airflow/example_dags/example_branch_labels.py took 0.113 seconds
[2025-04-21T22:13:39.556-0300] {processor.py:186} INFO - Started process (PID=129928) to work on /home/jonathan-brito/python-projects/airflow/venv/lib/python3.12/site-packages/airflow/example_dags/example_branch_labels.py
[2025-04-21T22:13:39.564-0300] {processor.py:914} INFO - Processing file /home/jonathan-brito/python-projects/airflow/venv/lib/python3.12/site-packages/airflow/example_dags/example_branch_labels.py for tasks to queue
[2025-04-21T22:13:39.568-0300] {logging_mixin.py:190} INFO - [2025-04-21T22:13:39.567-0300] {dagbag.py:588} INFO - Filling up the DagBag from /home/jonathan-brito/python-projects/airflow/venv/lib/python3.12/site-packages/airflow/example_dags/example_branch_labels.py
[2025-04-21T22:13:39.594-0300] {processor.py:925} INFO - DAG(s) 'example_branch_labels' retrieved from /home/jonathan-brito/python-projects/airflow/venv/lib/python3.12/site-packages/airflow/example_dags/example_branch_labels.py
[2025-04-21T22:13:39.625-0300] {logging_mixin.py:190} INFO - [2025-04-21T22:13:39.625-0300] {dag.py:3239} INFO - Sync 1 DAGs
[2025-04-21T22:13:39.645-0300] {logging_mixin.py:190} INFO - [2025-04-21T22:13:39.644-0300] {dag.py:4180} INFO - Setting next_dagrun for example_branch_labels to 2025-04-21 00:00:00+00:00, run_after=2025-04-22 00:00:00+00:00
[2025-04-21T22:13:39.676-0300] {processor.py:208} INFO - Processing /home/jonathan-brito/python-projects/airflow/venv/lib/python3.12/site-packages/airflow/example_dags/example_branch_labels.py took 0.142 seconds
[2025-04-21T22:14:40.893-0300] {processor.py:186} INFO - Started process (PID=130615) to work on /home/jonathan-brito/python-projects/airflow/venv/lib/python3.12/site-packages/airflow/example_dags/example_branch_labels.py
[2025-04-21T22:14:40.900-0300] {processor.py:914} INFO - Processing file /home/jonathan-brito/python-projects/airflow/venv/lib/python3.12/site-packages/airflow/example_dags/example_branch_labels.py for tasks to queue
[2025-04-21T22:14:40.901-0300] {logging_mixin.py:190} INFO - [2025-04-21T22:14:40.901-0300] {dagbag.py:588} INFO - Filling up the DagBag from /home/jonathan-brito/python-projects/airflow/venv/lib/python3.12/site-packages/airflow/example_dags/example_branch_labels.py
[2025-04-21T22:14:40.909-0300] {processor.py:925} INFO - DAG(s) 'example_branch_labels' retrieved from /home/jonathan-brito/python-projects/airflow/venv/lib/python3.12/site-packages/airflow/example_dags/example_branch_labels.py
[2025-04-21T22:14:40.945-0300] {logging_mixin.py:190} INFO - [2025-04-21T22:14:40.945-0300] {dag.py:3239} INFO - Sync 1 DAGs
[2025-04-21T22:14:40.974-0300] {logging_mixin.py:190} INFO - [2025-04-21T22:14:40.974-0300] {dag.py:4180} INFO - Setting next_dagrun for example_branch_labels to 2025-04-21 00:00:00+00:00, run_after=2025-04-22 00:00:00+00:00
[2025-04-21T22:14:41.006-0300] {processor.py:208} INFO - Processing /home/jonathan-brito/python-projects/airflow/venv/lib/python3.12/site-packages/airflow/example_dags/example_branch_labels.py took 0.121 seconds
[2025-04-21T22:15:43.483-0300] {processor.py:186} INFO - Started process (PID=131287) to work on /home/jonathan-brito/python-projects/airflow/venv/lib/python3.12/site-packages/airflow/example_dags/example_branch_labels.py
[2025-04-21T22:15:43.490-0300] {processor.py:914} INFO - Processing file /home/jonathan-brito/python-projects/airflow/venv/lib/python3.12/site-packages/airflow/example_dags/example_branch_labels.py for tasks to queue
[2025-04-21T22:15:43.492-0300] {logging_mixin.py:190} INFO - [2025-04-21T22:15:43.492-0300] {dagbag.py:588} INFO - Filling up the DagBag from /home/jonathan-brito/python-projects/airflow/venv/lib/python3.12/site-packages/airflow/example_dags/example_branch_labels.py
[2025-04-21T22:15:43.503-0300] {processor.py:925} INFO - DAG(s) 'example_branch_labels' retrieved from /home/jonathan-brito/python-projects/airflow/venv/lib/python3.12/site-packages/airflow/example_dags/example_branch_labels.py
[2025-04-21T22:15:43.532-0300] {logging_mixin.py:190} INFO - [2025-04-21T22:15:43.532-0300] {dag.py:3239} INFO - Sync 1 DAGs
[2025-04-21T22:15:43.565-0300] {logging_mixin.py:190} INFO - [2025-04-21T22:15:43.564-0300] {dag.py:4180} INFO - Setting next_dagrun for example_branch_labels to 2025-04-21 00:00:00+00:00, run_after=2025-04-22 00:00:00+00:00
[2025-04-21T22:15:43.610-0300] {processor.py:208} INFO - Processing /home/jonathan-brito/python-projects/airflow/venv/lib/python3.12/site-packages/airflow/example_dags/example_branch_labels.py took 0.135 seconds
[2025-04-21T22:16:45.803-0300] {processor.py:186} INFO - Started process (PID=131916) to work on /home/jonathan-brito/python-projects/airflow/venv/lib/python3.12/site-packages/airflow/example_dags/example_branch_labels.py
[2025-04-21T22:16:45.813-0300] {processor.py:914} INFO - Processing file /home/jonathan-brito/python-projects/airflow/venv/lib/python3.12/site-packages/airflow/example_dags/example_branch_labels.py for tasks to queue
[2025-04-21T22:16:45.817-0300] {logging_mixin.py:190} INFO - [2025-04-21T22:16:45.816-0300] {dagbag.py:588} INFO - Filling up the DagBag from /home/jonathan-brito/python-projects/airflow/venv/lib/python3.12/site-packages/airflow/example_dags/example_branch_labels.py
[2025-04-21T22:16:45.847-0300] {processor.py:925} INFO - DAG(s) 'example_branch_labels' retrieved from /home/jonathan-brito/python-projects/airflow/venv/lib/python3.12/site-packages/airflow/example_dags/example_branch_labels.py
[2025-04-21T22:16:45.879-0300] {logging_mixin.py:190} INFO - [2025-04-21T22:16:45.879-0300] {dag.py:3239} INFO - Sync 1 DAGs
[2025-04-21T22:16:45.929-0300] {logging_mixin.py:190} INFO - [2025-04-21T22:16:45.928-0300] {dag.py:4180} INFO - Setting next_dagrun for example_branch_labels to 2025-04-21 00:00:00+00:00, run_after=2025-04-22 00:00:00+00:00
[2025-04-21T22:16:45.991-0300] {processor.py:208} INFO - Processing /home/jonathan-brito/python-projects/airflow/venv/lib/python3.12/site-packages/airflow/example_dags/example_branch_labels.py took 0.209 seconds
[2025-04-21T22:17:49.196-0300] {processor.py:186} INFO - Started process (PID=132586) to work on /home/jonathan-brito/python-projects/airflow/venv/lib/python3.12/site-packages/airflow/example_dags/example_branch_labels.py
[2025-04-21T22:17:49.203-0300] {processor.py:914} INFO - Processing file /home/jonathan-brito/python-projects/airflow/venv/lib/python3.12/site-packages/airflow/example_dags/example_branch_labels.py for tasks to queue
[2025-04-21T22:17:49.205-0300] {logging_mixin.py:190} INFO - [2025-04-21T22:17:49.205-0300] {dagbag.py:588} INFO - Filling up the DagBag from /home/jonathan-brito/python-projects/airflow/venv/lib/python3.12/site-packages/airflow/example_dags/example_branch_labels.py
[2025-04-21T22:17:49.214-0300] {processor.py:925} INFO - DAG(s) 'example_branch_labels' retrieved from /home/jonathan-brito/python-projects/airflow/venv/lib/python3.12/site-packages/airflow/example_dags/example_branch_labels.py
[2025-04-21T22:17:49.235-0300] {logging_mixin.py:190} INFO - [2025-04-21T22:17:49.235-0300] {dag.py:3239} INFO - Sync 1 DAGs
[2025-04-21T22:17:49.268-0300] {logging_mixin.py:190} INFO - [2025-04-21T22:17:49.268-0300] {dag.py:4180} INFO - Setting next_dagrun for example_branch_labels to 2025-04-21 00:00:00+00:00, run_after=2025-04-22 00:00:00+00:00
[2025-04-21T22:17:49.311-0300] {processor.py:208} INFO - Processing /home/jonathan-brito/python-projects/airflow/venv/lib/python3.12/site-packages/airflow/example_dags/example_branch_labels.py took 0.121 seconds
[2025-04-21T22:18:51.206-0300] {processor.py:186} INFO - Started process (PID=133207) to work on /home/jonathan-brito/python-projects/airflow/venv/lib/python3.12/site-packages/airflow/example_dags/example_branch_labels.py
[2025-04-21T22:18:51.213-0300] {processor.py:914} INFO - Processing file /home/jonathan-brito/python-projects/airflow/venv/lib/python3.12/site-packages/airflow/example_dags/example_branch_labels.py for tasks to queue
[2025-04-21T22:18:51.215-0300] {logging_mixin.py:190} INFO - [2025-04-21T22:18:51.214-0300] {dagbag.py:588} INFO - Filling up the DagBag from /home/jonathan-brito/python-projects/airflow/venv/lib/python3.12/site-packages/airflow/example_dags/example_branch_labels.py
[2025-04-21T22:18:51.223-0300] {processor.py:925} INFO - DAG(s) 'example_branch_labels' retrieved from /home/jonathan-brito/python-projects/airflow/venv/lib/python3.12/site-packages/airflow/example_dags/example_branch_labels.py
[2025-04-21T22:18:51.241-0300] {logging_mixin.py:190} INFO - [2025-04-21T22:18:51.241-0300] {dag.py:3239} INFO - Sync 1 DAGs
[2025-04-21T22:18:51.260-0300] {logging_mixin.py:190} INFO - [2025-04-21T22:18:51.260-0300] {dag.py:4180} INFO - Setting next_dagrun for example_branch_labels to 2025-04-21 00:00:00+00:00, run_after=2025-04-22 00:00:00+00:00
[2025-04-21T22:18:51.283-0300] {processor.py:208} INFO - Processing /home/jonathan-brito/python-projects/airflow/venv/lib/python3.12/site-packages/airflow/example_dags/example_branch_labels.py took 0.083 seconds
[2025-04-21T22:19:54.855-0300] {processor.py:186} INFO - Started process (PID=133924) to work on /home/jonathan-brito/python-projects/airflow/venv/lib/python3.12/site-packages/airflow/example_dags/example_branch_labels.py
[2025-04-21T22:19:54.864-0300] {processor.py:914} INFO - Processing file /home/jonathan-brito/python-projects/airflow/venv/lib/python3.12/site-packages/airflow/example_dags/example_branch_labels.py for tasks to queue
[2025-04-21T22:19:54.869-0300] {logging_mixin.py:190} INFO - [2025-04-21T22:19:54.867-0300] {dagbag.py:588} INFO - Filling up the DagBag from /home/jonathan-brito/python-projects/airflow/venv/lib/python3.12/site-packages/airflow/example_dags/example_branch_labels.py
[2025-04-21T22:19:54.896-0300] {processor.py:925} INFO - DAG(s) 'example_branch_labels' retrieved from /home/jonathan-brito/python-projects/airflow/venv/lib/python3.12/site-packages/airflow/example_dags/example_branch_labels.py
[2025-04-21T22:19:54.924-0300] {logging_mixin.py:190} INFO - [2025-04-21T22:19:54.923-0300] {dag.py:3239} INFO - Sync 1 DAGs
[2025-04-21T22:19:54.947-0300] {logging_mixin.py:190} INFO - [2025-04-21T22:19:54.947-0300] {dag.py:4180} INFO - Setting next_dagrun for example_branch_labels to 2025-04-21 00:00:00+00:00, run_after=2025-04-22 00:00:00+00:00
[2025-04-21T22:19:54.978-0300] {processor.py:208} INFO - Processing /home/jonathan-brito/python-projects/airflow/venv/lib/python3.12/site-packages/airflow/example_dags/example_branch_labels.py took 0.149 seconds
[2025-04-21T22:20:58.155-0300] {processor.py:186} INFO - Started process (PID=134579) to work on /home/jonathan-brito/python-projects/airflow/venv/lib/python3.12/site-packages/airflow/example_dags/example_branch_labels.py
[2025-04-21T22:20:58.162-0300] {processor.py:914} INFO - Processing file /home/jonathan-brito/python-projects/airflow/venv/lib/python3.12/site-packages/airflow/example_dags/example_branch_labels.py for tasks to queue
[2025-04-21T22:20:58.164-0300] {logging_mixin.py:190} INFO - [2025-04-21T22:20:58.163-0300] {dagbag.py:588} INFO - Filling up the DagBag from /home/jonathan-brito/python-projects/airflow/venv/lib/python3.12/site-packages/airflow/example_dags/example_branch_labels.py
[2025-04-21T22:20:58.171-0300] {processor.py:925} INFO - DAG(s) 'example_branch_labels' retrieved from /home/jonathan-brito/python-projects/airflow/venv/lib/python3.12/site-packages/airflow/example_dags/example_branch_labels.py
[2025-04-21T22:20:58.189-0300] {logging_mixin.py:190} INFO - [2025-04-21T22:20:58.189-0300] {dag.py:3239} INFO - Sync 1 DAGs
[2025-04-21T22:20:58.208-0300] {logging_mixin.py:190} INFO - [2025-04-21T22:20:58.208-0300] {dag.py:4180} INFO - Setting next_dagrun for example_branch_labels to 2025-04-21 00:00:00+00:00, run_after=2025-04-22 00:00:00+00:00
[2025-04-21T22:20:58.233-0300] {processor.py:208} INFO - Processing /home/jonathan-brito/python-projects/airflow/venv/lib/python3.12/site-packages/airflow/example_dags/example_branch_labels.py took 0.084 seconds
[2025-04-22T10:24:58.914-0300] {processor.py:186} INFO - Started process (PID=11530) to work on /home/jonathan-brito/python-projects/airflow/venv/lib/python3.12/site-packages/airflow/example_dags/example_branch_labels.py
[2025-04-22T10:24:58.921-0300] {processor.py:914} INFO - Processing file /home/jonathan-brito/python-projects/airflow/venv/lib/python3.12/site-packages/airflow/example_dags/example_branch_labels.py for tasks to queue
[2025-04-22T10:24:58.924-0300] {logging_mixin.py:190} INFO - [2025-04-22T10:24:58.924-0300] {dagbag.py:588} INFO - Filling up the DagBag from /home/jonathan-brito/python-projects/airflow/venv/lib/python3.12/site-packages/airflow/example_dags/example_branch_labels.py
[2025-04-22T10:24:58.942-0300] {processor.py:925} INFO - DAG(s) 'example_branch_labels' retrieved from /home/jonathan-brito/python-projects/airflow/venv/lib/python3.12/site-packages/airflow/example_dags/example_branch_labels.py
[2025-04-22T10:24:58.967-0300] {logging_mixin.py:190} INFO - [2025-04-22T10:24:58.966-0300] {dag.py:3239} INFO - Sync 1 DAGs
[2025-04-22T10:24:58.990-0300] {logging_mixin.py:190} INFO - [2025-04-22T10:24:58.989-0300] {dag.py:4180} INFO - Setting next_dagrun for example_branch_labels to 2025-04-21 00:00:00+00:00, run_after=2025-04-22 00:00:00+00:00
[2025-04-22T10:24:59.018-0300] {processor.py:208} INFO - Processing /home/jonathan-brito/python-projects/airflow/venv/lib/python3.12/site-packages/airflow/example_dags/example_branch_labels.py took 0.114 seconds
[2025-04-22T10:26:40.719-0300] {processor.py:186} INFO - Started process (PID=12954) to work on /home/jonathan-brito/python-projects/airflow/venv/lib/python3.12/site-packages/airflow/example_dags/example_branch_labels.py
[2025-04-22T10:26:40.726-0300] {processor.py:914} INFO - Processing file /home/jonathan-brito/python-projects/airflow/venv/lib/python3.12/site-packages/airflow/example_dags/example_branch_labels.py for tasks to queue
[2025-04-22T10:26:40.732-0300] {logging_mixin.py:190} INFO - [2025-04-22T10:26:40.731-0300] {dagbag.py:588} INFO - Filling up the DagBag from /home/jonathan-brito/python-projects/airflow/venv/lib/python3.12/site-packages/airflow/example_dags/example_branch_labels.py
[2025-04-22T10:26:40.754-0300] {processor.py:925} INFO - DAG(s) 'example_branch_labels' retrieved from /home/jonathan-brito/python-projects/airflow/venv/lib/python3.12/site-packages/airflow/example_dags/example_branch_labels.py
[2025-04-22T10:26:40.772-0300] {logging_mixin.py:190} INFO - [2025-04-22T10:26:40.771-0300] {dag.py:3239} INFO - Sync 1 DAGs
[2025-04-22T10:26:40.793-0300] {logging_mixin.py:190} INFO - [2025-04-22T10:26:40.793-0300] {dag.py:4180} INFO - Setting next_dagrun for example_branch_labels to 2025-04-21 00:00:00+00:00, run_after=2025-04-22 00:00:00+00:00
[2025-04-22T10:26:40.817-0300] {processor.py:208} INFO - Processing /home/jonathan-brito/python-projects/airflow/venv/lib/python3.12/site-packages/airflow/example_dags/example_branch_labels.py took 0.105 seconds
[2025-04-22T10:29:31.260-0300] {processor.py:186} INFO - Started process (PID=15714) to work on /home/jonathan-brito/python-projects/airflow/venv/lib/python3.12/site-packages/airflow/example_dags/example_branch_labels.py
[2025-04-22T10:29:31.267-0300] {processor.py:914} INFO - Processing file /home/jonathan-brito/python-projects/airflow/venv/lib/python3.12/site-packages/airflow/example_dags/example_branch_labels.py for tasks to queue
[2025-04-22T10:29:31.270-0300] {logging_mixin.py:190} INFO - [2025-04-22T10:29:31.270-0300] {dagbag.py:588} INFO - Filling up the DagBag from /home/jonathan-brito/python-projects/airflow/venv/lib/python3.12/site-packages/airflow/example_dags/example_branch_labels.py
[2025-04-22T10:29:31.284-0300] {processor.py:925} INFO - DAG(s) 'example_branch_labels' retrieved from /home/jonathan-brito/python-projects/airflow/venv/lib/python3.12/site-packages/airflow/example_dags/example_branch_labels.py
[2025-04-22T10:29:31.301-0300] {logging_mixin.py:190} INFO - [2025-04-22T10:29:31.301-0300] {dag.py:3239} INFO - Sync 1 DAGs
[2025-04-22T10:29:31.324-0300] {logging_mixin.py:190} INFO - [2025-04-22T10:29:31.324-0300] {dag.py:4180} INFO - Setting next_dagrun for example_branch_labels to 2025-04-21 00:00:00+00:00, run_after=2025-04-22 00:00:00+00:00
[2025-04-22T10:29:31.354-0300] {processor.py:208} INFO - Processing /home/jonathan-brito/python-projects/airflow/venv/lib/python3.12/site-packages/airflow/example_dags/example_branch_labels.py took 0.106 seconds
[2025-04-22T11:08:40.259-0300] {processor.py:186} INFO - Started process (PID=49809) to work on /home/jonathan-brito/python-projects/airflow/venv/lib/python3.12/site-packages/airflow/example_dags/example_branch_labels.py
[2025-04-22T11:08:40.266-0300] {processor.py:914} INFO - Processing file /home/jonathan-brito/python-projects/airflow/venv/lib/python3.12/site-packages/airflow/example_dags/example_branch_labels.py for tasks to queue
[2025-04-22T11:08:40.267-0300] {logging_mixin.py:190} INFO - [2025-04-22T11:08:40.267-0300] {dagbag.py:588} INFO - Filling up the DagBag from /home/jonathan-brito/python-projects/airflow/venv/lib/python3.12/site-packages/airflow/example_dags/example_branch_labels.py
[2025-04-22T11:08:40.277-0300] {processor.py:925} INFO - DAG(s) 'example_branch_labels' retrieved from /home/jonathan-brito/python-projects/airflow/venv/lib/python3.12/site-packages/airflow/example_dags/example_branch_labels.py
[2025-04-22T11:08:40.295-0300] {logging_mixin.py:190} INFO - [2025-04-22T11:08:40.295-0300] {dag.py:3239} INFO - Sync 1 DAGs
[2025-04-22T11:08:40.317-0300] {logging_mixin.py:190} INFO - [2025-04-22T11:08:40.316-0300] {dag.py:4180} INFO - Setting next_dagrun for example_branch_labels to 2025-04-21 00:00:00+00:00, run_after=2025-04-22 00:00:00+00:00
[2025-04-22T11:08:40.344-0300] {processor.py:208} INFO - Processing /home/jonathan-brito/python-projects/airflow/venv/lib/python3.12/site-packages/airflow/example_dags/example_branch_labels.py took 0.092 seconds
[2025-04-22T11:09:40.008-0300] {processor.py:186} INFO - Started process (PID=50187) to work on /home/jonathan-brito/python-projects/airflow/venv/lib/python3.12/site-packages/airflow/example_dags/example_branch_labels.py
[2025-04-22T11:09:40.015-0300] {processor.py:914} INFO - Processing file /home/jonathan-brito/python-projects/airflow/venv/lib/python3.12/site-packages/airflow/example_dags/example_branch_labels.py for tasks to queue
[2025-04-22T11:09:40.016-0300] {logging_mixin.py:190} INFO - [2025-04-22T11:09:40.016-0300] {dagbag.py:588} INFO - Filling up the DagBag from /home/jonathan-brito/python-projects/airflow/venv/lib/python3.12/site-packages/airflow/example_dags/example_branch_labels.py
[2025-04-22T11:09:40.025-0300] {processor.py:925} INFO - DAG(s) 'example_branch_labels' retrieved from /home/jonathan-brito/python-projects/airflow/venv/lib/python3.12/site-packages/airflow/example_dags/example_branch_labels.py
[2025-04-22T11:09:40.043-0300] {logging_mixin.py:190} INFO - [2025-04-22T11:09:40.043-0300] {dag.py:3239} INFO - Sync 1 DAGs
[2025-04-22T11:09:40.063-0300] {logging_mixin.py:190} INFO - [2025-04-22T11:09:40.063-0300] {dag.py:4180} INFO - Setting next_dagrun for example_branch_labels to 2025-04-21 00:00:00+00:00, run_after=2025-04-22 00:00:00+00:00
[2025-04-22T11:09:40.094-0300] {processor.py:208} INFO - Processing /home/jonathan-brito/python-projects/airflow/venv/lib/python3.12/site-packages/airflow/example_dags/example_branch_labels.py took 0.093 seconds
[2025-04-22T11:10:40.210-0300] {processor.py:186} INFO - Started process (PID=50728) to work on /home/jonathan-brito/python-projects/airflow/venv/lib/python3.12/site-packages/airflow/example_dags/example_branch_labels.py
[2025-04-22T11:10:40.217-0300] {processor.py:914} INFO - Processing file /home/jonathan-brito/python-projects/airflow/venv/lib/python3.12/site-packages/airflow/example_dags/example_branch_labels.py for tasks to queue
[2025-04-22T11:10:40.218-0300] {logging_mixin.py:190} INFO - [2025-04-22T11:10:40.218-0300] {dagbag.py:588} INFO - Filling up the DagBag from /home/jonathan-brito/python-projects/airflow/venv/lib/python3.12/site-packages/airflow/example_dags/example_branch_labels.py
[2025-04-22T11:10:40.227-0300] {processor.py:925} INFO - DAG(s) 'example_branch_labels' retrieved from /home/jonathan-brito/python-projects/airflow/venv/lib/python3.12/site-packages/airflow/example_dags/example_branch_labels.py
[2025-04-22T11:10:40.245-0300] {logging_mixin.py:190} INFO - [2025-04-22T11:10:40.245-0300] {dag.py:3239} INFO - Sync 1 DAGs
[2025-04-22T11:10:40.267-0300] {logging_mixin.py:190} INFO - [2025-04-22T11:10:40.267-0300] {dag.py:4180} INFO - Setting next_dagrun for example_branch_labels to 2025-04-21 00:00:00+00:00, run_after=2025-04-22 00:00:00+00:00
[2025-04-22T11:10:40.290-0300] {processor.py:208} INFO - Processing /home/jonathan-brito/python-projects/airflow/venv/lib/python3.12/site-packages/airflow/example_dags/example_branch_labels.py took 0.086 seconds
