[2025-04-21T21:23:48.433-0300] {processor.py:186} INFO - Started process (PID=70666) to work on /home/jonathan-brito/python-projects/airflow/venv/lib/python3.12/site-packages/airflow/example_dags/example_params_ui_tutorial.py
[2025-04-21T21:23:48.435-0300] {processor.py:914} INFO - Processing file /home/jonathan-brito/python-projects/airflow/venv/lib/python3.12/site-packages/airflow/example_dags/example_params_ui_tutorial.py for tasks to queue
[2025-04-21T21:23:48.439-0300] {logging_mixin.py:190} INFO - [2025-04-21T21:23:48.438-0300] {dagbag.py:588} INFO - Filling up the DagBag from /home/jonathan-brito/python-projects/airflow/venv/lib/python3.12/site-packages/airflow/example_dags/example_params_ui_tutorial.py
[2025-04-21T21:23:48.455-0300] {processor.py:925} INFO - DAG(s) 'example_params_ui_tutorial' retrieved from /home/jonathan-brito/python-projects/airflow/venv/lib/python3.12/site-packages/airflow/example_dags/example_params_ui_tutorial.py
[2025-04-21T21:23:48.506-0300] {logging_mixin.py:190} INFO - [2025-04-21T21:23:48.506-0300] {dag.py:3239} INFO - Sync 1 DAGs
[2025-04-21T21:23:48.522-0300] {logging_mixin.py:190} INFO - [2025-04-21T21:23:48.522-0300] {dag.py:4180} INFO - Setting next_dagrun for example_params_ui_tutorial to None, run_after=None
[2025-04-21T21:23:48.556-0300] {processor.py:208} INFO - Processing /home/jonathan-brito/python-projects/airflow/venv/lib/python3.12/site-packages/airflow/example_dags/example_params_ui_tutorial.py took 0.138 seconds
[2025-04-21T22:10:06.112-0300] {processor.py:186} INFO - Started process (PID=127222) to work on /home/jonathan-brito/python-projects/airflow/venv/lib/python3.12/site-packages/airflow/example_dags/example_params_ui_tutorial.py
[2025-04-21T22:10:06.119-0300] {processor.py:914} INFO - Processing file /home/jonathan-brito/python-projects/airflow/venv/lib/python3.12/site-packages/airflow/example_dags/example_params_ui_tutorial.py for tasks to queue
[2025-04-21T22:10:06.121-0300] {logging_mixin.py:190} INFO - [2025-04-21T22:10:06.121-0300] {dagbag.py:588} INFO - Filling up the DagBag from /home/jonathan-brito/python-projects/airflow/venv/lib/python3.12/site-packages/airflow/example_dags/example_params_ui_tutorial.py
[2025-04-21T22:10:06.132-0300] {processor.py:925} INFO - DAG(s) 'example_params_ui_tutorial' retrieved from /home/jonathan-brito/python-projects/airflow/venv/lib/python3.12/site-packages/airflow/example_dags/example_params_ui_tutorial.py
[2025-04-21T22:10:06.192-0300] {logging_mixin.py:190} INFO - [2025-04-21T22:10:06.191-0300] {dag.py:3239} INFO - Sync 1 DAGs
[2025-04-21T22:10:06.205-0300] {logging_mixin.py:190} INFO - [2025-04-21T22:10:06.204-0300] {dag.py:4180} INFO - Setting next_dagrun for example_params_ui_tutorial to None, run_after=None
[2025-04-21T22:10:06.248-0300] {processor.py:208} INFO - Processing /home/jonathan-brito/python-projects/airflow/venv/lib/python3.12/site-packages/airflow/example_dags/example_params_ui_tutorial.py took 0.144 seconds
[2025-04-21T22:11:11.477-0300] {processor.py:186} INFO - Started process (PID=128226) to work on /home/jonathan-brito/python-projects/airflow/venv/lib/python3.12/site-packages/airflow/example_dags/example_params_ui_tutorial.py
[2025-04-21T22:11:11.484-0300] {processor.py:914} INFO - Processing file /home/jonathan-brito/python-projects/airflow/venv/lib/python3.12/site-packages/airflow/example_dags/example_params_ui_tutorial.py for tasks to queue
[2025-04-21T22:11:11.485-0300] {logging_mixin.py:190} INFO - [2025-04-21T22:11:11.484-0300] {dagbag.py:588} INFO - Filling up the DagBag from /home/jonathan-brito/python-projects/airflow/venv/lib/python3.12/site-packages/airflow/example_dags/example_params_ui_tutorial.py
[2025-04-21T22:11:11.493-0300] {processor.py:925} INFO - DAG(s) 'example_params_ui_tutorial' retrieved from /home/jonathan-brito/python-projects/airflow/venv/lib/python3.12/site-packages/airflow/example_dags/example_params_ui_tutorial.py
[2025-04-21T22:11:11.538-0300] {logging_mixin.py:190} INFO - [2025-04-21T22:11:11.538-0300] {dag.py:3239} INFO - Sync 1 DAGs
[2025-04-21T22:11:11.551-0300] {logging_mixin.py:190} INFO - [2025-04-21T22:11:11.551-0300] {dag.py:4180} INFO - Setting next_dagrun for example_params_ui_tutorial to None, run_after=None
[2025-04-21T22:11:11.581-0300] {processor.py:208} INFO - Processing /home/jonathan-brito/python-projects/airflow/venv/lib/python3.12/site-packages/airflow/example_dags/example_params_ui_tutorial.py took 0.111 seconds
[2025-04-21T22:12:13.780-0300] {processor.py:186} INFO - Started process (PID=128924) to work on /home/jonathan-brito/python-projects/airflow/venv/lib/python3.12/site-packages/airflow/example_dags/example_params_ui_tutorial.py
[2025-04-21T22:12:13.787-0300] {processor.py:914} INFO - Processing file /home/jonathan-brito/python-projects/airflow/venv/lib/python3.12/site-packages/airflow/example_dags/example_params_ui_tutorial.py for tasks to queue
[2025-04-21T22:12:13.789-0300] {logging_mixin.py:190} INFO - [2025-04-21T22:12:13.788-0300] {dagbag.py:588} INFO - Filling up the DagBag from /home/jonathan-brito/python-projects/airflow/venv/lib/python3.12/site-packages/airflow/example_dags/example_params_ui_tutorial.py
[2025-04-21T22:12:13.799-0300] {processor.py:925} INFO - DAG(s) 'example_params_ui_tutorial' retrieved from /home/jonathan-brito/python-projects/airflow/venv/lib/python3.12/site-packages/airflow/example_dags/example_params_ui_tutorial.py
[2025-04-21T22:12:13.842-0300] {logging_mixin.py:190} INFO - [2025-04-21T22:12:13.841-0300] {dag.py:3239} INFO - Sync 1 DAGs
[2025-04-21T22:12:13.854-0300] {logging_mixin.py:190} INFO - [2025-04-21T22:12:13.853-0300] {dag.py:4180} INFO - Setting next_dagrun for example_params_ui_tutorial to None, run_after=None
[2025-04-21T22:12:13.882-0300] {processor.py:208} INFO - Processing /home/jonathan-brito/python-projects/airflow/venv/lib/python3.12/site-packages/airflow/example_dags/example_params_ui_tutorial.py took 0.109 seconds
[2025-04-21T22:13:18.672-0300] {processor.py:186} INFO - Started process (PID=129589) to work on /home/jonathan-brito/python-projects/airflow/venv/lib/python3.12/site-packages/airflow/example_dags/example_params_ui_tutorial.py
[2025-04-21T22:13:18.680-0300] {processor.py:914} INFO - Processing file /home/jonathan-brito/python-projects/airflow/venv/lib/python3.12/site-packages/airflow/example_dags/example_params_ui_tutorial.py for tasks to queue
[2025-04-21T22:13:18.683-0300] {logging_mixin.py:190} INFO - [2025-04-21T22:13:18.682-0300] {dagbag.py:588} INFO - Filling up the DagBag from /home/jonathan-brito/python-projects/airflow/venv/lib/python3.12/site-packages/airflow/example_dags/example_params_ui_tutorial.py
[2025-04-21T22:13:18.700-0300] {processor.py:925} INFO - DAG(s) 'example_params_ui_tutorial' retrieved from /home/jonathan-brito/python-projects/airflow/venv/lib/python3.12/site-packages/airflow/example_dags/example_params_ui_tutorial.py
[2025-04-21T22:13:18.760-0300] {logging_mixin.py:190} INFO - [2025-04-21T22:13:18.760-0300] {dag.py:3239} INFO - Sync 1 DAGs
[2025-04-21T22:13:18.772-0300] {logging_mixin.py:190} INFO - [2025-04-21T22:13:18.772-0300] {dag.py:4180} INFO - Setting next_dagrun for example_params_ui_tutorial to None, run_after=None
[2025-04-21T22:13:18.803-0300] {processor.py:208} INFO - Processing /home/jonathan-brito/python-projects/airflow/venv/lib/python3.12/site-packages/airflow/example_dags/example_params_ui_tutorial.py took 0.144 seconds
[2025-04-21T22:14:19.993-0300] {processor.py:186} INFO - Started process (PID=130310) to work on /home/jonathan-brito/python-projects/airflow/venv/lib/python3.12/site-packages/airflow/example_dags/example_params_ui_tutorial.py
[2025-04-21T22:14:20.001-0300] {processor.py:914} INFO - Processing file /home/jonathan-brito/python-projects/airflow/venv/lib/python3.12/site-packages/airflow/example_dags/example_params_ui_tutorial.py for tasks to queue
[2025-04-21T22:14:20.002-0300] {logging_mixin.py:190} INFO - [2025-04-21T22:14:20.002-0300] {dagbag.py:588} INFO - Filling up the DagBag from /home/jonathan-brito/python-projects/airflow/venv/lib/python3.12/site-packages/airflow/example_dags/example_params_ui_tutorial.py
[2025-04-21T22:14:20.010-0300] {processor.py:925} INFO - DAG(s) 'example_params_ui_tutorial' retrieved from /home/jonathan-brito/python-projects/airflow/venv/lib/python3.12/site-packages/airflow/example_dags/example_params_ui_tutorial.py
[2025-04-21T22:14:20.055-0300] {logging_mixin.py:190} INFO - [2025-04-21T22:14:20.055-0300] {dag.py:3239} INFO - Sync 1 DAGs
[2025-04-21T22:14:20.067-0300] {logging_mixin.py:190} INFO - [2025-04-21T22:14:20.067-0300] {dag.py:4180} INFO - Setting next_dagrun for example_params_ui_tutorial to None, run_after=None
[2025-04-21T22:14:20.095-0300] {processor.py:208} INFO - Processing /home/jonathan-brito/python-projects/airflow/venv/lib/python3.12/site-packages/airflow/example_dags/example_params_ui_tutorial.py took 0.108 seconds
[2025-04-21T22:15:22.586-0300] {processor.py:186} INFO - Started process (PID=131018) to work on /home/jonathan-brito/python-projects/airflow/venv/lib/python3.12/site-packages/airflow/example_dags/example_params_ui_tutorial.py
[2025-04-21T22:15:22.593-0300] {processor.py:914} INFO - Processing file /home/jonathan-brito/python-projects/airflow/venv/lib/python3.12/site-packages/airflow/example_dags/example_params_ui_tutorial.py for tasks to queue
[2025-04-21T22:15:22.594-0300] {logging_mixin.py:190} INFO - [2025-04-21T22:15:22.594-0300] {dagbag.py:588} INFO - Filling up the DagBag from /home/jonathan-brito/python-projects/airflow/venv/lib/python3.12/site-packages/airflow/example_dags/example_params_ui_tutorial.py
[2025-04-21T22:15:22.601-0300] {processor.py:925} INFO - DAG(s) 'example_params_ui_tutorial' retrieved from /home/jonathan-brito/python-projects/airflow/venv/lib/python3.12/site-packages/airflow/example_dags/example_params_ui_tutorial.py
[2025-04-21T22:15:22.643-0300] {logging_mixin.py:190} INFO - [2025-04-21T22:15:22.643-0300] {dag.py:3239} INFO - Sync 1 DAGs
[2025-04-21T22:15:22.655-0300] {logging_mixin.py:190} INFO - [2025-04-21T22:15:22.655-0300] {dag.py:4180} INFO - Setting next_dagrun for example_params_ui_tutorial to None, run_after=None
[2025-04-21T22:15:22.690-0300] {processor.py:208} INFO - Processing /home/jonathan-brito/python-projects/airflow/venv/lib/python3.12/site-packages/airflow/example_dags/example_params_ui_tutorial.py took 0.111 seconds
[2025-04-21T22:16:24.079-0300] {processor.py:186} INFO - Started process (PID=131635) to work on /home/jonathan-brito/python-projects/airflow/venv/lib/python3.12/site-packages/airflow/example_dags/example_params_ui_tutorial.py
[2025-04-21T22:16:24.086-0300] {processor.py:914} INFO - Processing file /home/jonathan-brito/python-projects/airflow/venv/lib/python3.12/site-packages/airflow/example_dags/example_params_ui_tutorial.py for tasks to queue
[2025-04-21T22:16:24.087-0300] {logging_mixin.py:190} INFO - [2025-04-21T22:16:24.087-0300] {dagbag.py:588} INFO - Filling up the DagBag from /home/jonathan-brito/python-projects/airflow/venv/lib/python3.12/site-packages/airflow/example_dags/example_params_ui_tutorial.py
[2025-04-21T22:16:24.100-0300] {processor.py:925} INFO - DAG(s) 'example_params_ui_tutorial' retrieved from /home/jonathan-brito/python-projects/airflow/venv/lib/python3.12/site-packages/airflow/example_dags/example_params_ui_tutorial.py
[2025-04-21T22:16:24.148-0300] {logging_mixin.py:190} INFO - [2025-04-21T22:16:24.147-0300] {dag.py:3239} INFO - Sync 1 DAGs
[2025-04-21T22:16:24.160-0300] {logging_mixin.py:190} INFO - [2025-04-21T22:16:24.160-0300] {dag.py:4180} INFO - Setting next_dagrun for example_params_ui_tutorial to None, run_after=None
[2025-04-21T22:16:24.189-0300] {processor.py:208} INFO - Processing /home/jonathan-brito/python-projects/airflow/venv/lib/python3.12/site-packages/airflow/example_dags/example_params_ui_tutorial.py took 0.119 seconds
[2025-04-21T22:17:27.952-0300] {processor.py:186} INFO - Started process (PID=132304) to work on /home/jonathan-brito/python-projects/airflow/venv/lib/python3.12/site-packages/airflow/example_dags/example_params_ui_tutorial.py
[2025-04-21T22:17:27.959-0300] {processor.py:914} INFO - Processing file /home/jonathan-brito/python-projects/airflow/venv/lib/python3.12/site-packages/airflow/example_dags/example_params_ui_tutorial.py for tasks to queue
[2025-04-21T22:17:27.962-0300] {logging_mixin.py:190} INFO - [2025-04-21T22:17:27.961-0300] {dagbag.py:588} INFO - Filling up the DagBag from /home/jonathan-brito/python-projects/airflow/venv/lib/python3.12/site-packages/airflow/example_dags/example_params_ui_tutorial.py
[2025-04-21T22:17:27.977-0300] {processor.py:925} INFO - DAG(s) 'example_params_ui_tutorial' retrieved from /home/jonathan-brito/python-projects/airflow/venv/lib/python3.12/site-packages/airflow/example_dags/example_params_ui_tutorial.py
[2025-04-21T22:17:28.037-0300] {logging_mixin.py:190} INFO - [2025-04-21T22:17:28.037-0300] {dag.py:3239} INFO - Sync 1 DAGs
[2025-04-21T22:17:28.055-0300] {logging_mixin.py:190} INFO - [2025-04-21T22:17:28.054-0300] {dag.py:4180} INFO - Setting next_dagrun for example_params_ui_tutorial to None, run_after=None
[2025-04-21T22:17:28.087-0300] {processor.py:208} INFO - Processing /home/jonathan-brito/python-projects/airflow/venv/lib/python3.12/site-packages/airflow/example_dags/example_params_ui_tutorial.py took 0.151 seconds
[2025-04-21T22:18:29.757-0300] {processor.py:186} INFO - Started process (PID=133003) to work on /home/jonathan-brito/python-projects/airflow/venv/lib/python3.12/site-packages/airflow/example_dags/example_params_ui_tutorial.py
[2025-04-21T22:18:29.764-0300] {processor.py:914} INFO - Processing file /home/jonathan-brito/python-projects/airflow/venv/lib/python3.12/site-packages/airflow/example_dags/example_params_ui_tutorial.py for tasks to queue
[2025-04-21T22:18:29.765-0300] {logging_mixin.py:190} INFO - [2025-04-21T22:18:29.765-0300] {dagbag.py:588} INFO - Filling up the DagBag from /home/jonathan-brito/python-projects/airflow/venv/lib/python3.12/site-packages/airflow/example_dags/example_params_ui_tutorial.py
[2025-04-21T22:18:29.773-0300] {processor.py:925} INFO - DAG(s) 'example_params_ui_tutorial' retrieved from /home/jonathan-brito/python-projects/airflow/venv/lib/python3.12/site-packages/airflow/example_dags/example_params_ui_tutorial.py
[2025-04-21T22:18:29.823-0300] {logging_mixin.py:190} INFO - [2025-04-21T22:18:29.823-0300] {dag.py:3239} INFO - Sync 1 DAGs
[2025-04-21T22:18:29.838-0300] {logging_mixin.py:190} INFO - [2025-04-21T22:18:29.838-0300] {dag.py:4180} INFO - Setting next_dagrun for example_params_ui_tutorial to None, run_after=None
[2025-04-21T22:18:29.869-0300] {processor.py:208} INFO - Processing /home/jonathan-brito/python-projects/airflow/venv/lib/python3.12/site-packages/airflow/example_dags/example_params_ui_tutorial.py took 0.117 seconds
[2025-04-21T22:19:31.522-0300] {processor.py:186} INFO - Started process (PID=133658) to work on /home/jonathan-brito/python-projects/airflow/venv/lib/python3.12/site-packages/airflow/example_dags/example_params_ui_tutorial.py
[2025-04-21T22:19:31.529-0300] {processor.py:914} INFO - Processing file /home/jonathan-brito/python-projects/airflow/venv/lib/python3.12/site-packages/airflow/example_dags/example_params_ui_tutorial.py for tasks to queue
[2025-04-21T22:19:31.530-0300] {logging_mixin.py:190} INFO - [2025-04-21T22:19:31.530-0300] {dagbag.py:588} INFO - Filling up the DagBag from /home/jonathan-brito/python-projects/airflow/venv/lib/python3.12/site-packages/airflow/example_dags/example_params_ui_tutorial.py
[2025-04-21T22:19:31.537-0300] {processor.py:925} INFO - DAG(s) 'example_params_ui_tutorial' retrieved from /home/jonathan-brito/python-projects/airflow/venv/lib/python3.12/site-packages/airflow/example_dags/example_params_ui_tutorial.py
[2025-04-21T22:19:31.580-0300] {logging_mixin.py:190} INFO - [2025-04-21T22:19:31.579-0300] {dag.py:3239} INFO - Sync 1 DAGs
[2025-04-21T22:19:31.591-0300] {logging_mixin.py:190} INFO - [2025-04-21T22:19:31.591-0300] {dag.py:4180} INFO - Setting next_dagrun for example_params_ui_tutorial to None, run_after=None
[2025-04-21T22:19:31.623-0300] {processor.py:208} INFO - Processing /home/jonathan-brito/python-projects/airflow/venv/lib/python3.12/site-packages/airflow/example_dags/example_params_ui_tutorial.py took 0.107 seconds
[2025-04-21T22:20:36.585-0300] {processor.py:186} INFO - Started process (PID=134386) to work on /home/jonathan-brito/python-projects/airflow/venv/lib/python3.12/site-packages/airflow/example_dags/example_params_ui_tutorial.py
[2025-04-21T22:20:36.592-0300] {processor.py:914} INFO - Processing file /home/jonathan-brito/python-projects/airflow/venv/lib/python3.12/site-packages/airflow/example_dags/example_params_ui_tutorial.py for tasks to queue
[2025-04-21T22:20:36.594-0300] {logging_mixin.py:190} INFO - [2025-04-21T22:20:36.593-0300] {dagbag.py:588} INFO - Filling up the DagBag from /home/jonathan-brito/python-projects/airflow/venv/lib/python3.12/site-packages/airflow/example_dags/example_params_ui_tutorial.py
[2025-04-21T22:20:36.604-0300] {processor.py:925} INFO - DAG(s) 'example_params_ui_tutorial' retrieved from /home/jonathan-brito/python-projects/airflow/venv/lib/python3.12/site-packages/airflow/example_dags/example_params_ui_tutorial.py
[2025-04-21T22:20:36.649-0300] {logging_mixin.py:190} INFO - [2025-04-21T22:20:36.648-0300] {dag.py:3239} INFO - Sync 1 DAGs
[2025-04-21T22:20:36.662-0300] {logging_mixin.py:190} INFO - [2025-04-21T22:20:36.662-0300] {dag.py:4180} INFO - Setting next_dagrun for example_params_ui_tutorial to None, run_after=None
[2025-04-21T22:20:36.699-0300] {processor.py:208} INFO - Processing /home/jonathan-brito/python-projects/airflow/venv/lib/python3.12/site-packages/airflow/example_dags/example_params_ui_tutorial.py took 0.121 seconds
[2025-04-22T10:24:36.397-0300] {processor.py:186} INFO - Started process (PID=11162) to work on /home/jonathan-brito/python-projects/airflow/venv/lib/python3.12/site-packages/airflow/example_dags/example_params_ui_tutorial.py
[2025-04-22T10:24:36.399-0300] {processor.py:914} INFO - Processing file /home/jonathan-brito/python-projects/airflow/venv/lib/python3.12/site-packages/airflow/example_dags/example_params_ui_tutorial.py for tasks to queue
[2025-04-22T10:24:36.401-0300] {logging_mixin.py:190} INFO - [2025-04-22T10:24:36.400-0300] {dagbag.py:588} INFO - Filling up the DagBag from /home/jonathan-brito/python-projects/airflow/venv/lib/python3.12/site-packages/airflow/example_dags/example_params_ui_tutorial.py
[2025-04-22T10:24:36.411-0300] {processor.py:925} INFO - DAG(s) 'example_params_ui_tutorial' retrieved from /home/jonathan-brito/python-projects/airflow/venv/lib/python3.12/site-packages/airflow/example_dags/example_params_ui_tutorial.py
[2025-04-22T10:24:36.564-0300] {logging_mixin.py:190} INFO - [2025-04-22T10:24:36.564-0300] {dag.py:3239} INFO - Sync 1 DAGs
[2025-04-22T10:24:36.575-0300] {logging_mixin.py:190} INFO - [2025-04-22T10:24:36.575-0300] {dag.py:4180} INFO - Setting next_dagrun for example_params_ui_tutorial to None, run_after=None
[2025-04-22T10:24:36.599-0300] {processor.py:208} INFO - Processing /home/jonathan-brito/python-projects/airflow/venv/lib/python3.12/site-packages/airflow/example_dags/example_params_ui_tutorial.py took 0.208 seconds
[2025-04-22T10:25:49.503-0300] {processor.py:186} INFO - Started process (PID=12037) to work on /home/jonathan-brito/python-projects/airflow/venv/lib/python3.12/site-packages/airflow/example_dags/example_params_ui_tutorial.py
[2025-04-22T10:25:49.510-0300] {processor.py:914} INFO - Processing file /home/jonathan-brito/python-projects/airflow/venv/lib/python3.12/site-packages/airflow/example_dags/example_params_ui_tutorial.py for tasks to queue
[2025-04-22T10:25:49.513-0300] {logging_mixin.py:190} INFO - [2025-04-22T10:25:49.512-0300] {dagbag.py:588} INFO - Filling up the DagBag from /home/jonathan-brito/python-projects/airflow/venv/lib/python3.12/site-packages/airflow/example_dags/example_params_ui_tutorial.py
[2025-04-22T10:25:49.523-0300] {processor.py:925} INFO - DAG(s) 'example_params_ui_tutorial' retrieved from /home/jonathan-brito/python-projects/airflow/venv/lib/python3.12/site-packages/airflow/example_dags/example_params_ui_tutorial.py
[2025-04-22T10:25:49.566-0300] {logging_mixin.py:190} INFO - [2025-04-22T10:25:49.566-0300] {dag.py:3239} INFO - Sync 1 DAGs
[2025-04-22T10:25:49.579-0300] {logging_mixin.py:190} INFO - [2025-04-22T10:25:49.579-0300] {dag.py:4180} INFO - Setting next_dagrun for example_params_ui_tutorial to None, run_after=None
[2025-04-22T10:25:49.614-0300] {processor.py:208} INFO - Processing /home/jonathan-brito/python-projects/airflow/venv/lib/python3.12/site-packages/airflow/example_dags/example_params_ui_tutorial.py took 0.117 seconds
[2025-04-22T10:27:52.382-0300] {processor.py:186} INFO - Started process (PID=14171) to work on /home/jonathan-brito/python-projects/airflow/venv/lib/python3.12/site-packages/airflow/example_dags/example_params_ui_tutorial.py
[2025-04-22T10:27:52.389-0300] {processor.py:914} INFO - Processing file /home/jonathan-brito/python-projects/airflow/venv/lib/python3.12/site-packages/airflow/example_dags/example_params_ui_tutorial.py for tasks to queue
[2025-04-22T10:27:52.392-0300] {logging_mixin.py:190} INFO - [2025-04-22T10:27:52.391-0300] {dagbag.py:588} INFO - Filling up the DagBag from /home/jonathan-brito/python-projects/airflow/venv/lib/python3.12/site-packages/airflow/example_dags/example_params_ui_tutorial.py
[2025-04-22T10:27:52.402-0300] {processor.py:925} INFO - DAG(s) 'example_params_ui_tutorial' retrieved from /home/jonathan-brito/python-projects/airflow/venv/lib/python3.12/site-packages/airflow/example_dags/example_params_ui_tutorial.py
[2025-04-22T10:27:52.446-0300] {logging_mixin.py:190} INFO - [2025-04-22T10:27:52.446-0300] {dag.py:3239} INFO - Sync 1 DAGs
[2025-04-22T10:27:52.460-0300] {logging_mixin.py:190} INFO - [2025-04-22T10:27:52.460-0300] {dag.py:4180} INFO - Setting next_dagrun for example_params_ui_tutorial to None, run_after=None
[2025-04-22T10:27:52.495-0300] {processor.py:208} INFO - Processing /home/jonathan-brito/python-projects/airflow/venv/lib/python3.12/site-packages/airflow/example_dags/example_params_ui_tutorial.py took 0.119 seconds
[2025-04-22T10:31:30.638-0300] {processor.py:186} INFO - Started process (PID=16802) to work on /home/jonathan-brito/python-projects/airflow/venv/lib/python3.12/site-packages/airflow/example_dags/example_params_ui_tutorial.py
[2025-04-22T10:31:30.645-0300] {processor.py:914} INFO - Processing file /home/jonathan-brito/python-projects/airflow/venv/lib/python3.12/site-packages/airflow/example_dags/example_params_ui_tutorial.py for tasks to queue
[2025-04-22T10:31:30.647-0300] {logging_mixin.py:190} INFO - [2025-04-22T10:31:30.646-0300] {dagbag.py:588} INFO - Filling up the DagBag from /home/jonathan-brito/python-projects/airflow/venv/lib/python3.12/site-packages/airflow/example_dags/example_params_ui_tutorial.py
[2025-04-22T10:31:30.656-0300] {processor.py:925} INFO - DAG(s) 'example_params_ui_tutorial' retrieved from /home/jonathan-brito/python-projects/airflow/venv/lib/python3.12/site-packages/airflow/example_dags/example_params_ui_tutorial.py
[2025-04-22T10:31:30.701-0300] {logging_mixin.py:190} INFO - [2025-04-22T10:31:30.700-0300] {dag.py:3239} INFO - Sync 1 DAGs
[2025-04-22T10:31:30.714-0300] {logging_mixin.py:190} INFO - [2025-04-22T10:31:30.714-0300] {dag.py:4180} INFO - Setting next_dagrun for example_params_ui_tutorial to None, run_after=None
[2025-04-22T10:31:30.739-0300] {processor.py:208} INFO - Processing /home/jonathan-brito/python-projects/airflow/venv/lib/python3.12/site-packages/airflow/example_dags/example_params_ui_tutorial.py took 0.111 seconds
[2025-04-22T11:08:17.880-0300] {processor.py:186} INFO - Started process (PID=49681) to work on /home/jonathan-brito/python-projects/airflow/venv/lib/python3.12/site-packages/airflow/example_dags/example_params_ui_tutorial.py
[2025-04-22T11:08:17.887-0300] {processor.py:914} INFO - Processing file /home/jonathan-brito/python-projects/airflow/venv/lib/python3.12/site-packages/airflow/example_dags/example_params_ui_tutorial.py for tasks to queue
[2025-04-22T11:08:17.889-0300] {logging_mixin.py:190} INFO - [2025-04-22T11:08:17.889-0300] {dagbag.py:588} INFO - Filling up the DagBag from /home/jonathan-brito/python-projects/airflow/venv/lib/python3.12/site-packages/airflow/example_dags/example_params_ui_tutorial.py
[2025-04-22T11:08:17.898-0300] {processor.py:925} INFO - DAG(s) 'example_params_ui_tutorial' retrieved from /home/jonathan-brito/python-projects/airflow/venv/lib/python3.12/site-packages/airflow/example_dags/example_params_ui_tutorial.py
[2025-04-22T11:08:17.946-0300] {logging_mixin.py:190} INFO - [2025-04-22T11:08:17.946-0300] {dag.py:3239} INFO - Sync 1 DAGs
[2025-04-22T11:08:17.959-0300] {logging_mixin.py:190} INFO - [2025-04-22T11:08:17.958-0300] {dag.py:4180} INFO - Setting next_dagrun for example_params_ui_tutorial to None, run_after=None
[2025-04-22T11:08:17.984-0300] {processor.py:208} INFO - Processing /home/jonathan-brito/python-projects/airflow/venv/lib/python3.12/site-packages/airflow/example_dags/example_params_ui_tutorial.py took 0.110 seconds
[2025-04-22T11:09:18.910-0300] {processor.py:186} INFO - Started process (PID=50074) to work on /home/jonathan-brito/python-projects/airflow/venv/lib/python3.12/site-packages/airflow/example_dags/example_params_ui_tutorial.py
[2025-04-22T11:09:18.918-0300] {processor.py:914} INFO - Processing file /home/jonathan-brito/python-projects/airflow/venv/lib/python3.12/site-packages/airflow/example_dags/example_params_ui_tutorial.py for tasks to queue
[2025-04-22T11:09:18.920-0300] {logging_mixin.py:190} INFO - [2025-04-22T11:09:18.919-0300] {dagbag.py:588} INFO - Filling up the DagBag from /home/jonathan-brito/python-projects/airflow/venv/lib/python3.12/site-packages/airflow/example_dags/example_params_ui_tutorial.py
[2025-04-22T11:09:18.928-0300] {processor.py:925} INFO - DAG(s) 'example_params_ui_tutorial' retrieved from /home/jonathan-brito/python-projects/airflow/venv/lib/python3.12/site-packages/airflow/example_dags/example_params_ui_tutorial.py
[2025-04-22T11:09:18.972-0300] {logging_mixin.py:190} INFO - [2025-04-22T11:09:18.971-0300] {dag.py:3239} INFO - Sync 1 DAGs
[2025-04-22T11:09:18.983-0300] {logging_mixin.py:190} INFO - [2025-04-22T11:09:18.983-0300] {dag.py:4180} INFO - Setting next_dagrun for example_params_ui_tutorial to None, run_after=None
[2025-04-22T11:09:19.010-0300] {processor.py:208} INFO - Processing /home/jonathan-brito/python-projects/airflow/venv/lib/python3.12/site-packages/airflow/example_dags/example_params_ui_tutorial.py took 0.106 seconds
[2025-04-22T11:10:18.204-0300] {processor.py:186} INFO - Started process (PID=50615) to work on /home/jonathan-brito/python-projects/airflow/venv/lib/python3.12/site-packages/airflow/example_dags/example_params_ui_tutorial.py
[2025-04-22T11:10:18.211-0300] {processor.py:914} INFO - Processing file /home/jonathan-brito/python-projects/airflow/venv/lib/python3.12/site-packages/airflow/example_dags/example_params_ui_tutorial.py for tasks to queue
[2025-04-22T11:10:18.212-0300] {logging_mixin.py:190} INFO - [2025-04-22T11:10:18.212-0300] {dagbag.py:588} INFO - Filling up the DagBag from /home/jonathan-brito/python-projects/airflow/venv/lib/python3.12/site-packages/airflow/example_dags/example_params_ui_tutorial.py
[2025-04-22T11:10:18.221-0300] {processor.py:925} INFO - DAG(s) 'example_params_ui_tutorial' retrieved from /home/jonathan-brito/python-projects/airflow/venv/lib/python3.12/site-packages/airflow/example_dags/example_params_ui_tutorial.py
[2025-04-22T11:10:18.269-0300] {logging_mixin.py:190} INFO - [2025-04-22T11:10:18.269-0300] {dag.py:3239} INFO - Sync 1 DAGs
[2025-04-22T11:10:18.283-0300] {logging_mixin.py:190} INFO - [2025-04-22T11:10:18.283-0300] {dag.py:4180} INFO - Setting next_dagrun for example_params_ui_tutorial to None, run_after=None
[2025-04-22T11:10:18.311-0300] {processor.py:208} INFO - Processing /home/jonathan-brito/python-projects/airflow/venv/lib/python3.12/site-packages/airflow/example_dags/example_params_ui_tutorial.py took 0.114 seconds
[2025-04-22T11:11:21.984-0300] {processor.py:186} INFO - Started process (PID=51023) to work on /home/jonathan-brito/python-projects/airflow/venv/lib/python3.12/site-packages/airflow/example_dags/example_params_ui_tutorial.py
[2025-04-22T11:11:21.985-0300] {processor.py:914} INFO - Processing file /home/jonathan-brito/python-projects/airflow/venv/lib/python3.12/site-packages/airflow/example_dags/example_params_ui_tutorial.py for tasks to queue
[2025-04-22T11:11:21.987-0300] {logging_mixin.py:190} INFO - [2025-04-22T11:11:21.986-0300] {dagbag.py:588} INFO - Filling up the DagBag from /home/jonathan-brito/python-projects/airflow/venv/lib/python3.12/site-packages/airflow/example_dags/example_params_ui_tutorial.py
[2025-04-22T11:11:21.996-0300] {processor.py:925} INFO - DAG(s) 'example_params_ui_tutorial' retrieved from /home/jonathan-brito/python-projects/airflow/venv/lib/python3.12/site-packages/airflow/example_dags/example_params_ui_tutorial.py
[2025-04-22T11:11:22.045-0300] {logging_mixin.py:190} INFO - [2025-04-22T11:11:22.045-0300] {dag.py:3239} INFO - Sync 1 DAGs
[2025-04-22T11:11:22.059-0300] {logging_mixin.py:190} INFO - [2025-04-22T11:11:22.059-0300] {dag.py:4180} INFO - Setting next_dagrun for example_params_ui_tutorial to None, run_after=None
[2025-04-22T11:11:22.093-0300] {processor.py:208} INFO - Processing /home/jonathan-brito/python-projects/airflow/venv/lib/python3.12/site-packages/airflow/example_dags/example_params_ui_tutorial.py took 0.116 seconds
