[2025-04-21T21:24:09.463-0300] {processor.py:186} INFO - Started process (PID=70858) to work on /home/jonathan-brito/python-projects/airflow/venv/lib/python3.12/site-packages/airflow/example_dags/example_dataset_alias.py
[2025-04-21T21:24:09.464-0300] {processor.py:914} INFO - Processing file /home/jonathan-brito/python-projects/airflow/venv/lib/python3.12/site-packages/airflow/example_dags/example_dataset_alias.py for tasks to queue
[2025-04-21T21:24:09.467-0300] {logging_mixin.py:190} INFO - [2025-04-21T21:24:09.466-0300] {dagbag.py:588} INFO - Filling up the DagBag from /home/jonathan-brito/python-projects/airflow/venv/lib/python3.12/site-packages/airflow/example_dags/example_dataset_alias.py
[2025-04-21T21:24:09.496-0300] {processor.py:925} INFO - DAG(s) 'dataset_s3_bucket_producer', 'dataset_s3_bucket_consumer', 'dataset_alias_example_alias_producer', 'dataset_alias_example_alias_consumer' retrieved from /home/jonathan-brito/python-projects/airflow/venv/lib/python3.12/site-packages/airflow/example_dags/example_dataset_alias.py
[2025-04-21T21:24:09.529-0300] {logging_mixin.py:190} INFO - [2025-04-21T21:24:09.529-0300] {dag.py:3239} INFO - Sync 4 DAGs
[2025-04-21T21:24:09.563-0300] {logging_mixin.py:190} INFO - [2025-04-21T21:24:09.562-0300] {dag.py:4180} INFO - Setting next_dagrun for dataset_alias_example_alias_consumer to None, run_after=None
[2025-04-21T21:24:09.566-0300] {logging_mixin.py:190} INFO - [2025-04-21T21:24:09.566-0300] {dag.py:4180} INFO - Setting next_dagrun for dataset_alias_example_alias_producer to None, run_after=None
[2025-04-21T21:24:09.569-0300] {logging_mixin.py:190} INFO - [2025-04-21T21:24:09.569-0300] {dag.py:4180} INFO - Setting next_dagrun for dataset_s3_bucket_consumer to None, run_after=None
[2025-04-21T21:24:09.571-0300] {logging_mixin.py:190} INFO - [2025-04-21T21:24:09.570-0300] {dag.py:4180} INFO - Setting next_dagrun for dataset_s3_bucket_producer to None, run_after=None
[2025-04-21T21:24:09.615-0300] {processor.py:208} INFO - Processing /home/jonathan-brito/python-projects/airflow/venv/lib/python3.12/site-packages/airflow/example_dags/example_dataset_alias.py took 0.159 seconds
[2025-04-21T22:10:27.125-0300] {processor.py:186} INFO - Started process (PID=127467) to work on /home/jonathan-brito/python-projects/airflow/venv/lib/python3.12/site-packages/airflow/example_dags/example_dataset_alias.py
[2025-04-21T22:10:27.133-0300] {processor.py:914} INFO - Processing file /home/jonathan-brito/python-projects/airflow/venv/lib/python3.12/site-packages/airflow/example_dags/example_dataset_alias.py for tasks to queue
[2025-04-21T22:10:27.138-0300] {logging_mixin.py:190} INFO - [2025-04-21T22:10:27.137-0300] {dagbag.py:588} INFO - Filling up the DagBag from /home/jonathan-brito/python-projects/airflow/venv/lib/python3.12/site-packages/airflow/example_dags/example_dataset_alias.py
[2025-04-21T22:10:27.190-0300] {processor.py:925} INFO - DAG(s) 'dataset_alias_example_alias_producer', 'dataset_s3_bucket_consumer', 'dataset_alias_example_alias_consumer', 'dataset_s3_bucket_producer' retrieved from /home/jonathan-brito/python-projects/airflow/venv/lib/python3.12/site-packages/airflow/example_dags/example_dataset_alias.py
[2025-04-21T22:10:27.212-0300] {logging_mixin.py:190} INFO - [2025-04-21T22:10:27.212-0300] {dag.py:3239} INFO - Sync 4 DAGs
[2025-04-21T22:10:27.230-0300] {logging_mixin.py:190} INFO - [2025-04-21T22:10:27.230-0300] {dag.py:4180} INFO - Setting next_dagrun for dataset_alias_example_alias_consumer to None, run_after=None
[2025-04-21T22:10:27.234-0300] {logging_mixin.py:190} INFO - [2025-04-21T22:10:27.233-0300] {dag.py:4180} INFO - Setting next_dagrun for dataset_alias_example_alias_producer to None, run_after=None
[2025-04-21T22:10:27.235-0300] {logging_mixin.py:190} INFO - [2025-04-21T22:10:27.234-0300] {dag.py:4180} INFO - Setting next_dagrun for dataset_s3_bucket_consumer to None, run_after=None
[2025-04-21T22:10:27.235-0300] {logging_mixin.py:190} INFO - [2025-04-21T22:10:27.235-0300] {dag.py:4180} INFO - Setting next_dagrun for dataset_s3_bucket_producer to None, run_after=None
[2025-04-21T22:10:27.275-0300] {processor.py:208} INFO - Processing /home/jonathan-brito/python-projects/airflow/venv/lib/python3.12/site-packages/airflow/example_dags/example_dataset_alias.py took 0.167 seconds
[2025-04-21T22:11:30.351-0300] {processor.py:186} INFO - Started process (PID=128462) to work on /home/jonathan-brito/python-projects/airflow/venv/lib/python3.12/site-packages/airflow/example_dags/example_dataset_alias.py
[2025-04-21T22:11:30.358-0300] {processor.py:914} INFO - Processing file /home/jonathan-brito/python-projects/airflow/venv/lib/python3.12/site-packages/airflow/example_dags/example_dataset_alias.py for tasks to queue
[2025-04-21T22:11:30.360-0300] {logging_mixin.py:190} INFO - [2025-04-21T22:11:30.360-0300] {dagbag.py:588} INFO - Filling up the DagBag from /home/jonathan-brito/python-projects/airflow/venv/lib/python3.12/site-packages/airflow/example_dags/example_dataset_alias.py
[2025-04-21T22:11:30.391-0300] {processor.py:925} INFO - DAG(s) 'dataset_s3_bucket_producer', 'dataset_s3_bucket_consumer', 'dataset_alias_example_alias_consumer', 'dataset_alias_example_alias_producer' retrieved from /home/jonathan-brito/python-projects/airflow/venv/lib/python3.12/site-packages/airflow/example_dags/example_dataset_alias.py
[2025-04-21T22:11:30.420-0300] {logging_mixin.py:190} INFO - [2025-04-21T22:11:30.420-0300] {dag.py:3239} INFO - Sync 4 DAGs
[2025-04-21T22:11:30.442-0300] {logging_mixin.py:190} INFO - [2025-04-21T22:11:30.441-0300] {dag.py:4180} INFO - Setting next_dagrun for dataset_alias_example_alias_consumer to None, run_after=None
[2025-04-21T22:11:30.444-0300] {logging_mixin.py:190} INFO - [2025-04-21T22:11:30.444-0300] {dag.py:4180} INFO - Setting next_dagrun for dataset_alias_example_alias_producer to None, run_after=None
[2025-04-21T22:11:30.446-0300] {logging_mixin.py:190} INFO - [2025-04-21T22:11:30.446-0300] {dag.py:4180} INFO - Setting next_dagrun for dataset_s3_bucket_consumer to None, run_after=None
[2025-04-21T22:11:30.447-0300] {logging_mixin.py:190} INFO - [2025-04-21T22:11:30.447-0300] {dag.py:4180} INFO - Setting next_dagrun for dataset_s3_bucket_producer to None, run_after=None
[2025-04-21T22:11:30.480-0300] {processor.py:208} INFO - Processing /home/jonathan-brito/python-projects/airflow/venv/lib/python3.12/site-packages/airflow/example_dags/example_dataset_alias.py took 0.135 seconds
[2025-04-21T22:12:32.582-0300] {processor.py:186} INFO - Started process (PID=129149) to work on /home/jonathan-brito/python-projects/airflow/venv/lib/python3.12/site-packages/airflow/example_dags/example_dataset_alias.py
[2025-04-21T22:12:32.589-0300] {processor.py:914} INFO - Processing file /home/jonathan-brito/python-projects/airflow/venv/lib/python3.12/site-packages/airflow/example_dags/example_dataset_alias.py for tasks to queue
[2025-04-21T22:12:32.590-0300] {logging_mixin.py:190} INFO - [2025-04-21T22:12:32.590-0300] {dagbag.py:588} INFO - Filling up the DagBag from /home/jonathan-brito/python-projects/airflow/venv/lib/python3.12/site-packages/airflow/example_dags/example_dataset_alias.py
[2025-04-21T22:12:32.612-0300] {processor.py:925} INFO - DAG(s) 'dataset_s3_bucket_consumer', 'dataset_alias_example_alias_producer', 'dataset_s3_bucket_producer', 'dataset_alias_example_alias_consumer' retrieved from /home/jonathan-brito/python-projects/airflow/venv/lib/python3.12/site-packages/airflow/example_dags/example_dataset_alias.py
[2025-04-21T22:12:32.633-0300] {logging_mixin.py:190} INFO - [2025-04-21T22:12:32.632-0300] {dag.py:3239} INFO - Sync 4 DAGs
[2025-04-21T22:12:32.650-0300] {logging_mixin.py:190} INFO - [2025-04-21T22:12:32.649-0300] {dag.py:4180} INFO - Setting next_dagrun for dataset_alias_example_alias_consumer to None, run_after=None
[2025-04-21T22:12:32.652-0300] {logging_mixin.py:190} INFO - [2025-04-21T22:12:32.652-0300] {dag.py:4180} INFO - Setting next_dagrun for dataset_alias_example_alias_producer to None, run_after=None
[2025-04-21T22:12:32.653-0300] {logging_mixin.py:190} INFO - [2025-04-21T22:12:32.653-0300] {dag.py:4180} INFO - Setting next_dagrun for dataset_s3_bucket_consumer to None, run_after=None
[2025-04-21T22:12:32.654-0300] {logging_mixin.py:190} INFO - [2025-04-21T22:12:32.654-0300] {dag.py:4180} INFO - Setting next_dagrun for dataset_s3_bucket_producer to None, run_after=None
[2025-04-21T22:12:32.685-0300] {processor.py:208} INFO - Processing /home/jonathan-brito/python-projects/airflow/venv/lib/python3.12/site-packages/airflow/example_dags/example_dataset_alias.py took 0.109 seconds
[2025-04-21T22:13:36.985-0300] {processor.py:186} INFO - Started process (PID=129872) to work on /home/jonathan-brito/python-projects/airflow/venv/lib/python3.12/site-packages/airflow/example_dags/example_dataset_alias.py
[2025-04-21T22:13:36.992-0300] {processor.py:914} INFO - Processing file /home/jonathan-brito/python-projects/airflow/venv/lib/python3.12/site-packages/airflow/example_dags/example_dataset_alias.py for tasks to queue
[2025-04-21T22:13:36.995-0300] {logging_mixin.py:190} INFO - [2025-04-21T22:13:36.994-0300] {dagbag.py:588} INFO - Filling up the DagBag from /home/jonathan-brito/python-projects/airflow/venv/lib/python3.12/site-packages/airflow/example_dags/example_dataset_alias.py
[2025-04-21T22:13:37.031-0300] {processor.py:925} INFO - DAG(s) 'dataset_s3_bucket_consumer', 'dataset_alias_example_alias_consumer', 'dataset_alias_example_alias_producer', 'dataset_s3_bucket_producer' retrieved from /home/jonathan-brito/python-projects/airflow/venv/lib/python3.12/site-packages/airflow/example_dags/example_dataset_alias.py
[2025-04-21T22:13:37.056-0300] {logging_mixin.py:190} INFO - [2025-04-21T22:13:37.056-0300] {dag.py:3239} INFO - Sync 4 DAGs
[2025-04-21T22:13:37.075-0300] {logging_mixin.py:190} INFO - [2025-04-21T22:13:37.074-0300] {dag.py:4180} INFO - Setting next_dagrun for dataset_alias_example_alias_consumer to None, run_after=None
[2025-04-21T22:13:37.077-0300] {logging_mixin.py:190} INFO - [2025-04-21T22:13:37.077-0300] {dag.py:4180} INFO - Setting next_dagrun for dataset_alias_example_alias_producer to None, run_after=None
[2025-04-21T22:13:37.078-0300] {logging_mixin.py:190} INFO - [2025-04-21T22:13:37.078-0300] {dag.py:4180} INFO - Setting next_dagrun for dataset_s3_bucket_consumer to None, run_after=None
[2025-04-21T22:13:37.079-0300] {logging_mixin.py:190} INFO - [2025-04-21T22:13:37.079-0300] {dag.py:4180} INFO - Setting next_dagrun for dataset_s3_bucket_producer to None, run_after=None
[2025-04-21T22:13:37.116-0300] {processor.py:208} INFO - Processing /home/jonathan-brito/python-projects/airflow/venv/lib/python3.12/site-packages/airflow/example_dags/example_dataset_alias.py took 0.142 seconds
[2025-04-21T22:14:39.416-0300] {processor.py:186} INFO - Started process (PID=130613) to work on /home/jonathan-brito/python-projects/airflow/venv/lib/python3.12/site-packages/airflow/example_dags/example_dataset_alias.py
[2025-04-21T22:14:39.423-0300] {processor.py:914} INFO - Processing file /home/jonathan-brito/python-projects/airflow/venv/lib/python3.12/site-packages/airflow/example_dags/example_dataset_alias.py for tasks to queue
[2025-04-21T22:14:39.424-0300] {logging_mixin.py:190} INFO - [2025-04-21T22:14:39.424-0300] {dagbag.py:588} INFO - Filling up the DagBag from /home/jonathan-brito/python-projects/airflow/venv/lib/python3.12/site-packages/airflow/example_dags/example_dataset_alias.py
[2025-04-21T22:14:39.448-0300] {processor.py:925} INFO - DAG(s) 'dataset_alias_example_alias_consumer', 'dataset_s3_bucket_consumer', 'dataset_alias_example_alias_producer', 'dataset_s3_bucket_producer' retrieved from /home/jonathan-brito/python-projects/airflow/venv/lib/python3.12/site-packages/airflow/example_dags/example_dataset_alias.py
[2025-04-21T22:14:39.478-0300] {logging_mixin.py:190} INFO - [2025-04-21T22:14:39.478-0300] {dag.py:3239} INFO - Sync 4 DAGs
[2025-04-21T22:14:39.497-0300] {logging_mixin.py:190} INFO - [2025-04-21T22:14:39.497-0300] {dag.py:4180} INFO - Setting next_dagrun for dataset_alias_example_alias_consumer to None, run_after=None
[2025-04-21T22:14:39.499-0300] {logging_mixin.py:190} INFO - [2025-04-21T22:14:39.499-0300] {dag.py:4180} INFO - Setting next_dagrun for dataset_alias_example_alias_producer to None, run_after=None
[2025-04-21T22:14:39.500-0300] {logging_mixin.py:190} INFO - [2025-04-21T22:14:39.500-0300] {dag.py:4180} INFO - Setting next_dagrun for dataset_s3_bucket_consumer to None, run_after=None
[2025-04-21T22:14:39.501-0300] {logging_mixin.py:190} INFO - [2025-04-21T22:14:39.501-0300] {dag.py:4180} INFO - Setting next_dagrun for dataset_s3_bucket_producer to None, run_after=None
[2025-04-21T22:14:39.533-0300] {processor.py:208} INFO - Processing /home/jonathan-brito/python-projects/airflow/venv/lib/python3.12/site-packages/airflow/example_dags/example_dataset_alias.py took 0.123 seconds
[2025-04-21T22:15:40.958-0300] {processor.py:186} INFO - Started process (PID=131255) to work on /home/jonathan-brito/python-projects/airflow/venv/lib/python3.12/site-packages/airflow/example_dags/example_dataset_alias.py
[2025-04-21T22:15:40.965-0300] {processor.py:914} INFO - Processing file /home/jonathan-brito/python-projects/airflow/venv/lib/python3.12/site-packages/airflow/example_dags/example_dataset_alias.py for tasks to queue
[2025-04-21T22:15:40.966-0300] {logging_mixin.py:190} INFO - [2025-04-21T22:15:40.966-0300] {dagbag.py:588} INFO - Filling up the DagBag from /home/jonathan-brito/python-projects/airflow/venv/lib/python3.12/site-packages/airflow/example_dags/example_dataset_alias.py
[2025-04-21T22:15:40.989-0300] {processor.py:925} INFO - DAG(s) 'dataset_s3_bucket_producer', 'dataset_alias_example_alias_producer', 'dataset_alias_example_alias_consumer', 'dataset_s3_bucket_consumer' retrieved from /home/jonathan-brito/python-projects/airflow/venv/lib/python3.12/site-packages/airflow/example_dags/example_dataset_alias.py
[2025-04-21T22:15:41.012-0300] {logging_mixin.py:190} INFO - [2025-04-21T22:15:41.012-0300] {dag.py:3239} INFO - Sync 4 DAGs
[2025-04-21T22:15:41.030-0300] {logging_mixin.py:190} INFO - [2025-04-21T22:15:41.030-0300] {dag.py:4180} INFO - Setting next_dagrun for dataset_alias_example_alias_consumer to None, run_after=None
[2025-04-21T22:15:41.033-0300] {logging_mixin.py:190} INFO - [2025-04-21T22:15:41.032-0300] {dag.py:4180} INFO - Setting next_dagrun for dataset_alias_example_alias_producer to None, run_after=None
[2025-04-21T22:15:41.034-0300] {logging_mixin.py:190} INFO - [2025-04-21T22:15:41.033-0300] {dag.py:4180} INFO - Setting next_dagrun for dataset_s3_bucket_consumer to None, run_after=None
[2025-04-21T22:15:41.035-0300] {logging_mixin.py:190} INFO - [2025-04-21T22:15:41.035-0300] {dag.py:4180} INFO - Setting next_dagrun for dataset_s3_bucket_producer to None, run_after=None
[2025-04-21T22:15:41.071-0300] {processor.py:208} INFO - Processing /home/jonathan-brito/python-projects/airflow/venv/lib/python3.12/site-packages/airflow/example_dags/example_dataset_alias.py took 0.123 seconds
[2025-04-21T22:16:43.759-0300] {processor.py:186} INFO - Started process (PID=131897) to work on /home/jonathan-brito/python-projects/airflow/venv/lib/python3.12/site-packages/airflow/example_dags/example_dataset_alias.py
[2025-04-21T22:16:43.766-0300] {processor.py:914} INFO - Processing file /home/jonathan-brito/python-projects/airflow/venv/lib/python3.12/site-packages/airflow/example_dags/example_dataset_alias.py for tasks to queue
[2025-04-21T22:16:43.769-0300] {logging_mixin.py:190} INFO - [2025-04-21T22:16:43.769-0300] {dagbag.py:588} INFO - Filling up the DagBag from /home/jonathan-brito/python-projects/airflow/venv/lib/python3.12/site-packages/airflow/example_dags/example_dataset_alias.py
[2025-04-21T22:16:43.812-0300] {processor.py:925} INFO - DAG(s) 'dataset_s3_bucket_consumer', 'dataset_s3_bucket_producer', 'dataset_alias_example_alias_consumer', 'dataset_alias_example_alias_producer' retrieved from /home/jonathan-brito/python-projects/airflow/venv/lib/python3.12/site-packages/airflow/example_dags/example_dataset_alias.py
[2025-04-21T22:16:43.851-0300] {logging_mixin.py:190} INFO - [2025-04-21T22:16:43.851-0300] {dag.py:3239} INFO - Sync 4 DAGs
[2025-04-21T22:16:43.878-0300] {logging_mixin.py:190} INFO - [2025-04-21T22:16:43.878-0300] {dag.py:4180} INFO - Setting next_dagrun for dataset_alias_example_alias_consumer to None, run_after=None
[2025-04-21T22:16:43.880-0300] {logging_mixin.py:190} INFO - [2025-04-21T22:16:43.880-0300] {dag.py:4180} INFO - Setting next_dagrun for dataset_alias_example_alias_producer to None, run_after=None
[2025-04-21T22:16:43.881-0300] {logging_mixin.py:190} INFO - [2025-04-21T22:16:43.881-0300] {dag.py:4180} INFO - Setting next_dagrun for dataset_s3_bucket_consumer to None, run_after=None
[2025-04-21T22:16:43.883-0300] {logging_mixin.py:190} INFO - [2025-04-21T22:16:43.883-0300] {dag.py:4180} INFO - Setting next_dagrun for dataset_s3_bucket_producer to None, run_after=None
[2025-04-21T22:16:43.921-0300] {processor.py:208} INFO - Processing /home/jonathan-brito/python-projects/airflow/venv/lib/python3.12/site-packages/airflow/example_dags/example_dataset_alias.py took 0.174 seconds
[2025-04-21T22:17:47.215-0300] {processor.py:186} INFO - Started process (PID=132569) to work on /home/jonathan-brito/python-projects/airflow/venv/lib/python3.12/site-packages/airflow/example_dags/example_dataset_alias.py
[2025-04-21T22:17:47.222-0300] {processor.py:914} INFO - Processing file /home/jonathan-brito/python-projects/airflow/venv/lib/python3.12/site-packages/airflow/example_dags/example_dataset_alias.py for tasks to queue
[2025-04-21T22:17:47.224-0300] {logging_mixin.py:190} INFO - [2025-04-21T22:17:47.223-0300] {dagbag.py:588} INFO - Filling up the DagBag from /home/jonathan-brito/python-projects/airflow/venv/lib/python3.12/site-packages/airflow/example_dags/example_dataset_alias.py
[2025-04-21T22:17:47.253-0300] {processor.py:925} INFO - DAG(s) 'dataset_s3_bucket_producer', 'dataset_s3_bucket_consumer', 'dataset_alias_example_alias_producer', 'dataset_alias_example_alias_consumer' retrieved from /home/jonathan-brito/python-projects/airflow/venv/lib/python3.12/site-packages/airflow/example_dags/example_dataset_alias.py
[2025-04-21T22:17:47.282-0300] {logging_mixin.py:190} INFO - [2025-04-21T22:17:47.281-0300] {dag.py:3239} INFO - Sync 4 DAGs
[2025-04-21T22:17:47.299-0300] {logging_mixin.py:190} INFO - [2025-04-21T22:17:47.299-0300] {dag.py:4180} INFO - Setting next_dagrun for dataset_alias_example_alias_consumer to None, run_after=None
[2025-04-21T22:17:47.302-0300] {logging_mixin.py:190} INFO - [2025-04-21T22:17:47.302-0300] {dag.py:4180} INFO - Setting next_dagrun for dataset_alias_example_alias_producer to None, run_after=None
[2025-04-21T22:17:47.303-0300] {logging_mixin.py:190} INFO - [2025-04-21T22:17:47.303-0300] {dag.py:4180} INFO - Setting next_dagrun for dataset_s3_bucket_consumer to None, run_after=None
[2025-04-21T22:17:47.304-0300] {logging_mixin.py:190} INFO - [2025-04-21T22:17:47.304-0300] {dag.py:4180} INFO - Setting next_dagrun for dataset_s3_bucket_producer to None, run_after=None
[2025-04-21T22:17:47.340-0300] {processor.py:208} INFO - Processing /home/jonathan-brito/python-projects/airflow/venv/lib/python3.12/site-packages/airflow/example_dags/example_dataset_alias.py took 0.133 seconds
[2025-04-21T22:18:49.463-0300] {processor.py:186} INFO - Started process (PID=133189) to work on /home/jonathan-brito/python-projects/airflow/venv/lib/python3.12/site-packages/airflow/example_dags/example_dataset_alias.py
[2025-04-21T22:18:49.470-0300] {processor.py:914} INFO - Processing file /home/jonathan-brito/python-projects/airflow/venv/lib/python3.12/site-packages/airflow/example_dags/example_dataset_alias.py for tasks to queue
[2025-04-21T22:18:49.471-0300] {logging_mixin.py:190} INFO - [2025-04-21T22:18:49.471-0300] {dagbag.py:588} INFO - Filling up the DagBag from /home/jonathan-brito/python-projects/airflow/venv/lib/python3.12/site-packages/airflow/example_dags/example_dataset_alias.py
[2025-04-21T22:18:49.493-0300] {processor.py:925} INFO - DAG(s) 'dataset_s3_bucket_producer', 'dataset_alias_example_alias_producer', 'dataset_alias_example_alias_consumer', 'dataset_s3_bucket_consumer' retrieved from /home/jonathan-brito/python-projects/airflow/venv/lib/python3.12/site-packages/airflow/example_dags/example_dataset_alias.py
[2025-04-21T22:18:49.513-0300] {logging_mixin.py:190} INFO - [2025-04-21T22:18:49.513-0300] {dag.py:3239} INFO - Sync 4 DAGs
[2025-04-21T22:18:49.530-0300] {logging_mixin.py:190} INFO - [2025-04-21T22:18:49.530-0300] {dag.py:4180} INFO - Setting next_dagrun for dataset_alias_example_alias_consumer to None, run_after=None
[2025-04-21T22:18:49.532-0300] {logging_mixin.py:190} INFO - [2025-04-21T22:18:49.532-0300] {dag.py:4180} INFO - Setting next_dagrun for dataset_alias_example_alias_producer to None, run_after=None
[2025-04-21T22:18:49.533-0300] {logging_mixin.py:190} INFO - [2025-04-21T22:18:49.533-0300] {dag.py:4180} INFO - Setting next_dagrun for dataset_s3_bucket_consumer to None, run_after=None
[2025-04-21T22:18:49.534-0300] {logging_mixin.py:190} INFO - [2025-04-21T22:18:49.534-0300] {dag.py:4180} INFO - Setting next_dagrun for dataset_s3_bucket_producer to None, run_after=None
[2025-04-21T22:18:49.563-0300] {processor.py:208} INFO - Processing /home/jonathan-brito/python-projects/airflow/venv/lib/python3.12/site-packages/airflow/example_dags/example_dataset_alias.py took 0.107 seconds
[2025-04-21T22:19:52.220-0300] {processor.py:186} INFO - Started process (PID=133906) to work on /home/jonathan-brito/python-projects/airflow/venv/lib/python3.12/site-packages/airflow/example_dags/example_dataset_alias.py
[2025-04-21T22:19:52.227-0300] {processor.py:914} INFO - Processing file /home/jonathan-brito/python-projects/airflow/venv/lib/python3.12/site-packages/airflow/example_dags/example_dataset_alias.py for tasks to queue
[2025-04-21T22:19:52.228-0300] {logging_mixin.py:190} INFO - [2025-04-21T22:19:52.228-0300] {dagbag.py:588} INFO - Filling up the DagBag from /home/jonathan-brito/python-projects/airflow/venv/lib/python3.12/site-packages/airflow/example_dags/example_dataset_alias.py
[2025-04-21T22:19:52.250-0300] {processor.py:925} INFO - DAG(s) 'dataset_alias_example_alias_consumer', 'dataset_s3_bucket_producer', 'dataset_alias_example_alias_producer', 'dataset_s3_bucket_consumer' retrieved from /home/jonathan-brito/python-projects/airflow/venv/lib/python3.12/site-packages/airflow/example_dags/example_dataset_alias.py
[2025-04-21T22:19:52.271-0300] {logging_mixin.py:190} INFO - [2025-04-21T22:19:52.271-0300] {dag.py:3239} INFO - Sync 4 DAGs
[2025-04-21T22:19:52.288-0300] {logging_mixin.py:190} INFO - [2025-04-21T22:19:52.288-0300] {dag.py:4180} INFO - Setting next_dagrun for dataset_alias_example_alias_consumer to None, run_after=None
[2025-04-21T22:19:52.290-0300] {logging_mixin.py:190} INFO - [2025-04-21T22:19:52.290-0300] {dag.py:4180} INFO - Setting next_dagrun for dataset_alias_example_alias_producer to None, run_after=None
[2025-04-21T22:19:52.292-0300] {logging_mixin.py:190} INFO - [2025-04-21T22:19:52.291-0300] {dag.py:4180} INFO - Setting next_dagrun for dataset_s3_bucket_consumer to None, run_after=None
[2025-04-21T22:19:52.293-0300] {logging_mixin.py:190} INFO - [2025-04-21T22:19:52.292-0300] {dag.py:4180} INFO - Setting next_dagrun for dataset_s3_bucket_producer to None, run_after=None
[2025-04-21T22:19:52.328-0300] {processor.py:208} INFO - Processing /home/jonathan-brito/python-projects/airflow/venv/lib/python3.12/site-packages/airflow/example_dags/example_dataset_alias.py took 0.113 seconds
[2025-04-21T22:20:55.736-0300] {processor.py:186} INFO - Started process (PID=134561) to work on /home/jonathan-brito/python-projects/airflow/venv/lib/python3.12/site-packages/airflow/example_dags/example_dataset_alias.py
[2025-04-21T22:20:55.744-0300] {processor.py:914} INFO - Processing file /home/jonathan-brito/python-projects/airflow/venv/lib/python3.12/site-packages/airflow/example_dags/example_dataset_alias.py for tasks to queue
[2025-04-21T22:20:55.747-0300] {logging_mixin.py:190} INFO - [2025-04-21T22:20:55.746-0300] {dagbag.py:588} INFO - Filling up the DagBag from /home/jonathan-brito/python-projects/airflow/venv/lib/python3.12/site-packages/airflow/example_dags/example_dataset_alias.py
[2025-04-21T22:20:55.776-0300] {processor.py:925} INFO - DAG(s) 'dataset_s3_bucket_consumer', 'dataset_alias_example_alias_consumer', 'dataset_alias_example_alias_producer', 'dataset_s3_bucket_producer' retrieved from /home/jonathan-brito/python-projects/airflow/venv/lib/python3.12/site-packages/airflow/example_dags/example_dataset_alias.py
[2025-04-21T22:20:55.800-0300] {logging_mixin.py:190} INFO - [2025-04-21T22:20:55.799-0300] {dag.py:3239} INFO - Sync 4 DAGs
[2025-04-21T22:20:55.821-0300] {logging_mixin.py:190} INFO - [2025-04-21T22:20:55.821-0300] {dag.py:4180} INFO - Setting next_dagrun for dataset_alias_example_alias_consumer to None, run_after=None
[2025-04-21T22:20:55.824-0300] {logging_mixin.py:190} INFO - [2025-04-21T22:20:55.824-0300] {dag.py:4180} INFO - Setting next_dagrun for dataset_alias_example_alias_producer to None, run_after=None
[2025-04-21T22:20:55.826-0300] {logging_mixin.py:190} INFO - [2025-04-21T22:20:55.826-0300] {dag.py:4180} INFO - Setting next_dagrun for dataset_s3_bucket_consumer to None, run_after=None
[2025-04-21T22:20:55.828-0300] {logging_mixin.py:190} INFO - [2025-04-21T22:20:55.828-0300] {dag.py:4180} INFO - Setting next_dagrun for dataset_s3_bucket_producer to None, run_after=None
[2025-04-21T22:20:55.857-0300] {processor.py:208} INFO - Processing /home/jonathan-brito/python-projects/airflow/venv/lib/python3.12/site-packages/airflow/example_dags/example_dataset_alias.py took 0.127 seconds
[2025-04-22T10:24:56.319-0300] {processor.py:186} INFO - Started process (PID=11495) to work on /home/jonathan-brito/python-projects/airflow/venv/lib/python3.12/site-packages/airflow/example_dags/example_dataset_alias.py
[2025-04-22T10:24:56.329-0300] {processor.py:914} INFO - Processing file /home/jonathan-brito/python-projects/airflow/venv/lib/python3.12/site-packages/airflow/example_dags/example_dataset_alias.py for tasks to queue
[2025-04-22T10:24:56.335-0300] {logging_mixin.py:190} INFO - [2025-04-22T10:24:56.334-0300] {dagbag.py:588} INFO - Filling up the DagBag from /home/jonathan-brito/python-projects/airflow/venv/lib/python3.12/site-packages/airflow/example_dags/example_dataset_alias.py
[2025-04-22T10:24:56.378-0300] {processor.py:925} INFO - DAG(s) 'dataset_alias_example_alias_producer', 'dataset_s3_bucket_producer', 'dataset_alias_example_alias_consumer', 'dataset_s3_bucket_consumer' retrieved from /home/jonathan-brito/python-projects/airflow/venv/lib/python3.12/site-packages/airflow/example_dags/example_dataset_alias.py
[2025-04-22T10:24:56.404-0300] {logging_mixin.py:190} INFO - [2025-04-22T10:24:56.404-0300] {dag.py:3239} INFO - Sync 4 DAGs
[2025-04-22T10:24:56.433-0300] {logging_mixin.py:190} INFO - [2025-04-22T10:24:56.432-0300] {dag.py:4180} INFO - Setting next_dagrun for dataset_alias_example_alias_consumer to None, run_after=None
[2025-04-22T10:24:56.437-0300] {logging_mixin.py:190} INFO - [2025-04-22T10:24:56.437-0300] {dag.py:4180} INFO - Setting next_dagrun for dataset_alias_example_alias_producer to None, run_after=None
[2025-04-22T10:24:56.439-0300] {logging_mixin.py:190} INFO - [2025-04-22T10:24:56.439-0300] {dag.py:4180} INFO - Setting next_dagrun for dataset_s3_bucket_consumer to None, run_after=None
[2025-04-22T10:24:56.442-0300] {logging_mixin.py:190} INFO - [2025-04-22T10:24:56.442-0300] {dag.py:4180} INFO - Setting next_dagrun for dataset_s3_bucket_producer to None, run_after=None
[2025-04-22T10:24:56.497-0300] {processor.py:208} INFO - Processing /home/jonathan-brito/python-projects/airflow/venv/lib/python3.12/site-packages/airflow/example_dags/example_dataset_alias.py took 0.189 seconds
[2025-04-22T10:26:39.013-0300] {processor.py:186} INFO - Started process (PID=12918) to work on /home/jonathan-brito/python-projects/airflow/venv/lib/python3.12/site-packages/airflow/example_dags/example_dataset_alias.py
[2025-04-22T10:26:39.020-0300] {processor.py:914} INFO - Processing file /home/jonathan-brito/python-projects/airflow/venv/lib/python3.12/site-packages/airflow/example_dags/example_dataset_alias.py for tasks to queue
[2025-04-22T10:26:39.022-0300] {logging_mixin.py:190} INFO - [2025-04-22T10:26:39.022-0300] {dagbag.py:588} INFO - Filling up the DagBag from /home/jonathan-brito/python-projects/airflow/venv/lib/python3.12/site-packages/airflow/example_dags/example_dataset_alias.py
[2025-04-22T10:26:39.051-0300] {processor.py:925} INFO - DAG(s) 'dataset_s3_bucket_producer', 'dataset_alias_example_alias_consumer', 'dataset_alias_example_alias_producer', 'dataset_s3_bucket_consumer' retrieved from /home/jonathan-brito/python-projects/airflow/venv/lib/python3.12/site-packages/airflow/example_dags/example_dataset_alias.py
[2025-04-22T10:26:39.086-0300] {logging_mixin.py:190} INFO - [2025-04-22T10:26:39.085-0300] {dag.py:3239} INFO - Sync 4 DAGs
[2025-04-22T10:26:39.108-0300] {logging_mixin.py:190} INFO - [2025-04-22T10:26:39.108-0300] {dag.py:4180} INFO - Setting next_dagrun for dataset_alias_example_alias_consumer to None, run_after=None
[2025-04-22T10:26:39.110-0300] {logging_mixin.py:190} INFO - [2025-04-22T10:26:39.110-0300] {dag.py:4180} INFO - Setting next_dagrun for dataset_alias_example_alias_producer to None, run_after=None
[2025-04-22T10:26:39.112-0300] {logging_mixin.py:190} INFO - [2025-04-22T10:26:39.111-0300] {dag.py:4180} INFO - Setting next_dagrun for dataset_s3_bucket_consumer to None, run_after=None
[2025-04-22T10:26:39.113-0300] {logging_mixin.py:190} INFO - [2025-04-22T10:26:39.113-0300] {dag.py:4180} INFO - Setting next_dagrun for dataset_s3_bucket_producer to None, run_after=None
[2025-04-22T10:26:39.167-0300] {processor.py:208} INFO - Processing /home/jonathan-brito/python-projects/airflow/venv/lib/python3.12/site-packages/airflow/example_dags/example_dataset_alias.py took 0.160 seconds
[2025-04-22T10:29:28.803-0300] {processor.py:186} INFO - Started process (PID=15703) to work on /home/jonathan-brito/python-projects/airflow/venv/lib/python3.12/site-packages/airflow/example_dags/example_dataset_alias.py
[2025-04-22T10:29:28.810-0300] {processor.py:914} INFO - Processing file /home/jonathan-brito/python-projects/airflow/venv/lib/python3.12/site-packages/airflow/example_dags/example_dataset_alias.py for tasks to queue
[2025-04-22T10:29:28.812-0300] {logging_mixin.py:190} INFO - [2025-04-22T10:29:28.812-0300] {dagbag.py:588} INFO - Filling up the DagBag from /home/jonathan-brito/python-projects/airflow/venv/lib/python3.12/site-packages/airflow/example_dags/example_dataset_alias.py
[2025-04-22T10:29:28.837-0300] {processor.py:925} INFO - DAG(s) 'dataset_alias_example_alias_consumer', 'dataset_s3_bucket_producer', 'dataset_s3_bucket_consumer', 'dataset_alias_example_alias_producer' retrieved from /home/jonathan-brito/python-projects/airflow/venv/lib/python3.12/site-packages/airflow/example_dags/example_dataset_alias.py
[2025-04-22T10:29:28.859-0300] {logging_mixin.py:190} INFO - [2025-04-22T10:29:28.859-0300] {dag.py:3239} INFO - Sync 4 DAGs
[2025-04-22T10:29:28.880-0300] {logging_mixin.py:190} INFO - [2025-04-22T10:29:28.880-0300] {dag.py:4180} INFO - Setting next_dagrun for dataset_alias_example_alias_consumer to None, run_after=None
[2025-04-22T10:29:28.883-0300] {logging_mixin.py:190} INFO - [2025-04-22T10:29:28.883-0300] {dag.py:4180} INFO - Setting next_dagrun for dataset_alias_example_alias_producer to None, run_after=None
[2025-04-22T10:29:28.884-0300] {logging_mixin.py:190} INFO - [2025-04-22T10:29:28.884-0300] {dag.py:4180} INFO - Setting next_dagrun for dataset_s3_bucket_consumer to None, run_after=None
[2025-04-22T10:29:28.885-0300] {logging_mixin.py:190} INFO - [2025-04-22T10:29:28.885-0300] {dag.py:4180} INFO - Setting next_dagrun for dataset_s3_bucket_producer to None, run_after=None
[2025-04-22T10:29:28.914-0300] {processor.py:208} INFO - Processing /home/jonathan-brito/python-projects/airflow/venv/lib/python3.12/site-packages/airflow/example_dags/example_dataset_alias.py took 0.117 seconds
[2025-04-22T11:08:37.850-0300] {processor.py:186} INFO - Started process (PID=49799) to work on /home/jonathan-brito/python-projects/airflow/venv/lib/python3.12/site-packages/airflow/example_dags/example_dataset_alias.py
[2025-04-22T11:08:37.852-0300] {processor.py:914} INFO - Processing file /home/jonathan-brito/python-projects/airflow/venv/lib/python3.12/site-packages/airflow/example_dags/example_dataset_alias.py for tasks to queue
[2025-04-22T11:08:37.853-0300] {logging_mixin.py:190} INFO - [2025-04-22T11:08:37.853-0300] {dagbag.py:588} INFO - Filling up the DagBag from /home/jonathan-brito/python-projects/airflow/venv/lib/python3.12/site-packages/airflow/example_dags/example_dataset_alias.py
[2025-04-22T11:08:37.876-0300] {processor.py:925} INFO - DAG(s) 'dataset_alias_example_alias_producer', 'dataset_s3_bucket_consumer', 'dataset_s3_bucket_producer', 'dataset_alias_example_alias_consumer' retrieved from /home/jonathan-brito/python-projects/airflow/venv/lib/python3.12/site-packages/airflow/example_dags/example_dataset_alias.py
[2025-04-22T11:08:37.900-0300] {logging_mixin.py:190} INFO - [2025-04-22T11:08:37.899-0300] {dag.py:3239} INFO - Sync 4 DAGs
[2025-04-22T11:08:37.917-0300] {logging_mixin.py:190} INFO - [2025-04-22T11:08:37.917-0300] {dag.py:4180} INFO - Setting next_dagrun for dataset_alias_example_alias_consumer to None, run_after=None
[2025-04-22T11:08:37.919-0300] {logging_mixin.py:190} INFO - [2025-04-22T11:08:37.919-0300] {dag.py:4180} INFO - Setting next_dagrun for dataset_alias_example_alias_producer to None, run_after=None
[2025-04-22T11:08:37.921-0300] {logging_mixin.py:190} INFO - [2025-04-22T11:08:37.921-0300] {dag.py:4180} INFO - Setting next_dagrun for dataset_s3_bucket_consumer to None, run_after=None
[2025-04-22T11:08:37.922-0300] {logging_mixin.py:190} INFO - [2025-04-22T11:08:37.922-0300] {dag.py:4180} INFO - Setting next_dagrun for dataset_s3_bucket_producer to None, run_after=None
[2025-04-22T11:08:37.948-0300] {processor.py:208} INFO - Processing /home/jonathan-brito/python-projects/airflow/venv/lib/python3.12/site-packages/airflow/example_dags/example_dataset_alias.py took 0.104 seconds
[2025-04-22T11:09:37.549-0300] {processor.py:186} INFO - Started process (PID=50177) to work on /home/jonathan-brito/python-projects/airflow/venv/lib/python3.12/site-packages/airflow/example_dags/example_dataset_alias.py
[2025-04-22T11:09:37.556-0300] {processor.py:914} INFO - Processing file /home/jonathan-brito/python-projects/airflow/venv/lib/python3.12/site-packages/airflow/example_dags/example_dataset_alias.py for tasks to queue
[2025-04-22T11:09:37.558-0300] {logging_mixin.py:190} INFO - [2025-04-22T11:09:37.557-0300] {dagbag.py:588} INFO - Filling up the DagBag from /home/jonathan-brito/python-projects/airflow/venv/lib/python3.12/site-packages/airflow/example_dags/example_dataset_alias.py
[2025-04-22T11:09:37.580-0300] {processor.py:925} INFO - DAG(s) 'dataset_alias_example_alias_producer', 'dataset_alias_example_alias_consumer', 'dataset_s3_bucket_consumer', 'dataset_s3_bucket_producer' retrieved from /home/jonathan-brito/python-projects/airflow/venv/lib/python3.12/site-packages/airflow/example_dags/example_dataset_alias.py
[2025-04-22T11:09:37.603-0300] {logging_mixin.py:190} INFO - [2025-04-22T11:09:37.603-0300] {dag.py:3239} INFO - Sync 4 DAGs
[2025-04-22T11:09:37.620-0300] {logging_mixin.py:190} INFO - [2025-04-22T11:09:37.620-0300] {dag.py:4180} INFO - Setting next_dagrun for dataset_alias_example_alias_consumer to None, run_after=None
[2025-04-22T11:09:37.622-0300] {logging_mixin.py:190} INFO - [2025-04-22T11:09:37.622-0300] {dag.py:4180} INFO - Setting next_dagrun for dataset_alias_example_alias_producer to None, run_after=None
[2025-04-22T11:09:37.624-0300] {logging_mixin.py:190} INFO - [2025-04-22T11:09:37.623-0300] {dag.py:4180} INFO - Setting next_dagrun for dataset_s3_bucket_consumer to None, run_after=None
[2025-04-22T11:09:37.625-0300] {logging_mixin.py:190} INFO - [2025-04-22T11:09:37.624-0300] {dag.py:4180} INFO - Setting next_dagrun for dataset_s3_bucket_producer to None, run_after=None
[2025-04-22T11:09:37.655-0300] {processor.py:208} INFO - Processing /home/jonathan-brito/python-projects/airflow/venv/lib/python3.12/site-packages/airflow/example_dags/example_dataset_alias.py took 0.112 seconds
[2025-04-22T11:10:37.685-0300] {processor.py:186} INFO - Started process (PID=50716) to work on /home/jonathan-brito/python-projects/airflow/venv/lib/python3.12/site-packages/airflow/example_dags/example_dataset_alias.py
[2025-04-22T11:10:37.692-0300] {processor.py:914} INFO - Processing file /home/jonathan-brito/python-projects/airflow/venv/lib/python3.12/site-packages/airflow/example_dags/example_dataset_alias.py for tasks to queue
[2025-04-22T11:10:37.694-0300] {logging_mixin.py:190} INFO - [2025-04-22T11:10:37.694-0300] {dagbag.py:588} INFO - Filling up the DagBag from /home/jonathan-brito/python-projects/airflow/venv/lib/python3.12/site-packages/airflow/example_dags/example_dataset_alias.py
[2025-04-22T11:10:37.722-0300] {processor.py:925} INFO - DAG(s) 'dataset_alias_example_alias_producer', 'dataset_s3_bucket_consumer', 'dataset_s3_bucket_producer', 'dataset_alias_example_alias_consumer' retrieved from /home/jonathan-brito/python-projects/airflow/venv/lib/python3.12/site-packages/airflow/example_dags/example_dataset_alias.py
[2025-04-22T11:10:37.744-0300] {logging_mixin.py:190} INFO - [2025-04-22T11:10:37.744-0300] {dag.py:3239} INFO - Sync 4 DAGs
[2025-04-22T11:10:37.764-0300] {logging_mixin.py:190} INFO - [2025-04-22T11:10:37.764-0300] {dag.py:4180} INFO - Setting next_dagrun for dataset_alias_example_alias_consumer to None, run_after=None
[2025-04-22T11:10:37.767-0300] {logging_mixin.py:190} INFO - [2025-04-22T11:10:37.767-0300] {dag.py:4180} INFO - Setting next_dagrun for dataset_alias_example_alias_producer to None, run_after=None
[2025-04-22T11:10:37.768-0300] {logging_mixin.py:190} INFO - [2025-04-22T11:10:37.768-0300] {dag.py:4180} INFO - Setting next_dagrun for dataset_s3_bucket_consumer to None, run_after=None
[2025-04-22T11:10:37.769-0300] {logging_mixin.py:190} INFO - [2025-04-22T11:10:37.769-0300] {dag.py:4180} INFO - Setting next_dagrun for dataset_s3_bucket_producer to None, run_after=None
[2025-04-22T11:10:37.810-0300] {processor.py:208} INFO - Processing /home/jonathan-brito/python-projects/airflow/venv/lib/python3.12/site-packages/airflow/example_dags/example_dataset_alias.py took 0.133 seconds
