[2025-04-21T21:23:27.166-0300] {processor.py:186} INFO - Started process (PID=70451) to work on /home/jonathan-brito/python-projects/airflow/venv/lib/python3.12/site-packages/airflow/example_dags/example_task_group_decorator.py
[2025-04-21T21:23:27.167-0300] {processor.py:914} INFO - Processing file /home/jonathan-brito/python-projects/airflow/venv/lib/python3.12/site-packages/airflow/example_dags/example_task_group_decorator.py for tasks to queue
[2025-04-21T21:23:27.169-0300] {logging_mixin.py:190} INFO - [2025-04-21T21:23:27.168-0300] {dagbag.py:588} INFO - Filling up the DagBag from /home/jonathan-brito/python-projects/airflow/venv/lib/python3.12/site-packages/airflow/example_dags/example_task_group_decorator.py
[2025-04-21T21:23:27.186-0300] {processor.py:925} INFO - DAG(s) 'example_task_group_decorator' retrieved from /home/jonathan-brito/python-projects/airflow/venv/lib/python3.12/site-packages/airflow/example_dags/example_task_group_decorator.py
[2025-04-21T21:23:27.214-0300] {logging_mixin.py:190} INFO - [2025-04-21T21:23:27.214-0300] {dag.py:3239} INFO - Sync 1 DAGs
[2025-04-21T21:23:27.228-0300] {logging_mixin.py:190} INFO - [2025-04-21T21:23:27.228-0300] {dag.py:4180} INFO - Setting next_dagrun for example_task_group_decorator to None, run_after=None
[2025-04-21T21:23:27.261-0300] {processor.py:208} INFO - Processing /home/jonathan-brito/python-projects/airflow/venv/lib/python3.12/site-packages/airflow/example_dags/example_task_group_decorator.py took 0.101 seconds
[2025-04-21T21:24:33.083-0300] {processor.py:186} INFO - Started process (PID=71200) to work on /home/jonathan-brito/python-projects/airflow/venv/lib/python3.12/site-packages/airflow/example_dags/example_task_group_decorator.py
[2025-04-21T21:24:33.090-0300] {processor.py:914} INFO - Processing file /home/jonathan-brito/python-projects/airflow/venv/lib/python3.12/site-packages/airflow/example_dags/example_task_group_decorator.py for tasks to queue
[2025-04-21T21:24:33.094-0300] {logging_mixin.py:190} INFO - [2025-04-21T21:24:33.093-0300] {dagbag.py:588} INFO - Filling up the DagBag from /home/jonathan-brito/python-projects/airflow/venv/lib/python3.12/site-packages/airflow/example_dags/example_task_group_decorator.py
[2025-04-21T21:24:33.113-0300] {processor.py:925} INFO - DAG(s) 'example_task_group_decorator' retrieved from /home/jonathan-brito/python-projects/airflow/venv/lib/python3.12/site-packages/airflow/example_dags/example_task_group_decorator.py
[2025-04-21T21:24:33.137-0300] {logging_mixin.py:190} INFO - [2025-04-21T21:24:33.137-0300] {dag.py:3239} INFO - Sync 1 DAGs
[2025-04-21T21:24:33.151-0300] {logging_mixin.py:190} INFO - [2025-04-21T21:24:33.151-0300] {dag.py:4180} INFO - Setting next_dagrun for example_task_group_decorator to None, run_after=None
[2025-04-21T21:24:33.183-0300] {processor.py:208} INFO - Processing /home/jonathan-brito/python-projects/airflow/venv/lib/python3.12/site-packages/airflow/example_dags/example_task_group_decorator.py took 0.108 seconds
[2025-04-21T21:27:02.957-0300] {processor.py:186} INFO - Started process (PID=74395) to work on /home/jonathan-brito/python-projects/airflow/venv/lib/python3.12/site-packages/airflow/example_dags/example_task_group_decorator.py
[2025-04-21T21:27:02.964-0300] {processor.py:914} INFO - Processing file /home/jonathan-brito/python-projects/airflow/venv/lib/python3.12/site-packages/airflow/example_dags/example_task_group_decorator.py for tasks to queue
[2025-04-21T21:27:02.966-0300] {logging_mixin.py:190} INFO - [2025-04-21T21:27:02.966-0300] {dagbag.py:588} INFO - Filling up the DagBag from /home/jonathan-brito/python-projects/airflow/venv/lib/python3.12/site-packages/airflow/example_dags/example_task_group_decorator.py
[2025-04-21T21:27:02.990-0300] {processor.py:925} INFO - DAG(s) 'example_task_group_decorator' retrieved from /home/jonathan-brito/python-projects/airflow/venv/lib/python3.12/site-packages/airflow/example_dags/example_task_group_decorator.py
[2025-04-21T21:27:03.019-0300] {logging_mixin.py:190} INFO - [2025-04-21T21:27:03.019-0300] {dag.py:3239} INFO - Sync 1 DAGs
[2025-04-21T21:27:03.033-0300] {logging_mixin.py:190} INFO - [2025-04-21T21:27:03.033-0300] {dag.py:4180} INFO - Setting next_dagrun for example_task_group_decorator to None, run_after=None
[2025-04-21T21:27:03.065-0300] {processor.py:208} INFO - Processing /home/jonathan-brito/python-projects/airflow/venv/lib/python3.12/site-packages/airflow/example_dags/example_task_group_decorator.py took 0.117 seconds
[2025-04-21T22:09:44.457-0300] {processor.py:186} INFO - Started process (PID=127036) to work on /home/jonathan-brito/python-projects/airflow/venv/lib/python3.12/site-packages/airflow/example_dags/example_task_group_decorator.py
[2025-04-21T22:09:44.465-0300] {processor.py:914} INFO - Processing file /home/jonathan-brito/python-projects/airflow/venv/lib/python3.12/site-packages/airflow/example_dags/example_task_group_decorator.py for tasks to queue
[2025-04-21T22:09:44.468-0300] {logging_mixin.py:190} INFO - [2025-04-21T22:09:44.467-0300] {dagbag.py:588} INFO - Filling up the DagBag from /home/jonathan-brito/python-projects/airflow/venv/lib/python3.12/site-packages/airflow/example_dags/example_task_group_decorator.py
[2025-04-21T22:09:44.501-0300] {processor.py:925} INFO - DAG(s) 'example_task_group_decorator' retrieved from /home/jonathan-brito/python-projects/airflow/venv/lib/python3.12/site-packages/airflow/example_dags/example_task_group_decorator.py
[2025-04-21T22:09:44.528-0300] {logging_mixin.py:190} INFO - [2025-04-21T22:09:44.527-0300] {dag.py:3239} INFO - Sync 1 DAGs
[2025-04-21T22:09:44.543-0300] {logging_mixin.py:190} INFO - [2025-04-21T22:09:44.542-0300] {dag.py:4180} INFO - Setting next_dagrun for example_task_group_decorator to None, run_after=None
[2025-04-21T22:09:44.580-0300] {processor.py:208} INFO - Processing /home/jonathan-brito/python-projects/airflow/venv/lib/python3.12/site-packages/airflow/example_dags/example_task_group_decorator.py took 0.130 seconds
[2025-04-21T22:10:47.848-0300] {processor.py:186} INFO - Started process (PID=127905) to work on /home/jonathan-brito/python-projects/airflow/venv/lib/python3.12/site-packages/airflow/example_dags/example_task_group_decorator.py
[2025-04-21T22:10:47.855-0300] {processor.py:914} INFO - Processing file /home/jonathan-brito/python-projects/airflow/venv/lib/python3.12/site-packages/airflow/example_dags/example_task_group_decorator.py for tasks to queue
[2025-04-21T22:10:47.857-0300] {logging_mixin.py:190} INFO - [2025-04-21T22:10:47.857-0300] {dagbag.py:588} INFO - Filling up the DagBag from /home/jonathan-brito/python-projects/airflow/venv/lib/python3.12/site-packages/airflow/example_dags/example_task_group_decorator.py
[2025-04-21T22:10:47.872-0300] {processor.py:925} INFO - DAG(s) 'example_task_group_decorator' retrieved from /home/jonathan-brito/python-projects/airflow/venv/lib/python3.12/site-packages/airflow/example_dags/example_task_group_decorator.py
[2025-04-21T22:10:47.894-0300] {logging_mixin.py:190} INFO - [2025-04-21T22:10:47.894-0300] {dag.py:3239} INFO - Sync 1 DAGs
[2025-04-21T22:10:47.907-0300] {logging_mixin.py:190} INFO - [2025-04-21T22:10:47.906-0300] {dag.py:4180} INFO - Setting next_dagrun for example_task_group_decorator to None, run_after=None
[2025-04-21T22:10:47.936-0300] {processor.py:208} INFO - Processing /home/jonathan-brito/python-projects/airflow/venv/lib/python3.12/site-packages/airflow/example_dags/example_task_group_decorator.py took 0.094 seconds
[2025-04-21T22:11:50.224-0300] {processor.py:186} INFO - Started process (PID=128674) to work on /home/jonathan-brito/python-projects/airflow/venv/lib/python3.12/site-packages/airflow/example_dags/example_task_group_decorator.py
[2025-04-21T22:11:50.231-0300] {processor.py:914} INFO - Processing file /home/jonathan-brito/python-projects/airflow/venv/lib/python3.12/site-packages/airflow/example_dags/example_task_group_decorator.py for tasks to queue
[2025-04-21T22:11:50.232-0300] {logging_mixin.py:190} INFO - [2025-04-21T22:11:50.232-0300] {dagbag.py:588} INFO - Filling up the DagBag from /home/jonathan-brito/python-projects/airflow/venv/lib/python3.12/site-packages/airflow/example_dags/example_task_group_decorator.py
[2025-04-21T22:11:50.248-0300] {processor.py:925} INFO - DAG(s) 'example_task_group_decorator' retrieved from /home/jonathan-brito/python-projects/airflow/venv/lib/python3.12/site-packages/airflow/example_dags/example_task_group_decorator.py
[2025-04-21T22:11:50.270-0300] {logging_mixin.py:190} INFO - [2025-04-21T22:11:50.270-0300] {dag.py:3239} INFO - Sync 1 DAGs
[2025-04-21T22:11:50.282-0300] {logging_mixin.py:190} INFO - [2025-04-21T22:11:50.282-0300] {dag.py:4180} INFO - Setting next_dagrun for example_task_group_decorator to None, run_after=None
[2025-04-21T22:11:50.306-0300] {processor.py:208} INFO - Processing /home/jonathan-brito/python-projects/airflow/venv/lib/python3.12/site-packages/airflow/example_dags/example_task_group_decorator.py took 0.087 seconds
[2025-04-21T22:12:51.777-0300] {processor.py:186} INFO - Started process (PID=129340) to work on /home/jonathan-brito/python-projects/airflow/venv/lib/python3.12/site-packages/airflow/example_dags/example_task_group_decorator.py
[2025-04-21T22:12:51.783-0300] {processor.py:914} INFO - Processing file /home/jonathan-brito/python-projects/airflow/venv/lib/python3.12/site-packages/airflow/example_dags/example_task_group_decorator.py for tasks to queue
[2025-04-21T22:12:51.785-0300] {logging_mixin.py:190} INFO - [2025-04-21T22:12:51.784-0300] {dagbag.py:588} INFO - Filling up the DagBag from /home/jonathan-brito/python-projects/airflow/venv/lib/python3.12/site-packages/airflow/example_dags/example_task_group_decorator.py
[2025-04-21T22:12:51.801-0300] {processor.py:925} INFO - DAG(s) 'example_task_group_decorator' retrieved from /home/jonathan-brito/python-projects/airflow/venv/lib/python3.12/site-packages/airflow/example_dags/example_task_group_decorator.py
[2025-04-21T22:12:51.822-0300] {logging_mixin.py:190} INFO - [2025-04-21T22:12:51.822-0300] {dag.py:3239} INFO - Sync 1 DAGs
[2025-04-21T22:12:51.834-0300] {logging_mixin.py:190} INFO - [2025-04-21T22:12:51.834-0300] {dag.py:4180} INFO - Setting next_dagrun for example_task_group_decorator to None, run_after=None
[2025-04-21T22:12:51.867-0300] {processor.py:208} INFO - Processing /home/jonathan-brito/python-projects/airflow/venv/lib/python3.12/site-packages/airflow/example_dags/example_task_group_decorator.py took 0.096 seconds
[2025-04-21T22:13:57.583-0300] {processor.py:186} INFO - Started process (PID=130108) to work on /home/jonathan-brito/python-projects/airflow/venv/lib/python3.12/site-packages/airflow/example_dags/example_task_group_decorator.py
[2025-04-21T22:13:57.590-0300] {processor.py:914} INFO - Processing file /home/jonathan-brito/python-projects/airflow/venv/lib/python3.12/site-packages/airflow/example_dags/example_task_group_decorator.py for tasks to queue
[2025-04-21T22:13:57.592-0300] {logging_mixin.py:190} INFO - [2025-04-21T22:13:57.592-0300] {dagbag.py:588} INFO - Filling up the DagBag from /home/jonathan-brito/python-projects/airflow/venv/lib/python3.12/site-packages/airflow/example_dags/example_task_group_decorator.py
[2025-04-21T22:13:57.610-0300] {processor.py:925} INFO - DAG(s) 'example_task_group_decorator' retrieved from /home/jonathan-brito/python-projects/airflow/venv/lib/python3.12/site-packages/airflow/example_dags/example_task_group_decorator.py
[2025-04-21T22:13:57.634-0300] {logging_mixin.py:190} INFO - [2025-04-21T22:13:57.634-0300] {dag.py:3239} INFO - Sync 1 DAGs
[2025-04-21T22:13:57.650-0300] {logging_mixin.py:190} INFO - [2025-04-21T22:13:57.649-0300] {dag.py:4180} INFO - Setting next_dagrun for example_task_group_decorator to None, run_after=None
[2025-04-21T22:13:57.681-0300] {processor.py:208} INFO - Processing /home/jonathan-brito/python-projects/airflow/venv/lib/python3.12/site-packages/airflow/example_dags/example_task_group_decorator.py took 0.105 seconds
[2025-04-21T22:15:00.279-0300] {processor.py:186} INFO - Started process (PID=130798) to work on /home/jonathan-brito/python-projects/airflow/venv/lib/python3.12/site-packages/airflow/example_dags/example_task_group_decorator.py
[2025-04-21T22:15:00.286-0300] {processor.py:914} INFO - Processing file /home/jonathan-brito/python-projects/airflow/venv/lib/python3.12/site-packages/airflow/example_dags/example_task_group_decorator.py for tasks to queue
[2025-04-21T22:15:00.290-0300] {logging_mixin.py:190} INFO - [2025-04-21T22:15:00.289-0300] {dagbag.py:588} INFO - Filling up the DagBag from /home/jonathan-brito/python-projects/airflow/venv/lib/python3.12/site-packages/airflow/example_dags/example_task_group_decorator.py
[2025-04-21T22:15:00.309-0300] {processor.py:925} INFO - DAG(s) 'example_task_group_decorator' retrieved from /home/jonathan-brito/python-projects/airflow/venv/lib/python3.12/site-packages/airflow/example_dags/example_task_group_decorator.py
[2025-04-21T22:15:00.331-0300] {logging_mixin.py:190} INFO - [2025-04-21T22:15:00.331-0300] {dag.py:3239} INFO - Sync 1 DAGs
[2025-04-21T22:15:00.344-0300] {logging_mixin.py:190} INFO - [2025-04-21T22:15:00.344-0300] {dag.py:4180} INFO - Setting next_dagrun for example_task_group_decorator to None, run_after=None
[2025-04-21T22:15:00.377-0300] {processor.py:208} INFO - Processing /home/jonathan-brito/python-projects/airflow/venv/lib/python3.12/site-packages/airflow/example_dags/example_task_group_decorator.py took 0.107 seconds
[2025-04-21T22:16:01.751-0300] {processor.py:186} INFO - Started process (PID=131449) to work on /home/jonathan-brito/python-projects/airflow/venv/lib/python3.12/site-packages/airflow/example_dags/example_task_group_decorator.py
[2025-04-21T22:16:01.758-0300] {processor.py:914} INFO - Processing file /home/jonathan-brito/python-projects/airflow/venv/lib/python3.12/site-packages/airflow/example_dags/example_task_group_decorator.py for tasks to queue
[2025-04-21T22:16:01.760-0300] {logging_mixin.py:190} INFO - [2025-04-21T22:16:01.759-0300] {dagbag.py:588} INFO - Filling up the DagBag from /home/jonathan-brito/python-projects/airflow/venv/lib/python3.12/site-packages/airflow/example_dags/example_task_group_decorator.py
[2025-04-21T22:16:01.775-0300] {processor.py:925} INFO - DAG(s) 'example_task_group_decorator' retrieved from /home/jonathan-brito/python-projects/airflow/venv/lib/python3.12/site-packages/airflow/example_dags/example_task_group_decorator.py
[2025-04-21T22:16:01.796-0300] {logging_mixin.py:190} INFO - [2025-04-21T22:16:01.796-0300] {dag.py:3239} INFO - Sync 1 DAGs
[2025-04-21T22:16:01.807-0300] {logging_mixin.py:190} INFO - [2025-04-21T22:16:01.807-0300] {dag.py:4180} INFO - Setting next_dagrun for example_task_group_decorator to None, run_after=None
[2025-04-21T22:16:01.836-0300] {processor.py:208} INFO - Processing /home/jonathan-brito/python-projects/airflow/venv/lib/python3.12/site-packages/airflow/example_dags/example_task_group_decorator.py took 0.091 seconds
[2025-04-21T22:17:04.864-0300] {processor.py:186} INFO - Started process (PID=132083) to work on /home/jonathan-brito/python-projects/airflow/venv/lib/python3.12/site-packages/airflow/example_dags/example_task_group_decorator.py
[2025-04-21T22:17:04.871-0300] {processor.py:914} INFO - Processing file /home/jonathan-brito/python-projects/airflow/venv/lib/python3.12/site-packages/airflow/example_dags/example_task_group_decorator.py for tasks to queue
[2025-04-21T22:17:04.873-0300] {logging_mixin.py:190} INFO - [2025-04-21T22:17:04.873-0300] {dagbag.py:588} INFO - Filling up the DagBag from /home/jonathan-brito/python-projects/airflow/venv/lib/python3.12/site-packages/airflow/example_dags/example_task_group_decorator.py
[2025-04-21T22:17:04.889-0300] {processor.py:925} INFO - DAG(s) 'example_task_group_decorator' retrieved from /home/jonathan-brito/python-projects/airflow/venv/lib/python3.12/site-packages/airflow/example_dags/example_task_group_decorator.py
[2025-04-21T22:17:04.911-0300] {logging_mixin.py:190} INFO - [2025-04-21T22:17:04.911-0300] {dag.py:3239} INFO - Sync 1 DAGs
[2025-04-21T22:17:04.924-0300] {logging_mixin.py:190} INFO - [2025-04-21T22:17:04.923-0300] {dag.py:4180} INFO - Setting next_dagrun for example_task_group_decorator to None, run_after=None
[2025-04-21T22:17:04.952-0300] {processor.py:208} INFO - Processing /home/jonathan-brito/python-projects/airflow/venv/lib/python3.12/site-packages/airflow/example_dags/example_task_group_decorator.py took 0.094 seconds
[2025-04-21T22:18:06.819-0300] {processor.py:186} INFO - Started process (PID=132732) to work on /home/jonathan-brito/python-projects/airflow/venv/lib/python3.12/site-packages/airflow/example_dags/example_task_group_decorator.py
[2025-04-21T22:18:06.826-0300] {processor.py:914} INFO - Processing file /home/jonathan-brito/python-projects/airflow/venv/lib/python3.12/site-packages/airflow/example_dags/example_task_group_decorator.py for tasks to queue
[2025-04-21T22:18:06.828-0300] {logging_mixin.py:190} INFO - [2025-04-21T22:18:06.828-0300] {dagbag.py:588} INFO - Filling up the DagBag from /home/jonathan-brito/python-projects/airflow/venv/lib/python3.12/site-packages/airflow/example_dags/example_task_group_decorator.py
[2025-04-21T22:18:06.847-0300] {processor.py:925} INFO - DAG(s) 'example_task_group_decorator' retrieved from /home/jonathan-brito/python-projects/airflow/venv/lib/python3.12/site-packages/airflow/example_dags/example_task_group_decorator.py
[2025-04-21T22:18:06.868-0300] {logging_mixin.py:190} INFO - [2025-04-21T22:18:06.868-0300] {dag.py:3239} INFO - Sync 1 DAGs
[2025-04-21T22:18:06.880-0300] {logging_mixin.py:190} INFO - [2025-04-21T22:18:06.879-0300] {dag.py:4180} INFO - Setting next_dagrun for example_task_group_decorator to None, run_after=None
[2025-04-21T22:18:06.909-0300] {processor.py:208} INFO - Processing /home/jonathan-brito/python-projects/airflow/venv/lib/python3.12/site-packages/airflow/example_dags/example_task_group_decorator.py took 0.098 seconds
[2025-04-21T22:19:10.482-0300] {processor.py:186} INFO - Started process (PID=133399) to work on /home/jonathan-brito/python-projects/airflow/venv/lib/python3.12/site-packages/airflow/example_dags/example_task_group_decorator.py
[2025-04-21T22:19:10.490-0300] {processor.py:914} INFO - Processing file /home/jonathan-brito/python-projects/airflow/venv/lib/python3.12/site-packages/airflow/example_dags/example_task_group_decorator.py for tasks to queue
[2025-04-21T22:19:10.492-0300] {logging_mixin.py:190} INFO - [2025-04-21T22:19:10.492-0300] {dagbag.py:588} INFO - Filling up the DagBag from /home/jonathan-brito/python-projects/airflow/venv/lib/python3.12/site-packages/airflow/example_dags/example_task_group_decorator.py
[2025-04-21T22:19:10.525-0300] {processor.py:925} INFO - DAG(s) 'example_task_group_decorator' retrieved from /home/jonathan-brito/python-projects/airflow/venv/lib/python3.12/site-packages/airflow/example_dags/example_task_group_decorator.py
[2025-04-21T22:19:10.574-0300] {logging_mixin.py:190} INFO - [2025-04-21T22:19:10.573-0300] {dag.py:3239} INFO - Sync 1 DAGs
[2025-04-21T22:19:10.601-0300] {logging_mixin.py:190} INFO - [2025-04-21T22:19:10.600-0300] {dag.py:4180} INFO - Setting next_dagrun for example_task_group_decorator to None, run_after=None
[2025-04-21T22:19:10.642-0300] {processor.py:208} INFO - Processing /home/jonathan-brito/python-projects/airflow/venv/lib/python3.12/site-packages/airflow/example_dags/example_task_group_decorator.py took 0.169 seconds
[2025-04-21T22:20:15.386-0300] {processor.py:186} INFO - Started process (PID=134121) to work on /home/jonathan-brito/python-projects/airflow/venv/lib/python3.12/site-packages/airflow/example_dags/example_task_group_decorator.py
[2025-04-21T22:20:15.393-0300] {processor.py:914} INFO - Processing file /home/jonathan-brito/python-projects/airflow/venv/lib/python3.12/site-packages/airflow/example_dags/example_task_group_decorator.py for tasks to queue
[2025-04-21T22:20:15.395-0300] {logging_mixin.py:190} INFO - [2025-04-21T22:20:15.394-0300] {dagbag.py:588} INFO - Filling up the DagBag from /home/jonathan-brito/python-projects/airflow/venv/lib/python3.12/site-packages/airflow/example_dags/example_task_group_decorator.py
[2025-04-21T22:20:15.410-0300] {processor.py:925} INFO - DAG(s) 'example_task_group_decorator' retrieved from /home/jonathan-brito/python-projects/airflow/venv/lib/python3.12/site-packages/airflow/example_dags/example_task_group_decorator.py
[2025-04-21T22:20:15.447-0300] {logging_mixin.py:190} INFO - [2025-04-21T22:20:15.447-0300] {dag.py:3239} INFO - Sync 1 DAGs
[2025-04-21T22:20:15.461-0300] {logging_mixin.py:190} INFO - [2025-04-21T22:20:15.461-0300] {dag.py:4180} INFO - Setting next_dagrun for example_task_group_decorator to None, run_after=None
[2025-04-21T22:20:15.492-0300] {processor.py:208} INFO - Processing /home/jonathan-brito/python-projects/airflow/venv/lib/python3.12/site-packages/airflow/example_dags/example_task_group_decorator.py took 0.112 seconds
[2025-04-22T10:24:08.649-0300] {processor.py:186} INFO - Started process (PID=10713) to work on /home/jonathan-brito/python-projects/airflow/venv/lib/python3.12/site-packages/airflow/example_dags/example_task_group_decorator.py
[2025-04-22T10:24:08.656-0300] {processor.py:914} INFO - Processing file /home/jonathan-brito/python-projects/airflow/venv/lib/python3.12/site-packages/airflow/example_dags/example_task_group_decorator.py for tasks to queue
[2025-04-22T10:24:08.660-0300] {logging_mixin.py:190} INFO - [2025-04-22T10:24:08.659-0300] {dagbag.py:588} INFO - Filling up the DagBag from /home/jonathan-brito/python-projects/airflow/venv/lib/python3.12/site-packages/airflow/example_dags/example_task_group_decorator.py
[2025-04-22T10:24:08.687-0300] {processor.py:925} INFO - DAG(s) 'example_task_group_decorator' retrieved from /home/jonathan-brito/python-projects/airflow/venv/lib/python3.12/site-packages/airflow/example_dags/example_task_group_decorator.py
[2025-04-22T10:24:08.716-0300] {logging_mixin.py:190} INFO - [2025-04-22T10:24:08.716-0300] {dag.py:3239} INFO - Sync 1 DAGs
[2025-04-22T10:24:08.730-0300] {logging_mixin.py:190} INFO - [2025-04-22T10:24:08.730-0300] {dag.py:4180} INFO - Setting next_dagrun for example_task_group_decorator to None, run_after=None
[2025-04-22T10:24:08.761-0300] {processor.py:208} INFO - Processing /home/jonathan-brito/python-projects/airflow/venv/lib/python3.12/site-packages/airflow/example_dags/example_task_group_decorator.py took 0.130 seconds
[2025-04-22T10:25:22.279-0300] {processor.py:186} INFO - Started process (PID=11884) to work on /home/jonathan-brito/python-projects/airflow/venv/lib/python3.12/site-packages/airflow/example_dags/example_task_group_decorator.py
[2025-04-22T10:25:22.280-0300] {processor.py:914} INFO - Processing file /home/jonathan-brito/python-projects/airflow/venv/lib/python3.12/site-packages/airflow/example_dags/example_task_group_decorator.py for tasks to queue
[2025-04-22T10:25:22.283-0300] {logging_mixin.py:190} INFO - [2025-04-22T10:25:22.282-0300] {dagbag.py:588} INFO - Filling up the DagBag from /home/jonathan-brito/python-projects/airflow/venv/lib/python3.12/site-packages/airflow/example_dags/example_task_group_decorator.py
[2025-04-22T10:25:22.301-0300] {processor.py:925} INFO - DAG(s) 'example_task_group_decorator' retrieved from /home/jonathan-brito/python-projects/airflow/venv/lib/python3.12/site-packages/airflow/example_dags/example_task_group_decorator.py
[2025-04-22T10:25:22.323-0300] {logging_mixin.py:190} INFO - [2025-04-22T10:25:22.323-0300] {dag.py:3239} INFO - Sync 1 DAGs
[2025-04-22T10:25:22.336-0300] {logging_mixin.py:190} INFO - [2025-04-22T10:25:22.336-0300] {dag.py:4180} INFO - Setting next_dagrun for example_task_group_decorator to None, run_after=None
[2025-04-22T10:25:22.368-0300] {processor.py:208} INFO - Processing /home/jonathan-brito/python-projects/airflow/venv/lib/python3.12/site-packages/airflow/example_dags/example_task_group_decorator.py took 0.095 seconds
[2025-04-22T10:27:31.957-0300] {processor.py:186} INFO - Started process (PID=13828) to work on /home/jonathan-brito/python-projects/airflow/venv/lib/python3.12/site-packages/airflow/example_dags/example_task_group_decorator.py
[2025-04-22T10:27:31.965-0300] {processor.py:914} INFO - Processing file /home/jonathan-brito/python-projects/airflow/venv/lib/python3.12/site-packages/airflow/example_dags/example_task_group_decorator.py for tasks to queue
[2025-04-22T10:27:31.970-0300] {logging_mixin.py:190} INFO - [2025-04-22T10:27:31.969-0300] {dagbag.py:588} INFO - Filling up the DagBag from /home/jonathan-brito/python-projects/airflow/venv/lib/python3.12/site-packages/airflow/example_dags/example_task_group_decorator.py
[2025-04-22T10:27:32.002-0300] {processor.py:925} INFO - DAG(s) 'example_task_group_decorator' retrieved from /home/jonathan-brito/python-projects/airflow/venv/lib/python3.12/site-packages/airflow/example_dags/example_task_group_decorator.py
[2025-04-22T10:27:32.036-0300] {logging_mixin.py:190} INFO - [2025-04-22T10:27:32.036-0300] {dag.py:3239} INFO - Sync 1 DAGs
[2025-04-22T10:27:32.059-0300] {logging_mixin.py:190} INFO - [2025-04-22T10:27:32.058-0300] {dag.py:4180} INFO - Setting next_dagrun for example_task_group_decorator to None, run_after=None
[2025-04-22T10:27:32.100-0300] {processor.py:208} INFO - Processing /home/jonathan-brito/python-projects/airflow/venv/lib/python3.12/site-packages/airflow/example_dags/example_task_group_decorator.py took 0.154 seconds
[2025-04-22T10:30:19.203-0300] {processor.py:186} INFO - Started process (PID=16062) to work on /home/jonathan-brito/python-projects/airflow/venv/lib/python3.12/site-packages/airflow/example_dags/example_task_group_decorator.py
[2025-04-22T10:30:19.210-0300] {processor.py:914} INFO - Processing file /home/jonathan-brito/python-projects/airflow/venv/lib/python3.12/site-packages/airflow/example_dags/example_task_group_decorator.py for tasks to queue
[2025-04-22T10:30:19.212-0300] {logging_mixin.py:190} INFO - [2025-04-22T10:30:19.212-0300] {dagbag.py:588} INFO - Filling up the DagBag from /home/jonathan-brito/python-projects/airflow/venv/lib/python3.12/site-packages/airflow/example_dags/example_task_group_decorator.py
[2025-04-22T10:30:19.230-0300] {processor.py:925} INFO - DAG(s) 'example_task_group_decorator' retrieved from /home/jonathan-brito/python-projects/airflow/venv/lib/python3.12/site-packages/airflow/example_dags/example_task_group_decorator.py
[2025-04-22T10:30:19.254-0300] {logging_mixin.py:190} INFO - [2025-04-22T10:30:19.253-0300] {dag.py:3239} INFO - Sync 1 DAGs
[2025-04-22T10:30:19.273-0300] {logging_mixin.py:190} INFO - [2025-04-22T10:30:19.272-0300] {dag.py:4180} INFO - Setting next_dagrun for example_task_group_decorator to None, run_after=None
[2025-04-22T10:30:19.299-0300] {processor.py:208} INFO - Processing /home/jonathan-brito/python-projects/airflow/venv/lib/python3.12/site-packages/airflow/example_dags/example_task_group_decorator.py took 0.101 seconds
[2025-04-22T10:31:09.743-0300] {processor.py:186} INFO - Started process (PID=16557) to work on /home/jonathan-brito/python-projects/airflow/venv/lib/python3.12/site-packages/airflow/example_dags/example_task_group_decorator.py
[2025-04-22T10:31:09.751-0300] {processor.py:914} INFO - Processing file /home/jonathan-brito/python-projects/airflow/venv/lib/python3.12/site-packages/airflow/example_dags/example_task_group_decorator.py for tasks to queue
[2025-04-22T10:31:09.757-0300] {logging_mixin.py:190} INFO - [2025-04-22T10:31:09.756-0300] {dagbag.py:588} INFO - Filling up the DagBag from /home/jonathan-brito/python-projects/airflow/venv/lib/python3.12/site-packages/airflow/example_dags/example_task_group_decorator.py
[2025-04-22T10:31:09.793-0300] {processor.py:925} INFO - DAG(s) 'example_task_group_decorator' retrieved from /home/jonathan-brito/python-projects/airflow/venv/lib/python3.12/site-packages/airflow/example_dags/example_task_group_decorator.py
[2025-04-22T10:31:09.820-0300] {logging_mixin.py:190} INFO - [2025-04-22T10:31:09.820-0300] {dag.py:3239} INFO - Sync 1 DAGs
[2025-04-22T10:31:09.835-0300] {logging_mixin.py:190} INFO - [2025-04-22T10:31:09.835-0300] {dag.py:4180} INFO - Setting next_dagrun for example_task_group_decorator to None, run_after=None
[2025-04-22T10:31:09.886-0300] {processor.py:208} INFO - Processing /home/jonathan-brito/python-projects/airflow/venv/lib/python3.12/site-packages/airflow/example_dags/example_task_group_decorator.py took 0.176 seconds
[2025-04-22T11:07:58.581-0300] {processor.py:186} INFO - Started process (PID=49589) to work on /home/jonathan-brito/python-projects/airflow/venv/lib/python3.12/site-packages/airflow/example_dags/example_task_group_decorator.py
[2025-04-22T11:07:58.589-0300] {processor.py:914} INFO - Processing file /home/jonathan-brito/python-projects/airflow/venv/lib/python3.12/site-packages/airflow/example_dags/example_task_group_decorator.py for tasks to queue
[2025-04-22T11:07:58.593-0300] {logging_mixin.py:190} INFO - [2025-04-22T11:07:58.592-0300] {dagbag.py:588} INFO - Filling up the DagBag from /home/jonathan-brito/python-projects/airflow/venv/lib/python3.12/site-packages/airflow/example_dags/example_task_group_decorator.py
[2025-04-22T11:07:58.621-0300] {processor.py:925} INFO - DAG(s) 'example_task_group_decorator' retrieved from /home/jonathan-brito/python-projects/airflow/venv/lib/python3.12/site-packages/airflow/example_dags/example_task_group_decorator.py
[2025-04-22T11:07:58.645-0300] {logging_mixin.py:190} INFO - [2025-04-22T11:07:58.645-0300] {dag.py:3239} INFO - Sync 1 DAGs
[2025-04-22T11:07:58.658-0300] {logging_mixin.py:190} INFO - [2025-04-22T11:07:58.657-0300] {dag.py:4180} INFO - Setting next_dagrun for example_task_group_decorator to None, run_after=None
[2025-04-22T11:07:58.690-0300] {processor.py:208} INFO - Processing /home/jonathan-brito/python-projects/airflow/venv/lib/python3.12/site-packages/airflow/example_dags/example_task_group_decorator.py took 0.115 seconds
[2025-04-22T11:08:58.979-0300] {processor.py:186} INFO - Started process (PID=49963) to work on /home/jonathan-brito/python-projects/airflow/venv/lib/python3.12/site-packages/airflow/example_dags/example_task_group_decorator.py
[2025-04-22T11:08:58.987-0300] {processor.py:914} INFO - Processing file /home/jonathan-brito/python-projects/airflow/venv/lib/python3.12/site-packages/airflow/example_dags/example_task_group_decorator.py for tasks to queue
[2025-04-22T11:08:58.989-0300] {logging_mixin.py:190} INFO - [2025-04-22T11:08:58.988-0300] {dagbag.py:588} INFO - Filling up the DagBag from /home/jonathan-brito/python-projects/airflow/venv/lib/python3.12/site-packages/airflow/example_dags/example_task_group_decorator.py
[2025-04-22T11:08:59.008-0300] {processor.py:925} INFO - DAG(s) 'example_task_group_decorator' retrieved from /home/jonathan-brito/python-projects/airflow/venv/lib/python3.12/site-packages/airflow/example_dags/example_task_group_decorator.py
[2025-04-22T11:08:59.031-0300] {logging_mixin.py:190} INFO - [2025-04-22T11:08:59.031-0300] {dag.py:3239} INFO - Sync 1 DAGs
[2025-04-22T11:08:59.044-0300] {logging_mixin.py:190} INFO - [2025-04-22T11:08:59.044-0300] {dag.py:4180} INFO - Setting next_dagrun for example_task_group_decorator to None, run_after=None
[2025-04-22T11:08:59.067-0300] {processor.py:208} INFO - Processing /home/jonathan-brito/python-projects/airflow/venv/lib/python3.12/site-packages/airflow/example_dags/example_task_group_decorator.py took 0.096 seconds
[2025-04-22T11:09:57.288-0300] {processor.py:186} INFO - Started process (PID=50492) to work on /home/jonathan-brito/python-projects/airflow/venv/lib/python3.12/site-packages/airflow/example_dags/example_task_group_decorator.py
[2025-04-22T11:09:57.295-0300] {processor.py:914} INFO - Processing file /home/jonathan-brito/python-projects/airflow/venv/lib/python3.12/site-packages/airflow/example_dags/example_task_group_decorator.py for tasks to queue
[2025-04-22T11:09:57.296-0300] {logging_mixin.py:190} INFO - [2025-04-22T11:09:57.296-0300] {dagbag.py:588} INFO - Filling up the DagBag from /home/jonathan-brito/python-projects/airflow/venv/lib/python3.12/site-packages/airflow/example_dags/example_task_group_decorator.py
[2025-04-22T11:09:57.313-0300] {processor.py:925} INFO - DAG(s) 'example_task_group_decorator' retrieved from /home/jonathan-brito/python-projects/airflow/venv/lib/python3.12/site-packages/airflow/example_dags/example_task_group_decorator.py
[2025-04-22T11:09:57.340-0300] {logging_mixin.py:190} INFO - [2025-04-22T11:09:57.340-0300] {dag.py:3239} INFO - Sync 1 DAGs
[2025-04-22T11:09:57.353-0300] {logging_mixin.py:190} INFO - [2025-04-22T11:09:57.353-0300] {dag.py:4180} INFO - Setting next_dagrun for example_task_group_decorator to None, run_after=None
[2025-04-22T11:09:57.387-0300] {processor.py:208} INFO - Processing /home/jonathan-brito/python-projects/airflow/venv/lib/python3.12/site-packages/airflow/example_dags/example_task_group_decorator.py took 0.104 seconds
[2025-04-22T11:10:59.699-0300] {processor.py:186} INFO - Started process (PID=50896) to work on /home/jonathan-brito/python-projects/airflow/venv/lib/python3.12/site-packages/airflow/example_dags/example_task_group_decorator.py
[2025-04-22T11:10:59.707-0300] {processor.py:914} INFO - Processing file /home/jonathan-brito/python-projects/airflow/venv/lib/python3.12/site-packages/airflow/example_dags/example_task_group_decorator.py for tasks to queue
[2025-04-22T11:10:59.710-0300] {logging_mixin.py:190} INFO - [2025-04-22T11:10:59.709-0300] {dagbag.py:588} INFO - Filling up the DagBag from /home/jonathan-brito/python-projects/airflow/venv/lib/python3.12/site-packages/airflow/example_dags/example_task_group_decorator.py
[2025-04-22T11:10:59.738-0300] {processor.py:925} INFO - DAG(s) 'example_task_group_decorator' retrieved from /home/jonathan-brito/python-projects/airflow/venv/lib/python3.12/site-packages/airflow/example_dags/example_task_group_decorator.py
[2025-04-22T11:10:59.761-0300] {logging_mixin.py:190} INFO - [2025-04-22T11:10:59.761-0300] {dag.py:3239} INFO - Sync 1 DAGs
[2025-04-22T11:10:59.774-0300] {logging_mixin.py:190} INFO - [2025-04-22T11:10:59.773-0300] {dag.py:4180} INFO - Setting next_dagrun for example_task_group_decorator to None, run_after=None
[2025-04-22T11:10:59.798-0300] {processor.py:208} INFO - Processing /home/jonathan-brito/python-projects/airflow/venv/lib/python3.12/site-packages/airflow/example_dags/example_task_group_decorator.py took 0.117 seconds
