[2025-04-21T21:23:26.762-0300] {processor.py:186} INFO - Started process (PID=70450) to work on /home/jonathan-brito/python-projects/airflow/venv/lib/python3.12/site-packages/airflow/example_dags/example_trigger_controller_dag.py
[2025-04-21T21:23:26.763-0300] {processor.py:914} INFO - Processing file /home/jonathan-brito/python-projects/airflow/venv/lib/python3.12/site-packages/airflow/example_dags/example_trigger_controller_dag.py for tasks to queue
[2025-04-21T21:23:26.765-0300] {logging_mixin.py:190} INFO - [2025-04-21T21:23:26.764-0300] {dagbag.py:588} INFO - Filling up the DagBag from /home/jonathan-brito/python-projects/airflow/venv/lib/python3.12/site-packages/airflow/example_dags/example_trigger_controller_dag.py
[2025-04-21T21:23:26.772-0300] {processor.py:925} INFO - DAG(s) 'example_trigger_controller_dag' retrieved from /home/jonathan-brito/python-projects/airflow/venv/lib/python3.12/site-packages/airflow/example_dags/example_trigger_controller_dag.py
[2025-04-21T21:23:26.789-0300] {logging_mixin.py:190} INFO - [2025-04-21T21:23:26.789-0300] {dag.py:3239} INFO - Sync 1 DAGs
[2025-04-21T21:23:26.809-0300] {logging_mixin.py:190} INFO - [2025-04-21T21:23:26.809-0300] {dag.py:4180} INFO - Setting next_dagrun for example_trigger_controller_dag to 2021-01-01 00:00:00+00:00, run_after=2021-01-01 00:00:00+00:00
[2025-04-21T21:23:26.843-0300] {processor.py:208} INFO - Processing /home/jonathan-brito/python-projects/airflow/venv/lib/python3.12/site-packages/airflow/example_dags/example_trigger_controller_dag.py took 0.086 seconds
[2025-04-21T21:24:31.786-0300] {processor.py:186} INFO - Started process (PID=71199) to work on /home/jonathan-brito/python-projects/airflow/venv/lib/python3.12/site-packages/airflow/example_dags/example_trigger_controller_dag.py
[2025-04-21T21:24:31.794-0300] {processor.py:914} INFO - Processing file /home/jonathan-brito/python-projects/airflow/venv/lib/python3.12/site-packages/airflow/example_dags/example_trigger_controller_dag.py for tasks to queue
[2025-04-21T21:24:31.798-0300] {logging_mixin.py:190} INFO - [2025-04-21T21:24:31.797-0300] {dagbag.py:588} INFO - Filling up the DagBag from /home/jonathan-brito/python-projects/airflow/venv/lib/python3.12/site-packages/airflow/example_dags/example_trigger_controller_dag.py
[2025-04-21T21:24:31.807-0300] {processor.py:925} INFO - DAG(s) 'example_trigger_controller_dag' retrieved from /home/jonathan-brito/python-projects/airflow/venv/lib/python3.12/site-packages/airflow/example_dags/example_trigger_controller_dag.py
[2025-04-21T21:24:31.823-0300] {logging_mixin.py:190} INFO - [2025-04-21T21:24:31.823-0300] {dag.py:3239} INFO - Sync 1 DAGs
[2025-04-21T21:24:31.846-0300] {logging_mixin.py:190} INFO - [2025-04-21T21:24:31.846-0300] {dag.py:4180} INFO - Setting next_dagrun for example_trigger_controller_dag to 2021-01-01 00:00:00+00:00, run_after=2021-01-01 00:00:00+00:00
[2025-04-21T21:24:31.887-0300] {processor.py:208} INFO - Processing /home/jonathan-brito/python-projects/airflow/venv/lib/python3.12/site-packages/airflow/example_dags/example_trigger_controller_dag.py took 0.109 seconds
[2025-04-21T21:27:01.644-0300] {processor.py:186} INFO - Started process (PID=74352) to work on /home/jonathan-brito/python-projects/airflow/venv/lib/python3.12/site-packages/airflow/example_dags/example_trigger_controller_dag.py
[2025-04-21T21:27:01.651-0300] {processor.py:914} INFO - Processing file /home/jonathan-brito/python-projects/airflow/venv/lib/python3.12/site-packages/airflow/example_dags/example_trigger_controller_dag.py for tasks to queue
[2025-04-21T21:27:01.653-0300] {logging_mixin.py:190} INFO - [2025-04-21T21:27:01.652-0300] {dagbag.py:588} INFO - Filling up the DagBag from /home/jonathan-brito/python-projects/airflow/venv/lib/python3.12/site-packages/airflow/example_dags/example_trigger_controller_dag.py
[2025-04-21T21:27:01.661-0300] {processor.py:925} INFO - DAG(s) 'example_trigger_controller_dag' retrieved from /home/jonathan-brito/python-projects/airflow/venv/lib/python3.12/site-packages/airflow/example_dags/example_trigger_controller_dag.py
[2025-04-21T21:27:01.680-0300] {logging_mixin.py:190} INFO - [2025-04-21T21:27:01.680-0300] {dag.py:3239} INFO - Sync 1 DAGs
[2025-04-21T21:27:01.702-0300] {logging_mixin.py:190} INFO - [2025-04-21T21:27:01.702-0300] {dag.py:4180} INFO - Setting next_dagrun for example_trigger_controller_dag to 2021-01-01 00:00:00+00:00, run_after=2021-01-01 00:00:00+00:00
[2025-04-21T21:27:01.750-0300] {processor.py:208} INFO - Processing /home/jonathan-brito/python-projects/airflow/venv/lib/python3.12/site-packages/airflow/example_dags/example_trigger_controller_dag.py took 0.112 seconds
[2025-04-21T22:09:43.173-0300] {processor.py:186} INFO - Started process (PID=127018) to work on /home/jonathan-brito/python-projects/airflow/venv/lib/python3.12/site-packages/airflow/example_dags/example_trigger_controller_dag.py
[2025-04-21T22:09:43.180-0300] {processor.py:914} INFO - Processing file /home/jonathan-brito/python-projects/airflow/venv/lib/python3.12/site-packages/airflow/example_dags/example_trigger_controller_dag.py for tasks to queue
[2025-04-21T22:09:43.182-0300] {logging_mixin.py:190} INFO - [2025-04-21T22:09:43.181-0300] {dagbag.py:588} INFO - Filling up the DagBag from /home/jonathan-brito/python-projects/airflow/venv/lib/python3.12/site-packages/airflow/example_dags/example_trigger_controller_dag.py
[2025-04-21T22:09:43.187-0300] {processor.py:925} INFO - DAG(s) 'example_trigger_controller_dag' retrieved from /home/jonathan-brito/python-projects/airflow/venv/lib/python3.12/site-packages/airflow/example_dags/example_trigger_controller_dag.py
[2025-04-21T22:09:43.209-0300] {logging_mixin.py:190} INFO - [2025-04-21T22:09:43.208-0300] {dag.py:3239} INFO - Sync 1 DAGs
[2025-04-21T22:09:43.232-0300] {logging_mixin.py:190} INFO - [2025-04-21T22:09:43.232-0300] {dag.py:4180} INFO - Setting next_dagrun for example_trigger_controller_dag to 2021-01-01 00:00:00+00:00, run_after=2021-01-01 00:00:00+00:00
[2025-04-21T22:09:43.270-0300] {processor.py:208} INFO - Processing /home/jonathan-brito/python-projects/airflow/venv/lib/python3.12/site-packages/airflow/example_dags/example_trigger_controller_dag.py took 0.103 seconds
[2025-04-21T22:10:46.695-0300] {processor.py:186} INFO - Started process (PID=127888) to work on /home/jonathan-brito/python-projects/airflow/venv/lib/python3.12/site-packages/airflow/example_dags/example_trigger_controller_dag.py
[2025-04-21T22:10:46.702-0300] {processor.py:914} INFO - Processing file /home/jonathan-brito/python-projects/airflow/venv/lib/python3.12/site-packages/airflow/example_dags/example_trigger_controller_dag.py for tasks to queue
[2025-04-21T22:10:46.704-0300] {logging_mixin.py:190} INFO - [2025-04-21T22:10:46.703-0300] {dagbag.py:588} INFO - Filling up the DagBag from /home/jonathan-brito/python-projects/airflow/venv/lib/python3.12/site-packages/airflow/example_dags/example_trigger_controller_dag.py
[2025-04-21T22:10:46.709-0300] {processor.py:925} INFO - DAG(s) 'example_trigger_controller_dag' retrieved from /home/jonathan-brito/python-projects/airflow/venv/lib/python3.12/site-packages/airflow/example_dags/example_trigger_controller_dag.py
[2025-04-21T22:10:46.725-0300] {logging_mixin.py:190} INFO - [2025-04-21T22:10:46.725-0300] {dag.py:3239} INFO - Sync 1 DAGs
[2025-04-21T22:10:46.744-0300] {logging_mixin.py:190} INFO - [2025-04-21T22:10:46.743-0300] {dag.py:4180} INFO - Setting next_dagrun for example_trigger_controller_dag to 2021-01-01 00:00:00+00:00, run_after=2021-01-01 00:00:00+00:00
[2025-04-21T22:10:46.771-0300] {processor.py:208} INFO - Processing /home/jonathan-brito/python-projects/airflow/venv/lib/python3.12/site-packages/airflow/example_dags/example_trigger_controller_dag.py took 0.082 seconds
[2025-04-21T22:11:48.984-0300] {processor.py:186} INFO - Started process (PID=128641) to work on /home/jonathan-brito/python-projects/airflow/venv/lib/python3.12/site-packages/airflow/example_dags/example_trigger_controller_dag.py
[2025-04-21T22:11:48.992-0300] {processor.py:914} INFO - Processing file /home/jonathan-brito/python-projects/airflow/venv/lib/python3.12/site-packages/airflow/example_dags/example_trigger_controller_dag.py for tasks to queue
[2025-04-21T22:11:48.996-0300] {logging_mixin.py:190} INFO - [2025-04-21T22:11:48.994-0300] {dagbag.py:588} INFO - Filling up the DagBag from /home/jonathan-brito/python-projects/airflow/venv/lib/python3.12/site-packages/airflow/example_dags/example_trigger_controller_dag.py
[2025-04-21T22:11:49.007-0300] {processor.py:925} INFO - DAG(s) 'example_trigger_controller_dag' retrieved from /home/jonathan-brito/python-projects/airflow/venv/lib/python3.12/site-packages/airflow/example_dags/example_trigger_controller_dag.py
[2025-04-21T22:11:49.042-0300] {logging_mixin.py:190} INFO - [2025-04-21T22:11:49.042-0300] {dag.py:3239} INFO - Sync 1 DAGs
[2025-04-21T22:11:49.073-0300] {logging_mixin.py:190} INFO - [2025-04-21T22:11:49.072-0300] {dag.py:4180} INFO - Setting next_dagrun for example_trigger_controller_dag to 2021-01-01 00:00:00+00:00, run_after=2021-01-01 00:00:00+00:00
[2025-04-21T22:11:49.112-0300] {processor.py:208} INFO - Processing /home/jonathan-brito/python-projects/airflow/venv/lib/python3.12/site-packages/airflow/example_dags/example_trigger_controller_dag.py took 0.137 seconds
[2025-04-21T22:12:51.375-0300] {processor.py:186} INFO - Started process (PID=129323) to work on /home/jonathan-brito/python-projects/airflow/venv/lib/python3.12/site-packages/airflow/example_dags/example_trigger_controller_dag.py
[2025-04-21T22:12:51.382-0300] {processor.py:914} INFO - Processing file /home/jonathan-brito/python-projects/airflow/venv/lib/python3.12/site-packages/airflow/example_dags/example_trigger_controller_dag.py for tasks to queue
[2025-04-21T22:12:51.384-0300] {logging_mixin.py:190} INFO - [2025-04-21T22:12:51.383-0300] {dagbag.py:588} INFO - Filling up the DagBag from /home/jonathan-brito/python-projects/airflow/venv/lib/python3.12/site-packages/airflow/example_dags/example_trigger_controller_dag.py
[2025-04-21T22:12:51.390-0300] {processor.py:925} INFO - DAG(s) 'example_trigger_controller_dag' retrieved from /home/jonathan-brito/python-projects/airflow/venv/lib/python3.12/site-packages/airflow/example_dags/example_trigger_controller_dag.py
[2025-04-21T22:12:51.407-0300] {logging_mixin.py:190} INFO - [2025-04-21T22:12:51.407-0300] {dag.py:3239} INFO - Sync 1 DAGs
[2025-04-21T22:12:51.426-0300] {logging_mixin.py:190} INFO - [2025-04-21T22:12:51.425-0300] {dag.py:4180} INFO - Setting next_dagrun for example_trigger_controller_dag to 2021-01-01 00:00:00+00:00, run_after=2021-01-01 00:00:00+00:00
[2025-04-21T22:12:51.452-0300] {processor.py:208} INFO - Processing /home/jonathan-brito/python-projects/airflow/venv/lib/python3.12/site-packages/airflow/example_dags/example_trigger_controller_dag.py took 0.085 seconds
[2025-04-21T22:13:56.428-0300] {processor.py:186} INFO - Started process (PID=130107) to work on /home/jonathan-brito/python-projects/airflow/venv/lib/python3.12/site-packages/airflow/example_dags/example_trigger_controller_dag.py
[2025-04-21T22:13:56.435-0300] {processor.py:914} INFO - Processing file /home/jonathan-brito/python-projects/airflow/venv/lib/python3.12/site-packages/airflow/example_dags/example_trigger_controller_dag.py for tasks to queue
[2025-04-21T22:13:56.436-0300] {logging_mixin.py:190} INFO - [2025-04-21T22:13:56.436-0300] {dagbag.py:588} INFO - Filling up the DagBag from /home/jonathan-brito/python-projects/airflow/venv/lib/python3.12/site-packages/airflow/example_dags/example_trigger_controller_dag.py
[2025-04-21T22:13:56.442-0300] {processor.py:925} INFO - DAG(s) 'example_trigger_controller_dag' retrieved from /home/jonathan-brito/python-projects/airflow/venv/lib/python3.12/site-packages/airflow/example_dags/example_trigger_controller_dag.py
[2025-04-21T22:13:56.463-0300] {logging_mixin.py:190} INFO - [2025-04-21T22:13:56.462-0300] {dag.py:3239} INFO - Sync 1 DAGs
[2025-04-21T22:13:56.483-0300] {logging_mixin.py:190} INFO - [2025-04-21T22:13:56.483-0300] {dag.py:4180} INFO - Setting next_dagrun for example_trigger_controller_dag to 2021-01-01 00:00:00+00:00, run_after=2021-01-01 00:00:00+00:00
[2025-04-21T22:13:56.506-0300] {processor.py:208} INFO - Processing /home/jonathan-brito/python-projects/airflow/venv/lib/python3.12/site-packages/airflow/example_dags/example_trigger_controller_dag.py took 0.086 seconds
[2025-04-21T22:14:59.871-0300] {processor.py:186} INFO - Started process (PID=130797) to work on /home/jonathan-brito/python-projects/airflow/venv/lib/python3.12/site-packages/airflow/example_dags/example_trigger_controller_dag.py
[2025-04-21T22:14:59.878-0300] {processor.py:914} INFO - Processing file /home/jonathan-brito/python-projects/airflow/venv/lib/python3.12/site-packages/airflow/example_dags/example_trigger_controller_dag.py for tasks to queue
[2025-04-21T22:14:59.884-0300] {logging_mixin.py:190} INFO - [2025-04-21T22:14:59.883-0300] {dagbag.py:588} INFO - Filling up the DagBag from /home/jonathan-brito/python-projects/airflow/venv/lib/python3.12/site-packages/airflow/example_dags/example_trigger_controller_dag.py
[2025-04-21T22:14:59.898-0300] {processor.py:925} INFO - DAG(s) 'example_trigger_controller_dag' retrieved from /home/jonathan-brito/python-projects/airflow/venv/lib/python3.12/site-packages/airflow/example_dags/example_trigger_controller_dag.py
[2025-04-21T22:14:59.925-0300] {logging_mixin.py:190} INFO - [2025-04-21T22:14:59.925-0300] {dag.py:3239} INFO - Sync 1 DAGs
[2025-04-21T22:14:59.953-0300] {logging_mixin.py:190} INFO - [2025-04-21T22:14:59.952-0300] {dag.py:4180} INFO - Setting next_dagrun for example_trigger_controller_dag to 2021-01-01 00:00:00+00:00, run_after=2021-01-01 00:00:00+00:00
[2025-04-21T22:14:59.984-0300] {processor.py:208} INFO - Processing /home/jonathan-brito/python-projects/airflow/venv/lib/python3.12/site-packages/airflow/example_dags/example_trigger_controller_dag.py took 0.121 seconds
[2025-04-21T22:16:00.610-0300] {processor.py:186} INFO - Started process (PID=131432) to work on /home/jonathan-brito/python-projects/airflow/venv/lib/python3.12/site-packages/airflow/example_dags/example_trigger_controller_dag.py
[2025-04-21T22:16:00.617-0300] {processor.py:914} INFO - Processing file /home/jonathan-brito/python-projects/airflow/venv/lib/python3.12/site-packages/airflow/example_dags/example_trigger_controller_dag.py for tasks to queue
[2025-04-21T22:16:00.619-0300] {logging_mixin.py:190} INFO - [2025-04-21T22:16:00.619-0300] {dagbag.py:588} INFO - Filling up the DagBag from /home/jonathan-brito/python-projects/airflow/venv/lib/python3.12/site-packages/airflow/example_dags/example_trigger_controller_dag.py
[2025-04-21T22:16:00.625-0300] {processor.py:925} INFO - DAG(s) 'example_trigger_controller_dag' retrieved from /home/jonathan-brito/python-projects/airflow/venv/lib/python3.12/site-packages/airflow/example_dags/example_trigger_controller_dag.py
[2025-04-21T22:16:00.642-0300] {logging_mixin.py:190} INFO - [2025-04-21T22:16:00.642-0300] {dag.py:3239} INFO - Sync 1 DAGs
[2025-04-21T22:16:00.660-0300] {logging_mixin.py:190} INFO - [2025-04-21T22:16:00.660-0300] {dag.py:4180} INFO - Setting next_dagrun for example_trigger_controller_dag to 2021-01-01 00:00:00+00:00, run_after=2021-01-01 00:00:00+00:00
[2025-04-21T22:16:00.682-0300] {processor.py:208} INFO - Processing /home/jonathan-brito/python-projects/airflow/venv/lib/python3.12/site-packages/airflow/example_dags/example_trigger_controller_dag.py took 0.077 seconds
[2025-04-21T22:17:03.688-0300] {processor.py:186} INFO - Started process (PID=132082) to work on /home/jonathan-brito/python-projects/airflow/venv/lib/python3.12/site-packages/airflow/example_dags/example_trigger_controller_dag.py
[2025-04-21T22:17:03.695-0300] {processor.py:914} INFO - Processing file /home/jonathan-brito/python-projects/airflow/venv/lib/python3.12/site-packages/airflow/example_dags/example_trigger_controller_dag.py for tasks to queue
[2025-04-21T22:17:03.697-0300] {logging_mixin.py:190} INFO - [2025-04-21T22:17:03.696-0300] {dagbag.py:588} INFO - Filling up the DagBag from /home/jonathan-brito/python-projects/airflow/venv/lib/python3.12/site-packages/airflow/example_dags/example_trigger_controller_dag.py
[2025-04-21T22:17:03.703-0300] {processor.py:925} INFO - DAG(s) 'example_trigger_controller_dag' retrieved from /home/jonathan-brito/python-projects/airflow/venv/lib/python3.12/site-packages/airflow/example_dags/example_trigger_controller_dag.py
[2025-04-21T22:17:03.720-0300] {logging_mixin.py:190} INFO - [2025-04-21T22:17:03.720-0300] {dag.py:3239} INFO - Sync 1 DAGs
[2025-04-21T22:17:03.738-0300] {logging_mixin.py:190} INFO - [2025-04-21T22:17:03.738-0300] {dag.py:4180} INFO - Setting next_dagrun for example_trigger_controller_dag to 2021-01-01 00:00:00+00:00, run_after=2021-01-01 00:00:00+00:00
[2025-04-21T22:17:03.760-0300] {processor.py:208} INFO - Processing /home/jonathan-brito/python-projects/airflow/venv/lib/python3.12/site-packages/airflow/example_dags/example_trigger_controller_dag.py took 0.079 seconds
[2025-04-21T22:18:05.651-0300] {processor.py:186} INFO - Started process (PID=132731) to work on /home/jonathan-brito/python-projects/airflow/venv/lib/python3.12/site-packages/airflow/example_dags/example_trigger_controller_dag.py
[2025-04-21T22:18:05.659-0300] {processor.py:914} INFO - Processing file /home/jonathan-brito/python-projects/airflow/venv/lib/python3.12/site-packages/airflow/example_dags/example_trigger_controller_dag.py for tasks to queue
[2025-04-21T22:18:05.660-0300] {logging_mixin.py:190} INFO - [2025-04-21T22:18:05.660-0300] {dagbag.py:588} INFO - Filling up the DagBag from /home/jonathan-brito/python-projects/airflow/venv/lib/python3.12/site-packages/airflow/example_dags/example_trigger_controller_dag.py
[2025-04-21T22:18:05.668-0300] {processor.py:925} INFO - DAG(s) 'example_trigger_controller_dag' retrieved from /home/jonathan-brito/python-projects/airflow/venv/lib/python3.12/site-packages/airflow/example_dags/example_trigger_controller_dag.py
[2025-04-21T22:18:05.687-0300] {logging_mixin.py:190} INFO - [2025-04-21T22:18:05.686-0300] {dag.py:3239} INFO - Sync 1 DAGs
[2025-04-21T22:18:05.704-0300] {logging_mixin.py:190} INFO - [2025-04-21T22:18:05.704-0300] {dag.py:4180} INFO - Setting next_dagrun for example_trigger_controller_dag to 2021-01-01 00:00:00+00:00, run_after=2021-01-01 00:00:00+00:00
[2025-04-21T22:18:05.728-0300] {processor.py:208} INFO - Processing /home/jonathan-brito/python-projects/airflow/venv/lib/python3.12/site-packages/airflow/example_dags/example_trigger_controller_dag.py took 0.085 seconds
[2025-04-21T22:19:10.095-0300] {processor.py:186} INFO - Started process (PID=133398) to work on /home/jonathan-brito/python-projects/airflow/venv/lib/python3.12/site-packages/airflow/example_dags/example_trigger_controller_dag.py
[2025-04-21T22:19:10.103-0300] {processor.py:914} INFO - Processing file /home/jonathan-brito/python-projects/airflow/venv/lib/python3.12/site-packages/airflow/example_dags/example_trigger_controller_dag.py for tasks to queue
[2025-04-21T22:19:10.106-0300] {logging_mixin.py:190} INFO - [2025-04-21T22:19:10.106-0300] {dagbag.py:588} INFO - Filling up the DagBag from /home/jonathan-brito/python-projects/airflow/venv/lib/python3.12/site-packages/airflow/example_dags/example_trigger_controller_dag.py
[2025-04-21T22:19:10.116-0300] {processor.py:925} INFO - DAG(s) 'example_trigger_controller_dag' retrieved from /home/jonathan-brito/python-projects/airflow/venv/lib/python3.12/site-packages/airflow/example_dags/example_trigger_controller_dag.py
[2025-04-21T22:19:10.135-0300] {logging_mixin.py:190} INFO - [2025-04-21T22:19:10.135-0300] {dag.py:3239} INFO - Sync 1 DAGs
[2025-04-21T22:19:10.152-0300] {logging_mixin.py:190} INFO - [2025-04-21T22:19:10.152-0300] {dag.py:4180} INFO - Setting next_dagrun for example_trigger_controller_dag to 2021-01-01 00:00:00+00:00, run_after=2021-01-01 00:00:00+00:00
[2025-04-21T22:19:10.178-0300] {processor.py:208} INFO - Processing /home/jonathan-brito/python-projects/airflow/venv/lib/python3.12/site-packages/airflow/example_dags/example_trigger_controller_dag.py took 0.096 seconds
[2025-04-21T22:20:14.225-0300] {processor.py:186} INFO - Started process (PID=134119) to work on /home/jonathan-brito/python-projects/airflow/venv/lib/python3.12/site-packages/airflow/example_dags/example_trigger_controller_dag.py
[2025-04-21T22:20:14.226-0300] {processor.py:914} INFO - Processing file /home/jonathan-brito/python-projects/airflow/venv/lib/python3.12/site-packages/airflow/example_dags/example_trigger_controller_dag.py for tasks to queue
[2025-04-21T22:20:14.227-0300] {logging_mixin.py:190} INFO - [2025-04-21T22:20:14.227-0300] {dagbag.py:588} INFO - Filling up the DagBag from /home/jonathan-brito/python-projects/airflow/venv/lib/python3.12/site-packages/airflow/example_dags/example_trigger_controller_dag.py
[2025-04-21T22:20:14.232-0300] {processor.py:925} INFO - DAG(s) 'example_trigger_controller_dag' retrieved from /home/jonathan-brito/python-projects/airflow/venv/lib/python3.12/site-packages/airflow/example_dags/example_trigger_controller_dag.py
[2025-04-21T22:20:14.248-0300] {logging_mixin.py:190} INFO - [2025-04-21T22:20:14.248-0300] {dag.py:3239} INFO - Sync 1 DAGs
[2025-04-21T22:20:14.267-0300] {logging_mixin.py:190} INFO - [2025-04-21T22:20:14.267-0300] {dag.py:4180} INFO - Setting next_dagrun for example_trigger_controller_dag to 2021-01-01 00:00:00+00:00, run_after=2021-01-01 00:00:00+00:00
[2025-04-21T22:20:14.301-0300] {processor.py:208} INFO - Processing /home/jonathan-brito/python-projects/airflow/venv/lib/python3.12/site-packages/airflow/example_dags/example_trigger_controller_dag.py took 0.083 seconds
[2025-04-22T10:24:07.343-0300] {processor.py:186} INFO - Started process (PID=10704) to work on /home/jonathan-brito/python-projects/airflow/venv/lib/python3.12/site-packages/airflow/example_dags/example_trigger_controller_dag.py
[2025-04-22T10:24:07.349-0300] {processor.py:914} INFO - Processing file /home/jonathan-brito/python-projects/airflow/venv/lib/python3.12/site-packages/airflow/example_dags/example_trigger_controller_dag.py for tasks to queue
[2025-04-22T10:24:07.354-0300] {logging_mixin.py:190} INFO - [2025-04-22T10:24:07.351-0300] {dagbag.py:588} INFO - Filling up the DagBag from /home/jonathan-brito/python-projects/airflow/venv/lib/python3.12/site-packages/airflow/example_dags/example_trigger_controller_dag.py
[2025-04-22T10:24:07.376-0300] {processor.py:925} INFO - DAG(s) 'example_trigger_controller_dag' retrieved from /home/jonathan-brito/python-projects/airflow/venv/lib/python3.12/site-packages/airflow/example_dags/example_trigger_controller_dag.py
[2025-04-22T10:24:07.399-0300] {logging_mixin.py:190} INFO - [2025-04-22T10:24:07.399-0300] {dag.py:3239} INFO - Sync 1 DAGs
[2025-04-22T10:24:07.448-0300] {logging_mixin.py:190} INFO - [2025-04-22T10:24:07.442-0300] {dag.py:4180} INFO - Setting next_dagrun for example_trigger_controller_dag to 2021-01-01 00:00:00+00:00, run_after=2021-01-01 00:00:00+00:00
[2025-04-22T10:24:07.493-0300] {processor.py:208} INFO - Processing /home/jonathan-brito/python-projects/airflow/venv/lib/python3.12/site-packages/airflow/example_dags/example_trigger_controller_dag.py took 0.162 seconds
[2025-04-22T10:25:21.103-0300] {processor.py:186} INFO - Started process (PID=11857) to work on /home/jonathan-brito/python-projects/airflow/venv/lib/python3.12/site-packages/airflow/example_dags/example_trigger_controller_dag.py
[2025-04-22T10:25:21.110-0300] {processor.py:914} INFO - Processing file /home/jonathan-brito/python-projects/airflow/venv/lib/python3.12/site-packages/airflow/example_dags/example_trigger_controller_dag.py for tasks to queue
[2025-04-22T10:25:21.112-0300] {logging_mixin.py:190} INFO - [2025-04-22T10:25:21.112-0300] {dagbag.py:588} INFO - Filling up the DagBag from /home/jonathan-brito/python-projects/airflow/venv/lib/python3.12/site-packages/airflow/example_dags/example_trigger_controller_dag.py
[2025-04-22T10:25:21.119-0300] {processor.py:925} INFO - DAG(s) 'example_trigger_controller_dag' retrieved from /home/jonathan-brito/python-projects/airflow/venv/lib/python3.12/site-packages/airflow/example_dags/example_trigger_controller_dag.py
[2025-04-22T10:25:21.135-0300] {logging_mixin.py:190} INFO - [2025-04-22T10:25:21.135-0300] {dag.py:3239} INFO - Sync 1 DAGs
[2025-04-22T10:25:21.156-0300] {logging_mixin.py:190} INFO - [2025-04-22T10:25:21.155-0300] {dag.py:4180} INFO - Setting next_dagrun for example_trigger_controller_dag to 2021-01-01 00:00:00+00:00, run_after=2021-01-01 00:00:00+00:00
[2025-04-22T10:25:21.193-0300] {processor.py:208} INFO - Processing /home/jonathan-brito/python-projects/airflow/venv/lib/python3.12/site-packages/airflow/example_dags/example_trigger_controller_dag.py took 0.096 seconds
[2025-04-22T10:27:31.102-0300] {processor.py:186} INFO - Started process (PID=13791) to work on /home/jonathan-brito/python-projects/airflow/venv/lib/python3.12/site-packages/airflow/example_dags/example_trigger_controller_dag.py
[2025-04-22T10:27:31.103-0300] {processor.py:914} INFO - Processing file /home/jonathan-brito/python-projects/airflow/venv/lib/python3.12/site-packages/airflow/example_dags/example_trigger_controller_dag.py for tasks to queue
[2025-04-22T10:27:31.106-0300] {logging_mixin.py:190} INFO - [2025-04-22T10:27:31.106-0300] {dagbag.py:588} INFO - Filling up the DagBag from /home/jonathan-brito/python-projects/airflow/venv/lib/python3.12/site-packages/airflow/example_dags/example_trigger_controller_dag.py
[2025-04-22T10:27:31.113-0300] {processor.py:925} INFO - DAG(s) 'example_trigger_controller_dag' retrieved from /home/jonathan-brito/python-projects/airflow/venv/lib/python3.12/site-packages/airflow/example_dags/example_trigger_controller_dag.py
[2025-04-22T10:27:31.130-0300] {logging_mixin.py:190} INFO - [2025-04-22T10:27:31.130-0300] {dag.py:3239} INFO - Sync 1 DAGs
[2025-04-22T10:27:31.171-0300] {logging_mixin.py:190} INFO - [2025-04-22T10:27:31.170-0300] {dag.py:4180} INFO - Setting next_dagrun for example_trigger_controller_dag to 2021-01-01 00:00:00+00:00, run_after=2021-01-01 00:00:00+00:00
[2025-04-22T10:27:31.219-0300] {processor.py:208} INFO - Processing /home/jonathan-brito/python-projects/airflow/venv/lib/python3.12/site-packages/airflow/example_dags/example_trigger_controller_dag.py took 0.124 seconds
[2025-04-22T10:30:17.905-0300] {processor.py:186} INFO - Started process (PID=16053) to work on /home/jonathan-brito/python-projects/airflow/venv/lib/python3.12/site-packages/airflow/example_dags/example_trigger_controller_dag.py
[2025-04-22T10:30:17.912-0300] {processor.py:914} INFO - Processing file /home/jonathan-brito/python-projects/airflow/venv/lib/python3.12/site-packages/airflow/example_dags/example_trigger_controller_dag.py for tasks to queue
[2025-04-22T10:30:17.915-0300] {logging_mixin.py:190} INFO - [2025-04-22T10:30:17.915-0300] {dagbag.py:588} INFO - Filling up the DagBag from /home/jonathan-brito/python-projects/airflow/venv/lib/python3.12/site-packages/airflow/example_dags/example_trigger_controller_dag.py
[2025-04-22T10:30:17.924-0300] {processor.py:925} INFO - DAG(s) 'example_trigger_controller_dag' retrieved from /home/jonathan-brito/python-projects/airflow/venv/lib/python3.12/site-packages/airflow/example_dags/example_trigger_controller_dag.py
[2025-04-22T10:30:17.942-0300] {logging_mixin.py:190} INFO - [2025-04-22T10:30:17.942-0300] {dag.py:3239} INFO - Sync 1 DAGs
[2025-04-22T10:30:17.963-0300] {logging_mixin.py:190} INFO - [2025-04-22T10:30:17.963-0300] {dag.py:4180} INFO - Setting next_dagrun for example_trigger_controller_dag to 2021-01-01 00:00:00+00:00, run_after=2021-01-01 00:00:00+00:00
[2025-04-22T10:30:17.993-0300] {processor.py:208} INFO - Processing /home/jonathan-brito/python-projects/airflow/venv/lib/python3.12/site-packages/airflow/example_dags/example_trigger_controller_dag.py took 0.100 seconds
[2025-04-22T10:31:08.412-0300] {processor.py:186} INFO - Started process (PID=16550) to work on /home/jonathan-brito/python-projects/airflow/venv/lib/python3.12/site-packages/airflow/example_dags/example_trigger_controller_dag.py
[2025-04-22T10:31:08.415-0300] {processor.py:914} INFO - Processing file /home/jonathan-brito/python-projects/airflow/venv/lib/python3.12/site-packages/airflow/example_dags/example_trigger_controller_dag.py for tasks to queue
[2025-04-22T10:31:08.421-0300] {logging_mixin.py:190} INFO - [2025-04-22T10:31:08.420-0300] {dagbag.py:588} INFO - Filling up the DagBag from /home/jonathan-brito/python-projects/airflow/venv/lib/python3.12/site-packages/airflow/example_dags/example_trigger_controller_dag.py
[2025-04-22T10:31:08.441-0300] {processor.py:925} INFO - DAG(s) 'example_trigger_controller_dag' retrieved from /home/jonathan-brito/python-projects/airflow/venv/lib/python3.12/site-packages/airflow/example_dags/example_trigger_controller_dag.py
[2025-04-22T10:31:08.462-0300] {logging_mixin.py:190} INFO - [2025-04-22T10:31:08.462-0300] {dag.py:3239} INFO - Sync 1 DAGs
[2025-04-22T10:31:08.487-0300] {logging_mixin.py:190} INFO - [2025-04-22T10:31:08.487-0300] {dag.py:4180} INFO - Setting next_dagrun for example_trigger_controller_dag to 2021-01-01 00:00:00+00:00, run_after=2021-01-01 00:00:00+00:00
[2025-04-22T10:31:08.516-0300] {processor.py:208} INFO - Processing /home/jonathan-brito/python-projects/airflow/venv/lib/python3.12/site-packages/airflow/example_dags/example_trigger_controller_dag.py took 0.121 seconds
[2025-04-22T11:07:57.392-0300] {processor.py:186} INFO - Started process (PID=49580) to work on /home/jonathan-brito/python-projects/airflow/venv/lib/python3.12/site-packages/airflow/example_dags/example_trigger_controller_dag.py
[2025-04-22T11:07:57.400-0300] {processor.py:914} INFO - Processing file /home/jonathan-brito/python-projects/airflow/venv/lib/python3.12/site-packages/airflow/example_dags/example_trigger_controller_dag.py for tasks to queue
[2025-04-22T11:07:57.401-0300] {logging_mixin.py:190} INFO - [2025-04-22T11:07:57.401-0300] {dagbag.py:588} INFO - Filling up the DagBag from /home/jonathan-brito/python-projects/airflow/venv/lib/python3.12/site-packages/airflow/example_dags/example_trigger_controller_dag.py
[2025-04-22T11:07:57.408-0300] {processor.py:925} INFO - DAG(s) 'example_trigger_controller_dag' retrieved from /home/jonathan-brito/python-projects/airflow/venv/lib/python3.12/site-packages/airflow/example_dags/example_trigger_controller_dag.py
[2025-04-22T11:07:57.431-0300] {logging_mixin.py:190} INFO - [2025-04-22T11:07:57.431-0300] {dag.py:3239} INFO - Sync 1 DAGs
[2025-04-22T11:07:57.452-0300] {logging_mixin.py:190} INFO - [2025-04-22T11:07:57.452-0300] {dag.py:4180} INFO - Setting next_dagrun for example_trigger_controller_dag to 2021-01-01 00:00:00+00:00, run_after=2021-01-01 00:00:00+00:00
[2025-04-22T11:07:57.481-0300] {processor.py:208} INFO - Processing /home/jonathan-brito/python-projects/airflow/venv/lib/python3.12/site-packages/airflow/example_dags/example_trigger_controller_dag.py took 0.096 seconds
[2025-04-22T11:08:57.808-0300] {processor.py:186} INFO - Started process (PID=49962) to work on /home/jonathan-brito/python-projects/airflow/venv/lib/python3.12/site-packages/airflow/example_dags/example_trigger_controller_dag.py
[2025-04-22T11:08:57.816-0300] {processor.py:914} INFO - Processing file /home/jonathan-brito/python-projects/airflow/venv/lib/python3.12/site-packages/airflow/example_dags/example_trigger_controller_dag.py for tasks to queue
[2025-04-22T11:08:57.820-0300] {logging_mixin.py:190} INFO - [2025-04-22T11:08:57.818-0300] {dagbag.py:588} INFO - Filling up the DagBag from /home/jonathan-brito/python-projects/airflow/venv/lib/python3.12/site-packages/airflow/example_dags/example_trigger_controller_dag.py
[2025-04-22T11:08:57.829-0300] {processor.py:925} INFO - DAG(s) 'example_trigger_controller_dag' retrieved from /home/jonathan-brito/python-projects/airflow/venv/lib/python3.12/site-packages/airflow/example_dags/example_trigger_controller_dag.py
[2025-04-22T11:08:57.846-0300] {logging_mixin.py:190} INFO - [2025-04-22T11:08:57.846-0300] {dag.py:3239} INFO - Sync 1 DAGs
[2025-04-22T11:08:57.864-0300] {logging_mixin.py:190} INFO - [2025-04-22T11:08:57.864-0300] {dag.py:4180} INFO - Setting next_dagrun for example_trigger_controller_dag to 2021-01-01 00:00:00+00:00, run_after=2021-01-01 00:00:00+00:00
[2025-04-22T11:08:57.892-0300] {processor.py:208} INFO - Processing /home/jonathan-brito/python-projects/airflow/venv/lib/python3.12/site-packages/airflow/example_dags/example_trigger_controller_dag.py took 0.093 seconds
[2025-04-22T11:09:56.564-0300] {processor.py:186} INFO - Started process (PID=50491) to work on /home/jonathan-brito/python-projects/airflow/venv/lib/python3.12/site-packages/airflow/example_dags/example_trigger_controller_dag.py
[2025-04-22T11:09:56.571-0300] {processor.py:914} INFO - Processing file /home/jonathan-brito/python-projects/airflow/venv/lib/python3.12/site-packages/airflow/example_dags/example_trigger_controller_dag.py for tasks to queue
[2025-04-22T11:09:56.572-0300] {logging_mixin.py:190} INFO - [2025-04-22T11:09:56.571-0300] {dagbag.py:588} INFO - Filling up the DagBag from /home/jonathan-brito/python-projects/airflow/venv/lib/python3.12/site-packages/airflow/example_dags/example_trigger_controller_dag.py
[2025-04-22T11:09:56.578-0300] {processor.py:925} INFO - DAG(s) 'example_trigger_controller_dag' retrieved from /home/jonathan-brito/python-projects/airflow/venv/lib/python3.12/site-packages/airflow/example_dags/example_trigger_controller_dag.py
[2025-04-22T11:09:56.594-0300] {logging_mixin.py:190} INFO - [2025-04-22T11:09:56.593-0300] {dag.py:3239} INFO - Sync 1 DAGs
[2025-04-22T11:09:56.612-0300] {logging_mixin.py:190} INFO - [2025-04-22T11:09:56.612-0300] {dag.py:4180} INFO - Setting next_dagrun for example_trigger_controller_dag to 2021-01-01 00:00:00+00:00, run_after=2021-01-01 00:00:00+00:00
[2025-04-22T11:09:56.640-0300] {processor.py:208} INFO - Processing /home/jonathan-brito/python-projects/airflow/venv/lib/python3.12/site-packages/airflow/example_dags/example_trigger_controller_dag.py took 0.084 seconds
[2025-04-22T11:10:59.219-0300] {processor.py:186} INFO - Started process (PID=50887) to work on /home/jonathan-brito/python-projects/airflow/venv/lib/python3.12/site-packages/airflow/example_dags/example_trigger_controller_dag.py
[2025-04-22T11:10:59.220-0300] {processor.py:914} INFO - Processing file /home/jonathan-brito/python-projects/airflow/venv/lib/python3.12/site-packages/airflow/example_dags/example_trigger_controller_dag.py for tasks to queue
[2025-04-22T11:10:59.222-0300] {logging_mixin.py:190} INFO - [2025-04-22T11:10:59.222-0300] {dagbag.py:588} INFO - Filling up the DagBag from /home/jonathan-brito/python-projects/airflow/venv/lib/python3.12/site-packages/airflow/example_dags/example_trigger_controller_dag.py
[2025-04-22T11:10:59.230-0300] {processor.py:925} INFO - DAG(s) 'example_trigger_controller_dag' retrieved from /home/jonathan-brito/python-projects/airflow/venv/lib/python3.12/site-packages/airflow/example_dags/example_trigger_controller_dag.py
[2025-04-22T11:10:59.255-0300] {logging_mixin.py:190} INFO - [2025-04-22T11:10:59.254-0300] {dag.py:3239} INFO - Sync 1 DAGs
[2025-04-22T11:10:59.285-0300] {logging_mixin.py:190} INFO - [2025-04-22T11:10:59.285-0300] {dag.py:4180} INFO - Setting next_dagrun for example_trigger_controller_dag to 2021-01-01 00:00:00+00:00, run_after=2021-01-01 00:00:00+00:00
[2025-04-22T11:10:59.314-0300] {processor.py:208} INFO - Processing /home/jonathan-brito/python-projects/airflow/venv/lib/python3.12/site-packages/airflow/example_dags/example_trigger_controller_dag.py took 0.103 seconds
