[2025-04-21T21:23:28.485-0300] {processor.py:186} INFO - Started process (PID=70468) to work on /home/jonathan-brito/python-projects/airflow/venv/lib/python3.12/site-packages/airflow/example_dags/example_xcom.py
[2025-04-21T21:23:28.486-0300] {processor.py:914} INFO - Processing file /home/jonathan-brito/python-projects/airflow/venv/lib/python3.12/site-packages/airflow/example_dags/example_xcom.py for tasks to queue
[2025-04-21T21:23:28.489-0300] {logging_mixin.py:190} INFO - [2025-04-21T21:23:28.488-0300] {dagbag.py:588} INFO - Filling up the DagBag from /home/jonathan-brito/python-projects/airflow/venv/lib/python3.12/site-packages/airflow/example_dags/example_xcom.py
[2025-04-21T21:23:28.499-0300] {processor.py:925} INFO - DAG(s) 'example_xcom' retrieved from /home/jonathan-brito/python-projects/airflow/venv/lib/python3.12/site-packages/airflow/example_dags/example_xcom.py
[2025-04-21T21:23:28.518-0300] {logging_mixin.py:190} INFO - [2025-04-21T21:23:28.518-0300] {dag.py:3239} INFO - Sync 1 DAGs
[2025-04-21T21:23:28.540-0300] {logging_mixin.py:190} INFO - [2025-04-21T21:23:28.539-0300] {dag.py:4180} INFO - Setting next_dagrun for example_xcom to 2021-01-01 00:00:00+00:00, run_after=2021-01-01 00:00:00+00:00
[2025-04-21T21:23:28.576-0300] {processor.py:208} INFO - Processing /home/jonathan-brito/python-projects/airflow/venv/lib/python3.12/site-packages/airflow/example_dags/example_xcom.py took 0.097 seconds
[2025-04-21T21:24:34.401-0300] {processor.py:186} INFO - Started process (PID=71218) to work on /home/jonathan-brito/python-projects/airflow/venv/lib/python3.12/site-packages/airflow/example_dags/example_xcom.py
[2025-04-21T21:24:34.408-0300] {processor.py:914} INFO - Processing file /home/jonathan-brito/python-projects/airflow/venv/lib/python3.12/site-packages/airflow/example_dags/example_xcom.py for tasks to queue
[2025-04-21T21:24:34.410-0300] {logging_mixin.py:190} INFO - [2025-04-21T21:24:34.410-0300] {dagbag.py:588} INFO - Filling up the DagBag from /home/jonathan-brito/python-projects/airflow/venv/lib/python3.12/site-packages/airflow/example_dags/example_xcom.py
[2025-04-21T21:24:34.422-0300] {processor.py:925} INFO - DAG(s) 'example_xcom' retrieved from /home/jonathan-brito/python-projects/airflow/venv/lib/python3.12/site-packages/airflow/example_dags/example_xcom.py
[2025-04-21T21:24:34.441-0300] {logging_mixin.py:190} INFO - [2025-04-21T21:24:34.441-0300] {dag.py:3239} INFO - Sync 1 DAGs
[2025-04-21T21:24:34.462-0300] {logging_mixin.py:190} INFO - [2025-04-21T21:24:34.462-0300] {dag.py:4180} INFO - Setting next_dagrun for example_xcom to 2021-01-01 00:00:00+00:00, run_after=2021-01-01 00:00:00+00:00
[2025-04-21T21:24:34.496-0300] {processor.py:208} INFO - Processing /home/jonathan-brito/python-projects/airflow/venv/lib/python3.12/site-packages/airflow/example_dags/example_xcom.py took 0.102 seconds
[2025-04-21T21:27:04.250-0300] {processor.py:186} INFO - Started process (PID=74430) to work on /home/jonathan-brito/python-projects/airflow/venv/lib/python3.12/site-packages/airflow/example_dags/example_xcom.py
[2025-04-21T21:27:04.257-0300] {processor.py:914} INFO - Processing file /home/jonathan-brito/python-projects/airflow/venv/lib/python3.12/site-packages/airflow/example_dags/example_xcom.py for tasks to queue
[2025-04-21T21:27:04.259-0300] {logging_mixin.py:190} INFO - [2025-04-21T21:27:04.258-0300] {dagbag.py:588} INFO - Filling up the DagBag from /home/jonathan-brito/python-projects/airflow/venv/lib/python3.12/site-packages/airflow/example_dags/example_xcom.py
[2025-04-21T21:27:04.269-0300] {processor.py:925} INFO - DAG(s) 'example_xcom' retrieved from /home/jonathan-brito/python-projects/airflow/venv/lib/python3.12/site-packages/airflow/example_dags/example_xcom.py
[2025-04-21T21:27:04.291-0300] {logging_mixin.py:190} INFO - [2025-04-21T21:27:04.290-0300] {dag.py:3239} INFO - Sync 1 DAGs
[2025-04-21T21:27:04.316-0300] {logging_mixin.py:190} INFO - [2025-04-21T21:27:04.316-0300] {dag.py:4180} INFO - Setting next_dagrun for example_xcom to 2021-01-01 00:00:00+00:00, run_after=2021-01-01 00:00:00+00:00
[2025-04-21T21:27:04.348-0300] {processor.py:208} INFO - Processing /home/jonathan-brito/python-projects/airflow/venv/lib/python3.12/site-packages/airflow/example_dags/example_xcom.py took 0.104 seconds
[2025-04-21T22:09:45.750-0300] {processor.py:186} INFO - Started process (PID=127037) to work on /home/jonathan-brito/python-projects/airflow/venv/lib/python3.12/site-packages/airflow/example_dags/example_xcom.py
[2025-04-21T22:09:45.758-0300] {processor.py:914} INFO - Processing file /home/jonathan-brito/python-projects/airflow/venv/lib/python3.12/site-packages/airflow/example_dags/example_xcom.py for tasks to queue
[2025-04-21T22:09:45.760-0300] {logging_mixin.py:190} INFO - [2025-04-21T22:09:45.759-0300] {dagbag.py:588} INFO - Filling up the DagBag from /home/jonathan-brito/python-projects/airflow/venv/lib/python3.12/site-packages/airflow/example_dags/example_xcom.py
[2025-04-21T22:09:45.773-0300] {processor.py:925} INFO - DAG(s) 'example_xcom' retrieved from /home/jonathan-brito/python-projects/airflow/venv/lib/python3.12/site-packages/airflow/example_dags/example_xcom.py
[2025-04-21T22:09:45.793-0300] {logging_mixin.py:190} INFO - [2025-04-21T22:09:45.793-0300] {dag.py:3239} INFO - Sync 1 DAGs
[2025-04-21T22:09:45.811-0300] {logging_mixin.py:190} INFO - [2025-04-21T22:09:45.811-0300] {dag.py:4180} INFO - Setting next_dagrun for example_xcom to 2021-01-01 00:00:00+00:00, run_after=2021-01-01 00:00:00+00:00
[2025-04-21T22:09:45.842-0300] {processor.py:208} INFO - Processing /home/jonathan-brito/python-projects/airflow/venv/lib/python3.12/site-packages/airflow/example_dags/example_xcom.py took 0.101 seconds
[2025-04-21T22:10:49.020-0300] {processor.py:186} INFO - Started process (PID=127931) to work on /home/jonathan-brito/python-projects/airflow/venv/lib/python3.12/site-packages/airflow/example_dags/example_xcom.py
[2025-04-21T22:10:49.027-0300] {processor.py:914} INFO - Processing file /home/jonathan-brito/python-projects/airflow/venv/lib/python3.12/site-packages/airflow/example_dags/example_xcom.py for tasks to queue
[2025-04-21T22:10:49.028-0300] {logging_mixin.py:190} INFO - [2025-04-21T22:10:49.028-0300] {dagbag.py:588} INFO - Filling up the DagBag from /home/jonathan-brito/python-projects/airflow/venv/lib/python3.12/site-packages/airflow/example_dags/example_xcom.py
[2025-04-21T22:10:49.038-0300] {processor.py:925} INFO - DAG(s) 'example_xcom' retrieved from /home/jonathan-brito/python-projects/airflow/venv/lib/python3.12/site-packages/airflow/example_dags/example_xcom.py
[2025-04-21T22:10:49.056-0300] {logging_mixin.py:190} INFO - [2025-04-21T22:10:49.056-0300] {dag.py:3239} INFO - Sync 1 DAGs
[2025-04-21T22:10:49.075-0300] {logging_mixin.py:190} INFO - [2025-04-21T22:10:49.075-0300] {dag.py:4180} INFO - Setting next_dagrun for example_xcom to 2021-01-01 00:00:00+00:00, run_after=2021-01-01 00:00:00+00:00
[2025-04-21T22:10:49.101-0300] {processor.py:208} INFO - Processing /home/jonathan-brito/python-projects/airflow/venv/lib/python3.12/site-packages/airflow/example_dags/example_xcom.py took 0.089 seconds
[2025-04-21T22:11:50.805-0300] {processor.py:186} INFO - Started process (PID=128684) to work on /home/jonathan-brito/python-projects/airflow/venv/lib/python3.12/site-packages/airflow/example_dags/example_xcom.py
[2025-04-21T22:11:50.812-0300] {processor.py:914} INFO - Processing file /home/jonathan-brito/python-projects/airflow/venv/lib/python3.12/site-packages/airflow/example_dags/example_xcom.py for tasks to queue
[2025-04-21T22:11:50.818-0300] {logging_mixin.py:190} INFO - [2025-04-21T22:11:50.817-0300] {dagbag.py:588} INFO - Filling up the DagBag from /home/jonathan-brito/python-projects/airflow/venv/lib/python3.12/site-packages/airflow/example_dags/example_xcom.py
[2025-04-21T22:11:50.835-0300] {processor.py:925} INFO - DAG(s) 'example_xcom' retrieved from /home/jonathan-brito/python-projects/airflow/venv/lib/python3.12/site-packages/airflow/example_dags/example_xcom.py
[2025-04-21T22:11:50.853-0300] {logging_mixin.py:190} INFO - [2025-04-21T22:11:50.853-0300] {dag.py:3239} INFO - Sync 1 DAGs
[2025-04-21T22:11:50.871-0300] {logging_mixin.py:190} INFO - [2025-04-21T22:11:50.871-0300] {dag.py:4180} INFO - Setting next_dagrun for example_xcom to 2021-01-01 00:00:00+00:00, run_after=2021-01-01 00:00:00+00:00
[2025-04-21T22:11:50.893-0300] {processor.py:208} INFO - Processing /home/jonathan-brito/python-projects/airflow/venv/lib/python3.12/site-packages/airflow/example_dags/example_xcom.py took 0.096 seconds
[2025-04-21T22:12:52.949-0300] {processor.py:186} INFO - Started process (PID=129341) to work on /home/jonathan-brito/python-projects/airflow/venv/lib/python3.12/site-packages/airflow/example_dags/example_xcom.py
[2025-04-21T22:12:52.957-0300] {processor.py:914} INFO - Processing file /home/jonathan-brito/python-projects/airflow/venv/lib/python3.12/site-packages/airflow/example_dags/example_xcom.py for tasks to queue
[2025-04-21T22:12:52.959-0300] {logging_mixin.py:190} INFO - [2025-04-21T22:12:52.958-0300] {dagbag.py:588} INFO - Filling up the DagBag from /home/jonathan-brito/python-projects/airflow/venv/lib/python3.12/site-packages/airflow/example_dags/example_xcom.py
[2025-04-21T22:12:52.971-0300] {processor.py:925} INFO - DAG(s) 'example_xcom' retrieved from /home/jonathan-brito/python-projects/airflow/venv/lib/python3.12/site-packages/airflow/example_dags/example_xcom.py
[2025-04-21T22:12:52.990-0300] {logging_mixin.py:190} INFO - [2025-04-21T22:12:52.990-0300] {dag.py:3239} INFO - Sync 1 DAGs
[2025-04-21T22:12:53.008-0300] {logging_mixin.py:190} INFO - [2025-04-21T22:12:53.008-0300] {dag.py:4180} INFO - Setting next_dagrun for example_xcom to 2021-01-01 00:00:00+00:00, run_after=2021-01-01 00:00:00+00:00
[2025-04-21T22:12:53.039-0300] {processor.py:208} INFO - Processing /home/jonathan-brito/python-projects/airflow/venv/lib/python3.12/site-packages/airflow/example_dags/example_xcom.py took 0.099 seconds
[2025-04-21T22:13:58.882-0300] {processor.py:186} INFO - Started process (PID=130125) to work on /home/jonathan-brito/python-projects/airflow/venv/lib/python3.12/site-packages/airflow/example_dags/example_xcom.py
[2025-04-21T22:13:58.889-0300] {processor.py:914} INFO - Processing file /home/jonathan-brito/python-projects/airflow/venv/lib/python3.12/site-packages/airflow/example_dags/example_xcom.py for tasks to queue
[2025-04-21T22:13:58.891-0300] {logging_mixin.py:190} INFO - [2025-04-21T22:13:58.890-0300] {dagbag.py:588} INFO - Filling up the DagBag from /home/jonathan-brito/python-projects/airflow/venv/lib/python3.12/site-packages/airflow/example_dags/example_xcom.py
[2025-04-21T22:13:58.900-0300] {processor.py:925} INFO - DAG(s) 'example_xcom' retrieved from /home/jonathan-brito/python-projects/airflow/venv/lib/python3.12/site-packages/airflow/example_dags/example_xcom.py
[2025-04-21T22:13:58.920-0300] {logging_mixin.py:190} INFO - [2025-04-21T22:13:58.920-0300] {dag.py:3239} INFO - Sync 1 DAGs
[2025-04-21T22:13:58.940-0300] {logging_mixin.py:190} INFO - [2025-04-21T22:13:58.939-0300] {dag.py:4180} INFO - Setting next_dagrun for example_xcom to 2021-01-01 00:00:00+00:00, run_after=2021-01-01 00:00:00+00:00
[2025-04-21T22:13:58.966-0300] {processor.py:208} INFO - Processing /home/jonathan-brito/python-projects/airflow/venv/lib/python3.12/site-packages/airflow/example_dags/example_xcom.py took 0.092 seconds
[2025-04-21T22:15:01.576-0300] {processor.py:186} INFO - Started process (PID=130802) to work on /home/jonathan-brito/python-projects/airflow/venv/lib/python3.12/site-packages/airflow/example_dags/example_xcom.py
[2025-04-21T22:15:01.583-0300] {processor.py:914} INFO - Processing file /home/jonathan-brito/python-projects/airflow/venv/lib/python3.12/site-packages/airflow/example_dags/example_xcom.py for tasks to queue
[2025-04-21T22:15:01.585-0300] {logging_mixin.py:190} INFO - [2025-04-21T22:15:01.585-0300] {dagbag.py:588} INFO - Filling up the DagBag from /home/jonathan-brito/python-projects/airflow/venv/lib/python3.12/site-packages/airflow/example_dags/example_xcom.py
[2025-04-21T22:15:01.597-0300] {processor.py:925} INFO - DAG(s) 'example_xcom' retrieved from /home/jonathan-brito/python-projects/airflow/venv/lib/python3.12/site-packages/airflow/example_dags/example_xcom.py
[2025-04-21T22:15:01.619-0300] {logging_mixin.py:190} INFO - [2025-04-21T22:15:01.619-0300] {dag.py:3239} INFO - Sync 1 DAGs
[2025-04-21T22:15:01.636-0300] {logging_mixin.py:190} INFO - [2025-04-21T22:15:01.636-0300] {dag.py:4180} INFO - Setting next_dagrun for example_xcom to 2021-01-01 00:00:00+00:00, run_after=2021-01-01 00:00:00+00:00
[2025-04-21T22:15:01.665-0300] {processor.py:208} INFO - Processing /home/jonathan-brito/python-projects/airflow/venv/lib/python3.12/site-packages/airflow/example_dags/example_xcom.py took 0.098 seconds
[2025-04-21T22:16:02.789-0300] {processor.py:186} INFO - Started process (PID=131450) to work on /home/jonathan-brito/python-projects/airflow/venv/lib/python3.12/site-packages/airflow/example_dags/example_xcom.py
[2025-04-21T22:16:02.796-0300] {processor.py:914} INFO - Processing file /home/jonathan-brito/python-projects/airflow/venv/lib/python3.12/site-packages/airflow/example_dags/example_xcom.py for tasks to queue
[2025-04-21T22:16:02.797-0300] {logging_mixin.py:190} INFO - [2025-04-21T22:16:02.797-0300] {dagbag.py:588} INFO - Filling up the DagBag from /home/jonathan-brito/python-projects/airflow/venv/lib/python3.12/site-packages/airflow/example_dags/example_xcom.py
[2025-04-21T22:16:02.805-0300] {processor.py:925} INFO - DAG(s) 'example_xcom' retrieved from /home/jonathan-brito/python-projects/airflow/venv/lib/python3.12/site-packages/airflow/example_dags/example_xcom.py
[2025-04-21T22:16:02.823-0300] {logging_mixin.py:190} INFO - [2025-04-21T22:16:02.822-0300] {dag.py:3239} INFO - Sync 1 DAGs
[2025-04-21T22:16:02.840-0300] {logging_mixin.py:190} INFO - [2025-04-21T22:16:02.840-0300] {dag.py:4180} INFO - Setting next_dagrun for example_xcom to 2021-01-01 00:00:00+00:00, run_after=2021-01-01 00:00:00+00:00
[2025-04-21T22:16:02.865-0300] {processor.py:208} INFO - Processing /home/jonathan-brito/python-projects/airflow/venv/lib/python3.12/site-packages/airflow/example_dags/example_xcom.py took 0.083 seconds
[2025-04-21T22:17:05.891-0300] {processor.py:186} INFO - Started process (PID=132101) to work on /home/jonathan-brito/python-projects/airflow/venv/lib/python3.12/site-packages/airflow/example_dags/example_xcom.py
[2025-04-21T22:17:05.899-0300] {processor.py:914} INFO - Processing file /home/jonathan-brito/python-projects/airflow/venv/lib/python3.12/site-packages/airflow/example_dags/example_xcom.py for tasks to queue
[2025-04-21T22:17:05.900-0300] {logging_mixin.py:190} INFO - [2025-04-21T22:17:05.900-0300] {dagbag.py:588} INFO - Filling up the DagBag from /home/jonathan-brito/python-projects/airflow/venv/lib/python3.12/site-packages/airflow/example_dags/example_xcom.py
[2025-04-21T22:17:05.910-0300] {processor.py:925} INFO - DAG(s) 'example_xcom' retrieved from /home/jonathan-brito/python-projects/airflow/venv/lib/python3.12/site-packages/airflow/example_dags/example_xcom.py
[2025-04-21T22:17:05.929-0300] {logging_mixin.py:190} INFO - [2025-04-21T22:17:05.929-0300] {dag.py:3239} INFO - Sync 1 DAGs
[2025-04-21T22:17:05.946-0300] {logging_mixin.py:190} INFO - [2025-04-21T22:17:05.946-0300] {dag.py:4180} INFO - Setting next_dagrun for example_xcom to 2021-01-01 00:00:00+00:00, run_after=2021-01-01 00:00:00+00:00
[2025-04-21T22:17:05.977-0300] {processor.py:208} INFO - Processing /home/jonathan-brito/python-projects/airflow/venv/lib/python3.12/site-packages/airflow/example_dags/example_xcom.py took 0.093 seconds
[2025-04-21T22:18:07.722-0300] {processor.py:186} INFO - Started process (PID=132749) to work on /home/jonathan-brito/python-projects/airflow/venv/lib/python3.12/site-packages/airflow/example_dags/example_xcom.py
[2025-04-21T22:18:07.729-0300] {processor.py:914} INFO - Processing file /home/jonathan-brito/python-projects/airflow/venv/lib/python3.12/site-packages/airflow/example_dags/example_xcom.py for tasks to queue
[2025-04-21T22:18:07.731-0300] {logging_mixin.py:190} INFO - [2025-04-21T22:18:07.731-0300] {dagbag.py:588} INFO - Filling up the DagBag from /home/jonathan-brito/python-projects/airflow/venv/lib/python3.12/site-packages/airflow/example_dags/example_xcom.py
[2025-04-21T22:18:07.741-0300] {processor.py:925} INFO - DAG(s) 'example_xcom' retrieved from /home/jonathan-brito/python-projects/airflow/venv/lib/python3.12/site-packages/airflow/example_dags/example_xcom.py
[2025-04-21T22:18:07.761-0300] {logging_mixin.py:190} INFO - [2025-04-21T22:18:07.761-0300] {dag.py:3239} INFO - Sync 1 DAGs
[2025-04-21T22:18:07.778-0300] {logging_mixin.py:190} INFO - [2025-04-21T22:18:07.777-0300] {dag.py:4180} INFO - Setting next_dagrun for example_xcom to 2021-01-01 00:00:00+00:00, run_after=2021-01-01 00:00:00+00:00
[2025-04-21T22:18:07.822-0300] {processor.py:208} INFO - Processing /home/jonathan-brito/python-projects/airflow/venv/lib/python3.12/site-packages/airflow/example_dags/example_xcom.py took 0.108 seconds
[2025-04-21T22:19:11.747-0300] {processor.py:186} INFO - Started process (PID=133416) to work on /home/jonathan-brito/python-projects/airflow/venv/lib/python3.12/site-packages/airflow/example_dags/example_xcom.py
[2025-04-21T22:19:11.755-0300] {processor.py:914} INFO - Processing file /home/jonathan-brito/python-projects/airflow/venv/lib/python3.12/site-packages/airflow/example_dags/example_xcom.py for tasks to queue
[2025-04-21T22:19:11.756-0300] {logging_mixin.py:190} INFO - [2025-04-21T22:19:11.755-0300] {dagbag.py:588} INFO - Filling up the DagBag from /home/jonathan-brito/python-projects/airflow/venv/lib/python3.12/site-packages/airflow/example_dags/example_xcom.py
[2025-04-21T22:19:11.765-0300] {processor.py:925} INFO - DAG(s) 'example_xcom' retrieved from /home/jonathan-brito/python-projects/airflow/venv/lib/python3.12/site-packages/airflow/example_dags/example_xcom.py
[2025-04-21T22:19:11.783-0300] {logging_mixin.py:190} INFO - [2025-04-21T22:19:11.783-0300] {dag.py:3239} INFO - Sync 1 DAGs
[2025-04-21T22:19:11.804-0300] {logging_mixin.py:190} INFO - [2025-04-21T22:19:11.804-0300] {dag.py:4180} INFO - Setting next_dagrun for example_xcom to 2021-01-01 00:00:00+00:00, run_after=2021-01-01 00:00:00+00:00
[2025-04-21T22:19:11.828-0300] {processor.py:208} INFO - Processing /home/jonathan-brito/python-projects/airflow/venv/lib/python3.12/site-packages/airflow/example_dags/example_xcom.py took 0.088 seconds
[2025-04-21T22:20:16.679-0300] {processor.py:186} INFO - Started process (PID=134138) to work on /home/jonathan-brito/python-projects/airflow/venv/lib/python3.12/site-packages/airflow/example_dags/example_xcom.py
[2025-04-21T22:20:16.688-0300] {processor.py:914} INFO - Processing file /home/jonathan-brito/python-projects/airflow/venv/lib/python3.12/site-packages/airflow/example_dags/example_xcom.py for tasks to queue
[2025-04-21T22:20:16.691-0300] {logging_mixin.py:190} INFO - [2025-04-21T22:20:16.690-0300] {dagbag.py:588} INFO - Filling up the DagBag from /home/jonathan-brito/python-projects/airflow/venv/lib/python3.12/site-packages/airflow/example_dags/example_xcom.py
[2025-04-21T22:20:16.717-0300] {processor.py:925} INFO - DAG(s) 'example_xcom' retrieved from /home/jonathan-brito/python-projects/airflow/venv/lib/python3.12/site-packages/airflow/example_dags/example_xcom.py
[2025-04-21T22:20:16.762-0300] {logging_mixin.py:190} INFO - [2025-04-21T22:20:16.761-0300] {dag.py:3239} INFO - Sync 1 DAGs
[2025-04-21T22:20:16.785-0300] {logging_mixin.py:190} INFO - [2025-04-21T22:20:16.785-0300] {dag.py:4180} INFO - Setting next_dagrun for example_xcom to 2021-01-01 00:00:00+00:00, run_after=2021-01-01 00:00:00+00:00
[2025-04-21T22:20:16.816-0300] {processor.py:208} INFO - Processing /home/jonathan-brito/python-projects/airflow/venv/lib/python3.12/site-packages/airflow/example_dags/example_xcom.py took 0.156 seconds
[2025-04-22T10:24:09.809-0300] {processor.py:186} INFO - Started process (PID=10722) to work on /home/jonathan-brito/python-projects/airflow/venv/lib/python3.12/site-packages/airflow/example_dags/example_xcom.py
[2025-04-22T10:24:09.816-0300] {processor.py:914} INFO - Processing file /home/jonathan-brito/python-projects/airflow/venv/lib/python3.12/site-packages/airflow/example_dags/example_xcom.py for tasks to queue
[2025-04-22T10:24:09.819-0300] {logging_mixin.py:190} INFO - [2025-04-22T10:24:09.818-0300] {dagbag.py:588} INFO - Filling up the DagBag from /home/jonathan-brito/python-projects/airflow/venv/lib/python3.12/site-packages/airflow/example_dags/example_xcom.py
[2025-04-22T10:24:09.832-0300] {processor.py:925} INFO - DAG(s) 'example_xcom' retrieved from /home/jonathan-brito/python-projects/airflow/venv/lib/python3.12/site-packages/airflow/example_dags/example_xcom.py
[2025-04-22T10:24:09.854-0300] {logging_mixin.py:190} INFO - [2025-04-22T10:24:09.854-0300] {dag.py:3239} INFO - Sync 1 DAGs
[2025-04-22T10:24:09.876-0300] {logging_mixin.py:190} INFO - [2025-04-22T10:24:09.875-0300] {dag.py:4180} INFO - Setting next_dagrun for example_xcom to 2021-01-01 00:00:00+00:00, run_after=2021-01-01 00:00:00+00:00
[2025-04-22T10:24:09.905-0300] {processor.py:208} INFO - Processing /home/jonathan-brito/python-projects/airflow/venv/lib/python3.12/site-packages/airflow/example_dags/example_xcom.py took 0.105 seconds
[2025-04-22T10:25:23.458-0300] {processor.py:186} INFO - Started process (PID=11892) to work on /home/jonathan-brito/python-projects/airflow/venv/lib/python3.12/site-packages/airflow/example_dags/example_xcom.py
[2025-04-22T10:25:23.464-0300] {processor.py:914} INFO - Processing file /home/jonathan-brito/python-projects/airflow/venv/lib/python3.12/site-packages/airflow/example_dags/example_xcom.py for tasks to queue
[2025-04-22T10:25:23.466-0300] {logging_mixin.py:190} INFO - [2025-04-22T10:25:23.466-0300] {dagbag.py:588} INFO - Filling up the DagBag from /home/jonathan-brito/python-projects/airflow/venv/lib/python3.12/site-packages/airflow/example_dags/example_xcom.py
[2025-04-22T10:25:23.477-0300] {processor.py:925} INFO - DAG(s) 'example_xcom' retrieved from /home/jonathan-brito/python-projects/airflow/venv/lib/python3.12/site-packages/airflow/example_dags/example_xcom.py
[2025-04-22T10:25:23.494-0300] {logging_mixin.py:190} INFO - [2025-04-22T10:25:23.494-0300] {dag.py:3239} INFO - Sync 1 DAGs
[2025-04-22T10:25:23.515-0300] {logging_mixin.py:190} INFO - [2025-04-22T10:25:23.514-0300] {dag.py:4180} INFO - Setting next_dagrun for example_xcom to 2021-01-01 00:00:00+00:00, run_after=2021-01-01 00:00:00+00:00
[2025-04-22T10:25:23.548-0300] {processor.py:208} INFO - Processing /home/jonathan-brito/python-projects/airflow/venv/lib/python3.12/site-packages/airflow/example_dags/example_xcom.py took 0.097 seconds
[2025-04-22T10:27:32.486-0300] {processor.py:186} INFO - Started process (PID=13837) to work on /home/jonathan-brito/python-projects/airflow/venv/lib/python3.12/site-packages/airflow/example_dags/example_xcom.py
[2025-04-22T10:27:32.493-0300] {processor.py:914} INFO - Processing file /home/jonathan-brito/python-projects/airflow/venv/lib/python3.12/site-packages/airflow/example_dags/example_xcom.py for tasks to queue
[2025-04-22T10:27:32.495-0300] {logging_mixin.py:190} INFO - [2025-04-22T10:27:32.495-0300] {dagbag.py:588} INFO - Filling up the DagBag from /home/jonathan-brito/python-projects/airflow/venv/lib/python3.12/site-packages/airflow/example_dags/example_xcom.py
[2025-04-22T10:27:32.505-0300] {processor.py:925} INFO - DAG(s) 'example_xcom' retrieved from /home/jonathan-brito/python-projects/airflow/venv/lib/python3.12/site-packages/airflow/example_dags/example_xcom.py
[2025-04-22T10:27:32.522-0300] {logging_mixin.py:190} INFO - [2025-04-22T10:27:32.522-0300] {dag.py:3239} INFO - Sync 1 DAGs
[2025-04-22T10:27:32.543-0300] {logging_mixin.py:190} INFO - [2025-04-22T10:27:32.543-0300] {dag.py:4180} INFO - Setting next_dagrun for example_xcom to 2021-01-01 00:00:00+00:00, run_after=2021-01-01 00:00:00+00:00
[2025-04-22T10:27:32.571-0300] {processor.py:208} INFO - Processing /home/jonathan-brito/python-projects/airflow/venv/lib/python3.12/site-packages/airflow/example_dags/example_xcom.py took 0.090 seconds
[2025-04-22T10:30:20.492-0300] {processor.py:186} INFO - Started process (PID=16071) to work on /home/jonathan-brito/python-projects/airflow/venv/lib/python3.12/site-packages/airflow/example_dags/example_xcom.py
[2025-04-22T10:30:20.499-0300] {processor.py:914} INFO - Processing file /home/jonathan-brito/python-projects/airflow/venv/lib/python3.12/site-packages/airflow/example_dags/example_xcom.py for tasks to queue
[2025-04-22T10:30:20.502-0300] {logging_mixin.py:190} INFO - [2025-04-22T10:30:20.501-0300] {dagbag.py:588} INFO - Filling up the DagBag from /home/jonathan-brito/python-projects/airflow/venv/lib/python3.12/site-packages/airflow/example_dags/example_xcom.py
[2025-04-22T10:30:20.514-0300] {processor.py:925} INFO - DAG(s) 'example_xcom' retrieved from /home/jonathan-brito/python-projects/airflow/venv/lib/python3.12/site-packages/airflow/example_dags/example_xcom.py
[2025-04-22T10:30:20.532-0300] {logging_mixin.py:190} INFO - [2025-04-22T10:30:20.532-0300] {dag.py:3239} INFO - Sync 1 DAGs
[2025-04-22T10:30:20.553-0300] {logging_mixin.py:190} INFO - [2025-04-22T10:30:20.553-0300] {dag.py:4180} INFO - Setting next_dagrun for example_xcom to 2021-01-01 00:00:00+00:00, run_after=2021-01-01 00:00:00+00:00
[2025-04-22T10:30:20.587-0300] {processor.py:208} INFO - Processing /home/jonathan-brito/python-projects/airflow/venv/lib/python3.12/site-packages/airflow/example_dags/example_xcom.py took 0.102 seconds
[2025-04-22T10:31:11.021-0300] {processor.py:186} INFO - Started process (PID=16581) to work on /home/jonathan-brito/python-projects/airflow/venv/lib/python3.12/site-packages/airflow/example_dags/example_xcom.py
[2025-04-22T10:31:11.024-0300] {processor.py:914} INFO - Processing file /home/jonathan-brito/python-projects/airflow/venv/lib/python3.12/site-packages/airflow/example_dags/example_xcom.py for tasks to queue
[2025-04-22T10:31:11.031-0300] {logging_mixin.py:190} INFO - [2025-04-22T10:31:11.027-0300] {dagbag.py:588} INFO - Filling up the DagBag from /home/jonathan-brito/python-projects/airflow/venv/lib/python3.12/site-packages/airflow/example_dags/example_xcom.py
[2025-04-22T10:31:11.058-0300] {processor.py:925} INFO - DAG(s) 'example_xcom' retrieved from /home/jonathan-brito/python-projects/airflow/venv/lib/python3.12/site-packages/airflow/example_dags/example_xcom.py
[2025-04-22T10:31:11.089-0300] {logging_mixin.py:190} INFO - [2025-04-22T10:31:11.089-0300] {dag.py:3239} INFO - Sync 1 DAGs
[2025-04-22T10:31:11.225-0300] {logging_mixin.py:190} INFO - [2025-04-22T10:31:11.225-0300] {dag.py:4180} INFO - Setting next_dagrun for example_xcom to 2021-01-01 00:00:00+00:00, run_after=2021-01-01 00:00:00+00:00
[2025-04-22T10:31:11.459-0300] {processor.py:208} INFO - Processing /home/jonathan-brito/python-projects/airflow/venv/lib/python3.12/site-packages/airflow/example_dags/example_xcom.py took 0.447 seconds
[2025-04-22T11:07:59.876-0300] {processor.py:186} INFO - Started process (PID=49590) to work on /home/jonathan-brito/python-projects/airflow/venv/lib/python3.12/site-packages/airflow/example_dags/example_xcom.py
[2025-04-22T11:07:59.878-0300] {processor.py:914} INFO - Processing file /home/jonathan-brito/python-projects/airflow/venv/lib/python3.12/site-packages/airflow/example_dags/example_xcom.py for tasks to queue
[2025-04-22T11:07:59.879-0300] {logging_mixin.py:190} INFO - [2025-04-22T11:07:59.879-0300] {dagbag.py:588} INFO - Filling up the DagBag from /home/jonathan-brito/python-projects/airflow/venv/lib/python3.12/site-packages/airflow/example_dags/example_xcom.py
[2025-04-22T11:07:59.888-0300] {processor.py:925} INFO - DAG(s) 'example_xcom' retrieved from /home/jonathan-brito/python-projects/airflow/venv/lib/python3.12/site-packages/airflow/example_dags/example_xcom.py
[2025-04-22T11:07:59.908-0300] {logging_mixin.py:190} INFO - [2025-04-22T11:07:59.908-0300] {dag.py:3239} INFO - Sync 1 DAGs
[2025-04-22T11:07:59.926-0300] {logging_mixin.py:190} INFO - [2025-04-22T11:07:59.926-0300] {dag.py:4180} INFO - Setting next_dagrun for example_xcom to 2021-01-01 00:00:00+00:00, run_after=2021-01-01 00:00:00+00:00
[2025-04-22T11:07:59.950-0300] {processor.py:208} INFO - Processing /home/jonathan-brito/python-projects/airflow/venv/lib/python3.12/site-packages/airflow/example_dags/example_xcom.py took 0.079 seconds
[2025-04-22T11:08:59.731-0300] {processor.py:186} INFO - Started process (PID=49964) to work on /home/jonathan-brito/python-projects/airflow/venv/lib/python3.12/site-packages/airflow/example_dags/example_xcom.py
[2025-04-22T11:08:59.738-0300] {processor.py:914} INFO - Processing file /home/jonathan-brito/python-projects/airflow/venv/lib/python3.12/site-packages/airflow/example_dags/example_xcom.py for tasks to queue
[2025-04-22T11:08:59.739-0300] {logging_mixin.py:190} INFO - [2025-04-22T11:08:59.739-0300] {dagbag.py:588} INFO - Filling up the DagBag from /home/jonathan-brito/python-projects/airflow/venv/lib/python3.12/site-packages/airflow/example_dags/example_xcom.py
[2025-04-22T11:08:59.748-0300] {processor.py:925} INFO - DAG(s) 'example_xcom' retrieved from /home/jonathan-brito/python-projects/airflow/venv/lib/python3.12/site-packages/airflow/example_dags/example_xcom.py
[2025-04-22T11:08:59.766-0300] {logging_mixin.py:190} INFO - [2025-04-22T11:08:59.766-0300] {dag.py:3239} INFO - Sync 1 DAGs
[2025-04-22T11:08:59.785-0300] {logging_mixin.py:190} INFO - [2025-04-22T11:08:59.784-0300] {dag.py:4180} INFO - Setting next_dagrun for example_xcom to 2021-01-01 00:00:00+00:00, run_after=2021-01-01 00:00:00+00:00
[2025-04-22T11:08:59.815-0300] {processor.py:208} INFO - Processing /home/jonathan-brito/python-projects/airflow/venv/lib/python3.12/site-packages/airflow/example_dags/example_xcom.py took 0.090 seconds
[2025-04-22T11:09:58.576-0300] {processor.py:186} INFO - Started process (PID=50501) to work on /home/jonathan-brito/python-projects/airflow/venv/lib/python3.12/site-packages/airflow/example_dags/example_xcom.py
[2025-04-22T11:09:58.583-0300] {processor.py:914} INFO - Processing file /home/jonathan-brito/python-projects/airflow/venv/lib/python3.12/site-packages/airflow/example_dags/example_xcom.py for tasks to queue
[2025-04-22T11:09:58.585-0300] {logging_mixin.py:190} INFO - [2025-04-22T11:09:58.585-0300] {dagbag.py:588} INFO - Filling up the DagBag from /home/jonathan-brito/python-projects/airflow/venv/lib/python3.12/site-packages/airflow/example_dags/example_xcom.py
[2025-04-22T11:09:58.593-0300] {processor.py:925} INFO - DAG(s) 'example_xcom' retrieved from /home/jonathan-brito/python-projects/airflow/venv/lib/python3.12/site-packages/airflow/example_dags/example_xcom.py
[2025-04-22T11:09:58.611-0300] {logging_mixin.py:190} INFO - [2025-04-22T11:09:58.611-0300] {dag.py:3239} INFO - Sync 1 DAGs
[2025-04-22T11:09:58.629-0300] {logging_mixin.py:190} INFO - [2025-04-22T11:09:58.629-0300] {dag.py:4180} INFO - Setting next_dagrun for example_xcom to 2021-01-01 00:00:00+00:00, run_after=2021-01-01 00:00:00+00:00
[2025-04-22T11:09:58.657-0300] {processor.py:208} INFO - Processing /home/jonathan-brito/python-projects/airflow/venv/lib/python3.12/site-packages/airflow/example_dags/example_xcom.py took 0.089 seconds
[2025-04-22T11:11:00.982-0300] {processor.py:186} INFO - Started process (PID=50897) to work on /home/jonathan-brito/python-projects/airflow/venv/lib/python3.12/site-packages/airflow/example_dags/example_xcom.py
[2025-04-22T11:11:00.989-0300] {processor.py:914} INFO - Processing file /home/jonathan-brito/python-projects/airflow/venv/lib/python3.12/site-packages/airflow/example_dags/example_xcom.py for tasks to queue
[2025-04-22T11:11:00.990-0300] {logging_mixin.py:190} INFO - [2025-04-22T11:11:00.990-0300] {dagbag.py:588} INFO - Filling up the DagBag from /home/jonathan-brito/python-projects/airflow/venv/lib/python3.12/site-packages/airflow/example_dags/example_xcom.py
[2025-04-22T11:11:00.999-0300] {processor.py:925} INFO - DAG(s) 'example_xcom' retrieved from /home/jonathan-brito/python-projects/airflow/venv/lib/python3.12/site-packages/airflow/example_dags/example_xcom.py
[2025-04-22T11:11:01.018-0300] {logging_mixin.py:190} INFO - [2025-04-22T11:11:01.018-0300] {dag.py:3239} INFO - Sync 1 DAGs
[2025-04-22T11:11:01.037-0300] {logging_mixin.py:190} INFO - [2025-04-22T11:11:01.037-0300] {dag.py:4180} INFO - Setting next_dagrun for example_xcom to 2021-01-01 00:00:00+00:00, run_after=2021-01-01 00:00:00+00:00
[2025-04-22T11:11:01.067-0300] {processor.py:208} INFO - Processing /home/jonathan-brito/python-projects/airflow/venv/lib/python3.12/site-packages/airflow/example_dags/example_xcom.py took 0.091 seconds
