[2025-04-21T21:24:06.721-0300] {processor.py:186} INFO - Started process (PID=70824) to work on /home/jonathan-brito/python-projects/airflow/venv/lib/python3.12/site-packages/airflow/example_dags/example_dag_decorator.py
[2025-04-21T21:24:06.723-0300] {processor.py:914} INFO - Processing file /home/jonathan-brito/python-projects/airflow/venv/lib/python3.12/site-packages/airflow/example_dags/example_dag_decorator.py for tasks to queue
[2025-04-21T21:24:06.725-0300] {logging_mixin.py:190} INFO - [2025-04-21T21:24:06.725-0300] {dagbag.py:588} INFO - Filling up the DagBag from /home/jonathan-brito/python-projects/airflow/venv/lib/python3.12/site-packages/airflow/example_dags/example_dag_decorator.py
[2025-04-21T21:24:06.852-0300] {processor.py:925} INFO - DAG(s) 'example_dag_decorator' retrieved from /home/jonathan-brito/python-projects/airflow/venv/lib/python3.12/site-packages/airflow/example_dags/example_dag_decorator.py
[2025-04-21T21:24:06.969-0300] {logging_mixin.py:190} INFO - [2025-04-21T21:24:06.969-0300] {dag.py:3239} INFO - Sync 1 DAGs
[2025-04-21T21:24:06.985-0300] {logging_mixin.py:190} INFO - [2025-04-21T21:24:06.985-0300] {dag.py:4180} INFO - Setting next_dagrun for example_dag_decorator to None, run_after=None
[2025-04-21T21:24:07.019-0300] {processor.py:208} INFO - Processing /home/jonathan-brito/python-projects/airflow/venv/lib/python3.12/site-packages/airflow/example_dags/example_dag_decorator.py took 0.306 seconds
[2025-04-21T22:10:24.183-0300] {processor.py:186} INFO - Started process (PID=127413) to work on /home/jonathan-brito/python-projects/airflow/venv/lib/python3.12/site-packages/airflow/example_dags/example_dag_decorator.py
[2025-04-21T22:10:24.190-0300] {processor.py:914} INFO - Processing file /home/jonathan-brito/python-projects/airflow/venv/lib/python3.12/site-packages/airflow/example_dags/example_dag_decorator.py for tasks to queue
[2025-04-21T22:10:24.191-0300] {logging_mixin.py:190} INFO - [2025-04-21T22:10:24.191-0300] {dagbag.py:588} INFO - Filling up the DagBag from /home/jonathan-brito/python-projects/airflow/venv/lib/python3.12/site-packages/airflow/example_dags/example_dag_decorator.py
[2025-04-21T22:10:24.296-0300] {processor.py:925} INFO - DAG(s) 'example_dag_decorator' retrieved from /home/jonathan-brito/python-projects/airflow/venv/lib/python3.12/site-packages/airflow/example_dags/example_dag_decorator.py
[2025-04-21T22:10:24.517-0300] {logging_mixin.py:190} INFO - [2025-04-21T22:10:24.517-0300] {dag.py:3239} INFO - Sync 1 DAGs
[2025-04-21T22:10:24.537-0300] {logging_mixin.py:190} INFO - [2025-04-21T22:10:24.536-0300] {dag.py:4180} INFO - Setting next_dagrun for example_dag_decorator to None, run_after=None
[2025-04-21T22:10:24.592-0300] {processor.py:208} INFO - Processing /home/jonathan-brito/python-projects/airflow/venv/lib/python3.12/site-packages/airflow/example_dags/example_dag_decorator.py took 0.417 seconds
[2025-04-21T22:11:28.302-0300] {processor.py:186} INFO - Started process (PID=128408) to work on /home/jonathan-brito/python-projects/airflow/venv/lib/python3.12/site-packages/airflow/example_dags/example_dag_decorator.py
[2025-04-21T22:11:28.309-0300] {processor.py:914} INFO - Processing file /home/jonathan-brito/python-projects/airflow/venv/lib/python3.12/site-packages/airflow/example_dags/example_dag_decorator.py for tasks to queue
[2025-04-21T22:11:28.311-0300] {logging_mixin.py:190} INFO - [2025-04-21T22:11:28.311-0300] {dagbag.py:588} INFO - Filling up the DagBag from /home/jonathan-brito/python-projects/airflow/venv/lib/python3.12/site-packages/airflow/example_dags/example_dag_decorator.py
[2025-04-21T22:11:28.408-0300] {processor.py:925} INFO - DAG(s) 'example_dag_decorator' retrieved from /home/jonathan-brito/python-projects/airflow/venv/lib/python3.12/site-packages/airflow/example_dags/example_dag_decorator.py
[2025-04-21T22:11:28.531-0300] {logging_mixin.py:190} INFO - [2025-04-21T22:11:28.531-0300] {dag.py:3239} INFO - Sync 1 DAGs
[2025-04-21T22:11:28.547-0300] {logging_mixin.py:190} INFO - [2025-04-21T22:11:28.546-0300] {dag.py:4180} INFO - Setting next_dagrun for example_dag_decorator to None, run_after=None
[2025-04-21T22:11:28.584-0300] {processor.py:208} INFO - Processing /home/jonathan-brito/python-projects/airflow/venv/lib/python3.12/site-packages/airflow/example_dags/example_dag_decorator.py took 0.290 seconds
[2025-04-21T22:12:29.901-0300] {processor.py:186} INFO - Started process (PID=129130) to work on /home/jonathan-brito/python-projects/airflow/venv/lib/python3.12/site-packages/airflow/example_dags/example_dag_decorator.py
[2025-04-21T22:12:29.908-0300] {processor.py:914} INFO - Processing file /home/jonathan-brito/python-projects/airflow/venv/lib/python3.12/site-packages/airflow/example_dags/example_dag_decorator.py for tasks to queue
[2025-04-21T22:12:29.910-0300] {logging_mixin.py:190} INFO - [2025-04-21T22:12:29.909-0300] {dagbag.py:588} INFO - Filling up the DagBag from /home/jonathan-brito/python-projects/airflow/venv/lib/python3.12/site-packages/airflow/example_dags/example_dag_decorator.py
[2025-04-21T22:12:30.003-0300] {processor.py:925} INFO - DAG(s) 'example_dag_decorator' retrieved from /home/jonathan-brito/python-projects/airflow/venv/lib/python3.12/site-packages/airflow/example_dags/example_dag_decorator.py
[2025-04-21T22:12:30.109-0300] {logging_mixin.py:190} INFO - [2025-04-21T22:12:30.109-0300] {dag.py:3239} INFO - Sync 1 DAGs
[2025-04-21T22:12:30.119-0300] {logging_mixin.py:190} INFO - [2025-04-21T22:12:30.118-0300] {dag.py:4180} INFO - Setting next_dagrun for example_dag_decorator to None, run_after=None
[2025-04-21T22:12:30.152-0300] {processor.py:208} INFO - Processing /home/jonathan-brito/python-projects/airflow/venv/lib/python3.12/site-packages/airflow/example_dags/example_dag_decorator.py took 0.257 seconds
[2025-04-21T22:13:34.901-0300] {processor.py:186} INFO - Started process (PID=129854) to work on /home/jonathan-brito/python-projects/airflow/venv/lib/python3.12/site-packages/airflow/example_dags/example_dag_decorator.py
[2025-04-21T22:13:34.910-0300] {processor.py:914} INFO - Processing file /home/jonathan-brito/python-projects/airflow/venv/lib/python3.12/site-packages/airflow/example_dags/example_dag_decorator.py for tasks to queue
[2025-04-21T22:13:34.915-0300] {logging_mixin.py:190} INFO - [2025-04-21T22:13:34.913-0300] {dagbag.py:588} INFO - Filling up the DagBag from /home/jonathan-brito/python-projects/airflow/venv/lib/python3.12/site-packages/airflow/example_dags/example_dag_decorator.py
[2025-04-21T22:13:35.076-0300] {processor.py:925} INFO - DAG(s) 'example_dag_decorator' retrieved from /home/jonathan-brito/python-projects/airflow/venv/lib/python3.12/site-packages/airflow/example_dags/example_dag_decorator.py
[2025-04-21T22:13:35.195-0300] {logging_mixin.py:190} INFO - [2025-04-21T22:13:35.195-0300] {dag.py:3239} INFO - Sync 1 DAGs
[2025-04-21T22:13:35.205-0300] {logging_mixin.py:190} INFO - [2025-04-21T22:13:35.204-0300] {dag.py:4180} INFO - Setting next_dagrun for example_dag_decorator to None, run_after=None
[2025-04-21T22:13:35.242-0300] {processor.py:208} INFO - Processing /home/jonathan-brito/python-projects/airflow/venv/lib/python3.12/site-packages/airflow/example_dags/example_dag_decorator.py took 0.360 seconds
[2025-04-21T22:14:36.882-0300] {processor.py:186} INFO - Started process (PID=130594) to work on /home/jonathan-brito/python-projects/airflow/venv/lib/python3.12/site-packages/airflow/example_dags/example_dag_decorator.py
[2025-04-21T22:14:36.883-0300] {processor.py:914} INFO - Processing file /home/jonathan-brito/python-projects/airflow/venv/lib/python3.12/site-packages/airflow/example_dags/example_dag_decorator.py for tasks to queue
[2025-04-21T22:14:36.884-0300] {logging_mixin.py:190} INFO - [2025-04-21T22:14:36.884-0300] {dagbag.py:588} INFO - Filling up the DagBag from /home/jonathan-brito/python-projects/airflow/venv/lib/python3.12/site-packages/airflow/example_dags/example_dag_decorator.py
[2025-04-21T22:14:36.990-0300] {processor.py:925} INFO - DAG(s) 'example_dag_decorator' retrieved from /home/jonathan-brito/python-projects/airflow/venv/lib/python3.12/site-packages/airflow/example_dags/example_dag_decorator.py
[2025-04-21T22:14:37.112-0300] {logging_mixin.py:190} INFO - [2025-04-21T22:14:37.112-0300] {dag.py:3239} INFO - Sync 1 DAGs
[2025-04-21T22:14:37.122-0300] {logging_mixin.py:190} INFO - [2025-04-21T22:14:37.122-0300] {dag.py:4180} INFO - Setting next_dagrun for example_dag_decorator to None, run_after=None
[2025-04-21T22:14:37.159-0300] {processor.py:208} INFO - Processing /home/jonathan-brito/python-projects/airflow/venv/lib/python3.12/site-packages/airflow/example_dags/example_dag_decorator.py took 0.285 seconds
[2025-04-21T22:15:38.308-0300] {processor.py:186} INFO - Started process (PID=131221) to work on /home/jonathan-brito/python-projects/airflow/venv/lib/python3.12/site-packages/airflow/example_dags/example_dag_decorator.py
[2025-04-21T22:15:38.315-0300] {processor.py:914} INFO - Processing file /home/jonathan-brito/python-projects/airflow/venv/lib/python3.12/site-packages/airflow/example_dags/example_dag_decorator.py for tasks to queue
[2025-04-21T22:15:38.316-0300] {logging_mixin.py:190} INFO - [2025-04-21T22:15:38.316-0300] {dagbag.py:588} INFO - Filling up the DagBag from /home/jonathan-brito/python-projects/airflow/venv/lib/python3.12/site-packages/airflow/example_dags/example_dag_decorator.py
[2025-04-21T22:15:38.417-0300] {processor.py:925} INFO - DAG(s) 'example_dag_decorator' retrieved from /home/jonathan-brito/python-projects/airflow/venv/lib/python3.12/site-packages/airflow/example_dags/example_dag_decorator.py
[2025-04-21T22:15:38.527-0300] {logging_mixin.py:190} INFO - [2025-04-21T22:15:38.527-0300] {dag.py:3239} INFO - Sync 1 DAGs
[2025-04-21T22:15:38.538-0300] {logging_mixin.py:190} INFO - [2025-04-21T22:15:38.537-0300] {dag.py:4180} INFO - Setting next_dagrun for example_dag_decorator to None, run_after=None
[2025-04-21T22:15:38.566-0300] {processor.py:208} INFO - Processing /home/jonathan-brito/python-projects/airflow/venv/lib/python3.12/site-packages/airflow/example_dags/example_dag_decorator.py took 0.266 seconds
[2025-04-21T22:16:41.045-0300] {processor.py:186} INFO - Started process (PID=131860) to work on /home/jonathan-brito/python-projects/airflow/venv/lib/python3.12/site-packages/airflow/example_dags/example_dag_decorator.py
[2025-04-21T22:16:41.054-0300] {processor.py:914} INFO - Processing file /home/jonathan-brito/python-projects/airflow/venv/lib/python3.12/site-packages/airflow/example_dags/example_dag_decorator.py for tasks to queue
[2025-04-21T22:16:41.058-0300] {logging_mixin.py:190} INFO - [2025-04-21T22:16:41.056-0300] {dagbag.py:588} INFO - Filling up the DagBag from /home/jonathan-brito/python-projects/airflow/venv/lib/python3.12/site-packages/airflow/example_dags/example_dag_decorator.py
[2025-04-21T22:16:41.192-0300] {processor.py:925} INFO - DAG(s) 'example_dag_decorator' retrieved from /home/jonathan-brito/python-projects/airflow/venv/lib/python3.12/site-packages/airflow/example_dags/example_dag_decorator.py
[2025-04-21T22:16:41.305-0300] {logging_mixin.py:190} INFO - [2025-04-21T22:16:41.304-0300] {dag.py:3239} INFO - Sync 1 DAGs
[2025-04-21T22:16:41.314-0300] {logging_mixin.py:190} INFO - [2025-04-21T22:16:41.314-0300] {dag.py:4180} INFO - Setting next_dagrun for example_dag_decorator to None, run_after=None
[2025-04-21T22:16:41.348-0300] {processor.py:208} INFO - Processing /home/jonathan-brito/python-projects/airflow/venv/lib/python3.12/site-packages/airflow/example_dags/example_dag_decorator.py took 0.322 seconds
[2025-04-21T22:17:44.646-0300] {processor.py:186} INFO - Started process (PID=132536) to work on /home/jonathan-brito/python-projects/airflow/venv/lib/python3.12/site-packages/airflow/example_dags/example_dag_decorator.py
[2025-04-21T22:17:44.655-0300] {processor.py:914} INFO - Processing file /home/jonathan-brito/python-projects/airflow/venv/lib/python3.12/site-packages/airflow/example_dags/example_dag_decorator.py for tasks to queue
[2025-04-21T22:17:44.661-0300] {logging_mixin.py:190} INFO - [2025-04-21T22:17:44.659-0300] {dagbag.py:588} INFO - Filling up the DagBag from /home/jonathan-brito/python-projects/airflow/venv/lib/python3.12/site-packages/airflow/example_dags/example_dag_decorator.py
[2025-04-21T22:17:44.813-0300] {processor.py:925} INFO - DAG(s) 'example_dag_decorator' retrieved from /home/jonathan-brito/python-projects/airflow/venv/lib/python3.12/site-packages/airflow/example_dags/example_dag_decorator.py
[2025-04-21T22:17:44.933-0300] {logging_mixin.py:190} INFO - [2025-04-21T22:17:44.933-0300] {dag.py:3239} INFO - Sync 1 DAGs
[2025-04-21T22:17:44.946-0300] {logging_mixin.py:190} INFO - [2025-04-21T22:17:44.945-0300] {dag.py:4180} INFO - Setting next_dagrun for example_dag_decorator to None, run_after=None
[2025-04-21T22:17:44.983-0300] {processor.py:208} INFO - Processing /home/jonathan-brito/python-projects/airflow/venv/lib/python3.12/site-packages/airflow/example_dags/example_dag_decorator.py took 0.362 seconds
[2025-04-21T22:18:47.809-0300] {processor.py:186} INFO - Started process (PID=133169) to work on /home/jonathan-brito/python-projects/airflow/venv/lib/python3.12/site-packages/airflow/example_dags/example_dag_decorator.py
[2025-04-21T22:18:47.816-0300] {processor.py:914} INFO - Processing file /home/jonathan-brito/python-projects/airflow/venv/lib/python3.12/site-packages/airflow/example_dags/example_dag_decorator.py for tasks to queue
[2025-04-21T22:18:47.818-0300] {logging_mixin.py:190} INFO - [2025-04-21T22:18:47.817-0300] {dagbag.py:588} INFO - Filling up the DagBag from /home/jonathan-brito/python-projects/airflow/venv/lib/python3.12/site-packages/airflow/example_dags/example_dag_decorator.py
[2025-04-21T22:18:47.908-0300] {processor.py:925} INFO - DAG(s) 'example_dag_decorator' retrieved from /home/jonathan-brito/python-projects/airflow/venv/lib/python3.12/site-packages/airflow/example_dags/example_dag_decorator.py
[2025-04-21T22:18:48.015-0300] {logging_mixin.py:190} INFO - [2025-04-21T22:18:48.015-0300] {dag.py:3239} INFO - Sync 1 DAGs
[2025-04-21T22:18:48.025-0300] {logging_mixin.py:190} INFO - [2025-04-21T22:18:48.025-0300] {dag.py:4180} INFO - Setting next_dagrun for example_dag_decorator to None, run_after=None
[2025-04-21T22:18:48.057-0300] {processor.py:208} INFO - Processing /home/jonathan-brito/python-projects/airflow/venv/lib/python3.12/site-packages/airflow/example_dags/example_dag_decorator.py took 0.253 seconds
[2025-04-21T22:19:49.596-0300] {processor.py:186} INFO - Started process (PID=133888) to work on /home/jonathan-brito/python-projects/airflow/venv/lib/python3.12/site-packages/airflow/example_dags/example_dag_decorator.py
[2025-04-21T22:19:49.603-0300] {processor.py:914} INFO - Processing file /home/jonathan-brito/python-projects/airflow/venv/lib/python3.12/site-packages/airflow/example_dags/example_dag_decorator.py for tasks to queue
[2025-04-21T22:19:49.604-0300] {logging_mixin.py:190} INFO - [2025-04-21T22:19:49.604-0300] {dagbag.py:588} INFO - Filling up the DagBag from /home/jonathan-brito/python-projects/airflow/venv/lib/python3.12/site-packages/airflow/example_dags/example_dag_decorator.py
[2025-04-21T22:19:49.696-0300] {processor.py:925} INFO - DAG(s) 'example_dag_decorator' retrieved from /home/jonathan-brito/python-projects/airflow/venv/lib/python3.12/site-packages/airflow/example_dags/example_dag_decorator.py
[2025-04-21T22:19:49.809-0300] {logging_mixin.py:190} INFO - [2025-04-21T22:19:49.809-0300] {dag.py:3239} INFO - Sync 1 DAGs
[2025-04-21T22:19:49.818-0300] {logging_mixin.py:190} INFO - [2025-04-21T22:19:49.818-0300] {dag.py:4180} INFO - Setting next_dagrun for example_dag_decorator to None, run_after=None
[2025-04-21T22:19:49.856-0300] {processor.py:208} INFO - Processing /home/jonathan-brito/python-projects/airflow/venv/lib/python3.12/site-packages/airflow/example_dags/example_dag_decorator.py took 0.267 seconds
[2025-04-21T22:20:53.086-0300] {processor.py:186} INFO - Started process (PID=134542) to work on /home/jonathan-brito/python-projects/airflow/venv/lib/python3.12/site-packages/airflow/example_dags/example_dag_decorator.py
[2025-04-21T22:20:53.093-0300] {processor.py:914} INFO - Processing file /home/jonathan-brito/python-projects/airflow/venv/lib/python3.12/site-packages/airflow/example_dags/example_dag_decorator.py for tasks to queue
[2025-04-21T22:20:53.097-0300] {logging_mixin.py:190} INFO - [2025-04-21T22:20:53.096-0300] {dagbag.py:588} INFO - Filling up the DagBag from /home/jonathan-brito/python-projects/airflow/venv/lib/python3.12/site-packages/airflow/example_dags/example_dag_decorator.py
[2025-04-21T22:20:53.209-0300] {processor.py:925} INFO - DAG(s) 'example_dag_decorator' retrieved from /home/jonathan-brito/python-projects/airflow/venv/lib/python3.12/site-packages/airflow/example_dags/example_dag_decorator.py
[2025-04-21T22:20:53.316-0300] {logging_mixin.py:190} INFO - [2025-04-21T22:20:53.316-0300] {dag.py:3239} INFO - Sync 1 DAGs
[2025-04-21T22:20:53.326-0300] {logging_mixin.py:190} INFO - [2025-04-21T22:20:53.325-0300] {dag.py:4180} INFO - Setting next_dagrun for example_dag_decorator to None, run_after=None
[2025-04-21T22:20:53.355-0300] {processor.py:208} INFO - Processing /home/jonathan-brito/python-projects/airflow/venv/lib/python3.12/site-packages/airflow/example_dags/example_dag_decorator.py took 0.275 seconds
[2025-04-22T10:24:53.443-0300] {processor.py:186} INFO - Started process (PID=11425) to work on /home/jonathan-brito/python-projects/airflow/venv/lib/python3.12/site-packages/airflow/example_dags/example_dag_decorator.py
[2025-04-22T10:24:53.450-0300] {processor.py:914} INFO - Processing file /home/jonathan-brito/python-projects/airflow/venv/lib/python3.12/site-packages/airflow/example_dags/example_dag_decorator.py for tasks to queue
[2025-04-22T10:24:53.453-0300] {logging_mixin.py:190} INFO - [2025-04-22T10:24:53.452-0300] {dagbag.py:588} INFO - Filling up the DagBag from /home/jonathan-brito/python-projects/airflow/venv/lib/python3.12/site-packages/airflow/example_dags/example_dag_decorator.py
[2025-04-22T10:24:53.582-0300] {processor.py:925} INFO - DAG(s) 'example_dag_decorator' retrieved from /home/jonathan-brito/python-projects/airflow/venv/lib/python3.12/site-packages/airflow/example_dags/example_dag_decorator.py
[2025-04-22T10:24:53.725-0300] {logging_mixin.py:190} INFO - [2025-04-22T10:24:53.725-0300] {dag.py:3239} INFO - Sync 1 DAGs
[2025-04-22T10:24:53.737-0300] {logging_mixin.py:190} INFO - [2025-04-22T10:24:53.737-0300] {dag.py:4180} INFO - Setting next_dagrun for example_dag_decorator to None, run_after=None
[2025-04-22T10:24:53.770-0300] {processor.py:208} INFO - Processing /home/jonathan-brito/python-projects/airflow/venv/lib/python3.12/site-packages/airflow/example_dags/example_dag_decorator.py took 0.333 seconds
[2025-04-22T10:26:36.116-0300] {processor.py:186} INFO - Started process (PID=12864) to work on /home/jonathan-brito/python-projects/airflow/venv/lib/python3.12/site-packages/airflow/example_dags/example_dag_decorator.py
[2025-04-22T10:26:36.124-0300] {processor.py:914} INFO - Processing file /home/jonathan-brito/python-projects/airflow/venv/lib/python3.12/site-packages/airflow/example_dags/example_dag_decorator.py for tasks to queue
[2025-04-22T10:26:36.128-0300] {logging_mixin.py:190} INFO - [2025-04-22T10:26:36.127-0300] {dagbag.py:588} INFO - Filling up the DagBag from /home/jonathan-brito/python-projects/airflow/venv/lib/python3.12/site-packages/airflow/example_dags/example_dag_decorator.py
[2025-04-22T10:26:36.260-0300] {processor.py:925} INFO - DAG(s) 'example_dag_decorator' retrieved from /home/jonathan-brito/python-projects/airflow/venv/lib/python3.12/site-packages/airflow/example_dags/example_dag_decorator.py
[2025-04-22T10:26:36.495-0300] {logging_mixin.py:190} INFO - [2025-04-22T10:26:36.495-0300] {dag.py:3239} INFO - Sync 1 DAGs
[2025-04-22T10:26:36.507-0300] {logging_mixin.py:190} INFO - [2025-04-22T10:26:36.507-0300] {dag.py:4180} INFO - Setting next_dagrun for example_dag_decorator to None, run_after=None
[2025-04-22T10:26:36.543-0300] {processor.py:208} INFO - Processing /home/jonathan-brito/python-projects/airflow/venv/lib/python3.12/site-packages/airflow/example_dags/example_dag_decorator.py took 0.439 seconds
[2025-04-22T10:29:26.069-0300] {processor.py:186} INFO - Started process (PID=15684) to work on /home/jonathan-brito/python-projects/airflow/venv/lib/python3.12/site-packages/airflow/example_dags/example_dag_decorator.py
[2025-04-22T10:29:26.070-0300] {processor.py:914} INFO - Processing file /home/jonathan-brito/python-projects/airflow/venv/lib/python3.12/site-packages/airflow/example_dags/example_dag_decorator.py for tasks to queue
[2025-04-22T10:29:26.072-0300] {logging_mixin.py:190} INFO - [2025-04-22T10:29:26.072-0300] {dagbag.py:588} INFO - Filling up the DagBag from /home/jonathan-brito/python-projects/airflow/venv/lib/python3.12/site-packages/airflow/example_dags/example_dag_decorator.py
[2025-04-22T10:29:26.180-0300] {processor.py:925} INFO - DAG(s) 'example_dag_decorator' retrieved from /home/jonathan-brito/python-projects/airflow/venv/lib/python3.12/site-packages/airflow/example_dags/example_dag_decorator.py
[2025-04-22T10:29:26.331-0300] {logging_mixin.py:190} INFO - [2025-04-22T10:29:26.330-0300] {dag.py:3239} INFO - Sync 1 DAGs
[2025-04-22T10:29:26.346-0300] {logging_mixin.py:190} INFO - [2025-04-22T10:29:26.346-0300] {dag.py:4180} INFO - Setting next_dagrun for example_dag_decorator to None, run_after=None
[2025-04-22T10:29:26.372-0300] {processor.py:208} INFO - Processing /home/jonathan-brito/python-projects/airflow/venv/lib/python3.12/site-packages/airflow/example_dags/example_dag_decorator.py took 0.310 seconds
[2025-04-22T11:08:35.086-0300] {processor.py:186} INFO - Started process (PID=49781) to work on /home/jonathan-brito/python-projects/airflow/venv/lib/python3.12/site-packages/airflow/example_dags/example_dag_decorator.py
[2025-04-22T11:08:35.087-0300] {processor.py:914} INFO - Processing file /home/jonathan-brito/python-projects/airflow/venv/lib/python3.12/site-packages/airflow/example_dags/example_dag_decorator.py for tasks to queue
[2025-04-22T11:08:35.089-0300] {logging_mixin.py:190} INFO - [2025-04-22T11:08:35.088-0300] {dagbag.py:588} INFO - Filling up the DagBag from /home/jonathan-brito/python-projects/airflow/venv/lib/python3.12/site-packages/airflow/example_dags/example_dag_decorator.py
[2025-04-22T11:08:35.262-0300] {processor.py:925} INFO - DAG(s) 'example_dag_decorator' retrieved from /home/jonathan-brito/python-projects/airflow/venv/lib/python3.12/site-packages/airflow/example_dags/example_dag_decorator.py
[2025-04-22T11:08:35.448-0300] {logging_mixin.py:190} INFO - [2025-04-22T11:08:35.448-0300] {dag.py:3239} INFO - Sync 1 DAGs
[2025-04-22T11:08:35.460-0300] {logging_mixin.py:190} INFO - [2025-04-22T11:08:35.459-0300] {dag.py:4180} INFO - Setting next_dagrun for example_dag_decorator to None, run_after=None
[2025-04-22T11:08:35.484-0300] {processor.py:208} INFO - Processing /home/jonathan-brito/python-projects/airflow/venv/lib/python3.12/site-packages/airflow/example_dags/example_dag_decorator.py took 0.405 seconds
[2025-04-22T11:09:35.043-0300] {processor.py:186} INFO - Started process (PID=50166) to work on /home/jonathan-brito/python-projects/airflow/venv/lib/python3.12/site-packages/airflow/example_dags/example_dag_decorator.py
[2025-04-22T11:09:35.044-0300] {processor.py:914} INFO - Processing file /home/jonathan-brito/python-projects/airflow/venv/lib/python3.12/site-packages/airflow/example_dags/example_dag_decorator.py for tasks to queue
[2025-04-22T11:09:35.047-0300] {logging_mixin.py:190} INFO - [2025-04-22T11:09:35.046-0300] {dagbag.py:588} INFO - Filling up the DagBag from /home/jonathan-brito/python-projects/airflow/venv/lib/python3.12/site-packages/airflow/example_dags/example_dag_decorator.py
[2025-04-22T11:09:35.163-0300] {processor.py:925} INFO - DAG(s) 'example_dag_decorator' retrieved from /home/jonathan-brito/python-projects/airflow/venv/lib/python3.12/site-packages/airflow/example_dags/example_dag_decorator.py
[2025-04-22T11:09:35.296-0300] {logging_mixin.py:190} INFO - [2025-04-22T11:09:35.295-0300] {dag.py:3239} INFO - Sync 1 DAGs
[2025-04-22T11:09:35.309-0300] {logging_mixin.py:190} INFO - [2025-04-22T11:09:35.308-0300] {dag.py:4180} INFO - Setting next_dagrun for example_dag_decorator to None, run_after=None
[2025-04-22T11:09:35.341-0300] {processor.py:208} INFO - Processing /home/jonathan-brito/python-projects/airflow/venv/lib/python3.12/site-packages/airflow/example_dags/example_dag_decorator.py took 0.304 seconds
[2025-04-22T11:10:35.124-0300] {processor.py:186} INFO - Started process (PID=50706) to work on /home/jonathan-brito/python-projects/airflow/venv/lib/python3.12/site-packages/airflow/example_dags/example_dag_decorator.py
[2025-04-22T11:10:35.125-0300] {processor.py:914} INFO - Processing file /home/jonathan-brito/python-projects/airflow/venv/lib/python3.12/site-packages/airflow/example_dags/example_dag_decorator.py for tasks to queue
[2025-04-22T11:10:35.128-0300] {logging_mixin.py:190} INFO - [2025-04-22T11:10:35.127-0300] {dagbag.py:588} INFO - Filling up the DagBag from /home/jonathan-brito/python-projects/airflow/venv/lib/python3.12/site-packages/airflow/example_dags/example_dag_decorator.py
[2025-04-22T11:10:35.233-0300] {processor.py:925} INFO - DAG(s) 'example_dag_decorator' retrieved from /home/jonathan-brito/python-projects/airflow/venv/lib/python3.12/site-packages/airflow/example_dags/example_dag_decorator.py
[2025-04-22T11:10:35.353-0300] {logging_mixin.py:190} INFO - [2025-04-22T11:10:35.352-0300] {dag.py:3239} INFO - Sync 1 DAGs
[2025-04-22T11:10:35.364-0300] {logging_mixin.py:190} INFO - [2025-04-22T11:10:35.363-0300] {dag.py:4180} INFO - Setting next_dagrun for example_dag_decorator to None, run_after=None
[2025-04-22T11:10:35.401-0300] {processor.py:208} INFO - Processing /home/jonathan-brito/python-projects/airflow/venv/lib/python3.12/site-packages/airflow/example_dags/example_dag_decorator.py took 0.285 seconds
