[2025-04-21T21:23:53.752-0300] {processor.py:186} INFO - Started process (PID=70703) to work on /home/jonathan-brito/python-projects/airflow/venv/lib/python3.12/site-packages/airflow/example_dags/example_nested_branch_dag.py
[2025-04-21T21:23:53.753-0300] {processor.py:914} INFO - Processing file /home/jonathan-brito/python-projects/airflow/venv/lib/python3.12/site-packages/airflow/example_dags/example_nested_branch_dag.py for tasks to queue
[2025-04-21T21:23:53.755-0300] {logging_mixin.py:190} INFO - [2025-04-21T21:23:53.754-0300] {dagbag.py:588} INFO - Filling up the DagBag from /home/jonathan-brito/python-projects/airflow/venv/lib/python3.12/site-packages/airflow/example_dags/example_nested_branch_dag.py
[2025-04-21T21:23:53.769-0300] {processor.py:925} INFO - DAG(s) 'example_nested_branch_dag' retrieved from /home/jonathan-brito/python-projects/airflow/venv/lib/python3.12/site-packages/airflow/example_dags/example_nested_branch_dag.py
[2025-04-21T21:23:53.791-0300] {logging_mixin.py:190} INFO - [2025-04-21T21:23:53.790-0300] {dag.py:3239} INFO - Sync 1 DAGs
[2025-04-21T21:23:53.817-0300] {logging_mixin.py:190} INFO - [2025-04-21T21:23:53.817-0300] {dag.py:4180} INFO - Setting next_dagrun for example_nested_branch_dag to 2025-04-21 00:00:00+00:00, run_after=2025-04-22 00:00:00+00:00
[2025-04-21T21:23:53.852-0300] {processor.py:208} INFO - Processing /home/jonathan-brito/python-projects/airflow/venv/lib/python3.12/site-packages/airflow/example_dags/example_nested_branch_dag.py took 0.109 seconds
[2025-04-21T22:10:12.410-0300] {processor.py:186} INFO - Started process (PID=127275) to work on /home/jonathan-brito/python-projects/airflow/venv/lib/python3.12/site-packages/airflow/example_dags/example_nested_branch_dag.py
[2025-04-21T22:10:12.417-0300] {processor.py:914} INFO - Processing file /home/jonathan-brito/python-projects/airflow/venv/lib/python3.12/site-packages/airflow/example_dags/example_nested_branch_dag.py for tasks to queue
[2025-04-21T22:10:12.418-0300] {logging_mixin.py:190} INFO - [2025-04-21T22:10:12.418-0300] {dagbag.py:588} INFO - Filling up the DagBag from /home/jonathan-brito/python-projects/airflow/venv/lib/python3.12/site-packages/airflow/example_dags/example_nested_branch_dag.py
[2025-04-21T22:10:12.431-0300] {processor.py:925} INFO - DAG(s) 'example_nested_branch_dag' retrieved from /home/jonathan-brito/python-projects/airflow/venv/lib/python3.12/site-packages/airflow/example_dags/example_nested_branch_dag.py
[2025-04-21T22:10:12.453-0300] {logging_mixin.py:190} INFO - [2025-04-21T22:10:12.452-0300] {dag.py:3239} INFO - Sync 1 DAGs
[2025-04-21T22:10:12.472-0300] {logging_mixin.py:190} INFO - [2025-04-21T22:10:12.472-0300] {dag.py:4180} INFO - Setting next_dagrun for example_nested_branch_dag to 2025-04-21 00:00:00+00:00, run_after=2025-04-22 00:00:00+00:00
[2025-04-21T22:10:12.506-0300] {processor.py:208} INFO - Processing /home/jonathan-brito/python-projects/airflow/venv/lib/python3.12/site-packages/airflow/example_dags/example_nested_branch_dag.py took 0.104 seconds
[2025-04-21T22:11:16.750-0300] {processor.py:186} INFO - Started process (PID=128280) to work on /home/jonathan-brito/python-projects/airflow/venv/lib/python3.12/site-packages/airflow/example_dags/example_nested_branch_dag.py
[2025-04-21T22:11:16.757-0300] {processor.py:914} INFO - Processing file /home/jonathan-brito/python-projects/airflow/venv/lib/python3.12/site-packages/airflow/example_dags/example_nested_branch_dag.py for tasks to queue
[2025-04-21T22:11:16.758-0300] {logging_mixin.py:190} INFO - [2025-04-21T22:11:16.758-0300] {dagbag.py:588} INFO - Filling up the DagBag from /home/jonathan-brito/python-projects/airflow/venv/lib/python3.12/site-packages/airflow/example_dags/example_nested_branch_dag.py
[2025-04-21T22:11:16.769-0300] {processor.py:925} INFO - DAG(s) 'example_nested_branch_dag' retrieved from /home/jonathan-brito/python-projects/airflow/venv/lib/python3.12/site-packages/airflow/example_dags/example_nested_branch_dag.py
[2025-04-21T22:11:16.788-0300] {logging_mixin.py:190} INFO - [2025-04-21T22:11:16.788-0300] {dag.py:3239} INFO - Sync 1 DAGs
[2025-04-21T22:11:16.811-0300] {logging_mixin.py:190} INFO - [2025-04-21T22:11:16.811-0300] {dag.py:4180} INFO - Setting next_dagrun for example_nested_branch_dag to 2025-04-21 00:00:00+00:00, run_after=2025-04-22 00:00:00+00:00
[2025-04-21T22:11:16.839-0300] {processor.py:208} INFO - Processing /home/jonathan-brito/python-projects/airflow/venv/lib/python3.12/site-packages/airflow/example_dags/example_nested_branch_dag.py took 0.096 seconds
[2025-04-21T22:12:19.066-0300] {processor.py:186} INFO - Started process (PID=128979) to work on /home/jonathan-brito/python-projects/airflow/venv/lib/python3.12/site-packages/airflow/example_dags/example_nested_branch_dag.py
[2025-04-21T22:12:19.067-0300] {processor.py:914} INFO - Processing file /home/jonathan-brito/python-projects/airflow/venv/lib/python3.12/site-packages/airflow/example_dags/example_nested_branch_dag.py for tasks to queue
[2025-04-21T22:12:19.068-0300] {logging_mixin.py:190} INFO - [2025-04-21T22:12:19.068-0300] {dagbag.py:588} INFO - Filling up the DagBag from /home/jonathan-brito/python-projects/airflow/venv/lib/python3.12/site-packages/airflow/example_dags/example_nested_branch_dag.py
[2025-04-21T22:12:19.078-0300] {processor.py:925} INFO - DAG(s) 'example_nested_branch_dag' retrieved from /home/jonathan-brito/python-projects/airflow/venv/lib/python3.12/site-packages/airflow/example_dags/example_nested_branch_dag.py
[2025-04-21T22:12:19.095-0300] {logging_mixin.py:190} INFO - [2025-04-21T22:12:19.095-0300] {dag.py:3239} INFO - Sync 1 DAGs
[2025-04-21T22:12:19.114-0300] {logging_mixin.py:190} INFO - [2025-04-21T22:12:19.114-0300] {dag.py:4180} INFO - Setting next_dagrun for example_nested_branch_dag to 2025-04-21 00:00:00+00:00, run_after=2025-04-22 00:00:00+00:00
[2025-04-21T22:12:19.153-0300] {processor.py:208} INFO - Processing /home/jonathan-brito/python-projects/airflow/venv/lib/python3.12/site-packages/airflow/example_dags/example_nested_branch_dag.py took 0.093 seconds
[2025-04-21T22:13:24.795-0300] {processor.py:186} INFO - Started process (PID=129679) to work on /home/jonathan-brito/python-projects/airflow/venv/lib/python3.12/site-packages/airflow/example_dags/example_nested_branch_dag.py
[2025-04-21T22:13:24.796-0300] {processor.py:914} INFO - Processing file /home/jonathan-brito/python-projects/airflow/venv/lib/python3.12/site-packages/airflow/example_dags/example_nested_branch_dag.py for tasks to queue
[2025-04-21T22:13:24.797-0300] {logging_mixin.py:190} INFO - [2025-04-21T22:13:24.797-0300] {dagbag.py:588} INFO - Filling up the DagBag from /home/jonathan-brito/python-projects/airflow/venv/lib/python3.12/site-packages/airflow/example_dags/example_nested_branch_dag.py
[2025-04-21T22:13:24.807-0300] {processor.py:925} INFO - DAG(s) 'example_nested_branch_dag' retrieved from /home/jonathan-brito/python-projects/airflow/venv/lib/python3.12/site-packages/airflow/example_dags/example_nested_branch_dag.py
[2025-04-21T22:13:24.825-0300] {logging_mixin.py:190} INFO - [2025-04-21T22:13:24.825-0300] {dag.py:3239} INFO - Sync 1 DAGs
[2025-04-21T22:13:24.845-0300] {logging_mixin.py:190} INFO - [2025-04-21T22:13:24.845-0300] {dag.py:4180} INFO - Setting next_dagrun for example_nested_branch_dag to 2025-04-21 00:00:00+00:00, run_after=2025-04-22 00:00:00+00:00
[2025-04-21T22:13:24.875-0300] {processor.py:208} INFO - Processing /home/jonathan-brito/python-projects/airflow/venv/lib/python3.12/site-packages/airflow/example_dags/example_nested_branch_dag.py took 0.087 seconds
[2025-04-21T22:14:25.149-0300] {processor.py:186} INFO - Started process (PID=130366) to work on /home/jonathan-brito/python-projects/airflow/venv/lib/python3.12/site-packages/airflow/example_dags/example_nested_branch_dag.py
[2025-04-21T22:14:25.156-0300] {processor.py:914} INFO - Processing file /home/jonathan-brito/python-projects/airflow/venv/lib/python3.12/site-packages/airflow/example_dags/example_nested_branch_dag.py for tasks to queue
[2025-04-21T22:14:25.158-0300] {logging_mixin.py:190} INFO - [2025-04-21T22:14:25.157-0300] {dagbag.py:588} INFO - Filling up the DagBag from /home/jonathan-brito/python-projects/airflow/venv/lib/python3.12/site-packages/airflow/example_dags/example_nested_branch_dag.py
[2025-04-21T22:14:25.170-0300] {processor.py:925} INFO - DAG(s) 'example_nested_branch_dag' retrieved from /home/jonathan-brito/python-projects/airflow/venv/lib/python3.12/site-packages/airflow/example_dags/example_nested_branch_dag.py
[2025-04-21T22:14:25.190-0300] {logging_mixin.py:190} INFO - [2025-04-21T22:14:25.190-0300] {dag.py:3239} INFO - Sync 1 DAGs
[2025-04-21T22:14:25.213-0300] {logging_mixin.py:190} INFO - [2025-04-21T22:14:25.212-0300] {dag.py:4180} INFO - Setting next_dagrun for example_nested_branch_dag to 2025-04-21 00:00:00+00:00, run_after=2025-04-22 00:00:00+00:00
[2025-04-21T22:14:25.241-0300] {processor.py:208} INFO - Processing /home/jonathan-brito/python-projects/airflow/venv/lib/python3.12/site-packages/airflow/example_dags/example_nested_branch_dag.py took 0.101 seconds
[2025-04-21T22:15:27.776-0300] {processor.py:186} INFO - Started process (PID=131055) to work on /home/jonathan-brito/python-projects/airflow/venv/lib/python3.12/site-packages/airflow/example_dags/example_nested_branch_dag.py
[2025-04-21T22:15:27.784-0300] {processor.py:914} INFO - Processing file /home/jonathan-brito/python-projects/airflow/venv/lib/python3.12/site-packages/airflow/example_dags/example_nested_branch_dag.py for tasks to queue
[2025-04-21T22:15:27.785-0300] {logging_mixin.py:190} INFO - [2025-04-21T22:15:27.785-0300] {dagbag.py:588} INFO - Filling up the DagBag from /home/jonathan-brito/python-projects/airflow/venv/lib/python3.12/site-packages/airflow/example_dags/example_nested_branch_dag.py
[2025-04-21T22:15:27.795-0300] {processor.py:925} INFO - DAG(s) 'example_nested_branch_dag' retrieved from /home/jonathan-brito/python-projects/airflow/venv/lib/python3.12/site-packages/airflow/example_dags/example_nested_branch_dag.py
[2025-04-21T22:15:27.813-0300] {logging_mixin.py:190} INFO - [2025-04-21T22:15:27.813-0300] {dag.py:3239} INFO - Sync 1 DAGs
[2025-04-21T22:15:27.831-0300] {logging_mixin.py:190} INFO - [2025-04-21T22:15:27.831-0300] {dag.py:4180} INFO - Setting next_dagrun for example_nested_branch_dag to 2025-04-21 00:00:00+00:00, run_after=2025-04-22 00:00:00+00:00
[2025-04-21T22:15:27.859-0300] {processor.py:208} INFO - Processing /home/jonathan-brito/python-projects/airflow/venv/lib/python3.12/site-packages/airflow/example_dags/example_nested_branch_dag.py took 0.090 seconds
[2025-04-21T22:16:29.381-0300] {processor.py:186} INFO - Started process (PID=131747) to work on /home/jonathan-brito/python-projects/airflow/venv/lib/python3.12/site-packages/airflow/example_dags/example_nested_branch_dag.py
[2025-04-21T22:16:29.388-0300] {processor.py:914} INFO - Processing file /home/jonathan-brito/python-projects/airflow/venv/lib/python3.12/site-packages/airflow/example_dags/example_nested_branch_dag.py for tasks to queue
[2025-04-21T22:16:29.389-0300] {logging_mixin.py:190} INFO - [2025-04-21T22:16:29.389-0300] {dagbag.py:588} INFO - Filling up the DagBag from /home/jonathan-brito/python-projects/airflow/venv/lib/python3.12/site-packages/airflow/example_dags/example_nested_branch_dag.py
[2025-04-21T22:16:29.401-0300] {processor.py:925} INFO - DAG(s) 'example_nested_branch_dag' retrieved from /home/jonathan-brito/python-projects/airflow/venv/lib/python3.12/site-packages/airflow/example_dags/example_nested_branch_dag.py
[2025-04-21T22:16:29.421-0300] {logging_mixin.py:190} INFO - [2025-04-21T22:16:29.421-0300] {dag.py:3239} INFO - Sync 1 DAGs
[2025-04-21T22:16:29.440-0300] {logging_mixin.py:190} INFO - [2025-04-21T22:16:29.440-0300] {dag.py:4180} INFO - Setting next_dagrun for example_nested_branch_dag to 2025-04-21 00:00:00+00:00, run_after=2025-04-22 00:00:00+00:00
[2025-04-21T22:16:29.470-0300] {processor.py:208} INFO - Processing /home/jonathan-brito/python-projects/airflow/venv/lib/python3.12/site-packages/airflow/example_dags/example_nested_branch_dag.py took 0.095 seconds
[2025-04-21T22:17:33.196-0300] {processor.py:186} INFO - Started process (PID=132444) to work on /home/jonathan-brito/python-projects/airflow/venv/lib/python3.12/site-packages/airflow/example_dags/example_nested_branch_dag.py
[2025-04-21T22:17:33.203-0300] {processor.py:914} INFO - Processing file /home/jonathan-brito/python-projects/airflow/venv/lib/python3.12/site-packages/airflow/example_dags/example_nested_branch_dag.py for tasks to queue
[2025-04-21T22:17:33.204-0300] {logging_mixin.py:190} INFO - [2025-04-21T22:17:33.204-0300] {dagbag.py:588} INFO - Filling up the DagBag from /home/jonathan-brito/python-projects/airflow/venv/lib/python3.12/site-packages/airflow/example_dags/example_nested_branch_dag.py
[2025-04-21T22:17:33.215-0300] {processor.py:925} INFO - DAG(s) 'example_nested_branch_dag' retrieved from /home/jonathan-brito/python-projects/airflow/venv/lib/python3.12/site-packages/airflow/example_dags/example_nested_branch_dag.py
[2025-04-21T22:17:33.234-0300] {logging_mixin.py:190} INFO - [2025-04-21T22:17:33.234-0300] {dag.py:3239} INFO - Sync 1 DAGs
[2025-04-21T22:17:33.254-0300] {logging_mixin.py:190} INFO - [2025-04-21T22:17:33.254-0300] {dag.py:4180} INFO - Setting next_dagrun for example_nested_branch_dag to 2025-04-21 00:00:00+00:00, run_after=2025-04-22 00:00:00+00:00
[2025-04-21T22:17:33.294-0300] {processor.py:208} INFO - Processing /home/jonathan-brito/python-projects/airflow/venv/lib/python3.12/site-packages/airflow/example_dags/example_nested_branch_dag.py took 0.105 seconds
[2025-04-21T22:18:34.744-0300] {processor.py:186} INFO - Started process (PID=133057) to work on /home/jonathan-brito/python-projects/airflow/venv/lib/python3.12/site-packages/airflow/example_dags/example_nested_branch_dag.py
[2025-04-21T22:18:34.752-0300] {processor.py:914} INFO - Processing file /home/jonathan-brito/python-projects/airflow/venv/lib/python3.12/site-packages/airflow/example_dags/example_nested_branch_dag.py for tasks to queue
[2025-04-21T22:18:34.754-0300] {logging_mixin.py:190} INFO - [2025-04-21T22:18:34.753-0300] {dagbag.py:588} INFO - Filling up the DagBag from /home/jonathan-brito/python-projects/airflow/venv/lib/python3.12/site-packages/airflow/example_dags/example_nested_branch_dag.py
[2025-04-21T22:18:34.769-0300] {processor.py:925} INFO - DAG(s) 'example_nested_branch_dag' retrieved from /home/jonathan-brito/python-projects/airflow/venv/lib/python3.12/site-packages/airflow/example_dags/example_nested_branch_dag.py
[2025-04-21T22:18:34.788-0300] {logging_mixin.py:190} INFO - [2025-04-21T22:18:34.788-0300] {dag.py:3239} INFO - Sync 1 DAGs
[2025-04-21T22:18:34.809-0300] {logging_mixin.py:190} INFO - [2025-04-21T22:18:34.808-0300] {dag.py:4180} INFO - Setting next_dagrun for example_nested_branch_dag to 2025-04-21 00:00:00+00:00, run_after=2025-04-22 00:00:00+00:00
[2025-04-21T22:18:34.835-0300] {processor.py:208} INFO - Processing /home/jonathan-brito/python-projects/airflow/venv/lib/python3.12/site-packages/airflow/example_dags/example_nested_branch_dag.py took 0.109 seconds
[2025-04-21T22:19:36.829-0300] {processor.py:186} INFO - Started process (PID=133771) to work on /home/jonathan-brito/python-projects/airflow/venv/lib/python3.12/site-packages/airflow/example_dags/example_nested_branch_dag.py
[2025-04-21T22:19:36.836-0300] {processor.py:914} INFO - Processing file /home/jonathan-brito/python-projects/airflow/venv/lib/python3.12/site-packages/airflow/example_dags/example_nested_branch_dag.py for tasks to queue
[2025-04-21T22:19:36.838-0300] {logging_mixin.py:190} INFO - [2025-04-21T22:19:36.838-0300] {dagbag.py:588} INFO - Filling up the DagBag from /home/jonathan-brito/python-projects/airflow/venv/lib/python3.12/site-packages/airflow/example_dags/example_nested_branch_dag.py
[2025-04-21T22:19:36.855-0300] {processor.py:925} INFO - DAG(s) 'example_nested_branch_dag' retrieved from /home/jonathan-brito/python-projects/airflow/venv/lib/python3.12/site-packages/airflow/example_dags/example_nested_branch_dag.py
[2025-04-21T22:19:36.885-0300] {logging_mixin.py:190} INFO - [2025-04-21T22:19:36.885-0300] {dag.py:3239} INFO - Sync 1 DAGs
[2025-04-21T22:19:36.907-0300] {logging_mixin.py:190} INFO - [2025-04-21T22:19:36.906-0300] {dag.py:4180} INFO - Setting next_dagrun for example_nested_branch_dag to 2025-04-21 00:00:00+00:00, run_after=2025-04-22 00:00:00+00:00
[2025-04-21T22:19:36.935-0300] {processor.py:208} INFO - Processing /home/jonathan-brito/python-projects/airflow/venv/lib/python3.12/site-packages/airflow/example_dags/example_nested_branch_dag.py took 0.117 seconds
[2025-04-21T22:20:42.285-0300] {processor.py:186} INFO - Started process (PID=134423) to work on /home/jonathan-brito/python-projects/airflow/venv/lib/python3.12/site-packages/airflow/example_dags/example_nested_branch_dag.py
[2025-04-21T22:20:42.292-0300] {processor.py:914} INFO - Processing file /home/jonathan-brito/python-projects/airflow/venv/lib/python3.12/site-packages/airflow/example_dags/example_nested_branch_dag.py for tasks to queue
[2025-04-21T22:20:42.294-0300] {logging_mixin.py:190} INFO - [2025-04-21T22:20:42.293-0300] {dagbag.py:588} INFO - Filling up the DagBag from /home/jonathan-brito/python-projects/airflow/venv/lib/python3.12/site-packages/airflow/example_dags/example_nested_branch_dag.py
[2025-04-21T22:20:42.305-0300] {processor.py:925} INFO - DAG(s) 'example_nested_branch_dag' retrieved from /home/jonathan-brito/python-projects/airflow/venv/lib/python3.12/site-packages/airflow/example_dags/example_nested_branch_dag.py
[2025-04-21T22:20:42.326-0300] {logging_mixin.py:190} INFO - [2025-04-21T22:20:42.326-0300] {dag.py:3239} INFO - Sync 1 DAGs
[2025-04-21T22:20:42.360-0300] {logging_mixin.py:190} INFO - [2025-04-21T22:20:42.360-0300] {dag.py:4180} INFO - Setting next_dagrun for example_nested_branch_dag to 2025-04-21 00:00:00+00:00, run_after=2025-04-22 00:00:00+00:00
[2025-04-21T22:20:42.396-0300] {processor.py:208} INFO - Processing /home/jonathan-brito/python-projects/airflow/venv/lib/python3.12/site-packages/airflow/example_dags/example_nested_branch_dag.py took 0.120 seconds
[2025-04-22T10:24:41.687-0300] {processor.py:186} INFO - Started process (PID=11243) to work on /home/jonathan-brito/python-projects/airflow/venv/lib/python3.12/site-packages/airflow/example_dags/example_nested_branch_dag.py
[2025-04-22T10:24:41.695-0300] {processor.py:914} INFO - Processing file /home/jonathan-brito/python-projects/airflow/venv/lib/python3.12/site-packages/airflow/example_dags/example_nested_branch_dag.py for tasks to queue
[2025-04-22T10:24:41.699-0300] {logging_mixin.py:190} INFO - [2025-04-22T10:24:41.699-0300] {dagbag.py:588} INFO - Filling up the DagBag from /home/jonathan-brito/python-projects/airflow/venv/lib/python3.12/site-packages/airflow/example_dags/example_nested_branch_dag.py
[2025-04-22T10:24:41.728-0300] {processor.py:925} INFO - DAG(s) 'example_nested_branch_dag' retrieved from /home/jonathan-brito/python-projects/airflow/venv/lib/python3.12/site-packages/airflow/example_dags/example_nested_branch_dag.py
[2025-04-22T10:24:41.762-0300] {logging_mixin.py:190} INFO - [2025-04-22T10:24:41.762-0300] {dag.py:3239} INFO - Sync 1 DAGs
[2025-04-22T10:24:41.788-0300] {logging_mixin.py:190} INFO - [2025-04-22T10:24:41.787-0300] {dag.py:4180} INFO - Setting next_dagrun for example_nested_branch_dag to 2025-04-21 00:00:00+00:00, run_after=2025-04-22 00:00:00+00:00
[2025-04-22T10:24:41.817-0300] {processor.py:208} INFO - Processing /home/jonathan-brito/python-projects/airflow/venv/lib/python3.12/site-packages/airflow/example_dags/example_nested_branch_dag.py took 0.147 seconds
[2025-04-22T10:25:54.641-0300] {processor.py:186} INFO - Started process (PID=12140) to work on /home/jonathan-brito/python-projects/airflow/venv/lib/python3.12/site-packages/airflow/example_dags/example_nested_branch_dag.py
[2025-04-22T10:25:54.642-0300] {processor.py:914} INFO - Processing file /home/jonathan-brito/python-projects/airflow/venv/lib/python3.12/site-packages/airflow/example_dags/example_nested_branch_dag.py for tasks to queue
[2025-04-22T10:25:54.645-0300] {logging_mixin.py:190} INFO - [2025-04-22T10:25:54.644-0300] {dagbag.py:588} INFO - Filling up the DagBag from /home/jonathan-brito/python-projects/airflow/venv/lib/python3.12/site-packages/airflow/example_dags/example_nested_branch_dag.py
[2025-04-22T10:25:54.666-0300] {processor.py:925} INFO - DAG(s) 'example_nested_branch_dag' retrieved from /home/jonathan-brito/python-projects/airflow/venv/lib/python3.12/site-packages/airflow/example_dags/example_nested_branch_dag.py
[2025-04-22T10:25:54.703-0300] {logging_mixin.py:190} INFO - [2025-04-22T10:25:54.700-0300] {dag.py:3239} INFO - Sync 1 DAGs
[2025-04-22T10:25:54.746-0300] {logging_mixin.py:190} INFO - [2025-04-22T10:25:54.746-0300] {dag.py:4180} INFO - Setting next_dagrun for example_nested_branch_dag to 2025-04-21 00:00:00+00:00, run_after=2025-04-22 00:00:00+00:00
[2025-04-22T10:25:54.780-0300] {processor.py:208} INFO - Processing /home/jonathan-brito/python-projects/airflow/venv/lib/python3.12/site-packages/airflow/example_dags/example_nested_branch_dag.py took 0.150 seconds
[2025-04-22T10:27:57.581-0300] {processor.py:186} INFO - Started process (PID=14260) to work on /home/jonathan-brito/python-projects/airflow/venv/lib/python3.12/site-packages/airflow/example_dags/example_nested_branch_dag.py
[2025-04-22T10:27:57.588-0300] {processor.py:914} INFO - Processing file /home/jonathan-brito/python-projects/airflow/venv/lib/python3.12/site-packages/airflow/example_dags/example_nested_branch_dag.py for tasks to queue
[2025-04-22T10:27:57.591-0300] {logging_mixin.py:190} INFO - [2025-04-22T10:27:57.590-0300] {dagbag.py:588} INFO - Filling up the DagBag from /home/jonathan-brito/python-projects/airflow/venv/lib/python3.12/site-packages/airflow/example_dags/example_nested_branch_dag.py
[2025-04-22T10:27:57.606-0300] {processor.py:925} INFO - DAG(s) 'example_nested_branch_dag' retrieved from /home/jonathan-brito/python-projects/airflow/venv/lib/python3.12/site-packages/airflow/example_dags/example_nested_branch_dag.py
[2025-04-22T10:27:57.625-0300] {logging_mixin.py:190} INFO - [2025-04-22T10:27:57.625-0300] {dag.py:3239} INFO - Sync 1 DAGs
[2025-04-22T10:27:57.650-0300] {logging_mixin.py:190} INFO - [2025-04-22T10:27:57.650-0300] {dag.py:4180} INFO - Setting next_dagrun for example_nested_branch_dag to 2025-04-21 00:00:00+00:00, run_after=2025-04-22 00:00:00+00:00
[2025-04-22T10:27:57.684-0300] {processor.py:208} INFO - Processing /home/jonathan-brito/python-projects/airflow/venv/lib/python3.12/site-packages/airflow/example_dags/example_nested_branch_dag.py took 0.113 seconds
[2025-04-22T10:31:35.782-0300] {processor.py:186} INFO - Started process (PID=16824) to work on /home/jonathan-brito/python-projects/airflow/venv/lib/python3.12/site-packages/airflow/example_dags/example_nested_branch_dag.py
[2025-04-22T10:31:35.783-0300] {processor.py:914} INFO - Processing file /home/jonathan-brito/python-projects/airflow/venv/lib/python3.12/site-packages/airflow/example_dags/example_nested_branch_dag.py for tasks to queue
[2025-04-22T10:31:35.792-0300] {logging_mixin.py:190} INFO - [2025-04-22T10:31:35.791-0300] {dagbag.py:588} INFO - Filling up the DagBag from /home/jonathan-brito/python-projects/airflow/venv/lib/python3.12/site-packages/airflow/example_dags/example_nested_branch_dag.py
[2025-04-22T10:31:35.822-0300] {processor.py:925} INFO - DAG(s) 'example_nested_branch_dag' retrieved from /home/jonathan-brito/python-projects/airflow/venv/lib/python3.12/site-packages/airflow/example_dags/example_nested_branch_dag.py
[2025-04-22T10:31:35.860-0300] {logging_mixin.py:190} INFO - [2025-04-22T10:31:35.860-0300] {dag.py:3239} INFO - Sync 1 DAGs
[2025-04-22T10:31:35.890-0300] {logging_mixin.py:190} INFO - [2025-04-22T10:31:35.890-0300] {dag.py:4180} INFO - Setting next_dagrun for example_nested_branch_dag to 2025-04-21 00:00:00+00:00, run_after=2025-04-22 00:00:00+00:00
[2025-04-22T10:31:35.921-0300] {processor.py:208} INFO - Processing /home/jonathan-brito/python-projects/airflow/venv/lib/python3.12/site-packages/airflow/example_dags/example_nested_branch_dag.py took 0.152 seconds
[2025-04-22T11:08:23.241-0300] {processor.py:186} INFO - Started process (PID=49711) to work on /home/jonathan-brito/python-projects/airflow/venv/lib/python3.12/site-packages/airflow/example_dags/example_nested_branch_dag.py
[2025-04-22T11:08:23.248-0300] {processor.py:914} INFO - Processing file /home/jonathan-brito/python-projects/airflow/venv/lib/python3.12/site-packages/airflow/example_dags/example_nested_branch_dag.py for tasks to queue
[2025-04-22T11:08:23.249-0300] {logging_mixin.py:190} INFO - [2025-04-22T11:08:23.249-0300] {dagbag.py:588} INFO - Filling up the DagBag from /home/jonathan-brito/python-projects/airflow/venv/lib/python3.12/site-packages/airflow/example_dags/example_nested_branch_dag.py
[2025-04-22T11:08:23.260-0300] {processor.py:925} INFO - DAG(s) 'example_nested_branch_dag' retrieved from /home/jonathan-brito/python-projects/airflow/venv/lib/python3.12/site-packages/airflow/example_dags/example_nested_branch_dag.py
[2025-04-22T11:08:23.281-0300] {logging_mixin.py:190} INFO - [2025-04-22T11:08:23.280-0300] {dag.py:3239} INFO - Sync 1 DAGs
[2025-04-22T11:08:23.301-0300] {logging_mixin.py:190} INFO - [2025-04-22T11:08:23.301-0300] {dag.py:4180} INFO - Setting next_dagrun for example_nested_branch_dag to 2025-04-21 00:00:00+00:00, run_after=2025-04-22 00:00:00+00:00
[2025-04-22T11:08:23.333-0300] {processor.py:208} INFO - Processing /home/jonathan-brito/python-projects/airflow/venv/lib/python3.12/site-packages/airflow/example_dags/example_nested_branch_dag.py took 0.099 seconds
[2025-04-22T11:09:23.729-0300] {processor.py:186} INFO - Started process (PID=50095) to work on /home/jonathan-brito/python-projects/airflow/venv/lib/python3.12/site-packages/airflow/example_dags/example_nested_branch_dag.py
[2025-04-22T11:09:23.736-0300] {processor.py:914} INFO - Processing file /home/jonathan-brito/python-projects/airflow/venv/lib/python3.12/site-packages/airflow/example_dags/example_nested_branch_dag.py for tasks to queue
[2025-04-22T11:09:23.737-0300] {logging_mixin.py:190} INFO - [2025-04-22T11:09:23.737-0300] {dagbag.py:588} INFO - Filling up the DagBag from /home/jonathan-brito/python-projects/airflow/venv/lib/python3.12/site-packages/airflow/example_dags/example_nested_branch_dag.py
[2025-04-22T11:09:23.748-0300] {processor.py:925} INFO - DAG(s) 'example_nested_branch_dag' retrieved from /home/jonathan-brito/python-projects/airflow/venv/lib/python3.12/site-packages/airflow/example_dags/example_nested_branch_dag.py
[2025-04-22T11:09:23.766-0300] {logging_mixin.py:190} INFO - [2025-04-22T11:09:23.766-0300] {dag.py:3239} INFO - Sync 1 DAGs
[2025-04-22T11:09:23.785-0300] {logging_mixin.py:190} INFO - [2025-04-22T11:09:23.785-0300] {dag.py:4180} INFO - Setting next_dagrun for example_nested_branch_dag to 2025-04-21 00:00:00+00:00, run_after=2025-04-22 00:00:00+00:00
[2025-04-22T11:09:23.813-0300] {processor.py:208} INFO - Processing /home/jonathan-brito/python-projects/airflow/venv/lib/python3.12/site-packages/airflow/example_dags/example_nested_branch_dag.py took 0.090 seconds
[2025-04-22T11:10:23.498-0300] {processor.py:186} INFO - Started process (PID=50638) to work on /home/jonathan-brito/python-projects/airflow/venv/lib/python3.12/site-packages/airflow/example_dags/example_nested_branch_dag.py
[2025-04-22T11:10:23.505-0300] {processor.py:914} INFO - Processing file /home/jonathan-brito/python-projects/airflow/venv/lib/python3.12/site-packages/airflow/example_dags/example_nested_branch_dag.py for tasks to queue
[2025-04-22T11:10:23.507-0300] {logging_mixin.py:190} INFO - [2025-04-22T11:10:23.506-0300] {dagbag.py:588} INFO - Filling up the DagBag from /home/jonathan-brito/python-projects/airflow/venv/lib/python3.12/site-packages/airflow/example_dags/example_nested_branch_dag.py
[2025-04-22T11:10:23.522-0300] {processor.py:925} INFO - DAG(s) 'example_nested_branch_dag' retrieved from /home/jonathan-brito/python-projects/airflow/venv/lib/python3.12/site-packages/airflow/example_dags/example_nested_branch_dag.py
[2025-04-22T11:10:23.542-0300] {logging_mixin.py:190} INFO - [2025-04-22T11:10:23.542-0300] {dag.py:3239} INFO - Sync 1 DAGs
[2025-04-22T11:10:23.566-0300] {logging_mixin.py:190} INFO - [2025-04-22T11:10:23.566-0300] {dag.py:4180} INFO - Setting next_dagrun for example_nested_branch_dag to 2025-04-21 00:00:00+00:00, run_after=2025-04-22 00:00:00+00:00
[2025-04-22T11:10:23.598-0300] {processor.py:208} INFO - Processing /home/jonathan-brito/python-projects/airflow/venv/lib/python3.12/site-packages/airflow/example_dags/example_nested_branch_dag.py took 0.109 seconds
[2025-04-22T11:11:27.690-0300] {processor.py:186} INFO - Started process (PID=51045) to work on /home/jonathan-brito/python-projects/airflow/venv/lib/python3.12/site-packages/airflow/example_dags/example_nested_branch_dag.py
[2025-04-22T11:11:27.697-0300] {processor.py:914} INFO - Processing file /home/jonathan-brito/python-projects/airflow/venv/lib/python3.12/site-packages/airflow/example_dags/example_nested_branch_dag.py for tasks to queue
[2025-04-22T11:11:27.699-0300] {logging_mixin.py:190} INFO - [2025-04-22T11:11:27.698-0300] {dagbag.py:588} INFO - Filling up the DagBag from /home/jonathan-brito/python-projects/airflow/venv/lib/python3.12/site-packages/airflow/example_dags/example_nested_branch_dag.py
[2025-04-22T11:11:27.710-0300] {processor.py:925} INFO - DAG(s) 'example_nested_branch_dag' retrieved from /home/jonathan-brito/python-projects/airflow/venv/lib/python3.12/site-packages/airflow/example_dags/example_nested_branch_dag.py
[2025-04-22T11:11:27.729-0300] {logging_mixin.py:190} INFO - [2025-04-22T11:11:27.729-0300] {dag.py:3239} INFO - Sync 1 DAGs
[2025-04-22T11:11:27.751-0300] {logging_mixin.py:190} INFO - [2025-04-22T11:11:27.751-0300] {dag.py:4180} INFO - Setting next_dagrun for example_nested_branch_dag to 2025-04-21 00:00:00+00:00, run_after=2025-04-22 00:00:00+00:00
[2025-04-22T11:11:27.784-0300] {processor.py:208} INFO - Processing /home/jonathan-brito/python-projects/airflow/venv/lib/python3.12/site-packages/airflow/example_dags/example_nested_branch_dag.py took 0.100 seconds
