[2025-04-21T21:23:41.483-0300] {processor.py:186} INFO - Started process (PID=70594) to work on /home/jonathan-brito/python-projects/airflow/venv/lib/python3.12/site-packages/airflow/example_dags/example_setup_teardown_taskflow.py
[2025-04-21T21:23:41.484-0300] {processor.py:914} INFO - Processing file /home/jonathan-brito/python-projects/airflow/venv/lib/python3.12/site-packages/airflow/example_dags/example_setup_teardown_taskflow.py for tasks to queue
[2025-04-21T21:23:41.486-0300] {logging_mixin.py:190} INFO - [2025-04-21T21:23:41.486-0300] {dagbag.py:588} INFO - Filling up the DagBag from /home/jonathan-brito/python-projects/airflow/venv/lib/python3.12/site-packages/airflow/example_dags/example_setup_teardown_taskflow.py
[2025-04-21T21:23:41.498-0300] {processor.py:925} INFO - DAG(s) 'example_setup_teardown_taskflow' retrieved from /home/jonathan-brito/python-projects/airflow/venv/lib/python3.12/site-packages/airflow/example_dags/example_setup_teardown_taskflow.py
[2025-04-21T21:23:41.518-0300] {logging_mixin.py:190} INFO - [2025-04-21T21:23:41.518-0300] {dag.py:3239} INFO - Sync 1 DAGs
[2025-04-21T21:23:41.532-0300] {logging_mixin.py:190} INFO - [2025-04-21T21:23:41.532-0300] {dag.py:4180} INFO - Setting next_dagrun for example_setup_teardown_taskflow to None, run_after=None
[2025-04-21T21:23:41.563-0300] {processor.py:208} INFO - Processing /home/jonathan-brito/python-projects/airflow/venv/lib/python3.12/site-packages/airflow/example_dags/example_setup_teardown_taskflow.py took 0.086 seconds
[2025-04-21T21:24:50.100-0300] {processor.py:186} INFO - Started process (PID=71526) to work on /home/jonathan-brito/python-projects/airflow/venv/lib/python3.12/site-packages/airflow/example_dags/example_setup_teardown_taskflow.py
[2025-04-21T21:24:50.109-0300] {processor.py:914} INFO - Processing file /home/jonathan-brito/python-projects/airflow/venv/lib/python3.12/site-packages/airflow/example_dags/example_setup_teardown_taskflow.py for tasks to queue
[2025-04-21T21:24:50.117-0300] {logging_mixin.py:190} INFO - [2025-04-21T21:24:50.116-0300] {dagbag.py:588} INFO - Filling up the DagBag from /home/jonathan-brito/python-projects/airflow/venv/lib/python3.12/site-packages/airflow/example_dags/example_setup_teardown_taskflow.py
[2025-04-21T21:24:50.143-0300] {processor.py:925} INFO - DAG(s) 'example_setup_teardown_taskflow' retrieved from /home/jonathan-brito/python-projects/airflow/venv/lib/python3.12/site-packages/airflow/example_dags/example_setup_teardown_taskflow.py
[2025-04-21T21:24:50.194-0300] {logging_mixin.py:190} INFO - [2025-04-21T21:24:50.194-0300] {dag.py:3239} INFO - Sync 1 DAGs
[2025-04-21T21:24:50.214-0300] {logging_mixin.py:190} INFO - [2025-04-21T21:24:50.214-0300] {dag.py:4180} INFO - Setting next_dagrun for example_setup_teardown_taskflow to None, run_after=None
[2025-04-21T21:24:50.263-0300] {processor.py:208} INFO - Processing /home/jonathan-brito/python-projects/airflow/venv/lib/python3.12/site-packages/airflow/example_dags/example_setup_teardown_taskflow.py took 0.171 seconds
[2025-04-21T22:09:58.422-0300] {processor.py:186} INFO - Started process (PID=127164) to work on /home/jonathan-brito/python-projects/airflow/venv/lib/python3.12/site-packages/airflow/example_dags/example_setup_teardown_taskflow.py
[2025-04-21T22:09:58.429-0300] {processor.py:914} INFO - Processing file /home/jonathan-brito/python-projects/airflow/venv/lib/python3.12/site-packages/airflow/example_dags/example_setup_teardown_taskflow.py for tasks to queue
[2025-04-21T22:09:58.434-0300] {logging_mixin.py:190} INFO - [2025-04-21T22:09:58.432-0300] {dagbag.py:588} INFO - Filling up the DagBag from /home/jonathan-brito/python-projects/airflow/venv/lib/python3.12/site-packages/airflow/example_dags/example_setup_teardown_taskflow.py
[2025-04-21T22:09:58.453-0300] {processor.py:925} INFO - DAG(s) 'example_setup_teardown_taskflow' retrieved from /home/jonathan-brito/python-projects/airflow/venv/lib/python3.12/site-packages/airflow/example_dags/example_setup_teardown_taskflow.py
[2025-04-21T22:09:58.477-0300] {logging_mixin.py:190} INFO - [2025-04-21T22:09:58.476-0300] {dag.py:3239} INFO - Sync 1 DAGs
[2025-04-21T22:09:58.491-0300] {logging_mixin.py:190} INFO - [2025-04-21T22:09:58.491-0300] {dag.py:4180} INFO - Setting next_dagrun for example_setup_teardown_taskflow to None, run_after=None
[2025-04-21T22:09:58.544-0300] {processor.py:208} INFO - Processing /home/jonathan-brito/python-projects/airflow/venv/lib/python3.12/site-packages/airflow/example_dags/example_setup_teardown_taskflow.py took 0.128 seconds
[2025-04-21T22:11:01.084-0300] {processor.py:186} INFO - Started process (PID=128134) to work on /home/jonathan-brito/python-projects/airflow/venv/lib/python3.12/site-packages/airflow/example_dags/example_setup_teardown_taskflow.py
[2025-04-21T22:11:01.091-0300] {processor.py:914} INFO - Processing file /home/jonathan-brito/python-projects/airflow/venv/lib/python3.12/site-packages/airflow/example_dags/example_setup_teardown_taskflow.py for tasks to queue
[2025-04-21T22:11:01.093-0300] {logging_mixin.py:190} INFO - [2025-04-21T22:11:01.092-0300] {dagbag.py:588} INFO - Filling up the DagBag from /home/jonathan-brito/python-projects/airflow/venv/lib/python3.12/site-packages/airflow/example_dags/example_setup_teardown_taskflow.py
[2025-04-21T22:11:01.109-0300] {processor.py:925} INFO - DAG(s) 'example_setup_teardown_taskflow' retrieved from /home/jonathan-brito/python-projects/airflow/venv/lib/python3.12/site-packages/airflow/example_dags/example_setup_teardown_taskflow.py
[2025-04-21T22:11:01.138-0300] {logging_mixin.py:190} INFO - [2025-04-21T22:11:01.138-0300] {dag.py:3239} INFO - Sync 1 DAGs
[2025-04-21T22:11:01.153-0300] {logging_mixin.py:190} INFO - [2025-04-21T22:11:01.153-0300] {dag.py:4180} INFO - Setting next_dagrun for example_setup_teardown_taskflow to None, run_after=None
[2025-04-21T22:11:01.188-0300] {processor.py:208} INFO - Processing /home/jonathan-brito/python-projects/airflow/venv/lib/python3.12/site-packages/airflow/example_dags/example_setup_teardown_taskflow.py took 0.114 seconds
[2025-04-21T22:12:04.492-0300] {processor.py:186} INFO - Started process (PID=128847) to work on /home/jonathan-brito/python-projects/airflow/venv/lib/python3.12/site-packages/airflow/example_dags/example_setup_teardown_taskflow.py
[2025-04-21T22:12:04.500-0300] {processor.py:914} INFO - Processing file /home/jonathan-brito/python-projects/airflow/venv/lib/python3.12/site-packages/airflow/example_dags/example_setup_teardown_taskflow.py for tasks to queue
[2025-04-21T22:12:04.504-0300] {logging_mixin.py:190} INFO - [2025-04-21T22:12:04.503-0300] {dagbag.py:588} INFO - Filling up the DagBag from /home/jonathan-brito/python-projects/airflow/venv/lib/python3.12/site-packages/airflow/example_dags/example_setup_teardown_taskflow.py
[2025-04-21T22:12:04.524-0300] {processor.py:925} INFO - DAG(s) 'example_setup_teardown_taskflow' retrieved from /home/jonathan-brito/python-projects/airflow/venv/lib/python3.12/site-packages/airflow/example_dags/example_setup_teardown_taskflow.py
[2025-04-21T22:12:04.543-0300] {logging_mixin.py:190} INFO - [2025-04-21T22:12:04.543-0300] {dag.py:3239} INFO - Sync 1 DAGs
[2025-04-21T22:12:04.555-0300] {logging_mixin.py:190} INFO - [2025-04-21T22:12:04.554-0300] {dag.py:4180} INFO - Setting next_dagrun for example_setup_teardown_taskflow to None, run_after=None
[2025-04-21T22:12:04.591-0300] {processor.py:208} INFO - Processing /home/jonathan-brito/python-projects/airflow/venv/lib/python3.12/site-packages/airflow/example_dags/example_setup_teardown_taskflow.py took 0.107 seconds
[2025-04-21T22:13:05.848-0300] {processor.py:186} INFO - Started process (PID=129452) to work on /home/jonathan-brito/python-projects/airflow/venv/lib/python3.12/site-packages/airflow/example_dags/example_setup_teardown_taskflow.py
[2025-04-21T22:13:05.855-0300] {processor.py:914} INFO - Processing file /home/jonathan-brito/python-projects/airflow/venv/lib/python3.12/site-packages/airflow/example_dags/example_setup_teardown_taskflow.py for tasks to queue
[2025-04-21T22:13:05.857-0300] {logging_mixin.py:190} INFO - [2025-04-21T22:13:05.856-0300] {dagbag.py:588} INFO - Filling up the DagBag from /home/jonathan-brito/python-projects/airflow/venv/lib/python3.12/site-packages/airflow/example_dags/example_setup_teardown_taskflow.py
[2025-04-21T22:13:05.870-0300] {processor.py:925} INFO - DAG(s) 'example_setup_teardown_taskflow' retrieved from /home/jonathan-brito/python-projects/airflow/venv/lib/python3.12/site-packages/airflow/example_dags/example_setup_teardown_taskflow.py
[2025-04-21T22:13:05.889-0300] {logging_mixin.py:190} INFO - [2025-04-21T22:13:05.888-0300] {dag.py:3239} INFO - Sync 1 DAGs
[2025-04-21T22:13:05.900-0300] {logging_mixin.py:190} INFO - [2025-04-21T22:13:05.900-0300] {dag.py:4180} INFO - Setting next_dagrun for example_setup_teardown_taskflow to None, run_after=None
[2025-04-21T22:13:05.935-0300] {processor.py:208} INFO - Processing /home/jonathan-brito/python-projects/airflow/venv/lib/python3.12/site-packages/airflow/example_dags/example_setup_teardown_taskflow.py took 0.095 seconds
[2025-04-21T22:14:11.802-0300] {processor.py:186} INFO - Started process (PID=130236) to work on /home/jonathan-brito/python-projects/airflow/venv/lib/python3.12/site-packages/airflow/example_dags/example_setup_teardown_taskflow.py
[2025-04-21T22:14:11.809-0300] {processor.py:914} INFO - Processing file /home/jonathan-brito/python-projects/airflow/venv/lib/python3.12/site-packages/airflow/example_dags/example_setup_teardown_taskflow.py for tasks to queue
[2025-04-21T22:14:11.810-0300] {logging_mixin.py:190} INFO - [2025-04-21T22:14:11.810-0300] {dagbag.py:588} INFO - Filling up the DagBag from /home/jonathan-brito/python-projects/airflow/venv/lib/python3.12/site-packages/airflow/example_dags/example_setup_teardown_taskflow.py
[2025-04-21T22:14:11.820-0300] {processor.py:925} INFO - DAG(s) 'example_setup_teardown_taskflow' retrieved from /home/jonathan-brito/python-projects/airflow/venv/lib/python3.12/site-packages/airflow/example_dags/example_setup_teardown_taskflow.py
[2025-04-21T22:14:11.839-0300] {logging_mixin.py:190} INFO - [2025-04-21T22:14:11.839-0300] {dag.py:3239} INFO - Sync 1 DAGs
[2025-04-21T22:14:11.851-0300] {logging_mixin.py:190} INFO - [2025-04-21T22:14:11.851-0300] {dag.py:4180} INFO - Setting next_dagrun for example_setup_teardown_taskflow to None, run_after=None
[2025-04-21T22:14:11.879-0300] {processor.py:208} INFO - Processing /home/jonathan-brito/python-projects/airflow/venv/lib/python3.12/site-packages/airflow/example_dags/example_setup_teardown_taskflow.py took 0.083 seconds
[2025-04-21T22:15:13.102-0300] {processor.py:186} INFO - Started process (PID=130914) to work on /home/jonathan-brito/python-projects/airflow/venv/lib/python3.12/site-packages/airflow/example_dags/example_setup_teardown_taskflow.py
[2025-04-21T22:15:13.109-0300] {processor.py:914} INFO - Processing file /home/jonathan-brito/python-projects/airflow/venv/lib/python3.12/site-packages/airflow/example_dags/example_setup_teardown_taskflow.py for tasks to queue
[2025-04-21T22:15:13.110-0300] {logging_mixin.py:190} INFO - [2025-04-21T22:15:13.110-0300] {dagbag.py:588} INFO - Filling up the DagBag from /home/jonathan-brito/python-projects/airflow/venv/lib/python3.12/site-packages/airflow/example_dags/example_setup_teardown_taskflow.py
[2025-04-21T22:15:13.120-0300] {processor.py:925} INFO - DAG(s) 'example_setup_teardown_taskflow' retrieved from /home/jonathan-brito/python-projects/airflow/venv/lib/python3.12/site-packages/airflow/example_dags/example_setup_teardown_taskflow.py
[2025-04-21T22:15:13.139-0300] {logging_mixin.py:190} INFO - [2025-04-21T22:15:13.139-0300] {dag.py:3239} INFO - Sync 1 DAGs
[2025-04-21T22:15:13.151-0300] {logging_mixin.py:190} INFO - [2025-04-21T22:15:13.151-0300] {dag.py:4180} INFO - Setting next_dagrun for example_setup_teardown_taskflow to None, run_after=None
[2025-04-21T22:15:13.178-0300] {processor.py:208} INFO - Processing /home/jonathan-brito/python-projects/airflow/venv/lib/python3.12/site-packages/airflow/example_dags/example_setup_teardown_taskflow.py took 0.082 seconds
[2025-04-21T22:16:14.891-0300] {processor.py:186} INFO - Started process (PID=131561) to work on /home/jonathan-brito/python-projects/airflow/venv/lib/python3.12/site-packages/airflow/example_dags/example_setup_teardown_taskflow.py
[2025-04-21T22:16:14.899-0300] {processor.py:914} INFO - Processing file /home/jonathan-brito/python-projects/airflow/venv/lib/python3.12/site-packages/airflow/example_dags/example_setup_teardown_taskflow.py for tasks to queue
[2025-04-21T22:16:14.903-0300] {logging_mixin.py:190} INFO - [2025-04-21T22:16:14.901-0300] {dagbag.py:588} INFO - Filling up the DagBag from /home/jonathan-brito/python-projects/airflow/venv/lib/python3.12/site-packages/airflow/example_dags/example_setup_teardown_taskflow.py
[2025-04-21T22:16:14.926-0300] {processor.py:925} INFO - DAG(s) 'example_setup_teardown_taskflow' retrieved from /home/jonathan-brito/python-projects/airflow/venv/lib/python3.12/site-packages/airflow/example_dags/example_setup_teardown_taskflow.py
[2025-04-21T22:16:14.946-0300] {logging_mixin.py:190} INFO - [2025-04-21T22:16:14.946-0300] {dag.py:3239} INFO - Sync 1 DAGs
[2025-04-21T22:16:14.958-0300] {logging_mixin.py:190} INFO - [2025-04-21T22:16:14.958-0300] {dag.py:4180} INFO - Setting next_dagrun for example_setup_teardown_taskflow to None, run_after=None
[2025-04-21T22:16:14.986-0300] {processor.py:208} INFO - Processing /home/jonathan-brito/python-projects/airflow/venv/lib/python3.12/site-packages/airflow/example_dags/example_setup_teardown_taskflow.py took 0.101 seconds
[2025-04-21T22:17:18.870-0300] {processor.py:186} INFO - Started process (PID=132211) to work on /home/jonathan-brito/python-projects/airflow/venv/lib/python3.12/site-packages/airflow/example_dags/example_setup_teardown_taskflow.py
[2025-04-21T22:17:18.877-0300] {processor.py:914} INFO - Processing file /home/jonathan-brito/python-projects/airflow/venv/lib/python3.12/site-packages/airflow/example_dags/example_setup_teardown_taskflow.py for tasks to queue
[2025-04-21T22:17:18.878-0300] {logging_mixin.py:190} INFO - [2025-04-21T22:17:18.878-0300] {dagbag.py:588} INFO - Filling up the DagBag from /home/jonathan-brito/python-projects/airflow/venv/lib/python3.12/site-packages/airflow/example_dags/example_setup_teardown_taskflow.py
[2025-04-21T22:17:18.888-0300] {processor.py:925} INFO - DAG(s) 'example_setup_teardown_taskflow' retrieved from /home/jonathan-brito/python-projects/airflow/venv/lib/python3.12/site-packages/airflow/example_dags/example_setup_teardown_taskflow.py
[2025-04-21T22:17:18.907-0300] {logging_mixin.py:190} INFO - [2025-04-21T22:17:18.907-0300] {dag.py:3239} INFO - Sync 1 DAGs
[2025-04-21T22:17:18.919-0300] {logging_mixin.py:190} INFO - [2025-04-21T22:17:18.919-0300] {dag.py:4180} INFO - Setting next_dagrun for example_setup_teardown_taskflow to None, run_after=None
[2025-04-21T22:17:18.944-0300] {processor.py:208} INFO - Processing /home/jonathan-brito/python-projects/airflow/venv/lib/python3.12/site-packages/airflow/example_dags/example_setup_teardown_taskflow.py took 0.082 seconds
[2025-04-21T22:18:19.398-0300] {processor.py:186} INFO - Started process (PID=132842) to work on /home/jonathan-brito/python-projects/airflow/venv/lib/python3.12/site-packages/airflow/example_dags/example_setup_teardown_taskflow.py
[2025-04-21T22:18:19.405-0300] {processor.py:914} INFO - Processing file /home/jonathan-brito/python-projects/airflow/venv/lib/python3.12/site-packages/airflow/example_dags/example_setup_teardown_taskflow.py for tasks to queue
[2025-04-21T22:18:19.407-0300] {logging_mixin.py:190} INFO - [2025-04-21T22:18:19.406-0300] {dagbag.py:588} INFO - Filling up the DagBag from /home/jonathan-brito/python-projects/airflow/venv/lib/python3.12/site-packages/airflow/example_dags/example_setup_teardown_taskflow.py
[2025-04-21T22:18:19.418-0300] {processor.py:925} INFO - DAG(s) 'example_setup_teardown_taskflow' retrieved from /home/jonathan-brito/python-projects/airflow/venv/lib/python3.12/site-packages/airflow/example_dags/example_setup_teardown_taskflow.py
[2025-04-21T22:18:19.438-0300] {logging_mixin.py:190} INFO - [2025-04-21T22:18:19.438-0300] {dag.py:3239} INFO - Sync 1 DAGs
[2025-04-21T22:18:19.452-0300] {logging_mixin.py:190} INFO - [2025-04-21T22:18:19.452-0300] {dag.py:4180} INFO - Setting next_dagrun for example_setup_teardown_taskflow to None, run_after=None
[2025-04-21T22:18:19.515-0300] {processor.py:208} INFO - Processing /home/jonathan-brito/python-projects/airflow/venv/lib/python3.12/site-packages/airflow/example_dags/example_setup_teardown_taskflow.py took 0.130 seconds
[2025-04-21T22:19:24.712-0300] {processor.py:186} INFO - Started process (PID=133526) to work on /home/jonathan-brito/python-projects/airflow/venv/lib/python3.12/site-packages/airflow/example_dags/example_setup_teardown_taskflow.py
[2025-04-21T22:19:24.720-0300] {processor.py:914} INFO - Processing file /home/jonathan-brito/python-projects/airflow/venv/lib/python3.12/site-packages/airflow/example_dags/example_setup_teardown_taskflow.py for tasks to queue
[2025-04-21T22:19:24.721-0300] {logging_mixin.py:190} INFO - [2025-04-21T22:19:24.721-0300] {dagbag.py:588} INFO - Filling up the DagBag from /home/jonathan-brito/python-projects/airflow/venv/lib/python3.12/site-packages/airflow/example_dags/example_setup_teardown_taskflow.py
[2025-04-21T22:19:24.734-0300] {processor.py:925} INFO - DAG(s) 'example_setup_teardown_taskflow' retrieved from /home/jonathan-brito/python-projects/airflow/venv/lib/python3.12/site-packages/airflow/example_dags/example_setup_teardown_taskflow.py
[2025-04-21T22:19:24.753-0300] {logging_mixin.py:190} INFO - [2025-04-21T22:19:24.753-0300] {dag.py:3239} INFO - Sync 1 DAGs
[2025-04-21T22:19:24.765-0300] {logging_mixin.py:190} INFO - [2025-04-21T22:19:24.765-0300] {dag.py:4180} INFO - Setting next_dagrun for example_setup_teardown_taskflow to None, run_after=None
[2025-04-21T22:19:24.788-0300] {processor.py:208} INFO - Processing /home/jonathan-brito/python-projects/airflow/venv/lib/python3.12/site-packages/airflow/example_dags/example_setup_teardown_taskflow.py took 0.084 seconds
[2025-04-21T22:20:28.730-0300] {processor.py:186} INFO - Started process (PID=134278) to work on /home/jonathan-brito/python-projects/airflow/venv/lib/python3.12/site-packages/airflow/example_dags/example_setup_teardown_taskflow.py
[2025-04-21T22:20:28.737-0300] {processor.py:914} INFO - Processing file /home/jonathan-brito/python-projects/airflow/venv/lib/python3.12/site-packages/airflow/example_dags/example_setup_teardown_taskflow.py for tasks to queue
[2025-04-21T22:20:28.738-0300] {logging_mixin.py:190} INFO - [2025-04-21T22:20:28.738-0300] {dagbag.py:588} INFO - Filling up the DagBag from /home/jonathan-brito/python-projects/airflow/venv/lib/python3.12/site-packages/airflow/example_dags/example_setup_teardown_taskflow.py
[2025-04-21T22:20:28.750-0300] {processor.py:925} INFO - DAG(s) 'example_setup_teardown_taskflow' retrieved from /home/jonathan-brito/python-projects/airflow/venv/lib/python3.12/site-packages/airflow/example_dags/example_setup_teardown_taskflow.py
[2025-04-21T22:20:28.768-0300] {logging_mixin.py:190} INFO - [2025-04-21T22:20:28.768-0300] {dag.py:3239} INFO - Sync 1 DAGs
[2025-04-21T22:20:28.781-0300] {logging_mixin.py:190} INFO - [2025-04-21T22:20:28.781-0300] {dag.py:4180} INFO - Setting next_dagrun for example_setup_teardown_taskflow to None, run_after=None
[2025-04-21T22:20:28.807-0300] {processor.py:208} INFO - Processing /home/jonathan-brito/python-projects/airflow/venv/lib/python3.12/site-packages/airflow/example_dags/example_setup_teardown_taskflow.py took 0.084 seconds
[2025-04-22T10:24:29.787-0300] {processor.py:186} INFO - Started process (PID=11063) to work on /home/jonathan-brito/python-projects/airflow/venv/lib/python3.12/site-packages/airflow/example_dags/example_setup_teardown_taskflow.py
[2025-04-22T10:24:29.789-0300] {processor.py:914} INFO - Processing file /home/jonathan-brito/python-projects/airflow/venv/lib/python3.12/site-packages/airflow/example_dags/example_setup_teardown_taskflow.py for tasks to queue
[2025-04-22T10:24:29.791-0300] {logging_mixin.py:190} INFO - [2025-04-22T10:24:29.790-0300] {dagbag.py:588} INFO - Filling up the DagBag from /home/jonathan-brito/python-projects/airflow/venv/lib/python3.12/site-packages/airflow/example_dags/example_setup_teardown_taskflow.py
[2025-04-22T10:24:29.804-0300] {processor.py:925} INFO - DAG(s) 'example_setup_teardown_taskflow' retrieved from /home/jonathan-brito/python-projects/airflow/venv/lib/python3.12/site-packages/airflow/example_dags/example_setup_teardown_taskflow.py
[2025-04-22T10:24:29.827-0300] {logging_mixin.py:190} INFO - [2025-04-22T10:24:29.826-0300] {dag.py:3239} INFO - Sync 1 DAGs
[2025-04-22T10:24:29.843-0300] {logging_mixin.py:190} INFO - [2025-04-22T10:24:29.843-0300] {dag.py:4180} INFO - Setting next_dagrun for example_setup_teardown_taskflow to None, run_after=None
[2025-04-22T10:24:29.870-0300] {processor.py:208} INFO - Processing /home/jonathan-brito/python-projects/airflow/venv/lib/python3.12/site-packages/airflow/example_dags/example_setup_teardown_taskflow.py took 0.089 seconds
[2025-04-22T10:25:34.734-0300] {processor.py:186} INFO - Started process (PID=11965) to work on /home/jonathan-brito/python-projects/airflow/venv/lib/python3.12/site-packages/airflow/example_dags/example_setup_teardown_taskflow.py
[2025-04-22T10:25:34.741-0300] {processor.py:914} INFO - Processing file /home/jonathan-brito/python-projects/airflow/venv/lib/python3.12/site-packages/airflow/example_dags/example_setup_teardown_taskflow.py for tasks to queue
[2025-04-22T10:25:34.744-0300] {logging_mixin.py:190} INFO - [2025-04-22T10:25:34.744-0300] {dagbag.py:588} INFO - Filling up the DagBag from /home/jonathan-brito/python-projects/airflow/venv/lib/python3.12/site-packages/airflow/example_dags/example_setup_teardown_taskflow.py
[2025-04-22T10:25:34.759-0300] {processor.py:925} INFO - DAG(s) 'example_setup_teardown_taskflow' retrieved from /home/jonathan-brito/python-projects/airflow/venv/lib/python3.12/site-packages/airflow/example_dags/example_setup_teardown_taskflow.py
[2025-04-22T10:25:34.778-0300] {logging_mixin.py:190} INFO - [2025-04-22T10:25:34.778-0300] {dag.py:3239} INFO - Sync 1 DAGs
[2025-04-22T10:25:34.792-0300] {logging_mixin.py:190} INFO - [2025-04-22T10:25:34.791-0300] {dag.py:4180} INFO - Setting next_dagrun for example_setup_teardown_taskflow to None, run_after=None
[2025-04-22T10:25:34.829-0300] {processor.py:208} INFO - Processing /home/jonathan-brito/python-projects/airflow/venv/lib/python3.12/site-packages/airflow/example_dags/example_setup_teardown_taskflow.py took 0.103 seconds
[2025-04-22T10:27:46.787-0300] {processor.py:186} INFO - Started process (PID=14049) to work on /home/jonathan-brito/python-projects/airflow/venv/lib/python3.12/site-packages/airflow/example_dags/example_setup_teardown_taskflow.py
[2025-04-22T10:27:46.795-0300] {processor.py:914} INFO - Processing file /home/jonathan-brito/python-projects/airflow/venv/lib/python3.12/site-packages/airflow/example_dags/example_setup_teardown_taskflow.py for tasks to queue
[2025-04-22T10:27:46.797-0300] {logging_mixin.py:190} INFO - [2025-04-22T10:27:46.797-0300] {dagbag.py:588} INFO - Filling up the DagBag from /home/jonathan-brito/python-projects/airflow/venv/lib/python3.12/site-packages/airflow/example_dags/example_setup_teardown_taskflow.py
[2025-04-22T10:27:46.814-0300] {processor.py:925} INFO - DAG(s) 'example_setup_teardown_taskflow' retrieved from /home/jonathan-brito/python-projects/airflow/venv/lib/python3.12/site-packages/airflow/example_dags/example_setup_teardown_taskflow.py
[2025-04-22T10:27:46.835-0300] {logging_mixin.py:190} INFO - [2025-04-22T10:27:46.834-0300] {dag.py:3239} INFO - Sync 1 DAGs
[2025-04-22T10:27:46.852-0300] {logging_mixin.py:190} INFO - [2025-04-22T10:27:46.851-0300] {dag.py:4180} INFO - Setting next_dagrun for example_setup_teardown_taskflow to None, run_after=None
[2025-04-22T10:27:46.917-0300] {processor.py:208} INFO - Processing /home/jonathan-brito/python-projects/airflow/venv/lib/python3.12/site-packages/airflow/example_dags/example_setup_teardown_taskflow.py took 0.142 seconds
[2025-04-22T10:30:34.490-0300] {processor.py:186} INFO - Started process (PID=16169) to work on /home/jonathan-brito/python-projects/airflow/venv/lib/python3.12/site-packages/airflow/example_dags/example_setup_teardown_taskflow.py
[2025-04-22T10:30:34.497-0300] {processor.py:914} INFO - Processing file /home/jonathan-brito/python-projects/airflow/venv/lib/python3.12/site-packages/airflow/example_dags/example_setup_teardown_taskflow.py for tasks to queue
[2025-04-22T10:30:34.499-0300] {logging_mixin.py:190} INFO - [2025-04-22T10:30:34.499-0300] {dagbag.py:588} INFO - Filling up the DagBag from /home/jonathan-brito/python-projects/airflow/venv/lib/python3.12/site-packages/airflow/example_dags/example_setup_teardown_taskflow.py
[2025-04-22T10:30:34.512-0300] {processor.py:925} INFO - DAG(s) 'example_setup_teardown_taskflow' retrieved from /home/jonathan-brito/python-projects/airflow/venv/lib/python3.12/site-packages/airflow/example_dags/example_setup_teardown_taskflow.py
[2025-04-22T10:30:34.536-0300] {logging_mixin.py:190} INFO - [2025-04-22T10:30:34.535-0300] {dag.py:3239} INFO - Sync 1 DAGs
[2025-04-22T10:30:34.549-0300] {logging_mixin.py:190} INFO - [2025-04-22T10:30:34.549-0300] {dag.py:4180} INFO - Setting next_dagrun for example_setup_teardown_taskflow to None, run_after=None
[2025-04-22T10:30:34.574-0300] {processor.py:208} INFO - Processing /home/jonathan-brito/python-projects/airflow/venv/lib/python3.12/site-packages/airflow/example_dags/example_setup_teardown_taskflow.py took 0.093 seconds
[2025-04-22T10:31:24.065-0300] {processor.py:186} INFO - Started process (PID=16764) to work on /home/jonathan-brito/python-projects/airflow/venv/lib/python3.12/site-packages/airflow/example_dags/example_setup_teardown_taskflow.py
[2025-04-22T10:31:24.073-0300] {processor.py:914} INFO - Processing file /home/jonathan-brito/python-projects/airflow/venv/lib/python3.12/site-packages/airflow/example_dags/example_setup_teardown_taskflow.py for tasks to queue
[2025-04-22T10:31:24.079-0300] {logging_mixin.py:190} INFO - [2025-04-22T10:31:24.078-0300] {dagbag.py:588} INFO - Filling up the DagBag from /home/jonathan-brito/python-projects/airflow/venv/lib/python3.12/site-packages/airflow/example_dags/example_setup_teardown_taskflow.py
[2025-04-22T10:31:24.113-0300] {processor.py:925} INFO - DAG(s) 'example_setup_teardown_taskflow' retrieved from /home/jonathan-brito/python-projects/airflow/venv/lib/python3.12/site-packages/airflow/example_dags/example_setup_teardown_taskflow.py
[2025-04-22T10:31:24.151-0300] {logging_mixin.py:190} INFO - [2025-04-22T10:31:24.151-0300] {dag.py:3239} INFO - Sync 1 DAGs
[2025-04-22T10:31:24.169-0300] {logging_mixin.py:190} INFO - [2025-04-22T10:31:24.168-0300] {dag.py:4180} INFO - Setting next_dagrun for example_setup_teardown_taskflow to None, run_after=None
[2025-04-22T10:31:24.195-0300] {processor.py:208} INFO - Processing /home/jonathan-brito/python-projects/airflow/venv/lib/python3.12/site-packages/airflow/example_dags/example_setup_teardown_taskflow.py took 0.147 seconds
[2025-04-22T11:08:12.181-0300] {processor.py:186} INFO - Started process (PID=49651) to work on /home/jonathan-brito/python-projects/airflow/venv/lib/python3.12/site-packages/airflow/example_dags/example_setup_teardown_taskflow.py
[2025-04-22T11:08:12.182-0300] {processor.py:914} INFO - Processing file /home/jonathan-brito/python-projects/airflow/venv/lib/python3.12/site-packages/airflow/example_dags/example_setup_teardown_taskflow.py for tasks to queue
[2025-04-22T11:08:12.184-0300] {logging_mixin.py:190} INFO - [2025-04-22T11:08:12.183-0300] {dagbag.py:588} INFO - Filling up the DagBag from /home/jonathan-brito/python-projects/airflow/venv/lib/python3.12/site-packages/airflow/example_dags/example_setup_teardown_taskflow.py
[2025-04-22T11:08:12.196-0300] {processor.py:925} INFO - DAG(s) 'example_setup_teardown_taskflow' retrieved from /home/jonathan-brito/python-projects/airflow/venv/lib/python3.12/site-packages/airflow/example_dags/example_setup_teardown_taskflow.py
[2025-04-22T11:08:12.217-0300] {logging_mixin.py:190} INFO - [2025-04-22T11:08:12.217-0300] {dag.py:3239} INFO - Sync 1 DAGs
[2025-04-22T11:08:12.230-0300] {logging_mixin.py:190} INFO - [2025-04-22T11:08:12.229-0300] {dag.py:4180} INFO - Setting next_dagrun for example_setup_teardown_taskflow to None, run_after=None
[2025-04-22T11:08:12.256-0300] {processor.py:208} INFO - Processing /home/jonathan-brito/python-projects/airflow/venv/lib/python3.12/site-packages/airflow/example_dags/example_setup_teardown_taskflow.py took 0.081 seconds
[2025-04-22T11:09:12.436-0300] {processor.py:186} INFO - Started process (PID=50042) to work on /home/jonathan-brito/python-projects/airflow/venv/lib/python3.12/site-packages/airflow/example_dags/example_setup_teardown_taskflow.py
[2025-04-22T11:09:12.444-0300] {processor.py:914} INFO - Processing file /home/jonathan-brito/python-projects/airflow/venv/lib/python3.12/site-packages/airflow/example_dags/example_setup_teardown_taskflow.py for tasks to queue
[2025-04-22T11:09:12.445-0300] {logging_mixin.py:190} INFO - [2025-04-22T11:09:12.445-0300] {dagbag.py:588} INFO - Filling up the DagBag from /home/jonathan-brito/python-projects/airflow/venv/lib/python3.12/site-packages/airflow/example_dags/example_setup_teardown_taskflow.py
[2025-04-22T11:09:12.456-0300] {processor.py:925} INFO - DAG(s) 'example_setup_teardown_taskflow' retrieved from /home/jonathan-brito/python-projects/airflow/venv/lib/python3.12/site-packages/airflow/example_dags/example_setup_teardown_taskflow.py
[2025-04-22T11:09:12.476-0300] {logging_mixin.py:190} INFO - [2025-04-22T11:09:12.475-0300] {dag.py:3239} INFO - Sync 1 DAGs
[2025-04-22T11:09:12.489-0300] {logging_mixin.py:190} INFO - [2025-04-22T11:09:12.489-0300] {dag.py:4180} INFO - Setting next_dagrun for example_setup_teardown_taskflow to None, run_after=None
[2025-04-22T11:09:12.516-0300] {processor.py:208} INFO - Processing /home/jonathan-brito/python-projects/airflow/venv/lib/python3.12/site-packages/airflow/example_dags/example_setup_teardown_taskflow.py took 0.088 seconds
[2025-04-22T11:10:11.369-0300] {processor.py:186} INFO - Started process (PID=50577) to work on /home/jonathan-brito/python-projects/airflow/venv/lib/python3.12/site-packages/airflow/example_dags/example_setup_teardown_taskflow.py
[2025-04-22T11:10:11.377-0300] {processor.py:914} INFO - Processing file /home/jonathan-brito/python-projects/airflow/venv/lib/python3.12/site-packages/airflow/example_dags/example_setup_teardown_taskflow.py for tasks to queue
[2025-04-22T11:10:11.379-0300] {logging_mixin.py:190} INFO - [2025-04-22T11:10:11.378-0300] {dagbag.py:588} INFO - Filling up the DagBag from /home/jonathan-brito/python-projects/airflow/venv/lib/python3.12/site-packages/airflow/example_dags/example_setup_teardown_taskflow.py
[2025-04-22T11:10:11.396-0300] {processor.py:925} INFO - DAG(s) 'example_setup_teardown_taskflow' retrieved from /home/jonathan-brito/python-projects/airflow/venv/lib/python3.12/site-packages/airflow/example_dags/example_setup_teardown_taskflow.py
[2025-04-22T11:10:11.422-0300] {logging_mixin.py:190} INFO - [2025-04-22T11:10:11.422-0300] {dag.py:3239} INFO - Sync 1 DAGs
[2025-04-22T11:10:11.442-0300] {logging_mixin.py:190} INFO - [2025-04-22T11:10:11.442-0300] {dag.py:4180} INFO - Setting next_dagrun for example_setup_teardown_taskflow to None, run_after=None
[2025-04-22T11:10:11.476-0300] {processor.py:208} INFO - Processing /home/jonathan-brito/python-projects/airflow/venv/lib/python3.12/site-packages/airflow/example_dags/example_setup_teardown_taskflow.py took 0.116 seconds
[2025-04-22T11:11:14.004-0300] {processor.py:186} INFO - Started process (PID=50981) to work on /home/jonathan-brito/python-projects/airflow/venv/lib/python3.12/site-packages/airflow/example_dags/example_setup_teardown_taskflow.py
[2025-04-22T11:11:14.011-0300] {processor.py:914} INFO - Processing file /home/jonathan-brito/python-projects/airflow/venv/lib/python3.12/site-packages/airflow/example_dags/example_setup_teardown_taskflow.py for tasks to queue
[2025-04-22T11:11:14.012-0300] {logging_mixin.py:190} INFO - [2025-04-22T11:11:14.012-0300] {dagbag.py:588} INFO - Filling up the DagBag from /home/jonathan-brito/python-projects/airflow/venv/lib/python3.12/site-packages/airflow/example_dags/example_setup_teardown_taskflow.py
[2025-04-22T11:11:14.023-0300] {processor.py:925} INFO - DAG(s) 'example_setup_teardown_taskflow' retrieved from /home/jonathan-brito/python-projects/airflow/venv/lib/python3.12/site-packages/airflow/example_dags/example_setup_teardown_taskflow.py
[2025-04-22T11:11:14.046-0300] {logging_mixin.py:190} INFO - [2025-04-22T11:11:14.046-0300] {dag.py:3239} INFO - Sync 1 DAGs
[2025-04-22T11:11:14.062-0300] {logging_mixin.py:190} INFO - [2025-04-22T11:11:14.061-0300] {dag.py:4180} INFO - Setting next_dagrun for example_setup_teardown_taskflow to None, run_after=None
[2025-04-22T11:11:14.099-0300] {processor.py:208} INFO - Processing /home/jonathan-brito/python-projects/airflow/venv/lib/python3.12/site-packages/airflow/example_dags/example_setup_teardown_taskflow.py took 0.104 seconds
