[2025-04-21T21:23:34.969-0300] {processor.py:186} INFO - Started process (PID=70539) to work on /home/jonathan-brito/python-projects/airflow/venv/lib/python3.12/site-packages/airflow/example_dags/example_short_circuit_operator.py
[2025-04-21T21:23:34.970-0300] {processor.py:914} INFO - Processing file /home/jonathan-brito/python-projects/airflow/venv/lib/python3.12/site-packages/airflow/example_dags/example_short_circuit_operator.py for tasks to queue
[2025-04-21T21:23:34.973-0300] {logging_mixin.py:190} INFO - [2025-04-21T21:23:34.973-0300] {dagbag.py:588} INFO - Filling up the DagBag from /home/jonathan-brito/python-projects/airflow/venv/lib/python3.12/site-packages/airflow/example_dags/example_short_circuit_operator.py
[2025-04-21T21:23:34.984-0300] {processor.py:925} INFO - DAG(s) 'example_short_circuit_operator' retrieved from /home/jonathan-brito/python-projects/airflow/venv/lib/python3.12/site-packages/airflow/example_dags/example_short_circuit_operator.py
[2025-04-21T21:23:35.006-0300] {logging_mixin.py:190} INFO - [2025-04-21T21:23:35.006-0300] {dag.py:3239} INFO - Sync 1 DAGs
[2025-04-21T21:23:35.019-0300] {logging_mixin.py:190} INFO - [2025-04-21T21:23:35.019-0300] {dag.py:4180} INFO - Setting next_dagrun for example_short_circuit_operator to None, run_after=None
[2025-04-21T21:23:35.053-0300] {processor.py:208} INFO - Processing /home/jonathan-brito/python-projects/airflow/venv/lib/python3.12/site-packages/airflow/example_dags/example_short_circuit_operator.py took 0.091 seconds
[2025-04-21T21:24:42.268-0300] {processor.py:186} INFO - Started process (PID=71412) to work on /home/jonathan-brito/python-projects/airflow/venv/lib/python3.12/site-packages/airflow/example_dags/example_short_circuit_operator.py
[2025-04-21T21:24:42.277-0300] {processor.py:914} INFO - Processing file /home/jonathan-brito/python-projects/airflow/venv/lib/python3.12/site-packages/airflow/example_dags/example_short_circuit_operator.py for tasks to queue
[2025-04-21T21:24:42.284-0300] {logging_mixin.py:190} INFO - [2025-04-21T21:24:42.282-0300] {dagbag.py:588} INFO - Filling up the DagBag from /home/jonathan-brito/python-projects/airflow/venv/lib/python3.12/site-packages/airflow/example_dags/example_short_circuit_operator.py
[2025-04-21T21:24:42.313-0300] {processor.py:925} INFO - DAG(s) 'example_short_circuit_operator' retrieved from /home/jonathan-brito/python-projects/airflow/venv/lib/python3.12/site-packages/airflow/example_dags/example_short_circuit_operator.py
[2025-04-21T21:24:42.339-0300] {logging_mixin.py:190} INFO - [2025-04-21T21:24:42.338-0300] {dag.py:3239} INFO - Sync 1 DAGs
[2025-04-21T21:24:42.354-0300] {logging_mixin.py:190} INFO - [2025-04-21T21:24:42.354-0300] {dag.py:4180} INFO - Setting next_dagrun for example_short_circuit_operator to None, run_after=None
[2025-04-21T21:24:42.389-0300] {processor.py:208} INFO - Processing /home/jonathan-brito/python-projects/airflow/venv/lib/python3.12/site-packages/airflow/example_dags/example_short_circuit_operator.py took 0.141 seconds
[2025-04-21T22:09:52.209-0300] {processor.py:186} INFO - Started process (PID=127110) to work on /home/jonathan-brito/python-projects/airflow/venv/lib/python3.12/site-packages/airflow/example_dags/example_short_circuit_operator.py
[2025-04-21T22:09:52.216-0300] {processor.py:914} INFO - Processing file /home/jonathan-brito/python-projects/airflow/venv/lib/python3.12/site-packages/airflow/example_dags/example_short_circuit_operator.py for tasks to queue
[2025-04-21T22:09:52.218-0300] {logging_mixin.py:190} INFO - [2025-04-21T22:09:52.217-0300] {dagbag.py:588} INFO - Filling up the DagBag from /home/jonathan-brito/python-projects/airflow/venv/lib/python3.12/site-packages/airflow/example_dags/example_short_circuit_operator.py
[2025-04-21T22:09:52.224-0300] {processor.py:925} INFO - DAG(s) 'example_short_circuit_operator' retrieved from /home/jonathan-brito/python-projects/airflow/venv/lib/python3.12/site-packages/airflow/example_dags/example_short_circuit_operator.py
[2025-04-21T22:09:52.246-0300] {logging_mixin.py:190} INFO - [2025-04-21T22:09:52.246-0300] {dag.py:3239} INFO - Sync 1 DAGs
[2025-04-21T22:09:52.259-0300] {logging_mixin.py:190} INFO - [2025-04-21T22:09:52.259-0300] {dag.py:4180} INFO - Setting next_dagrun for example_short_circuit_operator to None, run_after=None
[2025-04-21T22:09:52.294-0300] {processor.py:208} INFO - Processing /home/jonathan-brito/python-projects/airflow/venv/lib/python3.12/site-packages/airflow/example_dags/example_short_circuit_operator.py took 0.090 seconds
[2025-04-21T22:10:55.741-0300] {processor.py:186} INFO - Started process (PID=128047) to work on /home/jonathan-brito/python-projects/airflow/venv/lib/python3.12/site-packages/airflow/example_dags/example_short_circuit_operator.py
[2025-04-21T22:10:55.742-0300] {processor.py:914} INFO - Processing file /home/jonathan-brito/python-projects/airflow/venv/lib/python3.12/site-packages/airflow/example_dags/example_short_circuit_operator.py for tasks to queue
[2025-04-21T22:10:55.743-0300] {logging_mixin.py:190} INFO - [2025-04-21T22:10:55.743-0300] {dagbag.py:588} INFO - Filling up the DagBag from /home/jonathan-brito/python-projects/airflow/venv/lib/python3.12/site-packages/airflow/example_dags/example_short_circuit_operator.py
[2025-04-21T22:10:55.752-0300] {processor.py:925} INFO - DAG(s) 'example_short_circuit_operator' retrieved from /home/jonathan-brito/python-projects/airflow/venv/lib/python3.12/site-packages/airflow/example_dags/example_short_circuit_operator.py
[2025-04-21T22:10:55.778-0300] {logging_mixin.py:190} INFO - [2025-04-21T22:10:55.778-0300] {dag.py:3239} INFO - Sync 1 DAGs
[2025-04-21T22:10:55.793-0300] {logging_mixin.py:190} INFO - [2025-04-21T22:10:55.793-0300] {dag.py:4180} INFO - Setting next_dagrun for example_short_circuit_operator to None, run_after=None
[2025-04-21T22:10:55.822-0300] {processor.py:208} INFO - Processing /home/jonathan-brito/python-projects/airflow/venv/lib/python3.12/site-packages/airflow/example_dags/example_short_circuit_operator.py took 0.089 seconds
[2025-04-21T22:11:58.028-0300] {processor.py:186} INFO - Started process (PID=128773) to work on /home/jonathan-brito/python-projects/airflow/venv/lib/python3.12/site-packages/airflow/example_dags/example_short_circuit_operator.py
[2025-04-21T22:11:58.036-0300] {processor.py:914} INFO - Processing file /home/jonathan-brito/python-projects/airflow/venv/lib/python3.12/site-packages/airflow/example_dags/example_short_circuit_operator.py for tasks to queue
[2025-04-21T22:11:58.040-0300] {logging_mixin.py:190} INFO - [2025-04-21T22:11:58.039-0300] {dagbag.py:588} INFO - Filling up the DagBag from /home/jonathan-brito/python-projects/airflow/venv/lib/python3.12/site-packages/airflow/example_dags/example_short_circuit_operator.py
[2025-04-21T22:11:58.058-0300] {processor.py:925} INFO - DAG(s) 'example_short_circuit_operator' retrieved from /home/jonathan-brito/python-projects/airflow/venv/lib/python3.12/site-packages/airflow/example_dags/example_short_circuit_operator.py
[2025-04-21T22:11:58.094-0300] {logging_mixin.py:190} INFO - [2025-04-21T22:11:58.093-0300] {dag.py:3239} INFO - Sync 1 DAGs
[2025-04-21T22:11:58.108-0300] {logging_mixin.py:190} INFO - [2025-04-21T22:11:58.107-0300] {dag.py:4180} INFO - Setting next_dagrun for example_short_circuit_operator to None, run_after=None
[2025-04-21T22:11:58.132-0300] {processor.py:208} INFO - Processing /home/jonathan-brito/python-projects/airflow/venv/lib/python3.12/site-packages/airflow/example_dags/example_short_circuit_operator.py took 0.111 seconds
[2025-04-21T22:13:00.420-0300] {processor.py:186} INFO - Started process (PID=129412) to work on /home/jonathan-brito/python-projects/airflow/venv/lib/python3.12/site-packages/airflow/example_dags/example_short_circuit_operator.py
[2025-04-21T22:13:00.427-0300] {processor.py:914} INFO - Processing file /home/jonathan-brito/python-projects/airflow/venv/lib/python3.12/site-packages/airflow/example_dags/example_short_circuit_operator.py for tasks to queue
[2025-04-21T22:13:00.429-0300] {logging_mixin.py:190} INFO - [2025-04-21T22:13:00.428-0300] {dagbag.py:588} INFO - Filling up the DagBag from /home/jonathan-brito/python-projects/airflow/venv/lib/python3.12/site-packages/airflow/example_dags/example_short_circuit_operator.py
[2025-04-21T22:13:00.436-0300] {processor.py:925} INFO - DAG(s) 'example_short_circuit_operator' retrieved from /home/jonathan-brito/python-projects/airflow/venv/lib/python3.12/site-packages/airflow/example_dags/example_short_circuit_operator.py
[2025-04-21T22:13:00.457-0300] {logging_mixin.py:190} INFO - [2025-04-21T22:13:00.456-0300] {dag.py:3239} INFO - Sync 1 DAGs
[2025-04-21T22:13:00.469-0300] {logging_mixin.py:190} INFO - [2025-04-21T22:13:00.469-0300] {dag.py:4180} INFO - Setting next_dagrun for example_short_circuit_operator to None, run_after=None
[2025-04-21T22:13:00.493-0300] {processor.py:208} INFO - Processing /home/jonathan-brito/python-projects/airflow/venv/lib/python3.12/site-packages/airflow/example_dags/example_short_circuit_operator.py took 0.079 seconds
[2025-04-21T22:14:05.349-0300] {processor.py:186} INFO - Started process (PID=130180) to work on /home/jonathan-brito/python-projects/airflow/venv/lib/python3.12/site-packages/airflow/example_dags/example_short_circuit_operator.py
[2025-04-21T22:14:05.356-0300] {processor.py:914} INFO - Processing file /home/jonathan-brito/python-projects/airflow/venv/lib/python3.12/site-packages/airflow/example_dags/example_short_circuit_operator.py for tasks to queue
[2025-04-21T22:14:05.357-0300] {logging_mixin.py:190} INFO - [2025-04-21T22:14:05.357-0300] {dagbag.py:588} INFO - Filling up the DagBag from /home/jonathan-brito/python-projects/airflow/venv/lib/python3.12/site-packages/airflow/example_dags/example_short_circuit_operator.py
[2025-04-21T22:14:05.365-0300] {processor.py:925} INFO - DAG(s) 'example_short_circuit_operator' retrieved from /home/jonathan-brito/python-projects/airflow/venv/lib/python3.12/site-packages/airflow/example_dags/example_short_circuit_operator.py
[2025-04-21T22:14:05.385-0300] {logging_mixin.py:190} INFO - [2025-04-21T22:14:05.385-0300] {dag.py:3239} INFO - Sync 1 DAGs
[2025-04-21T22:14:05.397-0300] {logging_mixin.py:190} INFO - [2025-04-21T22:14:05.397-0300] {dag.py:4180} INFO - Setting next_dagrun for example_short_circuit_operator to None, run_after=None
[2025-04-21T22:14:05.424-0300] {processor.py:208} INFO - Processing /home/jonathan-brito/python-projects/airflow/venv/lib/python3.12/site-packages/airflow/example_dags/example_short_circuit_operator.py took 0.082 seconds
[2025-04-21T22:15:06.758-0300] {processor.py:186} INFO - Started process (PID=130860) to work on /home/jonathan-brito/python-projects/airflow/venv/lib/python3.12/site-packages/airflow/example_dags/example_short_circuit_operator.py
[2025-04-21T22:15:06.765-0300] {processor.py:914} INFO - Processing file /home/jonathan-brito/python-projects/airflow/venv/lib/python3.12/site-packages/airflow/example_dags/example_short_circuit_operator.py for tasks to queue
[2025-04-21T22:15:06.767-0300] {logging_mixin.py:190} INFO - [2025-04-21T22:15:06.766-0300] {dagbag.py:588} INFO - Filling up the DagBag from /home/jonathan-brito/python-projects/airflow/venv/lib/python3.12/site-packages/airflow/example_dags/example_short_circuit_operator.py
[2025-04-21T22:15:06.775-0300] {processor.py:925} INFO - DAG(s) 'example_short_circuit_operator' retrieved from /home/jonathan-brito/python-projects/airflow/venv/lib/python3.12/site-packages/airflow/example_dags/example_short_circuit_operator.py
[2025-04-21T22:15:06.797-0300] {logging_mixin.py:190} INFO - [2025-04-21T22:15:06.797-0300] {dag.py:3239} INFO - Sync 1 DAGs
[2025-04-21T22:15:06.810-0300] {logging_mixin.py:190} INFO - [2025-04-21T22:15:06.810-0300] {dag.py:4180} INFO - Setting next_dagrun for example_short_circuit_operator to None, run_after=None
[2025-04-21T22:15:06.838-0300] {processor.py:208} INFO - Processing /home/jonathan-brito/python-projects/airflow/venv/lib/python3.12/site-packages/airflow/example_dags/example_short_circuit_operator.py took 0.086 seconds
[2025-04-21T22:16:08.513-0300] {processor.py:186} INFO - Started process (PID=131505) to work on /home/jonathan-brito/python-projects/airflow/venv/lib/python3.12/site-packages/airflow/example_dags/example_short_circuit_operator.py
[2025-04-21T22:16:08.520-0300] {processor.py:914} INFO - Processing file /home/jonathan-brito/python-projects/airflow/venv/lib/python3.12/site-packages/airflow/example_dags/example_short_circuit_operator.py for tasks to queue
[2025-04-21T22:16:08.522-0300] {logging_mixin.py:190} INFO - [2025-04-21T22:16:08.522-0300] {dagbag.py:588} INFO - Filling up the DagBag from /home/jonathan-brito/python-projects/airflow/venv/lib/python3.12/site-packages/airflow/example_dags/example_short_circuit_operator.py
[2025-04-21T22:16:08.532-0300] {processor.py:925} INFO - DAG(s) 'example_short_circuit_operator' retrieved from /home/jonathan-brito/python-projects/airflow/venv/lib/python3.12/site-packages/airflow/example_dags/example_short_circuit_operator.py
[2025-04-21T22:16:08.552-0300] {logging_mixin.py:190} INFO - [2025-04-21T22:16:08.552-0300] {dag.py:3239} INFO - Sync 1 DAGs
[2025-04-21T22:16:08.564-0300] {logging_mixin.py:190} INFO - [2025-04-21T22:16:08.564-0300] {dag.py:4180} INFO - Setting next_dagrun for example_short_circuit_operator to None, run_after=None
[2025-04-21T22:16:08.587-0300] {processor.py:208} INFO - Processing /home/jonathan-brito/python-projects/airflow/venv/lib/python3.12/site-packages/airflow/example_dags/example_short_circuit_operator.py took 0.083 seconds
[2025-04-21T22:17:12.263-0300] {processor.py:186} INFO - Started process (PID=132155) to work on /home/jonathan-brito/python-projects/airflow/venv/lib/python3.12/site-packages/airflow/example_dags/example_short_circuit_operator.py
[2025-04-21T22:17:12.270-0300] {processor.py:914} INFO - Processing file /home/jonathan-brito/python-projects/airflow/venv/lib/python3.12/site-packages/airflow/example_dags/example_short_circuit_operator.py for tasks to queue
[2025-04-21T22:17:12.274-0300] {logging_mixin.py:190} INFO - [2025-04-21T22:17:12.273-0300] {dagbag.py:588} INFO - Filling up the DagBag from /home/jonathan-brito/python-projects/airflow/venv/lib/python3.12/site-packages/airflow/example_dags/example_short_circuit_operator.py
[2025-04-21T22:17:12.288-0300] {processor.py:925} INFO - DAG(s) 'example_short_circuit_operator' retrieved from /home/jonathan-brito/python-projects/airflow/venv/lib/python3.12/site-packages/airflow/example_dags/example_short_circuit_operator.py
[2025-04-21T22:17:12.309-0300] {logging_mixin.py:190} INFO - [2025-04-21T22:17:12.309-0300] {dag.py:3239} INFO - Sync 1 DAGs
[2025-04-21T22:17:12.322-0300] {logging_mixin.py:190} INFO - [2025-04-21T22:17:12.322-0300] {dag.py:4180} INFO - Setting next_dagrun for example_short_circuit_operator to None, run_after=None
[2025-04-21T22:17:12.363-0300] {processor.py:208} INFO - Processing /home/jonathan-brito/python-projects/airflow/venv/lib/python3.12/site-packages/airflow/example_dags/example_short_circuit_operator.py took 0.108 seconds
[2025-04-21T22:18:14.172-0300] {processor.py:186} INFO - Started process (PID=132804) to work on /home/jonathan-brito/python-projects/airflow/venv/lib/python3.12/site-packages/airflow/example_dags/example_short_circuit_operator.py
[2025-04-21T22:18:14.183-0300] {processor.py:914} INFO - Processing file /home/jonathan-brito/python-projects/airflow/venv/lib/python3.12/site-packages/airflow/example_dags/example_short_circuit_operator.py for tasks to queue
[2025-04-21T22:18:14.185-0300] {logging_mixin.py:190} INFO - [2025-04-21T22:18:14.184-0300] {dagbag.py:588} INFO - Filling up the DagBag from /home/jonathan-brito/python-projects/airflow/venv/lib/python3.12/site-packages/airflow/example_dags/example_short_circuit_operator.py
[2025-04-21T22:18:14.202-0300] {processor.py:925} INFO - DAG(s) 'example_short_circuit_operator' retrieved from /home/jonathan-brito/python-projects/airflow/venv/lib/python3.12/site-packages/airflow/example_dags/example_short_circuit_operator.py
[2025-04-21T22:18:14.229-0300] {logging_mixin.py:190} INFO - [2025-04-21T22:18:14.228-0300] {dag.py:3239} INFO - Sync 1 DAGs
[2025-04-21T22:18:14.241-0300] {logging_mixin.py:190} INFO - [2025-04-21T22:18:14.241-0300] {dag.py:4180} INFO - Setting next_dagrun for example_short_circuit_operator to None, run_after=None
[2025-04-21T22:18:14.275-0300] {processor.py:208} INFO - Processing /home/jonathan-brito/python-projects/airflow/venv/lib/python3.12/site-packages/airflow/example_dags/example_short_circuit_operator.py took 0.113 seconds
[2025-04-21T22:19:18.319-0300] {processor.py:186} INFO - Started process (PID=133472) to work on /home/jonathan-brito/python-projects/airflow/venv/lib/python3.12/site-packages/airflow/example_dags/example_short_circuit_operator.py
[2025-04-21T22:19:18.326-0300] {processor.py:914} INFO - Processing file /home/jonathan-brito/python-projects/airflow/venv/lib/python3.12/site-packages/airflow/example_dags/example_short_circuit_operator.py for tasks to queue
[2025-04-21T22:19:18.327-0300] {logging_mixin.py:190} INFO - [2025-04-21T22:19:18.327-0300] {dagbag.py:588} INFO - Filling up the DagBag from /home/jonathan-brito/python-projects/airflow/venv/lib/python3.12/site-packages/airflow/example_dags/example_short_circuit_operator.py
[2025-04-21T22:19:18.335-0300] {processor.py:925} INFO - DAG(s) 'example_short_circuit_operator' retrieved from /home/jonathan-brito/python-projects/airflow/venv/lib/python3.12/site-packages/airflow/example_dags/example_short_circuit_operator.py
[2025-04-21T22:19:18.361-0300] {logging_mixin.py:190} INFO - [2025-04-21T22:19:18.360-0300] {dag.py:3239} INFO - Sync 1 DAGs
[2025-04-21T22:19:18.378-0300] {logging_mixin.py:190} INFO - [2025-04-21T22:19:18.378-0300] {dag.py:4180} INFO - Setting next_dagrun for example_short_circuit_operator to None, run_after=None
[2025-04-21T22:19:18.408-0300] {processor.py:208} INFO - Processing /home/jonathan-brito/python-projects/airflow/venv/lib/python3.12/site-packages/airflow/example_dags/example_short_circuit_operator.py took 0.097 seconds
[2025-04-21T22:20:22.562-0300] {processor.py:186} INFO - Started process (PID=134194) to work on /home/jonathan-brito/python-projects/airflow/venv/lib/python3.12/site-packages/airflow/example_dags/example_short_circuit_operator.py
[2025-04-21T22:20:22.569-0300] {processor.py:914} INFO - Processing file /home/jonathan-brito/python-projects/airflow/venv/lib/python3.12/site-packages/airflow/example_dags/example_short_circuit_operator.py for tasks to queue
[2025-04-21T22:20:22.570-0300] {logging_mixin.py:190} INFO - [2025-04-21T22:20:22.570-0300] {dagbag.py:588} INFO - Filling up the DagBag from /home/jonathan-brito/python-projects/airflow/venv/lib/python3.12/site-packages/airflow/example_dags/example_short_circuit_operator.py
[2025-04-21T22:20:22.578-0300] {processor.py:925} INFO - DAG(s) 'example_short_circuit_operator' retrieved from /home/jonathan-brito/python-projects/airflow/venv/lib/python3.12/site-packages/airflow/example_dags/example_short_circuit_operator.py
[2025-04-21T22:20:22.601-0300] {logging_mixin.py:190} INFO - [2025-04-21T22:20:22.601-0300] {dag.py:3239} INFO - Sync 1 DAGs
[2025-04-21T22:20:22.617-0300] {logging_mixin.py:190} INFO - [2025-04-21T22:20:22.617-0300] {dag.py:4180} INFO - Setting next_dagrun for example_short_circuit_operator to None, run_after=None
[2025-04-21T22:20:22.645-0300] {processor.py:208} INFO - Processing /home/jonathan-brito/python-projects/airflow/venv/lib/python3.12/site-packages/airflow/example_dags/example_short_circuit_operator.py took 0.090 seconds
[2025-04-22T10:24:16.291-0300] {processor.py:186} INFO - Started process (PID=10812) to work on /home/jonathan-brito/python-projects/airflow/venv/lib/python3.12/site-packages/airflow/example_dags/example_short_circuit_operator.py
[2025-04-22T10:24:16.298-0300] {processor.py:914} INFO - Processing file /home/jonathan-brito/python-projects/airflow/venv/lib/python3.12/site-packages/airflow/example_dags/example_short_circuit_operator.py for tasks to queue
[2025-04-22T10:24:16.300-0300] {logging_mixin.py:190} INFO - [2025-04-22T10:24:16.300-0300] {dagbag.py:588} INFO - Filling up the DagBag from /home/jonathan-brito/python-projects/airflow/venv/lib/python3.12/site-packages/airflow/example_dags/example_short_circuit_operator.py
[2025-04-22T10:24:16.310-0300] {processor.py:925} INFO - DAG(s) 'example_short_circuit_operator' retrieved from /home/jonathan-brito/python-projects/airflow/venv/lib/python3.12/site-packages/airflow/example_dags/example_short_circuit_operator.py
[2025-04-22T10:24:16.332-0300] {logging_mixin.py:190} INFO - [2025-04-22T10:24:16.332-0300] {dag.py:3239} INFO - Sync 1 DAGs
[2025-04-22T10:24:16.345-0300] {logging_mixin.py:190} INFO - [2025-04-22T10:24:16.345-0300] {dag.py:4180} INFO - Setting next_dagrun for example_short_circuit_operator to None, run_after=None
[2025-04-22T10:24:16.371-0300] {processor.py:208} INFO - Processing /home/jonathan-brito/python-projects/airflow/venv/lib/python3.12/site-packages/airflow/example_dags/example_short_circuit_operator.py took 0.086 seconds
[2025-04-22T10:25:28.776-0300] {processor.py:186} INFO - Started process (PID=11928) to work on /home/jonathan-brito/python-projects/airflow/venv/lib/python3.12/site-packages/airflow/example_dags/example_short_circuit_operator.py
[2025-04-22T10:25:28.784-0300] {processor.py:914} INFO - Processing file /home/jonathan-brito/python-projects/airflow/venv/lib/python3.12/site-packages/airflow/example_dags/example_short_circuit_operator.py for tasks to queue
[2025-04-22T10:25:28.786-0300] {logging_mixin.py:190} INFO - [2025-04-22T10:25:28.786-0300] {dagbag.py:588} INFO - Filling up the DagBag from /home/jonathan-brito/python-projects/airflow/venv/lib/python3.12/site-packages/airflow/example_dags/example_short_circuit_operator.py
[2025-04-22T10:25:28.799-0300] {processor.py:925} INFO - DAG(s) 'example_short_circuit_operator' retrieved from /home/jonathan-brito/python-projects/airflow/venv/lib/python3.12/site-packages/airflow/example_dags/example_short_circuit_operator.py
[2025-04-22T10:25:28.822-0300] {logging_mixin.py:190} INFO - [2025-04-22T10:25:28.822-0300] {dag.py:3239} INFO - Sync 1 DAGs
[2025-04-22T10:25:28.835-0300] {logging_mixin.py:190} INFO - [2025-04-22T10:25:28.835-0300] {dag.py:4180} INFO - Setting next_dagrun for example_short_circuit_operator to None, run_after=None
[2025-04-22T10:25:28.867-0300] {processor.py:208} INFO - Processing /home/jonathan-brito/python-projects/airflow/venv/lib/python3.12/site-packages/airflow/example_dags/example_short_circuit_operator.py took 0.098 seconds
[2025-04-22T10:27:38.983-0300] {processor.py:186} INFO - Started process (PID=13928) to work on /home/jonathan-brito/python-projects/airflow/venv/lib/python3.12/site-packages/airflow/example_dags/example_short_circuit_operator.py
[2025-04-22T10:27:38.990-0300] {processor.py:914} INFO - Processing file /home/jonathan-brito/python-projects/airflow/venv/lib/python3.12/site-packages/airflow/example_dags/example_short_circuit_operator.py for tasks to queue
[2025-04-22T10:27:38.995-0300] {logging_mixin.py:190} INFO - [2025-04-22T10:27:38.994-0300] {dagbag.py:588} INFO - Filling up the DagBag from /home/jonathan-brito/python-projects/airflow/venv/lib/python3.12/site-packages/airflow/example_dags/example_short_circuit_operator.py
[2025-04-22T10:27:39.012-0300] {processor.py:925} INFO - DAG(s) 'example_short_circuit_operator' retrieved from /home/jonathan-brito/python-projects/airflow/venv/lib/python3.12/site-packages/airflow/example_dags/example_short_circuit_operator.py
[2025-04-22T10:27:39.041-0300] {logging_mixin.py:190} INFO - [2025-04-22T10:27:39.041-0300] {dag.py:3239} INFO - Sync 1 DAGs
[2025-04-22T10:27:39.055-0300] {logging_mixin.py:190} INFO - [2025-04-22T10:27:39.055-0300] {dag.py:4180} INFO - Setting next_dagrun for example_short_circuit_operator to None, run_after=None
[2025-04-22T10:27:39.082-0300] {processor.py:208} INFO - Processing /home/jonathan-brito/python-projects/airflow/venv/lib/python3.12/site-packages/airflow/example_dags/example_short_circuit_operator.py took 0.109 seconds
[2025-04-22T10:30:27.042-0300] {processor.py:186} INFO - Started process (PID=16113) to work on /home/jonathan-brito/python-projects/airflow/venv/lib/python3.12/site-packages/airflow/example_dags/example_short_circuit_operator.py
[2025-04-22T10:30:27.050-0300] {processor.py:914} INFO - Processing file /home/jonathan-brito/python-projects/airflow/venv/lib/python3.12/site-packages/airflow/example_dags/example_short_circuit_operator.py for tasks to queue
[2025-04-22T10:30:27.056-0300] {logging_mixin.py:190} INFO - [2025-04-22T10:30:27.055-0300] {dagbag.py:588} INFO - Filling up the DagBag from /home/jonathan-brito/python-projects/airflow/venv/lib/python3.12/site-packages/airflow/example_dags/example_short_circuit_operator.py
[2025-04-22T10:30:27.084-0300] {processor.py:925} INFO - DAG(s) 'example_short_circuit_operator' retrieved from /home/jonathan-brito/python-projects/airflow/venv/lib/python3.12/site-packages/airflow/example_dags/example_short_circuit_operator.py
[2025-04-22T10:30:27.131-0300] {logging_mixin.py:190} INFO - [2025-04-22T10:30:27.131-0300] {dag.py:3239} INFO - Sync 1 DAGs
[2025-04-22T10:30:27.147-0300] {logging_mixin.py:190} INFO - [2025-04-22T10:30:27.146-0300] {dag.py:4180} INFO - Setting next_dagrun for example_short_circuit_operator to None, run_after=None
[2025-04-22T10:30:27.175-0300] {processor.py:208} INFO - Processing /home/jonathan-brito/python-projects/airflow/venv/lib/python3.12/site-packages/airflow/example_dags/example_short_circuit_operator.py took 0.142 seconds
[2025-04-22T10:31:17.539-0300] {processor.py:186} INFO - Started process (PID=16699) to work on /home/jonathan-brito/python-projects/airflow/venv/lib/python3.12/site-packages/airflow/example_dags/example_short_circuit_operator.py
[2025-04-22T10:31:17.546-0300] {processor.py:914} INFO - Processing file /home/jonathan-brito/python-projects/airflow/venv/lib/python3.12/site-packages/airflow/example_dags/example_short_circuit_operator.py for tasks to queue
[2025-04-22T10:31:17.549-0300] {logging_mixin.py:190} INFO - [2025-04-22T10:31:17.549-0300] {dagbag.py:588} INFO - Filling up the DagBag from /home/jonathan-brito/python-projects/airflow/venv/lib/python3.12/site-packages/airflow/example_dags/example_short_circuit_operator.py
[2025-04-22T10:31:17.563-0300] {processor.py:925} INFO - DAG(s) 'example_short_circuit_operator' retrieved from /home/jonathan-brito/python-projects/airflow/venv/lib/python3.12/site-packages/airflow/example_dags/example_short_circuit_operator.py
[2025-04-22T10:31:17.588-0300] {logging_mixin.py:190} INFO - [2025-04-22T10:31:17.588-0300] {dag.py:3239} INFO - Sync 1 DAGs
[2025-04-22T10:31:17.605-0300] {logging_mixin.py:190} INFO - [2025-04-22T10:31:17.605-0300] {dag.py:4180} INFO - Setting next_dagrun for example_short_circuit_operator to None, run_after=None
[2025-04-22T10:31:17.646-0300] {processor.py:208} INFO - Processing /home/jonathan-brito/python-projects/airflow/venv/lib/python3.12/site-packages/airflow/example_dags/example_short_circuit_operator.py took 0.116 seconds
[2025-04-22T11:08:06.224-0300] {processor.py:186} INFO - Started process (PID=49621) to work on /home/jonathan-brito/python-projects/airflow/venv/lib/python3.12/site-packages/airflow/example_dags/example_short_circuit_operator.py
[2025-04-22T11:08:06.226-0300] {processor.py:914} INFO - Processing file /home/jonathan-brito/python-projects/airflow/venv/lib/python3.12/site-packages/airflow/example_dags/example_short_circuit_operator.py for tasks to queue
[2025-04-22T11:08:06.228-0300] {logging_mixin.py:190} INFO - [2025-04-22T11:08:06.228-0300] {dagbag.py:588} INFO - Filling up the DagBag from /home/jonathan-brito/python-projects/airflow/venv/lib/python3.12/site-packages/airflow/example_dags/example_short_circuit_operator.py
[2025-04-22T11:08:06.239-0300] {processor.py:925} INFO - DAG(s) 'example_short_circuit_operator' retrieved from /home/jonathan-brito/python-projects/airflow/venv/lib/python3.12/site-packages/airflow/example_dags/example_short_circuit_operator.py
[2025-04-22T11:08:06.269-0300] {logging_mixin.py:190} INFO - [2025-04-22T11:08:06.269-0300] {dag.py:3239} INFO - Sync 1 DAGs
[2025-04-22T11:08:06.287-0300] {logging_mixin.py:190} INFO - [2025-04-22T11:08:06.286-0300] {dag.py:4180} INFO - Setting next_dagrun for example_short_circuit_operator to None, run_after=None
[2025-04-22T11:08:06.310-0300] {processor.py:208} INFO - Processing /home/jonathan-brito/python-projects/airflow/venv/lib/python3.12/site-packages/airflow/example_dags/example_short_circuit_operator.py took 0.096 seconds
[2025-04-22T11:09:06.072-0300] {processor.py:186} INFO - Started process (PID=50012) to work on /home/jonathan-brito/python-projects/airflow/venv/lib/python3.12/site-packages/airflow/example_dags/example_short_circuit_operator.py
[2025-04-22T11:09:06.079-0300] {processor.py:914} INFO - Processing file /home/jonathan-brito/python-projects/airflow/venv/lib/python3.12/site-packages/airflow/example_dags/example_short_circuit_operator.py for tasks to queue
[2025-04-22T11:09:06.081-0300] {logging_mixin.py:190} INFO - [2025-04-22T11:09:06.080-0300] {dagbag.py:588} INFO - Filling up the DagBag from /home/jonathan-brito/python-projects/airflow/venv/lib/python3.12/site-packages/airflow/example_dags/example_short_circuit_operator.py
[2025-04-22T11:09:06.088-0300] {processor.py:925} INFO - DAG(s) 'example_short_circuit_operator' retrieved from /home/jonathan-brito/python-projects/airflow/venv/lib/python3.12/site-packages/airflow/example_dags/example_short_circuit_operator.py
[2025-04-22T11:09:06.108-0300] {logging_mixin.py:190} INFO - [2025-04-22T11:09:06.108-0300] {dag.py:3239} INFO - Sync 1 DAGs
[2025-04-22T11:09:06.120-0300] {logging_mixin.py:190} INFO - [2025-04-22T11:09:06.120-0300] {dag.py:4180} INFO - Setting next_dagrun for example_short_circuit_operator to None, run_after=None
[2025-04-22T11:09:06.147-0300] {processor.py:208} INFO - Processing /home/jonathan-brito/python-projects/airflow/venv/lib/python3.12/site-packages/airflow/example_dags/example_short_circuit_operator.py took 0.080 seconds
[2025-04-22T11:10:04.438-0300] {processor.py:186} INFO - Started process (PID=50542) to work on /home/jonathan-brito/python-projects/airflow/venv/lib/python3.12/site-packages/airflow/example_dags/example_short_circuit_operator.py
[2025-04-22T11:10:04.447-0300] {processor.py:914} INFO - Processing file /home/jonathan-brito/python-projects/airflow/venv/lib/python3.12/site-packages/airflow/example_dags/example_short_circuit_operator.py for tasks to queue
[2025-04-22T11:10:04.448-0300] {logging_mixin.py:190} INFO - [2025-04-22T11:10:04.448-0300] {dagbag.py:588} INFO - Filling up the DagBag from /home/jonathan-brito/python-projects/airflow/venv/lib/python3.12/site-packages/airflow/example_dags/example_short_circuit_operator.py
[2025-04-22T11:10:04.467-0300] {processor.py:925} INFO - DAG(s) 'example_short_circuit_operator' retrieved from /home/jonathan-brito/python-projects/airflow/venv/lib/python3.12/site-packages/airflow/example_dags/example_short_circuit_operator.py
[2025-04-22T11:10:04.489-0300] {logging_mixin.py:190} INFO - [2025-04-22T11:10:04.488-0300] {dag.py:3239} INFO - Sync 1 DAGs
[2025-04-22T11:10:04.506-0300] {logging_mixin.py:190} INFO - [2025-04-22T11:10:04.505-0300] {dag.py:4180} INFO - Setting next_dagrun for example_short_circuit_operator to None, run_after=None
[2025-04-22T11:10:04.548-0300] {processor.py:208} INFO - Processing /home/jonathan-brito/python-projects/airflow/venv/lib/python3.12/site-packages/airflow/example_dags/example_short_circuit_operator.py took 0.121 seconds
[2025-04-22T11:11:07.174-0300] {processor.py:186} INFO - Started process (PID=50940) to work on /home/jonathan-brito/python-projects/airflow/venv/lib/python3.12/site-packages/airflow/example_dags/example_short_circuit_operator.py
[2025-04-22T11:11:07.175-0300] {processor.py:914} INFO - Processing file /home/jonathan-brito/python-projects/airflow/venv/lib/python3.12/site-packages/airflow/example_dags/example_short_circuit_operator.py for tasks to queue
[2025-04-22T11:11:07.177-0300] {logging_mixin.py:190} INFO - [2025-04-22T11:11:07.176-0300] {dagbag.py:588} INFO - Filling up the DagBag from /home/jonathan-brito/python-projects/airflow/venv/lib/python3.12/site-packages/airflow/example_dags/example_short_circuit_operator.py
[2025-04-22T11:11:07.185-0300] {processor.py:925} INFO - DAG(s) 'example_short_circuit_operator' retrieved from /home/jonathan-brito/python-projects/airflow/venv/lib/python3.12/site-packages/airflow/example_dags/example_short_circuit_operator.py
[2025-04-22T11:11:07.208-0300] {logging_mixin.py:190} INFO - [2025-04-22T11:11:07.208-0300] {dag.py:3239} INFO - Sync 1 DAGs
[2025-04-22T11:11:07.222-0300] {logging_mixin.py:190} INFO - [2025-04-22T11:11:07.222-0300] {dag.py:4180} INFO - Setting next_dagrun for example_short_circuit_operator to None, run_after=None
[2025-04-22T11:11:07.260-0300] {processor.py:208} INFO - Processing /home/jonathan-brito/python-projects/airflow/venv/lib/python3.12/site-packages/airflow/example_dags/example_short_circuit_operator.py took 0.093 seconds
