[2025-04-21T21:23:40.310-0300] {processor.py:186} INFO - Started process (PID=70593) to work on /home/jonathan-brito/python-projects/airflow/venv/lib/python3.12/site-packages/airflow/example_dags/example_python_operator.py
[2025-04-21T21:23:40.311-0300] {processor.py:914} INFO - Processing file /home/jonathan-brito/python-projects/airflow/venv/lib/python3.12/site-packages/airflow/example_dags/example_python_operator.py for tasks to queue
[2025-04-21T21:23:40.313-0300] {logging_mixin.py:190} INFO - [2025-04-21T21:23:40.313-0300] {dagbag.py:588} INFO - Filling up the DagBag from /home/jonathan-brito/python-projects/airflow/venv/lib/python3.12/site-packages/airflow/example_dags/example_python_operator.py
[2025-04-21T21:23:40.321-0300] {logging_mixin.py:190} INFO - [2025-04-21T21:23:40.320-0300] {example_python_operator.py:93} WARNING - The virtalenv_python example task requires virtualenv, please install it.
[2025-04-21T21:23:40.323-0300] {processor.py:925} INFO - DAG(s) 'example_python_operator' retrieved from /home/jonathan-brito/python-projects/airflow/venv/lib/python3.12/site-packages/airflow/example_dags/example_python_operator.py
[2025-04-21T21:23:40.343-0300] {logging_mixin.py:190} INFO - [2025-04-21T21:23:40.343-0300] {dag.py:3239} INFO - Sync 1 DAGs
[2025-04-21T21:23:40.356-0300] {logging_mixin.py:190} INFO - [2025-04-21T21:23:40.356-0300] {dag.py:4180} INFO - Setting next_dagrun for example_python_operator to None, run_after=None
[2025-04-21T21:23:40.386-0300] {processor.py:208} INFO - Processing /home/jonathan-brito/python-projects/airflow/venv/lib/python3.12/site-packages/airflow/example_dags/example_python_operator.py took 0.083 seconds
[2025-04-21T21:24:48.764-0300] {processor.py:186} INFO - Started process (PID=71525) to work on /home/jonathan-brito/python-projects/airflow/venv/lib/python3.12/site-packages/airflow/example_dags/example_python_operator.py
[2025-04-21T21:24:48.771-0300] {processor.py:914} INFO - Processing file /home/jonathan-brito/python-projects/airflow/venv/lib/python3.12/site-packages/airflow/example_dags/example_python_operator.py for tasks to queue
[2025-04-21T21:24:48.775-0300] {logging_mixin.py:190} INFO - [2025-04-21T21:24:48.774-0300] {dagbag.py:588} INFO - Filling up the DagBag from /home/jonathan-brito/python-projects/airflow/venv/lib/python3.12/site-packages/airflow/example_dags/example_python_operator.py
[2025-04-21T21:24:48.784-0300] {logging_mixin.py:190} INFO - [2025-04-21T21:24:48.783-0300] {example_python_operator.py:93} WARNING - The virtalenv_python example task requires virtualenv, please install it.
[2025-04-21T21:24:48.787-0300] {processor.py:925} INFO - DAG(s) 'example_python_operator' retrieved from /home/jonathan-brito/python-projects/airflow/venv/lib/python3.12/site-packages/airflow/example_dags/example_python_operator.py
[2025-04-21T21:24:48.807-0300] {logging_mixin.py:190} INFO - [2025-04-21T21:24:48.807-0300] {dag.py:3239} INFO - Sync 1 DAGs
[2025-04-21T21:24:48.823-0300] {logging_mixin.py:190} INFO - [2025-04-21T21:24:48.823-0300] {dag.py:4180} INFO - Setting next_dagrun for example_python_operator to None, run_after=None
[2025-04-21T21:24:48.856-0300] {processor.py:208} INFO - Processing /home/jonathan-brito/python-projects/airflow/venv/lib/python3.12/site-packages/airflow/example_dags/example_python_operator.py took 0.099 seconds
[2025-04-21T22:09:58.046-0300] {processor.py:186} INFO - Started process (PID=127147) to work on /home/jonathan-brito/python-projects/airflow/venv/lib/python3.12/site-packages/airflow/example_dags/example_python_operator.py
[2025-04-21T22:09:58.053-0300] {processor.py:914} INFO - Processing file /home/jonathan-brito/python-projects/airflow/venv/lib/python3.12/site-packages/airflow/example_dags/example_python_operator.py for tasks to queue
[2025-04-21T22:09:58.055-0300] {logging_mixin.py:190} INFO - [2025-04-21T22:09:58.055-0300] {dagbag.py:588} INFO - Filling up the DagBag from /home/jonathan-brito/python-projects/airflow/venv/lib/python3.12/site-packages/airflow/example_dags/example_python_operator.py
[2025-04-21T22:09:58.063-0300] {logging_mixin.py:190} INFO - [2025-04-21T22:09:58.063-0300] {example_python_operator.py:93} WARNING - The virtalenv_python example task requires virtualenv, please install it.
[2025-04-21T22:09:58.064-0300] {processor.py:925} INFO - DAG(s) 'example_python_operator' retrieved from /home/jonathan-brito/python-projects/airflow/venv/lib/python3.12/site-packages/airflow/example_dags/example_python_operator.py
[2025-04-21T22:09:58.085-0300] {logging_mixin.py:190} INFO - [2025-04-21T22:09:58.085-0300] {dag.py:3239} INFO - Sync 1 DAGs
[2025-04-21T22:09:58.099-0300] {logging_mixin.py:190} INFO - [2025-04-21T22:09:58.098-0300] {dag.py:4180} INFO - Setting next_dagrun for example_python_operator to None, run_after=None
[2025-04-21T22:09:58.125-0300] {processor.py:208} INFO - Processing /home/jonathan-brito/python-projects/airflow/venv/lib/python3.12/site-packages/airflow/example_dags/example_python_operator.py took 0.085 seconds
[2025-04-21T22:10:59.814-0300] {processor.py:186} INFO - Started process (PID=128118) to work on /home/jonathan-brito/python-projects/airflow/venv/lib/python3.12/site-packages/airflow/example_dags/example_python_operator.py
[2025-04-21T22:10:59.821-0300] {processor.py:914} INFO - Processing file /home/jonathan-brito/python-projects/airflow/venv/lib/python3.12/site-packages/airflow/example_dags/example_python_operator.py for tasks to queue
[2025-04-21T22:10:59.823-0300] {logging_mixin.py:190} INFO - [2025-04-21T22:10:59.822-0300] {dagbag.py:588} INFO - Filling up the DagBag from /home/jonathan-brito/python-projects/airflow/venv/lib/python3.12/site-packages/airflow/example_dags/example_python_operator.py
[2025-04-21T22:10:59.831-0300] {logging_mixin.py:190} INFO - [2025-04-21T22:10:59.831-0300] {example_python_operator.py:93} WARNING - The virtalenv_python example task requires virtualenv, please install it.
[2025-04-21T22:10:59.832-0300] {processor.py:925} INFO - DAG(s) 'example_python_operator' retrieved from /home/jonathan-brito/python-projects/airflow/venv/lib/python3.12/site-packages/airflow/example_dags/example_python_operator.py
[2025-04-21T22:10:59.852-0300] {logging_mixin.py:190} INFO - [2025-04-21T22:10:59.851-0300] {dag.py:3239} INFO - Sync 1 DAGs
[2025-04-21T22:10:59.873-0300] {logging_mixin.py:190} INFO - [2025-04-21T22:10:59.872-0300] {dag.py:4180} INFO - Setting next_dagrun for example_python_operator to None, run_after=None
[2025-04-21T22:10:59.912-0300] {processor.py:208} INFO - Processing /home/jonathan-brito/python-projects/airflow/venv/lib/python3.12/site-packages/airflow/example_dags/example_python_operator.py took 0.105 seconds
[2025-04-21T22:12:03.306-0300] {processor.py:186} INFO - Started process (PID=128830) to work on /home/jonathan-brito/python-projects/airflow/venv/lib/python3.12/site-packages/airflow/example_dags/example_python_operator.py
[2025-04-21T22:12:03.313-0300] {processor.py:914} INFO - Processing file /home/jonathan-brito/python-projects/airflow/venv/lib/python3.12/site-packages/airflow/example_dags/example_python_operator.py for tasks to queue
[2025-04-21T22:12:03.317-0300] {logging_mixin.py:190} INFO - [2025-04-21T22:12:03.316-0300] {dagbag.py:588} INFO - Filling up the DagBag from /home/jonathan-brito/python-projects/airflow/venv/lib/python3.12/site-packages/airflow/example_dags/example_python_operator.py
[2025-04-21T22:12:03.328-0300] {logging_mixin.py:190} INFO - [2025-04-21T22:12:03.328-0300] {example_python_operator.py:93} WARNING - The virtalenv_python example task requires virtualenv, please install it.
[2025-04-21T22:12:03.329-0300] {processor.py:925} INFO - DAG(s) 'example_python_operator' retrieved from /home/jonathan-brito/python-projects/airflow/venv/lib/python3.12/site-packages/airflow/example_dags/example_python_operator.py
[2025-04-21T22:12:03.347-0300] {logging_mixin.py:190} INFO - [2025-04-21T22:12:03.347-0300] {dag.py:3239} INFO - Sync 1 DAGs
[2025-04-21T22:12:03.359-0300] {logging_mixin.py:190} INFO - [2025-04-21T22:12:03.359-0300] {dag.py:4180} INFO - Setting next_dagrun for example_python_operator to None, run_after=None
[2025-04-21T22:12:03.382-0300] {processor.py:208} INFO - Processing /home/jonathan-brito/python-projects/airflow/venv/lib/python3.12/site-packages/airflow/example_dags/example_python_operator.py took 0.083 seconds
[2025-04-21T22:13:05.400-0300] {processor.py:186} INFO - Started process (PID=129451) to work on /home/jonathan-brito/python-projects/airflow/venv/lib/python3.12/site-packages/airflow/example_dags/example_python_operator.py
[2025-04-21T22:13:05.407-0300] {processor.py:914} INFO - Processing file /home/jonathan-brito/python-projects/airflow/venv/lib/python3.12/site-packages/airflow/example_dags/example_python_operator.py for tasks to queue
[2025-04-21T22:13:05.408-0300] {logging_mixin.py:190} INFO - [2025-04-21T22:13:05.408-0300] {dagbag.py:588} INFO - Filling up the DagBag from /home/jonathan-brito/python-projects/airflow/venv/lib/python3.12/site-packages/airflow/example_dags/example_python_operator.py
[2025-04-21T22:13:05.419-0300] {logging_mixin.py:190} INFO - [2025-04-21T22:13:05.418-0300] {example_python_operator.py:93} WARNING - The virtalenv_python example task requires virtualenv, please install it.
[2025-04-21T22:13:05.420-0300] {processor.py:925} INFO - DAG(s) 'example_python_operator' retrieved from /home/jonathan-brito/python-projects/airflow/venv/lib/python3.12/site-packages/airflow/example_dags/example_python_operator.py
[2025-04-21T22:13:05.443-0300] {logging_mixin.py:190} INFO - [2025-04-21T22:13:05.442-0300] {dag.py:3239} INFO - Sync 1 DAGs
[2025-04-21T22:13:05.456-0300] {logging_mixin.py:190} INFO - [2025-04-21T22:13:05.456-0300] {dag.py:4180} INFO - Setting next_dagrun for example_python_operator to None, run_after=None
[2025-04-21T22:13:05.491-0300] {processor.py:208} INFO - Processing /home/jonathan-brito/python-projects/airflow/venv/lib/python3.12/site-packages/airflow/example_dags/example_python_operator.py took 0.097 seconds
[2025-04-21T22:14:10.643-0300] {processor.py:186} INFO - Started process (PID=130235) to work on /home/jonathan-brito/python-projects/airflow/venv/lib/python3.12/site-packages/airflow/example_dags/example_python_operator.py
[2025-04-21T22:14:10.651-0300] {processor.py:914} INFO - Processing file /home/jonathan-brito/python-projects/airflow/venv/lib/python3.12/site-packages/airflow/example_dags/example_python_operator.py for tasks to queue
[2025-04-21T22:14:10.652-0300] {logging_mixin.py:190} INFO - [2025-04-21T22:14:10.652-0300] {dagbag.py:588} INFO - Filling up the DagBag from /home/jonathan-brito/python-projects/airflow/venv/lib/python3.12/site-packages/airflow/example_dags/example_python_operator.py
[2025-04-21T22:14:10.660-0300] {logging_mixin.py:190} INFO - [2025-04-21T22:14:10.660-0300] {example_python_operator.py:93} WARNING - The virtalenv_python example task requires virtualenv, please install it.
[2025-04-21T22:14:10.661-0300] {processor.py:925} INFO - DAG(s) 'example_python_operator' retrieved from /home/jonathan-brito/python-projects/airflow/venv/lib/python3.12/site-packages/airflow/example_dags/example_python_operator.py
[2025-04-21T22:14:10.680-0300] {logging_mixin.py:190} INFO - [2025-04-21T22:14:10.679-0300] {dag.py:3239} INFO - Sync 1 DAGs
[2025-04-21T22:14:10.692-0300] {logging_mixin.py:190} INFO - [2025-04-21T22:14:10.692-0300] {dag.py:4180} INFO - Setting next_dagrun for example_python_operator to None, run_after=None
[2025-04-21T22:14:10.715-0300] {processor.py:208} INFO - Processing /home/jonathan-brito/python-projects/airflow/venv/lib/python3.12/site-packages/airflow/example_dags/example_python_operator.py took 0.079 seconds
[2025-04-21T22:15:11.940-0300] {processor.py:186} INFO - Started process (PID=130912) to work on /home/jonathan-brito/python-projects/airflow/venv/lib/python3.12/site-packages/airflow/example_dags/example_python_operator.py
[2025-04-21T22:15:11.947-0300] {processor.py:914} INFO - Processing file /home/jonathan-brito/python-projects/airflow/venv/lib/python3.12/site-packages/airflow/example_dags/example_python_operator.py for tasks to queue
[2025-04-21T22:15:11.949-0300] {logging_mixin.py:190} INFO - [2025-04-21T22:15:11.948-0300] {dagbag.py:588} INFO - Filling up the DagBag from /home/jonathan-brito/python-projects/airflow/venv/lib/python3.12/site-packages/airflow/example_dags/example_python_operator.py
[2025-04-21T22:15:11.956-0300] {logging_mixin.py:190} INFO - [2025-04-21T22:15:11.955-0300] {example_python_operator.py:93} WARNING - The virtalenv_python example task requires virtualenv, please install it.
[2025-04-21T22:15:11.956-0300] {processor.py:925} INFO - DAG(s) 'example_python_operator' retrieved from /home/jonathan-brito/python-projects/airflow/venv/lib/python3.12/site-packages/airflow/example_dags/example_python_operator.py
[2025-04-21T22:15:11.974-0300] {logging_mixin.py:190} INFO - [2025-04-21T22:15:11.974-0300] {dag.py:3239} INFO - Sync 1 DAGs
[2025-04-21T22:15:11.987-0300] {logging_mixin.py:190} INFO - [2025-04-21T22:15:11.987-0300] {dag.py:4180} INFO - Setting next_dagrun for example_python_operator to None, run_after=None
[2025-04-21T22:15:12.009-0300] {processor.py:208} INFO - Processing /home/jonathan-brito/python-projects/airflow/venv/lib/python3.12/site-packages/airflow/example_dags/example_python_operator.py took 0.075 seconds
[2025-04-21T22:16:13.699-0300] {processor.py:186} INFO - Started process (PID=131544) to work on /home/jonathan-brito/python-projects/airflow/venv/lib/python3.12/site-packages/airflow/example_dags/example_python_operator.py
[2025-04-21T22:16:13.700-0300] {processor.py:914} INFO - Processing file /home/jonathan-brito/python-projects/airflow/venv/lib/python3.12/site-packages/airflow/example_dags/example_python_operator.py for tasks to queue
[2025-04-21T22:16:13.701-0300] {logging_mixin.py:190} INFO - [2025-04-21T22:16:13.701-0300] {dagbag.py:588} INFO - Filling up the DagBag from /home/jonathan-brito/python-projects/airflow/venv/lib/python3.12/site-packages/airflow/example_dags/example_python_operator.py
[2025-04-21T22:16:13.708-0300] {logging_mixin.py:190} INFO - [2025-04-21T22:16:13.708-0300] {example_python_operator.py:93} WARNING - The virtalenv_python example task requires virtualenv, please install it.
[2025-04-21T22:16:13.709-0300] {processor.py:925} INFO - DAG(s) 'example_python_operator' retrieved from /home/jonathan-brito/python-projects/airflow/venv/lib/python3.12/site-packages/airflow/example_dags/example_python_operator.py
[2025-04-21T22:16:13.726-0300] {logging_mixin.py:190} INFO - [2025-04-21T22:16:13.726-0300] {dag.py:3239} INFO - Sync 1 DAGs
[2025-04-21T22:16:13.738-0300] {logging_mixin.py:190} INFO - [2025-04-21T22:16:13.738-0300] {dag.py:4180} INFO - Setting next_dagrun for example_python_operator to None, run_after=None
[2025-04-21T22:16:13.763-0300] {processor.py:208} INFO - Processing /home/jonathan-brito/python-projects/airflow/venv/lib/python3.12/site-packages/airflow/example_dags/example_python_operator.py took 0.070 seconds
[2025-04-21T22:17:17.763-0300] {processor.py:186} INFO - Started process (PID=132194) to work on /home/jonathan-brito/python-projects/airflow/venv/lib/python3.12/site-packages/airflow/example_dags/example_python_operator.py
[2025-04-21T22:17:17.770-0300] {processor.py:914} INFO - Processing file /home/jonathan-brito/python-projects/airflow/venv/lib/python3.12/site-packages/airflow/example_dags/example_python_operator.py for tasks to queue
[2025-04-21T22:17:17.771-0300] {logging_mixin.py:190} INFO - [2025-04-21T22:17:17.771-0300] {dagbag.py:588} INFO - Filling up the DagBag from /home/jonathan-brito/python-projects/airflow/venv/lib/python3.12/site-packages/airflow/example_dags/example_python_operator.py
[2025-04-21T22:17:17.779-0300] {logging_mixin.py:190} INFO - [2025-04-21T22:17:17.778-0300] {example_python_operator.py:93} WARNING - The virtalenv_python example task requires virtualenv, please install it.
[2025-04-21T22:17:17.779-0300] {processor.py:925} INFO - DAG(s) 'example_python_operator' retrieved from /home/jonathan-brito/python-projects/airflow/venv/lib/python3.12/site-packages/airflow/example_dags/example_python_operator.py
[2025-04-21T22:17:17.797-0300] {logging_mixin.py:190} INFO - [2025-04-21T22:17:17.797-0300] {dag.py:3239} INFO - Sync 1 DAGs
[2025-04-21T22:17:17.810-0300] {logging_mixin.py:190} INFO - [2025-04-21T22:17:17.810-0300] {dag.py:4180} INFO - Setting next_dagrun for example_python_operator to None, run_after=None
[2025-04-21T22:17:17.845-0300] {processor.py:208} INFO - Processing /home/jonathan-brito/python-projects/airflow/venv/lib/python3.12/site-packages/airflow/example_dags/example_python_operator.py took 0.088 seconds
[2025-04-21T22:18:18.178-0300] {processor.py:186} INFO - Started process (PID=132841) to work on /home/jonathan-brito/python-projects/airflow/venv/lib/python3.12/site-packages/airflow/example_dags/example_python_operator.py
[2025-04-21T22:18:18.185-0300] {processor.py:914} INFO - Processing file /home/jonathan-brito/python-projects/airflow/venv/lib/python3.12/site-packages/airflow/example_dags/example_python_operator.py for tasks to queue
[2025-04-21T22:18:18.187-0300] {logging_mixin.py:190} INFO - [2025-04-21T22:18:18.186-0300] {dagbag.py:588} INFO - Filling up the DagBag from /home/jonathan-brito/python-projects/airflow/venv/lib/python3.12/site-packages/airflow/example_dags/example_python_operator.py
[2025-04-21T22:18:18.197-0300] {logging_mixin.py:190} INFO - [2025-04-21T22:18:18.197-0300] {example_python_operator.py:93} WARNING - The virtalenv_python example task requires virtualenv, please install it.
[2025-04-21T22:18:18.198-0300] {processor.py:925} INFO - DAG(s) 'example_python_operator' retrieved from /home/jonathan-brito/python-projects/airflow/venv/lib/python3.12/site-packages/airflow/example_dags/example_python_operator.py
[2025-04-21T22:18:18.218-0300] {logging_mixin.py:190} INFO - [2025-04-21T22:18:18.218-0300] {dag.py:3239} INFO - Sync 1 DAGs
[2025-04-21T22:18:18.232-0300] {logging_mixin.py:190} INFO - [2025-04-21T22:18:18.232-0300] {dag.py:4180} INFO - Setting next_dagrun for example_python_operator to None, run_after=None
[2025-04-21T22:18:18.262-0300] {processor.py:208} INFO - Processing /home/jonathan-brito/python-projects/airflow/venv/lib/python3.12/site-packages/airflow/example_dags/example_python_operator.py took 0.092 seconds
[2025-04-21T22:19:23.546-0300] {processor.py:186} INFO - Started process (PID=133509) to work on /home/jonathan-brito/python-projects/airflow/venv/lib/python3.12/site-packages/airflow/example_dags/example_python_operator.py
[2025-04-21T22:19:23.553-0300] {processor.py:914} INFO - Processing file /home/jonathan-brito/python-projects/airflow/venv/lib/python3.12/site-packages/airflow/example_dags/example_python_operator.py for tasks to queue
[2025-04-21T22:19:23.555-0300] {logging_mixin.py:190} INFO - [2025-04-21T22:19:23.554-0300] {dagbag.py:588} INFO - Filling up the DagBag from /home/jonathan-brito/python-projects/airflow/venv/lib/python3.12/site-packages/airflow/example_dags/example_python_operator.py
[2025-04-21T22:19:23.561-0300] {logging_mixin.py:190} INFO - [2025-04-21T22:19:23.561-0300] {example_python_operator.py:93} WARNING - The virtalenv_python example task requires virtualenv, please install it.
[2025-04-21T22:19:23.562-0300] {processor.py:925} INFO - DAG(s) 'example_python_operator' retrieved from /home/jonathan-brito/python-projects/airflow/venv/lib/python3.12/site-packages/airflow/example_dags/example_python_operator.py
[2025-04-21T22:19:23.580-0300] {logging_mixin.py:190} INFO - [2025-04-21T22:19:23.580-0300] {dag.py:3239} INFO - Sync 1 DAGs
[2025-04-21T22:19:23.591-0300] {logging_mixin.py:190} INFO - [2025-04-21T22:19:23.591-0300] {dag.py:4180} INFO - Setting next_dagrun for example_python_operator to None, run_after=None
[2025-04-21T22:19:23.614-0300] {processor.py:208} INFO - Processing /home/jonathan-brito/python-projects/airflow/venv/lib/python3.12/site-packages/airflow/example_dags/example_python_operator.py took 0.074 seconds
[2025-04-21T22:20:28.287-0300] {processor.py:186} INFO - Started process (PID=134258) to work on /home/jonathan-brito/python-projects/airflow/venv/lib/python3.12/site-packages/airflow/example_dags/example_python_operator.py
[2025-04-21T22:20:28.294-0300] {processor.py:914} INFO - Processing file /home/jonathan-brito/python-projects/airflow/venv/lib/python3.12/site-packages/airflow/example_dags/example_python_operator.py for tasks to queue
[2025-04-21T22:20:28.295-0300] {logging_mixin.py:190} INFO - [2025-04-21T22:20:28.295-0300] {dagbag.py:588} INFO - Filling up the DagBag from /home/jonathan-brito/python-projects/airflow/venv/lib/python3.12/site-packages/airflow/example_dags/example_python_operator.py
[2025-04-21T22:20:28.304-0300] {logging_mixin.py:190} INFO - [2025-04-21T22:20:28.304-0300] {example_python_operator.py:93} WARNING - The virtalenv_python example task requires virtualenv, please install it.
[2025-04-21T22:20:28.305-0300] {processor.py:925} INFO - DAG(s) 'example_python_operator' retrieved from /home/jonathan-brito/python-projects/airflow/venv/lib/python3.12/site-packages/airflow/example_dags/example_python_operator.py
[2025-04-21T22:20:28.326-0300] {logging_mixin.py:190} INFO - [2025-04-21T22:20:28.326-0300] {dag.py:3239} INFO - Sync 1 DAGs
[2025-04-21T22:20:28.338-0300] {logging_mixin.py:190} INFO - [2025-04-21T22:20:28.338-0300] {dag.py:4180} INFO - Setting next_dagrun for example_python_operator to None, run_after=None
[2025-04-21T22:20:28.366-0300] {processor.py:208} INFO - Processing /home/jonathan-brito/python-projects/airflow/venv/lib/python3.12/site-packages/airflow/example_dags/example_python_operator.py took 0.085 seconds
[2025-04-22T10:24:28.494-0300] {processor.py:186} INFO - Started process (PID=11002) to work on /home/jonathan-brito/python-projects/airflow/venv/lib/python3.12/site-packages/airflow/example_dags/example_python_operator.py
[2025-04-22T10:24:28.503-0300] {processor.py:914} INFO - Processing file /home/jonathan-brito/python-projects/airflow/venv/lib/python3.12/site-packages/airflow/example_dags/example_python_operator.py for tasks to queue
[2025-04-22T10:24:28.508-0300] {logging_mixin.py:190} INFO - [2025-04-22T10:24:28.507-0300] {dagbag.py:588} INFO - Filling up the DagBag from /home/jonathan-brito/python-projects/airflow/venv/lib/python3.12/site-packages/airflow/example_dags/example_python_operator.py
[2025-04-22T10:24:28.530-0300] {logging_mixin.py:190} INFO - [2025-04-22T10:24:28.529-0300] {example_python_operator.py:93} WARNING - The virtalenv_python example task requires virtualenv, please install it.
[2025-04-22T10:24:28.535-0300] {processor.py:925} INFO - DAG(s) 'example_python_operator' retrieved from /home/jonathan-brito/python-projects/airflow/venv/lib/python3.12/site-packages/airflow/example_dags/example_python_operator.py
[2025-04-22T10:24:28.562-0300] {logging_mixin.py:190} INFO - [2025-04-22T10:24:28.561-0300] {dag.py:3239} INFO - Sync 1 DAGs
[2025-04-22T10:24:28.578-0300] {logging_mixin.py:190} INFO - [2025-04-22T10:24:28.577-0300] {dag.py:4180} INFO - Setting next_dagrun for example_python_operator to None, run_after=None
[2025-04-22T10:24:28.609-0300] {processor.py:208} INFO - Processing /home/jonathan-brito/python-projects/airflow/venv/lib/python3.12/site-packages/airflow/example_dags/example_python_operator.py took 0.133 seconds
[2025-04-22T10:25:34.072-0300] {processor.py:186} INFO - Started process (PID=11956) to work on /home/jonathan-brito/python-projects/airflow/venv/lib/python3.12/site-packages/airflow/example_dags/example_python_operator.py
[2025-04-22T10:25:34.077-0300] {processor.py:914} INFO - Processing file /home/jonathan-brito/python-projects/airflow/venv/lib/python3.12/site-packages/airflow/example_dags/example_python_operator.py for tasks to queue
[2025-04-22T10:25:34.079-0300] {logging_mixin.py:190} INFO - [2025-04-22T10:25:34.079-0300] {dagbag.py:588} INFO - Filling up the DagBag from /home/jonathan-brito/python-projects/airflow/venv/lib/python3.12/site-packages/airflow/example_dags/example_python_operator.py
[2025-04-22T10:25:34.087-0300] {logging_mixin.py:190} INFO - [2025-04-22T10:25:34.087-0300] {example_python_operator.py:93} WARNING - The virtalenv_python example task requires virtualenv, please install it.
[2025-04-22T10:25:34.089-0300] {processor.py:925} INFO - DAG(s) 'example_python_operator' retrieved from /home/jonathan-brito/python-projects/airflow/venv/lib/python3.12/site-packages/airflow/example_dags/example_python_operator.py
[2025-04-22T10:25:34.107-0300] {logging_mixin.py:190} INFO - [2025-04-22T10:25:34.107-0300] {dag.py:3239} INFO - Sync 1 DAGs
[2025-04-22T10:25:34.121-0300] {logging_mixin.py:190} INFO - [2025-04-22T10:25:34.121-0300] {dag.py:4180} INFO - Setting next_dagrun for example_python_operator to None, run_after=None
[2025-04-22T10:25:34.169-0300] {processor.py:208} INFO - Processing /home/jonathan-brito/python-projects/airflow/venv/lib/python3.12/site-packages/airflow/example_dags/example_python_operator.py took 0.103 seconds
[2025-04-22T10:27:45.474-0300] {processor.py:186} INFO - Started process (PID=14020) to work on /home/jonathan-brito/python-projects/airflow/venv/lib/python3.12/site-packages/airflow/example_dags/example_python_operator.py
[2025-04-22T10:27:45.482-0300] {processor.py:914} INFO - Processing file /home/jonathan-brito/python-projects/airflow/venv/lib/python3.12/site-packages/airflow/example_dags/example_python_operator.py for tasks to queue
[2025-04-22T10:27:45.486-0300] {logging_mixin.py:190} INFO - [2025-04-22T10:27:45.485-0300] {dagbag.py:588} INFO - Filling up the DagBag from /home/jonathan-brito/python-projects/airflow/venv/lib/python3.12/site-packages/airflow/example_dags/example_python_operator.py
[2025-04-22T10:27:45.500-0300] {logging_mixin.py:190} INFO - [2025-04-22T10:27:45.497-0300] {example_python_operator.py:93} WARNING - The virtalenv_python example task requires virtualenv, please install it.
[2025-04-22T10:27:45.505-0300] {processor.py:925} INFO - DAG(s) 'example_python_operator' retrieved from /home/jonathan-brito/python-projects/airflow/venv/lib/python3.12/site-packages/airflow/example_dags/example_python_operator.py
[2025-04-22T10:27:45.535-0300] {logging_mixin.py:190} INFO - [2025-04-22T10:27:45.535-0300] {dag.py:3239} INFO - Sync 1 DAGs
[2025-04-22T10:27:45.560-0300] {logging_mixin.py:190} INFO - [2025-04-22T10:27:45.560-0300] {dag.py:4180} INFO - Setting next_dagrun for example_python_operator to None, run_after=None
[2025-04-22T10:27:45.606-0300] {processor.py:208} INFO - Processing /home/jonathan-brito/python-projects/airflow/venv/lib/python3.12/site-packages/airflow/example_dags/example_python_operator.py took 0.149 seconds
[2025-04-22T10:30:33.222-0300] {processor.py:186} INFO - Started process (PID=16168) to work on /home/jonathan-brito/python-projects/airflow/venv/lib/python3.12/site-packages/airflow/example_dags/example_python_operator.py
[2025-04-22T10:30:33.229-0300] {processor.py:914} INFO - Processing file /home/jonathan-brito/python-projects/airflow/venv/lib/python3.12/site-packages/airflow/example_dags/example_python_operator.py for tasks to queue
[2025-04-22T10:30:33.236-0300] {logging_mixin.py:190} INFO - [2025-04-22T10:30:33.234-0300] {dagbag.py:588} INFO - Filling up the DagBag from /home/jonathan-brito/python-projects/airflow/venv/lib/python3.12/site-packages/airflow/example_dags/example_python_operator.py
[2025-04-22T10:30:33.253-0300] {logging_mixin.py:190} INFO - [2025-04-22T10:30:33.252-0300] {example_python_operator.py:93} WARNING - The virtalenv_python example task requires virtualenv, please install it.
[2025-04-22T10:30:33.257-0300] {processor.py:925} INFO - DAG(s) 'example_python_operator' retrieved from /home/jonathan-brito/python-projects/airflow/venv/lib/python3.12/site-packages/airflow/example_dags/example_python_operator.py
[2025-04-22T10:30:33.279-0300] {logging_mixin.py:190} INFO - [2025-04-22T10:30:33.278-0300] {dag.py:3239} INFO - Sync 1 DAGs
[2025-04-22T10:30:33.294-0300] {logging_mixin.py:190} INFO - [2025-04-22T10:30:33.293-0300] {dag.py:4180} INFO - Setting next_dagrun for example_python_operator to None, run_after=None
[2025-04-22T10:30:33.322-0300] {processor.py:208} INFO - Processing /home/jonathan-brito/python-projects/airflow/venv/lib/python3.12/site-packages/airflow/example_dags/example_python_operator.py took 0.108 seconds
[2025-04-22T10:31:22.855-0300] {processor.py:186} INFO - Started process (PID=16763) to work on /home/jonathan-brito/python-projects/airflow/venv/lib/python3.12/site-packages/airflow/example_dags/example_python_operator.py
[2025-04-22T10:31:22.862-0300] {processor.py:914} INFO - Processing file /home/jonathan-brito/python-projects/airflow/venv/lib/python3.12/site-packages/airflow/example_dags/example_python_operator.py for tasks to queue
[2025-04-22T10:31:22.865-0300] {logging_mixin.py:190} INFO - [2025-04-22T10:31:22.864-0300] {dagbag.py:588} INFO - Filling up the DagBag from /home/jonathan-brito/python-projects/airflow/venv/lib/python3.12/site-packages/airflow/example_dags/example_python_operator.py
[2025-04-22T10:31:22.872-0300] {logging_mixin.py:190} INFO - [2025-04-22T10:31:22.872-0300] {example_python_operator.py:93} WARNING - The virtalenv_python example task requires virtualenv, please install it.
[2025-04-22T10:31:22.875-0300] {processor.py:925} INFO - DAG(s) 'example_python_operator' retrieved from /home/jonathan-brito/python-projects/airflow/venv/lib/python3.12/site-packages/airflow/example_dags/example_python_operator.py
[2025-04-22T10:31:22.894-0300] {logging_mixin.py:190} INFO - [2025-04-22T10:31:22.894-0300] {dag.py:3239} INFO - Sync 1 DAGs
[2025-04-22T10:31:22.909-0300] {logging_mixin.py:190} INFO - [2025-04-22T10:31:22.909-0300] {dag.py:4180} INFO - Setting next_dagrun for example_python_operator to None, run_after=None
[2025-04-22T10:31:22.934-0300] {processor.py:208} INFO - Processing /home/jonathan-brito/python-projects/airflow/venv/lib/python3.12/site-packages/airflow/example_dags/example_python_operator.py took 0.086 seconds
[2025-04-22T11:08:11.262-0300] {processor.py:186} INFO - Started process (PID=49650) to work on /home/jonathan-brito/python-projects/airflow/venv/lib/python3.12/site-packages/airflow/example_dags/example_python_operator.py
[2025-04-22T11:08:11.264-0300] {processor.py:914} INFO - Processing file /home/jonathan-brito/python-projects/airflow/venv/lib/python3.12/site-packages/airflow/example_dags/example_python_operator.py for tasks to queue
[2025-04-22T11:08:11.266-0300] {logging_mixin.py:190} INFO - [2025-04-22T11:08:11.265-0300] {dagbag.py:588} INFO - Filling up the DagBag from /home/jonathan-brito/python-projects/airflow/venv/lib/python3.12/site-packages/airflow/example_dags/example_python_operator.py
[2025-04-22T11:08:11.276-0300] {logging_mixin.py:190} INFO - [2025-04-22T11:08:11.276-0300] {example_python_operator.py:93} WARNING - The virtalenv_python example task requires virtualenv, please install it.
[2025-04-22T11:08:11.277-0300] {processor.py:925} INFO - DAG(s) 'example_python_operator' retrieved from /home/jonathan-brito/python-projects/airflow/venv/lib/python3.12/site-packages/airflow/example_dags/example_python_operator.py
[2025-04-22T11:08:11.298-0300] {logging_mixin.py:190} INFO - [2025-04-22T11:08:11.297-0300] {dag.py:3239} INFO - Sync 1 DAGs
[2025-04-22T11:08:11.310-0300] {logging_mixin.py:190} INFO - [2025-04-22T11:08:11.310-0300] {dag.py:4180} INFO - Setting next_dagrun for example_python_operator to None, run_after=None
[2025-04-22T11:08:11.336-0300] {processor.py:208} INFO - Processing /home/jonathan-brito/python-projects/airflow/venv/lib/python3.12/site-packages/airflow/example_dags/example_python_operator.py took 0.081 seconds
[2025-04-22T11:09:11.267-0300] {processor.py:186} INFO - Started process (PID=50033) to work on /home/jonathan-brito/python-projects/airflow/venv/lib/python3.12/site-packages/airflow/example_dags/example_python_operator.py
[2025-04-22T11:09:11.274-0300] {processor.py:914} INFO - Processing file /home/jonathan-brito/python-projects/airflow/venv/lib/python3.12/site-packages/airflow/example_dags/example_python_operator.py for tasks to queue
[2025-04-22T11:09:11.275-0300] {logging_mixin.py:190} INFO - [2025-04-22T11:09:11.275-0300] {dagbag.py:588} INFO - Filling up the DagBag from /home/jonathan-brito/python-projects/airflow/venv/lib/python3.12/site-packages/airflow/example_dags/example_python_operator.py
[2025-04-22T11:09:11.283-0300] {logging_mixin.py:190} INFO - [2025-04-22T11:09:11.283-0300] {example_python_operator.py:93} WARNING - The virtalenv_python example task requires virtualenv, please install it.
[2025-04-22T11:09:11.284-0300] {processor.py:925} INFO - DAG(s) 'example_python_operator' retrieved from /home/jonathan-brito/python-projects/airflow/venv/lib/python3.12/site-packages/airflow/example_dags/example_python_operator.py
[2025-04-22T11:09:11.304-0300] {logging_mixin.py:190} INFO - [2025-04-22T11:09:11.303-0300] {dag.py:3239} INFO - Sync 1 DAGs
[2025-04-22T11:09:11.315-0300] {logging_mixin.py:190} INFO - [2025-04-22T11:09:11.315-0300] {dag.py:4180} INFO - Setting next_dagrun for example_python_operator to None, run_after=None
[2025-04-22T11:09:11.340-0300] {processor.py:208} INFO - Processing /home/jonathan-brito/python-projects/airflow/venv/lib/python3.12/site-packages/airflow/example_dags/example_python_operator.py took 0.080 seconds
[2025-04-22T11:10:10.212-0300] {processor.py:186} INFO - Started process (PID=50576) to work on /home/jonathan-brito/python-projects/airflow/venv/lib/python3.12/site-packages/airflow/example_dags/example_python_operator.py
[2025-04-22T11:10:10.219-0300] {processor.py:914} INFO - Processing file /home/jonathan-brito/python-projects/airflow/venv/lib/python3.12/site-packages/airflow/example_dags/example_python_operator.py for tasks to queue
[2025-04-22T11:10:10.220-0300] {logging_mixin.py:190} INFO - [2025-04-22T11:10:10.220-0300] {dagbag.py:588} INFO - Filling up the DagBag from /home/jonathan-brito/python-projects/airflow/venv/lib/python3.12/site-packages/airflow/example_dags/example_python_operator.py
[2025-04-22T11:10:10.228-0300] {logging_mixin.py:190} INFO - [2025-04-22T11:10:10.228-0300] {example_python_operator.py:93} WARNING - The virtalenv_python example task requires virtualenv, please install it.
[2025-04-22T11:10:10.229-0300] {processor.py:925} INFO - DAG(s) 'example_python_operator' retrieved from /home/jonathan-brito/python-projects/airflow/venv/lib/python3.12/site-packages/airflow/example_dags/example_python_operator.py
[2025-04-22T11:10:10.248-0300] {logging_mixin.py:190} INFO - [2025-04-22T11:10:10.248-0300] {dag.py:3239} INFO - Sync 1 DAGs
[2025-04-22T11:10:10.262-0300] {logging_mixin.py:190} INFO - [2025-04-22T11:10:10.261-0300] {dag.py:4180} INFO - Setting next_dagrun for example_python_operator to None, run_after=None
[2025-04-22T11:10:10.291-0300] {processor.py:208} INFO - Processing /home/jonathan-brito/python-projects/airflow/venv/lib/python3.12/site-packages/airflow/example_dags/example_python_operator.py took 0.085 seconds
[2025-04-22T11:11:12.695-0300] {processor.py:186} INFO - Started process (PID=50972) to work on /home/jonathan-brito/python-projects/airflow/venv/lib/python3.12/site-packages/airflow/example_dags/example_python_operator.py
[2025-04-22T11:11:12.702-0300] {processor.py:914} INFO - Processing file /home/jonathan-brito/python-projects/airflow/venv/lib/python3.12/site-packages/airflow/example_dags/example_python_operator.py for tasks to queue
[2025-04-22T11:11:12.703-0300] {logging_mixin.py:190} INFO - [2025-04-22T11:11:12.703-0300] {dagbag.py:588} INFO - Filling up the DagBag from /home/jonathan-brito/python-projects/airflow/venv/lib/python3.12/site-packages/airflow/example_dags/example_python_operator.py
[2025-04-22T11:11:12.711-0300] {logging_mixin.py:190} INFO - [2025-04-22T11:11:12.711-0300] {example_python_operator.py:93} WARNING - The virtalenv_python example task requires virtualenv, please install it.
[2025-04-22T11:11:12.712-0300] {processor.py:925} INFO - DAG(s) 'example_python_operator' retrieved from /home/jonathan-brito/python-projects/airflow/venv/lib/python3.12/site-packages/airflow/example_dags/example_python_operator.py
[2025-04-22T11:11:12.735-0300] {logging_mixin.py:190} INFO - [2025-04-22T11:11:12.735-0300] {dag.py:3239} INFO - Sync 1 DAGs
[2025-04-22T11:11:12.750-0300] {logging_mixin.py:190} INFO - [2025-04-22T11:11:12.749-0300] {dag.py:4180} INFO - Setting next_dagrun for example_python_operator to None, run_after=None
[2025-04-22T11:11:12.786-0300] {processor.py:208} INFO - Processing /home/jonathan-brito/python-projects/airflow/venv/lib/python3.12/site-packages/airflow/example_dags/example_python_operator.py took 0.099 seconds
