[2025-04-21T21:23:39.127-0300] {processor.py:186} INFO - Started process (PID=70576) to work on /home/jonathan-brito/python-projects/airflow/venv/lib/python3.12/site-packages/airflow/example_dags/example_setup_teardown.py
[2025-04-21T21:23:39.128-0300] {processor.py:914} INFO - Processing file /home/jonathan-brito/python-projects/airflow/venv/lib/python3.12/site-packages/airflow/example_dags/example_setup_teardown.py for tasks to queue
[2025-04-21T21:23:39.130-0300] {logging_mixin.py:190} INFO - [2025-04-21T21:23:39.129-0300] {dagbag.py:588} INFO - Filling up the DagBag from /home/jonathan-brito/python-projects/airflow/venv/lib/python3.12/site-packages/airflow/example_dags/example_setup_teardown.py
[2025-04-21T21:23:39.140-0300] {processor.py:925} INFO - DAG(s) 'example_setup_teardown' retrieved from /home/jonathan-brito/python-projects/airflow/venv/lib/python3.12/site-packages/airflow/example_dags/example_setup_teardown.py
[2025-04-21T21:23:39.158-0300] {logging_mixin.py:190} INFO - [2025-04-21T21:23:39.158-0300] {dag.py:3239} INFO - Sync 1 DAGs
[2025-04-21T21:23:39.172-0300] {logging_mixin.py:190} INFO - [2025-04-21T21:23:39.172-0300] {dag.py:4180} INFO - Setting next_dagrun for example_setup_teardown to None, run_after=None
[2025-04-21T21:23:39.206-0300] {processor.py:208} INFO - Processing /home/jonathan-brito/python-projects/airflow/venv/lib/python3.12/site-packages/airflow/example_dags/example_setup_teardown.py took 0.086 seconds
[2025-04-21T21:24:47.561-0300] {processor.py:186} INFO - Started process (PID=71508) to work on /home/jonathan-brito/python-projects/airflow/venv/lib/python3.12/site-packages/airflow/example_dags/example_setup_teardown.py
[2025-04-21T21:24:47.568-0300] {processor.py:914} INFO - Processing file /home/jonathan-brito/python-projects/airflow/venv/lib/python3.12/site-packages/airflow/example_dags/example_setup_teardown.py for tasks to queue
[2025-04-21T21:24:47.571-0300] {logging_mixin.py:190} INFO - [2025-04-21T21:24:47.570-0300] {dagbag.py:588} INFO - Filling up the DagBag from /home/jonathan-brito/python-projects/airflow/venv/lib/python3.12/site-packages/airflow/example_dags/example_setup_teardown.py
[2025-04-21T21:24:47.581-0300] {processor.py:925} INFO - DAG(s) 'example_setup_teardown' retrieved from /home/jonathan-brito/python-projects/airflow/venv/lib/python3.12/site-packages/airflow/example_dags/example_setup_teardown.py
[2025-04-21T21:24:47.600-0300] {logging_mixin.py:190} INFO - [2025-04-21T21:24:47.600-0300] {dag.py:3239} INFO - Sync 1 DAGs
[2025-04-21T21:24:47.615-0300] {logging_mixin.py:190} INFO - [2025-04-21T21:24:47.614-0300] {dag.py:4180} INFO - Setting next_dagrun for example_setup_teardown to None, run_after=None
[2025-04-21T21:24:47.646-0300] {processor.py:208} INFO - Processing /home/jonathan-brito/python-projects/airflow/venv/lib/python3.12/site-packages/airflow/example_dags/example_setup_teardown.py took 0.093 seconds
[2025-04-21T22:09:57.132-0300] {processor.py:186} INFO - Started process (PID=127146) to work on /home/jonathan-brito/python-projects/airflow/venv/lib/python3.12/site-packages/airflow/example_dags/example_setup_teardown.py
[2025-04-21T22:09:57.139-0300] {processor.py:914} INFO - Processing file /home/jonathan-brito/python-projects/airflow/venv/lib/python3.12/site-packages/airflow/example_dags/example_setup_teardown.py for tasks to queue
[2025-04-21T22:09:57.140-0300] {logging_mixin.py:190} INFO - [2025-04-21T22:09:57.139-0300] {dagbag.py:588} INFO - Filling up the DagBag from /home/jonathan-brito/python-projects/airflow/venv/lib/python3.12/site-packages/airflow/example_dags/example_setup_teardown.py
[2025-04-21T22:09:57.147-0300] {processor.py:925} INFO - DAG(s) 'example_setup_teardown' retrieved from /home/jonathan-brito/python-projects/airflow/venv/lib/python3.12/site-packages/airflow/example_dags/example_setup_teardown.py
[2025-04-21T22:09:57.167-0300] {logging_mixin.py:190} INFO - [2025-04-21T22:09:57.167-0300] {dag.py:3239} INFO - Sync 1 DAGs
[2025-04-21T22:09:57.180-0300] {logging_mixin.py:190} INFO - [2025-04-21T22:09:57.180-0300] {dag.py:4180} INFO - Setting next_dagrun for example_setup_teardown to None, run_after=None
[2025-04-21T22:09:57.206-0300] {processor.py:208} INFO - Processing /home/jonathan-brito/python-projects/airflow/venv/lib/python3.12/site-packages/airflow/example_dags/example_setup_teardown.py took 0.080 seconds
[2025-04-21T22:10:58.916-0300] {processor.py:186} INFO - Started process (PID=128117) to work on /home/jonathan-brito/python-projects/airflow/venv/lib/python3.12/site-packages/airflow/example_dags/example_setup_teardown.py
[2025-04-21T22:10:58.923-0300] {processor.py:914} INFO - Processing file /home/jonathan-brito/python-projects/airflow/venv/lib/python3.12/site-packages/airflow/example_dags/example_setup_teardown.py for tasks to queue
[2025-04-21T22:10:58.924-0300] {logging_mixin.py:190} INFO - [2025-04-21T22:10:58.923-0300] {dagbag.py:588} INFO - Filling up the DagBag from /home/jonathan-brito/python-projects/airflow/venv/lib/python3.12/site-packages/airflow/example_dags/example_setup_teardown.py
[2025-04-21T22:10:58.931-0300] {processor.py:925} INFO - DAG(s) 'example_setup_teardown' retrieved from /home/jonathan-brito/python-projects/airflow/venv/lib/python3.12/site-packages/airflow/example_dags/example_setup_teardown.py
[2025-04-21T22:10:58.950-0300] {logging_mixin.py:190} INFO - [2025-04-21T22:10:58.949-0300] {dag.py:3239} INFO - Sync 1 DAGs
[2025-04-21T22:10:58.963-0300] {logging_mixin.py:190} INFO - [2025-04-21T22:10:58.963-0300] {dag.py:4180} INFO - Setting next_dagrun for example_setup_teardown to None, run_after=None
[2025-04-21T22:10:58.985-0300] {processor.py:208} INFO - Processing /home/jonathan-brito/python-projects/airflow/venv/lib/python3.12/site-packages/airflow/example_dags/example_setup_teardown.py took 0.076 seconds
[2025-04-21T22:12:02.136-0300] {processor.py:186} INFO - Started process (PID=128813) to work on /home/jonathan-brito/python-projects/airflow/venv/lib/python3.12/site-packages/airflow/example_dags/example_setup_teardown.py
[2025-04-21T22:12:02.143-0300] {processor.py:914} INFO - Processing file /home/jonathan-brito/python-projects/airflow/venv/lib/python3.12/site-packages/airflow/example_dags/example_setup_teardown.py for tasks to queue
[2025-04-21T22:12:02.145-0300] {logging_mixin.py:190} INFO - [2025-04-21T22:12:02.144-0300] {dagbag.py:588} INFO - Filling up the DagBag from /home/jonathan-brito/python-projects/airflow/venv/lib/python3.12/site-packages/airflow/example_dags/example_setup_teardown.py
[2025-04-21T22:12:02.154-0300] {processor.py:925} INFO - DAG(s) 'example_setup_teardown' retrieved from /home/jonathan-brito/python-projects/airflow/venv/lib/python3.12/site-packages/airflow/example_dags/example_setup_teardown.py
[2025-04-21T22:12:02.176-0300] {logging_mixin.py:190} INFO - [2025-04-21T22:12:02.175-0300] {dag.py:3239} INFO - Sync 1 DAGs
[2025-04-21T22:12:02.189-0300] {logging_mixin.py:190} INFO - [2025-04-21T22:12:02.189-0300] {dag.py:4180} INFO - Setting next_dagrun for example_setup_teardown to None, run_after=None
[2025-04-21T22:12:02.220-0300] {processor.py:208} INFO - Processing /home/jonathan-brito/python-projects/airflow/venv/lib/python3.12/site-packages/airflow/example_dags/example_setup_teardown.py took 0.092 seconds
[2025-04-21T22:13:04.252-0300] {processor.py:186} INFO - Started process (PID=129450) to work on /home/jonathan-brito/python-projects/airflow/venv/lib/python3.12/site-packages/airflow/example_dags/example_setup_teardown.py
[2025-04-21T22:13:04.253-0300] {processor.py:914} INFO - Processing file /home/jonathan-brito/python-projects/airflow/venv/lib/python3.12/site-packages/airflow/example_dags/example_setup_teardown.py for tasks to queue
[2025-04-21T22:13:04.254-0300] {logging_mixin.py:190} INFO - [2025-04-21T22:13:04.254-0300] {dagbag.py:588} INFO - Filling up the DagBag from /home/jonathan-brito/python-projects/airflow/venv/lib/python3.12/site-packages/airflow/example_dags/example_setup_teardown.py
[2025-04-21T22:13:04.262-0300] {processor.py:925} INFO - DAG(s) 'example_setup_teardown' retrieved from /home/jonathan-brito/python-projects/airflow/venv/lib/python3.12/site-packages/airflow/example_dags/example_setup_teardown.py
[2025-04-21T22:13:04.287-0300] {logging_mixin.py:190} INFO - [2025-04-21T22:13:04.287-0300] {dag.py:3239} INFO - Sync 1 DAGs
[2025-04-21T22:13:04.299-0300] {logging_mixin.py:190} INFO - [2025-04-21T22:13:04.299-0300] {dag.py:4180} INFO - Setting next_dagrun for example_setup_teardown to None, run_after=None
[2025-04-21T22:13:04.322-0300] {processor.py:208} INFO - Processing /home/jonathan-brito/python-projects/airflow/venv/lib/python3.12/site-packages/airflow/example_dags/example_setup_teardown.py took 0.076 seconds
[2025-04-21T22:14:09.480-0300] {processor.py:186} INFO - Started process (PID=130218) to work on /home/jonathan-brito/python-projects/airflow/venv/lib/python3.12/site-packages/airflow/example_dags/example_setup_teardown.py
[2025-04-21T22:14:09.487-0300] {processor.py:914} INFO - Processing file /home/jonathan-brito/python-projects/airflow/venv/lib/python3.12/site-packages/airflow/example_dags/example_setup_teardown.py for tasks to queue
[2025-04-21T22:14:09.489-0300] {logging_mixin.py:190} INFO - [2025-04-21T22:14:09.488-0300] {dagbag.py:588} INFO - Filling up the DagBag from /home/jonathan-brito/python-projects/airflow/venv/lib/python3.12/site-packages/airflow/example_dags/example_setup_teardown.py
[2025-04-21T22:14:09.496-0300] {processor.py:925} INFO - DAG(s) 'example_setup_teardown' retrieved from /home/jonathan-brito/python-projects/airflow/venv/lib/python3.12/site-packages/airflow/example_dags/example_setup_teardown.py
[2025-04-21T22:14:09.514-0300] {logging_mixin.py:190} INFO - [2025-04-21T22:14:09.514-0300] {dag.py:3239} INFO - Sync 1 DAGs
[2025-04-21T22:14:09.525-0300] {logging_mixin.py:190} INFO - [2025-04-21T22:14:09.525-0300] {dag.py:4180} INFO - Setting next_dagrun for example_setup_teardown to None, run_after=None
[2025-04-21T22:14:09.548-0300] {processor.py:208} INFO - Processing /home/jonathan-brito/python-projects/airflow/venv/lib/python3.12/site-packages/airflow/example_dags/example_setup_teardown.py took 0.075 seconds
[2025-04-21T22:15:10.773-0300] {processor.py:186} INFO - Started process (PID=130896) to work on /home/jonathan-brito/python-projects/airflow/venv/lib/python3.12/site-packages/airflow/example_dags/example_setup_teardown.py
[2025-04-21T22:15:10.780-0300] {processor.py:914} INFO - Processing file /home/jonathan-brito/python-projects/airflow/venv/lib/python3.12/site-packages/airflow/example_dags/example_setup_teardown.py for tasks to queue
[2025-04-21T22:15:10.782-0300] {logging_mixin.py:190} INFO - [2025-04-21T22:15:10.781-0300] {dagbag.py:588} INFO - Filling up the DagBag from /home/jonathan-brito/python-projects/airflow/venv/lib/python3.12/site-packages/airflow/example_dags/example_setup_teardown.py
[2025-04-21T22:15:10.792-0300] {processor.py:925} INFO - DAG(s) 'example_setup_teardown' retrieved from /home/jonathan-brito/python-projects/airflow/venv/lib/python3.12/site-packages/airflow/example_dags/example_setup_teardown.py
[2025-04-21T22:15:10.810-0300] {logging_mixin.py:190} INFO - [2025-04-21T22:15:10.810-0300] {dag.py:3239} INFO - Sync 1 DAGs
[2025-04-21T22:15:10.822-0300] {logging_mixin.py:190} INFO - [2025-04-21T22:15:10.822-0300] {dag.py:4180} INFO - Setting next_dagrun for example_setup_teardown to None, run_after=None
[2025-04-21T22:15:10.855-0300] {processor.py:208} INFO - Processing /home/jonathan-brito/python-projects/airflow/venv/lib/python3.12/site-packages/airflow/example_dags/example_setup_teardown.py took 0.091 seconds
[2025-04-21T22:16:13.299-0300] {processor.py:186} INFO - Started process (PID=131543) to work on /home/jonathan-brito/python-projects/airflow/venv/lib/python3.12/site-packages/airflow/example_dags/example_setup_teardown.py
[2025-04-21T22:16:13.306-0300] {processor.py:914} INFO - Processing file /home/jonathan-brito/python-projects/airflow/venv/lib/python3.12/site-packages/airflow/example_dags/example_setup_teardown.py for tasks to queue
[2025-04-21T22:16:13.308-0300] {logging_mixin.py:190} INFO - [2025-04-21T22:16:13.307-0300] {dagbag.py:588} INFO - Filling up the DagBag from /home/jonathan-brito/python-projects/airflow/venv/lib/python3.12/site-packages/airflow/example_dags/example_setup_teardown.py
[2025-04-21T22:16:13.316-0300] {processor.py:925} INFO - DAG(s) 'example_setup_teardown' retrieved from /home/jonathan-brito/python-projects/airflow/venv/lib/python3.12/site-packages/airflow/example_dags/example_setup_teardown.py
[2025-04-21T22:16:13.336-0300] {logging_mixin.py:190} INFO - [2025-04-21T22:16:13.335-0300] {dag.py:3239} INFO - Sync 1 DAGs
[2025-04-21T22:16:13.347-0300] {logging_mixin.py:190} INFO - [2025-04-21T22:16:13.347-0300] {dag.py:4180} INFO - Setting next_dagrun for example_setup_teardown to None, run_after=None
[2025-04-21T22:16:13.374-0300] {processor.py:208} INFO - Processing /home/jonathan-brito/python-projects/airflow/venv/lib/python3.12/site-packages/airflow/example_dags/example_setup_teardown.py took 0.082 seconds
[2025-04-21T22:17:16.589-0300] {processor.py:186} INFO - Started process (PID=132192) to work on /home/jonathan-brito/python-projects/airflow/venv/lib/python3.12/site-packages/airflow/example_dags/example_setup_teardown.py
[2025-04-21T22:17:16.596-0300] {processor.py:914} INFO - Processing file /home/jonathan-brito/python-projects/airflow/venv/lib/python3.12/site-packages/airflow/example_dags/example_setup_teardown.py for tasks to queue
[2025-04-21T22:17:16.598-0300] {logging_mixin.py:190} INFO - [2025-04-21T22:17:16.597-0300] {dagbag.py:588} INFO - Filling up the DagBag from /home/jonathan-brito/python-projects/airflow/venv/lib/python3.12/site-packages/airflow/example_dags/example_setup_teardown.py
[2025-04-21T22:17:16.606-0300] {processor.py:925} INFO - DAG(s) 'example_setup_teardown' retrieved from /home/jonathan-brito/python-projects/airflow/venv/lib/python3.12/site-packages/airflow/example_dags/example_setup_teardown.py
[2025-04-21T22:17:16.625-0300] {logging_mixin.py:190} INFO - [2025-04-21T22:17:16.624-0300] {dag.py:3239} INFO - Sync 1 DAGs
[2025-04-21T22:17:16.638-0300] {logging_mixin.py:190} INFO - [2025-04-21T22:17:16.637-0300] {dag.py:4180} INFO - Setting next_dagrun for example_setup_teardown to None, run_after=None
[2025-04-21T22:17:16.673-0300] {processor.py:208} INFO - Processing /home/jonathan-brito/python-projects/airflow/venv/lib/python3.12/site-packages/airflow/example_dags/example_setup_teardown.py took 0.090 seconds
[2025-04-21T22:18:17.996-0300] {processor.py:186} INFO - Started process (PID=132840) to work on /home/jonathan-brito/python-projects/airflow/venv/lib/python3.12/site-packages/airflow/example_dags/example_setup_teardown.py
[2025-04-21T22:18:18.003-0300] {processor.py:914} INFO - Processing file /home/jonathan-brito/python-projects/airflow/venv/lib/python3.12/site-packages/airflow/example_dags/example_setup_teardown.py for tasks to queue
[2025-04-21T22:18:18.004-0300] {logging_mixin.py:190} INFO - [2025-04-21T22:18:18.004-0300] {dagbag.py:588} INFO - Filling up the DagBag from /home/jonathan-brito/python-projects/airflow/venv/lib/python3.12/site-packages/airflow/example_dags/example_setup_teardown.py
[2025-04-21T22:18:18.011-0300] {processor.py:925} INFO - DAG(s) 'example_setup_teardown' retrieved from /home/jonathan-brito/python-projects/airflow/venv/lib/python3.12/site-packages/airflow/example_dags/example_setup_teardown.py
[2025-04-21T22:18:18.028-0300] {logging_mixin.py:190} INFO - [2025-04-21T22:18:18.028-0300] {dag.py:3239} INFO - Sync 1 DAGs
[2025-04-21T22:18:18.040-0300] {logging_mixin.py:190} INFO - [2025-04-21T22:18:18.040-0300] {dag.py:4180} INFO - Setting next_dagrun for example_setup_teardown to None, run_after=None
[2025-04-21T22:18:18.064-0300] {processor.py:208} INFO - Processing /home/jonathan-brito/python-projects/airflow/venv/lib/python3.12/site-packages/airflow/example_dags/example_setup_teardown.py took 0.075 seconds
[2025-04-21T22:19:22.384-0300] {processor.py:186} INFO - Started process (PID=133508) to work on /home/jonathan-brito/python-projects/airflow/venv/lib/python3.12/site-packages/airflow/example_dags/example_setup_teardown.py
[2025-04-21T22:19:22.391-0300] {processor.py:914} INFO - Processing file /home/jonathan-brito/python-projects/airflow/venv/lib/python3.12/site-packages/airflow/example_dags/example_setup_teardown.py for tasks to queue
[2025-04-21T22:19:22.392-0300] {logging_mixin.py:190} INFO - [2025-04-21T22:19:22.392-0300] {dagbag.py:588} INFO - Filling up the DagBag from /home/jonathan-brito/python-projects/airflow/venv/lib/python3.12/site-packages/airflow/example_dags/example_setup_teardown.py
[2025-04-21T22:19:22.399-0300] {processor.py:925} INFO - DAG(s) 'example_setup_teardown' retrieved from /home/jonathan-brito/python-projects/airflow/venv/lib/python3.12/site-packages/airflow/example_dags/example_setup_teardown.py
[2025-04-21T22:19:22.417-0300] {logging_mixin.py:190} INFO - [2025-04-21T22:19:22.417-0300] {dag.py:3239} INFO - Sync 1 DAGs
[2025-04-21T22:19:22.429-0300] {logging_mixin.py:190} INFO - [2025-04-21T22:19:22.429-0300] {dag.py:4180} INFO - Setting next_dagrun for example_setup_teardown to None, run_after=None
[2025-04-21T22:19:22.452-0300] {processor.py:208} INFO - Processing /home/jonathan-brito/python-projects/airflow/venv/lib/python3.12/site-packages/airflow/example_dags/example_setup_teardown.py took 0.075 seconds
[2025-04-21T22:20:27.122-0300] {processor.py:186} INFO - Started process (PID=134231) to work on /home/jonathan-brito/python-projects/airflow/venv/lib/python3.12/site-packages/airflow/example_dags/example_setup_teardown.py
[2025-04-21T22:20:27.129-0300] {processor.py:914} INFO - Processing file /home/jonathan-brito/python-projects/airflow/venv/lib/python3.12/site-packages/airflow/example_dags/example_setup_teardown.py for tasks to queue
[2025-04-21T22:20:27.130-0300] {logging_mixin.py:190} INFO - [2025-04-21T22:20:27.130-0300] {dagbag.py:588} INFO - Filling up the DagBag from /home/jonathan-brito/python-projects/airflow/venv/lib/python3.12/site-packages/airflow/example_dags/example_setup_teardown.py
[2025-04-21T22:20:27.137-0300] {processor.py:925} INFO - DAG(s) 'example_setup_teardown' retrieved from /home/jonathan-brito/python-projects/airflow/venv/lib/python3.12/site-packages/airflow/example_dags/example_setup_teardown.py
[2025-04-21T22:20:27.154-0300] {logging_mixin.py:190} INFO - [2025-04-21T22:20:27.154-0300] {dag.py:3239} INFO - Sync 1 DAGs
[2025-04-21T22:20:27.166-0300] {logging_mixin.py:190} INFO - [2025-04-21T22:20:27.166-0300] {dag.py:4180} INFO - Setting next_dagrun for example_setup_teardown to None, run_after=None
[2025-04-21T22:20:27.188-0300] {processor.py:208} INFO - Processing /home/jonathan-brito/python-projects/airflow/venv/lib/python3.12/site-packages/airflow/example_dags/example_setup_teardown.py took 0.072 seconds
[2025-04-22T10:24:27.707-0300] {processor.py:186} INFO - Started process (PID=10993) to work on /home/jonathan-brito/python-projects/airflow/venv/lib/python3.12/site-packages/airflow/example_dags/example_setup_teardown.py
[2025-04-22T10:24:27.709-0300] {processor.py:914} INFO - Processing file /home/jonathan-brito/python-projects/airflow/venv/lib/python3.12/site-packages/airflow/example_dags/example_setup_teardown.py for tasks to queue
[2025-04-22T10:24:27.713-0300] {logging_mixin.py:190} INFO - [2025-04-22T10:24:27.712-0300] {dagbag.py:588} INFO - Filling up the DagBag from /home/jonathan-brito/python-projects/airflow/venv/lib/python3.12/site-packages/airflow/example_dags/example_setup_teardown.py
[2025-04-22T10:24:27.724-0300] {processor.py:925} INFO - DAG(s) 'example_setup_teardown' retrieved from /home/jonathan-brito/python-projects/airflow/venv/lib/python3.12/site-packages/airflow/example_dags/example_setup_teardown.py
[2025-04-22T10:24:27.754-0300] {logging_mixin.py:190} INFO - [2025-04-22T10:24:27.753-0300] {dag.py:3239} INFO - Sync 1 DAGs
[2025-04-22T10:24:27.770-0300] {logging_mixin.py:190} INFO - [2025-04-22T10:24:27.769-0300] {dag.py:4180} INFO - Setting next_dagrun for example_setup_teardown to None, run_after=None
[2025-04-22T10:24:27.796-0300] {processor.py:208} INFO - Processing /home/jonathan-brito/python-projects/airflow/venv/lib/python3.12/site-packages/airflow/example_dags/example_setup_teardown.py took 0.098 seconds
[2025-04-22T10:25:32.913-0300] {processor.py:186} INFO - Started process (PID=11955) to work on /home/jonathan-brito/python-projects/airflow/venv/lib/python3.12/site-packages/airflow/example_dags/example_setup_teardown.py
[2025-04-22T10:25:32.914-0300] {processor.py:914} INFO - Processing file /home/jonathan-brito/python-projects/airflow/venv/lib/python3.12/site-packages/airflow/example_dags/example_setup_teardown.py for tasks to queue
[2025-04-22T10:25:32.917-0300] {logging_mixin.py:190} INFO - [2025-04-22T10:25:32.916-0300] {dagbag.py:588} INFO - Filling up the DagBag from /home/jonathan-brito/python-projects/airflow/venv/lib/python3.12/site-packages/airflow/example_dags/example_setup_teardown.py
[2025-04-22T10:25:32.926-0300] {processor.py:925} INFO - DAG(s) 'example_setup_teardown' retrieved from /home/jonathan-brito/python-projects/airflow/venv/lib/python3.12/site-packages/airflow/example_dags/example_setup_teardown.py
[2025-04-22T10:25:32.942-0300] {logging_mixin.py:190} INFO - [2025-04-22T10:25:32.942-0300] {dag.py:3239} INFO - Sync 1 DAGs
[2025-04-22T10:25:32.955-0300] {logging_mixin.py:190} INFO - [2025-04-22T10:25:32.955-0300] {dag.py:4180} INFO - Setting next_dagrun for example_setup_teardown to None, run_after=None
[2025-04-22T10:25:32.984-0300] {processor.py:208} INFO - Processing /home/jonathan-brito/python-projects/airflow/venv/lib/python3.12/site-packages/airflow/example_dags/example_setup_teardown.py took 0.077 seconds
[2025-04-22T10:27:44.197-0300] {processor.py:186} INFO - Started process (PID=14010) to work on /home/jonathan-brito/python-projects/airflow/venv/lib/python3.12/site-packages/airflow/example_dags/example_setup_teardown.py
[2025-04-22T10:27:44.206-0300] {processor.py:914} INFO - Processing file /home/jonathan-brito/python-projects/airflow/venv/lib/python3.12/site-packages/airflow/example_dags/example_setup_teardown.py for tasks to queue
[2025-04-22T10:27:44.213-0300] {logging_mixin.py:190} INFO - [2025-04-22T10:27:44.211-0300] {dagbag.py:588} INFO - Filling up the DagBag from /home/jonathan-brito/python-projects/airflow/venv/lib/python3.12/site-packages/airflow/example_dags/example_setup_teardown.py
[2025-04-22T10:27:44.243-0300] {processor.py:925} INFO - DAG(s) 'example_setup_teardown' retrieved from /home/jonathan-brito/python-projects/airflow/venv/lib/python3.12/site-packages/airflow/example_dags/example_setup_teardown.py
[2025-04-22T10:27:44.276-0300] {logging_mixin.py:190} INFO - [2025-04-22T10:27:44.275-0300] {dag.py:3239} INFO - Sync 1 DAGs
[2025-04-22T10:27:44.292-0300] {logging_mixin.py:190} INFO - [2025-04-22T10:27:44.291-0300] {dag.py:4180} INFO - Setting next_dagrun for example_setup_teardown to None, run_after=None
[2025-04-22T10:27:44.324-0300] {processor.py:208} INFO - Processing /home/jonathan-brito/python-projects/airflow/venv/lib/python3.12/site-packages/airflow/example_dags/example_setup_teardown.py took 0.147 seconds
[2025-04-22T10:30:32.071-0300] {processor.py:186} INFO - Started process (PID=16148) to work on /home/jonathan-brito/python-projects/airflow/venv/lib/python3.12/site-packages/airflow/example_dags/example_setup_teardown.py
[2025-04-22T10:30:32.073-0300] {processor.py:914} INFO - Processing file /home/jonathan-brito/python-projects/airflow/venv/lib/python3.12/site-packages/airflow/example_dags/example_setup_teardown.py for tasks to queue
[2025-04-22T10:30:32.076-0300] {logging_mixin.py:190} INFO - [2025-04-22T10:30:32.076-0300] {dagbag.py:588} INFO - Filling up the DagBag from /home/jonathan-brito/python-projects/airflow/venv/lib/python3.12/site-packages/airflow/example_dags/example_setup_teardown.py
[2025-04-22T10:30:32.092-0300] {processor.py:925} INFO - DAG(s) 'example_setup_teardown' retrieved from /home/jonathan-brito/python-projects/airflow/venv/lib/python3.12/site-packages/airflow/example_dags/example_setup_teardown.py
[2025-04-22T10:30:32.109-0300] {logging_mixin.py:190} INFO - [2025-04-22T10:30:32.108-0300] {dag.py:3239} INFO - Sync 1 DAGs
[2025-04-22T10:30:32.122-0300] {logging_mixin.py:190} INFO - [2025-04-22T10:30:32.122-0300] {dag.py:4180} INFO - Setting next_dagrun for example_setup_teardown to None, run_after=None
[2025-04-22T10:30:32.147-0300] {processor.py:208} INFO - Processing /home/jonathan-brito/python-projects/airflow/venv/lib/python3.12/site-packages/airflow/example_dags/example_setup_teardown.py took 0.083 seconds
[2025-04-22T10:31:21.946-0300] {processor.py:186} INFO - Started process (PID=16754) to work on /home/jonathan-brito/python-projects/airflow/venv/lib/python3.12/site-packages/airflow/example_dags/example_setup_teardown.py
[2025-04-22T10:31:21.954-0300] {processor.py:914} INFO - Processing file /home/jonathan-brito/python-projects/airflow/venv/lib/python3.12/site-packages/airflow/example_dags/example_setup_teardown.py for tasks to queue
[2025-04-22T10:31:21.960-0300] {logging_mixin.py:190} INFO - [2025-04-22T10:31:21.959-0300] {dagbag.py:588} INFO - Filling up the DagBag from /home/jonathan-brito/python-projects/airflow/venv/lib/python3.12/site-packages/airflow/example_dags/example_setup_teardown.py
[2025-04-22T10:31:21.980-0300] {processor.py:925} INFO - DAG(s) 'example_setup_teardown' retrieved from /home/jonathan-brito/python-projects/airflow/venv/lib/python3.12/site-packages/airflow/example_dags/example_setup_teardown.py
[2025-04-22T10:31:22.002-0300] {logging_mixin.py:190} INFO - [2025-04-22T10:31:22.002-0300] {dag.py:3239} INFO - Sync 1 DAGs
[2025-04-22T10:31:22.017-0300] {logging_mixin.py:190} INFO - [2025-04-22T10:31:22.017-0300] {dag.py:4180} INFO - Setting next_dagrun for example_setup_teardown to None, run_after=None
[2025-04-22T10:31:22.054-0300] {processor.py:208} INFO - Processing /home/jonathan-brito/python-projects/airflow/venv/lib/python3.12/site-packages/airflow/example_dags/example_setup_teardown.py took 0.114 seconds
[2025-04-22T11:08:10.088-0300] {processor.py:186} INFO - Started process (PID=49641) to work on /home/jonathan-brito/python-projects/airflow/venv/lib/python3.12/site-packages/airflow/example_dags/example_setup_teardown.py
[2025-04-22T11:08:10.096-0300] {processor.py:914} INFO - Processing file /home/jonathan-brito/python-projects/airflow/venv/lib/python3.12/site-packages/airflow/example_dags/example_setup_teardown.py for tasks to queue
[2025-04-22T11:08:10.097-0300] {logging_mixin.py:190} INFO - [2025-04-22T11:08:10.097-0300] {dagbag.py:588} INFO - Filling up the DagBag from /home/jonathan-brito/python-projects/airflow/venv/lib/python3.12/site-packages/airflow/example_dags/example_setup_teardown.py
[2025-04-22T11:08:10.108-0300] {processor.py:925} INFO - DAG(s) 'example_setup_teardown' retrieved from /home/jonathan-brito/python-projects/airflow/venv/lib/python3.12/site-packages/airflow/example_dags/example_setup_teardown.py
[2025-04-22T11:08:10.129-0300] {logging_mixin.py:190} INFO - [2025-04-22T11:08:10.128-0300] {dag.py:3239} INFO - Sync 1 DAGs
[2025-04-22T11:08:10.141-0300] {logging_mixin.py:190} INFO - [2025-04-22T11:08:10.141-0300] {dag.py:4180} INFO - Setting next_dagrun for example_setup_teardown to None, run_after=None
[2025-04-22T11:08:10.164-0300] {processor.py:208} INFO - Processing /home/jonathan-brito/python-projects/airflow/venv/lib/python3.12/site-packages/airflow/example_dags/example_setup_teardown.py took 0.083 seconds
[2025-04-22T11:09:10.079-0300] {processor.py:186} INFO - Started process (PID=50024) to work on /home/jonathan-brito/python-projects/airflow/venv/lib/python3.12/site-packages/airflow/example_dags/example_setup_teardown.py
[2025-04-22T11:09:10.086-0300] {processor.py:914} INFO - Processing file /home/jonathan-brito/python-projects/airflow/venv/lib/python3.12/site-packages/airflow/example_dags/example_setup_teardown.py for tasks to queue
[2025-04-22T11:09:10.087-0300] {logging_mixin.py:190} INFO - [2025-04-22T11:09:10.087-0300] {dagbag.py:588} INFO - Filling up the DagBag from /home/jonathan-brito/python-projects/airflow/venv/lib/python3.12/site-packages/airflow/example_dags/example_setup_teardown.py
[2025-04-22T11:09:10.095-0300] {processor.py:925} INFO - DAG(s) 'example_setup_teardown' retrieved from /home/jonathan-brito/python-projects/airflow/venv/lib/python3.12/site-packages/airflow/example_dags/example_setup_teardown.py
[2025-04-22T11:09:10.112-0300] {logging_mixin.py:190} INFO - [2025-04-22T11:09:10.112-0300] {dag.py:3239} INFO - Sync 1 DAGs
[2025-04-22T11:09:10.124-0300] {logging_mixin.py:190} INFO - [2025-04-22T11:09:10.124-0300] {dag.py:4180} INFO - Setting next_dagrun for example_setup_teardown to None, run_after=None
[2025-04-22T11:09:10.152-0300] {processor.py:208} INFO - Processing /home/jonathan-brito/python-projects/airflow/venv/lib/python3.12/site-packages/airflow/example_dags/example_setup_teardown.py took 0.079 seconds
[2025-04-22T11:10:08.957-0300] {processor.py:186} INFO - Started process (PID=50567) to work on /home/jonathan-brito/python-projects/airflow/venv/lib/python3.12/site-packages/airflow/example_dags/example_setup_teardown.py
[2025-04-22T11:10:08.964-0300] {processor.py:914} INFO - Processing file /home/jonathan-brito/python-projects/airflow/venv/lib/python3.12/site-packages/airflow/example_dags/example_setup_teardown.py for tasks to queue
[2025-04-22T11:10:08.966-0300] {logging_mixin.py:190} INFO - [2025-04-22T11:10:08.965-0300] {dagbag.py:588} INFO - Filling up the DagBag from /home/jonathan-brito/python-projects/airflow/venv/lib/python3.12/site-packages/airflow/example_dags/example_setup_teardown.py
[2025-04-22T11:10:08.973-0300] {processor.py:925} INFO - DAG(s) 'example_setup_teardown' retrieved from /home/jonathan-brito/python-projects/airflow/venv/lib/python3.12/site-packages/airflow/example_dags/example_setup_teardown.py
[2025-04-22T11:10:08.993-0300] {logging_mixin.py:190} INFO - [2025-04-22T11:10:08.993-0300] {dag.py:3239} INFO - Sync 1 DAGs
[2025-04-22T11:10:09.006-0300] {logging_mixin.py:190} INFO - [2025-04-22T11:10:09.005-0300] {dag.py:4180} INFO - Setting next_dagrun for example_setup_teardown to None, run_after=None
[2025-04-22T11:10:09.054-0300] {processor.py:208} INFO - Processing /home/jonathan-brito/python-projects/airflow/venv/lib/python3.12/site-packages/airflow/example_dags/example_setup_teardown.py took 0.105 seconds
[2025-04-22T11:11:11.542-0300] {processor.py:186} INFO - Started process (PID=50963) to work on /home/jonathan-brito/python-projects/airflow/venv/lib/python3.12/site-packages/airflow/example_dags/example_setup_teardown.py
[2025-04-22T11:11:11.549-0300] {processor.py:914} INFO - Processing file /home/jonathan-brito/python-projects/airflow/venv/lib/python3.12/site-packages/airflow/example_dags/example_setup_teardown.py for tasks to queue
[2025-04-22T11:11:11.550-0300] {logging_mixin.py:190} INFO - [2025-04-22T11:11:11.550-0300] {dagbag.py:588} INFO - Filling up the DagBag from /home/jonathan-brito/python-projects/airflow/venv/lib/python3.12/site-packages/airflow/example_dags/example_setup_teardown.py
[2025-04-22T11:11:11.559-0300] {processor.py:925} INFO - DAG(s) 'example_setup_teardown' retrieved from /home/jonathan-brito/python-projects/airflow/venv/lib/python3.12/site-packages/airflow/example_dags/example_setup_teardown.py
[2025-04-22T11:11:11.579-0300] {logging_mixin.py:190} INFO - [2025-04-22T11:11:11.579-0300] {dag.py:3239} INFO - Sync 1 DAGs
[2025-04-22T11:11:11.593-0300] {logging_mixin.py:190} INFO - [2025-04-22T11:11:11.593-0300] {dag.py:4180} INFO - Setting next_dagrun for example_setup_teardown to None, run_after=None
[2025-04-22T11:11:11.619-0300] {processor.py:208} INFO - Processing /home/jonathan-brito/python-projects/airflow/venv/lib/python3.12/site-packages/airflow/example_dags/example_setup_teardown.py took 0.083 seconds
