[2025-04-21T21:23:29.653-0300] {processor.py:186} INFO - Started process (PID=70487) to work on /home/jonathan-brito/python-projects/airflow/venv/lib/python3.12/site-packages/airflow/example_dags/example_time_delta_sensor_async.py
[2025-04-21T21:23:29.654-0300] {processor.py:914} INFO - Processing file /home/jonathan-brito/python-projects/airflow/venv/lib/python3.12/site-packages/airflow/example_dags/example_time_delta_sensor_async.py for tasks to queue
[2025-04-21T21:23:29.657-0300] {logging_mixin.py:190} INFO - [2025-04-21T21:23:29.656-0300] {dagbag.py:588} INFO - Filling up the DagBag from /home/jonathan-brito/python-projects/airflow/venv/lib/python3.12/site-packages/airflow/example_dags/example_time_delta_sensor_async.py
[2025-04-21T21:23:29.664-0300] {processor.py:925} INFO - DAG(s) 'example_time_delta_sensor_async' retrieved from /home/jonathan-brito/python-projects/airflow/venv/lib/python3.12/site-packages/airflow/example_dags/example_time_delta_sensor_async.py
[2025-04-21T21:23:29.682-0300] {logging_mixin.py:190} INFO - [2025-04-21T21:23:29.682-0300] {dag.py:3239} INFO - Sync 1 DAGs
[2025-04-21T21:23:29.698-0300] {logging_mixin.py:190} INFO - [2025-04-21T21:23:29.697-0300] {dag.py:4180} INFO - Setting next_dagrun for example_time_delta_sensor_async to None, run_after=None
[2025-04-21T21:23:29.728-0300] {processor.py:208} INFO - Processing /home/jonathan-brito/python-projects/airflow/venv/lib/python3.12/site-packages/airflow/example_dags/example_time_delta_sensor_async.py took 0.080 seconds
[2025-04-21T21:24:35.686-0300] {processor.py:186} INFO - Started process (PID=71247) to work on /home/jonathan-brito/python-projects/airflow/venv/lib/python3.12/site-packages/airflow/example_dags/example_time_delta_sensor_async.py
[2025-04-21T21:24:35.693-0300] {processor.py:914} INFO - Processing file /home/jonathan-brito/python-projects/airflow/venv/lib/python3.12/site-packages/airflow/example_dags/example_time_delta_sensor_async.py for tasks to queue
[2025-04-21T21:24:35.697-0300] {logging_mixin.py:190} INFO - [2025-04-21T21:24:35.696-0300] {dagbag.py:588} INFO - Filling up the DagBag from /home/jonathan-brito/python-projects/airflow/venv/lib/python3.12/site-packages/airflow/example_dags/example_time_delta_sensor_async.py
[2025-04-21T21:24:35.707-0300] {processor.py:925} INFO - DAG(s) 'example_time_delta_sensor_async' retrieved from /home/jonathan-brito/python-projects/airflow/venv/lib/python3.12/site-packages/airflow/example_dags/example_time_delta_sensor_async.py
[2025-04-21T21:24:35.728-0300] {logging_mixin.py:190} INFO - [2025-04-21T21:24:35.728-0300] {dag.py:3239} INFO - Sync 1 DAGs
[2025-04-21T21:24:35.744-0300] {logging_mixin.py:190} INFO - [2025-04-21T21:24:35.744-0300] {dag.py:4180} INFO - Setting next_dagrun for example_time_delta_sensor_async to None, run_after=None
[2025-04-21T21:24:35.778-0300] {processor.py:208} INFO - Processing /home/jonathan-brito/python-projects/airflow/venv/lib/python3.12/site-packages/airflow/example_dags/example_time_delta_sensor_async.py took 0.102 seconds
[2025-04-21T21:27:05.575-0300] {processor.py:186} INFO - Started process (PID=74447) to work on /home/jonathan-brito/python-projects/airflow/venv/lib/python3.12/site-packages/airflow/example_dags/example_time_delta_sensor_async.py
[2025-04-21T21:27:05.582-0300] {processor.py:914} INFO - Processing file /home/jonathan-brito/python-projects/airflow/venv/lib/python3.12/site-packages/airflow/example_dags/example_time_delta_sensor_async.py for tasks to queue
[2025-04-21T21:27:05.585-0300] {logging_mixin.py:190} INFO - [2025-04-21T21:27:05.584-0300] {dagbag.py:588} INFO - Filling up the DagBag from /home/jonathan-brito/python-projects/airflow/venv/lib/python3.12/site-packages/airflow/example_dags/example_time_delta_sensor_async.py
[2025-04-21T21:27:05.593-0300] {processor.py:925} INFO - DAG(s) 'example_time_delta_sensor_async' retrieved from /home/jonathan-brito/python-projects/airflow/venv/lib/python3.12/site-packages/airflow/example_dags/example_time_delta_sensor_async.py
[2025-04-21T21:27:05.617-0300] {logging_mixin.py:190} INFO - [2025-04-21T21:27:05.616-0300] {dag.py:3239} INFO - Sync 1 DAGs
[2025-04-21T21:27:05.634-0300] {logging_mixin.py:190} INFO - [2025-04-21T21:27:05.634-0300] {dag.py:4180} INFO - Setting next_dagrun for example_time_delta_sensor_async to None, run_after=None
[2025-04-21T21:27:05.672-0300] {processor.py:208} INFO - Processing /home/jonathan-brito/python-projects/airflow/venv/lib/python3.12/site-packages/airflow/example_dags/example_time_delta_sensor_async.py took 0.103 seconds
[2025-04-21T22:09:47.027-0300] {processor.py:186} INFO - Started process (PID=127056) to work on /home/jonathan-brito/python-projects/airflow/venv/lib/python3.12/site-packages/airflow/example_dags/example_time_delta_sensor_async.py
[2025-04-21T22:09:47.028-0300] {processor.py:914} INFO - Processing file /home/jonathan-brito/python-projects/airflow/venv/lib/python3.12/site-packages/airflow/example_dags/example_time_delta_sensor_async.py for tasks to queue
[2025-04-21T22:09:47.031-0300] {logging_mixin.py:190} INFO - [2025-04-21T22:09:47.030-0300] {dagbag.py:588} INFO - Filling up the DagBag from /home/jonathan-brito/python-projects/airflow/venv/lib/python3.12/site-packages/airflow/example_dags/example_time_delta_sensor_async.py
[2025-04-21T22:09:47.036-0300] {processor.py:925} INFO - DAG(s) 'example_time_delta_sensor_async' retrieved from /home/jonathan-brito/python-projects/airflow/venv/lib/python3.12/site-packages/airflow/example_dags/example_time_delta_sensor_async.py
[2025-04-21T22:09:47.055-0300] {logging_mixin.py:190} INFO - [2025-04-21T22:09:47.055-0300] {dag.py:3239} INFO - Sync 1 DAGs
[2025-04-21T22:09:47.067-0300] {logging_mixin.py:190} INFO - [2025-04-21T22:09:47.067-0300] {dag.py:4180} INFO - Setting next_dagrun for example_time_delta_sensor_async to None, run_after=None
[2025-04-21T22:09:47.100-0300] {processor.py:208} INFO - Processing /home/jonathan-brito/python-projects/airflow/venv/lib/python3.12/site-packages/airflow/example_dags/example_time_delta_sensor_async.py took 0.082 seconds
[2025-04-21T22:10:49.656-0300] {processor.py:186} INFO - Started process (PID=127967) to work on /home/jonathan-brito/python-projects/airflow/venv/lib/python3.12/site-packages/airflow/example_dags/example_time_delta_sensor_async.py
[2025-04-21T22:10:49.663-0300] {processor.py:914} INFO - Processing file /home/jonathan-brito/python-projects/airflow/venv/lib/python3.12/site-packages/airflow/example_dags/example_time_delta_sensor_async.py for tasks to queue
[2025-04-21T22:10:49.665-0300] {logging_mixin.py:190} INFO - [2025-04-21T22:10:49.664-0300] {dagbag.py:588} INFO - Filling up the DagBag from /home/jonathan-brito/python-projects/airflow/venv/lib/python3.12/site-packages/airflow/example_dags/example_time_delta_sensor_async.py
[2025-04-21T22:10:49.671-0300] {processor.py:925} INFO - DAG(s) 'example_time_delta_sensor_async' retrieved from /home/jonathan-brito/python-projects/airflow/venv/lib/python3.12/site-packages/airflow/example_dags/example_time_delta_sensor_async.py
[2025-04-21T22:10:49.690-0300] {logging_mixin.py:190} INFO - [2025-04-21T22:10:49.690-0300] {dag.py:3239} INFO - Sync 1 DAGs
[2025-04-21T22:10:49.703-0300] {logging_mixin.py:190} INFO - [2025-04-21T22:10:49.703-0300] {dag.py:4180} INFO - Setting next_dagrun for example_time_delta_sensor_async to None, run_after=None
[2025-04-21T22:10:49.730-0300] {processor.py:208} INFO - Processing /home/jonathan-brito/python-projects/airflow/venv/lib/python3.12/site-packages/airflow/example_dags/example_time_delta_sensor_async.py took 0.081 seconds
[2025-04-21T22:11:51.964-0300] {processor.py:186} INFO - Started process (PID=128736) to work on /home/jonathan-brito/python-projects/airflow/venv/lib/python3.12/site-packages/airflow/example_dags/example_time_delta_sensor_async.py
[2025-04-21T22:11:51.971-0300] {processor.py:914} INFO - Processing file /home/jonathan-brito/python-projects/airflow/venv/lib/python3.12/site-packages/airflow/example_dags/example_time_delta_sensor_async.py for tasks to queue
[2025-04-21T22:11:51.973-0300] {logging_mixin.py:190} INFO - [2025-04-21T22:11:51.973-0300] {dagbag.py:588} INFO - Filling up the DagBag from /home/jonathan-brito/python-projects/airflow/venv/lib/python3.12/site-packages/airflow/example_dags/example_time_delta_sensor_async.py
[2025-04-21T22:11:51.979-0300] {processor.py:925} INFO - DAG(s) 'example_time_delta_sensor_async' retrieved from /home/jonathan-brito/python-projects/airflow/venv/lib/python3.12/site-packages/airflow/example_dags/example_time_delta_sensor_async.py
[2025-04-21T22:11:51.996-0300] {logging_mixin.py:190} INFO - [2025-04-21T22:11:51.996-0300] {dag.py:3239} INFO - Sync 1 DAGs
[2025-04-21T22:11:52.007-0300] {logging_mixin.py:190} INFO - [2025-04-21T22:11:52.007-0300] {dag.py:4180} INFO - Setting next_dagrun for example_time_delta_sensor_async to None, run_after=None
[2025-04-21T22:11:52.031-0300] {processor.py:208} INFO - Processing /home/jonathan-brito/python-projects/airflow/venv/lib/python3.12/site-packages/airflow/example_dags/example_time_delta_sensor_async.py took 0.072 seconds
[2025-04-21T22:12:54.240-0300] {processor.py:186} INFO - Started process (PID=129358) to work on /home/jonathan-brito/python-projects/airflow/venv/lib/python3.12/site-packages/airflow/example_dags/example_time_delta_sensor_async.py
[2025-04-21T22:12:54.247-0300] {processor.py:914} INFO - Processing file /home/jonathan-brito/python-projects/airflow/venv/lib/python3.12/site-packages/airflow/example_dags/example_time_delta_sensor_async.py for tasks to queue
[2025-04-21T22:12:54.249-0300] {logging_mixin.py:190} INFO - [2025-04-21T22:12:54.249-0300] {dagbag.py:588} INFO - Filling up the DagBag from /home/jonathan-brito/python-projects/airflow/venv/lib/python3.12/site-packages/airflow/example_dags/example_time_delta_sensor_async.py
[2025-04-21T22:12:54.256-0300] {processor.py:925} INFO - DAG(s) 'example_time_delta_sensor_async' retrieved from /home/jonathan-brito/python-projects/airflow/venv/lib/python3.12/site-packages/airflow/example_dags/example_time_delta_sensor_async.py
[2025-04-21T22:12:54.272-0300] {logging_mixin.py:190} INFO - [2025-04-21T22:12:54.272-0300] {dag.py:3239} INFO - Sync 1 DAGs
[2025-04-21T22:12:54.285-0300] {logging_mixin.py:190} INFO - [2025-04-21T22:12:54.284-0300] {dag.py:4180} INFO - Setting next_dagrun for example_time_delta_sensor_async to None, run_after=None
[2025-04-21T22:12:54.311-0300] {processor.py:208} INFO - Processing /home/jonathan-brito/python-projects/airflow/venv/lib/python3.12/site-packages/airflow/example_dags/example_time_delta_sensor_async.py took 0.079 seconds
[2025-04-21T22:14:00.047-0300] {processor.py:186} INFO - Started process (PID=130142) to work on /home/jonathan-brito/python-projects/airflow/venv/lib/python3.12/site-packages/airflow/example_dags/example_time_delta_sensor_async.py
[2025-04-21T22:14:00.048-0300] {processor.py:914} INFO - Processing file /home/jonathan-brito/python-projects/airflow/venv/lib/python3.12/site-packages/airflow/example_dags/example_time_delta_sensor_async.py for tasks to queue
[2025-04-21T22:14:00.049-0300] {logging_mixin.py:190} INFO - [2025-04-21T22:14:00.049-0300] {dagbag.py:588} INFO - Filling up the DagBag from /home/jonathan-brito/python-projects/airflow/venv/lib/python3.12/site-packages/airflow/example_dags/example_time_delta_sensor_async.py
[2025-04-21T22:14:00.054-0300] {processor.py:925} INFO - DAG(s) 'example_time_delta_sensor_async' retrieved from /home/jonathan-brito/python-projects/airflow/venv/lib/python3.12/site-packages/airflow/example_dags/example_time_delta_sensor_async.py
[2025-04-21T22:14:00.070-0300] {logging_mixin.py:190} INFO - [2025-04-21T22:14:00.070-0300] {dag.py:3239} INFO - Sync 1 DAGs
[2025-04-21T22:14:00.082-0300] {logging_mixin.py:190} INFO - [2025-04-21T22:14:00.081-0300] {dag.py:4180} INFO - Setting next_dagrun for example_time_delta_sensor_async to None, run_after=None
[2025-04-21T22:14:00.104-0300] {processor.py:208} INFO - Processing /home/jonathan-brito/python-projects/airflow/venv/lib/python3.12/site-packages/airflow/example_dags/example_time_delta_sensor_async.py took 0.064 seconds
[2025-04-21T22:15:01.938-0300] {processor.py:186} INFO - Started process (PID=130820) to work on /home/jonathan-brito/python-projects/airflow/venv/lib/python3.12/site-packages/airflow/example_dags/example_time_delta_sensor_async.py
[2025-04-21T22:15:01.945-0300] {processor.py:914} INFO - Processing file /home/jonathan-brito/python-projects/airflow/venv/lib/python3.12/site-packages/airflow/example_dags/example_time_delta_sensor_async.py for tasks to queue
[2025-04-21T22:15:01.946-0300] {logging_mixin.py:190} INFO - [2025-04-21T22:15:01.946-0300] {dagbag.py:588} INFO - Filling up the DagBag from /home/jonathan-brito/python-projects/airflow/venv/lib/python3.12/site-packages/airflow/example_dags/example_time_delta_sensor_async.py
[2025-04-21T22:15:01.952-0300] {processor.py:925} INFO - DAG(s) 'example_time_delta_sensor_async' retrieved from /home/jonathan-brito/python-projects/airflow/venv/lib/python3.12/site-packages/airflow/example_dags/example_time_delta_sensor_async.py
[2025-04-21T22:15:01.969-0300] {logging_mixin.py:190} INFO - [2025-04-21T22:15:01.969-0300] {dag.py:3239} INFO - Sync 1 DAGs
[2025-04-21T22:15:01.981-0300] {logging_mixin.py:190} INFO - [2025-04-21T22:15:01.981-0300] {dag.py:4180} INFO - Setting next_dagrun for example_time_delta_sensor_async to None, run_after=None
[2025-04-21T22:15:02.003-0300] {processor.py:208} INFO - Processing /home/jonathan-brito/python-projects/airflow/venv/lib/python3.12/site-packages/airflow/example_dags/example_time_delta_sensor_async.py took 0.073 seconds
[2025-04-21T22:16:03.428-0300] {processor.py:186} INFO - Started process (PID=131451) to work on /home/jonathan-brito/python-projects/airflow/venv/lib/python3.12/site-packages/airflow/example_dags/example_time_delta_sensor_async.py
[2025-04-21T22:16:03.435-0300] {processor.py:914} INFO - Processing file /home/jonathan-brito/python-projects/airflow/venv/lib/python3.12/site-packages/airflow/example_dags/example_time_delta_sensor_async.py for tasks to queue
[2025-04-21T22:16:03.436-0300] {logging_mixin.py:190} INFO - [2025-04-21T22:16:03.436-0300] {dagbag.py:588} INFO - Filling up the DagBag from /home/jonathan-brito/python-projects/airflow/venv/lib/python3.12/site-packages/airflow/example_dags/example_time_delta_sensor_async.py
[2025-04-21T22:16:03.442-0300] {processor.py:925} INFO - DAG(s) 'example_time_delta_sensor_async' retrieved from /home/jonathan-brito/python-projects/airflow/venv/lib/python3.12/site-packages/airflow/example_dags/example_time_delta_sensor_async.py
[2025-04-21T22:16:03.459-0300] {logging_mixin.py:190} INFO - [2025-04-21T22:16:03.458-0300] {dag.py:3239} INFO - Sync 1 DAGs
[2025-04-21T22:16:03.471-0300] {logging_mixin.py:190} INFO - [2025-04-21T22:16:03.470-0300] {dag.py:4180} INFO - Setting next_dagrun for example_time_delta_sensor_async to None, run_after=None
[2025-04-21T22:16:03.495-0300] {processor.py:208} INFO - Processing /home/jonathan-brito/python-projects/airflow/venv/lib/python3.12/site-packages/airflow/example_dags/example_time_delta_sensor_async.py took 0.075 seconds
[2025-04-21T22:17:06.418-0300] {processor.py:186} INFO - Started process (PID=132102) to work on /home/jonathan-brito/python-projects/airflow/venv/lib/python3.12/site-packages/airflow/example_dags/example_time_delta_sensor_async.py
[2025-04-21T22:17:06.419-0300] {processor.py:914} INFO - Processing file /home/jonathan-brito/python-projects/airflow/venv/lib/python3.12/site-packages/airflow/example_dags/example_time_delta_sensor_async.py for tasks to queue
[2025-04-21T22:17:06.421-0300] {logging_mixin.py:190} INFO - [2025-04-21T22:17:06.420-0300] {dagbag.py:588} INFO - Filling up the DagBag from /home/jonathan-brito/python-projects/airflow/venv/lib/python3.12/site-packages/airflow/example_dags/example_time_delta_sensor_async.py
[2025-04-21T22:17:06.426-0300] {processor.py:925} INFO - DAG(s) 'example_time_delta_sensor_async' retrieved from /home/jonathan-brito/python-projects/airflow/venv/lib/python3.12/site-packages/airflow/example_dags/example_time_delta_sensor_async.py
[2025-04-21T22:17:06.443-0300] {logging_mixin.py:190} INFO - [2025-04-21T22:17:06.442-0300] {dag.py:3239} INFO - Sync 1 DAGs
[2025-04-21T22:17:06.456-0300] {logging_mixin.py:190} INFO - [2025-04-21T22:17:06.455-0300] {dag.py:4180} INFO - Setting next_dagrun for example_time_delta_sensor_async to None, run_after=None
[2025-04-21T22:17:06.480-0300] {processor.py:208} INFO - Processing /home/jonathan-brito/python-projects/airflow/venv/lib/python3.12/site-packages/airflow/example_dags/example_time_delta_sensor_async.py took 0.069 seconds
[2025-04-21T22:18:09.005-0300] {processor.py:186} INFO - Started process (PID=132750) to work on /home/jonathan-brito/python-projects/airflow/venv/lib/python3.12/site-packages/airflow/example_dags/example_time_delta_sensor_async.py
[2025-04-21T22:18:09.012-0300] {processor.py:914} INFO - Processing file /home/jonathan-brito/python-projects/airflow/venv/lib/python3.12/site-packages/airflow/example_dags/example_time_delta_sensor_async.py for tasks to queue
[2025-04-21T22:18:09.013-0300] {logging_mixin.py:190} INFO - [2025-04-21T22:18:09.013-0300] {dagbag.py:588} INFO - Filling up the DagBag from /home/jonathan-brito/python-projects/airflow/venv/lib/python3.12/site-packages/airflow/example_dags/example_time_delta_sensor_async.py
[2025-04-21T22:18:09.018-0300] {processor.py:925} INFO - DAG(s) 'example_time_delta_sensor_async' retrieved from /home/jonathan-brito/python-projects/airflow/venv/lib/python3.12/site-packages/airflow/example_dags/example_time_delta_sensor_async.py
[2025-04-21T22:18:09.035-0300] {logging_mixin.py:190} INFO - [2025-04-21T22:18:09.035-0300] {dag.py:3239} INFO - Sync 1 DAGs
[2025-04-21T22:18:09.047-0300] {logging_mixin.py:190} INFO - [2025-04-21T22:18:09.047-0300] {dag.py:4180} INFO - Setting next_dagrun for example_time_delta_sensor_async to None, run_after=None
[2025-04-21T22:18:09.073-0300] {processor.py:208} INFO - Processing /home/jonathan-brito/python-projects/airflow/venv/lib/python3.12/site-packages/airflow/example_dags/example_time_delta_sensor_async.py took 0.077 seconds
[2025-04-21T22:19:12.892-0300] {processor.py:186} INFO - Started process (PID=133417) to work on /home/jonathan-brito/python-projects/airflow/venv/lib/python3.12/site-packages/airflow/example_dags/example_time_delta_sensor_async.py
[2025-04-21T22:19:12.899-0300] {processor.py:914} INFO - Processing file /home/jonathan-brito/python-projects/airflow/venv/lib/python3.12/site-packages/airflow/example_dags/example_time_delta_sensor_async.py for tasks to queue
[2025-04-21T22:19:12.901-0300] {logging_mixin.py:190} INFO - [2025-04-21T22:19:12.900-0300] {dagbag.py:588} INFO - Filling up the DagBag from /home/jonathan-brito/python-projects/airflow/venv/lib/python3.12/site-packages/airflow/example_dags/example_time_delta_sensor_async.py
[2025-04-21T22:19:12.908-0300] {processor.py:925} INFO - DAG(s) 'example_time_delta_sensor_async' retrieved from /home/jonathan-brito/python-projects/airflow/venv/lib/python3.12/site-packages/airflow/example_dags/example_time_delta_sensor_async.py
[2025-04-21T22:19:12.931-0300] {logging_mixin.py:190} INFO - [2025-04-21T22:19:12.930-0300] {dag.py:3239} INFO - Sync 1 DAGs
[2025-04-21T22:19:12.949-0300] {logging_mixin.py:190} INFO - [2025-04-21T22:19:12.949-0300] {dag.py:4180} INFO - Setting next_dagrun for example_time_delta_sensor_async to None, run_after=None
[2025-04-21T22:19:12.974-0300] {processor.py:208} INFO - Processing /home/jonathan-brito/python-projects/airflow/venv/lib/python3.12/site-packages/airflow/example_dags/example_time_delta_sensor_async.py took 0.088 seconds
[2025-04-21T22:20:17.931-0300] {processor.py:186} INFO - Started process (PID=134155) to work on /home/jonathan-brito/python-projects/airflow/venv/lib/python3.12/site-packages/airflow/example_dags/example_time_delta_sensor_async.py
[2025-04-21T22:20:17.938-0300] {processor.py:914} INFO - Processing file /home/jonathan-brito/python-projects/airflow/venv/lib/python3.12/site-packages/airflow/example_dags/example_time_delta_sensor_async.py for tasks to queue
[2025-04-21T22:20:17.939-0300] {logging_mixin.py:190} INFO - [2025-04-21T22:20:17.939-0300] {dagbag.py:588} INFO - Filling up the DagBag from /home/jonathan-brito/python-projects/airflow/venv/lib/python3.12/site-packages/airflow/example_dags/example_time_delta_sensor_async.py
[2025-04-21T22:20:17.946-0300] {processor.py:925} INFO - DAG(s) 'example_time_delta_sensor_async' retrieved from /home/jonathan-brito/python-projects/airflow/venv/lib/python3.12/site-packages/airflow/example_dags/example_time_delta_sensor_async.py
[2025-04-21T22:20:17.963-0300] {logging_mixin.py:190} INFO - [2025-04-21T22:20:17.963-0300] {dag.py:3239} INFO - Sync 1 DAGs
[2025-04-21T22:20:17.976-0300] {logging_mixin.py:190} INFO - [2025-04-21T22:20:17.975-0300] {dag.py:4180} INFO - Setting next_dagrun for example_time_delta_sensor_async to None, run_after=None
[2025-04-21T22:20:18.001-0300] {processor.py:208} INFO - Processing /home/jonathan-brito/python-projects/airflow/venv/lib/python3.12/site-packages/airflow/example_dags/example_time_delta_sensor_async.py took 0.077 seconds
[2025-04-22T10:24:11.148-0300] {processor.py:186} INFO - Started process (PID=10748) to work on /home/jonathan-brito/python-projects/airflow/venv/lib/python3.12/site-packages/airflow/example_dags/example_time_delta_sensor_async.py
[2025-04-22T10:24:11.151-0300] {processor.py:914} INFO - Processing file /home/jonathan-brito/python-projects/airflow/venv/lib/python3.12/site-packages/airflow/example_dags/example_time_delta_sensor_async.py for tasks to queue
[2025-04-22T10:24:11.159-0300] {logging_mixin.py:190} INFO - [2025-04-22T10:24:11.157-0300] {dagbag.py:588} INFO - Filling up the DagBag from /home/jonathan-brito/python-projects/airflow/venv/lib/python3.12/site-packages/airflow/example_dags/example_time_delta_sensor_async.py
[2025-04-22T10:24:11.183-0300] {processor.py:925} INFO - DAG(s) 'example_time_delta_sensor_async' retrieved from /home/jonathan-brito/python-projects/airflow/venv/lib/python3.12/site-packages/airflow/example_dags/example_time_delta_sensor_async.py
[2025-04-22T10:24:11.222-0300] {logging_mixin.py:190} INFO - [2025-04-22T10:24:11.221-0300] {dag.py:3239} INFO - Sync 1 DAGs
[2025-04-22T10:24:11.237-0300] {logging_mixin.py:190} INFO - [2025-04-22T10:24:11.237-0300] {dag.py:4180} INFO - Setting next_dagrun for example_time_delta_sensor_async to None, run_after=None
[2025-04-22T10:24:11.263-0300] {processor.py:208} INFO - Processing /home/jonathan-brito/python-projects/airflow/venv/lib/python3.12/site-packages/airflow/example_dags/example_time_delta_sensor_async.py took 0.136 seconds
[2025-04-22T10:25:24.237-0300] {processor.py:186} INFO - Started process (PID=11901) to work on /home/jonathan-brito/python-projects/airflow/venv/lib/python3.12/site-packages/airflow/example_dags/example_time_delta_sensor_async.py
[2025-04-22T10:25:24.244-0300] {processor.py:914} INFO - Processing file /home/jonathan-brito/python-projects/airflow/venv/lib/python3.12/site-packages/airflow/example_dags/example_time_delta_sensor_async.py for tasks to queue
[2025-04-22T10:25:24.246-0300] {logging_mixin.py:190} INFO - [2025-04-22T10:25:24.246-0300] {dagbag.py:588} INFO - Filling up the DagBag from /home/jonathan-brito/python-projects/airflow/venv/lib/python3.12/site-packages/airflow/example_dags/example_time_delta_sensor_async.py
[2025-04-22T10:25:24.255-0300] {processor.py:925} INFO - DAG(s) 'example_time_delta_sensor_async' retrieved from /home/jonathan-brito/python-projects/airflow/venv/lib/python3.12/site-packages/airflow/example_dags/example_time_delta_sensor_async.py
[2025-04-22T10:25:24.276-0300] {logging_mixin.py:190} INFO - [2025-04-22T10:25:24.276-0300] {dag.py:3239} INFO - Sync 1 DAGs
[2025-04-22T10:25:24.289-0300] {logging_mixin.py:190} INFO - [2025-04-22T10:25:24.289-0300] {dag.py:4180} INFO - Setting next_dagrun for example_time_delta_sensor_async to None, run_after=None
[2025-04-22T10:25:24.316-0300] {processor.py:208} INFO - Processing /home/jonathan-brito/python-projects/airflow/venv/lib/python3.12/site-packages/airflow/example_dags/example_time_delta_sensor_async.py took 0.086 seconds
[2025-04-22T10:27:33.670-0300] {processor.py:186} INFO - Started process (PID=13838) to work on /home/jonathan-brito/python-projects/airflow/venv/lib/python3.12/site-packages/airflow/example_dags/example_time_delta_sensor_async.py
[2025-04-22T10:27:33.677-0300] {processor.py:914} INFO - Processing file /home/jonathan-brito/python-projects/airflow/venv/lib/python3.12/site-packages/airflow/example_dags/example_time_delta_sensor_async.py for tasks to queue
[2025-04-22T10:27:33.680-0300] {logging_mixin.py:190} INFO - [2025-04-22T10:27:33.679-0300] {dagbag.py:588} INFO - Filling up the DagBag from /home/jonathan-brito/python-projects/airflow/venv/lib/python3.12/site-packages/airflow/example_dags/example_time_delta_sensor_async.py
[2025-04-22T10:27:33.688-0300] {processor.py:925} INFO - DAG(s) 'example_time_delta_sensor_async' retrieved from /home/jonathan-brito/python-projects/airflow/venv/lib/python3.12/site-packages/airflow/example_dags/example_time_delta_sensor_async.py
[2025-04-22T10:27:33.705-0300] {logging_mixin.py:190} INFO - [2025-04-22T10:27:33.705-0300] {dag.py:3239} INFO - Sync 1 DAGs
[2025-04-22T10:27:33.720-0300] {logging_mixin.py:190} INFO - [2025-04-22T10:27:33.720-0300] {dag.py:4180} INFO - Setting next_dagrun for example_time_delta_sensor_async to None, run_after=None
[2025-04-22T10:27:33.748-0300] {processor.py:208} INFO - Processing /home/jonathan-brito/python-projects/airflow/venv/lib/python3.12/site-packages/airflow/example_dags/example_time_delta_sensor_async.py took 0.084 seconds
[2025-04-22T10:30:21.759-0300] {processor.py:186} INFO - Started process (PID=16072) to work on /home/jonathan-brito/python-projects/airflow/venv/lib/python3.12/site-packages/airflow/example_dags/example_time_delta_sensor_async.py
[2025-04-22T10:30:21.766-0300] {processor.py:914} INFO - Processing file /home/jonathan-brito/python-projects/airflow/venv/lib/python3.12/site-packages/airflow/example_dags/example_time_delta_sensor_async.py for tasks to queue
[2025-04-22T10:30:21.770-0300] {logging_mixin.py:190} INFO - [2025-04-22T10:30:21.769-0300] {dagbag.py:588} INFO - Filling up the DagBag from /home/jonathan-brito/python-projects/airflow/venv/lib/python3.12/site-packages/airflow/example_dags/example_time_delta_sensor_async.py
[2025-04-22T10:30:21.783-0300] {processor.py:925} INFO - DAG(s) 'example_time_delta_sensor_async' retrieved from /home/jonathan-brito/python-projects/airflow/venv/lib/python3.12/site-packages/airflow/example_dags/example_time_delta_sensor_async.py
[2025-04-22T10:30:21.802-0300] {logging_mixin.py:190} INFO - [2025-04-22T10:30:21.802-0300] {dag.py:3239} INFO - Sync 1 DAGs
[2025-04-22T10:30:21.816-0300] {logging_mixin.py:190} INFO - [2025-04-22T10:30:21.816-0300] {dag.py:4180} INFO - Setting next_dagrun for example_time_delta_sensor_async to None, run_after=None
[2025-04-22T10:30:21.840-0300] {processor.py:208} INFO - Processing /home/jonathan-brito/python-projects/airflow/venv/lib/python3.12/site-packages/airflow/example_dags/example_time_delta_sensor_async.py took 0.091 seconds
[2025-04-22T10:31:11.764-0300] {processor.py:186} INFO - Started process (PID=16608) to work on /home/jonathan-brito/python-projects/airflow/venv/lib/python3.12/site-packages/airflow/example_dags/example_time_delta_sensor_async.py
[2025-04-22T10:31:11.771-0300] {processor.py:914} INFO - Processing file /home/jonathan-brito/python-projects/airflow/venv/lib/python3.12/site-packages/airflow/example_dags/example_time_delta_sensor_async.py for tasks to queue
[2025-04-22T10:31:11.775-0300] {logging_mixin.py:190} INFO - [2025-04-22T10:31:11.774-0300] {dagbag.py:588} INFO - Filling up the DagBag from /home/jonathan-brito/python-projects/airflow/venv/lib/python3.12/site-packages/airflow/example_dags/example_time_delta_sensor_async.py
[2025-04-22T10:31:11.784-0300] {processor.py:925} INFO - DAG(s) 'example_time_delta_sensor_async' retrieved from /home/jonathan-brito/python-projects/airflow/venv/lib/python3.12/site-packages/airflow/example_dags/example_time_delta_sensor_async.py
[2025-04-22T10:31:11.813-0300] {logging_mixin.py:190} INFO - [2025-04-22T10:31:11.812-0300] {dag.py:3239} INFO - Sync 1 DAGs
[2025-04-22T10:31:11.838-0300] {logging_mixin.py:190} INFO - [2025-04-22T10:31:11.837-0300] {dag.py:4180} INFO - Setting next_dagrun for example_time_delta_sensor_async to None, run_after=None
[2025-04-22T10:31:11.879-0300] {processor.py:208} INFO - Processing /home/jonathan-brito/python-projects/airflow/venv/lib/python3.12/site-packages/airflow/example_dags/example_time_delta_sensor_async.py took 0.125 seconds
[2025-04-22T11:08:01.056-0300] {processor.py:186} INFO - Started process (PID=49599) to work on /home/jonathan-brito/python-projects/airflow/venv/lib/python3.12/site-packages/airflow/example_dags/example_time_delta_sensor_async.py
[2025-04-22T11:08:01.057-0300] {processor.py:914} INFO - Processing file /home/jonathan-brito/python-projects/airflow/venv/lib/python3.12/site-packages/airflow/example_dags/example_time_delta_sensor_async.py for tasks to queue
[2025-04-22T11:08:01.060-0300] {logging_mixin.py:190} INFO - [2025-04-22T11:08:01.059-0300] {dagbag.py:588} INFO - Filling up the DagBag from /home/jonathan-brito/python-projects/airflow/venv/lib/python3.12/site-packages/airflow/example_dags/example_time_delta_sensor_async.py
[2025-04-22T11:08:01.067-0300] {processor.py:925} INFO - DAG(s) 'example_time_delta_sensor_async' retrieved from /home/jonathan-brito/python-projects/airflow/venv/lib/python3.12/site-packages/airflow/example_dags/example_time_delta_sensor_async.py
[2025-04-22T11:08:01.089-0300] {logging_mixin.py:190} INFO - [2025-04-22T11:08:01.089-0300] {dag.py:3239} INFO - Sync 1 DAGs
[2025-04-22T11:08:01.101-0300] {logging_mixin.py:190} INFO - [2025-04-22T11:08:01.101-0300] {dag.py:4180} INFO - Setting next_dagrun for example_time_delta_sensor_async to None, run_after=None
[2025-04-22T11:08:01.127-0300] {processor.py:208} INFO - Processing /home/jonathan-brito/python-projects/airflow/venv/lib/python3.12/site-packages/airflow/example_dags/example_time_delta_sensor_async.py took 0.078 seconds
[2025-04-22T11:09:00.901-0300] {processor.py:186} INFO - Started process (PID=49973) to work on /home/jonathan-brito/python-projects/airflow/venv/lib/python3.12/site-packages/airflow/example_dags/example_time_delta_sensor_async.py
[2025-04-22T11:09:00.908-0300] {processor.py:914} INFO - Processing file /home/jonathan-brito/python-projects/airflow/venv/lib/python3.12/site-packages/airflow/example_dags/example_time_delta_sensor_async.py for tasks to queue
[2025-04-22T11:09:00.910-0300] {logging_mixin.py:190} INFO - [2025-04-22T11:09:00.910-0300] {dagbag.py:588} INFO - Filling up the DagBag from /home/jonathan-brito/python-projects/airflow/venv/lib/python3.12/site-packages/airflow/example_dags/example_time_delta_sensor_async.py
[2025-04-22T11:09:00.916-0300] {processor.py:925} INFO - DAG(s) 'example_time_delta_sensor_async' retrieved from /home/jonathan-brito/python-projects/airflow/venv/lib/python3.12/site-packages/airflow/example_dags/example_time_delta_sensor_async.py
[2025-04-22T11:09:00.933-0300] {logging_mixin.py:190} INFO - [2025-04-22T11:09:00.933-0300] {dag.py:3239} INFO - Sync 1 DAGs
[2025-04-22T11:09:00.945-0300] {logging_mixin.py:190} INFO - [2025-04-22T11:09:00.945-0300] {dag.py:4180} INFO - Setting next_dagrun for example_time_delta_sensor_async to None, run_after=None
[2025-04-22T11:09:00.972-0300] {processor.py:208} INFO - Processing /home/jonathan-brito/python-projects/airflow/venv/lib/python3.12/site-packages/airflow/example_dags/example_time_delta_sensor_async.py took 0.077 seconds
[2025-04-22T11:09:58.766-0300] {processor.py:186} INFO - Started process (PID=50502) to work on /home/jonathan-brito/python-projects/airflow/venv/lib/python3.12/site-packages/airflow/example_dags/example_time_delta_sensor_async.py
[2025-04-22T11:09:58.773-0300] {processor.py:914} INFO - Processing file /home/jonathan-brito/python-projects/airflow/venv/lib/python3.12/site-packages/airflow/example_dags/example_time_delta_sensor_async.py for tasks to queue
[2025-04-22T11:09:58.775-0300] {logging_mixin.py:190} INFO - [2025-04-22T11:09:58.774-0300] {dagbag.py:588} INFO - Filling up the DagBag from /home/jonathan-brito/python-projects/airflow/venv/lib/python3.12/site-packages/airflow/example_dags/example_time_delta_sensor_async.py
[2025-04-22T11:09:58.780-0300] {processor.py:925} INFO - DAG(s) 'example_time_delta_sensor_async' retrieved from /home/jonathan-brito/python-projects/airflow/venv/lib/python3.12/site-packages/airflow/example_dags/example_time_delta_sensor_async.py
[2025-04-22T11:09:58.798-0300] {logging_mixin.py:190} INFO - [2025-04-22T11:09:58.798-0300] {dag.py:3239} INFO - Sync 1 DAGs
[2025-04-22T11:09:58.811-0300] {logging_mixin.py:190} INFO - [2025-04-22T11:09:58.811-0300] {dag.py:4180} INFO - Setting next_dagrun for example_time_delta_sensor_async to None, run_after=None
[2025-04-22T11:09:58.839-0300] {processor.py:208} INFO - Processing /home/jonathan-brito/python-projects/airflow/venv/lib/python3.12/site-packages/airflow/example_dags/example_time_delta_sensor_async.py took 0.080 seconds
[2025-04-22T11:11:02.155-0300] {processor.py:186} INFO - Started process (PID=50918) to work on /home/jonathan-brito/python-projects/airflow/venv/lib/python3.12/site-packages/airflow/example_dags/example_time_delta_sensor_async.py
[2025-04-22T11:11:02.162-0300] {processor.py:914} INFO - Processing file /home/jonathan-brito/python-projects/airflow/venv/lib/python3.12/site-packages/airflow/example_dags/example_time_delta_sensor_async.py for tasks to queue
[2025-04-22T11:11:02.165-0300] {logging_mixin.py:190} INFO - [2025-04-22T11:11:02.165-0300] {dagbag.py:588} INFO - Filling up the DagBag from /home/jonathan-brito/python-projects/airflow/venv/lib/python3.12/site-packages/airflow/example_dags/example_time_delta_sensor_async.py
[2025-04-22T11:11:02.172-0300] {processor.py:925} INFO - DAG(s) 'example_time_delta_sensor_async' retrieved from /home/jonathan-brito/python-projects/airflow/venv/lib/python3.12/site-packages/airflow/example_dags/example_time_delta_sensor_async.py
[2025-04-22T11:11:02.189-0300] {logging_mixin.py:190} INFO - [2025-04-22T11:11:02.189-0300] {dag.py:3239} INFO - Sync 1 DAGs
[2025-04-22T11:11:02.202-0300] {logging_mixin.py:190} INFO - [2025-04-22T11:11:02.202-0300] {dag.py:4180} INFO - Setting next_dagrun for example_time_delta_sensor_async to None, run_after=None
[2025-04-22T11:11:02.233-0300] {processor.py:208} INFO - Processing /home/jonathan-brito/python-projects/airflow/venv/lib/python3.12/site-packages/airflow/example_dags/example_time_delta_sensor_async.py took 0.084 seconds
