[2025-04-21T21:24:00.165-0300] {processor.py:186} INFO - Started process (PID=70757) to work on /home/jonathan-brito/python-projects/airflow/venv/lib/python3.12/site-packages/airflow/example_dags/example_external_task_marker_dag.py
[2025-04-21T21:24:00.167-0300] {processor.py:914} INFO - Processing file /home/jonathan-brito/python-projects/airflow/venv/lib/python3.12/site-packages/airflow/example_dags/example_external_task_marker_dag.py for tasks to queue
[2025-04-21T21:24:00.170-0300] {logging_mixin.py:190} INFO - [2025-04-21T21:24:00.169-0300] {dagbag.py:588} INFO - Filling up the DagBag from /home/jonathan-brito/python-projects/airflow/venv/lib/python3.12/site-packages/airflow/example_dags/example_external_task_marker_dag.py
[2025-04-21T21:24:00.180-0300] {processor.py:925} INFO - DAG(s) 'example_external_task_marker_parent', 'example_external_task_marker_child' retrieved from /home/jonathan-brito/python-projects/airflow/venv/lib/python3.12/site-packages/airflow/example_dags/example_external_task_marker_dag.py
[2025-04-21T21:24:00.200-0300] {logging_mixin.py:190} INFO - [2025-04-21T21:24:00.199-0300] {dag.py:3239} INFO - Sync 2 DAGs
[2025-04-21T21:24:00.215-0300] {logging_mixin.py:190} INFO - [2025-04-21T21:24:00.215-0300] {dag.py:4180} INFO - Setting next_dagrun for example_external_task_marker_child to None, run_after=None
[2025-04-21T21:24:00.218-0300] {logging_mixin.py:190} INFO - [2025-04-21T21:24:00.218-0300] {dag.py:4180} INFO - Setting next_dagrun for example_external_task_marker_parent to None, run_after=None
[2025-04-21T21:24:00.251-0300] {processor.py:208} INFO - Processing /home/jonathan-brito/python-projects/airflow/venv/lib/python3.12/site-packages/airflow/example_dags/example_external_task_marker_dag.py took 0.094 seconds
[2025-04-21T22:10:17.656-0300] {processor.py:186} INFO - Started process (PID=127328) to work on /home/jonathan-brito/python-projects/airflow/venv/lib/python3.12/site-packages/airflow/example_dags/example_external_task_marker_dag.py
[2025-04-21T22:10:17.663-0300] {processor.py:914} INFO - Processing file /home/jonathan-brito/python-projects/airflow/venv/lib/python3.12/site-packages/airflow/example_dags/example_external_task_marker_dag.py for tasks to queue
[2025-04-21T22:10:17.665-0300] {logging_mixin.py:190} INFO - [2025-04-21T22:10:17.664-0300] {dagbag.py:588} INFO - Filling up the DagBag from /home/jonathan-brito/python-projects/airflow/venv/lib/python3.12/site-packages/airflow/example_dags/example_external_task_marker_dag.py
[2025-04-21T22:10:17.675-0300] {processor.py:925} INFO - DAG(s) 'example_external_task_marker_parent', 'example_external_task_marker_child' retrieved from /home/jonathan-brito/python-projects/airflow/venv/lib/python3.12/site-packages/airflow/example_dags/example_external_task_marker_dag.py
[2025-04-21T22:10:17.696-0300] {logging_mixin.py:190} INFO - [2025-04-21T22:10:17.696-0300] {dag.py:3239} INFO - Sync 2 DAGs
[2025-04-21T22:10:17.711-0300] {logging_mixin.py:190} INFO - [2025-04-21T22:10:17.711-0300] {dag.py:4180} INFO - Setting next_dagrun for example_external_task_marker_child to None, run_after=None
[2025-04-21T22:10:17.714-0300] {logging_mixin.py:190} INFO - [2025-04-21T22:10:17.714-0300] {dag.py:4180} INFO - Setting next_dagrun for example_external_task_marker_parent to None, run_after=None
[2025-04-21T22:10:17.744-0300] {processor.py:208} INFO - Processing /home/jonathan-brito/python-projects/airflow/venv/lib/python3.12/site-packages/airflow/example_dags/example_external_task_marker_dag.py took 0.094 seconds
[2025-04-21T22:11:21.964-0300] {processor.py:186} INFO - Started process (PID=128318) to work on /home/jonathan-brito/python-projects/airflow/venv/lib/python3.12/site-packages/airflow/example_dags/example_external_task_marker_dag.py
[2025-04-21T22:11:21.972-0300] {processor.py:914} INFO - Processing file /home/jonathan-brito/python-projects/airflow/venv/lib/python3.12/site-packages/airflow/example_dags/example_external_task_marker_dag.py for tasks to queue
[2025-04-21T22:11:21.975-0300] {logging_mixin.py:190} INFO - [2025-04-21T22:11:21.974-0300] {dagbag.py:588} INFO - Filling up the DagBag from /home/jonathan-brito/python-projects/airflow/venv/lib/python3.12/site-packages/airflow/example_dags/example_external_task_marker_dag.py
[2025-04-21T22:11:21.989-0300] {processor.py:925} INFO - DAG(s) 'example_external_task_marker_child', 'example_external_task_marker_parent' retrieved from /home/jonathan-brito/python-projects/airflow/venv/lib/python3.12/site-packages/airflow/example_dags/example_external_task_marker_dag.py
[2025-04-21T22:11:22.011-0300] {logging_mixin.py:190} INFO - [2025-04-21T22:11:22.011-0300] {dag.py:3239} INFO - Sync 2 DAGs
[2025-04-21T22:11:22.023-0300] {logging_mixin.py:190} INFO - [2025-04-21T22:11:22.023-0300] {dag.py:4180} INFO - Setting next_dagrun for example_external_task_marker_child to None, run_after=None
[2025-04-21T22:11:22.026-0300] {logging_mixin.py:190} INFO - [2025-04-21T22:11:22.026-0300] {dag.py:4180} INFO - Setting next_dagrun for example_external_task_marker_parent to None, run_after=None
[2025-04-21T22:11:22.048-0300] {processor.py:208} INFO - Processing /home/jonathan-brito/python-projects/airflow/venv/lib/python3.12/site-packages/airflow/example_dags/example_external_task_marker_dag.py took 0.097 seconds
[2025-04-21T22:12:24.249-0300] {processor.py:186} INFO - Started process (PID=129016) to work on /home/jonathan-brito/python-projects/airflow/venv/lib/python3.12/site-packages/airflow/example_dags/example_external_task_marker_dag.py
[2025-04-21T22:12:24.257-0300] {processor.py:914} INFO - Processing file /home/jonathan-brito/python-projects/airflow/venv/lib/python3.12/site-packages/airflow/example_dags/example_external_task_marker_dag.py for tasks to queue
[2025-04-21T22:12:24.258-0300] {logging_mixin.py:190} INFO - [2025-04-21T22:12:24.258-0300] {dagbag.py:588} INFO - Filling up the DagBag from /home/jonathan-brito/python-projects/airflow/venv/lib/python3.12/site-packages/airflow/example_dags/example_external_task_marker_dag.py
[2025-04-21T22:12:24.267-0300] {processor.py:925} INFO - DAG(s) 'example_external_task_marker_child', 'example_external_task_marker_parent' retrieved from /home/jonathan-brito/python-projects/airflow/venv/lib/python3.12/site-packages/airflow/example_dags/example_external_task_marker_dag.py
[2025-04-21T22:12:24.287-0300] {logging_mixin.py:190} INFO - [2025-04-21T22:12:24.287-0300] {dag.py:3239} INFO - Sync 2 DAGs
[2025-04-21T22:12:24.300-0300] {logging_mixin.py:190} INFO - [2025-04-21T22:12:24.300-0300] {dag.py:4180} INFO - Setting next_dagrun for example_external_task_marker_child to None, run_after=None
[2025-04-21T22:12:24.303-0300] {logging_mixin.py:190} INFO - [2025-04-21T22:12:24.302-0300] {dag.py:4180} INFO - Setting next_dagrun for example_external_task_marker_parent to None, run_after=None
[2025-04-21T22:12:24.323-0300] {processor.py:208} INFO - Processing /home/jonathan-brito/python-projects/airflow/venv/lib/python3.12/site-packages/airflow/example_dags/example_external_task_marker_dag.py took 0.081 seconds
[2025-04-21T22:13:28.949-0300] {processor.py:186} INFO - Started process (PID=129799) to work on /home/jonathan-brito/python-projects/airflow/venv/lib/python3.12/site-packages/airflow/example_dags/example_external_task_marker_dag.py
[2025-04-21T22:13:28.956-0300] {processor.py:914} INFO - Processing file /home/jonathan-brito/python-projects/airflow/venv/lib/python3.12/site-packages/airflow/example_dags/example_external_task_marker_dag.py for tasks to queue
[2025-04-21T22:13:28.958-0300] {logging_mixin.py:190} INFO - [2025-04-21T22:13:28.958-0300] {dagbag.py:588} INFO - Filling up the DagBag from /home/jonathan-brito/python-projects/airflow/venv/lib/python3.12/site-packages/airflow/example_dags/example_external_task_marker_dag.py
[2025-04-21T22:13:28.968-0300] {processor.py:925} INFO - DAG(s) 'example_external_task_marker_child', 'example_external_task_marker_parent' retrieved from /home/jonathan-brito/python-projects/airflow/venv/lib/python3.12/site-packages/airflow/example_dags/example_external_task_marker_dag.py
[2025-04-21T22:13:28.989-0300] {logging_mixin.py:190} INFO - [2025-04-21T22:13:28.989-0300] {dag.py:3239} INFO - Sync 2 DAGs
[2025-04-21T22:13:29.003-0300] {logging_mixin.py:190} INFO - [2025-04-21T22:13:29.003-0300] {dag.py:4180} INFO - Setting next_dagrun for example_external_task_marker_child to None, run_after=None
[2025-04-21T22:13:29.007-0300] {logging_mixin.py:190} INFO - [2025-04-21T22:13:29.006-0300] {dag.py:4180} INFO - Setting next_dagrun for example_external_task_marker_parent to None, run_after=None
[2025-04-21T22:13:29.038-0300] {processor.py:208} INFO - Processing /home/jonathan-brito/python-projects/airflow/venv/lib/python3.12/site-packages/airflow/example_dags/example_external_task_marker_dag.py took 0.096 seconds
[2025-04-21T22:14:30.403-0300] {processor.py:186} INFO - Started process (PID=130463) to work on /home/jonathan-brito/python-projects/airflow/venv/lib/python3.12/site-packages/airflow/example_dags/example_external_task_marker_dag.py
[2025-04-21T22:14:30.410-0300] {processor.py:914} INFO - Processing file /home/jonathan-brito/python-projects/airflow/venv/lib/python3.12/site-packages/airflow/example_dags/example_external_task_marker_dag.py for tasks to queue
[2025-04-21T22:14:30.412-0300] {logging_mixin.py:190} INFO - [2025-04-21T22:14:30.411-0300] {dagbag.py:588} INFO - Filling up the DagBag from /home/jonathan-brito/python-projects/airflow/venv/lib/python3.12/site-packages/airflow/example_dags/example_external_task_marker_dag.py
[2025-04-21T22:14:30.418-0300] {processor.py:925} INFO - DAG(s) 'example_external_task_marker_parent', 'example_external_task_marker_child' retrieved from /home/jonathan-brito/python-projects/airflow/venv/lib/python3.12/site-packages/airflow/example_dags/example_external_task_marker_dag.py
[2025-04-21T22:14:30.440-0300] {logging_mixin.py:190} INFO - [2025-04-21T22:14:30.439-0300] {dag.py:3239} INFO - Sync 2 DAGs
[2025-04-21T22:14:30.453-0300] {logging_mixin.py:190} INFO - [2025-04-21T22:14:30.453-0300] {dag.py:4180} INFO - Setting next_dagrun for example_external_task_marker_child to None, run_after=None
[2025-04-21T22:14:30.457-0300] {logging_mixin.py:190} INFO - [2025-04-21T22:14:30.456-0300] {dag.py:4180} INFO - Setting next_dagrun for example_external_task_marker_parent to None, run_after=None
[2025-04-21T22:14:30.492-0300] {processor.py:208} INFO - Processing /home/jonathan-brito/python-projects/airflow/venv/lib/python3.12/site-packages/airflow/example_dags/example_external_task_marker_dag.py took 0.095 seconds
[2025-04-21T22:15:32.392-0300] {processor.py:186} INFO - Started process (PID=131166) to work on /home/jonathan-brito/python-projects/airflow/venv/lib/python3.12/site-packages/airflow/example_dags/example_external_task_marker_dag.py
[2025-04-21T22:15:32.399-0300] {processor.py:914} INFO - Processing file /home/jonathan-brito/python-projects/airflow/venv/lib/python3.12/site-packages/airflow/example_dags/example_external_task_marker_dag.py for tasks to queue
[2025-04-21T22:15:32.400-0300] {logging_mixin.py:190} INFO - [2025-04-21T22:15:32.400-0300] {dagbag.py:588} INFO - Filling up the DagBag from /home/jonathan-brito/python-projects/airflow/venv/lib/python3.12/site-packages/airflow/example_dags/example_external_task_marker_dag.py
[2025-04-21T22:15:32.408-0300] {processor.py:925} INFO - DAG(s) 'example_external_task_marker_parent', 'example_external_task_marker_child' retrieved from /home/jonathan-brito/python-projects/airflow/venv/lib/python3.12/site-packages/airflow/example_dags/example_external_task_marker_dag.py
[2025-04-21T22:15:32.428-0300] {logging_mixin.py:190} INFO - [2025-04-21T22:15:32.427-0300] {dag.py:3239} INFO - Sync 2 DAGs
[2025-04-21T22:15:32.440-0300] {logging_mixin.py:190} INFO - [2025-04-21T22:15:32.439-0300] {dag.py:4180} INFO - Setting next_dagrun for example_external_task_marker_child to None, run_after=None
[2025-04-21T22:15:32.442-0300] {logging_mixin.py:190} INFO - [2025-04-21T22:15:32.442-0300] {dag.py:4180} INFO - Setting next_dagrun for example_external_task_marker_parent to None, run_after=None
[2025-04-21T22:15:32.463-0300] {processor.py:208} INFO - Processing /home/jonathan-brito/python-projects/airflow/venv/lib/python3.12/site-packages/airflow/example_dags/example_external_task_marker_dag.py took 0.079 seconds
[2025-04-21T22:16:34.456-0300] {processor.py:186} INFO - Started process (PID=131793) to work on /home/jonathan-brito/python-projects/airflow/venv/lib/python3.12/site-packages/airflow/example_dags/example_external_task_marker_dag.py
[2025-04-21T22:16:34.463-0300] {processor.py:914} INFO - Processing file /home/jonathan-brito/python-projects/airflow/venv/lib/python3.12/site-packages/airflow/example_dags/example_external_task_marker_dag.py for tasks to queue
[2025-04-21T22:16:34.464-0300] {logging_mixin.py:190} INFO - [2025-04-21T22:16:34.464-0300] {dagbag.py:588} INFO - Filling up the DagBag from /home/jonathan-brito/python-projects/airflow/venv/lib/python3.12/site-packages/airflow/example_dags/example_external_task_marker_dag.py
[2025-04-21T22:16:34.471-0300] {processor.py:925} INFO - DAG(s) 'example_external_task_marker_child', 'example_external_task_marker_parent' retrieved from /home/jonathan-brito/python-projects/airflow/venv/lib/python3.12/site-packages/airflow/example_dags/example_external_task_marker_dag.py
[2025-04-21T22:16:34.494-0300] {logging_mixin.py:190} INFO - [2025-04-21T22:16:34.494-0300] {dag.py:3239} INFO - Sync 2 DAGs
[2025-04-21T22:16:34.508-0300] {logging_mixin.py:190} INFO - [2025-04-21T22:16:34.508-0300] {dag.py:4180} INFO - Setting next_dagrun for example_external_task_marker_child to None, run_after=None
[2025-04-21T22:16:34.511-0300] {logging_mixin.py:190} INFO - [2025-04-21T22:16:34.510-0300] {dag.py:4180} INFO - Setting next_dagrun for example_external_task_marker_parent to None, run_after=None
[2025-04-21T22:16:34.544-0300] {processor.py:208} INFO - Processing /home/jonathan-brito/python-projects/airflow/venv/lib/python3.12/site-packages/airflow/example_dags/example_external_task_marker_dag.py took 0.097 seconds
[2025-04-21T22:17:38.233-0300] {processor.py:186} INFO - Started process (PID=132481) to work on /home/jonathan-brito/python-projects/airflow/venv/lib/python3.12/site-packages/airflow/example_dags/example_external_task_marker_dag.py
[2025-04-21T22:17:38.240-0300] {processor.py:914} INFO - Processing file /home/jonathan-brito/python-projects/airflow/venv/lib/python3.12/site-packages/airflow/example_dags/example_external_task_marker_dag.py for tasks to queue
[2025-04-21T22:17:38.241-0300] {logging_mixin.py:190} INFO - [2025-04-21T22:17:38.241-0300] {dagbag.py:588} INFO - Filling up the DagBag from /home/jonathan-brito/python-projects/airflow/venv/lib/python3.12/site-packages/airflow/example_dags/example_external_task_marker_dag.py
[2025-04-21T22:17:38.248-0300] {processor.py:925} INFO - DAG(s) 'example_external_task_marker_child', 'example_external_task_marker_parent' retrieved from /home/jonathan-brito/python-projects/airflow/venv/lib/python3.12/site-packages/airflow/example_dags/example_external_task_marker_dag.py
[2025-04-21T22:17:38.267-0300] {logging_mixin.py:190} INFO - [2025-04-21T22:17:38.267-0300] {dag.py:3239} INFO - Sync 2 DAGs
[2025-04-21T22:17:38.279-0300] {logging_mixin.py:190} INFO - [2025-04-21T22:17:38.278-0300] {dag.py:4180} INFO - Setting next_dagrun for example_external_task_marker_child to None, run_after=None
[2025-04-21T22:17:38.282-0300] {logging_mixin.py:190} INFO - [2025-04-21T22:17:38.282-0300] {dag.py:4180} INFO - Setting next_dagrun for example_external_task_marker_parent to None, run_after=None
[2025-04-21T22:17:38.304-0300] {processor.py:208} INFO - Processing /home/jonathan-brito/python-projects/airflow/venv/lib/python3.12/site-packages/airflow/example_dags/example_external_task_marker_dag.py took 0.079 seconds
[2025-04-21T22:18:40.383-0300] {processor.py:186} INFO - Started process (PID=133096) to work on /home/jonathan-brito/python-projects/airflow/venv/lib/python3.12/site-packages/airflow/example_dags/example_external_task_marker_dag.py
[2025-04-21T22:18:40.390-0300] {processor.py:914} INFO - Processing file /home/jonathan-brito/python-projects/airflow/venv/lib/python3.12/site-packages/airflow/example_dags/example_external_task_marker_dag.py for tasks to queue
[2025-04-21T22:18:40.393-0300] {logging_mixin.py:190} INFO - [2025-04-21T22:18:40.392-0300] {dagbag.py:588} INFO - Filling up the DagBag from /home/jonathan-brito/python-projects/airflow/venv/lib/python3.12/site-packages/airflow/example_dags/example_external_task_marker_dag.py
[2025-04-21T22:18:40.405-0300] {processor.py:925} INFO - DAG(s) 'example_external_task_marker_child', 'example_external_task_marker_parent' retrieved from /home/jonathan-brito/python-projects/airflow/venv/lib/python3.12/site-packages/airflow/example_dags/example_external_task_marker_dag.py
[2025-04-21T22:18:40.430-0300] {logging_mixin.py:190} INFO - [2025-04-21T22:18:40.429-0300] {dag.py:3239} INFO - Sync 2 DAGs
[2025-04-21T22:18:40.441-0300] {logging_mixin.py:190} INFO - [2025-04-21T22:18:40.441-0300] {dag.py:4180} INFO - Setting next_dagrun for example_external_task_marker_child to None, run_after=None
[2025-04-21T22:18:40.445-0300] {logging_mixin.py:190} INFO - [2025-04-21T22:18:40.444-0300] {dag.py:4180} INFO - Setting next_dagrun for example_external_task_marker_parent to None, run_after=None
[2025-04-21T22:18:40.468-0300] {processor.py:208} INFO - Processing /home/jonathan-brito/python-projects/airflow/venv/lib/python3.12/site-packages/airflow/example_dags/example_external_task_marker_dag.py took 0.095 seconds
[2025-04-21T22:19:43.155-0300] {processor.py:186} INFO - Started process (PID=133824) to work on /home/jonathan-brito/python-projects/airflow/venv/lib/python3.12/site-packages/airflow/example_dags/example_external_task_marker_dag.py
[2025-04-21T22:19:43.162-0300] {processor.py:914} INFO - Processing file /home/jonathan-brito/python-projects/airflow/venv/lib/python3.12/site-packages/airflow/example_dags/example_external_task_marker_dag.py for tasks to queue
[2025-04-21T22:19:43.163-0300] {logging_mixin.py:190} INFO - [2025-04-21T22:19:43.163-0300] {dagbag.py:588} INFO - Filling up the DagBag from /home/jonathan-brito/python-projects/airflow/venv/lib/python3.12/site-packages/airflow/example_dags/example_external_task_marker_dag.py
[2025-04-21T22:19:43.172-0300] {processor.py:925} INFO - DAG(s) 'example_external_task_marker_parent', 'example_external_task_marker_child' retrieved from /home/jonathan-brito/python-projects/airflow/venv/lib/python3.12/site-packages/airflow/example_dags/example_external_task_marker_dag.py
[2025-04-21T22:19:43.193-0300] {logging_mixin.py:190} INFO - [2025-04-21T22:19:43.193-0300] {dag.py:3239} INFO - Sync 2 DAGs
[2025-04-21T22:19:43.205-0300] {logging_mixin.py:190} INFO - [2025-04-21T22:19:43.204-0300] {dag.py:4180} INFO - Setting next_dagrun for example_external_task_marker_child to None, run_after=None
[2025-04-21T22:19:43.207-0300] {logging_mixin.py:190} INFO - [2025-04-21T22:19:43.207-0300] {dag.py:4180} INFO - Setting next_dagrun for example_external_task_marker_parent to None, run_after=None
[2025-04-21T22:19:43.229-0300] {processor.py:208} INFO - Processing /home/jonathan-brito/python-projects/airflow/venv/lib/python3.12/site-packages/airflow/example_dags/example_external_task_marker_dag.py took 0.082 seconds
[2025-04-21T22:20:48.025-0300] {processor.py:186} INFO - Started process (PID=134477) to work on /home/jonathan-brito/python-projects/airflow/venv/lib/python3.12/site-packages/airflow/example_dags/example_external_task_marker_dag.py
[2025-04-21T22:20:48.032-0300] {processor.py:914} INFO - Processing file /home/jonathan-brito/python-projects/airflow/venv/lib/python3.12/site-packages/airflow/example_dags/example_external_task_marker_dag.py for tasks to queue
[2025-04-21T22:20:48.034-0300] {logging_mixin.py:190} INFO - [2025-04-21T22:20:48.033-0300] {dagbag.py:588} INFO - Filling up the DagBag from /home/jonathan-brito/python-projects/airflow/venv/lib/python3.12/site-packages/airflow/example_dags/example_external_task_marker_dag.py
[2025-04-21T22:20:48.042-0300] {processor.py:925} INFO - DAG(s) 'example_external_task_marker_child', 'example_external_task_marker_parent' retrieved from /home/jonathan-brito/python-projects/airflow/venv/lib/python3.12/site-packages/airflow/example_dags/example_external_task_marker_dag.py
[2025-04-21T22:20:48.063-0300] {logging_mixin.py:190} INFO - [2025-04-21T22:20:48.063-0300] {dag.py:3239} INFO - Sync 2 DAGs
[2025-04-21T22:20:48.075-0300] {logging_mixin.py:190} INFO - [2025-04-21T22:20:48.075-0300] {dag.py:4180} INFO - Setting next_dagrun for example_external_task_marker_child to None, run_after=None
[2025-04-21T22:20:48.078-0300] {logging_mixin.py:190} INFO - [2025-04-21T22:20:48.078-0300] {dag.py:4180} INFO - Setting next_dagrun for example_external_task_marker_parent to None, run_after=None
[2025-04-21T22:20:48.102-0300] {processor.py:208} INFO - Processing /home/jonathan-brito/python-projects/airflow/venv/lib/python3.12/site-packages/airflow/example_dags/example_external_task_marker_dag.py took 0.085 seconds
[2025-04-22T10:24:46.953-0300] {processor.py:186} INFO - Started process (PID=11333) to work on /home/jonathan-brito/python-projects/airflow/venv/lib/python3.12/site-packages/airflow/example_dags/example_external_task_marker_dag.py
[2025-04-22T10:24:46.961-0300] {processor.py:914} INFO - Processing file /home/jonathan-brito/python-projects/airflow/venv/lib/python3.12/site-packages/airflow/example_dags/example_external_task_marker_dag.py for tasks to queue
[2025-04-22T10:24:46.964-0300] {logging_mixin.py:190} INFO - [2025-04-22T10:24:46.963-0300] {dagbag.py:588} INFO - Filling up the DagBag from /home/jonathan-brito/python-projects/airflow/venv/lib/python3.12/site-packages/airflow/example_dags/example_external_task_marker_dag.py
[2025-04-22T10:24:46.974-0300] {processor.py:925} INFO - DAG(s) 'example_external_task_marker_child', 'example_external_task_marker_parent' retrieved from /home/jonathan-brito/python-projects/airflow/venv/lib/python3.12/site-packages/airflow/example_dags/example_external_task_marker_dag.py
[2025-04-22T10:24:46.995-0300] {logging_mixin.py:190} INFO - [2025-04-22T10:24:46.995-0300] {dag.py:3239} INFO - Sync 2 DAGs
[2025-04-22T10:24:47.009-0300] {logging_mixin.py:190} INFO - [2025-04-22T10:24:47.008-0300] {dag.py:4180} INFO - Setting next_dagrun for example_external_task_marker_child to None, run_after=None
[2025-04-22T10:24:47.013-0300] {logging_mixin.py:190} INFO - [2025-04-22T10:24:47.012-0300] {dag.py:4180} INFO - Setting next_dagrun for example_external_task_marker_parent to None, run_after=None
[2025-04-22T10:24:47.034-0300] {processor.py:208} INFO - Processing /home/jonathan-brito/python-projects/airflow/venv/lib/python3.12/site-packages/airflow/example_dags/example_external_task_marker_dag.py took 0.089 seconds
[2025-04-22T10:26:29.507-0300] {processor.py:186} INFO - Started process (PID=12749) to work on /home/jonathan-brito/python-projects/airflow/venv/lib/python3.12/site-packages/airflow/example_dags/example_external_task_marker_dag.py
[2025-04-22T10:26:29.514-0300] {processor.py:914} INFO - Processing file /home/jonathan-brito/python-projects/airflow/venv/lib/python3.12/site-packages/airflow/example_dags/example_external_task_marker_dag.py for tasks to queue
[2025-04-22T10:26:29.519-0300] {logging_mixin.py:190} INFO - [2025-04-22T10:26:29.518-0300] {dagbag.py:588} INFO - Filling up the DagBag from /home/jonathan-brito/python-projects/airflow/venv/lib/python3.12/site-packages/airflow/example_dags/example_external_task_marker_dag.py
[2025-04-22T10:26:29.537-0300] {processor.py:925} INFO - DAG(s) 'example_external_task_marker_child', 'example_external_task_marker_parent' retrieved from /home/jonathan-brito/python-projects/airflow/venv/lib/python3.12/site-packages/airflow/example_dags/example_external_task_marker_dag.py
[2025-04-22T10:26:29.574-0300] {logging_mixin.py:190} INFO - [2025-04-22T10:26:29.573-0300] {dag.py:3239} INFO - Sync 2 DAGs
[2025-04-22T10:26:29.597-0300] {logging_mixin.py:190} INFO - [2025-04-22T10:26:29.596-0300] {dag.py:4180} INFO - Setting next_dagrun for example_external_task_marker_child to None, run_after=None
[2025-04-22T10:26:29.603-0300] {logging_mixin.py:190} INFO - [2025-04-22T10:26:29.602-0300] {dag.py:4180} INFO - Setting next_dagrun for example_external_task_marker_parent to None, run_after=None
[2025-04-22T10:26:29.634-0300] {processor.py:208} INFO - Processing /home/jonathan-brito/python-projects/airflow/venv/lib/python3.12/site-packages/airflow/example_dags/example_external_task_marker_dag.py took 0.138 seconds
[2025-04-22T10:29:18.570-0300] {processor.py:186} INFO - Started process (PID=15650) to work on /home/jonathan-brito/python-projects/airflow/venv/lib/python3.12/site-packages/airflow/example_dags/example_external_task_marker_dag.py
[2025-04-22T10:29:18.577-0300] {processor.py:914} INFO - Processing file /home/jonathan-brito/python-projects/airflow/venv/lib/python3.12/site-packages/airflow/example_dags/example_external_task_marker_dag.py for tasks to queue
[2025-04-22T10:29:18.583-0300] {logging_mixin.py:190} INFO - [2025-04-22T10:29:18.582-0300] {dagbag.py:588} INFO - Filling up the DagBag from /home/jonathan-brito/python-projects/airflow/venv/lib/python3.12/site-packages/airflow/example_dags/example_external_task_marker_dag.py
[2025-04-22T10:29:18.613-0300] {processor.py:925} INFO - DAG(s) 'example_external_task_marker_parent', 'example_external_task_marker_child' retrieved from /home/jonathan-brito/python-projects/airflow/venv/lib/python3.12/site-packages/airflow/example_dags/example_external_task_marker_dag.py
[2025-04-22T10:29:18.667-0300] {logging_mixin.py:190} INFO - [2025-04-22T10:29:18.666-0300] {dag.py:3239} INFO - Sync 2 DAGs
[2025-04-22T10:29:18.683-0300] {logging_mixin.py:190} INFO - [2025-04-22T10:29:18.683-0300] {dag.py:4180} INFO - Setting next_dagrun for example_external_task_marker_child to None, run_after=None
[2025-04-22T10:29:18.687-0300] {logging_mixin.py:190} INFO - [2025-04-22T10:29:18.686-0300] {dag.py:4180} INFO - Setting next_dagrun for example_external_task_marker_parent to None, run_after=None
[2025-04-22T10:29:18.714-0300] {processor.py:208} INFO - Processing /home/jonathan-brito/python-projects/airflow/venv/lib/python3.12/site-packages/airflow/example_dags/example_external_task_marker_dag.py took 0.151 seconds
[2025-04-22T11:08:28.577-0300] {processor.py:186} INFO - Started process (PID=49748) to work on /home/jonathan-brito/python-projects/airflow/venv/lib/python3.12/site-packages/airflow/example_dags/example_external_task_marker_dag.py
[2025-04-22T11:08:28.585-0300] {processor.py:914} INFO - Processing file /home/jonathan-brito/python-projects/airflow/venv/lib/python3.12/site-packages/airflow/example_dags/example_external_task_marker_dag.py for tasks to queue
[2025-04-22T11:08:28.587-0300] {logging_mixin.py:190} INFO - [2025-04-22T11:08:28.587-0300] {dagbag.py:588} INFO - Filling up the DagBag from /home/jonathan-brito/python-projects/airflow/venv/lib/python3.12/site-packages/airflow/example_dags/example_external_task_marker_dag.py
[2025-04-22T11:08:28.597-0300] {processor.py:925} INFO - DAG(s) 'example_external_task_marker_parent', 'example_external_task_marker_child' retrieved from /home/jonathan-brito/python-projects/airflow/venv/lib/python3.12/site-packages/airflow/example_dags/example_external_task_marker_dag.py
[2025-04-22T11:08:28.623-0300] {logging_mixin.py:190} INFO - [2025-04-22T11:08:28.622-0300] {dag.py:3239} INFO - Sync 2 DAGs
[2025-04-22T11:08:28.636-0300] {logging_mixin.py:190} INFO - [2025-04-22T11:08:28.636-0300] {dag.py:4180} INFO - Setting next_dagrun for example_external_task_marker_child to None, run_after=None
[2025-04-22T11:08:28.639-0300] {logging_mixin.py:190} INFO - [2025-04-22T11:08:28.639-0300] {dag.py:4180} INFO - Setting next_dagrun for example_external_task_marker_parent to None, run_after=None
[2025-04-22T11:08:28.679-0300] {processor.py:208} INFO - Processing /home/jonathan-brito/python-projects/airflow/venv/lib/python3.12/site-packages/airflow/example_dags/example_external_task_marker_dag.py took 0.112 seconds
[2025-04-22T11:09:29.434-0300] {processor.py:186} INFO - Started process (PID=50125) to work on /home/jonathan-brito/python-projects/airflow/venv/lib/python3.12/site-packages/airflow/example_dags/example_external_task_marker_dag.py
[2025-04-22T11:09:29.442-0300] {processor.py:914} INFO - Processing file /home/jonathan-brito/python-projects/airflow/venv/lib/python3.12/site-packages/airflow/example_dags/example_external_task_marker_dag.py for tasks to queue
[2025-04-22T11:09:29.447-0300] {logging_mixin.py:190} INFO - [2025-04-22T11:09:29.446-0300] {dagbag.py:588} INFO - Filling up the DagBag from /home/jonathan-brito/python-projects/airflow/venv/lib/python3.12/site-packages/airflow/example_dags/example_external_task_marker_dag.py
[2025-04-22T11:09:29.466-0300] {processor.py:925} INFO - DAG(s) 'example_external_task_marker_child', 'example_external_task_marker_parent' retrieved from /home/jonathan-brito/python-projects/airflow/venv/lib/python3.12/site-packages/airflow/example_dags/example_external_task_marker_dag.py
[2025-04-22T11:09:29.488-0300] {logging_mixin.py:190} INFO - [2025-04-22T11:09:29.488-0300] {dag.py:3239} INFO - Sync 2 DAGs
[2025-04-22T11:09:29.502-0300] {logging_mixin.py:190} INFO - [2025-04-22T11:09:29.502-0300] {dag.py:4180} INFO - Setting next_dagrun for example_external_task_marker_child to None, run_after=None
[2025-04-22T11:09:29.505-0300] {logging_mixin.py:190} INFO - [2025-04-22T11:09:29.505-0300] {dag.py:4180} INFO - Setting next_dagrun for example_external_task_marker_parent to None, run_after=None
[2025-04-22T11:09:29.528-0300] {processor.py:208} INFO - Processing /home/jonathan-brito/python-projects/airflow/venv/lib/python3.12/site-packages/airflow/example_dags/example_external_task_marker_dag.py took 0.100 seconds
[2025-04-22T11:10:28.723-0300] {processor.py:186} INFO - Started process (PID=50670) to work on /home/jonathan-brito/python-projects/airflow/venv/lib/python3.12/site-packages/airflow/example_dags/example_external_task_marker_dag.py
[2025-04-22T11:10:28.725-0300] {processor.py:914} INFO - Processing file /home/jonathan-brito/python-projects/airflow/venv/lib/python3.12/site-packages/airflow/example_dags/example_external_task_marker_dag.py for tasks to queue
[2025-04-22T11:10:28.728-0300] {logging_mixin.py:190} INFO - [2025-04-22T11:10:28.728-0300] {dagbag.py:588} INFO - Filling up the DagBag from /home/jonathan-brito/python-projects/airflow/venv/lib/python3.12/site-packages/airflow/example_dags/example_external_task_marker_dag.py
[2025-04-22T11:10:28.745-0300] {processor.py:925} INFO - DAG(s) 'example_external_task_marker_parent', 'example_external_task_marker_child' retrieved from /home/jonathan-brito/python-projects/airflow/venv/lib/python3.12/site-packages/airflow/example_dags/example_external_task_marker_dag.py
[2025-04-22T11:10:28.776-0300] {logging_mixin.py:190} INFO - [2025-04-22T11:10:28.775-0300] {dag.py:3239} INFO - Sync 2 DAGs
[2025-04-22T11:10:28.789-0300] {logging_mixin.py:190} INFO - [2025-04-22T11:10:28.789-0300] {dag.py:4180} INFO - Setting next_dagrun for example_external_task_marker_child to None, run_after=None
[2025-04-22T11:10:28.792-0300] {logging_mixin.py:190} INFO - [2025-04-22T11:10:28.792-0300] {dag.py:4180} INFO - Setting next_dagrun for example_external_task_marker_parent to None, run_after=None
[2025-04-22T11:10:28.819-0300] {processor.py:208} INFO - Processing /home/jonathan-brito/python-projects/airflow/venv/lib/python3.12/site-packages/airflow/example_dags/example_external_task_marker_dag.py took 0.111 seconds
