[2025-04-21T21:23:25.667-0300] {processor.py:186} INFO - Started process (PID=70449) to work on /home/jonathan-brito/python-projects/airflow/venv/lib/python3.12/site-packages/airflow/example_dags/example_xcomargs.py
[2025-04-21T21:23:25.667-0300] {processor.py:914} INFO - Processing file /home/jonathan-brito/python-projects/airflow/venv/lib/python3.12/site-packages/airflow/example_dags/example_xcomargs.py for tasks to queue
[2025-04-21T21:23:25.670-0300] {logging_mixin.py:190} INFO - [2025-04-21T21:23:25.669-0300] {dagbag.py:588} INFO - Filling up the DagBag from /home/jonathan-brito/python-projects/airflow/venv/lib/python3.12/site-packages/airflow/example_dags/example_xcomargs.py
[2025-04-21T21:23:25.685-0300] {processor.py:925} INFO - DAG(s) 'example_xcom_args', 'example_xcom_args_with_operators' retrieved from /home/jonathan-brito/python-projects/airflow/venv/lib/python3.12/site-packages/airflow/example_dags/example_xcomargs.py
[2025-04-21T21:23:25.713-0300] {logging_mixin.py:190} INFO - [2025-04-21T21:23:25.712-0300] {dag.py:3239} INFO - Sync 2 DAGs
[2025-04-21T21:23:25.726-0300] {logging_mixin.py:190} INFO - [2025-04-21T21:23:25.726-0300] {dag.py:4180} INFO - Setting next_dagrun for example_xcom_args to None, run_after=None
[2025-04-21T21:23:25.730-0300] {logging_mixin.py:190} INFO - [2025-04-21T21:23:25.730-0300] {dag.py:4180} INFO - Setting next_dagrun for example_xcom_args_with_operators to None, run_after=None
[2025-04-21T21:23:25.758-0300] {processor.py:208} INFO - Processing /home/jonathan-brito/python-projects/airflow/venv/lib/python3.12/site-packages/airflow/example_dags/example_xcomargs.py took 0.098 seconds
[2025-04-21T21:24:30.428-0300] {processor.py:186} INFO - Started process (PID=71147) to work on /home/jonathan-brito/python-projects/airflow/venv/lib/python3.12/site-packages/airflow/example_dags/example_xcomargs.py
[2025-04-21T21:24:30.435-0300] {processor.py:914} INFO - Processing file /home/jonathan-brito/python-projects/airflow/venv/lib/python3.12/site-packages/airflow/example_dags/example_xcomargs.py for tasks to queue
[2025-04-21T21:24:30.440-0300] {logging_mixin.py:190} INFO - [2025-04-21T21:24:30.440-0300] {dagbag.py:588} INFO - Filling up the DagBag from /home/jonathan-brito/python-projects/airflow/venv/lib/python3.12/site-packages/airflow/example_dags/example_xcomargs.py
[2025-04-21T21:24:30.460-0300] {processor.py:925} INFO - DAG(s) 'example_xcom_args_with_operators', 'example_xcom_args' retrieved from /home/jonathan-brito/python-projects/airflow/venv/lib/python3.12/site-packages/airflow/example_dags/example_xcomargs.py
[2025-04-21T21:24:30.484-0300] {logging_mixin.py:190} INFO - [2025-04-21T21:24:30.483-0300] {dag.py:3239} INFO - Sync 2 DAGs
[2025-04-21T21:24:30.501-0300] {logging_mixin.py:190} INFO - [2025-04-21T21:24:30.500-0300] {dag.py:4180} INFO - Setting next_dagrun for example_xcom_args to None, run_after=None
[2025-04-21T21:24:30.505-0300] {logging_mixin.py:190} INFO - [2025-04-21T21:24:30.504-0300] {dag.py:4180} INFO - Setting next_dagrun for example_xcom_args_with_operators to None, run_after=None
[2025-04-21T21:24:30.534-0300] {processor.py:208} INFO - Processing /home/jonathan-brito/python-projects/airflow/venv/lib/python3.12/site-packages/airflow/example_dags/example_xcomargs.py took 0.117 seconds
[2025-04-21T21:27:01.097-0300] {processor.py:186} INFO - Started process (PID=74351) to work on /home/jonathan-brito/python-projects/airflow/venv/lib/python3.12/site-packages/airflow/example_dags/example_xcomargs.py
[2025-04-21T21:27:01.104-0300] {processor.py:914} INFO - Processing file /home/jonathan-brito/python-projects/airflow/venv/lib/python3.12/site-packages/airflow/example_dags/example_xcomargs.py for tasks to queue
[2025-04-21T21:27:01.108-0300] {logging_mixin.py:190} INFO - [2025-04-21T21:27:01.107-0300] {dagbag.py:588} INFO - Filling up the DagBag from /home/jonathan-brito/python-projects/airflow/venv/lib/python3.12/site-packages/airflow/example_dags/example_xcomargs.py
[2025-04-21T21:27:01.128-0300] {processor.py:925} INFO - DAG(s) 'example_xcom_args', 'example_xcom_args_with_operators' retrieved from /home/jonathan-brito/python-projects/airflow/venv/lib/python3.12/site-packages/airflow/example_dags/example_xcomargs.py
[2025-04-21T21:27:01.157-0300] {logging_mixin.py:190} INFO - [2025-04-21T21:27:01.157-0300] {dag.py:3239} INFO - Sync 2 DAGs
[2025-04-21T21:27:01.171-0300] {logging_mixin.py:190} INFO - [2025-04-21T21:27:01.170-0300] {dag.py:4180} INFO - Setting next_dagrun for example_xcom_args to None, run_after=None
[2025-04-21T21:27:01.175-0300] {logging_mixin.py:190} INFO - [2025-04-21T21:27:01.175-0300] {dag.py:4180} INFO - Setting next_dagrun for example_xcom_args_with_operators to None, run_after=None
[2025-04-21T21:27:01.206-0300] {processor.py:208} INFO - Processing /home/jonathan-brito/python-projects/airflow/venv/lib/python3.12/site-packages/airflow/example_dags/example_xcomargs.py took 0.118 seconds
[2025-04-21T22:09:42.773-0300] {processor.py:186} INFO - Started process (PID=127017) to work on /home/jonathan-brito/python-projects/airflow/venv/lib/python3.12/site-packages/airflow/example_dags/example_xcomargs.py
[2025-04-21T22:09:42.781-0300] {processor.py:914} INFO - Processing file /home/jonathan-brito/python-projects/airflow/venv/lib/python3.12/site-packages/airflow/example_dags/example_xcomargs.py for tasks to queue
[2025-04-21T22:09:42.786-0300] {logging_mixin.py:190} INFO - [2025-04-21T22:09:42.785-0300] {dagbag.py:588} INFO - Filling up the DagBag from /home/jonathan-brito/python-projects/airflow/venv/lib/python3.12/site-packages/airflow/example_dags/example_xcomargs.py
[2025-04-21T22:09:42.805-0300] {processor.py:925} INFO - DAG(s) 'example_xcom_args_with_operators', 'example_xcom_args' retrieved from /home/jonathan-brito/python-projects/airflow/venv/lib/python3.12/site-packages/airflow/example_dags/example_xcomargs.py
[2025-04-21T22:09:42.839-0300] {logging_mixin.py:190} INFO - [2025-04-21T22:09:42.839-0300] {dag.py:3239} INFO - Sync 2 DAGs
[2025-04-21T22:09:42.852-0300] {logging_mixin.py:190} INFO - [2025-04-21T22:09:42.852-0300] {dag.py:4180} INFO - Setting next_dagrun for example_xcom_args to None, run_after=None
[2025-04-21T22:09:42.856-0300] {logging_mixin.py:190} INFO - [2025-04-21T22:09:42.855-0300] {dag.py:4180} INFO - Setting next_dagrun for example_xcom_args_with_operators to None, run_after=None
[2025-04-21T22:09:42.891-0300] {processor.py:208} INFO - Processing /home/jonathan-brito/python-projects/airflow/venv/lib/python3.12/site-packages/airflow/example_dags/example_xcomargs.py took 0.125 seconds
[2025-04-21T22:10:45.504-0300] {processor.py:186} INFO - Started process (PID=127870) to work on /home/jonathan-brito/python-projects/airflow/venv/lib/python3.12/site-packages/airflow/example_dags/example_xcomargs.py
[2025-04-21T22:10:45.506-0300] {processor.py:914} INFO - Processing file /home/jonathan-brito/python-projects/airflow/venv/lib/python3.12/site-packages/airflow/example_dags/example_xcomargs.py for tasks to queue
[2025-04-21T22:10:45.508-0300] {logging_mixin.py:190} INFO - [2025-04-21T22:10:45.507-0300] {dagbag.py:588} INFO - Filling up the DagBag from /home/jonathan-brito/python-projects/airflow/venv/lib/python3.12/site-packages/airflow/example_dags/example_xcomargs.py
[2025-04-21T22:10:45.522-0300] {processor.py:925} INFO - DAG(s) 'example_xcom_args', 'example_xcom_args_with_operators' retrieved from /home/jonathan-brito/python-projects/airflow/venv/lib/python3.12/site-packages/airflow/example_dags/example_xcomargs.py
[2025-04-21T22:10:45.544-0300] {logging_mixin.py:190} INFO - [2025-04-21T22:10:45.544-0300] {dag.py:3239} INFO - Sync 2 DAGs
[2025-04-21T22:10:45.557-0300] {logging_mixin.py:190} INFO - [2025-04-21T22:10:45.557-0300] {dag.py:4180} INFO - Setting next_dagrun for example_xcom_args to None, run_after=None
[2025-04-21T22:10:45.560-0300] {logging_mixin.py:190} INFO - [2025-04-21T22:10:45.560-0300] {dag.py:4180} INFO - Setting next_dagrun for example_xcom_args_with_operators to None, run_after=None
[2025-04-21T22:10:45.589-0300] {processor.py:208} INFO - Processing /home/jonathan-brito/python-projects/airflow/venv/lib/python3.12/site-packages/airflow/example_dags/example_xcomargs.py took 0.094 seconds
[2025-04-21T22:11:47.790-0300] {processor.py:186} INFO - Started process (PID=128640) to work on /home/jonathan-brito/python-projects/airflow/venv/lib/python3.12/site-packages/airflow/example_dags/example_xcomargs.py
[2025-04-21T22:11:47.797-0300] {processor.py:914} INFO - Processing file /home/jonathan-brito/python-projects/airflow/venv/lib/python3.12/site-packages/airflow/example_dags/example_xcomargs.py for tasks to queue
[2025-04-21T22:11:47.798-0300] {logging_mixin.py:190} INFO - [2025-04-21T22:11:47.798-0300] {dagbag.py:588} INFO - Filling up the DagBag from /home/jonathan-brito/python-projects/airflow/venv/lib/python3.12/site-packages/airflow/example_dags/example_xcomargs.py
[2025-04-21T22:11:47.807-0300] {processor.py:925} INFO - DAG(s) 'example_xcom_args', 'example_xcom_args_with_operators' retrieved from /home/jonathan-brito/python-projects/airflow/venv/lib/python3.12/site-packages/airflow/example_dags/example_xcomargs.py
[2025-04-21T22:11:47.827-0300] {logging_mixin.py:190} INFO - [2025-04-21T22:11:47.826-0300] {dag.py:3239} INFO - Sync 2 DAGs
[2025-04-21T22:11:47.841-0300] {logging_mixin.py:190} INFO - [2025-04-21T22:11:47.841-0300] {dag.py:4180} INFO - Setting next_dagrun for example_xcom_args to None, run_after=None
[2025-04-21T22:11:47.844-0300] {logging_mixin.py:190} INFO - [2025-04-21T22:11:47.843-0300] {dag.py:4180} INFO - Setting next_dagrun for example_xcom_args_with_operators to None, run_after=None
[2025-04-21T22:11:47.868-0300] {processor.py:208} INFO - Processing /home/jonathan-brito/python-projects/airflow/venv/lib/python3.12/site-packages/airflow/example_dags/example_xcomargs.py took 0.085 seconds
[2025-04-21T22:12:50.196-0300] {processor.py:186} INFO - Started process (PID=129322) to work on /home/jonathan-brito/python-projects/airflow/venv/lib/python3.12/site-packages/airflow/example_dags/example_xcomargs.py
[2025-04-21T22:12:50.203-0300] {processor.py:914} INFO - Processing file /home/jonathan-brito/python-projects/airflow/venv/lib/python3.12/site-packages/airflow/example_dags/example_xcomargs.py for tasks to queue
[2025-04-21T22:12:50.204-0300] {logging_mixin.py:190} INFO - [2025-04-21T22:12:50.204-0300] {dagbag.py:588} INFO - Filling up the DagBag from /home/jonathan-brito/python-projects/airflow/venv/lib/python3.12/site-packages/airflow/example_dags/example_xcomargs.py
[2025-04-21T22:12:50.216-0300] {processor.py:925} INFO - DAG(s) 'example_xcom_args_with_operators', 'example_xcom_args' retrieved from /home/jonathan-brito/python-projects/airflow/venv/lib/python3.12/site-packages/airflow/example_dags/example_xcomargs.py
[2025-04-21T22:12:50.236-0300] {logging_mixin.py:190} INFO - [2025-04-21T22:12:50.236-0300] {dag.py:3239} INFO - Sync 2 DAGs
[2025-04-21T22:12:50.248-0300] {logging_mixin.py:190} INFO - [2025-04-21T22:12:50.248-0300] {dag.py:4180} INFO - Setting next_dagrun for example_xcom_args to None, run_after=None
[2025-04-21T22:12:50.251-0300] {logging_mixin.py:190} INFO - [2025-04-21T22:12:50.250-0300] {dag.py:4180} INFO - Setting next_dagrun for example_xcom_args_with_operators to None, run_after=None
[2025-04-21T22:12:50.277-0300] {processor.py:208} INFO - Processing /home/jonathan-brito/python-projects/airflow/venv/lib/python3.12/site-packages/airflow/example_dags/example_xcomargs.py took 0.089 seconds
[2025-04-21T22:13:55.281-0300] {processor.py:186} INFO - Started process (PID=130090) to work on /home/jonathan-brito/python-projects/airflow/venv/lib/python3.12/site-packages/airflow/example_dags/example_xcomargs.py
[2025-04-21T22:13:55.287-0300] {processor.py:914} INFO - Processing file /home/jonathan-brito/python-projects/airflow/venv/lib/python3.12/site-packages/airflow/example_dags/example_xcomargs.py for tasks to queue
[2025-04-21T22:13:55.290-0300] {logging_mixin.py:190} INFO - [2025-04-21T22:13:55.289-0300] {dagbag.py:588} INFO - Filling up the DagBag from /home/jonathan-brito/python-projects/airflow/venv/lib/python3.12/site-packages/airflow/example_dags/example_xcomargs.py
[2025-04-21T22:13:55.300-0300] {processor.py:925} INFO - DAG(s) 'example_xcom_args_with_operators', 'example_xcom_args' retrieved from /home/jonathan-brito/python-projects/airflow/venv/lib/python3.12/site-packages/airflow/example_dags/example_xcomargs.py
[2025-04-21T22:13:55.321-0300] {logging_mixin.py:190} INFO - [2025-04-21T22:13:55.321-0300] {dag.py:3239} INFO - Sync 2 DAGs
[2025-04-21T22:13:55.335-0300] {logging_mixin.py:190} INFO - [2025-04-21T22:13:55.334-0300] {dag.py:4180} INFO - Setting next_dagrun for example_xcom_args to None, run_after=None
[2025-04-21T22:13:55.337-0300] {logging_mixin.py:190} INFO - [2025-04-21T22:13:55.337-0300] {dag.py:4180} INFO - Setting next_dagrun for example_xcom_args_with_operators to None, run_after=None
[2025-04-21T22:13:55.364-0300] {processor.py:208} INFO - Processing /home/jonathan-brito/python-projects/airflow/venv/lib/python3.12/site-packages/airflow/example_dags/example_xcomargs.py took 0.090 seconds
[2025-04-21T22:14:58.703-0300] {processor.py:186} INFO - Started process (PID=130780) to work on /home/jonathan-brito/python-projects/airflow/venv/lib/python3.12/site-packages/airflow/example_dags/example_xcomargs.py
[2025-04-21T22:14:58.710-0300] {processor.py:914} INFO - Processing file /home/jonathan-brito/python-projects/airflow/venv/lib/python3.12/site-packages/airflow/example_dags/example_xcomargs.py for tasks to queue
[2025-04-21T22:14:58.712-0300] {logging_mixin.py:190} INFO - [2025-04-21T22:14:58.711-0300] {dagbag.py:588} INFO - Filling up the DagBag from /home/jonathan-brito/python-projects/airflow/venv/lib/python3.12/site-packages/airflow/example_dags/example_xcomargs.py
[2025-04-21T22:14:58.720-0300] {processor.py:925} INFO - DAG(s) 'example_xcom_args', 'example_xcom_args_with_operators' retrieved from /home/jonathan-brito/python-projects/airflow/venv/lib/python3.12/site-packages/airflow/example_dags/example_xcomargs.py
[2025-04-21T22:14:58.739-0300] {logging_mixin.py:190} INFO - [2025-04-21T22:14:58.739-0300] {dag.py:3239} INFO - Sync 2 DAGs
[2025-04-21T22:14:58.751-0300] {logging_mixin.py:190} INFO - [2025-04-21T22:14:58.751-0300] {dag.py:4180} INFO - Setting next_dagrun for example_xcom_args to None, run_after=None
[2025-04-21T22:14:58.754-0300] {logging_mixin.py:190} INFO - [2025-04-21T22:14:58.753-0300] {dag.py:4180} INFO - Setting next_dagrun for example_xcom_args_with_operators to None, run_after=None
[2025-04-21T22:14:58.779-0300] {processor.py:208} INFO - Processing /home/jonathan-brito/python-projects/airflow/venv/lib/python3.12/site-packages/airflow/example_dags/example_xcomargs.py took 0.082 seconds
[2025-04-21T22:15:59.450-0300] {processor.py:186} INFO - Started process (PID=131430) to work on /home/jonathan-brito/python-projects/airflow/venv/lib/python3.12/site-packages/airflow/example_dags/example_xcomargs.py
[2025-04-21T22:15:59.457-0300] {processor.py:914} INFO - Processing file /home/jonathan-brito/python-projects/airflow/venv/lib/python3.12/site-packages/airflow/example_dags/example_xcomargs.py for tasks to queue
[2025-04-21T22:15:59.458-0300] {logging_mixin.py:190} INFO - [2025-04-21T22:15:59.458-0300] {dagbag.py:588} INFO - Filling up the DagBag from /home/jonathan-brito/python-projects/airflow/venv/lib/python3.12/site-packages/airflow/example_dags/example_xcomargs.py
[2025-04-21T22:15:59.467-0300] {processor.py:925} INFO - DAG(s) 'example_xcom_args_with_operators', 'example_xcom_args' retrieved from /home/jonathan-brito/python-projects/airflow/venv/lib/python3.12/site-packages/airflow/example_dags/example_xcomargs.py
[2025-04-21T22:15:59.487-0300] {logging_mixin.py:190} INFO - [2025-04-21T22:15:59.486-0300] {dag.py:3239} INFO - Sync 2 DAGs
[2025-04-21T22:15:59.498-0300] {logging_mixin.py:190} INFO - [2025-04-21T22:15:59.498-0300] {dag.py:4180} INFO - Setting next_dagrun for example_xcom_args to None, run_after=None
[2025-04-21T22:15:59.501-0300] {logging_mixin.py:190} INFO - [2025-04-21T22:15:59.501-0300] {dag.py:4180} INFO - Setting next_dagrun for example_xcom_args_with_operators to None, run_after=None
[2025-04-21T22:15:59.523-0300] {processor.py:208} INFO - Processing /home/jonathan-brito/python-projects/airflow/venv/lib/python3.12/site-packages/airflow/example_dags/example_xcomargs.py took 0.080 seconds
[2025-04-21T22:17:03.169-0300] {processor.py:186} INFO - Started process (PID=132065) to work on /home/jonathan-brito/python-projects/airflow/venv/lib/python3.12/site-packages/airflow/example_dags/example_xcomargs.py
[2025-04-21T22:17:03.176-0300] {processor.py:914} INFO - Processing file /home/jonathan-brito/python-projects/airflow/venv/lib/python3.12/site-packages/airflow/example_dags/example_xcomargs.py for tasks to queue
[2025-04-21T22:17:03.178-0300] {logging_mixin.py:190} INFO - [2025-04-21T22:17:03.177-0300] {dagbag.py:588} INFO - Filling up the DagBag from /home/jonathan-brito/python-projects/airflow/venv/lib/python3.12/site-packages/airflow/example_dags/example_xcomargs.py
[2025-04-21T22:17:03.188-0300] {processor.py:925} INFO - DAG(s) 'example_xcom_args', 'example_xcom_args_with_operators' retrieved from /home/jonathan-brito/python-projects/airflow/venv/lib/python3.12/site-packages/airflow/example_dags/example_xcomargs.py
[2025-04-21T22:17:03.207-0300] {logging_mixin.py:190} INFO - [2025-04-21T22:17:03.207-0300] {dag.py:3239} INFO - Sync 2 DAGs
[2025-04-21T22:17:03.220-0300] {logging_mixin.py:190} INFO - [2025-04-21T22:17:03.219-0300] {dag.py:4180} INFO - Setting next_dagrun for example_xcom_args to None, run_after=None
[2025-04-21T22:17:03.222-0300] {logging_mixin.py:190} INFO - [2025-04-21T22:17:03.222-0300] {dag.py:4180} INFO - Setting next_dagrun for example_xcom_args_with_operators to None, run_after=None
[2025-04-21T22:17:03.243-0300] {processor.py:208} INFO - Processing /home/jonathan-brito/python-projects/airflow/venv/lib/python3.12/site-packages/airflow/example_dags/example_xcomargs.py took 0.080 seconds
[2025-04-21T22:18:04.471-0300] {processor.py:186} INFO - Started process (PID=132714) to work on /home/jonathan-brito/python-projects/airflow/venv/lib/python3.12/site-packages/airflow/example_dags/example_xcomargs.py
[2025-04-21T22:18:04.478-0300] {processor.py:914} INFO - Processing file /home/jonathan-brito/python-projects/airflow/venv/lib/python3.12/site-packages/airflow/example_dags/example_xcomargs.py for tasks to queue
[2025-04-21T22:18:04.481-0300] {logging_mixin.py:190} INFO - [2025-04-21T22:18:04.480-0300] {dagbag.py:588} INFO - Filling up the DagBag from /home/jonathan-brito/python-projects/airflow/venv/lib/python3.12/site-packages/airflow/example_dags/example_xcomargs.py
[2025-04-21T22:18:04.493-0300] {processor.py:925} INFO - DAG(s) 'example_xcom_args_with_operators', 'example_xcom_args' retrieved from /home/jonathan-brito/python-projects/airflow/venv/lib/python3.12/site-packages/airflow/example_dags/example_xcomargs.py
[2025-04-21T22:18:04.514-0300] {logging_mixin.py:190} INFO - [2025-04-21T22:18:04.514-0300] {dag.py:3239} INFO - Sync 2 DAGs
[2025-04-21T22:18:04.525-0300] {logging_mixin.py:190} INFO - [2025-04-21T22:18:04.525-0300] {dag.py:4180} INFO - Setting next_dagrun for example_xcom_args to None, run_after=None
[2025-04-21T22:18:04.528-0300] {logging_mixin.py:190} INFO - [2025-04-21T22:18:04.528-0300] {dag.py:4180} INFO - Setting next_dagrun for example_xcom_args_with_operators to None, run_after=None
[2025-04-21T22:18:04.555-0300] {processor.py:208} INFO - Processing /home/jonathan-brito/python-projects/airflow/venv/lib/python3.12/site-packages/airflow/example_dags/example_xcomargs.py took 0.093 seconds
[2025-04-21T22:19:08.909-0300] {processor.py:186} INFO - Started process (PID=133379) to work on /home/jonathan-brito/python-projects/airflow/venv/lib/python3.12/site-packages/airflow/example_dags/example_xcomargs.py
[2025-04-21T22:19:08.910-0300] {processor.py:914} INFO - Processing file /home/jonathan-brito/python-projects/airflow/venv/lib/python3.12/site-packages/airflow/example_dags/example_xcomargs.py for tasks to queue
[2025-04-21T22:19:08.911-0300] {logging_mixin.py:190} INFO - [2025-04-21T22:19:08.911-0300] {dagbag.py:588} INFO - Filling up the DagBag from /home/jonathan-brito/python-projects/airflow/venv/lib/python3.12/site-packages/airflow/example_dags/example_xcomargs.py
[2025-04-21T22:19:08.923-0300] {processor.py:925} INFO - DAG(s) 'example_xcom_args_with_operators', 'example_xcom_args' retrieved from /home/jonathan-brito/python-projects/airflow/venv/lib/python3.12/site-packages/airflow/example_dags/example_xcomargs.py
[2025-04-21T22:19:08.948-0300] {logging_mixin.py:190} INFO - [2025-04-21T22:19:08.947-0300] {dag.py:3239} INFO - Sync 2 DAGs
[2025-04-21T22:19:08.966-0300] {logging_mixin.py:190} INFO - [2025-04-21T22:19:08.966-0300] {dag.py:4180} INFO - Setting next_dagrun for example_xcom_args to None, run_after=None
[2025-04-21T22:19:08.969-0300] {logging_mixin.py:190} INFO - [2025-04-21T22:19:08.969-0300] {dag.py:4180} INFO - Setting next_dagrun for example_xcom_args_with_operators to None, run_after=None
[2025-04-21T22:19:08.989-0300] {processor.py:208} INFO - Processing /home/jonathan-brito/python-projects/airflow/venv/lib/python3.12/site-packages/airflow/example_dags/example_xcomargs.py took 0.087 seconds
[2025-04-21T22:20:13.060-0300] {processor.py:186} INFO - Started process (PID=134100) to work on /home/jonathan-brito/python-projects/airflow/venv/lib/python3.12/site-packages/airflow/example_dags/example_xcomargs.py
[2025-04-21T22:20:13.067-0300] {processor.py:914} INFO - Processing file /home/jonathan-brito/python-projects/airflow/venv/lib/python3.12/site-packages/airflow/example_dags/example_xcomargs.py for tasks to queue
[2025-04-21T22:20:13.068-0300] {logging_mixin.py:190} INFO - [2025-04-21T22:20:13.068-0300] {dagbag.py:588} INFO - Filling up the DagBag from /home/jonathan-brito/python-projects/airflow/venv/lib/python3.12/site-packages/airflow/example_dags/example_xcomargs.py
[2025-04-21T22:20:13.078-0300] {processor.py:925} INFO - DAG(s) 'example_xcom_args_with_operators', 'example_xcom_args' retrieved from /home/jonathan-brito/python-projects/airflow/venv/lib/python3.12/site-packages/airflow/example_dags/example_xcomargs.py
[2025-04-21T22:20:13.098-0300] {logging_mixin.py:190} INFO - [2025-04-21T22:20:13.098-0300] {dag.py:3239} INFO - Sync 2 DAGs
[2025-04-21T22:20:13.110-0300] {logging_mixin.py:190} INFO - [2025-04-21T22:20:13.110-0300] {dag.py:4180} INFO - Setting next_dagrun for example_xcom_args to None, run_after=None
[2025-04-21T22:20:13.112-0300] {logging_mixin.py:190} INFO - [2025-04-21T22:20:13.112-0300] {dag.py:4180} INFO - Setting next_dagrun for example_xcom_args_with_operators to None, run_after=None
[2025-04-21T22:20:13.133-0300] {processor.py:208} INFO - Processing /home/jonathan-brito/python-projects/airflow/venv/lib/python3.12/site-packages/airflow/example_dags/example_xcomargs.py took 0.081 seconds
[2025-04-22T10:24:06.050-0300] {processor.py:186} INFO - Started process (PID=10668) to work on /home/jonathan-brito/python-projects/airflow/venv/lib/python3.12/site-packages/airflow/example_dags/example_xcomargs.py
[2025-04-22T10:24:06.057-0300] {processor.py:914} INFO - Processing file /home/jonathan-brito/python-projects/airflow/venv/lib/python3.12/site-packages/airflow/example_dags/example_xcomargs.py for tasks to queue
[2025-04-22T10:24:06.060-0300] {logging_mixin.py:190} INFO - [2025-04-22T10:24:06.059-0300] {dagbag.py:588} INFO - Filling up the DagBag from /home/jonathan-brito/python-projects/airflow/venv/lib/python3.12/site-packages/airflow/example_dags/example_xcomargs.py
[2025-04-22T10:24:06.072-0300] {processor.py:925} INFO - DAG(s) 'example_xcom_args', 'example_xcom_args_with_operators' retrieved from /home/jonathan-brito/python-projects/airflow/venv/lib/python3.12/site-packages/airflow/example_dags/example_xcomargs.py
[2025-04-22T10:24:06.103-0300] {logging_mixin.py:190} INFO - [2025-04-22T10:24:06.102-0300] {dag.py:3239} INFO - Sync 2 DAGs
[2025-04-22T10:24:06.121-0300] {logging_mixin.py:190} INFO - [2025-04-22T10:24:06.121-0300] {dag.py:4180} INFO - Setting next_dagrun for example_xcom_args to None, run_after=None
[2025-04-22T10:24:06.127-0300] {logging_mixin.py:190} INFO - [2025-04-22T10:24:06.127-0300] {dag.py:4180} INFO - Setting next_dagrun for example_xcom_args_with_operators to None, run_after=None
[2025-04-22T10:24:06.167-0300] {processor.py:208} INFO - Processing /home/jonathan-brito/python-projects/airflow/venv/lib/python3.12/site-packages/airflow/example_dags/example_xcomargs.py took 0.125 seconds
[2025-04-22T10:25:20.603-0300] {processor.py:186} INFO - Started process (PID=11856) to work on /home/jonathan-brito/python-projects/airflow/venv/lib/python3.12/site-packages/airflow/example_dags/example_xcomargs.py
[2025-04-22T10:25:20.610-0300] {processor.py:914} INFO - Processing file /home/jonathan-brito/python-projects/airflow/venv/lib/python3.12/site-packages/airflow/example_dags/example_xcomargs.py for tasks to queue
[2025-04-22T10:25:20.614-0300] {logging_mixin.py:190} INFO - [2025-04-22T10:25:20.613-0300] {dagbag.py:588} INFO - Filling up the DagBag from /home/jonathan-brito/python-projects/airflow/venv/lib/python3.12/site-packages/airflow/example_dags/example_xcomargs.py
[2025-04-22T10:25:20.630-0300] {processor.py:925} INFO - DAG(s) 'example_xcom_args_with_operators', 'example_xcom_args' retrieved from /home/jonathan-brito/python-projects/airflow/venv/lib/python3.12/site-packages/airflow/example_dags/example_xcomargs.py
[2025-04-22T10:25:20.649-0300] {logging_mixin.py:190} INFO - [2025-04-22T10:25:20.649-0300] {dag.py:3239} INFO - Sync 2 DAGs
[2025-04-22T10:25:20.662-0300] {logging_mixin.py:190} INFO - [2025-04-22T10:25:20.662-0300] {dag.py:4180} INFO - Setting next_dagrun for example_xcom_args to None, run_after=None
[2025-04-22T10:25:20.665-0300] {logging_mixin.py:190} INFO - [2025-04-22T10:25:20.665-0300] {dag.py:4180} INFO - Setting next_dagrun for example_xcom_args_with_operators to None, run_after=None
[2025-04-22T10:25:20.694-0300] {processor.py:208} INFO - Processing /home/jonathan-brito/python-projects/airflow/venv/lib/python3.12/site-packages/airflow/example_dags/example_xcomargs.py took 0.100 seconds
[2025-04-22T10:27:29.796-0300] {processor.py:186} INFO - Started process (PID=13757) to work on /home/jonathan-brito/python-projects/airflow/venv/lib/python3.12/site-packages/airflow/example_dags/example_xcomargs.py
[2025-04-22T10:27:29.797-0300] {processor.py:914} INFO - Processing file /home/jonathan-brito/python-projects/airflow/venv/lib/python3.12/site-packages/airflow/example_dags/example_xcomargs.py for tasks to queue
[2025-04-22T10:27:29.801-0300] {logging_mixin.py:190} INFO - [2025-04-22T10:27:29.801-0300] {dagbag.py:588} INFO - Filling up the DagBag from /home/jonathan-brito/python-projects/airflow/venv/lib/python3.12/site-packages/airflow/example_dags/example_xcomargs.py
[2025-04-22T10:27:29.824-0300] {processor.py:925} INFO - DAG(s) 'example_xcom_args', 'example_xcom_args_with_operators' retrieved from /home/jonathan-brito/python-projects/airflow/venv/lib/python3.12/site-packages/airflow/example_dags/example_xcomargs.py
[2025-04-22T10:27:29.858-0300] {logging_mixin.py:190} INFO - [2025-04-22T10:27:29.858-0300] {dag.py:3239} INFO - Sync 2 DAGs
[2025-04-22T10:27:29.885-0300] {logging_mixin.py:190} INFO - [2025-04-22T10:27:29.885-0300] {dag.py:4180} INFO - Setting next_dagrun for example_xcom_args to None, run_after=None
[2025-04-22T10:27:29.893-0300] {logging_mixin.py:190} INFO - [2025-04-22T10:27:29.893-0300] {dag.py:4180} INFO - Setting next_dagrun for example_xcom_args_with_operators to None, run_after=None
[2025-04-22T10:27:29.929-0300] {processor.py:208} INFO - Processing /home/jonathan-brito/python-projects/airflow/venv/lib/python3.12/site-packages/airflow/example_dags/example_xcomargs.py took 0.145 seconds
[2025-04-22T10:29:13.657-0300] {processor.py:186} INFO - Started process (PID=15554) to work on /home/jonathan-brito/python-projects/airflow/venv/lib/python3.12/site-packages/airflow/example_dags/example_xcomargs.py
[2025-04-22T10:29:13.658-0300] {processor.py:914} INFO - Processing file /home/jonathan-brito/python-projects/airflow/venv/lib/python3.12/site-packages/airflow/example_dags/example_xcomargs.py for tasks to queue
[2025-04-22T10:29:13.668-0300] {logging_mixin.py:190} INFO - [2025-04-22T10:29:13.660-0300] {dagbag.py:588} INFO - Filling up the DagBag from /home/jonathan-brito/python-projects/airflow/venv/lib/python3.12/site-packages/airflow/example_dags/example_xcomargs.py
[2025-04-22T10:29:13.692-0300] {processor.py:925} INFO - DAG(s) 'example_xcom_args', 'example_xcom_args_with_operators' retrieved from /home/jonathan-brito/python-projects/airflow/venv/lib/python3.12/site-packages/airflow/example_dags/example_xcomargs.py
[2025-04-22T10:29:13.722-0300] {logging_mixin.py:190} INFO - [2025-04-22T10:29:13.722-0300] {dag.py:3239} INFO - Sync 2 DAGs
[2025-04-22T10:29:13.743-0300] {logging_mixin.py:190} INFO - [2025-04-22T10:29:13.743-0300] {dag.py:4180} INFO - Setting next_dagrun for example_xcom_args to None, run_after=None
[2025-04-22T10:29:13.749-0300] {logging_mixin.py:190} INFO - [2025-04-22T10:29:13.749-0300] {dag.py:4180} INFO - Setting next_dagrun for example_xcom_args_with_operators to None, run_after=None
[2025-04-22T10:29:13.808-0300] {processor.py:208} INFO - Processing /home/jonathan-brito/python-projects/airflow/venv/lib/python3.12/site-packages/airflow/example_dags/example_xcomargs.py took 0.174 seconds
[2025-04-22T10:31:07.075-0300] {processor.py:186} INFO - Started process (PID=16541) to work on /home/jonathan-brito/python-projects/airflow/venv/lib/python3.12/site-packages/airflow/example_dags/example_xcomargs.py
[2025-04-22T10:31:07.076-0300] {processor.py:914} INFO - Processing file /home/jonathan-brito/python-projects/airflow/venv/lib/python3.12/site-packages/airflow/example_dags/example_xcomargs.py for tasks to queue
[2025-04-22T10:31:07.078-0300] {logging_mixin.py:190} INFO - [2025-04-22T10:31:07.078-0300] {dagbag.py:588} INFO - Filling up the DagBag from /home/jonathan-brito/python-projects/airflow/venv/lib/python3.12/site-packages/airflow/example_dags/example_xcomargs.py
[2025-04-22T10:31:07.097-0300] {processor.py:925} INFO - DAG(s) 'example_xcom_args', 'example_xcom_args_with_operators' retrieved from /home/jonathan-brito/python-projects/airflow/venv/lib/python3.12/site-packages/airflow/example_dags/example_xcomargs.py
[2025-04-22T10:31:07.145-0300] {logging_mixin.py:190} INFO - [2025-04-22T10:31:07.144-0300] {dag.py:3239} INFO - Sync 2 DAGs
[2025-04-22T10:31:07.171-0300] {logging_mixin.py:190} INFO - [2025-04-22T10:31:07.170-0300] {dag.py:4180} INFO - Setting next_dagrun for example_xcom_args to None, run_after=None
[2025-04-22T10:31:07.176-0300] {logging_mixin.py:190} INFO - [2025-04-22T10:31:07.176-0300] {dag.py:4180} INFO - Setting next_dagrun for example_xcom_args_with_operators to None, run_after=None
[2025-04-22T10:31:07.224-0300] {processor.py:208} INFO - Processing /home/jonathan-brito/python-projects/airflow/venv/lib/python3.12/site-packages/airflow/example_dags/example_xcomargs.py took 0.155 seconds
[2025-04-22T11:07:56.894-0300] {processor.py:186} INFO - Started process (PID=49579) to work on /home/jonathan-brito/python-projects/airflow/venv/lib/python3.12/site-packages/airflow/example_dags/example_xcomargs.py
[2025-04-22T11:07:56.896-0300] {processor.py:914} INFO - Processing file /home/jonathan-brito/python-projects/airflow/venv/lib/python3.12/site-packages/airflow/example_dags/example_xcomargs.py for tasks to queue
[2025-04-22T11:07:56.899-0300] {logging_mixin.py:190} INFO - [2025-04-22T11:07:56.898-0300] {dagbag.py:588} INFO - Filling up the DagBag from /home/jonathan-brito/python-projects/airflow/venv/lib/python3.12/site-packages/airflow/example_dags/example_xcomargs.py
[2025-04-22T11:07:56.913-0300] {processor.py:925} INFO - DAG(s) 'example_xcom_args', 'example_xcom_args_with_operators' retrieved from /home/jonathan-brito/python-projects/airflow/venv/lib/python3.12/site-packages/airflow/example_dags/example_xcomargs.py
[2025-04-22T11:07:56.941-0300] {logging_mixin.py:190} INFO - [2025-04-22T11:07:56.941-0300] {dag.py:3239} INFO - Sync 2 DAGs
[2025-04-22T11:07:56.953-0300] {logging_mixin.py:190} INFO - [2025-04-22T11:07:56.953-0300] {dag.py:4180} INFO - Setting next_dagrun for example_xcom_args to None, run_after=None
[2025-04-22T11:07:56.956-0300] {logging_mixin.py:190} INFO - [2025-04-22T11:07:56.956-0300] {dag.py:4180} INFO - Setting next_dagrun for example_xcom_args_with_operators to None, run_after=None
[2025-04-22T11:07:56.982-0300] {processor.py:208} INFO - Processing /home/jonathan-brito/python-projects/airflow/venv/lib/python3.12/site-packages/airflow/example_dags/example_xcomargs.py took 0.097 seconds
[2025-04-22T11:08:56.899-0300] {processor.py:186} INFO - Started process (PID=49952) to work on /home/jonathan-brito/python-projects/airflow/venv/lib/python3.12/site-packages/airflow/example_dags/example_xcomargs.py
[2025-04-22T11:08:56.906-0300] {processor.py:914} INFO - Processing file /home/jonathan-brito/python-projects/airflow/venv/lib/python3.12/site-packages/airflow/example_dags/example_xcomargs.py for tasks to queue
[2025-04-22T11:08:56.907-0300] {logging_mixin.py:190} INFO - [2025-04-22T11:08:56.907-0300] {dagbag.py:588} INFO - Filling up the DagBag from /home/jonathan-brito/python-projects/airflow/venv/lib/python3.12/site-packages/airflow/example_dags/example_xcomargs.py
[2025-04-22T11:08:56.917-0300] {processor.py:925} INFO - DAG(s) 'example_xcom_args_with_operators', 'example_xcom_args' retrieved from /home/jonathan-brito/python-projects/airflow/venv/lib/python3.12/site-packages/airflow/example_dags/example_xcomargs.py
[2025-04-22T11:08:56.938-0300] {logging_mixin.py:190} INFO - [2025-04-22T11:08:56.938-0300] {dag.py:3239} INFO - Sync 2 DAGs
[2025-04-22T11:08:56.950-0300] {logging_mixin.py:190} INFO - [2025-04-22T11:08:56.950-0300] {dag.py:4180} INFO - Setting next_dagrun for example_xcom_args to None, run_after=None
[2025-04-22T11:08:56.953-0300] {logging_mixin.py:190} INFO - [2025-04-22T11:08:56.953-0300] {dag.py:4180} INFO - Setting next_dagrun for example_xcom_args_with_operators to None, run_after=None
[2025-04-22T11:08:56.978-0300] {processor.py:208} INFO - Processing /home/jonathan-brito/python-projects/airflow/venv/lib/python3.12/site-packages/airflow/example_dags/example_xcomargs.py took 0.086 seconds
[2025-04-22T11:09:55.410-0300] {processor.py:186} INFO - Started process (PID=50447) to work on /home/jonathan-brito/python-projects/airflow/venv/lib/python3.12/site-packages/airflow/example_dags/example_xcomargs.py
[2025-04-22T11:09:55.417-0300] {processor.py:914} INFO - Processing file /home/jonathan-brito/python-projects/airflow/venv/lib/python3.12/site-packages/airflow/example_dags/example_xcomargs.py for tasks to queue
[2025-04-22T11:09:55.419-0300] {logging_mixin.py:190} INFO - [2025-04-22T11:09:55.418-0300] {dagbag.py:588} INFO - Filling up the DagBag from /home/jonathan-brito/python-projects/airflow/venv/lib/python3.12/site-packages/airflow/example_dags/example_xcomargs.py
[2025-04-22T11:09:55.429-0300] {processor.py:925} INFO - DAG(s) 'example_xcom_args_with_operators', 'example_xcom_args' retrieved from /home/jonathan-brito/python-projects/airflow/venv/lib/python3.12/site-packages/airflow/example_dags/example_xcomargs.py
[2025-04-22T11:09:55.449-0300] {logging_mixin.py:190} INFO - [2025-04-22T11:09:55.449-0300] {dag.py:3239} INFO - Sync 2 DAGs
[2025-04-22T11:09:55.463-0300] {logging_mixin.py:190} INFO - [2025-04-22T11:09:55.462-0300] {dag.py:4180} INFO - Setting next_dagrun for example_xcom_args to None, run_after=None
[2025-04-22T11:09:55.466-0300] {logging_mixin.py:190} INFO - [2025-04-22T11:09:55.465-0300] {dag.py:4180} INFO - Setting next_dagrun for example_xcom_args_with_operators to None, run_after=None
[2025-04-22T11:09:55.495-0300] {processor.py:208} INFO - Processing /home/jonathan-brito/python-projects/airflow/venv/lib/python3.12/site-packages/airflow/example_dags/example_xcomargs.py took 0.090 seconds
[2025-04-22T11:10:58.067-0300] {processor.py:186} INFO - Started process (PID=50885) to work on /home/jonathan-brito/python-projects/airflow/venv/lib/python3.12/site-packages/airflow/example_dags/example_xcomargs.py
[2025-04-22T11:10:58.068-0300] {processor.py:914} INFO - Processing file /home/jonathan-brito/python-projects/airflow/venv/lib/python3.12/site-packages/airflow/example_dags/example_xcomargs.py for tasks to queue
[2025-04-22T11:10:58.070-0300] {logging_mixin.py:190} INFO - [2025-04-22T11:10:58.069-0300] {dagbag.py:588} INFO - Filling up the DagBag from /home/jonathan-brito/python-projects/airflow/venv/lib/python3.12/site-packages/airflow/example_dags/example_xcomargs.py
[2025-04-22T11:10:58.079-0300] {processor.py:925} INFO - DAG(s) 'example_xcom_args', 'example_xcom_args_with_operators' retrieved from /home/jonathan-brito/python-projects/airflow/venv/lib/python3.12/site-packages/airflow/example_dags/example_xcomargs.py
[2025-04-22T11:10:58.102-0300] {logging_mixin.py:190} INFO - [2025-04-22T11:10:58.102-0300] {dag.py:3239} INFO - Sync 2 DAGs
[2025-04-22T11:10:58.115-0300] {logging_mixin.py:190} INFO - [2025-04-22T11:10:58.115-0300] {dag.py:4180} INFO - Setting next_dagrun for example_xcom_args to None, run_after=None
[2025-04-22T11:10:58.118-0300] {logging_mixin.py:190} INFO - [2025-04-22T11:10:58.118-0300] {dag.py:4180} INFO - Setting next_dagrun for example_xcom_args_with_operators to None, run_after=None
[2025-04-22T11:10:58.143-0300] {processor.py:208} INFO - Processing /home/jonathan-brito/python-projects/airflow/venv/lib/python3.12/site-packages/airflow/example_dags/example_xcomargs.py took 0.082 seconds
