[2025-04-21T21:24:01.351-0300] {processor.py:186} INFO - Started process (PID=70774) to work on /home/jonathan-brito/python-projects/airflow/venv/lib/python3.12/site-packages/airflow/example_dags/example_display_name.py
[2025-04-21T21:24:01.351-0300] {processor.py:914} INFO - Processing file /home/jonathan-brito/python-projects/airflow/venv/lib/python3.12/site-packages/airflow/example_dags/example_display_name.py for tasks to queue
[2025-04-21T21:24:01.354-0300] {logging_mixin.py:190} INFO - [2025-04-21T21:24:01.353-0300] {dagbag.py:588} INFO - Filling up the DagBag from /home/jonathan-brito/python-projects/airflow/venv/lib/python3.12/site-packages/airflow/example_dags/example_display_name.py
[2025-04-21T21:24:01.362-0300] {processor.py:925} INFO - DAG(s) 'example_display_name' retrieved from /home/jonathan-brito/python-projects/airflow/venv/lib/python3.12/site-packages/airflow/example_dags/example_display_name.py
[2025-04-21T21:24:01.379-0300] {logging_mixin.py:190} INFO - [2025-04-21T21:24:01.379-0300] {dag.py:3239} INFO - Sync 1 DAGs
[2025-04-21T21:24:01.393-0300] {logging_mixin.py:190} INFO - [2025-04-21T21:24:01.393-0300] {dag.py:4180} INFO - Setting next_dagrun for example_display_name to None, run_after=None
[2025-04-21T21:24:01.432-0300] {processor.py:208} INFO - Processing /home/jonathan-brito/python-projects/airflow/venv/lib/python3.12/site-packages/airflow/example_dags/example_display_name.py took 0.087 seconds
[2025-04-21T22:10:18.862-0300] {processor.py:186} INFO - Started process (PID=127332) to work on /home/jonathan-brito/python-projects/airflow/venv/lib/python3.12/site-packages/airflow/example_dags/example_display_name.py
[2025-04-21T22:10:18.870-0300] {processor.py:914} INFO - Processing file /home/jonathan-brito/python-projects/airflow/venv/lib/python3.12/site-packages/airflow/example_dags/example_display_name.py for tasks to queue
[2025-04-21T22:10:18.881-0300] {logging_mixin.py:190} INFO - [2025-04-21T22:10:18.873-0300] {dagbag.py:588} INFO - Filling up the DagBag from /home/jonathan-brito/python-projects/airflow/venv/lib/python3.12/site-packages/airflow/example_dags/example_display_name.py
[2025-04-21T22:10:18.899-0300] {processor.py:925} INFO - DAG(s) 'example_display_name' retrieved from /home/jonathan-brito/python-projects/airflow/venv/lib/python3.12/site-packages/airflow/example_dags/example_display_name.py
[2025-04-21T22:10:18.929-0300] {logging_mixin.py:190} INFO - [2025-04-21T22:10:18.928-0300] {dag.py:3239} INFO - Sync 1 DAGs
[2025-04-21T22:10:18.944-0300] {logging_mixin.py:190} INFO - [2025-04-21T22:10:18.944-0300] {dag.py:4180} INFO - Setting next_dagrun for example_display_name to None, run_after=None
[2025-04-21T22:10:18.983-0300] {processor.py:208} INFO - Processing /home/jonathan-brito/python-projects/airflow/venv/lib/python3.12/site-packages/airflow/example_dags/example_display_name.py took 0.143 seconds
[2025-04-21T22:11:23.259-0300] {processor.py:186} INFO - Started process (PID=128335) to work on /home/jonathan-brito/python-projects/airflow/venv/lib/python3.12/site-packages/airflow/example_dags/example_display_name.py
[2025-04-21T22:11:23.267-0300] {processor.py:914} INFO - Processing file /home/jonathan-brito/python-projects/airflow/venv/lib/python3.12/site-packages/airflow/example_dags/example_display_name.py for tasks to queue
[2025-04-21T22:11:23.269-0300] {logging_mixin.py:190} INFO - [2025-04-21T22:11:23.268-0300] {dagbag.py:588} INFO - Filling up the DagBag from /home/jonathan-brito/python-projects/airflow/venv/lib/python3.12/site-packages/airflow/example_dags/example_display_name.py
[2025-04-21T22:11:23.278-0300] {processor.py:925} INFO - DAG(s) 'example_display_name' retrieved from /home/jonathan-brito/python-projects/airflow/venv/lib/python3.12/site-packages/airflow/example_dags/example_display_name.py
[2025-04-21T22:11:23.306-0300] {logging_mixin.py:190} INFO - [2025-04-21T22:11:23.306-0300] {dag.py:3239} INFO - Sync 1 DAGs
[2025-04-21T22:11:23.321-0300] {logging_mixin.py:190} INFO - [2025-04-21T22:11:23.320-0300] {dag.py:4180} INFO - Setting next_dagrun for example_display_name to None, run_after=None
[2025-04-21T22:11:23.347-0300] {processor.py:208} INFO - Processing /home/jonathan-brito/python-projects/airflow/venv/lib/python3.12/site-packages/airflow/example_dags/example_display_name.py took 0.098 seconds
[2025-04-21T22:12:25.426-0300] {processor.py:186} INFO - Started process (PID=129033) to work on /home/jonathan-brito/python-projects/airflow/venv/lib/python3.12/site-packages/airflow/example_dags/example_display_name.py
[2025-04-21T22:12:25.434-0300] {processor.py:914} INFO - Processing file /home/jonathan-brito/python-projects/airflow/venv/lib/python3.12/site-packages/airflow/example_dags/example_display_name.py for tasks to queue
[2025-04-21T22:12:25.435-0300] {logging_mixin.py:190} INFO - [2025-04-21T22:12:25.435-0300] {dagbag.py:588} INFO - Filling up the DagBag from /home/jonathan-brito/python-projects/airflow/venv/lib/python3.12/site-packages/airflow/example_dags/example_display_name.py
[2025-04-21T22:12:25.441-0300] {processor.py:925} INFO - DAG(s) 'example_display_name' retrieved from /home/jonathan-brito/python-projects/airflow/venv/lib/python3.12/site-packages/airflow/example_dags/example_display_name.py
[2025-04-21T22:12:25.458-0300] {logging_mixin.py:190} INFO - [2025-04-21T22:12:25.458-0300] {dag.py:3239} INFO - Sync 1 DAGs
[2025-04-21T22:12:25.470-0300] {logging_mixin.py:190} INFO - [2025-04-21T22:12:25.469-0300] {dag.py:4180} INFO - Setting next_dagrun for example_display_name to None, run_after=None
[2025-04-21T22:12:25.497-0300] {processor.py:208} INFO - Processing /home/jonathan-brito/python-projects/airflow/venv/lib/python3.12/site-packages/airflow/example_dags/example_display_name.py took 0.077 seconds
[2025-04-21T22:13:30.119-0300] {processor.py:186} INFO - Started process (PID=129800) to work on /home/jonathan-brito/python-projects/airflow/venv/lib/python3.12/site-packages/airflow/example_dags/example_display_name.py
[2025-04-21T22:13:30.126-0300] {processor.py:914} INFO - Processing file /home/jonathan-brito/python-projects/airflow/venv/lib/python3.12/site-packages/airflow/example_dags/example_display_name.py for tasks to queue
[2025-04-21T22:13:30.128-0300] {logging_mixin.py:190} INFO - [2025-04-21T22:13:30.128-0300] {dagbag.py:588} INFO - Filling up the DagBag from /home/jonathan-brito/python-projects/airflow/venv/lib/python3.12/site-packages/airflow/example_dags/example_display_name.py
[2025-04-21T22:13:30.137-0300] {processor.py:925} INFO - DAG(s) 'example_display_name' retrieved from /home/jonathan-brito/python-projects/airflow/venv/lib/python3.12/site-packages/airflow/example_dags/example_display_name.py
[2025-04-21T22:13:30.157-0300] {logging_mixin.py:190} INFO - [2025-04-21T22:13:30.156-0300] {dag.py:3239} INFO - Sync 1 DAGs
[2025-04-21T22:13:30.172-0300] {logging_mixin.py:190} INFO - [2025-04-21T22:13:30.171-0300] {dag.py:4180} INFO - Setting next_dagrun for example_display_name to None, run_after=None
[2025-04-21T22:13:30.207-0300] {processor.py:208} INFO - Processing /home/jonathan-brito/python-projects/airflow/venv/lib/python3.12/site-packages/airflow/example_dags/example_display_name.py took 0.098 seconds
[2025-04-21T22:14:31.578-0300] {processor.py:186} INFO - Started process (PID=130480) to work on /home/jonathan-brito/python-projects/airflow/venv/lib/python3.12/site-packages/airflow/example_dags/example_display_name.py
[2025-04-21T22:14:31.585-0300] {processor.py:914} INFO - Processing file /home/jonathan-brito/python-projects/airflow/venv/lib/python3.12/site-packages/airflow/example_dags/example_display_name.py for tasks to queue
[2025-04-21T22:14:31.586-0300] {logging_mixin.py:190} INFO - [2025-04-21T22:14:31.586-0300] {dagbag.py:588} INFO - Filling up the DagBag from /home/jonathan-brito/python-projects/airflow/venv/lib/python3.12/site-packages/airflow/example_dags/example_display_name.py
[2025-04-21T22:14:31.593-0300] {processor.py:925} INFO - DAG(s) 'example_display_name' retrieved from /home/jonathan-brito/python-projects/airflow/venv/lib/python3.12/site-packages/airflow/example_dags/example_display_name.py
[2025-04-21T22:14:31.609-0300] {logging_mixin.py:190} INFO - [2025-04-21T22:14:31.608-0300] {dag.py:3239} INFO - Sync 1 DAGs
[2025-04-21T22:14:31.620-0300] {logging_mixin.py:190} INFO - [2025-04-21T22:14:31.620-0300] {dag.py:4180} INFO - Setting next_dagrun for example_display_name to None, run_after=None
[2025-04-21T22:14:31.645-0300] {processor.py:208} INFO - Processing /home/jonathan-brito/python-projects/airflow/venv/lib/python3.12/site-packages/airflow/example_dags/example_display_name.py took 0.073 seconds
[2025-04-21T22:15:33.580-0300] {processor.py:186} INFO - Started process (PID=131183) to work on /home/jonathan-brito/python-projects/airflow/venv/lib/python3.12/site-packages/airflow/example_dags/example_display_name.py
[2025-04-21T22:15:33.587-0300] {processor.py:914} INFO - Processing file /home/jonathan-brito/python-projects/airflow/venv/lib/python3.12/site-packages/airflow/example_dags/example_display_name.py for tasks to queue
[2025-04-21T22:15:33.589-0300] {logging_mixin.py:190} INFO - [2025-04-21T22:15:33.588-0300] {dagbag.py:588} INFO - Filling up the DagBag from /home/jonathan-brito/python-projects/airflow/venv/lib/python3.12/site-packages/airflow/example_dags/example_display_name.py
[2025-04-21T22:15:33.596-0300] {processor.py:925} INFO - DAG(s) 'example_display_name' retrieved from /home/jonathan-brito/python-projects/airflow/venv/lib/python3.12/site-packages/airflow/example_dags/example_display_name.py
[2025-04-21T22:15:33.621-0300] {logging_mixin.py:190} INFO - [2025-04-21T22:15:33.621-0300] {dag.py:3239} INFO - Sync 1 DAGs
[2025-04-21T22:15:33.634-0300] {logging_mixin.py:190} INFO - [2025-04-21T22:15:33.633-0300] {dag.py:4180} INFO - Setting next_dagrun for example_display_name to None, run_after=None
[2025-04-21T22:15:33.663-0300] {processor.py:208} INFO - Processing /home/jonathan-brito/python-projects/airflow/venv/lib/python3.12/site-packages/airflow/example_dags/example_display_name.py took 0.094 seconds
[2025-04-21T22:16:35.514-0300] {processor.py:186} INFO - Started process (PID=131802) to work on /home/jonathan-brito/python-projects/airflow/venv/lib/python3.12/site-packages/airflow/example_dags/example_display_name.py
[2025-04-21T22:16:35.523-0300] {processor.py:914} INFO - Processing file /home/jonathan-brito/python-projects/airflow/venv/lib/python3.12/site-packages/airflow/example_dags/example_display_name.py for tasks to queue
[2025-04-21T22:16:35.527-0300] {logging_mixin.py:190} INFO - [2025-04-21T22:16:35.526-0300] {dagbag.py:588} INFO - Filling up the DagBag from /home/jonathan-brito/python-projects/airflow/venv/lib/python3.12/site-packages/airflow/example_dags/example_display_name.py
[2025-04-21T22:16:35.544-0300] {processor.py:925} INFO - DAG(s) 'example_display_name' retrieved from /home/jonathan-brito/python-projects/airflow/venv/lib/python3.12/site-packages/airflow/example_dags/example_display_name.py
[2025-04-21T22:16:35.569-0300] {logging_mixin.py:190} INFO - [2025-04-21T22:16:35.568-0300] {dag.py:3239} INFO - Sync 1 DAGs
[2025-04-21T22:16:35.581-0300] {logging_mixin.py:190} INFO - [2025-04-21T22:16:35.581-0300] {dag.py:4180} INFO - Setting next_dagrun for example_display_name to None, run_after=None
[2025-04-21T22:16:35.610-0300] {processor.py:208} INFO - Processing /home/jonathan-brito/python-projects/airflow/venv/lib/python3.12/site-packages/airflow/example_dags/example_display_name.py took 0.117 seconds
[2025-04-21T22:17:39.416-0300] {processor.py:186} INFO - Started process (PID=132499) to work on /home/jonathan-brito/python-projects/airflow/venv/lib/python3.12/site-packages/airflow/example_dags/example_display_name.py
[2025-04-21T22:17:39.424-0300] {processor.py:914} INFO - Processing file /home/jonathan-brito/python-projects/airflow/venv/lib/python3.12/site-packages/airflow/example_dags/example_display_name.py for tasks to queue
[2025-04-21T22:17:39.426-0300] {logging_mixin.py:190} INFO - [2025-04-21T22:17:39.425-0300] {dagbag.py:588} INFO - Filling up the DagBag from /home/jonathan-brito/python-projects/airflow/venv/lib/python3.12/site-packages/airflow/example_dags/example_display_name.py
[2025-04-21T22:17:39.437-0300] {processor.py:925} INFO - DAG(s) 'example_display_name' retrieved from /home/jonathan-brito/python-projects/airflow/venv/lib/python3.12/site-packages/airflow/example_dags/example_display_name.py
[2025-04-21T22:17:39.461-0300] {logging_mixin.py:190} INFO - [2025-04-21T22:17:39.461-0300] {dag.py:3239} INFO - Sync 1 DAGs
[2025-04-21T22:17:39.475-0300] {logging_mixin.py:190} INFO - [2025-04-21T22:17:39.475-0300] {dag.py:4180} INFO - Setting next_dagrun for example_display_name to None, run_after=None
[2025-04-21T22:17:39.506-0300] {processor.py:208} INFO - Processing /home/jonathan-brito/python-projects/airflow/venv/lib/python3.12/site-packages/airflow/example_dags/example_display_name.py took 0.101 seconds
[2025-04-21T22:18:41.674-0300] {processor.py:186} INFO - Started process (PID=133115) to work on /home/jonathan-brito/python-projects/airflow/venv/lib/python3.12/site-packages/airflow/example_dags/example_display_name.py
[2025-04-21T22:18:41.681-0300] {processor.py:914} INFO - Processing file /home/jonathan-brito/python-projects/airflow/venv/lib/python3.12/site-packages/airflow/example_dags/example_display_name.py for tasks to queue
[2025-04-21T22:18:41.683-0300] {logging_mixin.py:190} INFO - [2025-04-21T22:18:41.682-0300] {dagbag.py:588} INFO - Filling up the DagBag from /home/jonathan-brito/python-projects/airflow/venv/lib/python3.12/site-packages/airflow/example_dags/example_display_name.py
[2025-04-21T22:18:41.691-0300] {processor.py:925} INFO - DAG(s) 'example_display_name' retrieved from /home/jonathan-brito/python-projects/airflow/venv/lib/python3.12/site-packages/airflow/example_dags/example_display_name.py
[2025-04-21T22:18:41.714-0300] {logging_mixin.py:190} INFO - [2025-04-21T22:18:41.714-0300] {dag.py:3239} INFO - Sync 1 DAGs
[2025-04-21T22:18:41.727-0300] {logging_mixin.py:190} INFO - [2025-04-21T22:18:41.727-0300] {dag.py:4180} INFO - Setting next_dagrun for example_display_name to None, run_after=None
[2025-04-21T22:18:41.754-0300] {processor.py:208} INFO - Processing /home/jonathan-brito/python-projects/airflow/venv/lib/python3.12/site-packages/airflow/example_dags/example_display_name.py took 0.090 seconds
[2025-04-21T22:19:44.355-0300] {processor.py:186} INFO - Started process (PID=133825) to work on /home/jonathan-brito/python-projects/airflow/venv/lib/python3.12/site-packages/airflow/example_dags/example_display_name.py
[2025-04-21T22:19:44.364-0300] {processor.py:914} INFO - Processing file /home/jonathan-brito/python-projects/airflow/venv/lib/python3.12/site-packages/airflow/example_dags/example_display_name.py for tasks to queue
[2025-04-21T22:19:44.368-0300] {logging_mixin.py:190} INFO - [2025-04-21T22:19:44.366-0300] {dagbag.py:588} INFO - Filling up the DagBag from /home/jonathan-brito/python-projects/airflow/venv/lib/python3.12/site-packages/airflow/example_dags/example_display_name.py
[2025-04-21T22:19:44.391-0300] {processor.py:925} INFO - DAG(s) 'example_display_name' retrieved from /home/jonathan-brito/python-projects/airflow/venv/lib/python3.12/site-packages/airflow/example_dags/example_display_name.py
[2025-04-21T22:19:44.421-0300] {logging_mixin.py:190} INFO - [2025-04-21T22:19:44.421-0300] {dag.py:3239} INFO - Sync 1 DAGs
[2025-04-21T22:19:44.436-0300] {logging_mixin.py:190} INFO - [2025-04-21T22:19:44.435-0300] {dag.py:4180} INFO - Setting next_dagrun for example_display_name to None, run_after=None
[2025-04-21T22:19:44.469-0300] {processor.py:208} INFO - Processing /home/jonathan-brito/python-projects/airflow/venv/lib/python3.12/site-packages/airflow/example_dags/example_display_name.py took 0.136 seconds
[2025-04-21T22:20:49.189-0300] {processor.py:186} INFO - Started process (PID=134494) to work on /home/jonathan-brito/python-projects/airflow/venv/lib/python3.12/site-packages/airflow/example_dags/example_display_name.py
[2025-04-21T22:20:49.196-0300] {processor.py:914} INFO - Processing file /home/jonathan-brito/python-projects/airflow/venv/lib/python3.12/site-packages/airflow/example_dags/example_display_name.py for tasks to queue
[2025-04-21T22:20:49.200-0300] {logging_mixin.py:190} INFO - [2025-04-21T22:20:49.199-0300] {dagbag.py:588} INFO - Filling up the DagBag from /home/jonathan-brito/python-projects/airflow/venv/lib/python3.12/site-packages/airflow/example_dags/example_display_name.py
[2025-04-21T22:20:49.215-0300] {processor.py:925} INFO - DAG(s) 'example_display_name' retrieved from /home/jonathan-brito/python-projects/airflow/venv/lib/python3.12/site-packages/airflow/example_dags/example_display_name.py
[2025-04-21T22:20:49.234-0300] {logging_mixin.py:190} INFO - [2025-04-21T22:20:49.233-0300] {dag.py:3239} INFO - Sync 1 DAGs
[2025-04-21T22:20:49.245-0300] {logging_mixin.py:190} INFO - [2025-04-21T22:20:49.245-0300] {dag.py:4180} INFO - Setting next_dagrun for example_display_name to None, run_after=None
[2025-04-21T22:20:49.277-0300] {processor.py:208} INFO - Processing /home/jonathan-brito/python-projects/airflow/venv/lib/python3.12/site-packages/airflow/example_dags/example_display_name.py took 0.096 seconds
[2025-04-22T10:24:48.129-0300] {processor.py:186} INFO - Started process (PID=11334) to work on /home/jonathan-brito/python-projects/airflow/venv/lib/python3.12/site-packages/airflow/example_dags/example_display_name.py
[2025-04-22T10:24:48.137-0300] {processor.py:914} INFO - Processing file /home/jonathan-brito/python-projects/airflow/venv/lib/python3.12/site-packages/airflow/example_dags/example_display_name.py for tasks to queue
[2025-04-22T10:24:48.140-0300] {logging_mixin.py:190} INFO - [2025-04-22T10:24:48.139-0300] {dagbag.py:588} INFO - Filling up the DagBag from /home/jonathan-brito/python-projects/airflow/venv/lib/python3.12/site-packages/airflow/example_dags/example_display_name.py
[2025-04-22T10:24:48.148-0300] {processor.py:925} INFO - DAG(s) 'example_display_name' retrieved from /home/jonathan-brito/python-projects/airflow/venv/lib/python3.12/site-packages/airflow/example_dags/example_display_name.py
[2025-04-22T10:24:48.170-0300] {logging_mixin.py:190} INFO - [2025-04-22T10:24:48.170-0300] {dag.py:3239} INFO - Sync 1 DAGs
[2025-04-22T10:24:48.184-0300] {logging_mixin.py:190} INFO - [2025-04-22T10:24:48.184-0300] {dag.py:4180} INFO - Setting next_dagrun for example_display_name to None, run_after=None
[2025-04-22T10:24:48.214-0300] {processor.py:208} INFO - Processing /home/jonathan-brito/python-projects/airflow/venv/lib/python3.12/site-packages/airflow/example_dags/example_display_name.py took 0.090 seconds
[2025-04-22T10:26:30.749-0300] {processor.py:186} INFO - Started process (PID=12762) to work on /home/jonathan-brito/python-projects/airflow/venv/lib/python3.12/site-packages/airflow/example_dags/example_display_name.py
[2025-04-22T10:26:30.756-0300] {processor.py:914} INFO - Processing file /home/jonathan-brito/python-projects/airflow/venv/lib/python3.12/site-packages/airflow/example_dags/example_display_name.py for tasks to queue
[2025-04-22T10:26:30.760-0300] {logging_mixin.py:190} INFO - [2025-04-22T10:26:30.759-0300] {dagbag.py:588} INFO - Filling up the DagBag from /home/jonathan-brito/python-projects/airflow/venv/lib/python3.12/site-packages/airflow/example_dags/example_display_name.py
[2025-04-22T10:26:30.772-0300] {processor.py:925} INFO - DAG(s) 'example_display_name' retrieved from /home/jonathan-brito/python-projects/airflow/venv/lib/python3.12/site-packages/airflow/example_dags/example_display_name.py
[2025-04-22T10:26:30.791-0300] {logging_mixin.py:190} INFO - [2025-04-22T10:26:30.791-0300] {dag.py:3239} INFO - Sync 1 DAGs
[2025-04-22T10:26:30.805-0300] {logging_mixin.py:190} INFO - [2025-04-22T10:26:30.804-0300] {dag.py:4180} INFO - Setting next_dagrun for example_display_name to None, run_after=None
[2025-04-22T10:26:30.831-0300] {processor.py:208} INFO - Processing /home/jonathan-brito/python-projects/airflow/venv/lib/python3.12/site-packages/airflow/example_dags/example_display_name.py took 0.096 seconds
[2025-04-22T10:29:19.813-0300] {processor.py:186} INFO - Started process (PID=15651) to work on /home/jonathan-brito/python-projects/airflow/venv/lib/python3.12/site-packages/airflow/example_dags/example_display_name.py
[2025-04-22T10:29:19.820-0300] {processor.py:914} INFO - Processing file /home/jonathan-brito/python-projects/airflow/venv/lib/python3.12/site-packages/airflow/example_dags/example_display_name.py for tasks to queue
[2025-04-22T10:29:19.823-0300] {logging_mixin.py:190} INFO - [2025-04-22T10:29:19.822-0300] {dagbag.py:588} INFO - Filling up the DagBag from /home/jonathan-brito/python-projects/airflow/venv/lib/python3.12/site-packages/airflow/example_dags/example_display_name.py
[2025-04-22T10:29:19.832-0300] {processor.py:925} INFO - DAG(s) 'example_display_name' retrieved from /home/jonathan-brito/python-projects/airflow/venv/lib/python3.12/site-packages/airflow/example_dags/example_display_name.py
[2025-04-22T10:29:19.849-0300] {logging_mixin.py:190} INFO - [2025-04-22T10:29:19.849-0300] {dag.py:3239} INFO - Sync 1 DAGs
[2025-04-22T10:29:19.864-0300] {logging_mixin.py:190} INFO - [2025-04-22T10:29:19.863-0300] {dag.py:4180} INFO - Setting next_dagrun for example_display_name to None, run_after=None
[2025-04-22T10:29:19.889-0300] {processor.py:208} INFO - Processing /home/jonathan-brito/python-projects/airflow/venv/lib/python3.12/site-packages/airflow/example_dags/example_display_name.py took 0.082 seconds
[2025-04-22T11:08:29.863-0300] {processor.py:186} INFO - Started process (PID=49757) to work on /home/jonathan-brito/python-projects/airflow/venv/lib/python3.12/site-packages/airflow/example_dags/example_display_name.py
[2025-04-22T11:08:29.871-0300] {processor.py:914} INFO - Processing file /home/jonathan-brito/python-projects/airflow/venv/lib/python3.12/site-packages/airflow/example_dags/example_display_name.py for tasks to queue
[2025-04-22T11:08:29.873-0300] {logging_mixin.py:190} INFO - [2025-04-22T11:08:29.872-0300] {dagbag.py:588} INFO - Filling up the DagBag from /home/jonathan-brito/python-projects/airflow/venv/lib/python3.12/site-packages/airflow/example_dags/example_display_name.py
[2025-04-22T11:08:29.880-0300] {processor.py:925} INFO - DAG(s) 'example_display_name' retrieved from /home/jonathan-brito/python-projects/airflow/venv/lib/python3.12/site-packages/airflow/example_dags/example_display_name.py
[2025-04-22T11:08:29.897-0300] {logging_mixin.py:190} INFO - [2025-04-22T11:08:29.897-0300] {dag.py:3239} INFO - Sync 1 DAGs
[2025-04-22T11:08:29.910-0300] {logging_mixin.py:190} INFO - [2025-04-22T11:08:29.910-0300] {dag.py:4180} INFO - Setting next_dagrun for example_display_name to None, run_after=None
[2025-04-22T11:08:29.934-0300] {processor.py:208} INFO - Processing /home/jonathan-brito/python-projects/airflow/venv/lib/python3.12/site-packages/airflow/example_dags/example_display_name.py took 0.077 seconds
[2025-04-22T11:09:30.729-0300] {processor.py:186} INFO - Started process (PID=50126) to work on /home/jonathan-brito/python-projects/airflow/venv/lib/python3.12/site-packages/airflow/example_dags/example_display_name.py
[2025-04-22T11:09:30.736-0300] {processor.py:914} INFO - Processing file /home/jonathan-brito/python-projects/airflow/venv/lib/python3.12/site-packages/airflow/example_dags/example_display_name.py for tasks to queue
[2025-04-22T11:09:30.738-0300] {logging_mixin.py:190} INFO - [2025-04-22T11:09:30.737-0300] {dagbag.py:588} INFO - Filling up the DagBag from /home/jonathan-brito/python-projects/airflow/venv/lib/python3.12/site-packages/airflow/example_dags/example_display_name.py
[2025-04-22T11:09:30.747-0300] {processor.py:925} INFO - DAG(s) 'example_display_name' retrieved from /home/jonathan-brito/python-projects/airflow/venv/lib/python3.12/site-packages/airflow/example_dags/example_display_name.py
[2025-04-22T11:09:30.774-0300] {logging_mixin.py:190} INFO - [2025-04-22T11:09:30.774-0300] {dag.py:3239} INFO - Sync 1 DAGs
[2025-04-22T11:09:30.787-0300] {logging_mixin.py:190} INFO - [2025-04-22T11:09:30.786-0300] {dag.py:4180} INFO - Setting next_dagrun for example_display_name to None, run_after=None
[2025-04-22T11:09:30.810-0300] {processor.py:208} INFO - Processing /home/jonathan-brito/python-projects/airflow/venv/lib/python3.12/site-packages/airflow/example_dags/example_display_name.py took 0.089 seconds
[2025-04-22T11:10:29.189-0300] {processor.py:186} INFO - Started process (PID=50671) to work on /home/jonathan-brito/python-projects/airflow/venv/lib/python3.12/site-packages/airflow/example_dags/example_display_name.py
[2025-04-22T11:10:29.190-0300] {processor.py:914} INFO - Processing file /home/jonathan-brito/python-projects/airflow/venv/lib/python3.12/site-packages/airflow/example_dags/example_display_name.py for tasks to queue
[2025-04-22T11:10:29.192-0300] {logging_mixin.py:190} INFO - [2025-04-22T11:10:29.192-0300] {dagbag.py:588} INFO - Filling up the DagBag from /home/jonathan-brito/python-projects/airflow/venv/lib/python3.12/site-packages/airflow/example_dags/example_display_name.py
[2025-04-22T11:10:29.204-0300] {processor.py:925} INFO - DAG(s) 'example_display_name' retrieved from /home/jonathan-brito/python-projects/airflow/venv/lib/python3.12/site-packages/airflow/example_dags/example_display_name.py
[2025-04-22T11:10:29.239-0300] {logging_mixin.py:190} INFO - [2025-04-22T11:10:29.238-0300] {dag.py:3239} INFO - Sync 1 DAGs
[2025-04-22T11:10:29.261-0300] {logging_mixin.py:190} INFO - [2025-04-22T11:10:29.260-0300] {dag.py:4180} INFO - Setting next_dagrun for example_display_name to None, run_after=None
[2025-04-22T11:10:29.293-0300] {processor.py:208} INFO - Processing /home/jonathan-brito/python-projects/airflow/venv/lib/python3.12/site-packages/airflow/example_dags/example_display_name.py took 0.115 seconds
