[2025-04-21T21:23:43.127-0300] {processor.py:186} INFO - Started process (PID=70613) to work on /home/jonathan-brito/python-projects/airflow/venv/lib/python3.12/site-packages/airflow/example_dags/example_sensors.py
[2025-04-21T21:23:43.128-0300] {processor.py:914} INFO - Processing file /home/jonathan-brito/python-projects/airflow/venv/lib/python3.12/site-packages/airflow/example_dags/example_sensors.py for tasks to queue
[2025-04-21T21:23:43.130-0300] {logging_mixin.py:190} INFO - [2025-04-21T21:23:43.130-0300] {dagbag.py:588} INFO - Filling up the DagBag from /home/jonathan-brito/python-projects/airflow/venv/lib/python3.12/site-packages/airflow/example_dags/example_sensors.py
[2025-04-21T21:23:43.145-0300] {processor.py:925} INFO - DAG(s) 'example_sensors' retrieved from /home/jonathan-brito/python-projects/airflow/venv/lib/python3.12/site-packages/airflow/example_dags/example_sensors.py
[2025-04-21T21:23:43.174-0300] {logging_mixin.py:190} INFO - [2025-04-21T21:23:43.173-0300] {dag.py:3239} INFO - Sync 1 DAGs
[2025-04-21T21:23:43.189-0300] {logging_mixin.py:190} INFO - [2025-04-21T21:23:43.189-0300] {dag.py:4180} INFO - Setting next_dagrun for example_sensors to None, run_after=None
[2025-04-21T21:23:43.224-0300] {processor.py:208} INFO - Processing /home/jonathan-brito/python-projects/airflow/venv/lib/python3.12/site-packages/airflow/example_dags/example_sensors.py took 0.104 seconds
[2025-04-21T21:24:52.602-0300] {processor.py:186} INFO - Started process (PID=71621) to work on /home/jonathan-brito/python-projects/airflow/venv/lib/python3.12/site-packages/airflow/example_dags/example_sensors.py
[2025-04-21T21:24:52.609-0300] {processor.py:914} INFO - Processing file /home/jonathan-brito/python-projects/airflow/venv/lib/python3.12/site-packages/airflow/example_dags/example_sensors.py for tasks to queue
[2025-04-21T21:24:52.611-0300] {logging_mixin.py:190} INFO - [2025-04-21T21:24:52.611-0300] {dagbag.py:588} INFO - Filling up the DagBag from /home/jonathan-brito/python-projects/airflow/venv/lib/python3.12/site-packages/airflow/example_dags/example_sensors.py
[2025-04-21T21:24:52.625-0300] {processor.py:925} INFO - DAG(s) 'example_sensors' retrieved from /home/jonathan-brito/python-projects/airflow/venv/lib/python3.12/site-packages/airflow/example_dags/example_sensors.py
[2025-04-21T21:24:52.648-0300] {logging_mixin.py:190} INFO - [2025-04-21T21:24:52.647-0300] {dag.py:3239} INFO - Sync 1 DAGs
[2025-04-21T21:24:52.661-0300] {logging_mixin.py:190} INFO - [2025-04-21T21:24:52.661-0300] {dag.py:4180} INFO - Setting next_dagrun for example_sensors to None, run_after=None
[2025-04-21T21:24:52.695-0300] {processor.py:208} INFO - Processing /home/jonathan-brito/python-projects/airflow/venv/lib/python3.12/site-packages/airflow/example_dags/example_sensors.py took 0.100 seconds
[2025-04-21T22:10:00.902-0300] {processor.py:186} INFO - Started process (PID=127182) to work on /home/jonathan-brito/python-projects/airflow/venv/lib/python3.12/site-packages/airflow/example_dags/example_sensors.py
[2025-04-21T22:10:00.909-0300] {processor.py:914} INFO - Processing file /home/jonathan-brito/python-projects/airflow/venv/lib/python3.12/site-packages/airflow/example_dags/example_sensors.py for tasks to queue
[2025-04-21T22:10:00.910-0300] {logging_mixin.py:190} INFO - [2025-04-21T22:10:00.910-0300] {dagbag.py:588} INFO - Filling up the DagBag from /home/jonathan-brito/python-projects/airflow/venv/lib/python3.12/site-packages/airflow/example_dags/example_sensors.py
[2025-04-21T22:10:00.923-0300] {processor.py:925} INFO - DAG(s) 'example_sensors' retrieved from /home/jonathan-brito/python-projects/airflow/venv/lib/python3.12/site-packages/airflow/example_dags/example_sensors.py
[2025-04-21T22:10:00.950-0300] {logging_mixin.py:190} INFO - [2025-04-21T22:10:00.950-0300] {dag.py:3239} INFO - Sync 1 DAGs
[2025-04-21T22:10:00.964-0300] {logging_mixin.py:190} INFO - [2025-04-21T22:10:00.964-0300] {dag.py:4180} INFO - Setting next_dagrun for example_sensors to None, run_after=None
[2025-04-21T22:10:00.994-0300] {processor.py:208} INFO - Processing /home/jonathan-brito/python-projects/airflow/venv/lib/python3.12/site-packages/airflow/example_dags/example_sensors.py took 0.099 seconds
[2025-04-21T22:11:03.637-0300] {processor.py:186} INFO - Started process (PID=128153) to work on /home/jonathan-brito/python-projects/airflow/venv/lib/python3.12/site-packages/airflow/example_dags/example_sensors.py
[2025-04-21T22:11:03.645-0300] {processor.py:914} INFO - Processing file /home/jonathan-brito/python-projects/airflow/venv/lib/python3.12/site-packages/airflow/example_dags/example_sensors.py for tasks to queue
[2025-04-21T22:11:03.648-0300] {logging_mixin.py:190} INFO - [2025-04-21T22:11:03.647-0300] {dagbag.py:588} INFO - Filling up the DagBag from /home/jonathan-brito/python-projects/airflow/venv/lib/python3.12/site-packages/airflow/example_dags/example_sensors.py
[2025-04-21T22:11:03.678-0300] {processor.py:925} INFO - DAG(s) 'example_sensors' retrieved from /home/jonathan-brito/python-projects/airflow/venv/lib/python3.12/site-packages/airflow/example_dags/example_sensors.py
[2025-04-21T22:11:03.725-0300] {logging_mixin.py:190} INFO - [2025-04-21T22:11:03.725-0300] {dag.py:3239} INFO - Sync 1 DAGs
[2025-04-21T22:11:03.744-0300] {logging_mixin.py:190} INFO - [2025-04-21T22:11:03.744-0300] {dag.py:4180} INFO - Setting next_dagrun for example_sensors to None, run_after=None
[2025-04-21T22:11:03.801-0300] {processor.py:208} INFO - Processing /home/jonathan-brito/python-projects/airflow/venv/lib/python3.12/site-packages/airflow/example_dags/example_sensors.py took 0.179 seconds
[2025-04-21T22:12:06.944-0300] {processor.py:186} INFO - Started process (PID=128866) to work on /home/jonathan-brito/python-projects/airflow/venv/lib/python3.12/site-packages/airflow/example_dags/example_sensors.py
[2025-04-21T22:12:06.951-0300] {processor.py:914} INFO - Processing file /home/jonathan-brito/python-projects/airflow/venv/lib/python3.12/site-packages/airflow/example_dags/example_sensors.py for tasks to queue
[2025-04-21T22:12:06.953-0300] {logging_mixin.py:190} INFO - [2025-04-21T22:12:06.952-0300] {dagbag.py:588} INFO - Filling up the DagBag from /home/jonathan-brito/python-projects/airflow/venv/lib/python3.12/site-packages/airflow/example_dags/example_sensors.py
[2025-04-21T22:12:06.968-0300] {processor.py:925} INFO - DAG(s) 'example_sensors' retrieved from /home/jonathan-brito/python-projects/airflow/venv/lib/python3.12/site-packages/airflow/example_dags/example_sensors.py
[2025-04-21T22:12:06.991-0300] {logging_mixin.py:190} INFO - [2025-04-21T22:12:06.990-0300] {dag.py:3239} INFO - Sync 1 DAGs
[2025-04-21T22:12:07.003-0300] {logging_mixin.py:190} INFO - [2025-04-21T22:12:07.003-0300] {dag.py:4180} INFO - Setting next_dagrun for example_sensors to None, run_after=None
[2025-04-21T22:12:07.026-0300] {processor.py:208} INFO - Processing /home/jonathan-brito/python-projects/airflow/venv/lib/python3.12/site-packages/airflow/example_dags/example_sensors.py took 0.091 seconds
[2025-04-21T22:13:08.359-0300] {processor.py:186} INFO - Started process (PID=129487) to work on /home/jonathan-brito/python-projects/airflow/venv/lib/python3.12/site-packages/airflow/example_dags/example_sensors.py
[2025-04-21T22:13:08.368-0300] {processor.py:914} INFO - Processing file /home/jonathan-brito/python-projects/airflow/venv/lib/python3.12/site-packages/airflow/example_dags/example_sensors.py for tasks to queue
[2025-04-21T22:13:08.371-0300] {logging_mixin.py:190} INFO - [2025-04-21T22:13:08.370-0300] {dagbag.py:588} INFO - Filling up the DagBag from /home/jonathan-brito/python-projects/airflow/venv/lib/python3.12/site-packages/airflow/example_dags/example_sensors.py
[2025-04-21T22:13:08.402-0300] {processor.py:925} INFO - DAG(s) 'example_sensors' retrieved from /home/jonathan-brito/python-projects/airflow/venv/lib/python3.12/site-packages/airflow/example_dags/example_sensors.py
[2025-04-21T22:13:08.439-0300] {logging_mixin.py:190} INFO - [2025-04-21T22:13:08.438-0300] {dag.py:3239} INFO - Sync 1 DAGs
[2025-04-21T22:13:08.451-0300] {logging_mixin.py:190} INFO - [2025-04-21T22:13:08.451-0300] {dag.py:4180} INFO - Setting next_dagrun for example_sensors to None, run_after=None
[2025-04-21T22:13:08.482-0300] {processor.py:208} INFO - Processing /home/jonathan-brito/python-projects/airflow/venv/lib/python3.12/site-packages/airflow/example_dags/example_sensors.py took 0.147 seconds
[2025-04-21T22:14:13.175-0300] {processor.py:186} INFO - Started process (PID=130254) to work on /home/jonathan-brito/python-projects/airflow/venv/lib/python3.12/site-packages/airflow/example_dags/example_sensors.py
[2025-04-21T22:14:13.176-0300] {processor.py:914} INFO - Processing file /home/jonathan-brito/python-projects/airflow/venv/lib/python3.12/site-packages/airflow/example_dags/example_sensors.py for tasks to queue
[2025-04-21T22:14:13.178-0300] {logging_mixin.py:190} INFO - [2025-04-21T22:14:13.177-0300] {dagbag.py:588} INFO - Filling up the DagBag from /home/jonathan-brito/python-projects/airflow/venv/lib/python3.12/site-packages/airflow/example_dags/example_sensors.py
[2025-04-21T22:14:13.194-0300] {processor.py:925} INFO - DAG(s) 'example_sensors' retrieved from /home/jonathan-brito/python-projects/airflow/venv/lib/python3.12/site-packages/airflow/example_dags/example_sensors.py
[2025-04-21T22:14:13.219-0300] {logging_mixin.py:190} INFO - [2025-04-21T22:14:13.219-0300] {dag.py:3239} INFO - Sync 1 DAGs
[2025-04-21T22:14:13.234-0300] {logging_mixin.py:190} INFO - [2025-04-21T22:14:13.234-0300] {dag.py:4180} INFO - Setting next_dagrun for example_sensors to None, run_after=None
[2025-04-21T22:14:13.258-0300] {processor.py:208} INFO - Processing /home/jonathan-brito/python-projects/airflow/venv/lib/python3.12/site-packages/airflow/example_dags/example_sensors.py took 0.090 seconds
[2025-04-21T22:15:15.180-0300] {processor.py:186} INFO - Started process (PID=130933) to work on /home/jonathan-brito/python-projects/airflow/venv/lib/python3.12/site-packages/airflow/example_dags/example_sensors.py
[2025-04-21T22:15:15.187-0300] {processor.py:914} INFO - Processing file /home/jonathan-brito/python-projects/airflow/venv/lib/python3.12/site-packages/airflow/example_dags/example_sensors.py for tasks to queue
[2025-04-21T22:15:15.189-0300] {logging_mixin.py:190} INFO - [2025-04-21T22:15:15.188-0300] {dagbag.py:588} INFO - Filling up the DagBag from /home/jonathan-brito/python-projects/airflow/venv/lib/python3.12/site-packages/airflow/example_dags/example_sensors.py
[2025-04-21T22:15:15.200-0300] {processor.py:925} INFO - DAG(s) 'example_sensors' retrieved from /home/jonathan-brito/python-projects/airflow/venv/lib/python3.12/site-packages/airflow/example_dags/example_sensors.py
[2025-04-21T22:15:15.225-0300] {logging_mixin.py:190} INFO - [2025-04-21T22:15:15.225-0300] {dag.py:3239} INFO - Sync 1 DAGs
[2025-04-21T22:15:15.241-0300] {logging_mixin.py:190} INFO - [2025-04-21T22:15:15.240-0300] {dag.py:4180} INFO - Setting next_dagrun for example_sensors to None, run_after=None
[2025-04-21T22:15:15.268-0300] {processor.py:208} INFO - Processing /home/jonathan-brito/python-projects/airflow/venv/lib/python3.12/site-packages/airflow/example_dags/example_sensors.py took 0.095 seconds
[2025-04-21T22:16:17.330-0300] {processor.py:186} INFO - Started process (PID=131579) to work on /home/jonathan-brito/python-projects/airflow/venv/lib/python3.12/site-packages/airflow/example_dags/example_sensors.py
[2025-04-21T22:16:17.337-0300] {processor.py:914} INFO - Processing file /home/jonathan-brito/python-projects/airflow/venv/lib/python3.12/site-packages/airflow/example_dags/example_sensors.py for tasks to queue
[2025-04-21T22:16:17.338-0300] {logging_mixin.py:190} INFO - [2025-04-21T22:16:17.338-0300] {dagbag.py:588} INFO - Filling up the DagBag from /home/jonathan-brito/python-projects/airflow/venv/lib/python3.12/site-packages/airflow/example_dags/example_sensors.py
[2025-04-21T22:16:17.348-0300] {processor.py:925} INFO - DAG(s) 'example_sensors' retrieved from /home/jonathan-brito/python-projects/airflow/venv/lib/python3.12/site-packages/airflow/example_dags/example_sensors.py
[2025-04-21T22:16:17.371-0300] {logging_mixin.py:190} INFO - [2025-04-21T22:16:17.371-0300] {dag.py:3239} INFO - Sync 1 DAGs
[2025-04-21T22:16:17.383-0300] {logging_mixin.py:190} INFO - [2025-04-21T22:16:17.383-0300] {dag.py:4180} INFO - Setting next_dagrun for example_sensors to None, run_after=None
[2025-04-21T22:16:17.415-0300] {processor.py:208} INFO - Processing /home/jonathan-brito/python-projects/airflow/venv/lib/python3.12/site-packages/airflow/example_dags/example_sensors.py took 0.090 seconds
[2025-04-21T22:17:21.217-0300] {processor.py:186} INFO - Started process (PID=132230) to work on /home/jonathan-brito/python-projects/airflow/venv/lib/python3.12/site-packages/airflow/example_dags/example_sensors.py
[2025-04-21T22:17:21.225-0300] {processor.py:914} INFO - Processing file /home/jonathan-brito/python-projects/airflow/venv/lib/python3.12/site-packages/airflow/example_dags/example_sensors.py for tasks to queue
[2025-04-21T22:17:21.226-0300] {logging_mixin.py:190} INFO - [2025-04-21T22:17:21.226-0300] {dagbag.py:588} INFO - Filling up the DagBag from /home/jonathan-brito/python-projects/airflow/venv/lib/python3.12/site-packages/airflow/example_dags/example_sensors.py
[2025-04-21T22:17:21.239-0300] {processor.py:925} INFO - DAG(s) 'example_sensors' retrieved from /home/jonathan-brito/python-projects/airflow/venv/lib/python3.12/site-packages/airflow/example_dags/example_sensors.py
[2025-04-21T22:17:21.262-0300] {logging_mixin.py:190} INFO - [2025-04-21T22:17:21.262-0300] {dag.py:3239} INFO - Sync 1 DAGs
[2025-04-21T22:17:21.274-0300] {logging_mixin.py:190} INFO - [2025-04-21T22:17:21.274-0300] {dag.py:4180} INFO - Setting next_dagrun for example_sensors to None, run_after=None
[2025-04-21T22:17:21.302-0300] {processor.py:208} INFO - Processing /home/jonathan-brito/python-projects/airflow/venv/lib/python3.12/site-packages/airflow/example_dags/example_sensors.py took 0.092 seconds
[2025-04-21T22:18:21.971-0300] {processor.py:186} INFO - Started process (PID=132876) to work on /home/jonathan-brito/python-projects/airflow/venv/lib/python3.12/site-packages/airflow/example_dags/example_sensors.py
[2025-04-21T22:18:21.978-0300] {processor.py:914} INFO - Processing file /home/jonathan-brito/python-projects/airflow/venv/lib/python3.12/site-packages/airflow/example_dags/example_sensors.py for tasks to queue
[2025-04-21T22:18:21.980-0300] {logging_mixin.py:190} INFO - [2025-04-21T22:18:21.979-0300] {dagbag.py:588} INFO - Filling up the DagBag from /home/jonathan-brito/python-projects/airflow/venv/lib/python3.12/site-packages/airflow/example_dags/example_sensors.py
[2025-04-21T22:18:21.990-0300] {processor.py:925} INFO - DAG(s) 'example_sensors' retrieved from /home/jonathan-brito/python-projects/airflow/venv/lib/python3.12/site-packages/airflow/example_dags/example_sensors.py
[2025-04-21T22:18:22.012-0300] {logging_mixin.py:190} INFO - [2025-04-21T22:18:22.012-0300] {dag.py:3239} INFO - Sync 1 DAGs
[2025-04-21T22:18:22.025-0300] {logging_mixin.py:190} INFO - [2025-04-21T22:18:22.025-0300] {dag.py:4180} INFO - Setting next_dagrun for example_sensors to None, run_after=None
[2025-04-21T22:18:22.056-0300] {processor.py:208} INFO - Processing /home/jonathan-brito/python-projects/airflow/venv/lib/python3.12/site-packages/airflow/example_dags/example_sensors.py took 0.091 seconds
[2025-04-21T22:19:26.361-0300] {processor.py:186} INFO - Started process (PID=133545) to work on /home/jonathan-brito/python-projects/airflow/venv/lib/python3.12/site-packages/airflow/example_dags/example_sensors.py
[2025-04-21T22:19:26.368-0300] {processor.py:914} INFO - Processing file /home/jonathan-brito/python-projects/airflow/venv/lib/python3.12/site-packages/airflow/example_dags/example_sensors.py for tasks to queue
[2025-04-21T22:19:26.369-0300] {logging_mixin.py:190} INFO - [2025-04-21T22:19:26.369-0300] {dagbag.py:588} INFO - Filling up the DagBag from /home/jonathan-brito/python-projects/airflow/venv/lib/python3.12/site-packages/airflow/example_dags/example_sensors.py
[2025-04-21T22:19:26.380-0300] {processor.py:925} INFO - DAG(s) 'example_sensors' retrieved from /home/jonathan-brito/python-projects/airflow/venv/lib/python3.12/site-packages/airflow/example_dags/example_sensors.py
[2025-04-21T22:19:26.403-0300] {logging_mixin.py:190} INFO - [2025-04-21T22:19:26.403-0300] {dag.py:3239} INFO - Sync 1 DAGs
[2025-04-21T22:19:26.416-0300] {logging_mixin.py:190} INFO - [2025-04-21T22:19:26.416-0300] {dag.py:4180} INFO - Setting next_dagrun for example_sensors to None, run_after=None
[2025-04-21T22:19:26.445-0300] {processor.py:208} INFO - Processing /home/jonathan-brito/python-projects/airflow/venv/lib/python3.12/site-packages/airflow/example_dags/example_sensors.py took 0.091 seconds
[2025-04-21T22:20:30.213-0300] {processor.py:186} INFO - Started process (PID=134331) to work on /home/jonathan-brito/python-projects/airflow/venv/lib/python3.12/site-packages/airflow/example_dags/example_sensors.py
[2025-04-21T22:20:30.220-0300] {processor.py:914} INFO - Processing file /home/jonathan-brito/python-projects/airflow/venv/lib/python3.12/site-packages/airflow/example_dags/example_sensors.py for tasks to queue
[2025-04-21T22:20:30.221-0300] {logging_mixin.py:190} INFO - [2025-04-21T22:20:30.221-0300] {dagbag.py:588} INFO - Filling up the DagBag from /home/jonathan-brito/python-projects/airflow/venv/lib/python3.12/site-packages/airflow/example_dags/example_sensors.py
[2025-04-21T22:20:30.233-0300] {processor.py:925} INFO - DAG(s) 'example_sensors' retrieved from /home/jonathan-brito/python-projects/airflow/venv/lib/python3.12/site-packages/airflow/example_dags/example_sensors.py
[2025-04-21T22:20:30.255-0300] {logging_mixin.py:190} INFO - [2025-04-21T22:20:30.255-0300] {dag.py:3239} INFO - Sync 1 DAGs
[2025-04-21T22:20:30.268-0300] {logging_mixin.py:190} INFO - [2025-04-21T22:20:30.267-0300] {dag.py:4180} INFO - Setting next_dagrun for example_sensors to None, run_after=None
[2025-04-21T22:20:30.296-0300] {processor.py:208} INFO - Processing /home/jonathan-brito/python-projects/airflow/venv/lib/python3.12/site-packages/airflow/example_dags/example_sensors.py took 0.089 seconds
[2025-04-22T10:24:32.293-0300] {processor.py:186} INFO - Started process (PID=11081) to work on /home/jonathan-brito/python-projects/airflow/venv/lib/python3.12/site-packages/airflow/example_dags/example_sensors.py
[2025-04-22T10:24:32.300-0300] {processor.py:914} INFO - Processing file /home/jonathan-brito/python-projects/airflow/venv/lib/python3.12/site-packages/airflow/example_dags/example_sensors.py for tasks to queue
[2025-04-22T10:24:32.303-0300] {logging_mixin.py:190} INFO - [2025-04-22T10:24:32.302-0300] {dagbag.py:588} INFO - Filling up the DagBag from /home/jonathan-brito/python-projects/airflow/venv/lib/python3.12/site-packages/airflow/example_dags/example_sensors.py
[2025-04-22T10:24:32.317-0300] {processor.py:925} INFO - DAG(s) 'example_sensors' retrieved from /home/jonathan-brito/python-projects/airflow/venv/lib/python3.12/site-packages/airflow/example_dags/example_sensors.py
[2025-04-22T10:24:32.344-0300] {logging_mixin.py:190} INFO - [2025-04-22T10:24:32.344-0300] {dag.py:3239} INFO - Sync 1 DAGs
[2025-04-22T10:24:32.361-0300] {logging_mixin.py:190} INFO - [2025-04-22T10:24:32.361-0300] {dag.py:4180} INFO - Setting next_dagrun for example_sensors to None, run_after=None
[2025-04-22T10:24:32.389-0300] {processor.py:208} INFO - Processing /home/jonathan-brito/python-projects/airflow/venv/lib/python3.12/site-packages/airflow/example_dags/example_sensors.py took 0.104 seconds
[2025-04-22T10:25:36.911-0300] {processor.py:186} INFO - Started process (PID=11975) to work on /home/jonathan-brito/python-projects/airflow/venv/lib/python3.12/site-packages/airflow/example_dags/example_sensors.py
[2025-04-22T10:25:36.912-0300] {processor.py:914} INFO - Processing file /home/jonathan-brito/python-projects/airflow/venv/lib/python3.12/site-packages/airflow/example_dags/example_sensors.py for tasks to queue
[2025-04-22T10:25:36.914-0300] {logging_mixin.py:190} INFO - [2025-04-22T10:25:36.914-0300] {dagbag.py:588} INFO - Filling up the DagBag from /home/jonathan-brito/python-projects/airflow/venv/lib/python3.12/site-packages/airflow/example_dags/example_sensors.py
[2025-04-22T10:25:36.929-0300] {processor.py:925} INFO - DAG(s) 'example_sensors' retrieved from /home/jonathan-brito/python-projects/airflow/venv/lib/python3.12/site-packages/airflow/example_dags/example_sensors.py
[2025-04-22T10:25:36.953-0300] {logging_mixin.py:190} INFO - [2025-04-22T10:25:36.952-0300] {dag.py:3239} INFO - Sync 1 DAGs
[2025-04-22T10:25:36.966-0300] {logging_mixin.py:190} INFO - [2025-04-22T10:25:36.966-0300] {dag.py:4180} INFO - Setting next_dagrun for example_sensors to None, run_after=None
[2025-04-22T10:25:36.999-0300] {processor.py:208} INFO - Processing /home/jonathan-brito/python-projects/airflow/venv/lib/python3.12/site-packages/airflow/example_dags/example_sensors.py took 0.095 seconds
[2025-04-22T10:27:48.184-0300] {processor.py:186} INFO - Started process (PID=14091) to work on /home/jonathan-brito/python-projects/airflow/venv/lib/python3.12/site-packages/airflow/example_dags/example_sensors.py
[2025-04-22T10:27:48.191-0300] {processor.py:914} INFO - Processing file /home/jonathan-brito/python-projects/airflow/venv/lib/python3.12/site-packages/airflow/example_dags/example_sensors.py for tasks to queue
[2025-04-22T10:27:48.193-0300] {logging_mixin.py:190} INFO - [2025-04-22T10:27:48.193-0300] {dagbag.py:588} INFO - Filling up the DagBag from /home/jonathan-brito/python-projects/airflow/venv/lib/python3.12/site-packages/airflow/example_dags/example_sensors.py
[2025-04-22T10:27:48.206-0300] {processor.py:925} INFO - DAG(s) 'example_sensors' retrieved from /home/jonathan-brito/python-projects/airflow/venv/lib/python3.12/site-packages/airflow/example_dags/example_sensors.py
[2025-04-22T10:27:48.229-0300] {logging_mixin.py:190} INFO - [2025-04-22T10:27:48.229-0300] {dag.py:3239} INFO - Sync 1 DAGs
[2025-04-22T10:27:48.242-0300] {logging_mixin.py:190} INFO - [2025-04-22T10:27:48.242-0300] {dag.py:4180} INFO - Setting next_dagrun for example_sensors to None, run_after=None
[2025-04-22T10:27:48.273-0300] {processor.py:208} INFO - Processing /home/jonathan-brito/python-projects/airflow/venv/lib/python3.12/site-packages/airflow/example_dags/example_sensors.py took 0.095 seconds
[2025-04-22T10:30:35.952-0300] {processor.py:186} INFO - Started process (PID=16179) to work on /home/jonathan-brito/python-projects/airflow/venv/lib/python3.12/site-packages/airflow/example_dags/example_sensors.py
[2025-04-22T10:30:35.959-0300] {processor.py:914} INFO - Processing file /home/jonathan-brito/python-projects/airflow/venv/lib/python3.12/site-packages/airflow/example_dags/example_sensors.py for tasks to queue
[2025-04-22T10:30:35.961-0300] {logging_mixin.py:190} INFO - [2025-04-22T10:30:35.961-0300] {dagbag.py:588} INFO - Filling up the DagBag from /home/jonathan-brito/python-projects/airflow/venv/lib/python3.12/site-packages/airflow/example_dags/example_sensors.py
[2025-04-22T10:30:35.976-0300] {processor.py:925} INFO - DAG(s) 'example_sensors' retrieved from /home/jonathan-brito/python-projects/airflow/venv/lib/python3.12/site-packages/airflow/example_dags/example_sensors.py
[2025-04-22T10:30:36.009-0300] {logging_mixin.py:190} INFO - [2025-04-22T10:30:36.008-0300] {dag.py:3239} INFO - Sync 1 DAGs
[2025-04-22T10:30:36.032-0300] {logging_mixin.py:190} INFO - [2025-04-22T10:30:36.031-0300] {dag.py:4180} INFO - Setting next_dagrun for example_sensors to None, run_after=None
[2025-04-22T10:30:36.065-0300] {processor.py:208} INFO - Processing /home/jonathan-brito/python-projects/airflow/venv/lib/python3.12/site-packages/airflow/example_dags/example_sensors.py took 0.119 seconds
[2025-04-22T10:31:26.466-0300] {processor.py:186} INFO - Started process (PID=16782) to work on /home/jonathan-brito/python-projects/airflow/venv/lib/python3.12/site-packages/airflow/example_dags/example_sensors.py
[2025-04-22T10:31:26.467-0300] {processor.py:914} INFO - Processing file /home/jonathan-brito/python-projects/airflow/venv/lib/python3.12/site-packages/airflow/example_dags/example_sensors.py for tasks to queue
[2025-04-22T10:31:26.469-0300] {logging_mixin.py:190} INFO - [2025-04-22T10:31:26.468-0300] {dagbag.py:588} INFO - Filling up the DagBag from /home/jonathan-brito/python-projects/airflow/venv/lib/python3.12/site-packages/airflow/example_dags/example_sensors.py
[2025-04-22T10:31:26.481-0300] {processor.py:925} INFO - DAG(s) 'example_sensors' retrieved from /home/jonathan-brito/python-projects/airflow/venv/lib/python3.12/site-packages/airflow/example_dags/example_sensors.py
[2025-04-22T10:31:26.507-0300] {logging_mixin.py:190} INFO - [2025-04-22T10:31:26.506-0300] {dag.py:3239} INFO - Sync 1 DAGs
[2025-04-22T10:31:26.525-0300] {logging_mixin.py:190} INFO - [2025-04-22T10:31:26.524-0300] {dag.py:4180} INFO - Setting next_dagrun for example_sensors to None, run_after=None
[2025-04-22T10:31:26.551-0300] {processor.py:208} INFO - Processing /home/jonathan-brito/python-projects/airflow/venv/lib/python3.12/site-packages/airflow/example_dags/example_sensors.py took 0.092 seconds
[2025-04-22T11:08:12.940-0300] {processor.py:186} INFO - Started process (PID=49661) to work on /home/jonathan-brito/python-projects/airflow/venv/lib/python3.12/site-packages/airflow/example_dags/example_sensors.py
[2025-04-22T11:08:12.941-0300] {processor.py:914} INFO - Processing file /home/jonathan-brito/python-projects/airflow/venv/lib/python3.12/site-packages/airflow/example_dags/example_sensors.py for tasks to queue
[2025-04-22T11:08:12.944-0300] {logging_mixin.py:190} INFO - [2025-04-22T11:08:12.944-0300] {dagbag.py:588} INFO - Filling up the DagBag from /home/jonathan-brito/python-projects/airflow/venv/lib/python3.12/site-packages/airflow/example_dags/example_sensors.py
[2025-04-22T11:08:12.956-0300] {processor.py:925} INFO - DAG(s) 'example_sensors' retrieved from /home/jonathan-brito/python-projects/airflow/venv/lib/python3.12/site-packages/airflow/example_dags/example_sensors.py
[2025-04-22T11:08:12.981-0300] {logging_mixin.py:190} INFO - [2025-04-22T11:08:12.981-0300] {dag.py:3239} INFO - Sync 1 DAGs
[2025-04-22T11:08:12.994-0300] {logging_mixin.py:190} INFO - [2025-04-22T11:08:12.994-0300] {dag.py:4180} INFO - Setting next_dagrun for example_sensors to None, run_after=None
[2025-04-22T11:08:13.020-0300] {processor.py:208} INFO - Processing /home/jonathan-brito/python-projects/airflow/venv/lib/python3.12/site-packages/airflow/example_dags/example_sensors.py took 0.086 seconds
[2025-04-22T11:09:13.555-0300] {processor.py:186} INFO - Started process (PID=50045) to work on /home/jonathan-brito/python-projects/airflow/venv/lib/python3.12/site-packages/airflow/example_dags/example_sensors.py
[2025-04-22T11:09:13.556-0300] {processor.py:914} INFO - Processing file /home/jonathan-brito/python-projects/airflow/venv/lib/python3.12/site-packages/airflow/example_dags/example_sensors.py for tasks to queue
[2025-04-22T11:09:13.557-0300] {logging_mixin.py:190} INFO - [2025-04-22T11:09:13.557-0300] {dagbag.py:588} INFO - Filling up the DagBag from /home/jonathan-brito/python-projects/airflow/venv/lib/python3.12/site-packages/airflow/example_dags/example_sensors.py
[2025-04-22T11:09:13.570-0300] {processor.py:925} INFO - DAG(s) 'example_sensors' retrieved from /home/jonathan-brito/python-projects/airflow/venv/lib/python3.12/site-packages/airflow/example_dags/example_sensors.py
[2025-04-22T11:09:13.594-0300] {logging_mixin.py:190} INFO - [2025-04-22T11:09:13.593-0300] {dag.py:3239} INFO - Sync 1 DAGs
[2025-04-22T11:09:13.606-0300] {logging_mixin.py:190} INFO - [2025-04-22T11:09:13.605-0300] {dag.py:4180} INFO - Setting next_dagrun for example_sensors to None, run_after=None
[2025-04-22T11:09:13.630-0300] {processor.py:208} INFO - Processing /home/jonathan-brito/python-projects/airflow/venv/lib/python3.12/site-packages/airflow/example_dags/example_sensors.py took 0.082 seconds
[2025-04-22T11:10:13.916-0300] {processor.py:186} INFO - Started process (PID=50587) to work on /home/jonathan-brito/python-projects/airflow/venv/lib/python3.12/site-packages/airflow/example_dags/example_sensors.py
[2025-04-22T11:10:13.918-0300] {processor.py:914} INFO - Processing file /home/jonathan-brito/python-projects/airflow/venv/lib/python3.12/site-packages/airflow/example_dags/example_sensors.py for tasks to queue
[2025-04-22T11:10:13.920-0300] {logging_mixin.py:190} INFO - [2025-04-22T11:10:13.919-0300] {dagbag.py:588} INFO - Filling up the DagBag from /home/jonathan-brito/python-projects/airflow/venv/lib/python3.12/site-packages/airflow/example_dags/example_sensors.py
[2025-04-22T11:10:13.936-0300] {processor.py:925} INFO - DAG(s) 'example_sensors' retrieved from /home/jonathan-brito/python-projects/airflow/venv/lib/python3.12/site-packages/airflow/example_dags/example_sensors.py
[2025-04-22T11:10:13.965-0300] {logging_mixin.py:190} INFO - [2025-04-22T11:10:13.965-0300] {dag.py:3239} INFO - Sync 1 DAGs
[2025-04-22T11:10:13.980-0300] {logging_mixin.py:190} INFO - [2025-04-22T11:10:13.979-0300] {dag.py:4180} INFO - Setting next_dagrun for example_sensors to None, run_after=None
[2025-04-22T11:10:14.011-0300] {processor.py:208} INFO - Processing /home/jonathan-brito/python-projects/airflow/venv/lib/python3.12/site-packages/airflow/example_dags/example_sensors.py took 0.103 seconds
[2025-04-22T11:11:15.543-0300] {processor.py:186} INFO - Started process (PID=50983) to work on /home/jonathan-brito/python-projects/airflow/venv/lib/python3.12/site-packages/airflow/example_dags/example_sensors.py
[2025-04-22T11:11:15.550-0300] {processor.py:914} INFO - Processing file /home/jonathan-brito/python-projects/airflow/venv/lib/python3.12/site-packages/airflow/example_dags/example_sensors.py for tasks to queue
[2025-04-22T11:11:15.555-0300] {logging_mixin.py:190} INFO - [2025-04-22T11:11:15.554-0300] {dagbag.py:588} INFO - Filling up the DagBag from /home/jonathan-brito/python-projects/airflow/venv/lib/python3.12/site-packages/airflow/example_dags/example_sensors.py
[2025-04-22T11:11:15.590-0300] {processor.py:925} INFO - DAG(s) 'example_sensors' retrieved from /home/jonathan-brito/python-projects/airflow/venv/lib/python3.12/site-packages/airflow/example_dags/example_sensors.py
[2025-04-22T11:11:15.619-0300] {logging_mixin.py:190} INFO - [2025-04-22T11:11:15.619-0300] {dag.py:3239} INFO - Sync 1 DAGs
[2025-04-22T11:11:15.632-0300] {logging_mixin.py:190} INFO - [2025-04-22T11:11:15.632-0300] {dag.py:4180} INFO - Setting next_dagrun for example_sensors to None, run_after=None
[2025-04-22T11:11:15.667-0300] {processor.py:208} INFO - Processing /home/jonathan-brito/python-projects/airflow/venv/lib/python3.12/site-packages/airflow/example_dags/example_sensors.py took 0.132 seconds
