[2025-04-21T21:23:36.185-0300] {processor.py:186} INFO - Started process (PID=70557) to work on /home/jonathan-brito/python-projects/airflow/venv/lib/python3.12/site-packages/airflow/example_dags/example_sla_dag.py
[2025-04-21T21:23:36.188-0300] {processor.py:914} INFO - Processing file /home/jonathan-brito/python-projects/airflow/venv/lib/python3.12/site-packages/airflow/example_dags/example_sla_dag.py for tasks to queue
[2025-04-21T21:23:36.196-0300] {logging_mixin.py:190} INFO - [2025-04-21T21:23:36.195-0300] {dagbag.py:588} INFO - Filling up the DagBag from /home/jonathan-brito/python-projects/airflow/venv/lib/python3.12/site-packages/airflow/example_dags/example_sla_dag.py
[2025-04-21T21:23:36.234-0300] {processor.py:925} INFO - DAG(s) 'example_sla_dag' retrieved from /home/jonathan-brito/python-projects/airflow/venv/lib/python3.12/site-packages/airflow/example_dags/example_sla_dag.py
[2025-04-21T21:23:36.258-0300] {logging_mixin.py:190} INFO - [2025-04-21T21:23:36.257-0300] {dag.py:3239} INFO - Sync 1 DAGs
[2025-04-21T21:23:36.282-0300] {logging_mixin.py:190} INFO - [2025-04-21T21:23:36.282-0300] {dag.py:4180} INFO - Setting next_dagrun for example_sla_dag to 2025-04-22 00:20:00+00:00, run_after=2025-04-22 00:22:00+00:00
[2025-04-21T21:23:36.315-0300] {processor.py:208} INFO - Processing /home/jonathan-brito/python-projects/airflow/venv/lib/python3.12/site-packages/airflow/example_dags/example_sla_dag.py took 0.151 seconds
[2025-04-21T21:24:43.406-0300] {processor.py:186} INFO - Started process (PID=71413) to work on /home/jonathan-brito/python-projects/airflow/venv/lib/python3.12/site-packages/airflow/example_dags/example_sla_dag.py
[2025-04-21T21:24:43.412-0300] {processor.py:914} INFO - Processing file /home/jonathan-brito/python-projects/airflow/venv/lib/python3.12/site-packages/airflow/example_dags/example_sla_dag.py for tasks to queue
[2025-04-21T21:24:43.415-0300] {logging_mixin.py:190} INFO - [2025-04-21T21:24:43.414-0300] {dagbag.py:588} INFO - Filling up the DagBag from /home/jonathan-brito/python-projects/airflow/venv/lib/python3.12/site-packages/airflow/example_dags/example_sla_dag.py
[2025-04-21T21:24:43.428-0300] {processor.py:925} INFO - DAG(s) 'example_sla_dag' retrieved from /home/jonathan-brito/python-projects/airflow/venv/lib/python3.12/site-packages/airflow/example_dags/example_sla_dag.py
[2025-04-21T21:24:43.444-0300] {logging_mixin.py:190} INFO - [2025-04-21T21:24:43.444-0300] {dag.py:3239} INFO - Sync 1 DAGs
[2025-04-21T21:24:43.478-0300] {logging_mixin.py:190} INFO - [2025-04-21T21:24:43.478-0300] {dag.py:4180} INFO - Setting next_dagrun for example_sla_dag to 2025-04-22 00:22:00+00:00, run_after=2025-04-22 00:24:00+00:00
[2025-04-21T21:24:43.707-0300] {processor.py:208} INFO - Processing /home/jonathan-brito/python-projects/airflow/venv/lib/python3.12/site-packages/airflow/example_dags/example_sla_dag.py took 0.308 seconds
[2025-04-21T22:09:53.390-0300] {processor.py:186} INFO - Started process (PID=127111) to work on /home/jonathan-brito/python-projects/airflow/venv/lib/python3.12/site-packages/airflow/example_dags/example_sla_dag.py
[2025-04-21T22:09:53.397-0300] {processor.py:914} INFO - Processing file /home/jonathan-brito/python-projects/airflow/venv/lib/python3.12/site-packages/airflow/example_dags/example_sla_dag.py for tasks to queue
[2025-04-21T22:09:53.400-0300] {logging_mixin.py:190} INFO - [2025-04-21T22:09:53.399-0300] {dagbag.py:588} INFO - Filling up the DagBag from /home/jonathan-brito/python-projects/airflow/venv/lib/python3.12/site-packages/airflow/example_dags/example_sla_dag.py
[2025-04-21T22:09:53.411-0300] {processor.py:925} INFO - DAG(s) 'example_sla_dag' retrieved from /home/jonathan-brito/python-projects/airflow/venv/lib/python3.12/site-packages/airflow/example_dags/example_sla_dag.py
[2025-04-21T22:09:53.436-0300] {logging_mixin.py:190} INFO - [2025-04-21T22:09:53.436-0300] {dag.py:3239} INFO - Sync 1 DAGs
[2025-04-21T22:09:53.463-0300] {logging_mixin.py:190} INFO - [2025-04-21T22:09:53.463-0300] {dag.py:4180} INFO - Setting next_dagrun for example_sla_dag to 2025-04-22 01:06:00+00:00, run_after=2025-04-22 01:08:00+00:00
[2025-04-21T22:09:53.495-0300] {processor.py:208} INFO - Processing /home/jonathan-brito/python-projects/airflow/venv/lib/python3.12/site-packages/airflow/example_dags/example_sla_dag.py took 0.114 seconds
[2025-04-21T22:10:55.991-0300] {processor.py:186} INFO - Started process (PID=128048) to work on /home/jonathan-brito/python-projects/airflow/venv/lib/python3.12/site-packages/airflow/example_dags/example_sla_dag.py
[2025-04-21T22:10:55.999-0300] {processor.py:914} INFO - Processing file /home/jonathan-brito/python-projects/airflow/venv/lib/python3.12/site-packages/airflow/example_dags/example_sla_dag.py for tasks to queue
[2025-04-21T22:10:56.001-0300] {logging_mixin.py:190} INFO - [2025-04-21T22:10:56.000-0300] {dagbag.py:588} INFO - Filling up the DagBag from /home/jonathan-brito/python-projects/airflow/venv/lib/python3.12/site-packages/airflow/example_dags/example_sla_dag.py
[2025-04-21T22:10:56.014-0300] {processor.py:925} INFO - DAG(s) 'example_sla_dag' retrieved from /home/jonathan-brito/python-projects/airflow/venv/lib/python3.12/site-packages/airflow/example_dags/example_sla_dag.py
[2025-04-21T22:10:56.031-0300] {logging_mixin.py:190} INFO - [2025-04-21T22:10:56.031-0300] {dag.py:3239} INFO - Sync 1 DAGs
[2025-04-21T22:10:56.051-0300] {logging_mixin.py:190} INFO - [2025-04-21T22:10:56.051-0300] {dag.py:4180} INFO - Setting next_dagrun for example_sla_dag to 2025-04-22 01:08:00+00:00, run_after=2025-04-22 01:10:00+00:00
[2025-04-21T22:10:56.088-0300] {processor.py:208} INFO - Processing /home/jonathan-brito/python-projects/airflow/venv/lib/python3.12/site-packages/airflow/example_dags/example_sla_dag.py took 0.106 seconds
[2025-04-21T22:11:59.329-0300] {processor.py:186} INFO - Started process (PID=128792) to work on /home/jonathan-brito/python-projects/airflow/venv/lib/python3.12/site-packages/airflow/example_dags/example_sla_dag.py
[2025-04-21T22:11:59.336-0300] {processor.py:914} INFO - Processing file /home/jonathan-brito/python-projects/airflow/venv/lib/python3.12/site-packages/airflow/example_dags/example_sla_dag.py for tasks to queue
[2025-04-21T22:11:59.340-0300] {logging_mixin.py:190} INFO - [2025-04-21T22:11:59.339-0300] {dagbag.py:588} INFO - Filling up the DagBag from /home/jonathan-brito/python-projects/airflow/venv/lib/python3.12/site-packages/airflow/example_dags/example_sla_dag.py
[2025-04-21T22:11:59.359-0300] {processor.py:925} INFO - DAG(s) 'example_sla_dag' retrieved from /home/jonathan-brito/python-projects/airflow/venv/lib/python3.12/site-packages/airflow/example_dags/example_sla_dag.py
[2025-04-21T22:11:59.377-0300] {logging_mixin.py:190} INFO - [2025-04-21T22:11:59.376-0300] {dag.py:3239} INFO - Sync 1 DAGs
[2025-04-21T22:11:59.397-0300] {logging_mixin.py:190} INFO - [2025-04-21T22:11:59.397-0300] {dag.py:4180} INFO - Setting next_dagrun for example_sla_dag to 2025-04-22 01:08:00+00:00, run_after=2025-04-22 01:10:00+00:00
[2025-04-21T22:11:59.419-0300] {processor.py:208} INFO - Processing /home/jonathan-brito/python-projects/airflow/venv/lib/python3.12/site-packages/airflow/example_dags/example_sla_dag.py took 0.097 seconds
[2025-04-21T22:13:00.666-0300] {processor.py:186} INFO - Started process (PID=129413) to work on /home/jonathan-brito/python-projects/airflow/venv/lib/python3.12/site-packages/airflow/example_dags/example_sla_dag.py
[2025-04-21T22:13:00.673-0300] {processor.py:914} INFO - Processing file /home/jonathan-brito/python-projects/airflow/venv/lib/python3.12/site-packages/airflow/example_dags/example_sla_dag.py for tasks to queue
[2025-04-21T22:13:00.675-0300] {logging_mixin.py:190} INFO - [2025-04-21T22:13:00.675-0300] {dagbag.py:588} INFO - Filling up the DagBag from /home/jonathan-brito/python-projects/airflow/venv/lib/python3.12/site-packages/airflow/example_dags/example_sla_dag.py
[2025-04-21T22:13:00.686-0300] {processor.py:925} INFO - DAG(s) 'example_sla_dag' retrieved from /home/jonathan-brito/python-projects/airflow/venv/lib/python3.12/site-packages/airflow/example_dags/example_sla_dag.py
[2025-04-21T22:13:00.703-0300] {logging_mixin.py:190} INFO - [2025-04-21T22:13:00.702-0300] {dag.py:3239} INFO - Sync 1 DAGs
[2025-04-21T22:13:00.723-0300] {logging_mixin.py:190} INFO - [2025-04-21T22:13:00.723-0300] {dag.py:4180} INFO - Setting next_dagrun for example_sla_dag to 2025-04-22 01:10:00+00:00, run_after=2025-04-22 01:12:00+00:00
[2025-04-21T22:13:00.752-0300] {processor.py:208} INFO - Processing /home/jonathan-brito/python-projects/airflow/venv/lib/python3.12/site-packages/airflow/example_dags/example_sla_dag.py took 0.094 seconds
[2025-04-21T22:14:06.514-0300] {processor.py:186} INFO - Started process (PID=130197) to work on /home/jonathan-brito/python-projects/airflow/venv/lib/python3.12/site-packages/airflow/example_dags/example_sla_dag.py
[2025-04-21T22:14:06.521-0300] {processor.py:914} INFO - Processing file /home/jonathan-brito/python-projects/airflow/venv/lib/python3.12/site-packages/airflow/example_dags/example_sla_dag.py for tasks to queue
[2025-04-21T22:14:06.523-0300] {logging_mixin.py:190} INFO - [2025-04-21T22:14:06.523-0300] {dagbag.py:588} INFO - Filling up the DagBag from /home/jonathan-brito/python-projects/airflow/venv/lib/python3.12/site-packages/airflow/example_dags/example_sla_dag.py
[2025-04-21T22:14:06.534-0300] {processor.py:925} INFO - DAG(s) 'example_sla_dag' retrieved from /home/jonathan-brito/python-projects/airflow/venv/lib/python3.12/site-packages/airflow/example_dags/example_sla_dag.py
[2025-04-21T22:14:06.550-0300] {logging_mixin.py:190} INFO - [2025-04-21T22:14:06.550-0300] {dag.py:3239} INFO - Sync 1 DAGs
[2025-04-21T22:14:06.573-0300] {logging_mixin.py:190} INFO - [2025-04-21T22:14:06.573-0300] {dag.py:4180} INFO - Setting next_dagrun for example_sla_dag to 2025-04-22 01:12:00+00:00, run_after=2025-04-22 01:14:00+00:00
[2025-04-21T22:14:06.596-0300] {processor.py:208} INFO - Processing /home/jonathan-brito/python-projects/airflow/venv/lib/python3.12/site-packages/airflow/example_dags/example_sla_dag.py took 0.090 seconds
[2025-04-21T22:15:07.939-0300] {processor.py:186} INFO - Started process (PID=130877) to work on /home/jonathan-brito/python-projects/airflow/venv/lib/python3.12/site-packages/airflow/example_dags/example_sla_dag.py
[2025-04-21T22:15:07.947-0300] {processor.py:914} INFO - Processing file /home/jonathan-brito/python-projects/airflow/venv/lib/python3.12/site-packages/airflow/example_dags/example_sla_dag.py for tasks to queue
[2025-04-21T22:15:07.951-0300] {logging_mixin.py:190} INFO - [2025-04-21T22:15:07.949-0300] {dagbag.py:588} INFO - Filling up the DagBag from /home/jonathan-brito/python-projects/airflow/venv/lib/python3.12/site-packages/airflow/example_dags/example_sla_dag.py
[2025-04-21T22:15:07.965-0300] {processor.py:925} INFO - DAG(s) 'example_sla_dag' retrieved from /home/jonathan-brito/python-projects/airflow/venv/lib/python3.12/site-packages/airflow/example_dags/example_sla_dag.py
[2025-04-21T22:15:07.982-0300] {logging_mixin.py:190} INFO - [2025-04-21T22:15:07.982-0300] {dag.py:3239} INFO - Sync 1 DAGs
[2025-04-21T22:15:08.002-0300] {logging_mixin.py:190} INFO - [2025-04-21T22:15:08.002-0300] {dag.py:4180} INFO - Setting next_dagrun for example_sla_dag to 2025-04-22 01:12:00+00:00, run_after=2025-04-22 01:14:00+00:00
[2025-04-21T22:15:08.029-0300] {processor.py:208} INFO - Processing /home/jonathan-brito/python-projects/airflow/venv/lib/python3.12/site-packages/airflow/example_dags/example_sla_dag.py took 0.108 seconds
[2025-04-21T22:16:09.694-0300] {processor.py:186} INFO - Started process (PID=131506) to work on /home/jonathan-brito/python-projects/airflow/venv/lib/python3.12/site-packages/airflow/example_dags/example_sla_dag.py
[2025-04-21T22:16:09.701-0300] {processor.py:914} INFO - Processing file /home/jonathan-brito/python-projects/airflow/venv/lib/python3.12/site-packages/airflow/example_dags/example_sla_dag.py for tasks to queue
[2025-04-21T22:16:09.703-0300] {logging_mixin.py:190} INFO - [2025-04-21T22:16:09.703-0300] {dagbag.py:588} INFO - Filling up the DagBag from /home/jonathan-brito/python-projects/airflow/venv/lib/python3.12/site-packages/airflow/example_dags/example_sla_dag.py
[2025-04-21T22:16:09.712-0300] {processor.py:925} INFO - DAG(s) 'example_sla_dag' retrieved from /home/jonathan-brito/python-projects/airflow/venv/lib/python3.12/site-packages/airflow/example_dags/example_sla_dag.py
[2025-04-21T22:16:09.734-0300] {logging_mixin.py:190} INFO - [2025-04-21T22:16:09.734-0300] {dag.py:3239} INFO - Sync 1 DAGs
[2025-04-21T22:16:09.757-0300] {logging_mixin.py:190} INFO - [2025-04-21T22:16:09.757-0300] {dag.py:4180} INFO - Setting next_dagrun for example_sla_dag to 2025-04-22 01:14:00+00:00, run_after=2025-04-22 01:16:00+00:00
[2025-04-21T22:16:09.789-0300] {processor.py:208} INFO - Processing /home/jonathan-brito/python-projects/airflow/venv/lib/python3.12/site-packages/airflow/example_dags/example_sla_dag.py took 0.101 seconds
[2025-04-21T22:17:13.555-0300] {processor.py:186} INFO - Started process (PID=132157) to work on /home/jonathan-brito/python-projects/airflow/venv/lib/python3.12/site-packages/airflow/example_dags/example_sla_dag.py
[2025-04-21T22:17:13.562-0300] {processor.py:914} INFO - Processing file /home/jonathan-brito/python-projects/airflow/venv/lib/python3.12/site-packages/airflow/example_dags/example_sla_dag.py for tasks to queue
[2025-04-21T22:17:13.563-0300] {logging_mixin.py:190} INFO - [2025-04-21T22:17:13.563-0300] {dagbag.py:588} INFO - Filling up the DagBag from /home/jonathan-brito/python-projects/airflow/venv/lib/python3.12/site-packages/airflow/example_dags/example_sla_dag.py
[2025-04-21T22:17:13.573-0300] {processor.py:925} INFO - DAG(s) 'example_sla_dag' retrieved from /home/jonathan-brito/python-projects/airflow/venv/lib/python3.12/site-packages/airflow/example_dags/example_sla_dag.py
[2025-04-21T22:17:13.591-0300] {logging_mixin.py:190} INFO - [2025-04-21T22:17:13.590-0300] {dag.py:3239} INFO - Sync 1 DAGs
[2025-04-21T22:17:13.615-0300] {logging_mixin.py:190} INFO - [2025-04-21T22:17:13.615-0300] {dag.py:4180} INFO - Setting next_dagrun for example_sla_dag to 2025-04-22 01:14:00+00:00, run_after=2025-04-22 01:16:00+00:00
[2025-04-21T22:17:13.648-0300] {processor.py:208} INFO - Processing /home/jonathan-brito/python-projects/airflow/venv/lib/python3.12/site-packages/airflow/example_dags/example_sla_dag.py took 0.100 seconds
[2025-04-21T22:18:15.451-0300] {processor.py:186} INFO - Started process (PID=132805) to work on /home/jonathan-brito/python-projects/airflow/venv/lib/python3.12/site-packages/airflow/example_dags/example_sla_dag.py
[2025-04-21T22:18:15.458-0300] {processor.py:914} INFO - Processing file /home/jonathan-brito/python-projects/airflow/venv/lib/python3.12/site-packages/airflow/example_dags/example_sla_dag.py for tasks to queue
[2025-04-21T22:18:15.460-0300] {logging_mixin.py:190} INFO - [2025-04-21T22:18:15.459-0300] {dagbag.py:588} INFO - Filling up the DagBag from /home/jonathan-brito/python-projects/airflow/venv/lib/python3.12/site-packages/airflow/example_dags/example_sla_dag.py
[2025-04-21T22:18:15.468-0300] {processor.py:925} INFO - DAG(s) 'example_sla_dag' retrieved from /home/jonathan-brito/python-projects/airflow/venv/lib/python3.12/site-packages/airflow/example_dags/example_sla_dag.py
[2025-04-21T22:18:15.484-0300] {logging_mixin.py:190} INFO - [2025-04-21T22:18:15.483-0300] {dag.py:3239} INFO - Sync 1 DAGs
[2025-04-21T22:18:15.504-0300] {logging_mixin.py:190} INFO - [2025-04-21T22:18:15.504-0300] {dag.py:4180} INFO - Setting next_dagrun for example_sla_dag to 2025-04-22 01:16:00+00:00, run_after=2025-04-22 01:18:00+00:00
[2025-04-21T22:18:15.539-0300] {processor.py:208} INFO - Processing /home/jonathan-brito/python-projects/airflow/venv/lib/python3.12/site-packages/airflow/example_dags/example_sla_dag.py took 0.094 seconds
[2025-04-21T22:19:19.063-0300] {processor.py:186} INFO - Started process (PID=133473) to work on /home/jonathan-brito/python-projects/airflow/venv/lib/python3.12/site-packages/airflow/example_dags/example_sla_dag.py
[2025-04-21T22:19:19.070-0300] {processor.py:914} INFO - Processing file /home/jonathan-brito/python-projects/airflow/venv/lib/python3.12/site-packages/airflow/example_dags/example_sla_dag.py for tasks to queue
[2025-04-21T22:19:19.073-0300] {logging_mixin.py:190} INFO - [2025-04-21T22:19:19.072-0300] {dagbag.py:588} INFO - Filling up the DagBag from /home/jonathan-brito/python-projects/airflow/venv/lib/python3.12/site-packages/airflow/example_dags/example_sla_dag.py
[2025-04-21T22:19:19.083-0300] {processor.py:925} INFO - DAG(s) 'example_sla_dag' retrieved from /home/jonathan-brito/python-projects/airflow/venv/lib/python3.12/site-packages/airflow/example_dags/example_sla_dag.py
[2025-04-21T22:19:19.102-0300] {logging_mixin.py:190} INFO - [2025-04-21T22:19:19.101-0300] {dag.py:3239} INFO - Sync 1 DAGs
[2025-04-21T22:19:19.125-0300] {logging_mixin.py:190} INFO - [2025-04-21T22:19:19.124-0300] {dag.py:4180} INFO - Setting next_dagrun for example_sla_dag to 2025-04-22 01:16:00+00:00, run_after=2025-04-22 01:18:00+00:00
[2025-04-21T22:19:19.161-0300] {processor.py:208} INFO - Processing /home/jonathan-brito/python-projects/airflow/venv/lib/python3.12/site-packages/airflow/example_dags/example_sla_dag.py took 0.104 seconds
[2025-04-21T22:20:23.548-0300] {processor.py:186} INFO - Started process (PID=134195) to work on /home/jonathan-brito/python-projects/airflow/venv/lib/python3.12/site-packages/airflow/example_dags/example_sla_dag.py
[2025-04-21T22:20:23.555-0300] {processor.py:914} INFO - Processing file /home/jonathan-brito/python-projects/airflow/venv/lib/python3.12/site-packages/airflow/example_dags/example_sla_dag.py for tasks to queue
[2025-04-21T22:20:23.557-0300] {logging_mixin.py:190} INFO - [2025-04-21T22:20:23.556-0300] {dagbag.py:588} INFO - Filling up the DagBag from /home/jonathan-brito/python-projects/airflow/venv/lib/python3.12/site-packages/airflow/example_dags/example_sla_dag.py
[2025-04-21T22:20:23.566-0300] {processor.py:925} INFO - DAG(s) 'example_sla_dag' retrieved from /home/jonathan-brito/python-projects/airflow/venv/lib/python3.12/site-packages/airflow/example_dags/example_sla_dag.py
[2025-04-21T22:20:23.582-0300] {logging_mixin.py:190} INFO - [2025-04-21T22:20:23.582-0300] {dag.py:3239} INFO - Sync 1 DAGs
[2025-04-21T22:20:23.602-0300] {logging_mixin.py:190} INFO - [2025-04-21T22:20:23.602-0300] {dag.py:4180} INFO - Setting next_dagrun for example_sla_dag to 2025-04-22 01:18:00+00:00, run_after=2025-04-22 01:20:00+00:00
[2025-04-21T22:20:23.634-0300] {processor.py:208} INFO - Processing /home/jonathan-brito/python-projects/airflow/venv/lib/python3.12/site-packages/airflow/example_dags/example_sla_dag.py took 0.092 seconds
[2025-04-22T10:24:17.441-0300] {processor.py:186} INFO - Started process (PID=10813) to work on /home/jonathan-brito/python-projects/airflow/venv/lib/python3.12/site-packages/airflow/example_dags/example_sla_dag.py
[2025-04-22T10:24:17.442-0300] {processor.py:914} INFO - Processing file /home/jonathan-brito/python-projects/airflow/venv/lib/python3.12/site-packages/airflow/example_dags/example_sla_dag.py for tasks to queue
[2025-04-22T10:24:17.445-0300] {logging_mixin.py:190} INFO - [2025-04-22T10:24:17.445-0300] {dagbag.py:588} INFO - Filling up the DagBag from /home/jonathan-brito/python-projects/airflow/venv/lib/python3.12/site-packages/airflow/example_dags/example_sla_dag.py
[2025-04-22T10:24:17.462-0300] {processor.py:925} INFO - DAG(s) 'example_sla_dag' retrieved from /home/jonathan-brito/python-projects/airflow/venv/lib/python3.12/site-packages/airflow/example_dags/example_sla_dag.py
[2025-04-22T10:24:17.487-0300] {logging_mixin.py:190} INFO - [2025-04-22T10:24:17.487-0300] {dag.py:3239} INFO - Sync 1 DAGs
[2025-04-22T10:24:17.543-0300] {logging_mixin.py:190} INFO - [2025-04-22T10:24:17.543-0300] {dag.py:4180} INFO - Setting next_dagrun for example_sla_dag to 2025-04-22 13:22:00+00:00, run_after=2025-04-22 13:24:00+00:00
[2025-04-22T10:24:17.581-0300] {processor.py:208} INFO - Processing /home/jonathan-brito/python-projects/airflow/venv/lib/python3.12/site-packages/airflow/example_dags/example_sla_dag.py took 0.146 seconds
[2025-04-22T10:25:30.066-0300] {processor.py:186} INFO - Started process (PID=11929) to work on /home/jonathan-brito/python-projects/airflow/venv/lib/python3.12/site-packages/airflow/example_dags/example_sla_dag.py
[2025-04-22T10:25:30.073-0300] {processor.py:914} INFO - Processing file /home/jonathan-brito/python-projects/airflow/venv/lib/python3.12/site-packages/airflow/example_dags/example_sla_dag.py for tasks to queue
[2025-04-22T10:25:30.076-0300] {logging_mixin.py:190} INFO - [2025-04-22T10:25:30.076-0300] {dagbag.py:588} INFO - Filling up the DagBag from /home/jonathan-brito/python-projects/airflow/venv/lib/python3.12/site-packages/airflow/example_dags/example_sla_dag.py
[2025-04-22T10:25:30.089-0300] {processor.py:925} INFO - DAG(s) 'example_sla_dag' retrieved from /home/jonathan-brito/python-projects/airflow/venv/lib/python3.12/site-packages/airflow/example_dags/example_sla_dag.py
[2025-04-22T10:25:30.105-0300] {logging_mixin.py:190} INFO - [2025-04-22T10:25:30.105-0300] {dag.py:3239} INFO - Sync 1 DAGs
[2025-04-22T10:25:30.130-0300] {logging_mixin.py:190} INFO - [2025-04-22T10:25:30.130-0300] {dag.py:4180} INFO - Setting next_dagrun for example_sla_dag to 2025-04-22 13:22:00+00:00, run_after=2025-04-22 13:24:00+00:00
[2025-04-22T10:25:30.172-0300] {processor.py:208} INFO - Processing /home/jonathan-brito/python-projects/airflow/venv/lib/python3.12/site-packages/airflow/example_dags/example_sla_dag.py took 0.112 seconds
[2025-04-22T10:27:40.318-0300] {processor.py:186} INFO - Started process (PID=13929) to work on /home/jonathan-brito/python-projects/airflow/venv/lib/python3.12/site-packages/airflow/example_dags/example_sla_dag.py
[2025-04-22T10:27:40.325-0300] {processor.py:914} INFO - Processing file /home/jonathan-brito/python-projects/airflow/venv/lib/python3.12/site-packages/airflow/example_dags/example_sla_dag.py for tasks to queue
[2025-04-22T10:27:40.327-0300] {logging_mixin.py:190} INFO - [2025-04-22T10:27:40.327-0300] {dagbag.py:588} INFO - Filling up the DagBag from /home/jonathan-brito/python-projects/airflow/venv/lib/python3.12/site-packages/airflow/example_dags/example_sla_dag.py
[2025-04-22T10:27:40.339-0300] {processor.py:925} INFO - DAG(s) 'example_sla_dag' retrieved from /home/jonathan-brito/python-projects/airflow/venv/lib/python3.12/site-packages/airflow/example_dags/example_sla_dag.py
[2025-04-22T10:27:40.355-0300] {logging_mixin.py:190} INFO - [2025-04-22T10:27:40.355-0300] {dag.py:3239} INFO - Sync 1 DAGs
[2025-04-22T10:27:40.390-0300] {logging_mixin.py:190} INFO - [2025-04-22T10:27:40.390-0300] {dag.py:4180} INFO - Setting next_dagrun for example_sla_dag to 2025-04-22 13:24:00+00:00, run_after=2025-04-22 13:26:00+00:00
[2025-04-22T10:27:40.421-0300] {processor.py:208} INFO - Processing /home/jonathan-brito/python-projects/airflow/venv/lib/python3.12/site-packages/airflow/example_dags/example_sla_dag.py took 0.109 seconds
[2025-04-22T10:30:28.281-0300] {processor.py:186} INFO - Started process (PID=16115) to work on /home/jonathan-brito/python-projects/airflow/venv/lib/python3.12/site-packages/airflow/example_dags/example_sla_dag.py
[2025-04-22T10:30:28.288-0300] {processor.py:914} INFO - Processing file /home/jonathan-brito/python-projects/airflow/venv/lib/python3.12/site-packages/airflow/example_dags/example_sla_dag.py for tasks to queue
[2025-04-22T10:30:28.291-0300] {logging_mixin.py:190} INFO - [2025-04-22T10:30:28.291-0300] {dagbag.py:588} INFO - Filling up the DagBag from /home/jonathan-brito/python-projects/airflow/venv/lib/python3.12/site-packages/airflow/example_dags/example_sla_dag.py
[2025-04-22T10:30:28.303-0300] {processor.py:925} INFO - DAG(s) 'example_sla_dag' retrieved from /home/jonathan-brito/python-projects/airflow/venv/lib/python3.12/site-packages/airflow/example_dags/example_sla_dag.py
[2025-04-22T10:30:28.323-0300] {logging_mixin.py:190} INFO - [2025-04-22T10:30:28.323-0300] {dag.py:3239} INFO - Sync 1 DAGs
[2025-04-22T10:30:28.347-0300] {logging_mixin.py:190} INFO - [2025-04-22T10:30:28.347-0300] {dag.py:4180} INFO - Setting next_dagrun for example_sla_dag to 2025-04-22 13:28:00+00:00, run_after=2025-04-22 13:30:00+00:00
[2025-04-22T10:30:28.375-0300] {processor.py:208} INFO - Processing /home/jonathan-brito/python-projects/airflow/venv/lib/python3.12/site-packages/airflow/example_dags/example_sla_dag.py took 0.101 seconds
[2025-04-22T10:31:18.842-0300] {processor.py:186} INFO - Started process (PID=16743) to work on /home/jonathan-brito/python-projects/airflow/venv/lib/python3.12/site-packages/airflow/example_dags/example_sla_dag.py
[2025-04-22T10:31:18.849-0300] {processor.py:914} INFO - Processing file /home/jonathan-brito/python-projects/airflow/venv/lib/python3.12/site-packages/airflow/example_dags/example_sla_dag.py for tasks to queue
[2025-04-22T10:31:18.852-0300] {logging_mixin.py:190} INFO - [2025-04-22T10:31:18.851-0300] {dagbag.py:588} INFO - Filling up the DagBag from /home/jonathan-brito/python-projects/airflow/venv/lib/python3.12/site-packages/airflow/example_dags/example_sla_dag.py
[2025-04-22T10:31:18.864-0300] {processor.py:925} INFO - DAG(s) 'example_sla_dag' retrieved from /home/jonathan-brito/python-projects/airflow/venv/lib/python3.12/site-packages/airflow/example_dags/example_sla_dag.py
[2025-04-22T10:31:18.882-0300] {logging_mixin.py:190} INFO - [2025-04-22T10:31:18.881-0300] {dag.py:3239} INFO - Sync 1 DAGs
[2025-04-22T10:31:18.919-0300] {logging_mixin.py:190} INFO - [2025-04-22T10:31:18.919-0300] {dag.py:4180} INFO - Setting next_dagrun for example_sla_dag to 2025-04-22 13:28:00+00:00, run_after=2025-04-22 13:30:00+00:00
[2025-04-22T10:31:18.966-0300] {processor.py:208} INFO - Processing /home/jonathan-brito/python-projects/airflow/venv/lib/python3.12/site-packages/airflow/example_dags/example_sla_dag.py took 0.130 seconds
[2025-04-22T11:08:07.508-0300] {processor.py:186} INFO - Started process (PID=49630) to work on /home/jonathan-brito/python-projects/airflow/venv/lib/python3.12/site-packages/airflow/example_dags/example_sla_dag.py
[2025-04-22T11:08:07.515-0300] {processor.py:914} INFO - Processing file /home/jonathan-brito/python-projects/airflow/venv/lib/python3.12/site-packages/airflow/example_dags/example_sla_dag.py for tasks to queue
[2025-04-22T11:08:07.517-0300] {logging_mixin.py:190} INFO - [2025-04-22T11:08:07.517-0300] {dagbag.py:588} INFO - Filling up the DagBag from /home/jonathan-brito/python-projects/airflow/venv/lib/python3.12/site-packages/airflow/example_dags/example_sla_dag.py
[2025-04-22T11:08:07.527-0300] {processor.py:925} INFO - DAG(s) 'example_sla_dag' retrieved from /home/jonathan-brito/python-projects/airflow/venv/lib/python3.12/site-packages/airflow/example_dags/example_sla_dag.py
[2025-04-22T11:08:07.546-0300] {logging_mixin.py:190} INFO - [2025-04-22T11:08:07.545-0300] {dag.py:3239} INFO - Sync 1 DAGs
[2025-04-22T11:08:07.570-0300] {logging_mixin.py:190} INFO - [2025-04-22T11:08:07.569-0300] {dag.py:4180} INFO - Setting next_dagrun for example_sla_dag to 2025-04-22 14:06:00+00:00, run_after=2025-04-22 14:08:00+00:00
[2025-04-22T11:08:07.596-0300] {processor.py:208} INFO - Processing /home/jonathan-brito/python-projects/airflow/venv/lib/python3.12/site-packages/airflow/example_dags/example_sla_dag.py took 0.094 seconds
[2025-04-22T11:09:07.241-0300] {processor.py:186} INFO - Started process (PID=50013) to work on /home/jonathan-brito/python-projects/airflow/venv/lib/python3.12/site-packages/airflow/example_dags/example_sla_dag.py
[2025-04-22T11:09:07.249-0300] {processor.py:914} INFO - Processing file /home/jonathan-brito/python-projects/airflow/venv/lib/python3.12/site-packages/airflow/example_dags/example_sla_dag.py for tasks to queue
[2025-04-22T11:09:07.250-0300] {logging_mixin.py:190} INFO - [2025-04-22T11:09:07.250-0300] {dagbag.py:588} INFO - Filling up the DagBag from /home/jonathan-brito/python-projects/airflow/venv/lib/python3.12/site-packages/airflow/example_dags/example_sla_dag.py
[2025-04-22T11:09:07.262-0300] {processor.py:925} INFO - DAG(s) 'example_sla_dag' retrieved from /home/jonathan-brito/python-projects/airflow/venv/lib/python3.12/site-packages/airflow/example_dags/example_sla_dag.py
[2025-04-22T11:09:07.279-0300] {logging_mixin.py:190} INFO - [2025-04-22T11:09:07.279-0300] {dag.py:3239} INFO - Sync 1 DAGs
[2025-04-22T11:09:07.301-0300] {logging_mixin.py:190} INFO - [2025-04-22T11:09:07.301-0300] {dag.py:4180} INFO - Setting next_dagrun for example_sla_dag to 2025-04-22 14:06:00+00:00, run_after=2025-04-22 14:08:00+00:00
[2025-04-22T11:09:07.324-0300] {processor.py:208} INFO - Processing /home/jonathan-brito/python-projects/airflow/venv/lib/python3.12/site-packages/airflow/example_dags/example_sla_dag.py took 0.091 seconds
[2025-04-22T11:10:05.682-0300] {processor.py:186} INFO - Started process (PID=50544) to work on /home/jonathan-brito/python-projects/airflow/venv/lib/python3.12/site-packages/airflow/example_dags/example_sla_dag.py
[2025-04-22T11:10:05.689-0300] {processor.py:914} INFO - Processing file /home/jonathan-brito/python-projects/airflow/venv/lib/python3.12/site-packages/airflow/example_dags/example_sla_dag.py for tasks to queue
[2025-04-22T11:10:05.695-0300] {logging_mixin.py:190} INFO - [2025-04-22T11:10:05.693-0300] {dagbag.py:588} INFO - Filling up the DagBag from /home/jonathan-brito/python-projects/airflow/venv/lib/python3.12/site-packages/airflow/example_dags/example_sla_dag.py
[2025-04-22T11:10:05.714-0300] {processor.py:925} INFO - DAG(s) 'example_sla_dag' retrieved from /home/jonathan-brito/python-projects/airflow/venv/lib/python3.12/site-packages/airflow/example_dags/example_sla_dag.py
[2025-04-22T11:10:05.731-0300] {logging_mixin.py:190} INFO - [2025-04-22T11:10:05.731-0300] {dag.py:3239} INFO - Sync 1 DAGs
[2025-04-22T11:10:05.756-0300] {logging_mixin.py:190} INFO - [2025-04-22T11:10:05.756-0300] {dag.py:4180} INFO - Setting next_dagrun for example_sla_dag to 2025-04-22 14:08:00+00:00, run_after=2025-04-22 14:10:00+00:00
[2025-04-22T11:10:05.780-0300] {processor.py:208} INFO - Processing /home/jonathan-brito/python-projects/airflow/venv/lib/python3.12/site-packages/airflow/example_dags/example_sla_dag.py took 0.104 seconds
[2025-04-22T11:11:08.354-0300] {processor.py:186} INFO - Started process (PID=50951) to work on /home/jonathan-brito/python-projects/airflow/venv/lib/python3.12/site-packages/airflow/example_dags/example_sla_dag.py
[2025-04-22T11:11:08.362-0300] {processor.py:914} INFO - Processing file /home/jonathan-brito/python-projects/airflow/venv/lib/python3.12/site-packages/airflow/example_dags/example_sla_dag.py for tasks to queue
[2025-04-22T11:11:08.368-0300] {logging_mixin.py:190} INFO - [2025-04-22T11:11:08.366-0300] {dagbag.py:588} INFO - Filling up the DagBag from /home/jonathan-brito/python-projects/airflow/venv/lib/python3.12/site-packages/airflow/example_dags/example_sla_dag.py
[2025-04-22T11:11:08.404-0300] {processor.py:925} INFO - DAG(s) 'example_sla_dag' retrieved from /home/jonathan-brito/python-projects/airflow/venv/lib/python3.12/site-packages/airflow/example_dags/example_sla_dag.py
[2025-04-22T11:11:08.467-0300] {logging_mixin.py:190} INFO - [2025-04-22T11:11:08.467-0300] {dag.py:3239} INFO - Sync 1 DAGs
[2025-04-22T11:11:08.495-0300] {logging_mixin.py:190} INFO - [2025-04-22T11:11:08.494-0300] {dag.py:4180} INFO - Setting next_dagrun for example_sla_dag to 2025-04-22 14:08:00+00:00, run_after=2025-04-22 14:10:00+00:00
[2025-04-22T11:11:08.530-0300] {processor.py:208} INFO - Processing /home/jonathan-brito/python-projects/airflow/venv/lib/python3.12/site-packages/airflow/example_dags/example_sla_dag.py took 0.188 seconds
