[2025-04-21T21:23:44.452-0300] {processor.py:186} INFO - Started process (PID=70630) to work on /home/jonathan-brito/python-projects/airflow/venv/lib/python3.12/site-packages/airflow/example_dags/example_params_trigger_ui.py
[2025-04-21T21:23:44.454-0300] {processor.py:914} INFO - Processing file /home/jonathan-brito/python-projects/airflow/venv/lib/python3.12/site-packages/airflow/example_dags/example_params_trigger_ui.py for tasks to queue
[2025-04-21T21:23:44.459-0300] {logging_mixin.py:190} INFO - [2025-04-21T21:23:44.458-0300] {dagbag.py:588} INFO - Filling up the DagBag from /home/jonathan-brito/python-projects/airflow/venv/lib/python3.12/site-packages/airflow/example_dags/example_params_trigger_ui.py
[2025-04-21T21:23:44.483-0300] {processor.py:925} INFO - DAG(s) 'example_params_trigger_ui' retrieved from /home/jonathan-brito/python-projects/airflow/venv/lib/python3.12/site-packages/airflow/example_dags/example_params_trigger_ui.py
[2025-04-21T21:23:44.530-0300] {logging_mixin.py:190} INFO - [2025-04-21T21:23:44.530-0300] {dag.py:3239} INFO - Sync 1 DAGs
[2025-04-21T21:23:44.545-0300] {logging_mixin.py:190} INFO - [2025-04-21T21:23:44.545-0300] {dag.py:4180} INFO - Setting next_dagrun for example_params_trigger_ui to None, run_after=None
[2025-04-21T21:23:44.578-0300] {processor.py:208} INFO - Processing /home/jonathan-brito/python-projects/airflow/venv/lib/python3.12/site-packages/airflow/example_dags/example_params_trigger_ui.py took 0.140 seconds
[2025-04-21T21:24:53.895-0300] {processor.py:186} INFO - Started process (PID=71622) to work on /home/jonathan-brito/python-projects/airflow/venv/lib/python3.12/site-packages/airflow/example_dags/example_params_trigger_ui.py
[2025-04-21T21:24:53.902-0300] {processor.py:914} INFO - Processing file /home/jonathan-brito/python-projects/airflow/venv/lib/python3.12/site-packages/airflow/example_dags/example_params_trigger_ui.py for tasks to queue
[2025-04-21T21:24:53.904-0300] {logging_mixin.py:190} INFO - [2025-04-21T21:24:53.904-0300] {dagbag.py:588} INFO - Filling up the DagBag from /home/jonathan-brito/python-projects/airflow/venv/lib/python3.12/site-packages/airflow/example_dags/example_params_trigger_ui.py
[2025-04-21T21:24:53.920-0300] {processor.py:925} INFO - DAG(s) 'example_params_trigger_ui' retrieved from /home/jonathan-brito/python-projects/airflow/venv/lib/python3.12/site-packages/airflow/example_dags/example_params_trigger_ui.py
[2025-04-21T21:24:53.966-0300] {logging_mixin.py:190} INFO - [2025-04-21T21:24:53.966-0300] {dag.py:3239} INFO - Sync 1 DAGs
[2025-04-21T21:24:53.989-0300] {logging_mixin.py:190} INFO - [2025-04-21T21:24:53.989-0300] {dag.py:4180} INFO - Setting next_dagrun for example_params_trigger_ui to None, run_after=None
[2025-04-21T21:24:54.024-0300] {processor.py:208} INFO - Processing /home/jonathan-brito/python-projects/airflow/venv/lib/python3.12/site-packages/airflow/example_dags/example_params_trigger_ui.py took 0.135 seconds
[2025-04-21T22:10:02.156-0300] {processor.py:186} INFO - Started process (PID=127185) to work on /home/jonathan-brito/python-projects/airflow/venv/lib/python3.12/site-packages/airflow/example_dags/example_params_trigger_ui.py
[2025-04-21T22:10:02.163-0300] {processor.py:914} INFO - Processing file /home/jonathan-brito/python-projects/airflow/venv/lib/python3.12/site-packages/airflow/example_dags/example_params_trigger_ui.py for tasks to queue
[2025-04-21T22:10:02.164-0300] {logging_mixin.py:190} INFO - [2025-04-21T22:10:02.163-0300] {dagbag.py:588} INFO - Filling up the DagBag from /home/jonathan-brito/python-projects/airflow/venv/lib/python3.12/site-packages/airflow/example_dags/example_params_trigger_ui.py
[2025-04-21T22:10:02.174-0300] {processor.py:925} INFO - DAG(s) 'example_params_trigger_ui' retrieved from /home/jonathan-brito/python-projects/airflow/venv/lib/python3.12/site-packages/airflow/example_dags/example_params_trigger_ui.py
[2025-04-21T22:10:02.216-0300] {logging_mixin.py:190} INFO - [2025-04-21T22:10:02.216-0300] {dag.py:3239} INFO - Sync 1 DAGs
[2025-04-21T22:10:02.229-0300] {logging_mixin.py:190} INFO - [2025-04-21T22:10:02.229-0300] {dag.py:4180} INFO - Setting next_dagrun for example_params_trigger_ui to None, run_after=None
[2025-04-21T22:10:02.258-0300] {processor.py:208} INFO - Processing /home/jonathan-brito/python-projects/airflow/venv/lib/python3.12/site-packages/airflow/example_dags/example_params_trigger_ui.py took 0.108 seconds
[2025-04-21T22:11:04.969-0300] {processor.py:186} INFO - Started process (PID=128170) to work on /home/jonathan-brito/python-projects/airflow/venv/lib/python3.12/site-packages/airflow/example_dags/example_params_trigger_ui.py
[2025-04-21T22:11:04.977-0300] {processor.py:914} INFO - Processing file /home/jonathan-brito/python-projects/airflow/venv/lib/python3.12/site-packages/airflow/example_dags/example_params_trigger_ui.py for tasks to queue
[2025-04-21T22:11:04.980-0300] {logging_mixin.py:190} INFO - [2025-04-21T22:11:04.979-0300] {dagbag.py:588} INFO - Filling up the DagBag from /home/jonathan-brito/python-projects/airflow/venv/lib/python3.12/site-packages/airflow/example_dags/example_params_trigger_ui.py
[2025-04-21T22:11:04.997-0300] {processor.py:925} INFO - DAG(s) 'example_params_trigger_ui' retrieved from /home/jonathan-brito/python-projects/airflow/venv/lib/python3.12/site-packages/airflow/example_dags/example_params_trigger_ui.py
[2025-04-21T22:11:05.066-0300] {logging_mixin.py:190} INFO - [2025-04-21T22:11:05.065-0300] {dag.py:3239} INFO - Sync 1 DAGs
[2025-04-21T22:11:05.078-0300] {logging_mixin.py:190} INFO - [2025-04-21T22:11:05.078-0300] {dag.py:4180} INFO - Setting next_dagrun for example_params_trigger_ui to None, run_after=None
[2025-04-21T22:11:05.109-0300] {processor.py:208} INFO - Processing /home/jonathan-brito/python-projects/airflow/venv/lib/python3.12/site-packages/airflow/example_dags/example_params_trigger_ui.py took 0.158 seconds
[2025-04-21T22:12:08.108-0300] {processor.py:186} INFO - Started process (PID=128867) to work on /home/jonathan-brito/python-projects/airflow/venv/lib/python3.12/site-packages/airflow/example_dags/example_params_trigger_ui.py
[2025-04-21T22:12:08.116-0300] {processor.py:914} INFO - Processing file /home/jonathan-brito/python-projects/airflow/venv/lib/python3.12/site-packages/airflow/example_dags/example_params_trigger_ui.py for tasks to queue
[2025-04-21T22:12:08.118-0300] {logging_mixin.py:190} INFO - [2025-04-21T22:12:08.118-0300] {dagbag.py:588} INFO - Filling up the DagBag from /home/jonathan-brito/python-projects/airflow/venv/lib/python3.12/site-packages/airflow/example_dags/example_params_trigger_ui.py
[2025-04-21T22:12:08.136-0300] {processor.py:925} INFO - DAG(s) 'example_params_trigger_ui' retrieved from /home/jonathan-brito/python-projects/airflow/venv/lib/python3.12/site-packages/airflow/example_dags/example_params_trigger_ui.py
[2025-04-21T22:12:08.178-0300] {logging_mixin.py:190} INFO - [2025-04-21T22:12:08.178-0300] {dag.py:3239} INFO - Sync 1 DAGs
[2025-04-21T22:12:08.190-0300] {logging_mixin.py:190} INFO - [2025-04-21T22:12:08.190-0300] {dag.py:4180} INFO - Setting next_dagrun for example_params_trigger_ui to None, run_after=None
[2025-04-21T22:12:08.223-0300] {processor.py:208} INFO - Processing /home/jonathan-brito/python-projects/airflow/venv/lib/python3.12/site-packages/airflow/example_dags/example_params_trigger_ui.py took 0.127 seconds
[2025-04-21T22:13:09.605-0300] {processor.py:186} INFO - Started process (PID=129488) to work on /home/jonathan-brito/python-projects/airflow/venv/lib/python3.12/site-packages/airflow/example_dags/example_params_trigger_ui.py
[2025-04-21T22:13:09.611-0300] {processor.py:914} INFO - Processing file /home/jonathan-brito/python-projects/airflow/venv/lib/python3.12/site-packages/airflow/example_dags/example_params_trigger_ui.py for tasks to queue
[2025-04-21T22:13:09.613-0300] {logging_mixin.py:190} INFO - [2025-04-21T22:13:09.613-0300] {dagbag.py:588} INFO - Filling up the DagBag from /home/jonathan-brito/python-projects/airflow/venv/lib/python3.12/site-packages/airflow/example_dags/example_params_trigger_ui.py
[2025-04-21T22:13:09.629-0300] {processor.py:925} INFO - DAG(s) 'example_params_trigger_ui' retrieved from /home/jonathan-brito/python-projects/airflow/venv/lib/python3.12/site-packages/airflow/example_dags/example_params_trigger_ui.py
[2025-04-21T22:13:09.709-0300] {logging_mixin.py:190} INFO - [2025-04-21T22:13:09.708-0300] {dag.py:3239} INFO - Sync 1 DAGs
[2025-04-21T22:13:09.729-0300] {logging_mixin.py:190} INFO - [2025-04-21T22:13:09.729-0300] {dag.py:4180} INFO - Setting next_dagrun for example_params_trigger_ui to None, run_after=None
[2025-04-21T22:13:09.769-0300] {processor.py:208} INFO - Processing /home/jonathan-brito/python-projects/airflow/venv/lib/python3.12/site-packages/airflow/example_dags/example_params_trigger_ui.py took 0.170 seconds
[2025-04-21T22:14:13.487-0300] {processor.py:186} INFO - Started process (PID=130255) to work on /home/jonathan-brito/python-projects/airflow/venv/lib/python3.12/site-packages/airflow/example_dags/example_params_trigger_ui.py
[2025-04-21T22:14:13.494-0300] {processor.py:914} INFO - Processing file /home/jonathan-brito/python-projects/airflow/venv/lib/python3.12/site-packages/airflow/example_dags/example_params_trigger_ui.py for tasks to queue
[2025-04-21T22:14:13.495-0300] {logging_mixin.py:190} INFO - [2025-04-21T22:14:13.495-0300] {dagbag.py:588} INFO - Filling up the DagBag from /home/jonathan-brito/python-projects/airflow/venv/lib/python3.12/site-packages/airflow/example_dags/example_params_trigger_ui.py
[2025-04-21T22:14:13.508-0300] {processor.py:925} INFO - DAG(s) 'example_params_trigger_ui' retrieved from /home/jonathan-brito/python-projects/airflow/venv/lib/python3.12/site-packages/airflow/example_dags/example_params_trigger_ui.py
[2025-04-21T22:14:13.552-0300] {logging_mixin.py:190} INFO - [2025-04-21T22:14:13.552-0300] {dag.py:3239} INFO - Sync 1 DAGs
[2025-04-21T22:14:13.565-0300] {logging_mixin.py:190} INFO - [2025-04-21T22:14:13.565-0300] {dag.py:4180} INFO - Setting next_dagrun for example_params_trigger_ui to None, run_after=None
[2025-04-21T22:14:13.591-0300] {processor.py:208} INFO - Processing /home/jonathan-brito/python-projects/airflow/venv/lib/python3.12/site-packages/airflow/example_dags/example_params_trigger_ui.py took 0.112 seconds
[2025-04-21T22:15:15.958-0300] {processor.py:186} INFO - Started process (PID=130934) to work on /home/jonathan-brito/python-projects/airflow/venv/lib/python3.12/site-packages/airflow/example_dags/example_params_trigger_ui.py
[2025-04-21T22:15:15.965-0300] {processor.py:914} INFO - Processing file /home/jonathan-brito/python-projects/airflow/venv/lib/python3.12/site-packages/airflow/example_dags/example_params_trigger_ui.py for tasks to queue
[2025-04-21T22:15:15.967-0300] {logging_mixin.py:190} INFO - [2025-04-21T22:15:15.966-0300] {dagbag.py:588} INFO - Filling up the DagBag from /home/jonathan-brito/python-projects/airflow/venv/lib/python3.12/site-packages/airflow/example_dags/example_params_trigger_ui.py
[2025-04-21T22:15:15.984-0300] {processor.py:925} INFO - DAG(s) 'example_params_trigger_ui' retrieved from /home/jonathan-brito/python-projects/airflow/venv/lib/python3.12/site-packages/airflow/example_dags/example_params_trigger_ui.py
[2025-04-21T22:15:16.049-0300] {logging_mixin.py:190} INFO - [2025-04-21T22:15:16.049-0300] {dag.py:3239} INFO - Sync 1 DAGs
[2025-04-21T22:15:16.061-0300] {logging_mixin.py:190} INFO - [2025-04-21T22:15:16.060-0300] {dag.py:4180} INFO - Setting next_dagrun for example_params_trigger_ui to None, run_after=None
[2025-04-21T22:15:16.097-0300] {processor.py:208} INFO - Processing /home/jonathan-brito/python-projects/airflow/venv/lib/python3.12/site-packages/airflow/example_dags/example_params_trigger_ui.py took 0.147 seconds
[2025-04-21T22:16:17.957-0300] {processor.py:186} INFO - Started process (PID=131594) to work on /home/jonathan-brito/python-projects/airflow/venv/lib/python3.12/site-packages/airflow/example_dags/example_params_trigger_ui.py
[2025-04-21T22:16:17.964-0300] {processor.py:914} INFO - Processing file /home/jonathan-brito/python-projects/airflow/venv/lib/python3.12/site-packages/airflow/example_dags/example_params_trigger_ui.py for tasks to queue
[2025-04-21T22:16:17.966-0300] {logging_mixin.py:190} INFO - [2025-04-21T22:16:17.965-0300] {dagbag.py:588} INFO - Filling up the DagBag from /home/jonathan-brito/python-projects/airflow/venv/lib/python3.12/site-packages/airflow/example_dags/example_params_trigger_ui.py
[2025-04-21T22:16:17.976-0300] {processor.py:925} INFO - DAG(s) 'example_params_trigger_ui' retrieved from /home/jonathan-brito/python-projects/airflow/venv/lib/python3.12/site-packages/airflow/example_dags/example_params_trigger_ui.py
[2025-04-21T22:16:18.016-0300] {logging_mixin.py:190} INFO - [2025-04-21T22:16:18.016-0300] {dag.py:3239} INFO - Sync 1 DAGs
[2025-04-21T22:16:18.027-0300] {logging_mixin.py:190} INFO - [2025-04-21T22:16:18.027-0300] {dag.py:4180} INFO - Setting next_dagrun for example_params_trigger_ui to None, run_after=None
[2025-04-21T22:16:18.059-0300] {processor.py:208} INFO - Processing /home/jonathan-brito/python-projects/airflow/venv/lib/python3.12/site-packages/airflow/example_dags/example_params_trigger_ui.py took 0.110 seconds
[2025-04-21T22:17:21.434-0300] {processor.py:186} INFO - Started process (PID=132231) to work on /home/jonathan-brito/python-projects/airflow/venv/lib/python3.12/site-packages/airflow/example_dags/example_params_trigger_ui.py
[2025-04-21T22:17:21.441-0300] {processor.py:914} INFO - Processing file /home/jonathan-brito/python-projects/airflow/venv/lib/python3.12/site-packages/airflow/example_dags/example_params_trigger_ui.py for tasks to queue
[2025-04-21T22:17:21.443-0300] {logging_mixin.py:190} INFO - [2025-04-21T22:17:21.442-0300] {dagbag.py:588} INFO - Filling up the DagBag from /home/jonathan-brito/python-projects/airflow/venv/lib/python3.12/site-packages/airflow/example_dags/example_params_trigger_ui.py
[2025-04-21T22:17:21.456-0300] {processor.py:925} INFO - DAG(s) 'example_params_trigger_ui' retrieved from /home/jonathan-brito/python-projects/airflow/venv/lib/python3.12/site-packages/airflow/example_dags/example_params_trigger_ui.py
[2025-04-21T22:17:21.499-0300] {logging_mixin.py:190} INFO - [2025-04-21T22:17:21.499-0300] {dag.py:3239} INFO - Sync 1 DAGs
[2025-04-21T22:17:21.511-0300] {logging_mixin.py:190} INFO - [2025-04-21T22:17:21.511-0300] {dag.py:4180} INFO - Setting next_dagrun for example_params_trigger_ui to None, run_after=None
[2025-04-21T22:17:21.544-0300] {processor.py:208} INFO - Processing /home/jonathan-brito/python-projects/airflow/venv/lib/python3.12/site-packages/airflow/example_dags/example_params_trigger_ui.py took 0.118 seconds
[2025-04-21T22:18:23.143-0300] {processor.py:186} INFO - Started process (PID=132877) to work on /home/jonathan-brito/python-projects/airflow/venv/lib/python3.12/site-packages/airflow/example_dags/example_params_trigger_ui.py
[2025-04-21T22:18:23.151-0300] {processor.py:914} INFO - Processing file /home/jonathan-brito/python-projects/airflow/venv/lib/python3.12/site-packages/airflow/example_dags/example_params_trigger_ui.py for tasks to queue
[2025-04-21T22:18:23.154-0300] {logging_mixin.py:190} INFO - [2025-04-21T22:18:23.153-0300] {dagbag.py:588} INFO - Filling up the DagBag from /home/jonathan-brito/python-projects/airflow/venv/lib/python3.12/site-packages/airflow/example_dags/example_params_trigger_ui.py
[2025-04-21T22:18:23.170-0300] {processor.py:925} INFO - DAG(s) 'example_params_trigger_ui' retrieved from /home/jonathan-brito/python-projects/airflow/venv/lib/python3.12/site-packages/airflow/example_dags/example_params_trigger_ui.py
[2025-04-21T22:18:23.216-0300] {logging_mixin.py:190} INFO - [2025-04-21T22:18:23.216-0300] {dag.py:3239} INFO - Sync 1 DAGs
[2025-04-21T22:18:23.231-0300] {logging_mixin.py:190} INFO - [2025-04-21T22:18:23.231-0300] {dag.py:4180} INFO - Setting next_dagrun for example_params_trigger_ui to None, run_after=None
[2025-04-21T22:18:23.265-0300] {processor.py:208} INFO - Processing /home/jonathan-brito/python-projects/airflow/venv/lib/python3.12/site-packages/airflow/example_dags/example_params_trigger_ui.py took 0.129 seconds
[2025-04-21T22:19:27.553-0300] {processor.py:186} INFO - Started process (PID=133546) to work on /home/jonathan-brito/python-projects/airflow/venv/lib/python3.12/site-packages/airflow/example_dags/example_params_trigger_ui.py
[2025-04-21T22:19:27.559-0300] {processor.py:914} INFO - Processing file /home/jonathan-brito/python-projects/airflow/venv/lib/python3.12/site-packages/airflow/example_dags/example_params_trigger_ui.py for tasks to queue
[2025-04-21T22:19:27.561-0300] {logging_mixin.py:190} INFO - [2025-04-21T22:19:27.561-0300] {dagbag.py:588} INFO - Filling up the DagBag from /home/jonathan-brito/python-projects/airflow/venv/lib/python3.12/site-packages/airflow/example_dags/example_params_trigger_ui.py
[2025-04-21T22:19:27.572-0300] {processor.py:925} INFO - DAG(s) 'example_params_trigger_ui' retrieved from /home/jonathan-brito/python-projects/airflow/venv/lib/python3.12/site-packages/airflow/example_dags/example_params_trigger_ui.py
[2025-04-21T22:19:27.613-0300] {logging_mixin.py:190} INFO - [2025-04-21T22:19:27.612-0300] {dag.py:3239} INFO - Sync 1 DAGs
[2025-04-21T22:19:27.624-0300] {logging_mixin.py:190} INFO - [2025-04-21T22:19:27.624-0300] {dag.py:4180} INFO - Setting next_dagrun for example_params_trigger_ui to None, run_after=None
[2025-04-21T22:19:27.657-0300] {processor.py:208} INFO - Processing /home/jonathan-brito/python-projects/airflow/venv/lib/python3.12/site-packages/airflow/example_dags/example_params_trigger_ui.py took 0.111 seconds
[2025-04-21T22:20:30.687-0300] {processor.py:186} INFO - Started process (PID=134332) to work on /home/jonathan-brito/python-projects/airflow/venv/lib/python3.12/site-packages/airflow/example_dags/example_params_trigger_ui.py
[2025-04-21T22:20:30.694-0300] {processor.py:914} INFO - Processing file /home/jonathan-brito/python-projects/airflow/venv/lib/python3.12/site-packages/airflow/example_dags/example_params_trigger_ui.py for tasks to queue
[2025-04-21T22:20:30.695-0300] {logging_mixin.py:190} INFO - [2025-04-21T22:20:30.695-0300] {dagbag.py:588} INFO - Filling up the DagBag from /home/jonathan-brito/python-projects/airflow/venv/lib/python3.12/site-packages/airflow/example_dags/example_params_trigger_ui.py
[2025-04-21T22:20:30.704-0300] {processor.py:925} INFO - DAG(s) 'example_params_trigger_ui' retrieved from /home/jonathan-brito/python-projects/airflow/venv/lib/python3.12/site-packages/airflow/example_dags/example_params_trigger_ui.py
[2025-04-21T22:20:30.745-0300] {logging_mixin.py:190} INFO - [2025-04-21T22:20:30.745-0300] {dag.py:3239} INFO - Sync 1 DAGs
[2025-04-21T22:20:30.757-0300] {logging_mixin.py:190} INFO - [2025-04-21T22:20:30.757-0300] {dag.py:4180} INFO - Setting next_dagrun for example_params_trigger_ui to None, run_after=None
[2025-04-21T22:20:30.789-0300] {processor.py:208} INFO - Processing /home/jonathan-brito/python-projects/airflow/venv/lib/python3.12/site-packages/airflow/example_dags/example_params_trigger_ui.py took 0.108 seconds
[2025-04-22T10:24:33.477-0300] {processor.py:186} INFO - Started process (PID=11082) to work on /home/jonathan-brito/python-projects/airflow/venv/lib/python3.12/site-packages/airflow/example_dags/example_params_trigger_ui.py
[2025-04-22T10:24:33.481-0300] {processor.py:914} INFO - Processing file /home/jonathan-brito/python-projects/airflow/venv/lib/python3.12/site-packages/airflow/example_dags/example_params_trigger_ui.py for tasks to queue
[2025-04-22T10:24:33.487-0300] {logging_mixin.py:190} INFO - [2025-04-22T10:24:33.486-0300] {dagbag.py:588} INFO - Filling up the DagBag from /home/jonathan-brito/python-projects/airflow/venv/lib/python3.12/site-packages/airflow/example_dags/example_params_trigger_ui.py
[2025-04-22T10:24:33.516-0300] {processor.py:925} INFO - DAG(s) 'example_params_trigger_ui' retrieved from /home/jonathan-brito/python-projects/airflow/venv/lib/python3.12/site-packages/airflow/example_dags/example_params_trigger_ui.py
[2025-04-22T10:24:33.584-0300] {logging_mixin.py:190} INFO - [2025-04-22T10:24:33.584-0300] {dag.py:3239} INFO - Sync 1 DAGs
[2025-04-22T10:24:33.604-0300] {logging_mixin.py:190} INFO - [2025-04-22T10:24:33.603-0300] {dag.py:4180} INFO - Setting next_dagrun for example_params_trigger_ui to None, run_after=None
[2025-04-22T10:24:33.630-0300] {processor.py:208} INFO - Processing /home/jonathan-brito/python-projects/airflow/venv/lib/python3.12/site-packages/airflow/example_dags/example_params_trigger_ui.py took 0.172 seconds
[2025-04-22T10:25:38.113-0300] {processor.py:186} INFO - Started process (PID=11978) to work on /home/jonathan-brito/python-projects/airflow/venv/lib/python3.12/site-packages/airflow/example_dags/example_params_trigger_ui.py
[2025-04-22T10:25:38.121-0300] {processor.py:914} INFO - Processing file /home/jonathan-brito/python-projects/airflow/venv/lib/python3.12/site-packages/airflow/example_dags/example_params_trigger_ui.py for tasks to queue
[2025-04-22T10:25:38.127-0300] {logging_mixin.py:190} INFO - [2025-04-22T10:25:38.126-0300] {dagbag.py:588} INFO - Filling up the DagBag from /home/jonathan-brito/python-projects/airflow/venv/lib/python3.12/site-packages/airflow/example_dags/example_params_trigger_ui.py
[2025-04-22T10:25:38.169-0300] {processor.py:925} INFO - DAG(s) 'example_params_trigger_ui' retrieved from /home/jonathan-brito/python-projects/airflow/venv/lib/python3.12/site-packages/airflow/example_dags/example_params_trigger_ui.py
[2025-04-22T10:25:38.223-0300] {logging_mixin.py:190} INFO - [2025-04-22T10:25:38.223-0300] {dag.py:3239} INFO - Sync 1 DAGs
[2025-04-22T10:25:38.237-0300] {logging_mixin.py:190} INFO - [2025-04-22T10:25:38.237-0300] {dag.py:4180} INFO - Setting next_dagrun for example_params_trigger_ui to None, run_after=None
[2025-04-22T10:25:38.269-0300] {processor.py:208} INFO - Processing /home/jonathan-brito/python-projects/airflow/venv/lib/python3.12/site-packages/airflow/example_dags/example_params_trigger_ui.py took 0.174 seconds
[2025-04-22T10:27:49.369-0300] {processor.py:186} INFO - Started process (PID=14100) to work on /home/jonathan-brito/python-projects/airflow/venv/lib/python3.12/site-packages/airflow/example_dags/example_params_trigger_ui.py
[2025-04-22T10:27:49.376-0300] {processor.py:914} INFO - Processing file /home/jonathan-brito/python-projects/airflow/venv/lib/python3.12/site-packages/airflow/example_dags/example_params_trigger_ui.py for tasks to queue
[2025-04-22T10:27:49.378-0300] {logging_mixin.py:190} INFO - [2025-04-22T10:27:49.378-0300] {dagbag.py:588} INFO - Filling up the DagBag from /home/jonathan-brito/python-projects/airflow/venv/lib/python3.12/site-packages/airflow/example_dags/example_params_trigger_ui.py
[2025-04-22T10:27:49.391-0300] {processor.py:925} INFO - DAG(s) 'example_params_trigger_ui' retrieved from /home/jonathan-brito/python-projects/airflow/venv/lib/python3.12/site-packages/airflow/example_dags/example_params_trigger_ui.py
[2025-04-22T10:27:49.437-0300] {logging_mixin.py:190} INFO - [2025-04-22T10:27:49.436-0300] {dag.py:3239} INFO - Sync 1 DAGs
[2025-04-22T10:27:49.451-0300] {logging_mixin.py:190} INFO - [2025-04-22T10:27:49.450-0300] {dag.py:4180} INFO - Setting next_dagrun for example_params_trigger_ui to None, run_after=None
[2025-04-22T10:27:49.485-0300] {processor.py:208} INFO - Processing /home/jonathan-brito/python-projects/airflow/venv/lib/python3.12/site-packages/airflow/example_dags/example_params_trigger_ui.py took 0.122 seconds
[2025-04-22T10:30:37.278-0300] {processor.py:186} INFO - Started process (PID=16188) to work on /home/jonathan-brito/python-projects/airflow/venv/lib/python3.12/site-packages/airflow/example_dags/example_params_trigger_ui.py
[2025-04-22T10:30:37.286-0300] {processor.py:914} INFO - Processing file /home/jonathan-brito/python-projects/airflow/venv/lib/python3.12/site-packages/airflow/example_dags/example_params_trigger_ui.py for tasks to queue
[2025-04-22T10:30:37.295-0300] {logging_mixin.py:190} INFO - [2025-04-22T10:30:37.293-0300] {dagbag.py:588} INFO - Filling up the DagBag from /home/jonathan-brito/python-projects/airflow/venv/lib/python3.12/site-packages/airflow/example_dags/example_params_trigger_ui.py
[2025-04-22T10:30:37.333-0300] {processor.py:925} INFO - DAG(s) 'example_params_trigger_ui' retrieved from /home/jonathan-brito/python-projects/airflow/venv/lib/python3.12/site-packages/airflow/example_dags/example_params_trigger_ui.py
[2025-04-22T10:30:37.386-0300] {logging_mixin.py:190} INFO - [2025-04-22T10:30:37.385-0300] {dag.py:3239} INFO - Sync 1 DAGs
[2025-04-22T10:30:37.400-0300] {logging_mixin.py:190} INFO - [2025-04-22T10:30:37.399-0300] {dag.py:4180} INFO - Setting next_dagrun for example_params_trigger_ui to None, run_after=None
[2025-04-22T10:30:37.444-0300] {processor.py:208} INFO - Processing /home/jonathan-brito/python-projects/airflow/venv/lib/python3.12/site-packages/airflow/example_dags/example_params_trigger_ui.py took 0.186 seconds
[2025-04-22T10:31:27.633-0300] {processor.py:186} INFO - Started process (PID=16783) to work on /home/jonathan-brito/python-projects/airflow/venv/lib/python3.12/site-packages/airflow/example_dags/example_params_trigger_ui.py
[2025-04-22T10:31:27.640-0300] {processor.py:914} INFO - Processing file /home/jonathan-brito/python-projects/airflow/venv/lib/python3.12/site-packages/airflow/example_dags/example_params_trigger_ui.py for tasks to queue
[2025-04-22T10:31:27.642-0300] {logging_mixin.py:190} INFO - [2025-04-22T10:31:27.642-0300] {dagbag.py:588} INFO - Filling up the DagBag from /home/jonathan-brito/python-projects/airflow/venv/lib/python3.12/site-packages/airflow/example_dags/example_params_trigger_ui.py
[2025-04-22T10:31:27.656-0300] {processor.py:925} INFO - DAG(s) 'example_params_trigger_ui' retrieved from /home/jonathan-brito/python-projects/airflow/venv/lib/python3.12/site-packages/airflow/example_dags/example_params_trigger_ui.py
[2025-04-22T10:31:27.698-0300] {logging_mixin.py:190} INFO - [2025-04-22T10:31:27.698-0300] {dag.py:3239} INFO - Sync 1 DAGs
[2025-04-22T10:31:27.713-0300] {logging_mixin.py:190} INFO - [2025-04-22T10:31:27.713-0300] {dag.py:4180} INFO - Setting next_dagrun for example_params_trigger_ui to None, run_after=None
[2025-04-22T10:31:27.744-0300] {processor.py:208} INFO - Processing /home/jonathan-brito/python-projects/airflow/venv/lib/python3.12/site-packages/airflow/example_dags/example_params_trigger_ui.py took 0.117 seconds
[2025-04-22T11:08:14.149-0300] {processor.py:186} INFO - Started process (PID=49662) to work on /home/jonathan-brito/python-projects/airflow/venv/lib/python3.12/site-packages/airflow/example_dags/example_params_trigger_ui.py
[2025-04-22T11:08:14.151-0300] {processor.py:914} INFO - Processing file /home/jonathan-brito/python-projects/airflow/venv/lib/python3.12/site-packages/airflow/example_dags/example_params_trigger_ui.py for tasks to queue
[2025-04-22T11:08:14.153-0300] {logging_mixin.py:190} INFO - [2025-04-22T11:08:14.152-0300] {dagbag.py:588} INFO - Filling up the DagBag from /home/jonathan-brito/python-projects/airflow/venv/lib/python3.12/site-packages/airflow/example_dags/example_params_trigger_ui.py
[2025-04-22T11:08:14.172-0300] {processor.py:925} INFO - DAG(s) 'example_params_trigger_ui' retrieved from /home/jonathan-brito/python-projects/airflow/venv/lib/python3.12/site-packages/airflow/example_dags/example_params_trigger_ui.py
[2025-04-22T11:08:14.217-0300] {logging_mixin.py:190} INFO - [2025-04-22T11:08:14.217-0300] {dag.py:3239} INFO - Sync 1 DAGs
[2025-04-22T11:08:14.231-0300] {logging_mixin.py:190} INFO - [2025-04-22T11:08:14.231-0300] {dag.py:4180} INFO - Setting next_dagrun for example_params_trigger_ui to None, run_after=None
[2025-04-22T11:08:14.259-0300] {processor.py:208} INFO - Processing /home/jonathan-brito/python-projects/airflow/venv/lib/python3.12/site-packages/airflow/example_dags/example_params_trigger_ui.py took 0.117 seconds
[2025-04-22T11:09:15.271-0300] {processor.py:186} INFO - Started process (PID=50055) to work on /home/jonathan-brito/python-projects/airflow/venv/lib/python3.12/site-packages/airflow/example_dags/example_params_trigger_ui.py
[2025-04-22T11:09:15.278-0300] {processor.py:914} INFO - Processing file /home/jonathan-brito/python-projects/airflow/venv/lib/python3.12/site-packages/airflow/example_dags/example_params_trigger_ui.py for tasks to queue
[2025-04-22T11:09:15.279-0300] {logging_mixin.py:190} INFO - [2025-04-22T11:09:15.279-0300] {dagbag.py:588} INFO - Filling up the DagBag from /home/jonathan-brito/python-projects/airflow/venv/lib/python3.12/site-packages/airflow/example_dags/example_params_trigger_ui.py
[2025-04-22T11:09:15.291-0300] {processor.py:925} INFO - DAG(s) 'example_params_trigger_ui' retrieved from /home/jonathan-brito/python-projects/airflow/venv/lib/python3.12/site-packages/airflow/example_dags/example_params_trigger_ui.py
[2025-04-22T11:09:15.331-0300] {logging_mixin.py:190} INFO - [2025-04-22T11:09:15.331-0300] {dag.py:3239} INFO - Sync 1 DAGs
[2025-04-22T11:09:15.343-0300] {logging_mixin.py:190} INFO - [2025-04-22T11:09:15.343-0300] {dag.py:4180} INFO - Setting next_dagrun for example_params_trigger_ui to None, run_after=None
[2025-04-22T11:09:15.368-0300] {processor.py:208} INFO - Processing /home/jonathan-brito/python-projects/airflow/venv/lib/python3.12/site-packages/airflow/example_dags/example_params_trigger_ui.py took 0.104 seconds
[2025-04-22T11:10:14.703-0300] {processor.py:186} INFO - Started process (PID=50596) to work on /home/jonathan-brito/python-projects/airflow/venv/lib/python3.12/site-packages/airflow/example_dags/example_params_trigger_ui.py
[2025-04-22T11:10:14.710-0300] {processor.py:914} INFO - Processing file /home/jonathan-brito/python-projects/airflow/venv/lib/python3.12/site-packages/airflow/example_dags/example_params_trigger_ui.py for tasks to queue
[2025-04-22T11:10:14.711-0300] {logging_mixin.py:190} INFO - [2025-04-22T11:10:14.711-0300] {dagbag.py:588} INFO - Filling up the DagBag from /home/jonathan-brito/python-projects/airflow/venv/lib/python3.12/site-packages/airflow/example_dags/example_params_trigger_ui.py
[2025-04-22T11:10:14.724-0300] {processor.py:925} INFO - DAG(s) 'example_params_trigger_ui' retrieved from /home/jonathan-brito/python-projects/airflow/venv/lib/python3.12/site-packages/airflow/example_dags/example_params_trigger_ui.py
[2025-04-22T11:10:14.767-0300] {logging_mixin.py:190} INFO - [2025-04-22T11:10:14.766-0300] {dag.py:3239} INFO - Sync 1 DAGs
[2025-04-22T11:10:14.779-0300] {logging_mixin.py:190} INFO - [2025-04-22T11:10:14.779-0300] {dag.py:4180} INFO - Setting next_dagrun for example_params_trigger_ui to None, run_after=None
[2025-04-22T11:10:14.813-0300] {processor.py:208} INFO - Processing /home/jonathan-brito/python-projects/airflow/venv/lib/python3.12/site-packages/airflow/example_dags/example_params_trigger_ui.py took 0.117 seconds
[2025-04-22T11:11:18.606-0300] {processor.py:186} INFO - Started process (PID=51003) to work on /home/jonathan-brito/python-projects/airflow/venv/lib/python3.12/site-packages/airflow/example_dags/example_params_trigger_ui.py
[2025-04-22T11:11:18.614-0300] {processor.py:914} INFO - Processing file /home/jonathan-brito/python-projects/airflow/venv/lib/python3.12/site-packages/airflow/example_dags/example_params_trigger_ui.py for tasks to queue
[2025-04-22T11:11:18.616-0300] {logging_mixin.py:190} INFO - [2025-04-22T11:11:18.615-0300] {dagbag.py:588} INFO - Filling up the DagBag from /home/jonathan-brito/python-projects/airflow/venv/lib/python3.12/site-packages/airflow/example_dags/example_params_trigger_ui.py
[2025-04-22T11:11:18.628-0300] {processor.py:925} INFO - DAG(s) 'example_params_trigger_ui' retrieved from /home/jonathan-brito/python-projects/airflow/venv/lib/python3.12/site-packages/airflow/example_dags/example_params_trigger_ui.py
[2025-04-22T11:11:18.671-0300] {logging_mixin.py:190} INFO - [2025-04-22T11:11:18.671-0300] {dag.py:3239} INFO - Sync 1 DAGs
[2025-04-22T11:11:18.684-0300] {logging_mixin.py:190} INFO - [2025-04-22T11:11:18.684-0300] {dag.py:4180} INFO - Setting next_dagrun for example_params_trigger_ui to None, run_after=None
[2025-04-22T11:11:18.718-0300] {processor.py:208} INFO - Processing /home/jonathan-brito/python-projects/airflow/venv/lib/python3.12/site-packages/airflow/example_dags/example_params_trigger_ui.py took 0.118 seconds
