[2025-04-21T21:23:57.307-0300] {processor.py:186} INFO - Started process (PID=70739) to work on /home/jonathan-brito/python-projects/airflow/venv/lib/python3.12/site-packages/airflow/example_dags/example_datasets.py
[2025-04-21T21:23:57.310-0300] {processor.py:914} INFO - Processing file /home/jonathan-brito/python-projects/airflow/venv/lib/python3.12/site-packages/airflow/example_dags/example_datasets.py for tasks to queue
[2025-04-21T21:23:57.318-0300] {logging_mixin.py:190} INFO - [2025-04-21T21:23:57.317-0300] {dagbag.py:588} INFO - Filling up the DagBag from /home/jonathan-brito/python-projects/airflow/venv/lib/python3.12/site-packages/airflow/example_dags/example_datasets.py
[2025-04-21T21:23:57.365-0300] {processor.py:925} INFO - DAG(s) 'conditional_dataset_and_time_based_timetable', 'dataset_produces_1', 'dataset_consumes_1', 'dataset_consumes_1_and_2', 'consume_1_and_2_with_dataset_expressions', 'dataset_produces_2', 'consume_1_or_both_2_and_3_with_dataset_expressions', 'consume_1_or_2_with_dataset_expressions', 'dataset_consumes_1_never_scheduled', 'dataset_consumes_unknown_never_scheduled' retrieved from /home/jonathan-brito/python-projects/airflow/venv/lib/python3.12/site-packages/airflow/example_dags/example_datasets.py
[2025-04-21T21:23:57.405-0300] {logging_mixin.py:190} INFO - [2025-04-21T21:23:57.405-0300] {dag.py:3239} INFO - Sync 10 DAGs
[2025-04-21T21:23:57.449-0300] {logging_mixin.py:190} INFO - [2025-04-21T21:23:57.448-0300] {dag.py:4180} INFO - Setting next_dagrun for conditional_dataset_and_time_based_timetable to 2025-04-16 01:00:00+00:00, run_after=2025-04-16 01:00:00+00:00
[2025-04-21T21:23:57.454-0300] {logging_mixin.py:190} INFO - [2025-04-21T21:23:57.454-0300] {dag.py:4180} INFO - Setting next_dagrun for consume_1_and_2_with_dataset_expressions to None, run_after=None
[2025-04-21T21:23:57.456-0300] {logging_mixin.py:190} INFO - [2025-04-21T21:23:57.456-0300] {dag.py:4180} INFO - Setting next_dagrun for consume_1_or_2_with_dataset_expressions to None, run_after=None
[2025-04-21T21:23:57.458-0300] {logging_mixin.py:190} INFO - [2025-04-21T21:23:57.457-0300] {dag.py:4180} INFO - Setting next_dagrun for consume_1_or_both_2_and_3_with_dataset_expressions to None, run_after=None
[2025-04-21T21:23:57.459-0300] {logging_mixin.py:190} INFO - [2025-04-21T21:23:57.459-0300] {dag.py:4180} INFO - Setting next_dagrun for dataset_consumes_1 to None, run_after=None
[2025-04-21T21:23:57.460-0300] {logging_mixin.py:190} INFO - [2025-04-21T21:23:57.460-0300] {dag.py:4180} INFO - Setting next_dagrun for dataset_consumes_1_and_2 to None, run_after=None
[2025-04-21T21:23:57.462-0300] {logging_mixin.py:190} INFO - [2025-04-21T21:23:57.461-0300] {dag.py:4180} INFO - Setting next_dagrun for dataset_consumes_1_never_scheduled to None, run_after=None
[2025-04-21T21:23:57.463-0300] {logging_mixin.py:190} INFO - [2025-04-21T21:23:57.463-0300] {dag.py:4180} INFO - Setting next_dagrun for dataset_consumes_unknown_never_scheduled to None, run_after=None
[2025-04-21T21:23:57.466-0300] {logging_mixin.py:190} INFO - [2025-04-21T21:23:57.466-0300] {dag.py:4180} INFO - Setting next_dagrun for dataset_produces_1 to 2025-04-21 00:00:00+00:00, run_after=2025-04-22 00:00:00+00:00
[2025-04-21T21:23:57.467-0300] {logging_mixin.py:190} INFO - [2025-04-21T21:23:57.467-0300] {dag.py:4180} INFO - Setting next_dagrun for dataset_produces_2 to None, run_after=None
[2025-04-21T21:23:57.507-0300] {processor.py:208} INFO - Processing /home/jonathan-brito/python-projects/airflow/venv/lib/python3.12/site-packages/airflow/example_dags/example_datasets.py took 0.220 seconds
[2025-04-21T22:10:15.181-0300] {processor.py:186} INFO - Started process (PID=127310) to work on /home/jonathan-brito/python-projects/airflow/venv/lib/python3.12/site-packages/airflow/example_dags/example_datasets.py
[2025-04-21T22:10:15.190-0300] {processor.py:914} INFO - Processing file /home/jonathan-brito/python-projects/airflow/venv/lib/python3.12/site-packages/airflow/example_dags/example_datasets.py for tasks to queue
[2025-04-21T22:10:15.195-0300] {logging_mixin.py:190} INFO - [2025-04-21T22:10:15.193-0300] {dagbag.py:588} INFO - Filling up the DagBag from /home/jonathan-brito/python-projects/airflow/venv/lib/python3.12/site-packages/airflow/example_dags/example_datasets.py
[2025-04-21T22:10:15.230-0300] {processor.py:925} INFO - DAG(s) 'dataset_produces_2', 'consume_1_or_2_with_dataset_expressions', 'consume_1_and_2_with_dataset_expressions', 'dataset_produces_1', 'consume_1_or_both_2_and_3_with_dataset_expressions', 'conditional_dataset_and_time_based_timetable', 'dataset_consumes_1_and_2', 'dataset_consumes_1_never_scheduled', 'dataset_consumes_1', 'dataset_consumes_unknown_never_scheduled' retrieved from /home/jonathan-brito/python-projects/airflow/venv/lib/python3.12/site-packages/airflow/example_dags/example_datasets.py
[2025-04-21T22:10:15.276-0300] {logging_mixin.py:190} INFO - [2025-04-21T22:10:15.276-0300] {dag.py:3239} INFO - Sync 10 DAGs
[2025-04-21T22:10:15.297-0300] {logging_mixin.py:190} INFO - [2025-04-21T22:10:15.297-0300] {dag.py:4180} INFO - Setting next_dagrun for conditional_dataset_and_time_based_timetable to 2025-04-16 01:00:00+00:00, run_after=2025-04-16 01:00:00+00:00
[2025-04-21T22:10:15.300-0300] {logging_mixin.py:190} INFO - [2025-04-21T22:10:15.300-0300] {dag.py:4180} INFO - Setting next_dagrun for consume_1_and_2_with_dataset_expressions to None, run_after=None
[2025-04-21T22:10:15.301-0300] {logging_mixin.py:190} INFO - [2025-04-21T22:10:15.301-0300] {dag.py:4180} INFO - Setting next_dagrun for consume_1_or_2_with_dataset_expressions to None, run_after=None
[2025-04-21T22:10:15.302-0300] {logging_mixin.py:190} INFO - [2025-04-21T22:10:15.302-0300] {dag.py:4180} INFO - Setting next_dagrun for consume_1_or_both_2_and_3_with_dataset_expressions to None, run_after=None
[2025-04-21T22:10:15.303-0300] {logging_mixin.py:190} INFO - [2025-04-21T22:10:15.303-0300] {dag.py:4180} INFO - Setting next_dagrun for dataset_consumes_1 to None, run_after=None
[2025-04-21T22:10:15.304-0300] {logging_mixin.py:190} INFO - [2025-04-21T22:10:15.304-0300] {dag.py:4180} INFO - Setting next_dagrun for dataset_consumes_1_and_2 to None, run_after=None
[2025-04-21T22:10:15.305-0300] {logging_mixin.py:190} INFO - [2025-04-21T22:10:15.304-0300] {dag.py:4180} INFO - Setting next_dagrun for dataset_consumes_1_never_scheduled to None, run_after=None
[2025-04-21T22:10:15.305-0300] {logging_mixin.py:190} INFO - [2025-04-21T22:10:15.305-0300] {dag.py:4180} INFO - Setting next_dagrun for dataset_consumes_unknown_never_scheduled to None, run_after=None
[2025-04-21T22:10:15.308-0300] {logging_mixin.py:190} INFO - [2025-04-21T22:10:15.307-0300] {dag.py:4180} INFO - Setting next_dagrun for dataset_produces_1 to 2025-04-21 00:00:00+00:00, run_after=2025-04-22 00:00:00+00:00
[2025-04-21T22:10:15.309-0300] {logging_mixin.py:190} INFO - [2025-04-21T22:10:15.308-0300] {dag.py:4180} INFO - Setting next_dagrun for dataset_produces_2 to None, run_after=None
[2025-04-21T22:10:15.348-0300] {processor.py:208} INFO - Processing /home/jonathan-brito/python-projects/airflow/venv/lib/python3.12/site-packages/airflow/example_dags/example_datasets.py took 0.188 seconds
[2025-04-21T22:11:20.238-0300] {processor.py:186} INFO - Started process (PID=128299) to work on /home/jonathan-brito/python-projects/airflow/venv/lib/python3.12/site-packages/airflow/example_dags/example_datasets.py
[2025-04-21T22:11:20.245-0300] {processor.py:914} INFO - Processing file /home/jonathan-brito/python-projects/airflow/venv/lib/python3.12/site-packages/airflow/example_dags/example_datasets.py for tasks to queue
[2025-04-21T22:11:20.247-0300] {logging_mixin.py:190} INFO - [2025-04-21T22:11:20.246-0300] {dagbag.py:588} INFO - Filling up the DagBag from /home/jonathan-brito/python-projects/airflow/venv/lib/python3.12/site-packages/airflow/example_dags/example_datasets.py
[2025-04-21T22:11:20.261-0300] {processor.py:925} INFO - DAG(s) 'dataset_produces_1', 'dataset_consumes_1_never_scheduled', 'consume_1_or_both_2_and_3_with_dataset_expressions', 'dataset_produces_2', 'dataset_consumes_1_and_2', 'dataset_consumes_1', 'consume_1_or_2_with_dataset_expressions', 'dataset_consumes_unknown_never_scheduled', 'consume_1_and_2_with_dataset_expressions', 'conditional_dataset_and_time_based_timetable' retrieved from /home/jonathan-brito/python-projects/airflow/venv/lib/python3.12/site-packages/airflow/example_dags/example_datasets.py
[2025-04-21T22:11:20.299-0300] {logging_mixin.py:190} INFO - [2025-04-21T22:11:20.299-0300] {dag.py:3239} INFO - Sync 10 DAGs
[2025-04-21T22:11:20.328-0300] {logging_mixin.py:190} INFO - [2025-04-21T22:11:20.327-0300] {dag.py:4180} INFO - Setting next_dagrun for conditional_dataset_and_time_based_timetable to 2025-04-16 01:00:00+00:00, run_after=2025-04-16 01:00:00+00:00
[2025-04-21T22:11:20.330-0300] {logging_mixin.py:190} INFO - [2025-04-21T22:11:20.330-0300] {dag.py:4180} INFO - Setting next_dagrun for consume_1_and_2_with_dataset_expressions to None, run_after=None
[2025-04-21T22:11:20.331-0300] {logging_mixin.py:190} INFO - [2025-04-21T22:11:20.331-0300] {dag.py:4180} INFO - Setting next_dagrun for consume_1_or_2_with_dataset_expressions to None, run_after=None
[2025-04-21T22:11:20.332-0300] {logging_mixin.py:190} INFO - [2025-04-21T22:11:20.332-0300] {dag.py:4180} INFO - Setting next_dagrun for consume_1_or_both_2_and_3_with_dataset_expressions to None, run_after=None
[2025-04-21T22:11:20.333-0300] {logging_mixin.py:190} INFO - [2025-04-21T22:11:20.333-0300] {dag.py:4180} INFO - Setting next_dagrun for dataset_consumes_1 to None, run_after=None
[2025-04-21T22:11:20.334-0300] {logging_mixin.py:190} INFO - [2025-04-21T22:11:20.334-0300] {dag.py:4180} INFO - Setting next_dagrun for dataset_consumes_1_and_2 to None, run_after=None
[2025-04-21T22:11:20.335-0300] {logging_mixin.py:190} INFO - [2025-04-21T22:11:20.335-0300] {dag.py:4180} INFO - Setting next_dagrun for dataset_consumes_1_never_scheduled to None, run_after=None
[2025-04-21T22:11:20.336-0300] {logging_mixin.py:190} INFO - [2025-04-21T22:11:20.336-0300] {dag.py:4180} INFO - Setting next_dagrun for dataset_consumes_unknown_never_scheduled to None, run_after=None
[2025-04-21T22:11:20.339-0300] {logging_mixin.py:190} INFO - [2025-04-21T22:11:20.338-0300] {dag.py:4180} INFO - Setting next_dagrun for dataset_produces_1 to 2025-04-21 00:00:00+00:00, run_after=2025-04-22 00:00:00+00:00
[2025-04-21T22:11:20.340-0300] {logging_mixin.py:190} INFO - [2025-04-21T22:11:20.340-0300] {dag.py:4180} INFO - Setting next_dagrun for dataset_produces_2 to None, run_after=None
[2025-04-21T22:11:20.378-0300] {processor.py:208} INFO - Processing /home/jonathan-brito/python-projects/airflow/venv/lib/python3.12/site-packages/airflow/example_dags/example_datasets.py took 0.145 seconds
[2025-04-21T22:12:22.480-0300] {processor.py:186} INFO - Started process (PID=128998) to work on /home/jonathan-brito/python-projects/airflow/venv/lib/python3.12/site-packages/airflow/example_dags/example_datasets.py
[2025-04-21T22:12:22.487-0300] {processor.py:914} INFO - Processing file /home/jonathan-brito/python-projects/airflow/venv/lib/python3.12/site-packages/airflow/example_dags/example_datasets.py for tasks to queue
[2025-04-21T22:12:22.488-0300] {logging_mixin.py:190} INFO - [2025-04-21T22:12:22.488-0300] {dagbag.py:588} INFO - Filling up the DagBag from /home/jonathan-brito/python-projects/airflow/venv/lib/python3.12/site-packages/airflow/example_dags/example_datasets.py
[2025-04-21T22:12:22.501-0300] {processor.py:925} INFO - DAG(s) 'dataset_produces_1', 'dataset_produces_2', 'consume_1_or_2_with_dataset_expressions', 'dataset_consumes_1_and_2', 'consume_1_and_2_with_dataset_expressions', 'dataset_consumes_1', 'dataset_consumes_1_never_scheduled', 'consume_1_or_both_2_and_3_with_dataset_expressions', 'conditional_dataset_and_time_based_timetable', 'dataset_consumes_unknown_never_scheduled' retrieved from /home/jonathan-brito/python-projects/airflow/venv/lib/python3.12/site-packages/airflow/example_dags/example_datasets.py
[2025-04-21T22:12:22.539-0300] {logging_mixin.py:190} INFO - [2025-04-21T22:12:22.539-0300] {dag.py:3239} INFO - Sync 10 DAGs
[2025-04-21T22:12:22.562-0300] {logging_mixin.py:190} INFO - [2025-04-21T22:12:22.562-0300] {dag.py:4180} INFO - Setting next_dagrun for conditional_dataset_and_time_based_timetable to 2025-04-16 01:00:00+00:00, run_after=2025-04-16 01:00:00+00:00
[2025-04-21T22:12:22.565-0300] {logging_mixin.py:190} INFO - [2025-04-21T22:12:22.565-0300] {dag.py:4180} INFO - Setting next_dagrun for consume_1_and_2_with_dataset_expressions to None, run_after=None
[2025-04-21T22:12:22.566-0300] {logging_mixin.py:190} INFO - [2025-04-21T22:12:22.566-0300] {dag.py:4180} INFO - Setting next_dagrun for consume_1_or_2_with_dataset_expressions to None, run_after=None
[2025-04-21T22:12:22.567-0300] {logging_mixin.py:190} INFO - [2025-04-21T22:12:22.566-0300] {dag.py:4180} INFO - Setting next_dagrun for consume_1_or_both_2_and_3_with_dataset_expressions to None, run_after=None
[2025-04-21T22:12:22.567-0300] {logging_mixin.py:190} INFO - [2025-04-21T22:12:22.567-0300] {dag.py:4180} INFO - Setting next_dagrun for dataset_consumes_1 to None, run_after=None
[2025-04-21T22:12:22.568-0300] {logging_mixin.py:190} INFO - [2025-04-21T22:12:22.568-0300] {dag.py:4180} INFO - Setting next_dagrun for dataset_consumes_1_and_2 to None, run_after=None
[2025-04-21T22:12:22.569-0300] {logging_mixin.py:190} INFO - [2025-04-21T22:12:22.569-0300] {dag.py:4180} INFO - Setting next_dagrun for dataset_consumes_1_never_scheduled to None, run_after=None
[2025-04-21T22:12:22.570-0300] {logging_mixin.py:190} INFO - [2025-04-21T22:12:22.570-0300] {dag.py:4180} INFO - Setting next_dagrun for dataset_consumes_unknown_never_scheduled to None, run_after=None
[2025-04-21T22:12:22.572-0300] {logging_mixin.py:190} INFO - [2025-04-21T22:12:22.572-0300] {dag.py:4180} INFO - Setting next_dagrun for dataset_produces_1 to 2025-04-21 00:00:00+00:00, run_after=2025-04-22 00:00:00+00:00
[2025-04-21T22:12:22.573-0300] {logging_mixin.py:190} INFO - [2025-04-21T22:12:22.573-0300] {dag.py:4180} INFO - Setting next_dagrun for dataset_produces_2 to None, run_after=None
[2025-04-21T22:12:22.613-0300] {processor.py:208} INFO - Processing /home/jonathan-brito/python-projects/airflow/venv/lib/python3.12/site-packages/airflow/example_dags/example_datasets.py took 0.139 seconds
[2025-04-21T22:13:27.661-0300] {processor.py:186} INFO - Started process (PID=129719) to work on /home/jonathan-brito/python-projects/airflow/venv/lib/python3.12/site-packages/airflow/example_dags/example_datasets.py
[2025-04-21T22:13:27.662-0300] {processor.py:914} INFO - Processing file /home/jonathan-brito/python-projects/airflow/venv/lib/python3.12/site-packages/airflow/example_dags/example_datasets.py for tasks to queue
[2025-04-21T22:13:27.664-0300] {logging_mixin.py:190} INFO - [2025-04-21T22:13:27.663-0300] {dagbag.py:588} INFO - Filling up the DagBag from /home/jonathan-brito/python-projects/airflow/venv/lib/python3.12/site-packages/airflow/example_dags/example_datasets.py
[2025-04-21T22:13:27.683-0300] {processor.py:925} INFO - DAG(s) 'consume_1_and_2_with_dataset_expressions', 'dataset_produces_2', 'dataset_consumes_1', 'conditional_dataset_and_time_based_timetable', 'dataset_produces_1', 'dataset_consumes_1_and_2', 'dataset_consumes_unknown_never_scheduled', 'consume_1_or_2_with_dataset_expressions', 'dataset_consumes_1_never_scheduled', 'consume_1_or_both_2_and_3_with_dataset_expressions' retrieved from /home/jonathan-brito/python-projects/airflow/venv/lib/python3.12/site-packages/airflow/example_dags/example_datasets.py
[2025-04-21T22:13:27.730-0300] {logging_mixin.py:190} INFO - [2025-04-21T22:13:27.730-0300] {dag.py:3239} INFO - Sync 10 DAGs
[2025-04-21T22:13:27.759-0300] {logging_mixin.py:190} INFO - [2025-04-21T22:13:27.759-0300] {dag.py:4180} INFO - Setting next_dagrun for conditional_dataset_and_time_based_timetable to 2025-04-16 01:00:00+00:00, run_after=2025-04-16 01:00:00+00:00
[2025-04-21T22:13:27.762-0300] {logging_mixin.py:190} INFO - [2025-04-21T22:13:27.762-0300] {dag.py:4180} INFO - Setting next_dagrun for consume_1_and_2_with_dataset_expressions to None, run_after=None
[2025-04-21T22:13:27.764-0300] {logging_mixin.py:190} INFO - [2025-04-21T22:13:27.764-0300] {dag.py:4180} INFO - Setting next_dagrun for consume_1_or_2_with_dataset_expressions to None, run_after=None
[2025-04-21T22:13:27.765-0300] {logging_mixin.py:190} INFO - [2025-04-21T22:13:27.765-0300] {dag.py:4180} INFO - Setting next_dagrun for consume_1_or_both_2_and_3_with_dataset_expressions to None, run_after=None
[2025-04-21T22:13:27.767-0300] {logging_mixin.py:190} INFO - [2025-04-21T22:13:27.766-0300] {dag.py:4180} INFO - Setting next_dagrun for dataset_consumes_1 to None, run_after=None
[2025-04-21T22:13:27.768-0300] {logging_mixin.py:190} INFO - [2025-04-21T22:13:27.768-0300] {dag.py:4180} INFO - Setting next_dagrun for dataset_consumes_1_and_2 to None, run_after=None
[2025-04-21T22:13:27.770-0300] {logging_mixin.py:190} INFO - [2025-04-21T22:13:27.770-0300] {dag.py:4180} INFO - Setting next_dagrun for dataset_consumes_1_never_scheduled to None, run_after=None
[2025-04-21T22:13:27.772-0300] {logging_mixin.py:190} INFO - [2025-04-21T22:13:27.772-0300] {dag.py:4180} INFO - Setting next_dagrun for dataset_consumes_unknown_never_scheduled to None, run_after=None
[2025-04-21T22:13:27.778-0300] {logging_mixin.py:190} INFO - [2025-04-21T22:13:27.777-0300] {dag.py:4180} INFO - Setting next_dagrun for dataset_produces_1 to 2025-04-21 00:00:00+00:00, run_after=2025-04-22 00:00:00+00:00
[2025-04-21T22:13:27.780-0300] {logging_mixin.py:190} INFO - [2025-04-21T22:13:27.779-0300] {dag.py:4180} INFO - Setting next_dagrun for dataset_produces_2 to None, run_after=None
[2025-04-21T22:13:27.863-0300] {processor.py:208} INFO - Processing /home/jonathan-brito/python-projects/airflow/venv/lib/python3.12/site-packages/airflow/example_dags/example_datasets.py took 0.209 seconds
[2025-04-21T22:14:28.080-0300] {processor.py:186} INFO - Started process (PID=130410) to work on /home/jonathan-brito/python-projects/airflow/venv/lib/python3.12/site-packages/airflow/example_dags/example_datasets.py
[2025-04-21T22:14:28.087-0300] {processor.py:914} INFO - Processing file /home/jonathan-brito/python-projects/airflow/venv/lib/python3.12/site-packages/airflow/example_dags/example_datasets.py for tasks to queue
[2025-04-21T22:14:28.088-0300] {logging_mixin.py:190} INFO - [2025-04-21T22:14:28.088-0300] {dagbag.py:588} INFO - Filling up the DagBag from /home/jonathan-brito/python-projects/airflow/venv/lib/python3.12/site-packages/airflow/example_dags/example_datasets.py
[2025-04-21T22:14:28.101-0300] {processor.py:925} INFO - DAG(s) 'consume_1_or_2_with_dataset_expressions', 'dataset_consumes_unknown_never_scheduled', 'consume_1_or_both_2_and_3_with_dataset_expressions', 'dataset_consumes_1_and_2', 'dataset_produces_1', 'conditional_dataset_and_time_based_timetable', 'consume_1_and_2_with_dataset_expressions', 'dataset_produces_2', 'dataset_consumes_1_never_scheduled', 'dataset_consumes_1' retrieved from /home/jonathan-brito/python-projects/airflow/venv/lib/python3.12/site-packages/airflow/example_dags/example_datasets.py
[2025-04-21T22:14:28.140-0300] {logging_mixin.py:190} INFO - [2025-04-21T22:14:28.139-0300] {dag.py:3239} INFO - Sync 10 DAGs
[2025-04-21T22:14:28.162-0300] {logging_mixin.py:190} INFO - [2025-04-21T22:14:28.161-0300] {dag.py:4180} INFO - Setting next_dagrun for conditional_dataset_and_time_based_timetable to 2025-04-16 01:00:00+00:00, run_after=2025-04-16 01:00:00+00:00
[2025-04-21T22:14:28.165-0300] {logging_mixin.py:190} INFO - [2025-04-21T22:14:28.164-0300] {dag.py:4180} INFO - Setting next_dagrun for consume_1_and_2_with_dataset_expressions to None, run_after=None
[2025-04-21T22:14:28.166-0300] {logging_mixin.py:190} INFO - [2025-04-21T22:14:28.165-0300] {dag.py:4180} INFO - Setting next_dagrun for consume_1_or_2_with_dataset_expressions to None, run_after=None
[2025-04-21T22:14:28.166-0300] {logging_mixin.py:190} INFO - [2025-04-21T22:14:28.166-0300] {dag.py:4180} INFO - Setting next_dagrun for consume_1_or_both_2_and_3_with_dataset_expressions to None, run_after=None
[2025-04-21T22:14:28.167-0300] {logging_mixin.py:190} INFO - [2025-04-21T22:14:28.167-0300] {dag.py:4180} INFO - Setting next_dagrun for dataset_consumes_1 to None, run_after=None
[2025-04-21T22:14:28.168-0300] {logging_mixin.py:190} INFO - [2025-04-21T22:14:28.168-0300] {dag.py:4180} INFO - Setting next_dagrun for dataset_consumes_1_and_2 to None, run_after=None
[2025-04-21T22:14:28.169-0300] {logging_mixin.py:190} INFO - [2025-04-21T22:14:28.169-0300] {dag.py:4180} INFO - Setting next_dagrun for dataset_consumes_1_never_scheduled to None, run_after=None
[2025-04-21T22:14:28.170-0300] {logging_mixin.py:190} INFO - [2025-04-21T22:14:28.170-0300] {dag.py:4180} INFO - Setting next_dagrun for dataset_consumes_unknown_never_scheduled to None, run_after=None
[2025-04-21T22:14:28.174-0300] {logging_mixin.py:190} INFO - [2025-04-21T22:14:28.173-0300] {dag.py:4180} INFO - Setting next_dagrun for dataset_produces_1 to 2025-04-21 00:00:00+00:00, run_after=2025-04-22 00:00:00+00:00
[2025-04-21T22:14:28.175-0300] {logging_mixin.py:190} INFO - [2025-04-21T22:14:28.175-0300] {dag.py:4180} INFO - Setting next_dagrun for dataset_produces_2 to None, run_after=None
[2025-04-21T22:14:28.218-0300] {processor.py:208} INFO - Processing /home/jonathan-brito/python-projects/airflow/venv/lib/python3.12/site-packages/airflow/example_dags/example_datasets.py took 0.145 seconds
[2025-04-21T22:15:30.575-0300] {processor.py:186} INFO - Started process (PID=131150) to work on /home/jonathan-brito/python-projects/airflow/venv/lib/python3.12/site-packages/airflow/example_dags/example_datasets.py
[2025-04-21T22:15:30.582-0300] {processor.py:914} INFO - Processing file /home/jonathan-brito/python-projects/airflow/venv/lib/python3.12/site-packages/airflow/example_dags/example_datasets.py for tasks to queue
[2025-04-21T22:15:30.583-0300] {logging_mixin.py:190} INFO - [2025-04-21T22:15:30.583-0300] {dagbag.py:588} INFO - Filling up the DagBag from /home/jonathan-brito/python-projects/airflow/venv/lib/python3.12/site-packages/airflow/example_dags/example_datasets.py
[2025-04-21T22:15:30.598-0300] {processor.py:925} INFO - DAG(s) 'dataset_consumes_1', 'dataset_consumes_unknown_never_scheduled', 'consume_1_and_2_with_dataset_expressions', 'dataset_produces_1', 'consume_1_or_both_2_and_3_with_dataset_expressions', 'dataset_consumes_1_never_scheduled', 'consume_1_or_2_with_dataset_expressions', 'dataset_produces_2', 'conditional_dataset_and_time_based_timetable', 'dataset_consumes_1_and_2' retrieved from /home/jonathan-brito/python-projects/airflow/venv/lib/python3.12/site-packages/airflow/example_dags/example_datasets.py
[2025-04-21T22:15:30.640-0300] {logging_mixin.py:190} INFO - [2025-04-21T22:15:30.640-0300] {dag.py:3239} INFO - Sync 10 DAGs
[2025-04-21T22:15:30.666-0300] {logging_mixin.py:190} INFO - [2025-04-21T22:15:30.666-0300] {dag.py:4180} INFO - Setting next_dagrun for conditional_dataset_and_time_based_timetable to 2025-04-16 01:00:00+00:00, run_after=2025-04-16 01:00:00+00:00
[2025-04-21T22:15:30.669-0300] {logging_mixin.py:190} INFO - [2025-04-21T22:15:30.669-0300] {dag.py:4180} INFO - Setting next_dagrun for consume_1_and_2_with_dataset_expressions to None, run_after=None
[2025-04-21T22:15:30.670-0300] {logging_mixin.py:190} INFO - [2025-04-21T22:15:30.670-0300] {dag.py:4180} INFO - Setting next_dagrun for consume_1_or_2_with_dataset_expressions to None, run_after=None
[2025-04-21T22:15:30.672-0300] {logging_mixin.py:190} INFO - [2025-04-21T22:15:30.672-0300] {dag.py:4180} INFO - Setting next_dagrun for consume_1_or_both_2_and_3_with_dataset_expressions to None, run_after=None
[2025-04-21T22:15:30.673-0300] {logging_mixin.py:190} INFO - [2025-04-21T22:15:30.673-0300] {dag.py:4180} INFO - Setting next_dagrun for dataset_consumes_1 to None, run_after=None
[2025-04-21T22:15:30.674-0300] {logging_mixin.py:190} INFO - [2025-04-21T22:15:30.674-0300] {dag.py:4180} INFO - Setting next_dagrun for dataset_consumes_1_and_2 to None, run_after=None
[2025-04-21T22:15:30.675-0300] {logging_mixin.py:190} INFO - [2025-04-21T22:15:30.675-0300] {dag.py:4180} INFO - Setting next_dagrun for dataset_consumes_1_never_scheduled to None, run_after=None
[2025-04-21T22:15:30.676-0300] {logging_mixin.py:190} INFO - [2025-04-21T22:15:30.676-0300] {dag.py:4180} INFO - Setting next_dagrun for dataset_consumes_unknown_never_scheduled to None, run_after=None
[2025-04-21T22:15:30.679-0300] {logging_mixin.py:190} INFO - [2025-04-21T22:15:30.679-0300] {dag.py:4180} INFO - Setting next_dagrun for dataset_produces_1 to 2025-04-21 00:00:00+00:00, run_after=2025-04-22 00:00:00+00:00
[2025-04-21T22:15:30.680-0300] {logging_mixin.py:190} INFO - [2025-04-21T22:15:30.680-0300] {dag.py:4180} INFO - Setting next_dagrun for dataset_produces_2 to None, run_after=None
[2025-04-21T22:15:30.733-0300] {processor.py:208} INFO - Processing /home/jonathan-brito/python-projects/airflow/venv/lib/python3.12/site-packages/airflow/example_dags/example_datasets.py took 0.166 seconds
[2025-04-21T22:16:31.910-0300] {processor.py:186} INFO - Started process (PID=131767) to work on /home/jonathan-brito/python-projects/airflow/venv/lib/python3.12/site-packages/airflow/example_dags/example_datasets.py
[2025-04-21T22:16:31.917-0300] {processor.py:914} INFO - Processing file /home/jonathan-brito/python-projects/airflow/venv/lib/python3.12/site-packages/airflow/example_dags/example_datasets.py for tasks to queue
[2025-04-21T22:16:31.918-0300] {logging_mixin.py:190} INFO - [2025-04-21T22:16:31.918-0300] {dagbag.py:588} INFO - Filling up the DagBag from /home/jonathan-brito/python-projects/airflow/venv/lib/python3.12/site-packages/airflow/example_dags/example_datasets.py
[2025-04-21T22:16:31.930-0300] {processor.py:925} INFO - DAG(s) 'dataset_consumes_1_never_scheduled', 'dataset_consumes_1_and_2', 'consume_1_or_both_2_and_3_with_dataset_expressions', 'dataset_consumes_1', 'consume_1_or_2_with_dataset_expressions', 'dataset_produces_2', 'dataset_produces_1', 'conditional_dataset_and_time_based_timetable', 'consume_1_and_2_with_dataset_expressions', 'dataset_consumes_unknown_never_scheduled' retrieved from /home/jonathan-brito/python-projects/airflow/venv/lib/python3.12/site-packages/airflow/example_dags/example_datasets.py
[2025-04-21T22:16:31.967-0300] {logging_mixin.py:190} INFO - [2025-04-21T22:16:31.967-0300] {dag.py:3239} INFO - Sync 10 DAGs
[2025-04-21T22:16:31.988-0300] {logging_mixin.py:190} INFO - [2025-04-21T22:16:31.988-0300] {dag.py:4180} INFO - Setting next_dagrun for conditional_dataset_and_time_based_timetable to 2025-04-16 01:00:00+00:00, run_after=2025-04-16 01:00:00+00:00
[2025-04-21T22:16:31.991-0300] {logging_mixin.py:190} INFO - [2025-04-21T22:16:31.990-0300] {dag.py:4180} INFO - Setting next_dagrun for consume_1_and_2_with_dataset_expressions to None, run_after=None
[2025-04-21T22:16:31.992-0300] {logging_mixin.py:190} INFO - [2025-04-21T22:16:31.991-0300] {dag.py:4180} INFO - Setting next_dagrun for consume_1_or_2_with_dataset_expressions to None, run_after=None
[2025-04-21T22:16:31.992-0300] {logging_mixin.py:190} INFO - [2025-04-21T22:16:31.992-0300] {dag.py:4180} INFO - Setting next_dagrun for consume_1_or_both_2_and_3_with_dataset_expressions to None, run_after=None
[2025-04-21T22:16:31.993-0300] {logging_mixin.py:190} INFO - [2025-04-21T22:16:31.993-0300] {dag.py:4180} INFO - Setting next_dagrun for dataset_consumes_1 to None, run_after=None
[2025-04-21T22:16:31.994-0300] {logging_mixin.py:190} INFO - [2025-04-21T22:16:31.994-0300] {dag.py:4180} INFO - Setting next_dagrun for dataset_consumes_1_and_2 to None, run_after=None
[2025-04-21T22:16:31.995-0300] {logging_mixin.py:190} INFO - [2025-04-21T22:16:31.995-0300] {dag.py:4180} INFO - Setting next_dagrun for dataset_consumes_1_never_scheduled to None, run_after=None
[2025-04-21T22:16:31.996-0300] {logging_mixin.py:190} INFO - [2025-04-21T22:16:31.996-0300] {dag.py:4180} INFO - Setting next_dagrun for dataset_consumes_unknown_never_scheduled to None, run_after=None
[2025-04-21T22:16:31.999-0300] {logging_mixin.py:190} INFO - [2025-04-21T22:16:31.998-0300] {dag.py:4180} INFO - Setting next_dagrun for dataset_produces_1 to 2025-04-21 00:00:00+00:00, run_after=2025-04-22 00:00:00+00:00
[2025-04-21T22:16:32.000-0300] {logging_mixin.py:190} INFO - [2025-04-21T22:16:32.000-0300] {dag.py:4180} INFO - Setting next_dagrun for dataset_produces_2 to None, run_after=None
[2025-04-21T22:16:32.041-0300] {processor.py:208} INFO - Processing /home/jonathan-brito/python-projects/airflow/venv/lib/python3.12/site-packages/airflow/example_dags/example_datasets.py took 0.137 seconds
[2025-04-21T22:17:36.387-0300] {processor.py:186} INFO - Started process (PID=132463) to work on /home/jonathan-brito/python-projects/airflow/venv/lib/python3.12/site-packages/airflow/example_dags/example_datasets.py
[2025-04-21T22:17:36.395-0300] {processor.py:914} INFO - Processing file /home/jonathan-brito/python-projects/airflow/venv/lib/python3.12/site-packages/airflow/example_dags/example_datasets.py for tasks to queue
[2025-04-21T22:17:36.396-0300] {logging_mixin.py:190} INFO - [2025-04-21T22:17:36.395-0300] {dagbag.py:588} INFO - Filling up the DagBag from /home/jonathan-brito/python-projects/airflow/venv/lib/python3.12/site-packages/airflow/example_dags/example_datasets.py
[2025-04-21T22:17:36.410-0300] {processor.py:925} INFO - DAG(s) 'dataset_consumes_1_and_2', 'dataset_consumes_1', 'consume_1_or_both_2_and_3_with_dataset_expressions', 'dataset_consumes_unknown_never_scheduled', 'conditional_dataset_and_time_based_timetable', 'dataset_consumes_1_never_scheduled', 'dataset_produces_2', 'consume_1_and_2_with_dataset_expressions', 'consume_1_or_2_with_dataset_expressions', 'dataset_produces_1' retrieved from /home/jonathan-brito/python-projects/airflow/venv/lib/python3.12/site-packages/airflow/example_dags/example_datasets.py
[2025-04-21T22:17:36.452-0300] {logging_mixin.py:190} INFO - [2025-04-21T22:17:36.451-0300] {dag.py:3239} INFO - Sync 10 DAGs
[2025-04-21T22:17:36.474-0300] {logging_mixin.py:190} INFO - [2025-04-21T22:17:36.474-0300] {dag.py:4180} INFO - Setting next_dagrun for conditional_dataset_and_time_based_timetable to 2025-04-16 01:00:00+00:00, run_after=2025-04-16 01:00:00+00:00
[2025-04-21T22:17:36.478-0300] {logging_mixin.py:190} INFO - [2025-04-21T22:17:36.478-0300] {dag.py:4180} INFO - Setting next_dagrun for consume_1_and_2_with_dataset_expressions to None, run_after=None
[2025-04-21T22:17:36.480-0300] {logging_mixin.py:190} INFO - [2025-04-21T22:17:36.480-0300] {dag.py:4180} INFO - Setting next_dagrun for consume_1_or_2_with_dataset_expressions to None, run_after=None
[2025-04-21T22:17:36.482-0300] {logging_mixin.py:190} INFO - [2025-04-21T22:17:36.482-0300] {dag.py:4180} INFO - Setting next_dagrun for consume_1_or_both_2_and_3_with_dataset_expressions to None, run_after=None
[2025-04-21T22:17:36.484-0300] {logging_mixin.py:190} INFO - [2025-04-21T22:17:36.483-0300] {dag.py:4180} INFO - Setting next_dagrun for dataset_consumes_1 to None, run_after=None
[2025-04-21T22:17:36.486-0300] {logging_mixin.py:190} INFO - [2025-04-21T22:17:36.485-0300] {dag.py:4180} INFO - Setting next_dagrun for dataset_consumes_1_and_2 to None, run_after=None
[2025-04-21T22:17:36.487-0300] {logging_mixin.py:190} INFO - [2025-04-21T22:17:36.487-0300] {dag.py:4180} INFO - Setting next_dagrun for dataset_consumes_1_never_scheduled to None, run_after=None
[2025-04-21T22:17:36.489-0300] {logging_mixin.py:190} INFO - [2025-04-21T22:17:36.489-0300] {dag.py:4180} INFO - Setting next_dagrun for dataset_consumes_unknown_never_scheduled to None, run_after=None
[2025-04-21T22:17:36.491-0300] {logging_mixin.py:190} INFO - [2025-04-21T22:17:36.491-0300] {dag.py:4180} INFO - Setting next_dagrun for dataset_produces_1 to 2025-04-21 00:00:00+00:00, run_after=2025-04-22 00:00:00+00:00
[2025-04-21T22:17:36.492-0300] {logging_mixin.py:190} INFO - [2025-04-21T22:17:36.492-0300] {dag.py:4180} INFO - Setting next_dagrun for dataset_produces_2 to None, run_after=None
[2025-04-21T22:17:36.583-0300] {processor.py:208} INFO - Processing /home/jonathan-brito/python-projects/airflow/venv/lib/python3.12/site-packages/airflow/example_dags/example_datasets.py took 0.203 seconds
[2025-04-21T22:18:38.339-0300] {processor.py:186} INFO - Started process (PID=133078) to work on /home/jonathan-brito/python-projects/airflow/venv/lib/python3.12/site-packages/airflow/example_dags/example_datasets.py
[2025-04-21T22:18:38.345-0300] {processor.py:914} INFO - Processing file /home/jonathan-brito/python-projects/airflow/venv/lib/python3.12/site-packages/airflow/example_dags/example_datasets.py for tasks to queue
[2025-04-21T22:18:38.347-0300] {logging_mixin.py:190} INFO - [2025-04-21T22:18:38.347-0300] {dagbag.py:588} INFO - Filling up the DagBag from /home/jonathan-brito/python-projects/airflow/venv/lib/python3.12/site-packages/airflow/example_dags/example_datasets.py
[2025-04-21T22:18:38.360-0300] {processor.py:925} INFO - DAG(s) 'conditional_dataset_and_time_based_timetable', 'consume_1_or_2_with_dataset_expressions', 'dataset_consumes_1_never_scheduled', 'dataset_consumes_unknown_never_scheduled', 'dataset_consumes_1_and_2', 'dataset_produces_1', 'dataset_produces_2', 'dataset_consumes_1', 'consume_1_and_2_with_dataset_expressions', 'consume_1_or_both_2_and_3_with_dataset_expressions' retrieved from /home/jonathan-brito/python-projects/airflow/venv/lib/python3.12/site-packages/airflow/example_dags/example_datasets.py
[2025-04-21T22:18:38.401-0300] {logging_mixin.py:190} INFO - [2025-04-21T22:18:38.400-0300] {dag.py:3239} INFO - Sync 10 DAGs
[2025-04-21T22:18:38.424-0300] {logging_mixin.py:190} INFO - [2025-04-21T22:18:38.424-0300] {dag.py:4180} INFO - Setting next_dagrun for conditional_dataset_and_time_based_timetable to 2025-04-16 01:00:00+00:00, run_after=2025-04-16 01:00:00+00:00
[2025-04-21T22:18:38.427-0300] {logging_mixin.py:190} INFO - [2025-04-21T22:18:38.426-0300] {dag.py:4180} INFO - Setting next_dagrun for consume_1_and_2_with_dataset_expressions to None, run_after=None
[2025-04-21T22:18:38.428-0300] {logging_mixin.py:190} INFO - [2025-04-21T22:18:38.428-0300] {dag.py:4180} INFO - Setting next_dagrun for consume_1_or_2_with_dataset_expressions to None, run_after=None
[2025-04-21T22:18:38.430-0300] {logging_mixin.py:190} INFO - [2025-04-21T22:18:38.430-0300] {dag.py:4180} INFO - Setting next_dagrun for consume_1_or_both_2_and_3_with_dataset_expressions to None, run_after=None
[2025-04-21T22:18:38.431-0300] {logging_mixin.py:190} INFO - [2025-04-21T22:18:38.431-0300] {dag.py:4180} INFO - Setting next_dagrun for dataset_consumes_1 to None, run_after=None
[2025-04-21T22:18:38.432-0300] {logging_mixin.py:190} INFO - [2025-04-21T22:18:38.432-0300] {dag.py:4180} INFO - Setting next_dagrun for dataset_consumes_1_and_2 to None, run_after=None
[2025-04-21T22:18:38.433-0300] {logging_mixin.py:190} INFO - [2025-04-21T22:18:38.432-0300] {dag.py:4180} INFO - Setting next_dagrun for dataset_consumes_1_never_scheduled to None, run_after=None
[2025-04-21T22:18:38.434-0300] {logging_mixin.py:190} INFO - [2025-04-21T22:18:38.433-0300] {dag.py:4180} INFO - Setting next_dagrun for dataset_consumes_unknown_never_scheduled to None, run_after=None
[2025-04-21T22:18:38.437-0300] {logging_mixin.py:190} INFO - [2025-04-21T22:18:38.436-0300] {dag.py:4180} INFO - Setting next_dagrun for dataset_produces_1 to 2025-04-21 00:00:00+00:00, run_after=2025-04-22 00:00:00+00:00
[2025-04-21T22:18:38.438-0300] {logging_mixin.py:190} INFO - [2025-04-21T22:18:38.437-0300] {dag.py:4180} INFO - Setting next_dagrun for dataset_produces_2 to None, run_after=None
[2025-04-21T22:18:38.475-0300] {processor.py:208} INFO - Processing /home/jonathan-brito/python-projects/airflow/venv/lib/python3.12/site-packages/airflow/example_dags/example_datasets.py took 0.144 seconds
[2025-04-21T22:19:40.578-0300] {processor.py:186} INFO - Started process (PID=133806) to work on /home/jonathan-brito/python-projects/airflow/venv/lib/python3.12/site-packages/airflow/example_dags/example_datasets.py
[2025-04-21T22:19:40.585-0300] {processor.py:914} INFO - Processing file /home/jonathan-brito/python-projects/airflow/venv/lib/python3.12/site-packages/airflow/example_dags/example_datasets.py for tasks to queue
[2025-04-21T22:19:40.587-0300] {logging_mixin.py:190} INFO - [2025-04-21T22:19:40.586-0300] {dagbag.py:588} INFO - Filling up the DagBag from /home/jonathan-brito/python-projects/airflow/venv/lib/python3.12/site-packages/airflow/example_dags/example_datasets.py
[2025-04-21T22:19:40.600-0300] {processor.py:925} INFO - DAG(s) 'dataset_consumes_1_never_scheduled', 'dataset_consumes_1_and_2', 'dataset_consumes_1', 'consume_1_or_2_with_dataset_expressions', 'dataset_consumes_unknown_never_scheduled', 'consume_1_or_both_2_and_3_with_dataset_expressions', 'consume_1_and_2_with_dataset_expressions', 'dataset_produces_2', 'conditional_dataset_and_time_based_timetable', 'dataset_produces_1' retrieved from /home/jonathan-brito/python-projects/airflow/venv/lib/python3.12/site-packages/airflow/example_dags/example_datasets.py
[2025-04-21T22:19:40.639-0300] {logging_mixin.py:190} INFO - [2025-04-21T22:19:40.639-0300] {dag.py:3239} INFO - Sync 10 DAGs
[2025-04-21T22:19:40.661-0300] {logging_mixin.py:190} INFO - [2025-04-21T22:19:40.660-0300] {dag.py:4180} INFO - Setting next_dagrun for conditional_dataset_and_time_based_timetable to 2025-04-16 01:00:00+00:00, run_after=2025-04-16 01:00:00+00:00
[2025-04-21T22:19:40.664-0300] {logging_mixin.py:190} INFO - [2025-04-21T22:19:40.664-0300] {dag.py:4180} INFO - Setting next_dagrun for consume_1_and_2_with_dataset_expressions to None, run_after=None
[2025-04-21T22:19:40.665-0300] {logging_mixin.py:190} INFO - [2025-04-21T22:19:40.665-0300] {dag.py:4180} INFO - Setting next_dagrun for consume_1_or_2_with_dataset_expressions to None, run_after=None
[2025-04-21T22:19:40.666-0300] {logging_mixin.py:190} INFO - [2025-04-21T22:19:40.666-0300] {dag.py:4180} INFO - Setting next_dagrun for consume_1_or_both_2_and_3_with_dataset_expressions to None, run_after=None
[2025-04-21T22:19:40.667-0300] {logging_mixin.py:190} INFO - [2025-04-21T22:19:40.667-0300] {dag.py:4180} INFO - Setting next_dagrun for dataset_consumes_1 to None, run_after=None
[2025-04-21T22:19:40.668-0300] {logging_mixin.py:190} INFO - [2025-04-21T22:19:40.668-0300] {dag.py:4180} INFO - Setting next_dagrun for dataset_consumes_1_and_2 to None, run_after=None
[2025-04-21T22:19:40.669-0300] {logging_mixin.py:190} INFO - [2025-04-21T22:19:40.668-0300] {dag.py:4180} INFO - Setting next_dagrun for dataset_consumes_1_never_scheduled to None, run_after=None
[2025-04-21T22:19:40.670-0300] {logging_mixin.py:190} INFO - [2025-04-21T22:19:40.669-0300] {dag.py:4180} INFO - Setting next_dagrun for dataset_consumes_unknown_never_scheduled to None, run_after=None
[2025-04-21T22:19:40.672-0300] {logging_mixin.py:190} INFO - [2025-04-21T22:19:40.672-0300] {dag.py:4180} INFO - Setting next_dagrun for dataset_produces_1 to 2025-04-21 00:00:00+00:00, run_after=2025-04-22 00:00:00+00:00
[2025-04-21T22:19:40.673-0300] {logging_mixin.py:190} INFO - [2025-04-21T22:19:40.673-0300] {dag.py:4180} INFO - Setting next_dagrun for dataset_produces_2 to None, run_after=None
[2025-04-21T22:19:40.717-0300] {processor.py:208} INFO - Processing /home/jonathan-brito/python-projects/airflow/venv/lib/python3.12/site-packages/airflow/example_dags/example_datasets.py took 0.146 seconds
[2025-04-21T22:20:45.454-0300] {processor.py:186} INFO - Started process (PID=134459) to work on /home/jonathan-brito/python-projects/airflow/venv/lib/python3.12/site-packages/airflow/example_dags/example_datasets.py
[2025-04-21T22:20:45.460-0300] {processor.py:914} INFO - Processing file /home/jonathan-brito/python-projects/airflow/venv/lib/python3.12/site-packages/airflow/example_dags/example_datasets.py for tasks to queue
[2025-04-21T22:20:45.462-0300] {logging_mixin.py:190} INFO - [2025-04-21T22:20:45.461-0300] {dagbag.py:588} INFO - Filling up the DagBag from /home/jonathan-brito/python-projects/airflow/venv/lib/python3.12/site-packages/airflow/example_dags/example_datasets.py
[2025-04-21T22:20:45.475-0300] {processor.py:925} INFO - DAG(s) 'consume_1_or_both_2_and_3_with_dataset_expressions', 'conditional_dataset_and_time_based_timetable', 'dataset_produces_1', 'dataset_consumes_1_and_2', 'consume_1_or_2_with_dataset_expressions', 'consume_1_and_2_with_dataset_expressions', 'dataset_consumes_1', 'dataset_consumes_unknown_never_scheduled', 'dataset_consumes_1_never_scheduled', 'dataset_produces_2' retrieved from /home/jonathan-brito/python-projects/airflow/venv/lib/python3.12/site-packages/airflow/example_dags/example_datasets.py
[2025-04-21T22:20:45.513-0300] {logging_mixin.py:190} INFO - [2025-04-21T22:20:45.512-0300] {dag.py:3239} INFO - Sync 10 DAGs
[2025-04-21T22:20:45.536-0300] {logging_mixin.py:190} INFO - [2025-04-21T22:20:45.536-0300] {dag.py:4180} INFO - Setting next_dagrun for conditional_dataset_and_time_based_timetable to 2025-04-16 01:00:00+00:00, run_after=2025-04-16 01:00:00+00:00
[2025-04-21T22:20:45.540-0300] {logging_mixin.py:190} INFO - [2025-04-21T22:20:45.539-0300] {dag.py:4180} INFO - Setting next_dagrun for consume_1_and_2_with_dataset_expressions to None, run_after=None
[2025-04-21T22:20:45.541-0300] {logging_mixin.py:190} INFO - [2025-04-21T22:20:45.541-0300] {dag.py:4180} INFO - Setting next_dagrun for consume_1_or_2_with_dataset_expressions to None, run_after=None
[2025-04-21T22:20:45.542-0300] {logging_mixin.py:190} INFO - [2025-04-21T22:20:45.542-0300] {dag.py:4180} INFO - Setting next_dagrun for consume_1_or_both_2_and_3_with_dataset_expressions to None, run_after=None
[2025-04-21T22:20:45.543-0300] {logging_mixin.py:190} INFO - [2025-04-21T22:20:45.543-0300] {dag.py:4180} INFO - Setting next_dagrun for dataset_consumes_1 to None, run_after=None
[2025-04-21T22:20:45.544-0300] {logging_mixin.py:190} INFO - [2025-04-21T22:20:45.543-0300] {dag.py:4180} INFO - Setting next_dagrun for dataset_consumes_1_and_2 to None, run_after=None
[2025-04-21T22:20:45.545-0300] {logging_mixin.py:190} INFO - [2025-04-21T22:20:45.544-0300] {dag.py:4180} INFO - Setting next_dagrun for dataset_consumes_1_never_scheduled to None, run_after=None
[2025-04-21T22:20:45.546-0300] {logging_mixin.py:190} INFO - [2025-04-21T22:20:45.546-0300] {dag.py:4180} INFO - Setting next_dagrun for dataset_consumes_unknown_never_scheduled to None, run_after=None
[2025-04-21T22:20:45.548-0300] {logging_mixin.py:190} INFO - [2025-04-21T22:20:45.548-0300] {dag.py:4180} INFO - Setting next_dagrun for dataset_produces_1 to 2025-04-21 00:00:00+00:00, run_after=2025-04-22 00:00:00+00:00
[2025-04-21T22:20:45.549-0300] {logging_mixin.py:190} INFO - [2025-04-21T22:20:45.549-0300] {dag.py:4180} INFO - Setting next_dagrun for dataset_produces_2 to None, run_after=None
[2025-04-21T22:20:45.588-0300] {processor.py:208} INFO - Processing /home/jonathan-brito/python-projects/airflow/venv/lib/python3.12/site-packages/airflow/example_dags/example_datasets.py took 0.140 seconds
[2025-04-22T10:24:44.364-0300] {processor.py:186} INFO - Started process (PID=11280) to work on /home/jonathan-brito/python-projects/airflow/venv/lib/python3.12/site-packages/airflow/example_dags/example_datasets.py
[2025-04-22T10:24:44.372-0300] {processor.py:914} INFO - Processing file /home/jonathan-brito/python-projects/airflow/venv/lib/python3.12/site-packages/airflow/example_dags/example_datasets.py for tasks to queue
[2025-04-22T10:24:44.376-0300] {logging_mixin.py:190} INFO - [2025-04-22T10:24:44.375-0300] {dagbag.py:588} INFO - Filling up the DagBag from /home/jonathan-brito/python-projects/airflow/venv/lib/python3.12/site-packages/airflow/example_dags/example_datasets.py
[2025-04-22T10:24:44.404-0300] {processor.py:925} INFO - DAG(s) 'dataset_consumes_1', 'consume_1_or_both_2_and_3_with_dataset_expressions', 'dataset_produces_1', 'consume_1_and_2_with_dataset_expressions', 'consume_1_or_2_with_dataset_expressions', 'dataset_produces_2', 'dataset_consumes_unknown_never_scheduled', 'conditional_dataset_and_time_based_timetable', 'dataset_consumes_1_never_scheduled', 'dataset_consumes_1_and_2' retrieved from /home/jonathan-brito/python-projects/airflow/venv/lib/python3.12/site-packages/airflow/example_dags/example_datasets.py
[2025-04-22T10:24:44.446-0300] {logging_mixin.py:190} INFO - [2025-04-22T10:24:44.446-0300] {dag.py:3239} INFO - Sync 10 DAGs
[2025-04-22T10:24:44.472-0300] {logging_mixin.py:190} INFO - [2025-04-22T10:24:44.472-0300] {dag.py:4180} INFO - Setting next_dagrun for conditional_dataset_and_time_based_timetable to 2025-04-16 01:00:00+00:00, run_after=2025-04-16 01:00:00+00:00
[2025-04-22T10:24:44.475-0300] {logging_mixin.py:190} INFO - [2025-04-22T10:24:44.475-0300] {dag.py:4180} INFO - Setting next_dagrun for consume_1_and_2_with_dataset_expressions to None, run_after=None
[2025-04-22T10:24:44.477-0300] {logging_mixin.py:190} INFO - [2025-04-22T10:24:44.477-0300] {dag.py:4180} INFO - Setting next_dagrun for consume_1_or_2_with_dataset_expressions to None, run_after=None
[2025-04-22T10:24:44.478-0300] {logging_mixin.py:190} INFO - [2025-04-22T10:24:44.478-0300] {dag.py:4180} INFO - Setting next_dagrun for consume_1_or_both_2_and_3_with_dataset_expressions to None, run_after=None
[2025-04-22T10:24:44.479-0300] {logging_mixin.py:190} INFO - [2025-04-22T10:24:44.479-0300] {dag.py:4180} INFO - Setting next_dagrun for dataset_consumes_1 to None, run_after=None
[2025-04-22T10:24:44.480-0300] {logging_mixin.py:190} INFO - [2025-04-22T10:24:44.480-0300] {dag.py:4180} INFO - Setting next_dagrun for dataset_consumes_1_and_2 to None, run_after=None
[2025-04-22T10:24:44.482-0300] {logging_mixin.py:190} INFO - [2025-04-22T10:24:44.481-0300] {dag.py:4180} INFO - Setting next_dagrun for dataset_consumes_1_never_scheduled to None, run_after=None
[2025-04-22T10:24:44.483-0300] {logging_mixin.py:190} INFO - [2025-04-22T10:24:44.483-0300] {dag.py:4180} INFO - Setting next_dagrun for dataset_consumes_unknown_never_scheduled to None, run_after=None
[2025-04-22T10:24:44.486-0300] {logging_mixin.py:190} INFO - [2025-04-22T10:24:44.486-0300] {dag.py:4180} INFO - Setting next_dagrun for dataset_produces_1 to 2025-04-21 00:00:00+00:00, run_after=2025-04-22 00:00:00+00:00
[2025-04-22T10:24:44.487-0300] {logging_mixin.py:190} INFO - [2025-04-22T10:24:44.487-0300] {dag.py:4180} INFO - Setting next_dagrun for dataset_produces_2 to None, run_after=None
[2025-04-22T10:24:44.525-0300] {processor.py:208} INFO - Processing /home/jonathan-brito/python-projects/airflow/venv/lib/python3.12/site-packages/airflow/example_dags/example_datasets.py took 0.173 seconds
[2025-04-22T10:26:26.897-0300] {processor.py:186} INFO - Started process (PID=12738) to work on /home/jonathan-brito/python-projects/airflow/venv/lib/python3.12/site-packages/airflow/example_dags/example_datasets.py
[2025-04-22T10:26:26.904-0300] {processor.py:914} INFO - Processing file /home/jonathan-brito/python-projects/airflow/venv/lib/python3.12/site-packages/airflow/example_dags/example_datasets.py for tasks to queue
[2025-04-22T10:26:26.906-0300] {logging_mixin.py:190} INFO - [2025-04-22T10:26:26.906-0300] {dagbag.py:588} INFO - Filling up the DagBag from /home/jonathan-brito/python-projects/airflow/venv/lib/python3.12/site-packages/airflow/example_dags/example_datasets.py
[2025-04-22T10:26:26.924-0300] {processor.py:925} INFO - DAG(s) 'consume_1_or_2_with_dataset_expressions', 'consume_1_and_2_with_dataset_expressions', 'dataset_produces_1', 'dataset_consumes_1', 'dataset_produces_2', 'conditional_dataset_and_time_based_timetable', 'dataset_consumes_unknown_never_scheduled', 'dataset_consumes_1_and_2', 'dataset_consumes_1_never_scheduled', 'consume_1_or_both_2_and_3_with_dataset_expressions' retrieved from /home/jonathan-brito/python-projects/airflow/venv/lib/python3.12/site-packages/airflow/example_dags/example_datasets.py
[2025-04-22T10:26:26.965-0300] {logging_mixin.py:190} INFO - [2025-04-22T10:26:26.964-0300] {dag.py:3239} INFO - Sync 10 DAGs
[2025-04-22T10:26:26.993-0300] {logging_mixin.py:190} INFO - [2025-04-22T10:26:26.992-0300] {dag.py:4180} INFO - Setting next_dagrun for conditional_dataset_and_time_based_timetable to 2025-04-16 01:00:00+00:00, run_after=2025-04-16 01:00:00+00:00
[2025-04-22T10:26:26.996-0300] {logging_mixin.py:190} INFO - [2025-04-22T10:26:26.996-0300] {dag.py:4180} INFO - Setting next_dagrun for consume_1_and_2_with_dataset_expressions to None, run_after=None
[2025-04-22T10:26:26.997-0300] {logging_mixin.py:190} INFO - [2025-04-22T10:26:26.997-0300] {dag.py:4180} INFO - Setting next_dagrun for consume_1_or_2_with_dataset_expressions to None, run_after=None
[2025-04-22T10:26:26.998-0300] {logging_mixin.py:190} INFO - [2025-04-22T10:26:26.998-0300] {dag.py:4180} INFO - Setting next_dagrun for consume_1_or_both_2_and_3_with_dataset_expressions to None, run_after=None
[2025-04-22T10:26:27.000-0300] {logging_mixin.py:190} INFO - [2025-04-22T10:26:26.999-0300] {dag.py:4180} INFO - Setting next_dagrun for dataset_consumes_1 to None, run_after=None
[2025-04-22T10:26:27.001-0300] {logging_mixin.py:190} INFO - [2025-04-22T10:26:27.000-0300] {dag.py:4180} INFO - Setting next_dagrun for dataset_consumes_1_and_2 to None, run_after=None
[2025-04-22T10:26:27.002-0300] {logging_mixin.py:190} INFO - [2025-04-22T10:26:27.002-0300] {dag.py:4180} INFO - Setting next_dagrun for dataset_consumes_1_never_scheduled to None, run_after=None
[2025-04-22T10:26:27.004-0300] {logging_mixin.py:190} INFO - [2025-04-22T10:26:27.003-0300] {dag.py:4180} INFO - Setting next_dagrun for dataset_consumes_unknown_never_scheduled to None, run_after=None
[2025-04-22T10:26:27.006-0300] {logging_mixin.py:190} INFO - [2025-04-22T10:26:27.006-0300] {dag.py:4180} INFO - Setting next_dagrun for dataset_produces_1 to 2025-04-21 00:00:00+00:00, run_after=2025-04-22 00:00:00+00:00
[2025-04-22T10:26:27.008-0300] {logging_mixin.py:190} INFO - [2025-04-22T10:26:27.008-0300] {dag.py:4180} INFO - Setting next_dagrun for dataset_produces_2 to None, run_after=None
[2025-04-22T10:26:27.053-0300] {processor.py:208} INFO - Processing /home/jonathan-brito/python-projects/airflow/venv/lib/python3.12/site-packages/airflow/example_dags/example_datasets.py took 0.162 seconds
[2025-04-22T10:29:15.945-0300] {processor.py:186} INFO - Started process (PID=15595) to work on /home/jonathan-brito/python-projects/airflow/venv/lib/python3.12/site-packages/airflow/example_dags/example_datasets.py
[2025-04-22T10:29:15.947-0300] {processor.py:914} INFO - Processing file /home/jonathan-brito/python-projects/airflow/venv/lib/python3.12/site-packages/airflow/example_dags/example_datasets.py for tasks to queue
[2025-04-22T10:29:15.950-0300] {logging_mixin.py:190} INFO - [2025-04-22T10:29:15.949-0300] {dagbag.py:588} INFO - Filling up the DagBag from /home/jonathan-brito/python-projects/airflow/venv/lib/python3.12/site-packages/airflow/example_dags/example_datasets.py
[2025-04-22T10:29:15.975-0300] {processor.py:925} INFO - DAG(s) 'conditional_dataset_and_time_based_timetable', 'dataset_produces_2', 'consume_1_or_both_2_and_3_with_dataset_expressions', 'dataset_consumes_1_never_scheduled', 'dataset_consumes_unknown_never_scheduled', 'dataset_consumes_1', 'dataset_consumes_1_and_2', 'consume_1_and_2_with_dataset_expressions', 'consume_1_or_2_with_dataset_expressions', 'dataset_produces_1' retrieved from /home/jonathan-brito/python-projects/airflow/venv/lib/python3.12/site-packages/airflow/example_dags/example_datasets.py
[2025-04-22T10:29:16.041-0300] {logging_mixin.py:190} INFO - [2025-04-22T10:29:16.041-0300] {dag.py:3239} INFO - Sync 10 DAGs
[2025-04-22T10:29:16.116-0300] {logging_mixin.py:190} INFO - [2025-04-22T10:29:16.116-0300] {dag.py:4180} INFO - Setting next_dagrun for conditional_dataset_and_time_based_timetable to 2025-04-16 01:00:00+00:00, run_after=2025-04-16 01:00:00+00:00
[2025-04-22T10:29:16.123-0300] {logging_mixin.py:190} INFO - [2025-04-22T10:29:16.122-0300] {dag.py:4180} INFO - Setting next_dagrun for consume_1_and_2_with_dataset_expressions to None, run_after=None
[2025-04-22T10:29:16.124-0300] {logging_mixin.py:190} INFO - [2025-04-22T10:29:16.124-0300] {dag.py:4180} INFO - Setting next_dagrun for consume_1_or_2_with_dataset_expressions to None, run_after=None
[2025-04-22T10:29:16.126-0300] {logging_mixin.py:190} INFO - [2025-04-22T10:29:16.126-0300] {dag.py:4180} INFO - Setting next_dagrun for consume_1_or_both_2_and_3_with_dataset_expressions to None, run_after=None
[2025-04-22T10:29:16.128-0300] {logging_mixin.py:190} INFO - [2025-04-22T10:29:16.128-0300] {dag.py:4180} INFO - Setting next_dagrun for dataset_consumes_1 to None, run_after=None
[2025-04-22T10:29:16.130-0300] {logging_mixin.py:190} INFO - [2025-04-22T10:29:16.129-0300] {dag.py:4180} INFO - Setting next_dagrun for dataset_consumes_1_and_2 to None, run_after=None
[2025-04-22T10:29:16.132-0300] {logging_mixin.py:190} INFO - [2025-04-22T10:29:16.131-0300] {dag.py:4180} INFO - Setting next_dagrun for dataset_consumes_1_never_scheduled to None, run_after=None
[2025-04-22T10:29:16.134-0300] {logging_mixin.py:190} INFO - [2025-04-22T10:29:16.133-0300] {dag.py:4180} INFO - Setting next_dagrun for dataset_consumes_unknown_never_scheduled to None, run_after=None
[2025-04-22T10:29:16.138-0300] {logging_mixin.py:190} INFO - [2025-04-22T10:29:16.138-0300] {dag.py:4180} INFO - Setting next_dagrun for dataset_produces_1 to 2025-04-21 00:00:00+00:00, run_after=2025-04-22 00:00:00+00:00
[2025-04-22T10:29:16.140-0300] {logging_mixin.py:190} INFO - [2025-04-22T10:29:16.139-0300] {dag.py:4180} INFO - Setting next_dagrun for dataset_produces_2 to None, run_after=None
[2025-04-22T10:29:16.209-0300] {processor.py:208} INFO - Processing /home/jonathan-brito/python-projects/airflow/venv/lib/python3.12/site-packages/airflow/example_dags/example_datasets.py took 0.273 seconds
[2025-04-22T11:08:26.934-0300] {processor.py:186} INFO - Started process (PID=49732) to work on /home/jonathan-brito/python-projects/airflow/venv/lib/python3.12/site-packages/airflow/example_dags/example_datasets.py
[2025-04-22T11:08:26.938-0300] {processor.py:914} INFO - Processing file /home/jonathan-brito/python-projects/airflow/venv/lib/python3.12/site-packages/airflow/example_dags/example_datasets.py for tasks to queue
[2025-04-22T11:08:26.940-0300] {logging_mixin.py:190} INFO - [2025-04-22T11:08:26.939-0300] {dagbag.py:588} INFO - Filling up the DagBag from /home/jonathan-brito/python-projects/airflow/venv/lib/python3.12/site-packages/airflow/example_dags/example_datasets.py
[2025-04-22T11:08:26.960-0300] {processor.py:925} INFO - DAG(s) 'dataset_consumes_1_never_scheduled', 'consume_1_and_2_with_dataset_expressions', 'dataset_consumes_1_and_2', 'consume_1_or_2_with_dataset_expressions', 'dataset_consumes_unknown_never_scheduled', 'dataset_produces_1', 'dataset_consumes_1', 'conditional_dataset_and_time_based_timetable', 'consume_1_or_both_2_and_3_with_dataset_expressions', 'dataset_produces_2' retrieved from /home/jonathan-brito/python-projects/airflow/venv/lib/python3.12/site-packages/airflow/example_dags/example_datasets.py
[2025-04-22T11:08:26.998-0300] {logging_mixin.py:190} INFO - [2025-04-22T11:08:26.998-0300] {dag.py:3239} INFO - Sync 10 DAGs
[2025-04-22T11:08:27.023-0300] {logging_mixin.py:190} INFO - [2025-04-22T11:08:27.022-0300] {dag.py:4180} INFO - Setting next_dagrun for conditional_dataset_and_time_based_timetable to 2025-04-16 01:00:00+00:00, run_after=2025-04-16 01:00:00+00:00
[2025-04-22T11:08:27.026-0300] {logging_mixin.py:190} INFO - [2025-04-22T11:08:27.025-0300] {dag.py:4180} INFO - Setting next_dagrun for consume_1_and_2_with_dataset_expressions to None, run_after=None
[2025-04-22T11:08:27.027-0300] {logging_mixin.py:190} INFO - [2025-04-22T11:08:27.027-0300] {dag.py:4180} INFO - Setting next_dagrun for consume_1_or_2_with_dataset_expressions to None, run_after=None
[2025-04-22T11:08:27.028-0300] {logging_mixin.py:190} INFO - [2025-04-22T11:08:27.028-0300] {dag.py:4180} INFO - Setting next_dagrun for consume_1_or_both_2_and_3_with_dataset_expressions to None, run_after=None
[2025-04-22T11:08:27.029-0300] {logging_mixin.py:190} INFO - [2025-04-22T11:08:27.029-0300] {dag.py:4180} INFO - Setting next_dagrun for dataset_consumes_1 to None, run_after=None
[2025-04-22T11:08:27.030-0300] {logging_mixin.py:190} INFO - [2025-04-22T11:08:27.030-0300] {dag.py:4180} INFO - Setting next_dagrun for dataset_consumes_1_and_2 to None, run_after=None
[2025-04-22T11:08:27.031-0300] {logging_mixin.py:190} INFO - [2025-04-22T11:08:27.031-0300] {dag.py:4180} INFO - Setting next_dagrun for dataset_consumes_1_never_scheduled to None, run_after=None
[2025-04-22T11:08:27.032-0300] {logging_mixin.py:190} INFO - [2025-04-22T11:08:27.032-0300] {dag.py:4180} INFO - Setting next_dagrun for dataset_consumes_unknown_never_scheduled to None, run_after=None
[2025-04-22T11:08:27.034-0300] {logging_mixin.py:190} INFO - [2025-04-22T11:08:27.034-0300] {dag.py:4180} INFO - Setting next_dagrun for dataset_produces_1 to 2025-04-21 00:00:00+00:00, run_after=2025-04-22 00:00:00+00:00
[2025-04-22T11:08:27.035-0300] {logging_mixin.py:190} INFO - [2025-04-22T11:08:27.035-0300] {dag.py:4180} INFO - Setting next_dagrun for dataset_produces_2 to None, run_after=None
[2025-04-22T11:08:27.069-0300] {processor.py:208} INFO - Processing /home/jonathan-brito/python-projects/airflow/venv/lib/python3.12/site-packages/airflow/example_dags/example_datasets.py took 0.145 seconds
[2025-04-22T11:09:27.080-0300] {processor.py:186} INFO - Started process (PID=50115) to work on /home/jonathan-brito/python-projects/airflow/venv/lib/python3.12/site-packages/airflow/example_dags/example_datasets.py
[2025-04-22T11:09:27.088-0300] {processor.py:914} INFO - Processing file /home/jonathan-brito/python-projects/airflow/venv/lib/python3.12/site-packages/airflow/example_dags/example_datasets.py for tasks to queue
[2025-04-22T11:09:27.092-0300] {logging_mixin.py:190} INFO - [2025-04-22T11:09:27.091-0300] {dagbag.py:588} INFO - Filling up the DagBag from /home/jonathan-brito/python-projects/airflow/venv/lib/python3.12/site-packages/airflow/example_dags/example_datasets.py
[2025-04-22T11:09:27.122-0300] {processor.py:925} INFO - DAG(s) 'dataset_consumes_1_and_2', 'dataset_consumes_1', 'conditional_dataset_and_time_based_timetable', 'dataset_consumes_1_never_scheduled', 'dataset_produces_1', 'consume_1_or_both_2_and_3_with_dataset_expressions', 'dataset_consumes_unknown_never_scheduled', 'consume_1_or_2_with_dataset_expressions', 'dataset_produces_2', 'consume_1_and_2_with_dataset_expressions' retrieved from /home/jonathan-brito/python-projects/airflow/venv/lib/python3.12/site-packages/airflow/example_dags/example_datasets.py
[2025-04-22T11:09:27.158-0300] {logging_mixin.py:190} INFO - [2025-04-22T11:09:27.158-0300] {dag.py:3239} INFO - Sync 10 DAGs
[2025-04-22T11:09:27.182-0300] {logging_mixin.py:190} INFO - [2025-04-22T11:09:27.181-0300] {dag.py:4180} INFO - Setting next_dagrun for conditional_dataset_and_time_based_timetable to 2025-04-16 01:00:00+00:00, run_after=2025-04-16 01:00:00+00:00
[2025-04-22T11:09:27.185-0300] {logging_mixin.py:190} INFO - [2025-04-22T11:09:27.185-0300] {dag.py:4180} INFO - Setting next_dagrun for consume_1_and_2_with_dataset_expressions to None, run_after=None
[2025-04-22T11:09:27.186-0300] {logging_mixin.py:190} INFO - [2025-04-22T11:09:27.186-0300] {dag.py:4180} INFO - Setting next_dagrun for consume_1_or_2_with_dataset_expressions to None, run_after=None
[2025-04-22T11:09:27.187-0300] {logging_mixin.py:190} INFO - [2025-04-22T11:09:27.187-0300] {dag.py:4180} INFO - Setting next_dagrun for consume_1_or_both_2_and_3_with_dataset_expressions to None, run_after=None
[2025-04-22T11:09:27.188-0300] {logging_mixin.py:190} INFO - [2025-04-22T11:09:27.188-0300] {dag.py:4180} INFO - Setting next_dagrun for dataset_consumes_1 to None, run_after=None
[2025-04-22T11:09:27.189-0300] {logging_mixin.py:190} INFO - [2025-04-22T11:09:27.189-0300] {dag.py:4180} INFO - Setting next_dagrun for dataset_consumes_1_and_2 to None, run_after=None
[2025-04-22T11:09:27.190-0300] {logging_mixin.py:190} INFO - [2025-04-22T11:09:27.190-0300] {dag.py:4180} INFO - Setting next_dagrun for dataset_consumes_1_never_scheduled to None, run_after=None
[2025-04-22T11:09:27.191-0300] {logging_mixin.py:190} INFO - [2025-04-22T11:09:27.191-0300] {dag.py:4180} INFO - Setting next_dagrun for dataset_consumes_unknown_never_scheduled to None, run_after=None
[2025-04-22T11:09:27.194-0300] {logging_mixin.py:190} INFO - [2025-04-22T11:09:27.193-0300] {dag.py:4180} INFO - Setting next_dagrun for dataset_produces_1 to 2025-04-21 00:00:00+00:00, run_after=2025-04-22 00:00:00+00:00
[2025-04-22T11:09:27.195-0300] {logging_mixin.py:190} INFO - [2025-04-22T11:09:27.195-0300] {dag.py:4180} INFO - Setting next_dagrun for dataset_produces_2 to None, run_after=None
[2025-04-22T11:09:27.228-0300] {processor.py:208} INFO - Processing /home/jonathan-brito/python-projects/airflow/venv/lib/python3.12/site-packages/airflow/example_dags/example_datasets.py took 0.154 seconds
[2025-04-22T11:10:26.142-0300] {processor.py:186} INFO - Started process (PID=50649) to work on /home/jonathan-brito/python-projects/airflow/venv/lib/python3.12/site-packages/airflow/example_dags/example_datasets.py
[2025-04-22T11:10:26.149-0300] {processor.py:914} INFO - Processing file /home/jonathan-brito/python-projects/airflow/venv/lib/python3.12/site-packages/airflow/example_dags/example_datasets.py for tasks to queue
[2025-04-22T11:10:26.150-0300] {logging_mixin.py:190} INFO - [2025-04-22T11:10:26.150-0300] {dagbag.py:588} INFO - Filling up the DagBag from /home/jonathan-brito/python-projects/airflow/venv/lib/python3.12/site-packages/airflow/example_dags/example_datasets.py
[2025-04-22T11:10:26.164-0300] {processor.py:925} INFO - DAG(s) 'dataset_consumes_1_and_2', 'dataset_produces_1', 'dataset_consumes_1', 'dataset_consumes_unknown_never_scheduled', 'dataset_produces_2', 'consume_1_or_both_2_and_3_with_dataset_expressions', 'consume_1_or_2_with_dataset_expressions', 'consume_1_and_2_with_dataset_expressions', 'conditional_dataset_and_time_based_timetable', 'dataset_consumes_1_never_scheduled' retrieved from /home/jonathan-brito/python-projects/airflow/venv/lib/python3.12/site-packages/airflow/example_dags/example_datasets.py
[2025-04-22T11:10:26.203-0300] {logging_mixin.py:190} INFO - [2025-04-22T11:10:26.203-0300] {dag.py:3239} INFO - Sync 10 DAGs
[2025-04-22T11:10:26.227-0300] {logging_mixin.py:190} INFO - [2025-04-22T11:10:26.226-0300] {dag.py:4180} INFO - Setting next_dagrun for conditional_dataset_and_time_based_timetable to 2025-04-16 01:00:00+00:00, run_after=2025-04-16 01:00:00+00:00
[2025-04-22T11:10:26.230-0300] {logging_mixin.py:190} INFO - [2025-04-22T11:10:26.229-0300] {dag.py:4180} INFO - Setting next_dagrun for consume_1_and_2_with_dataset_expressions to None, run_after=None
[2025-04-22T11:10:26.231-0300] {logging_mixin.py:190} INFO - [2025-04-22T11:10:26.231-0300] {dag.py:4180} INFO - Setting next_dagrun for consume_1_or_2_with_dataset_expressions to None, run_after=None
[2025-04-22T11:10:26.232-0300] {logging_mixin.py:190} INFO - [2025-04-22T11:10:26.232-0300] {dag.py:4180} INFO - Setting next_dagrun for consume_1_or_both_2_and_3_with_dataset_expressions to None, run_after=None
[2025-04-22T11:10:26.233-0300] {logging_mixin.py:190} INFO - [2025-04-22T11:10:26.233-0300] {dag.py:4180} INFO - Setting next_dagrun for dataset_consumes_1 to None, run_after=None
[2025-04-22T11:10:26.234-0300] {logging_mixin.py:190} INFO - [2025-04-22T11:10:26.234-0300] {dag.py:4180} INFO - Setting next_dagrun for dataset_consumes_1_and_2 to None, run_after=None
[2025-04-22T11:10:26.235-0300] {logging_mixin.py:190} INFO - [2025-04-22T11:10:26.235-0300] {dag.py:4180} INFO - Setting next_dagrun for dataset_consumes_1_never_scheduled to None, run_after=None
[2025-04-22T11:10:26.236-0300] {logging_mixin.py:190} INFO - [2025-04-22T11:10:26.236-0300] {dag.py:4180} INFO - Setting next_dagrun for dataset_consumes_unknown_never_scheduled to None, run_after=None
[2025-04-22T11:10:26.239-0300] {logging_mixin.py:190} INFO - [2025-04-22T11:10:26.239-0300] {dag.py:4180} INFO - Setting next_dagrun for dataset_produces_1 to 2025-04-21 00:00:00+00:00, run_after=2025-04-22 00:00:00+00:00
[2025-04-22T11:10:26.240-0300] {logging_mixin.py:190} INFO - [2025-04-22T11:10:26.240-0300] {dag.py:4180} INFO - Setting next_dagrun for dataset_produces_2 to None, run_after=None
[2025-04-22T11:10:26.275-0300] {processor.py:208} INFO - Processing /home/jonathan-brito/python-projects/airflow/venv/lib/python3.12/site-packages/airflow/example_dags/example_datasets.py took 0.141 seconds
[2025-04-22T11:11:31.051-0300] {processor.py:186} INFO - Started process (PID=51064) to work on /home/jonathan-brito/python-projects/airflow/venv/lib/python3.12/site-packages/airflow/example_dags/example_datasets.py
[2025-04-22T11:11:31.053-0300] {processor.py:914} INFO - Processing file /home/jonathan-brito/python-projects/airflow/venv/lib/python3.12/site-packages/airflow/example_dags/example_datasets.py for tasks to queue
[2025-04-22T11:11:31.054-0300] {logging_mixin.py:190} INFO - [2025-04-22T11:11:31.054-0300] {dagbag.py:588} INFO - Filling up the DagBag from /home/jonathan-brito/python-projects/airflow/venv/lib/python3.12/site-packages/airflow/example_dags/example_datasets.py
[2025-04-22T11:11:31.068-0300] {processor.py:925} INFO - DAG(s) 'dataset_produces_1', 'dataset_consumes_unknown_never_scheduled', 'dataset_consumes_1', 'conditional_dataset_and_time_based_timetable', 'dataset_consumes_1_and_2', 'consume_1_or_both_2_and_3_with_dataset_expressions', 'dataset_consumes_1_never_scheduled', 'consume_1_or_2_with_dataset_expressions', 'dataset_produces_2', 'consume_1_and_2_with_dataset_expressions' retrieved from /home/jonathan-brito/python-projects/airflow/venv/lib/python3.12/site-packages/airflow/example_dags/example_datasets.py
[2025-04-22T11:11:31.105-0300] {logging_mixin.py:190} INFO - [2025-04-22T11:11:31.105-0300] {dag.py:3239} INFO - Sync 10 DAGs
[2025-04-22T11:11:31.129-0300] {logging_mixin.py:190} INFO - [2025-04-22T11:11:31.129-0300] {dag.py:4180} INFO - Setting next_dagrun for conditional_dataset_and_time_based_timetable to 2025-04-16 01:00:00+00:00, run_after=2025-04-16 01:00:00+00:00
[2025-04-22T11:11:31.133-0300] {logging_mixin.py:190} INFO - [2025-04-22T11:11:31.133-0300] {dag.py:4180} INFO - Setting next_dagrun for consume_1_and_2_with_dataset_expressions to None, run_after=None
[2025-04-22T11:11:31.134-0300] {logging_mixin.py:190} INFO - [2025-04-22T11:11:31.134-0300] {dag.py:4180} INFO - Setting next_dagrun for consume_1_or_2_with_dataset_expressions to None, run_after=None
[2025-04-22T11:11:31.135-0300] {logging_mixin.py:190} INFO - [2025-04-22T11:11:31.135-0300] {dag.py:4180} INFO - Setting next_dagrun for consume_1_or_both_2_and_3_with_dataset_expressions to None, run_after=None
[2025-04-22T11:11:31.136-0300] {logging_mixin.py:190} INFO - [2025-04-22T11:11:31.136-0300] {dag.py:4180} INFO - Setting next_dagrun for dataset_consumes_1 to None, run_after=None
[2025-04-22T11:11:31.137-0300] {logging_mixin.py:190} INFO - [2025-04-22T11:11:31.137-0300] {dag.py:4180} INFO - Setting next_dagrun for dataset_consumes_1_and_2 to None, run_after=None
[2025-04-22T11:11:31.138-0300] {logging_mixin.py:190} INFO - [2025-04-22T11:11:31.137-0300] {dag.py:4180} INFO - Setting next_dagrun for dataset_consumes_1_never_scheduled to None, run_after=None
[2025-04-22T11:11:31.139-0300] {logging_mixin.py:190} INFO - [2025-04-22T11:11:31.138-0300] {dag.py:4180} INFO - Setting next_dagrun for dataset_consumes_unknown_never_scheduled to None, run_after=None
[2025-04-22T11:11:31.141-0300] {logging_mixin.py:190} INFO - [2025-04-22T11:11:31.141-0300] {dag.py:4180} INFO - Setting next_dagrun for dataset_produces_1 to 2025-04-21 00:00:00+00:00, run_after=2025-04-22 00:00:00+00:00
[2025-04-22T11:11:31.143-0300] {logging_mixin.py:190} INFO - [2025-04-22T11:11:31.143-0300] {dag.py:4180} INFO - Setting next_dagrun for dataset_produces_2 to None, run_after=None
[2025-04-22T11:11:31.189-0300] {processor.py:208} INFO - Processing /home/jonathan-brito/python-projects/airflow/venv/lib/python3.12/site-packages/airflow/example_dags/example_datasets.py took 0.144 seconds
