[2025-04-21T21:23:37.446-0300] {processor.py:186} INFO - Started process (PID=70558) to work on /home/jonathan-brito/python-projects/airflow/venv/lib/python3.12/site-packages/airflow/example_dags/example_short_circuit_decorator.py
[2025-04-21T21:23:37.446-0300] {processor.py:914} INFO - Processing file /home/jonathan-brito/python-projects/airflow/venv/lib/python3.12/site-packages/airflow/example_dags/example_short_circuit_decorator.py for tasks to queue
[2025-04-21T21:23:37.448-0300] {logging_mixin.py:190} INFO - [2025-04-21T21:23:37.448-0300] {dagbag.py:588} INFO - Filling up the DagBag from /home/jonathan-brito/python-projects/airflow/venv/lib/python3.12/site-packages/airflow/example_dags/example_short_circuit_decorator.py
[2025-04-21T21:23:37.460-0300] {processor.py:925} INFO - DAG(s) 'example_short_circuit_decorator' retrieved from /home/jonathan-brito/python-projects/airflow/venv/lib/python3.12/site-packages/airflow/example_dags/example_short_circuit_decorator.py
[2025-04-21T21:23:37.483-0300] {logging_mixin.py:190} INFO - [2025-04-21T21:23:37.483-0300] {dag.py:3239} INFO - Sync 1 DAGs
[2025-04-21T21:23:37.497-0300] {logging_mixin.py:190} INFO - [2025-04-21T21:23:37.497-0300] {dag.py:4180} INFO - Setting next_dagrun for example_short_circuit_decorator to None, run_after=None
[2025-04-21T21:23:37.532-0300] {processor.py:208} INFO - Processing /home/jonathan-brito/python-projects/airflow/venv/lib/python3.12/site-packages/airflow/example_dags/example_short_circuit_decorator.py took 0.092 seconds
[2025-04-21T21:24:44.924-0300] {processor.py:186} INFO - Started process (PID=71430) to work on /home/jonathan-brito/python-projects/airflow/venv/lib/python3.12/site-packages/airflow/example_dags/example_short_circuit_decorator.py
[2025-04-21T21:24:44.931-0300] {processor.py:914} INFO - Processing file /home/jonathan-brito/python-projects/airflow/venv/lib/python3.12/site-packages/airflow/example_dags/example_short_circuit_decorator.py for tasks to queue
[2025-04-21T21:24:44.934-0300] {logging_mixin.py:190} INFO - [2025-04-21T21:24:44.933-0300] {dagbag.py:588} INFO - Filling up the DagBag from /home/jonathan-brito/python-projects/airflow/venv/lib/python3.12/site-packages/airflow/example_dags/example_short_circuit_decorator.py
[2025-04-21T21:24:44.945-0300] {processor.py:925} INFO - DAG(s) 'example_short_circuit_decorator' retrieved from /home/jonathan-brito/python-projects/airflow/venv/lib/python3.12/site-packages/airflow/example_dags/example_short_circuit_decorator.py
[2025-04-21T21:24:44.965-0300] {logging_mixin.py:190} INFO - [2025-04-21T21:24:44.965-0300] {dag.py:3239} INFO - Sync 1 DAGs
[2025-04-21T21:24:44.979-0300] {logging_mixin.py:190} INFO - [2025-04-21T21:24:44.979-0300] {dag.py:4180} INFO - Setting next_dagrun for example_short_circuit_decorator to None, run_after=None
[2025-04-21T21:24:45.012-0300] {processor.py:208} INFO - Processing /home/jonathan-brito/python-projects/airflow/venv/lib/python3.12/site-packages/airflow/example_dags/example_short_circuit_decorator.py took 0.097 seconds
[2025-04-21T22:09:54.726-0300] {processor.py:186} INFO - Started process (PID=127128) to work on /home/jonathan-brito/python-projects/airflow/venv/lib/python3.12/site-packages/airflow/example_dags/example_short_circuit_decorator.py
[2025-04-21T22:09:54.733-0300] {processor.py:914} INFO - Processing file /home/jonathan-brito/python-projects/airflow/venv/lib/python3.12/site-packages/airflow/example_dags/example_short_circuit_decorator.py for tasks to queue
[2025-04-21T22:09:54.735-0300] {logging_mixin.py:190} INFO - [2025-04-21T22:09:54.734-0300] {dagbag.py:588} INFO - Filling up the DagBag from /home/jonathan-brito/python-projects/airflow/venv/lib/python3.12/site-packages/airflow/example_dags/example_short_circuit_decorator.py
[2025-04-21T22:09:54.746-0300] {processor.py:925} INFO - DAG(s) 'example_short_circuit_decorator' retrieved from /home/jonathan-brito/python-projects/airflow/venv/lib/python3.12/site-packages/airflow/example_dags/example_short_circuit_decorator.py
[2025-04-21T22:09:54.773-0300] {logging_mixin.py:190} INFO - [2025-04-21T22:09:54.772-0300] {dag.py:3239} INFO - Sync 1 DAGs
[2025-04-21T22:09:54.787-0300] {logging_mixin.py:190} INFO - [2025-04-21T22:09:54.786-0300] {dag.py:4180} INFO - Setting next_dagrun for example_short_circuit_decorator to None, run_after=None
[2025-04-21T22:09:54.825-0300] {processor.py:208} INFO - Processing /home/jonathan-brito/python-projects/airflow/venv/lib/python3.12/site-packages/airflow/example_dags/example_short_circuit_decorator.py took 0.107 seconds
[2025-04-21T22:10:57.270-0300] {processor.py:186} INFO - Started process (PID=128100) to work on /home/jonathan-brito/python-projects/airflow/venv/lib/python3.12/site-packages/airflow/example_dags/example_short_circuit_decorator.py
[2025-04-21T22:10:57.277-0300] {processor.py:914} INFO - Processing file /home/jonathan-brito/python-projects/airflow/venv/lib/python3.12/site-packages/airflow/example_dags/example_short_circuit_decorator.py for tasks to queue
[2025-04-21T22:10:57.278-0300] {logging_mixin.py:190} INFO - [2025-04-21T22:10:57.278-0300] {dagbag.py:588} INFO - Filling up the DagBag from /home/jonathan-brito/python-projects/airflow/venv/lib/python3.12/site-packages/airflow/example_dags/example_short_circuit_decorator.py
[2025-04-21T22:10:57.291-0300] {processor.py:925} INFO - DAG(s) 'example_short_circuit_decorator' retrieved from /home/jonathan-brito/python-projects/airflow/venv/lib/python3.12/site-packages/airflow/example_dags/example_short_circuit_decorator.py
[2025-04-21T22:10:57.314-0300] {logging_mixin.py:190} INFO - [2025-04-21T22:10:57.313-0300] {dag.py:3239} INFO - Sync 1 DAGs
[2025-04-21T22:10:57.329-0300] {logging_mixin.py:190} INFO - [2025-04-21T22:10:57.328-0300] {dag.py:4180} INFO - Setting next_dagrun for example_short_circuit_decorator to None, run_after=None
[2025-04-21T22:10:57.362-0300] {processor.py:208} INFO - Processing /home/jonathan-brito/python-projects/airflow/venv/lib/python3.12/site-packages/airflow/example_dags/example_short_circuit_decorator.py took 0.100 seconds
[2025-04-21T22:12:00.633-0300] {processor.py:186} INFO - Started process (PID=128811) to work on /home/jonathan-brito/python-projects/airflow/venv/lib/python3.12/site-packages/airflow/example_dags/example_short_circuit_decorator.py
[2025-04-21T22:12:00.640-0300] {processor.py:914} INFO - Processing file /home/jonathan-brito/python-projects/airflow/venv/lib/python3.12/site-packages/airflow/example_dags/example_short_circuit_decorator.py for tasks to queue
[2025-04-21T22:12:00.642-0300] {logging_mixin.py:190} INFO - [2025-04-21T22:12:00.642-0300] {dagbag.py:588} INFO - Filling up the DagBag from /home/jonathan-brito/python-projects/airflow/venv/lib/python3.12/site-packages/airflow/example_dags/example_short_circuit_decorator.py
[2025-04-21T22:12:00.655-0300] {processor.py:925} INFO - DAG(s) 'example_short_circuit_decorator' retrieved from /home/jonathan-brito/python-projects/airflow/venv/lib/python3.12/site-packages/airflow/example_dags/example_short_circuit_decorator.py
[2025-04-21T22:12:00.675-0300] {logging_mixin.py:190} INFO - [2025-04-21T22:12:00.675-0300] {dag.py:3239} INFO - Sync 1 DAGs
[2025-04-21T22:12:00.688-0300] {logging_mixin.py:190} INFO - [2025-04-21T22:12:00.688-0300] {dag.py:4180} INFO - Setting next_dagrun for example_short_circuit_decorator to None, run_after=None
[2025-04-21T22:12:00.722-0300] {processor.py:208} INFO - Processing /home/jonathan-brito/python-projects/airflow/venv/lib/python3.12/site-packages/airflow/example_dags/example_short_circuit_decorator.py took 0.098 seconds
[2025-04-21T22:13:01.837-0300] {processor.py:186} INFO - Started process (PID=129426) to work on /home/jonathan-brito/python-projects/airflow/venv/lib/python3.12/site-packages/airflow/example_dags/example_short_circuit_decorator.py
[2025-04-21T22:13:01.844-0300] {processor.py:914} INFO - Processing file /home/jonathan-brito/python-projects/airflow/venv/lib/python3.12/site-packages/airflow/example_dags/example_short_circuit_decorator.py for tasks to queue
[2025-04-21T22:13:01.845-0300] {logging_mixin.py:190} INFO - [2025-04-21T22:13:01.845-0300] {dagbag.py:588} INFO - Filling up the DagBag from /home/jonathan-brito/python-projects/airflow/venv/lib/python3.12/site-packages/airflow/example_dags/example_short_circuit_decorator.py
[2025-04-21T22:13:01.854-0300] {processor.py:925} INFO - DAG(s) 'example_short_circuit_decorator' retrieved from /home/jonathan-brito/python-projects/airflow/venv/lib/python3.12/site-packages/airflow/example_dags/example_short_circuit_decorator.py
[2025-04-21T22:13:01.873-0300] {logging_mixin.py:190} INFO - [2025-04-21T22:13:01.873-0300] {dag.py:3239} INFO - Sync 1 DAGs
[2025-04-21T22:13:01.885-0300] {logging_mixin.py:190} INFO - [2025-04-21T22:13:01.885-0300] {dag.py:4180} INFO - Setting next_dagrun for example_short_circuit_decorator to None, run_after=None
[2025-04-21T22:13:01.921-0300] {processor.py:208} INFO - Processing /home/jonathan-brito/python-projects/airflow/venv/lib/python3.12/site-packages/airflow/example_dags/example_short_circuit_decorator.py took 0.092 seconds
[2025-04-21T22:14:07.726-0300] {processor.py:186} INFO - Started process (PID=130198) to work on /home/jonathan-brito/python-projects/airflow/venv/lib/python3.12/site-packages/airflow/example_dags/example_short_circuit_decorator.py
[2025-04-21T22:14:07.735-0300] {processor.py:914} INFO - Processing file /home/jonathan-brito/python-projects/airflow/venv/lib/python3.12/site-packages/airflow/example_dags/example_short_circuit_decorator.py for tasks to queue
[2025-04-21T22:14:07.738-0300] {logging_mixin.py:190} INFO - [2025-04-21T22:14:07.737-0300] {dagbag.py:588} INFO - Filling up the DagBag from /home/jonathan-brito/python-projects/airflow/venv/lib/python3.12/site-packages/airflow/example_dags/example_short_circuit_decorator.py
[2025-04-21T22:14:07.752-0300] {processor.py:925} INFO - DAG(s) 'example_short_circuit_decorator' retrieved from /home/jonathan-brito/python-projects/airflow/venv/lib/python3.12/site-packages/airflow/example_dags/example_short_circuit_decorator.py
[2025-04-21T22:14:07.772-0300] {logging_mixin.py:190} INFO - [2025-04-21T22:14:07.771-0300] {dag.py:3239} INFO - Sync 1 DAGs
[2025-04-21T22:14:07.783-0300] {logging_mixin.py:190} INFO - [2025-04-21T22:14:07.783-0300] {dag.py:4180} INFO - Setting next_dagrun for example_short_circuit_decorator to None, run_after=None
[2025-04-21T22:14:07.806-0300] {processor.py:208} INFO - Processing /home/jonathan-brito/python-projects/airflow/venv/lib/python3.12/site-packages/airflow/example_dags/example_short_circuit_decorator.py took 0.106 seconds
[2025-04-21T22:15:09.214-0300] {processor.py:186} INFO - Started process (PID=130878) to work on /home/jonathan-brito/python-projects/airflow/venv/lib/python3.12/site-packages/airflow/example_dags/example_short_circuit_decorator.py
[2025-04-21T22:15:09.222-0300] {processor.py:914} INFO - Processing file /home/jonathan-brito/python-projects/airflow/venv/lib/python3.12/site-packages/airflow/example_dags/example_short_circuit_decorator.py for tasks to queue
[2025-04-21T22:15:09.223-0300] {logging_mixin.py:190} INFO - [2025-04-21T22:15:09.223-0300] {dagbag.py:588} INFO - Filling up the DagBag from /home/jonathan-brito/python-projects/airflow/venv/lib/python3.12/site-packages/airflow/example_dags/example_short_circuit_decorator.py
[2025-04-21T22:15:09.234-0300] {processor.py:925} INFO - DAG(s) 'example_short_circuit_decorator' retrieved from /home/jonathan-brito/python-projects/airflow/venv/lib/python3.12/site-packages/airflow/example_dags/example_short_circuit_decorator.py
[2025-04-21T22:15:09.255-0300] {logging_mixin.py:190} INFO - [2025-04-21T22:15:09.254-0300] {dag.py:3239} INFO - Sync 1 DAGs
[2025-04-21T22:15:09.266-0300] {logging_mixin.py:190} INFO - [2025-04-21T22:15:09.266-0300] {dag.py:4180} INFO - Setting next_dagrun for example_short_circuit_decorator to None, run_after=None
[2025-04-21T22:15:09.300-0300] {processor.py:208} INFO - Processing /home/jonathan-brito/python-projects/airflow/venv/lib/python3.12/site-packages/airflow/example_dags/example_short_circuit_decorator.py took 0.093 seconds
[2025-04-21T22:16:10.989-0300] {processor.py:186} INFO - Started process (PID=131524) to work on /home/jonathan-brito/python-projects/airflow/venv/lib/python3.12/site-packages/airflow/example_dags/example_short_circuit_decorator.py
[2025-04-21T22:16:10.996-0300] {processor.py:914} INFO - Processing file /home/jonathan-brito/python-projects/airflow/venv/lib/python3.12/site-packages/airflow/example_dags/example_short_circuit_decorator.py for tasks to queue
[2025-04-21T22:16:10.998-0300] {logging_mixin.py:190} INFO - [2025-04-21T22:16:10.997-0300] {dagbag.py:588} INFO - Filling up the DagBag from /home/jonathan-brito/python-projects/airflow/venv/lib/python3.12/site-packages/airflow/example_dags/example_short_circuit_decorator.py
[2025-04-21T22:16:11.010-0300] {processor.py:925} INFO - DAG(s) 'example_short_circuit_decorator' retrieved from /home/jonathan-brito/python-projects/airflow/venv/lib/python3.12/site-packages/airflow/example_dags/example_short_circuit_decorator.py
[2025-04-21T22:16:11.030-0300] {logging_mixin.py:190} INFO - [2025-04-21T22:16:11.030-0300] {dag.py:3239} INFO - Sync 1 DAGs
[2025-04-21T22:16:11.042-0300] {logging_mixin.py:190} INFO - [2025-04-21T22:16:11.042-0300] {dag.py:4180} INFO - Setting next_dagrun for example_short_circuit_decorator to None, run_after=None
[2025-04-21T22:16:11.069-0300] {processor.py:208} INFO - Processing /home/jonathan-brito/python-projects/airflow/venv/lib/python3.12/site-packages/airflow/example_dags/example_short_circuit_decorator.py took 0.088 seconds
[2025-04-21T22:17:14.817-0300] {processor.py:186} INFO - Started process (PID=132174) to work on /home/jonathan-brito/python-projects/airflow/venv/lib/python3.12/site-packages/airflow/example_dags/example_short_circuit_decorator.py
[2025-04-21T22:17:14.824-0300] {processor.py:914} INFO - Processing file /home/jonathan-brito/python-projects/airflow/venv/lib/python3.12/site-packages/airflow/example_dags/example_short_circuit_decorator.py for tasks to queue
[2025-04-21T22:17:14.828-0300] {logging_mixin.py:190} INFO - [2025-04-21T22:17:14.827-0300] {dagbag.py:588} INFO - Filling up the DagBag from /home/jonathan-brito/python-projects/airflow/venv/lib/python3.12/site-packages/airflow/example_dags/example_short_circuit_decorator.py
[2025-04-21T22:17:14.854-0300] {processor.py:925} INFO - DAG(s) 'example_short_circuit_decorator' retrieved from /home/jonathan-brito/python-projects/airflow/venv/lib/python3.12/site-packages/airflow/example_dags/example_short_circuit_decorator.py
[2025-04-21T22:17:14.877-0300] {logging_mixin.py:190} INFO - [2025-04-21T22:17:14.877-0300] {dag.py:3239} INFO - Sync 1 DAGs
[2025-04-21T22:17:14.890-0300] {logging_mixin.py:190} INFO - [2025-04-21T22:17:14.890-0300] {dag.py:4180} INFO - Setting next_dagrun for example_short_circuit_decorator to None, run_after=None
[2025-04-21T22:17:14.919-0300] {processor.py:208} INFO - Processing /home/jonathan-brito/python-projects/airflow/venv/lib/python3.12/site-packages/airflow/example_dags/example_short_circuit_decorator.py took 0.108 seconds
[2025-04-21T22:18:16.621-0300] {processor.py:186} INFO - Started process (PID=132822) to work on /home/jonathan-brito/python-projects/airflow/venv/lib/python3.12/site-packages/airflow/example_dags/example_short_circuit_decorator.py
[2025-04-21T22:18:16.628-0300] {processor.py:914} INFO - Processing file /home/jonathan-brito/python-projects/airflow/venv/lib/python3.12/site-packages/airflow/example_dags/example_short_circuit_decorator.py for tasks to queue
[2025-04-21T22:18:16.629-0300] {logging_mixin.py:190} INFO - [2025-04-21T22:18:16.629-0300] {dagbag.py:588} INFO - Filling up the DagBag from /home/jonathan-brito/python-projects/airflow/venv/lib/python3.12/site-packages/airflow/example_dags/example_short_circuit_decorator.py
[2025-04-21T22:18:16.638-0300] {processor.py:925} INFO - DAG(s) 'example_short_circuit_decorator' retrieved from /home/jonathan-brito/python-projects/airflow/venv/lib/python3.12/site-packages/airflow/example_dags/example_short_circuit_decorator.py
[2025-04-21T22:18:16.658-0300] {logging_mixin.py:190} INFO - [2025-04-21T22:18:16.657-0300] {dag.py:3239} INFO - Sync 1 DAGs
[2025-04-21T22:18:16.670-0300] {logging_mixin.py:190} INFO - [2025-04-21T22:18:16.670-0300] {dag.py:4180} INFO - Setting next_dagrun for example_short_circuit_decorator to None, run_after=None
[2025-04-21T22:18:16.707-0300] {processor.py:208} INFO - Processing /home/jonathan-brito/python-projects/airflow/venv/lib/python3.12/site-packages/airflow/example_dags/example_short_circuit_decorator.py took 0.092 seconds
[2025-04-21T22:19:20.373-0300] {processor.py:186} INFO - Started process (PID=133490) to work on /home/jonathan-brito/python-projects/airflow/venv/lib/python3.12/site-packages/airflow/example_dags/example_short_circuit_decorator.py
[2025-04-21T22:19:20.380-0300] {processor.py:914} INFO - Processing file /home/jonathan-brito/python-projects/airflow/venv/lib/python3.12/site-packages/airflow/example_dags/example_short_circuit_decorator.py for tasks to queue
[2025-04-21T22:19:20.381-0300] {logging_mixin.py:190} INFO - [2025-04-21T22:19:20.381-0300] {dagbag.py:588} INFO - Filling up the DagBag from /home/jonathan-brito/python-projects/airflow/venv/lib/python3.12/site-packages/airflow/example_dags/example_short_circuit_decorator.py
[2025-04-21T22:19:20.390-0300] {processor.py:925} INFO - DAG(s) 'example_short_circuit_decorator' retrieved from /home/jonathan-brito/python-projects/airflow/venv/lib/python3.12/site-packages/airflow/example_dags/example_short_circuit_decorator.py
[2025-04-21T22:19:20.409-0300] {logging_mixin.py:190} INFO - [2025-04-21T22:19:20.409-0300] {dag.py:3239} INFO - Sync 1 DAGs
[2025-04-21T22:19:20.421-0300] {logging_mixin.py:190} INFO - [2025-04-21T22:19:20.421-0300] {dag.py:4180} INFO - Setting next_dagrun for example_short_circuit_decorator to None, run_after=None
[2025-04-21T22:19:20.444-0300] {processor.py:208} INFO - Processing /home/jonathan-brito/python-projects/airflow/venv/lib/python3.12/site-packages/airflow/example_dags/example_short_circuit_decorator.py took 0.077 seconds
[2025-04-21T22:20:24.709-0300] {processor.py:186} INFO - Started process (PID=134212) to work on /home/jonathan-brito/python-projects/airflow/venv/lib/python3.12/site-packages/airflow/example_dags/example_short_circuit_decorator.py
[2025-04-21T22:20:24.716-0300] {processor.py:914} INFO - Processing file /home/jonathan-brito/python-projects/airflow/venv/lib/python3.12/site-packages/airflow/example_dags/example_short_circuit_decorator.py for tasks to queue
[2025-04-21T22:20:24.718-0300] {logging_mixin.py:190} INFO - [2025-04-21T22:20:24.717-0300] {dagbag.py:588} INFO - Filling up the DagBag from /home/jonathan-brito/python-projects/airflow/venv/lib/python3.12/site-packages/airflow/example_dags/example_short_circuit_decorator.py
[2025-04-21T22:20:24.727-0300] {processor.py:925} INFO - DAG(s) 'example_short_circuit_decorator' retrieved from /home/jonathan-brito/python-projects/airflow/venv/lib/python3.12/site-packages/airflow/example_dags/example_short_circuit_decorator.py
[2025-04-21T22:20:24.748-0300] {logging_mixin.py:190} INFO - [2025-04-21T22:20:24.748-0300] {dag.py:3239} INFO - Sync 1 DAGs
[2025-04-21T22:20:24.762-0300] {logging_mixin.py:190} INFO - [2025-04-21T22:20:24.761-0300] {dag.py:4180} INFO - Setting next_dagrun for example_short_circuit_decorator to None, run_after=None
[2025-04-21T22:20:24.797-0300] {processor.py:208} INFO - Processing /home/jonathan-brito/python-projects/airflow/venv/lib/python3.12/site-packages/airflow/example_dags/example_short_circuit_decorator.py took 0.094 seconds
[2025-04-22T10:24:18.704-0300] {processor.py:186} INFO - Started process (PID=10834) to work on /home/jonathan-brito/python-projects/airflow/venv/lib/python3.12/site-packages/airflow/example_dags/example_short_circuit_decorator.py
[2025-04-22T10:24:18.713-0300] {processor.py:914} INFO - Processing file /home/jonathan-brito/python-projects/airflow/venv/lib/python3.12/site-packages/airflow/example_dags/example_short_circuit_decorator.py for tasks to queue
[2025-04-22T10:24:18.716-0300] {logging_mixin.py:190} INFO - [2025-04-22T10:24:18.715-0300] {dagbag.py:588} INFO - Filling up the DagBag from /home/jonathan-brito/python-projects/airflow/venv/lib/python3.12/site-packages/airflow/example_dags/example_short_circuit_decorator.py
[2025-04-22T10:24:18.741-0300] {processor.py:925} INFO - DAG(s) 'example_short_circuit_decorator' retrieved from /home/jonathan-brito/python-projects/airflow/venv/lib/python3.12/site-packages/airflow/example_dags/example_short_circuit_decorator.py
[2025-04-22T10:24:18.776-0300] {logging_mixin.py:190} INFO - [2025-04-22T10:24:18.775-0300] {dag.py:3239} INFO - Sync 1 DAGs
[2025-04-22T10:24:18.797-0300] {logging_mixin.py:190} INFO - [2025-04-22T10:24:18.797-0300] {dag.py:4180} INFO - Setting next_dagrun for example_short_circuit_decorator to None, run_after=None
[2025-04-22T10:24:18.838-0300] {processor.py:208} INFO - Processing /home/jonathan-brito/python-projects/airflow/venv/lib/python3.12/site-packages/airflow/example_dags/example_short_circuit_decorator.py took 0.144 seconds
[2025-04-22T10:25:31.353-0300] {processor.py:186} INFO - Started process (PID=11942) to work on /home/jonathan-brito/python-projects/airflow/venv/lib/python3.12/site-packages/airflow/example_dags/example_short_circuit_decorator.py
[2025-04-22T10:25:31.360-0300] {processor.py:914} INFO - Processing file /home/jonathan-brito/python-projects/airflow/venv/lib/python3.12/site-packages/airflow/example_dags/example_short_circuit_decorator.py for tasks to queue
[2025-04-22T10:25:31.363-0300] {logging_mixin.py:190} INFO - [2025-04-22T10:25:31.362-0300] {dagbag.py:588} INFO - Filling up the DagBag from /home/jonathan-brito/python-projects/airflow/venv/lib/python3.12/site-packages/airflow/example_dags/example_short_circuit_decorator.py
[2025-04-22T10:25:31.376-0300] {processor.py:925} INFO - DAG(s) 'example_short_circuit_decorator' retrieved from /home/jonathan-brito/python-projects/airflow/venv/lib/python3.12/site-packages/airflow/example_dags/example_short_circuit_decorator.py
[2025-04-22T10:25:31.395-0300] {logging_mixin.py:190} INFO - [2025-04-22T10:25:31.395-0300] {dag.py:3239} INFO - Sync 1 DAGs
[2025-04-22T10:25:31.409-0300] {logging_mixin.py:190} INFO - [2025-04-22T10:25:31.409-0300] {dag.py:4180} INFO - Setting next_dagrun for example_short_circuit_decorator to None, run_after=None
[2025-04-22T10:25:31.442-0300] {processor.py:208} INFO - Processing /home/jonathan-brito/python-projects/airflow/venv/lib/python3.12/site-packages/airflow/example_dags/example_short_circuit_decorator.py took 0.095 seconds
[2025-04-22T10:27:41.630-0300] {processor.py:186} INFO - Started process (PID=13963) to work on /home/jonathan-brito/python-projects/airflow/venv/lib/python3.12/site-packages/airflow/example_dags/example_short_circuit_decorator.py
[2025-04-22T10:27:41.632-0300] {processor.py:914} INFO - Processing file /home/jonathan-brito/python-projects/airflow/venv/lib/python3.12/site-packages/airflow/example_dags/example_short_circuit_decorator.py for tasks to queue
[2025-04-22T10:27:41.634-0300] {logging_mixin.py:190} INFO - [2025-04-22T10:27:41.634-0300] {dagbag.py:588} INFO - Filling up the DagBag from /home/jonathan-brito/python-projects/airflow/venv/lib/python3.12/site-packages/airflow/example_dags/example_short_circuit_decorator.py
[2025-04-22T10:27:41.647-0300] {processor.py:925} INFO - DAG(s) 'example_short_circuit_decorator' retrieved from /home/jonathan-brito/python-projects/airflow/venv/lib/python3.12/site-packages/airflow/example_dags/example_short_circuit_decorator.py
[2025-04-22T10:27:41.668-0300] {logging_mixin.py:190} INFO - [2025-04-22T10:27:41.668-0300] {dag.py:3239} INFO - Sync 1 DAGs
[2025-04-22T10:27:41.682-0300] {logging_mixin.py:190} INFO - [2025-04-22T10:27:41.682-0300] {dag.py:4180} INFO - Setting next_dagrun for example_short_circuit_decorator to None, run_after=None
[2025-04-22T10:27:41.711-0300] {processor.py:208} INFO - Processing /home/jonathan-brito/python-projects/airflow/venv/lib/python3.12/site-packages/airflow/example_dags/example_short_circuit_decorator.py took 0.088 seconds
[2025-04-22T10:30:29.491-0300] {processor.py:186} INFO - Started process (PID=16134) to work on /home/jonathan-brito/python-projects/airflow/venv/lib/python3.12/site-packages/airflow/example_dags/example_short_circuit_decorator.py
[2025-04-22T10:30:29.493-0300] {processor.py:914} INFO - Processing file /home/jonathan-brito/python-projects/airflow/venv/lib/python3.12/site-packages/airflow/example_dags/example_short_circuit_decorator.py for tasks to queue
[2025-04-22T10:30:29.498-0300] {logging_mixin.py:190} INFO - [2025-04-22T10:30:29.497-0300] {dagbag.py:588} INFO - Filling up the DagBag from /home/jonathan-brito/python-projects/airflow/venv/lib/python3.12/site-packages/airflow/example_dags/example_short_circuit_decorator.py
[2025-04-22T10:30:29.513-0300] {processor.py:925} INFO - DAG(s) 'example_short_circuit_decorator' retrieved from /home/jonathan-brito/python-projects/airflow/venv/lib/python3.12/site-packages/airflow/example_dags/example_short_circuit_decorator.py
[2025-04-22T10:30:29.533-0300] {logging_mixin.py:190} INFO - [2025-04-22T10:30:29.533-0300] {dag.py:3239} INFO - Sync 1 DAGs
[2025-04-22T10:30:29.547-0300] {logging_mixin.py:190} INFO - [2025-04-22T10:30:29.547-0300] {dag.py:4180} INFO - Setting next_dagrun for example_short_circuit_decorator to None, run_after=None
[2025-04-22T10:30:29.583-0300] {processor.py:208} INFO - Processing /home/jonathan-brito/python-projects/airflow/venv/lib/python3.12/site-packages/airflow/example_dags/example_short_circuit_decorator.py took 0.101 seconds
[2025-04-22T10:31:20.113-0300] {processor.py:186} INFO - Started process (PID=16752) to work on /home/jonathan-brito/python-projects/airflow/venv/lib/python3.12/site-packages/airflow/example_dags/example_short_circuit_decorator.py
[2025-04-22T10:31:20.115-0300] {processor.py:914} INFO - Processing file /home/jonathan-brito/python-projects/airflow/venv/lib/python3.12/site-packages/airflow/example_dags/example_short_circuit_decorator.py for tasks to queue
[2025-04-22T10:31:20.117-0300] {logging_mixin.py:190} INFO - [2025-04-22T10:31:20.117-0300] {dagbag.py:588} INFO - Filling up the DagBag from /home/jonathan-brito/python-projects/airflow/venv/lib/python3.12/site-packages/airflow/example_dags/example_short_circuit_decorator.py
[2025-04-22T10:31:20.129-0300] {processor.py:925} INFO - DAG(s) 'example_short_circuit_decorator' retrieved from /home/jonathan-brito/python-projects/airflow/venv/lib/python3.12/site-packages/airflow/example_dags/example_short_circuit_decorator.py
[2025-04-22T10:31:20.150-0300] {logging_mixin.py:190} INFO - [2025-04-22T10:31:20.150-0300] {dag.py:3239} INFO - Sync 1 DAGs
[2025-04-22T10:31:20.164-0300] {logging_mixin.py:190} INFO - [2025-04-22T10:31:20.164-0300] {dag.py:4180} INFO - Setting next_dagrun for example_short_circuit_decorator to None, run_after=None
[2025-04-22T10:31:20.251-0300] {processor.py:208} INFO - Processing /home/jonathan-brito/python-projects/airflow/venv/lib/python3.12/site-packages/airflow/example_dags/example_short_circuit_decorator.py took 0.144 seconds
[2025-04-22T11:08:07.743-0300] {processor.py:186} INFO - Started process (PID=49631) to work on /home/jonathan-brito/python-projects/airflow/venv/lib/python3.12/site-packages/airflow/example_dags/example_short_circuit_decorator.py
[2025-04-22T11:08:07.750-0300] {processor.py:914} INFO - Processing file /home/jonathan-brito/python-projects/airflow/venv/lib/python3.12/site-packages/airflow/example_dags/example_short_circuit_decorator.py for tasks to queue
[2025-04-22T11:08:07.752-0300] {logging_mixin.py:190} INFO - [2025-04-22T11:08:07.751-0300] {dagbag.py:588} INFO - Filling up the DagBag from /home/jonathan-brito/python-projects/airflow/venv/lib/python3.12/site-packages/airflow/example_dags/example_short_circuit_decorator.py
[2025-04-22T11:08:07.762-0300] {processor.py:925} INFO - DAG(s) 'example_short_circuit_decorator' retrieved from /home/jonathan-brito/python-projects/airflow/venv/lib/python3.12/site-packages/airflow/example_dags/example_short_circuit_decorator.py
[2025-04-22T11:08:07.784-0300] {logging_mixin.py:190} INFO - [2025-04-22T11:08:07.784-0300] {dag.py:3239} INFO - Sync 1 DAGs
[2025-04-22T11:08:07.797-0300] {logging_mixin.py:190} INFO - [2025-04-22T11:08:07.797-0300] {dag.py:4180} INFO - Setting next_dagrun for example_short_circuit_decorator to None, run_after=None
[2025-04-22T11:08:07.825-0300] {processor.py:208} INFO - Processing /home/jonathan-brito/python-projects/airflow/venv/lib/python3.12/site-packages/airflow/example_dags/example_short_circuit_decorator.py took 0.089 seconds
[2025-04-22T11:09:08.405-0300] {processor.py:186} INFO - Started process (PID=50022) to work on /home/jonathan-brito/python-projects/airflow/venv/lib/python3.12/site-packages/airflow/example_dags/example_short_circuit_decorator.py
[2025-04-22T11:09:08.412-0300] {processor.py:914} INFO - Processing file /home/jonathan-brito/python-projects/airflow/venv/lib/python3.12/site-packages/airflow/example_dags/example_short_circuit_decorator.py for tasks to queue
[2025-04-22T11:09:08.413-0300] {logging_mixin.py:190} INFO - [2025-04-22T11:09:08.413-0300] {dagbag.py:588} INFO - Filling up the DagBag from /home/jonathan-brito/python-projects/airflow/venv/lib/python3.12/site-packages/airflow/example_dags/example_short_circuit_decorator.py
[2025-04-22T11:09:08.425-0300] {processor.py:925} INFO - DAG(s) 'example_short_circuit_decorator' retrieved from /home/jonathan-brito/python-projects/airflow/venv/lib/python3.12/site-packages/airflow/example_dags/example_short_circuit_decorator.py
[2025-04-22T11:09:08.447-0300] {logging_mixin.py:190} INFO - [2025-04-22T11:09:08.446-0300] {dag.py:3239} INFO - Sync 1 DAGs
[2025-04-22T11:09:08.459-0300] {logging_mixin.py:190} INFO - [2025-04-22T11:09:08.459-0300] {dag.py:4180} INFO - Setting next_dagrun for example_short_circuit_decorator to None, run_after=None
[2025-04-22T11:09:08.482-0300] {processor.py:208} INFO - Processing /home/jonathan-brito/python-projects/airflow/venv/lib/python3.12/site-packages/airflow/example_dags/example_short_circuit_decorator.py took 0.084 seconds
[2025-04-22T11:10:06.930-0300] {processor.py:186} INFO - Started process (PID=50554) to work on /home/jonathan-brito/python-projects/airflow/venv/lib/python3.12/site-packages/airflow/example_dags/example_short_circuit_decorator.py
[2025-04-22T11:10:06.938-0300] {processor.py:914} INFO - Processing file /home/jonathan-brito/python-projects/airflow/venv/lib/python3.12/site-packages/airflow/example_dags/example_short_circuit_decorator.py for tasks to queue
[2025-04-22T11:10:06.939-0300] {logging_mixin.py:190} INFO - [2025-04-22T11:10:06.939-0300] {dagbag.py:588} INFO - Filling up the DagBag from /home/jonathan-brito/python-projects/airflow/venv/lib/python3.12/site-packages/airflow/example_dags/example_short_circuit_decorator.py
[2025-04-22T11:10:06.952-0300] {processor.py:925} INFO - DAG(s) 'example_short_circuit_decorator' retrieved from /home/jonathan-brito/python-projects/airflow/venv/lib/python3.12/site-packages/airflow/example_dags/example_short_circuit_decorator.py
[2025-04-22T11:10:06.973-0300] {logging_mixin.py:190} INFO - [2025-04-22T11:10:06.973-0300] {dag.py:3239} INFO - Sync 1 DAGs
[2025-04-22T11:10:06.986-0300] {logging_mixin.py:190} INFO - [2025-04-22T11:10:06.986-0300] {dag.py:4180} INFO - Setting next_dagrun for example_short_circuit_decorator to None, run_after=None
[2025-04-22T11:10:07.020-0300] {processor.py:208} INFO - Processing /home/jonathan-brito/python-projects/airflow/venv/lib/python3.12/site-packages/airflow/example_dags/example_short_circuit_decorator.py took 0.098 seconds
[2025-04-22T11:11:09.600-0300] {processor.py:186} INFO - Started process (PID=50961) to work on /home/jonathan-brito/python-projects/airflow/venv/lib/python3.12/site-packages/airflow/example_dags/example_short_circuit_decorator.py
[2025-04-22T11:11:09.608-0300] {processor.py:914} INFO - Processing file /home/jonathan-brito/python-projects/airflow/venv/lib/python3.12/site-packages/airflow/example_dags/example_short_circuit_decorator.py for tasks to queue
[2025-04-22T11:11:09.613-0300] {logging_mixin.py:190} INFO - [2025-04-22T11:11:09.611-0300] {dagbag.py:588} INFO - Filling up the DagBag from /home/jonathan-brito/python-projects/airflow/venv/lib/python3.12/site-packages/airflow/example_dags/example_short_circuit_decorator.py
[2025-04-22T11:11:09.649-0300] {processor.py:925} INFO - DAG(s) 'example_short_circuit_decorator' retrieved from /home/jonathan-brito/python-projects/airflow/venv/lib/python3.12/site-packages/airflow/example_dags/example_short_circuit_decorator.py
[2025-04-22T11:11:09.686-0300] {logging_mixin.py:190} INFO - [2025-04-22T11:11:09.685-0300] {dag.py:3239} INFO - Sync 1 DAGs
[2025-04-22T11:11:09.700-0300] {logging_mixin.py:190} INFO - [2025-04-22T11:11:09.700-0300] {dag.py:4180} INFO - Setting next_dagrun for example_short_circuit_decorator to None, run_after=None
[2025-04-22T11:11:09.725-0300] {processor.py:208} INFO - Processing /home/jonathan-brito/python-projects/airflow/venv/lib/python3.12/site-packages/airflow/example_dags/example_short_circuit_decorator.py took 0.133 seconds
