[2025-04-21T21:23:37.802-0300] {processor.py:186} INFO - Started process (PID=70559) to work on /home/jonathan-brito/python-projects/airflow/venv/lib/python3.12/site-packages/airflow/example_dags/example_skip_dag.py
[2025-04-21T21:23:37.803-0300] {processor.py:914} INFO - Processing file /home/jonathan-brito/python-projects/airflow/venv/lib/python3.12/site-packages/airflow/example_dags/example_skip_dag.py for tasks to queue
[2025-04-21T21:23:37.805-0300] {logging_mixin.py:190} INFO - [2025-04-21T21:23:37.805-0300] {dagbag.py:588} INFO - Filling up the DagBag from /home/jonathan-brito/python-projects/airflow/venv/lib/python3.12/site-packages/airflow/example_dags/example_skip_dag.py
[2025-04-21T21:23:37.814-0300] {processor.py:925} INFO - DAG(s) 'example_skip_dag' retrieved from /home/jonathan-brito/python-projects/airflow/venv/lib/python3.12/site-packages/airflow/example_dags/example_skip_dag.py
[2025-04-21T21:23:37.834-0300] {logging_mixin.py:190} INFO - [2025-04-21T21:23:37.834-0300] {dag.py:3239} INFO - Sync 1 DAGs
[2025-04-21T21:23:37.860-0300] {logging_mixin.py:190} INFO - [2025-04-21T21:23:37.860-0300] {dag.py:4180} INFO - Setting next_dagrun for example_skip_dag to 2025-04-21 00:00:00+00:00, run_after=2025-04-22 00:00:00+00:00
[2025-04-21T21:23:37.903-0300] {processor.py:208} INFO - Processing /home/jonathan-brito/python-projects/airflow/venv/lib/python3.12/site-packages/airflow/example_dags/example_skip_dag.py took 0.107 seconds
[2025-04-21T21:24:46.256-0300] {processor.py:186} INFO - Started process (PID=71472) to work on /home/jonathan-brito/python-projects/airflow/venv/lib/python3.12/site-packages/airflow/example_dags/example_skip_dag.py
[2025-04-21T21:24:46.264-0300] {processor.py:914} INFO - Processing file /home/jonathan-brito/python-projects/airflow/venv/lib/python3.12/site-packages/airflow/example_dags/example_skip_dag.py for tasks to queue
[2025-04-21T21:24:46.269-0300] {logging_mixin.py:190} INFO - [2025-04-21T21:24:46.268-0300] {dagbag.py:588} INFO - Filling up the DagBag from /home/jonathan-brito/python-projects/airflow/venv/lib/python3.12/site-packages/airflow/example_dags/example_skip_dag.py
[2025-04-21T21:24:46.288-0300] {processor.py:925} INFO - DAG(s) 'example_skip_dag' retrieved from /home/jonathan-brito/python-projects/airflow/venv/lib/python3.12/site-packages/airflow/example_dags/example_skip_dag.py
[2025-04-21T21:24:46.324-0300] {logging_mixin.py:190} INFO - [2025-04-21T21:24:46.323-0300] {dag.py:3239} INFO - Sync 1 DAGs
[2025-04-21T21:24:46.349-0300] {logging_mixin.py:190} INFO - [2025-04-21T21:24:46.348-0300] {dag.py:4180} INFO - Setting next_dagrun for example_skip_dag to 2025-04-21 00:00:00+00:00, run_after=2025-04-22 00:00:00+00:00
[2025-04-21T21:24:46.378-0300] {processor.py:208} INFO - Processing /home/jonathan-brito/python-projects/airflow/venv/lib/python3.12/site-packages/airflow/example_dags/example_skip_dag.py took 0.136 seconds
[2025-04-21T22:09:55.971-0300] {processor.py:186} INFO - Started process (PID=127129) to work on /home/jonathan-brito/python-projects/airflow/venv/lib/python3.12/site-packages/airflow/example_dags/example_skip_dag.py
[2025-04-21T22:09:55.978-0300] {processor.py:914} INFO - Processing file /home/jonathan-brito/python-projects/airflow/venv/lib/python3.12/site-packages/airflow/example_dags/example_skip_dag.py for tasks to queue
[2025-04-21T22:09:55.979-0300] {logging_mixin.py:190} INFO - [2025-04-21T22:09:55.978-0300] {dagbag.py:588} INFO - Filling up the DagBag from /home/jonathan-brito/python-projects/airflow/venv/lib/python3.12/site-packages/airflow/example_dags/example_skip_dag.py
[2025-04-21T22:09:55.986-0300] {processor.py:925} INFO - DAG(s) 'example_skip_dag' retrieved from /home/jonathan-brito/python-projects/airflow/venv/lib/python3.12/site-packages/airflow/example_dags/example_skip_dag.py
[2025-04-21T22:09:56.006-0300] {logging_mixin.py:190} INFO - [2025-04-21T22:09:56.006-0300] {dag.py:3239} INFO - Sync 1 DAGs
[2025-04-21T22:09:56.026-0300] {logging_mixin.py:190} INFO - [2025-04-21T22:09:56.026-0300] {dag.py:4180} INFO - Setting next_dagrun for example_skip_dag to 2025-04-21 00:00:00+00:00, run_after=2025-04-22 00:00:00+00:00
[2025-04-21T22:09:56.058-0300] {processor.py:208} INFO - Processing /home/jonathan-brito/python-projects/airflow/venv/lib/python3.12/site-packages/airflow/example_dags/example_skip_dag.py took 0.093 seconds
[2025-04-21T22:10:58.531-0300] {processor.py:186} INFO - Started process (PID=128116) to work on /home/jonathan-brito/python-projects/airflow/venv/lib/python3.12/site-packages/airflow/example_dags/example_skip_dag.py
[2025-04-21T22:10:58.538-0300] {processor.py:914} INFO - Processing file /home/jonathan-brito/python-projects/airflow/venv/lib/python3.12/site-packages/airflow/example_dags/example_skip_dag.py for tasks to queue
[2025-04-21T22:10:58.540-0300] {logging_mixin.py:190} INFO - [2025-04-21T22:10:58.540-0300] {dagbag.py:588} INFO - Filling up the DagBag from /home/jonathan-brito/python-projects/airflow/venv/lib/python3.12/site-packages/airflow/example_dags/example_skip_dag.py
[2025-04-21T22:10:58.551-0300] {processor.py:925} INFO - DAG(s) 'example_skip_dag' retrieved from /home/jonathan-brito/python-projects/airflow/venv/lib/python3.12/site-packages/airflow/example_dags/example_skip_dag.py
[2025-04-21T22:10:58.577-0300] {logging_mixin.py:190} INFO - [2025-04-21T22:10:58.577-0300] {dag.py:3239} INFO - Sync 1 DAGs
[2025-04-21T22:10:58.605-0300] {logging_mixin.py:190} INFO - [2025-04-21T22:10:58.605-0300] {dag.py:4180} INFO - Setting next_dagrun for example_skip_dag to 2025-04-21 00:00:00+00:00, run_after=2025-04-22 00:00:00+00:00
[2025-04-21T22:10:58.645-0300] {processor.py:208} INFO - Processing /home/jonathan-brito/python-projects/airflow/venv/lib/python3.12/site-packages/airflow/example_dags/example_skip_dag.py took 0.121 seconds
[2025-04-21T22:12:00.967-0300] {processor.py:186} INFO - Started process (PID=128812) to work on /home/jonathan-brito/python-projects/airflow/venv/lib/python3.12/site-packages/airflow/example_dags/example_skip_dag.py
[2025-04-21T22:12:00.974-0300] {processor.py:914} INFO - Processing file /home/jonathan-brito/python-projects/airflow/venv/lib/python3.12/site-packages/airflow/example_dags/example_skip_dag.py for tasks to queue
[2025-04-21T22:12:00.976-0300] {logging_mixin.py:190} INFO - [2025-04-21T22:12:00.975-0300] {dagbag.py:588} INFO - Filling up the DagBag from /home/jonathan-brito/python-projects/airflow/venv/lib/python3.12/site-packages/airflow/example_dags/example_skip_dag.py
[2025-04-21T22:12:00.984-0300] {processor.py:925} INFO - DAG(s) 'example_skip_dag' retrieved from /home/jonathan-brito/python-projects/airflow/venv/lib/python3.12/site-packages/airflow/example_dags/example_skip_dag.py
[2025-04-21T22:12:01.002-0300] {logging_mixin.py:190} INFO - [2025-04-21T22:12:01.002-0300] {dag.py:3239} INFO - Sync 1 DAGs
[2025-04-21T22:12:01.021-0300] {logging_mixin.py:190} INFO - [2025-04-21T22:12:01.021-0300] {dag.py:4180} INFO - Setting next_dagrun for example_skip_dag to 2025-04-21 00:00:00+00:00, run_after=2025-04-22 00:00:00+00:00
[2025-04-21T22:12:01.049-0300] {processor.py:208} INFO - Processing /home/jonathan-brito/python-projects/airflow/venv/lib/python3.12/site-packages/airflow/example_dags/example_skip_dag.py took 0.089 seconds
[2025-04-21T22:13:03.000-0300] {processor.py:186} INFO - Started process (PID=129431) to work on /home/jonathan-brito/python-projects/airflow/venv/lib/python3.12/site-packages/airflow/example_dags/example_skip_dag.py
[2025-04-21T22:13:03.008-0300] {processor.py:914} INFO - Processing file /home/jonathan-brito/python-projects/airflow/venv/lib/python3.12/site-packages/airflow/example_dags/example_skip_dag.py for tasks to queue
[2025-04-21T22:13:03.010-0300] {logging_mixin.py:190} INFO - [2025-04-21T22:13:03.009-0300] {dagbag.py:588} INFO - Filling up the DagBag from /home/jonathan-brito/python-projects/airflow/venv/lib/python3.12/site-packages/airflow/example_dags/example_skip_dag.py
[2025-04-21T22:13:03.019-0300] {processor.py:925} INFO - DAG(s) 'example_skip_dag' retrieved from /home/jonathan-brito/python-projects/airflow/venv/lib/python3.12/site-packages/airflow/example_dags/example_skip_dag.py
[2025-04-21T22:13:03.047-0300] {logging_mixin.py:190} INFO - [2025-04-21T22:13:03.047-0300] {dag.py:3239} INFO - Sync 1 DAGs
[2025-04-21T22:13:03.078-0300] {logging_mixin.py:190} INFO - [2025-04-21T22:13:03.077-0300] {dag.py:4180} INFO - Setting next_dagrun for example_skip_dag to 2025-04-21 00:00:00+00:00, run_after=2025-04-22 00:00:00+00:00
[2025-04-21T22:13:03.114-0300] {processor.py:208} INFO - Processing /home/jonathan-brito/python-projects/airflow/venv/lib/python3.12/site-packages/airflow/example_dags/example_skip_dag.py took 0.123 seconds
[2025-04-21T22:14:08.171-0300] {processor.py:186} INFO - Started process (PID=130217) to work on /home/jonathan-brito/python-projects/airflow/venv/lib/python3.12/site-packages/airflow/example_dags/example_skip_dag.py
[2025-04-21T22:14:08.173-0300] {processor.py:914} INFO - Processing file /home/jonathan-brito/python-projects/airflow/venv/lib/python3.12/site-packages/airflow/example_dags/example_skip_dag.py for tasks to queue
[2025-04-21T22:14:08.175-0300] {logging_mixin.py:190} INFO - [2025-04-21T22:14:08.174-0300] {dagbag.py:588} INFO - Filling up the DagBag from /home/jonathan-brito/python-projects/airflow/venv/lib/python3.12/site-packages/airflow/example_dags/example_skip_dag.py
[2025-04-21T22:14:08.187-0300] {processor.py:925} INFO - DAG(s) 'example_skip_dag' retrieved from /home/jonathan-brito/python-projects/airflow/venv/lib/python3.12/site-packages/airflow/example_dags/example_skip_dag.py
[2025-04-21T22:14:08.210-0300] {logging_mixin.py:190} INFO - [2025-04-21T22:14:08.209-0300] {dag.py:3239} INFO - Sync 1 DAGs
[2025-04-21T22:14:08.228-0300] {logging_mixin.py:190} INFO - [2025-04-21T22:14:08.228-0300] {dag.py:4180} INFO - Setting next_dagrun for example_skip_dag to 2025-04-21 00:00:00+00:00, run_after=2025-04-22 00:00:00+00:00
[2025-04-21T22:14:08.260-0300] {processor.py:208} INFO - Processing /home/jonathan-brito/python-projects/airflow/venv/lib/python3.12/site-packages/airflow/example_dags/example_skip_dag.py took 0.099 seconds
[2025-04-21T22:15:10.401-0300] {processor.py:186} INFO - Started process (PID=130895) to work on /home/jonathan-brito/python-projects/airflow/venv/lib/python3.12/site-packages/airflow/example_dags/example_skip_dag.py
[2025-04-21T22:15:10.408-0300] {processor.py:914} INFO - Processing file /home/jonathan-brito/python-projects/airflow/venv/lib/python3.12/site-packages/airflow/example_dags/example_skip_dag.py for tasks to queue
[2025-04-21T22:15:10.409-0300] {logging_mixin.py:190} INFO - [2025-04-21T22:15:10.409-0300] {dagbag.py:588} INFO - Filling up the DagBag from /home/jonathan-brito/python-projects/airflow/venv/lib/python3.12/site-packages/airflow/example_dags/example_skip_dag.py
[2025-04-21T22:15:10.417-0300] {processor.py:925} INFO - DAG(s) 'example_skip_dag' retrieved from /home/jonathan-brito/python-projects/airflow/venv/lib/python3.12/site-packages/airflow/example_dags/example_skip_dag.py
[2025-04-21T22:15:10.436-0300] {logging_mixin.py:190} INFO - [2025-04-21T22:15:10.436-0300] {dag.py:3239} INFO - Sync 1 DAGs
[2025-04-21T22:15:10.455-0300] {logging_mixin.py:190} INFO - [2025-04-21T22:15:10.455-0300] {dag.py:4180} INFO - Setting next_dagrun for example_skip_dag to 2025-04-21 00:00:00+00:00, run_after=2025-04-22 00:00:00+00:00
[2025-04-21T22:15:10.487-0300] {processor.py:208} INFO - Processing /home/jonathan-brito/python-projects/airflow/venv/lib/python3.12/site-packages/airflow/example_dags/example_skip_dag.py took 0.094 seconds
[2025-04-21T22:16:12.128-0300] {processor.py:186} INFO - Started process (PID=131542) to work on /home/jonathan-brito/python-projects/airflow/venv/lib/python3.12/site-packages/airflow/example_dags/example_skip_dag.py
[2025-04-21T22:16:12.135-0300] {processor.py:914} INFO - Processing file /home/jonathan-brito/python-projects/airflow/venv/lib/python3.12/site-packages/airflow/example_dags/example_skip_dag.py for tasks to queue
[2025-04-21T22:16:12.136-0300] {logging_mixin.py:190} INFO - [2025-04-21T22:16:12.135-0300] {dagbag.py:588} INFO - Filling up the DagBag from /home/jonathan-brito/python-projects/airflow/venv/lib/python3.12/site-packages/airflow/example_dags/example_skip_dag.py
[2025-04-21T22:16:12.143-0300] {processor.py:925} INFO - DAG(s) 'example_skip_dag' retrieved from /home/jonathan-brito/python-projects/airflow/venv/lib/python3.12/site-packages/airflow/example_dags/example_skip_dag.py
[2025-04-21T22:16:12.161-0300] {logging_mixin.py:190} INFO - [2025-04-21T22:16:12.161-0300] {dag.py:3239} INFO - Sync 1 DAGs
[2025-04-21T22:16:12.178-0300] {logging_mixin.py:190} INFO - [2025-04-21T22:16:12.178-0300] {dag.py:4180} INFO - Setting next_dagrun for example_skip_dag to 2025-04-21 00:00:00+00:00, run_after=2025-04-22 00:00:00+00:00
[2025-04-21T22:16:12.201-0300] {processor.py:208} INFO - Processing /home/jonathan-brito/python-projects/airflow/venv/lib/python3.12/site-packages/airflow/example_dags/example_skip_dag.py took 0.079 seconds
[2025-04-21T22:17:16.143-0300] {processor.py:186} INFO - Started process (PID=132191) to work on /home/jonathan-brito/python-projects/airflow/venv/lib/python3.12/site-packages/airflow/example_dags/example_skip_dag.py
[2025-04-21T22:17:16.151-0300] {processor.py:914} INFO - Processing file /home/jonathan-brito/python-projects/airflow/venv/lib/python3.12/site-packages/airflow/example_dags/example_skip_dag.py for tasks to queue
[2025-04-21T22:17:16.153-0300] {logging_mixin.py:190} INFO - [2025-04-21T22:17:16.153-0300] {dagbag.py:588} INFO - Filling up the DagBag from /home/jonathan-brito/python-projects/airflow/venv/lib/python3.12/site-packages/airflow/example_dags/example_skip_dag.py
[2025-04-21T22:17:16.169-0300] {processor.py:925} INFO - DAG(s) 'example_skip_dag' retrieved from /home/jonathan-brito/python-projects/airflow/venv/lib/python3.12/site-packages/airflow/example_dags/example_skip_dag.py
[2025-04-21T22:17:16.191-0300] {logging_mixin.py:190} INFO - [2025-04-21T22:17:16.191-0300] {dag.py:3239} INFO - Sync 1 DAGs
[2025-04-21T22:17:16.209-0300] {logging_mixin.py:190} INFO - [2025-04-21T22:17:16.209-0300] {dag.py:4180} INFO - Setting next_dagrun for example_skip_dag to 2025-04-21 00:00:00+00:00, run_after=2025-04-22 00:00:00+00:00
[2025-04-21T22:17:16.239-0300] {processor.py:208} INFO - Processing /home/jonathan-brito/python-projects/airflow/venv/lib/python3.12/site-packages/airflow/example_dags/example_skip_dag.py took 0.114 seconds
[2025-04-21T22:18:17.767-0300] {processor.py:186} INFO - Started process (PID=132839) to work on /home/jonathan-brito/python-projects/airflow/venv/lib/python3.12/site-packages/airflow/example_dags/example_skip_dag.py
[2025-04-21T22:18:17.774-0300] {processor.py:914} INFO - Processing file /home/jonathan-brito/python-projects/airflow/venv/lib/python3.12/site-packages/airflow/example_dags/example_skip_dag.py for tasks to queue
[2025-04-21T22:18:17.776-0300] {logging_mixin.py:190} INFO - [2025-04-21T22:18:17.775-0300] {dagbag.py:588} INFO - Filling up the DagBag from /home/jonathan-brito/python-projects/airflow/venv/lib/python3.12/site-packages/airflow/example_dags/example_skip_dag.py
[2025-04-21T22:18:17.783-0300] {processor.py:925} INFO - DAG(s) 'example_skip_dag' retrieved from /home/jonathan-brito/python-projects/airflow/venv/lib/python3.12/site-packages/airflow/example_dags/example_skip_dag.py
[2025-04-21T22:18:17.802-0300] {logging_mixin.py:190} INFO - [2025-04-21T22:18:17.802-0300] {dag.py:3239} INFO - Sync 1 DAGs
[2025-04-21T22:18:17.821-0300] {logging_mixin.py:190} INFO - [2025-04-21T22:18:17.821-0300] {dag.py:4180} INFO - Setting next_dagrun for example_skip_dag to 2025-04-21 00:00:00+00:00, run_after=2025-04-22 00:00:00+00:00
[2025-04-21T22:18:17.851-0300] {processor.py:208} INFO - Processing /home/jonathan-brito/python-projects/airflow/venv/lib/python3.12/site-packages/airflow/example_dags/example_skip_dag.py took 0.091 seconds
[2025-04-21T22:19:21.068-0300] {processor.py:186} INFO - Started process (PID=133491) to work on /home/jonathan-brito/python-projects/airflow/venv/lib/python3.12/site-packages/airflow/example_dags/example_skip_dag.py
[2025-04-21T22:19:21.075-0300] {processor.py:914} INFO - Processing file /home/jonathan-brito/python-projects/airflow/venv/lib/python3.12/site-packages/airflow/example_dags/example_skip_dag.py for tasks to queue
[2025-04-21T22:19:21.077-0300] {logging_mixin.py:190} INFO - [2025-04-21T22:19:21.076-0300] {dagbag.py:588} INFO - Filling up the DagBag from /home/jonathan-brito/python-projects/airflow/venv/lib/python3.12/site-packages/airflow/example_dags/example_skip_dag.py
[2025-04-21T22:19:21.085-0300] {processor.py:925} INFO - DAG(s) 'example_skip_dag' retrieved from /home/jonathan-brito/python-projects/airflow/venv/lib/python3.12/site-packages/airflow/example_dags/example_skip_dag.py
[2025-04-21T22:19:21.103-0300] {logging_mixin.py:190} INFO - [2025-04-21T22:19:21.103-0300] {dag.py:3239} INFO - Sync 1 DAGs
[2025-04-21T22:19:21.122-0300] {logging_mixin.py:190} INFO - [2025-04-21T22:19:21.122-0300] {dag.py:4180} INFO - Setting next_dagrun for example_skip_dag to 2025-04-21 00:00:00+00:00, run_after=2025-04-22 00:00:00+00:00
[2025-04-21T22:19:21.165-0300] {processor.py:208} INFO - Processing /home/jonathan-brito/python-projects/airflow/venv/lib/python3.12/site-packages/airflow/example_dags/example_skip_dag.py took 0.102 seconds
[2025-04-21T22:20:25.861-0300] {processor.py:186} INFO - Started process (PID=134213) to work on /home/jonathan-brito/python-projects/airflow/venv/lib/python3.12/site-packages/airflow/example_dags/example_skip_dag.py
[2025-04-21T22:20:25.868-0300] {processor.py:914} INFO - Processing file /home/jonathan-brito/python-projects/airflow/venv/lib/python3.12/site-packages/airflow/example_dags/example_skip_dag.py for tasks to queue
[2025-04-21T22:20:25.869-0300] {logging_mixin.py:190} INFO - [2025-04-21T22:20:25.869-0300] {dagbag.py:588} INFO - Filling up the DagBag from /home/jonathan-brito/python-projects/airflow/venv/lib/python3.12/site-packages/airflow/example_dags/example_skip_dag.py
[2025-04-21T22:20:25.877-0300] {processor.py:925} INFO - DAG(s) 'example_skip_dag' retrieved from /home/jonathan-brito/python-projects/airflow/venv/lib/python3.12/site-packages/airflow/example_dags/example_skip_dag.py
[2025-04-21T22:20:25.898-0300] {logging_mixin.py:190} INFO - [2025-04-21T22:20:25.898-0300] {dag.py:3239} INFO - Sync 1 DAGs
[2025-04-21T22:20:25.925-0300] {logging_mixin.py:190} INFO - [2025-04-21T22:20:25.924-0300] {dag.py:4180} INFO - Setting next_dagrun for example_skip_dag to 2025-04-21 00:00:00+00:00, run_after=2025-04-22 00:00:00+00:00
[2025-04-21T22:20:25.957-0300] {processor.py:208} INFO - Processing /home/jonathan-brito/python-projects/airflow/venv/lib/python3.12/site-packages/airflow/example_dags/example_skip_dag.py took 0.104 seconds
[2025-04-22T10:24:23.437-0300] {processor.py:186} INFO - Started process (PID=10907) to work on /home/jonathan-brito/python-projects/airflow/venv/lib/python3.12/site-packages/airflow/example_dags/example_skip_dag.py
[2025-04-22T10:24:23.438-0300] {processor.py:914} INFO - Processing file /home/jonathan-brito/python-projects/airflow/venv/lib/python3.12/site-packages/airflow/example_dags/example_skip_dag.py for tasks to queue
[2025-04-22T10:24:23.440-0300] {logging_mixin.py:190} INFO - [2025-04-22T10:24:23.439-0300] {dagbag.py:588} INFO - Filling up the DagBag from /home/jonathan-brito/python-projects/airflow/venv/lib/python3.12/site-packages/airflow/example_dags/example_skip_dag.py
[2025-04-22T10:24:23.450-0300] {processor.py:925} INFO - DAG(s) 'example_skip_dag' retrieved from /home/jonathan-brito/python-projects/airflow/venv/lib/python3.12/site-packages/airflow/example_dags/example_skip_dag.py
[2025-04-22T10:24:23.477-0300] {logging_mixin.py:190} INFO - [2025-04-22T10:24:23.477-0300] {dag.py:3239} INFO - Sync 1 DAGs
[2025-04-22T10:24:23.512-0300] {logging_mixin.py:190} INFO - [2025-04-22T10:24:23.512-0300] {dag.py:4180} INFO - Setting next_dagrun for example_skip_dag to 2025-04-21 00:00:00+00:00, run_after=2025-04-22 00:00:00+00:00
[2025-04-22T10:24:23.551-0300] {processor.py:208} INFO - Processing /home/jonathan-brito/python-projects/airflow/venv/lib/python3.12/site-packages/airflow/example_dags/example_skip_dag.py took 0.122 seconds
[2025-04-22T10:25:31.607-0300] {processor.py:186} INFO - Started process (PID=11943) to work on /home/jonathan-brito/python-projects/airflow/venv/lib/python3.12/site-packages/airflow/example_dags/example_skip_dag.py
[2025-04-22T10:25:31.614-0300] {processor.py:914} INFO - Processing file /home/jonathan-brito/python-projects/airflow/venv/lib/python3.12/site-packages/airflow/example_dags/example_skip_dag.py for tasks to queue
[2025-04-22T10:25:31.618-0300] {logging_mixin.py:190} INFO - [2025-04-22T10:25:31.617-0300] {dagbag.py:588} INFO - Filling up the DagBag from /home/jonathan-brito/python-projects/airflow/venv/lib/python3.12/site-packages/airflow/example_dags/example_skip_dag.py
[2025-04-22T10:25:31.628-0300] {processor.py:925} INFO - DAG(s) 'example_skip_dag' retrieved from /home/jonathan-brito/python-projects/airflow/venv/lib/python3.12/site-packages/airflow/example_dags/example_skip_dag.py
[2025-04-22T10:25:31.646-0300] {logging_mixin.py:190} INFO - [2025-04-22T10:25:31.645-0300] {dag.py:3239} INFO - Sync 1 DAGs
[2025-04-22T10:25:31.666-0300] {logging_mixin.py:190} INFO - [2025-04-22T10:25:31.666-0300] {dag.py:4180} INFO - Setting next_dagrun for example_skip_dag to 2025-04-21 00:00:00+00:00, run_after=2025-04-22 00:00:00+00:00
[2025-04-22T10:25:31.698-0300] {processor.py:208} INFO - Processing /home/jonathan-brito/python-projects/airflow/venv/lib/python3.12/site-packages/airflow/example_dags/example_skip_dag.py took 0.097 seconds
[2025-04-22T10:27:42.877-0300] {processor.py:186} INFO - Started process (PID=14005) to work on /home/jonathan-brito/python-projects/airflow/venv/lib/python3.12/site-packages/airflow/example_dags/example_skip_dag.py
[2025-04-22T10:27:42.884-0300] {processor.py:914} INFO - Processing file /home/jonathan-brito/python-projects/airflow/venv/lib/python3.12/site-packages/airflow/example_dags/example_skip_dag.py for tasks to queue
[2025-04-22T10:27:42.886-0300] {logging_mixin.py:190} INFO - [2025-04-22T10:27:42.886-0300] {dagbag.py:588} INFO - Filling up the DagBag from /home/jonathan-brito/python-projects/airflow/venv/lib/python3.12/site-packages/airflow/example_dags/example_skip_dag.py
[2025-04-22T10:27:42.901-0300] {processor.py:925} INFO - DAG(s) 'example_skip_dag' retrieved from /home/jonathan-brito/python-projects/airflow/venv/lib/python3.12/site-packages/airflow/example_dags/example_skip_dag.py
[2025-04-22T10:27:42.927-0300] {logging_mixin.py:190} INFO - [2025-04-22T10:27:42.927-0300] {dag.py:3239} INFO - Sync 1 DAGs
[2025-04-22T10:27:42.962-0300] {logging_mixin.py:190} INFO - [2025-04-22T10:27:42.961-0300] {dag.py:4180} INFO - Setting next_dagrun for example_skip_dag to 2025-04-21 00:00:00+00:00, run_after=2025-04-22 00:00:00+00:00
[2025-04-22T10:27:42.996-0300] {processor.py:208} INFO - Processing /home/jonathan-brito/python-projects/airflow/venv/lib/python3.12/site-packages/airflow/example_dags/example_skip_dag.py took 0.134 seconds
[2025-04-22T10:30:30.776-0300] {processor.py:186} INFO - Started process (PID=16144) to work on /home/jonathan-brito/python-projects/airflow/venv/lib/python3.12/site-packages/airflow/example_dags/example_skip_dag.py
[2025-04-22T10:30:30.777-0300] {processor.py:914} INFO - Processing file /home/jonathan-brito/python-projects/airflow/venv/lib/python3.12/site-packages/airflow/example_dags/example_skip_dag.py for tasks to queue
[2025-04-22T10:30:30.781-0300] {logging_mixin.py:190} INFO - [2025-04-22T10:30:30.781-0300] {dagbag.py:588} INFO - Filling up the DagBag from /home/jonathan-brito/python-projects/airflow/venv/lib/python3.12/site-packages/airflow/example_dags/example_skip_dag.py
[2025-04-22T10:30:30.794-0300] {processor.py:925} INFO - DAG(s) 'example_skip_dag' retrieved from /home/jonathan-brito/python-projects/airflow/venv/lib/python3.12/site-packages/airflow/example_dags/example_skip_dag.py
[2025-04-22T10:30:30.815-0300] {logging_mixin.py:190} INFO - [2025-04-22T10:30:30.815-0300] {dag.py:3239} INFO - Sync 1 DAGs
[2025-04-22T10:30:30.837-0300] {logging_mixin.py:190} INFO - [2025-04-22T10:30:30.836-0300] {dag.py:4180} INFO - Setting next_dagrun for example_skip_dag to 2025-04-21 00:00:00+00:00, run_after=2025-04-22 00:00:00+00:00
[2025-04-22T10:30:30.870-0300] {processor.py:208} INFO - Processing /home/jonathan-brito/python-projects/airflow/venv/lib/python3.12/site-packages/airflow/example_dags/example_skip_dag.py took 0.102 seconds
[2025-04-22T10:31:21.355-0300] {processor.py:186} INFO - Started process (PID=16753) to work on /home/jonathan-brito/python-projects/airflow/venv/lib/python3.12/site-packages/airflow/example_dags/example_skip_dag.py
[2025-04-22T10:31:21.356-0300] {processor.py:914} INFO - Processing file /home/jonathan-brito/python-projects/airflow/venv/lib/python3.12/site-packages/airflow/example_dags/example_skip_dag.py for tasks to queue
[2025-04-22T10:31:21.358-0300] {logging_mixin.py:190} INFO - [2025-04-22T10:31:21.358-0300] {dagbag.py:588} INFO - Filling up the DagBag from /home/jonathan-brito/python-projects/airflow/venv/lib/python3.12/site-packages/airflow/example_dags/example_skip_dag.py
[2025-04-22T10:31:21.369-0300] {processor.py:925} INFO - DAG(s) 'example_skip_dag' retrieved from /home/jonathan-brito/python-projects/airflow/venv/lib/python3.12/site-packages/airflow/example_dags/example_skip_dag.py
[2025-04-22T10:31:21.390-0300] {logging_mixin.py:190} INFO - [2025-04-22T10:31:21.390-0300] {dag.py:3239} INFO - Sync 1 DAGs
[2025-04-22T10:31:21.412-0300] {logging_mixin.py:190} INFO - [2025-04-22T10:31:21.412-0300] {dag.py:4180} INFO - Setting next_dagrun for example_skip_dag to 2025-04-21 00:00:00+00:00, run_after=2025-04-22 00:00:00+00:00
[2025-04-22T10:31:21.441-0300] {processor.py:208} INFO - Processing /home/jonathan-brito/python-projects/airflow/venv/lib/python3.12/site-packages/airflow/example_dags/example_skip_dag.py took 0.092 seconds
[2025-04-22T11:08:08.923-0300] {processor.py:186} INFO - Started process (PID=49640) to work on /home/jonathan-brito/python-projects/airflow/venv/lib/python3.12/site-packages/airflow/example_dags/example_skip_dag.py
[2025-04-22T11:08:08.930-0300] {processor.py:914} INFO - Processing file /home/jonathan-brito/python-projects/airflow/venv/lib/python3.12/site-packages/airflow/example_dags/example_skip_dag.py for tasks to queue
[2025-04-22T11:08:08.932-0300] {logging_mixin.py:190} INFO - [2025-04-22T11:08:08.931-0300] {dagbag.py:588} INFO - Filling up the DagBag from /home/jonathan-brito/python-projects/airflow/venv/lib/python3.12/site-packages/airflow/example_dags/example_skip_dag.py
[2025-04-22T11:08:08.940-0300] {processor.py:925} INFO - DAG(s) 'example_skip_dag' retrieved from /home/jonathan-brito/python-projects/airflow/venv/lib/python3.12/site-packages/airflow/example_dags/example_skip_dag.py
[2025-04-22T11:08:08.961-0300] {logging_mixin.py:190} INFO - [2025-04-22T11:08:08.961-0300] {dag.py:3239} INFO - Sync 1 DAGs
[2025-04-22T11:08:08.979-0300] {logging_mixin.py:190} INFO - [2025-04-22T11:08:08.979-0300] {dag.py:4180} INFO - Setting next_dagrun for example_skip_dag to 2025-04-21 00:00:00+00:00, run_after=2025-04-22 00:00:00+00:00
[2025-04-22T11:08:09.003-0300] {processor.py:208} INFO - Processing /home/jonathan-brito/python-projects/airflow/venv/lib/python3.12/site-packages/airflow/example_dags/example_skip_dag.py took 0.087 seconds
[2025-04-22T11:09:09.572-0300] {processor.py:186} INFO - Started process (PID=50023) to work on /home/jonathan-brito/python-projects/airflow/venv/lib/python3.12/site-packages/airflow/example_dags/example_skip_dag.py
[2025-04-22T11:09:09.578-0300] {processor.py:914} INFO - Processing file /home/jonathan-brito/python-projects/airflow/venv/lib/python3.12/site-packages/airflow/example_dags/example_skip_dag.py for tasks to queue
[2025-04-22T11:09:09.580-0300] {logging_mixin.py:190} INFO - [2025-04-22T11:09:09.579-0300] {dagbag.py:588} INFO - Filling up the DagBag from /home/jonathan-brito/python-projects/airflow/venv/lib/python3.12/site-packages/airflow/example_dags/example_skip_dag.py
[2025-04-22T11:09:09.588-0300] {processor.py:925} INFO - DAG(s) 'example_skip_dag' retrieved from /home/jonathan-brito/python-projects/airflow/venv/lib/python3.12/site-packages/airflow/example_dags/example_skip_dag.py
[2025-04-22T11:09:09.607-0300] {logging_mixin.py:190} INFO - [2025-04-22T11:09:09.606-0300] {dag.py:3239} INFO - Sync 1 DAGs
[2025-04-22T11:09:09.626-0300] {logging_mixin.py:190} INFO - [2025-04-22T11:09:09.626-0300] {dag.py:4180} INFO - Setting next_dagrun for example_skip_dag to 2025-04-21 00:00:00+00:00, run_after=2025-04-22 00:00:00+00:00
[2025-04-22T11:09:09.652-0300] {processor.py:208} INFO - Processing /home/jonathan-brito/python-projects/airflow/venv/lib/python3.12/site-packages/airflow/example_dags/example_skip_dag.py took 0.088 seconds
[2025-04-22T11:10:07.632-0300] {processor.py:186} INFO - Started process (PID=50555) to work on /home/jonathan-brito/python-projects/airflow/venv/lib/python3.12/site-packages/airflow/example_dags/example_skip_dag.py
[2025-04-22T11:10:07.634-0300] {processor.py:914} INFO - Processing file /home/jonathan-brito/python-projects/airflow/venv/lib/python3.12/site-packages/airflow/example_dags/example_skip_dag.py for tasks to queue
[2025-04-22T11:10:07.635-0300] {logging_mixin.py:190} INFO - [2025-04-22T11:10:07.635-0300] {dagbag.py:588} INFO - Filling up the DagBag from /home/jonathan-brito/python-projects/airflow/venv/lib/python3.12/site-packages/airflow/example_dags/example_skip_dag.py
[2025-04-22T11:10:07.647-0300] {processor.py:925} INFO - DAG(s) 'example_skip_dag' retrieved from /home/jonathan-brito/python-projects/airflow/venv/lib/python3.12/site-packages/airflow/example_dags/example_skip_dag.py
[2025-04-22T11:10:07.671-0300] {logging_mixin.py:190} INFO - [2025-04-22T11:10:07.671-0300] {dag.py:3239} INFO - Sync 1 DAGs
[2025-04-22T11:10:07.700-0300] {logging_mixin.py:190} INFO - [2025-04-22T11:10:07.700-0300] {dag.py:4180} INFO - Setting next_dagrun for example_skip_dag to 2025-04-21 00:00:00+00:00, run_after=2025-04-22 00:00:00+00:00
[2025-04-22T11:10:07.734-0300] {processor.py:208} INFO - Processing /home/jonathan-brito/python-projects/airflow/venv/lib/python3.12/site-packages/airflow/example_dags/example_skip_dag.py took 0.109 seconds
[2025-04-22T11:11:10.272-0300] {processor.py:186} INFO - Started process (PID=50962) to work on /home/jonathan-brito/python-projects/airflow/venv/lib/python3.12/site-packages/airflow/example_dags/example_skip_dag.py
[2025-04-22T11:11:10.273-0300] {processor.py:914} INFO - Processing file /home/jonathan-brito/python-projects/airflow/venv/lib/python3.12/site-packages/airflow/example_dags/example_skip_dag.py for tasks to queue
[2025-04-22T11:11:10.275-0300] {logging_mixin.py:190} INFO - [2025-04-22T11:11:10.274-0300] {dagbag.py:588} INFO - Filling up the DagBag from /home/jonathan-brito/python-projects/airflow/venv/lib/python3.12/site-packages/airflow/example_dags/example_skip_dag.py
[2025-04-22T11:11:10.286-0300] {processor.py:925} INFO - DAG(s) 'example_skip_dag' retrieved from /home/jonathan-brito/python-projects/airflow/venv/lib/python3.12/site-packages/airflow/example_dags/example_skip_dag.py
[2025-04-22T11:11:10.307-0300] {logging_mixin.py:190} INFO - [2025-04-22T11:11:10.306-0300] {dag.py:3239} INFO - Sync 1 DAGs
[2025-04-22T11:11:10.329-0300] {logging_mixin.py:190} INFO - [2025-04-22T11:11:10.329-0300] {dag.py:4180} INFO - Setting next_dagrun for example_skip_dag to 2025-04-21 00:00:00+00:00, run_after=2025-04-22 00:00:00+00:00
[2025-04-22T11:11:10.365-0300] {processor.py:208} INFO - Processing /home/jonathan-brito/python-projects/airflow/venv/lib/python3.12/site-packages/airflow/example_dags/example_skip_dag.py took 0.103 seconds
