[2025-04-21T21:24:10.791-0300] {processor.py:186} INFO - Started process (PID=70859) to work on /home/jonathan-brito/python-projects/airflow/venv/lib/python3.12/site-packages/airflow/example_dags/example_branch_day_of_week_operator.py
[2025-04-21T21:24:10.793-0300] {processor.py:914} INFO - Processing file /home/jonathan-brito/python-projects/airflow/venv/lib/python3.12/site-packages/airflow/example_dags/example_branch_day_of_week_operator.py for tasks to queue
[2025-04-21T21:24:10.796-0300] {logging_mixin.py:190} INFO - [2025-04-21T21:24:10.795-0300] {dagbag.py:588} INFO - Filling up the DagBag from /home/jonathan-brito/python-projects/airflow/venv/lib/python3.12/site-packages/airflow/example_dags/example_branch_day_of_week_operator.py
[2025-04-21T21:24:10.812-0300] {processor.py:925} INFO - DAG(s) 'example_weekday_branch_operator' retrieved from /home/jonathan-brito/python-projects/airflow/venv/lib/python3.12/site-packages/airflow/example_dags/example_branch_day_of_week_operator.py
[2025-04-21T21:24:10.839-0300] {logging_mixin.py:190} INFO - [2025-04-21T21:24:10.839-0300] {dag.py:3239} INFO - Sync 1 DAGs
[2025-04-21T21:24:10.862-0300] {logging_mixin.py:190} INFO - [2025-04-21T21:24:10.862-0300] {dag.py:4180} INFO - Setting next_dagrun for example_weekday_branch_operator to 2025-04-21 00:00:00+00:00, run_after=2025-04-22 00:00:00+00:00
[2025-04-21T21:24:10.921-0300] {processor.py:208} INFO - Processing /home/jonathan-brito/python-projects/airflow/venv/lib/python3.12/site-packages/airflow/example_dags/example_branch_day_of_week_operator.py took 0.147 seconds
[2025-04-21T22:10:28.027-0300] {processor.py:186} INFO - Started process (PID=127484) to work on /home/jonathan-brito/python-projects/airflow/venv/lib/python3.12/site-packages/airflow/example_dags/example_branch_day_of_week_operator.py
[2025-04-21T22:10:28.035-0300] {processor.py:914} INFO - Processing file /home/jonathan-brito/python-projects/airflow/venv/lib/python3.12/site-packages/airflow/example_dags/example_branch_day_of_week_operator.py for tasks to queue
[2025-04-21T22:10:28.039-0300] {logging_mixin.py:190} INFO - [2025-04-21T22:10:28.038-0300] {dagbag.py:588} INFO - Filling up the DagBag from /home/jonathan-brito/python-projects/airflow/venv/lib/python3.12/site-packages/airflow/example_dags/example_branch_day_of_week_operator.py
[2025-04-21T22:10:28.055-0300] {processor.py:925} INFO - DAG(s) 'example_weekday_branch_operator' retrieved from /home/jonathan-brito/python-projects/airflow/venv/lib/python3.12/site-packages/airflow/example_dags/example_branch_day_of_week_operator.py
[2025-04-21T22:10:28.074-0300] {logging_mixin.py:190} INFO - [2025-04-21T22:10:28.073-0300] {dag.py:3239} INFO - Sync 1 DAGs
[2025-04-21T22:10:28.092-0300] {logging_mixin.py:190} INFO - [2025-04-21T22:10:28.092-0300] {dag.py:4180} INFO - Setting next_dagrun for example_weekday_branch_operator to 2025-04-21 00:00:00+00:00, run_after=2025-04-22 00:00:00+00:00
[2025-04-21T22:10:28.121-0300] {processor.py:208} INFO - Processing /home/jonathan-brito/python-projects/airflow/venv/lib/python3.12/site-packages/airflow/example_dags/example_branch_day_of_week_operator.py took 0.111 seconds
[2025-04-21T22:11:31.663-0300] {processor.py:186} INFO - Started process (PID=128493) to work on /home/jonathan-brito/python-projects/airflow/venv/lib/python3.12/site-packages/airflow/example_dags/example_branch_day_of_week_operator.py
[2025-04-21T22:11:31.666-0300] {processor.py:914} INFO - Processing file /home/jonathan-brito/python-projects/airflow/venv/lib/python3.12/site-packages/airflow/example_dags/example_branch_day_of_week_operator.py for tasks to queue
[2025-04-21T22:11:31.669-0300] {logging_mixin.py:190} INFO - [2025-04-21T22:11:31.668-0300] {dagbag.py:588} INFO - Filling up the DagBag from /home/jonathan-brito/python-projects/airflow/venv/lib/python3.12/site-packages/airflow/example_dags/example_branch_day_of_week_operator.py
[2025-04-21T22:11:31.684-0300] {processor.py:925} INFO - DAG(s) 'example_weekday_branch_operator' retrieved from /home/jonathan-brito/python-projects/airflow/venv/lib/python3.12/site-packages/airflow/example_dags/example_branch_day_of_week_operator.py
[2025-04-21T22:11:31.704-0300] {logging_mixin.py:190} INFO - [2025-04-21T22:11:31.704-0300] {dag.py:3239} INFO - Sync 1 DAGs
[2025-04-21T22:11:31.724-0300] {logging_mixin.py:190} INFO - [2025-04-21T22:11:31.723-0300] {dag.py:4180} INFO - Setting next_dagrun for example_weekday_branch_operator to 2025-04-21 00:00:00+00:00, run_after=2025-04-22 00:00:00+00:00
[2025-04-21T22:11:31.747-0300] {processor.py:208} INFO - Processing /home/jonathan-brito/python-projects/airflow/venv/lib/python3.12/site-packages/airflow/example_dags/example_branch_day_of_week_operator.py took 0.104 seconds
[2025-04-21T22:12:33.868-0300] {processor.py:186} INFO - Started process (PID=129167) to work on /home/jonathan-brito/python-projects/airflow/venv/lib/python3.12/site-packages/airflow/example_dags/example_branch_day_of_week_operator.py
[2025-04-21T22:12:33.875-0300] {processor.py:914} INFO - Processing file /home/jonathan-brito/python-projects/airflow/venv/lib/python3.12/site-packages/airflow/example_dags/example_branch_day_of_week_operator.py for tasks to queue
[2025-04-21T22:12:33.877-0300] {logging_mixin.py:190} INFO - [2025-04-21T22:12:33.876-0300] {dagbag.py:588} INFO - Filling up the DagBag from /home/jonathan-brito/python-projects/airflow/venv/lib/python3.12/site-packages/airflow/example_dags/example_branch_day_of_week_operator.py
[2025-04-21T22:12:33.884-0300] {processor.py:925} INFO - DAG(s) 'example_weekday_branch_operator' retrieved from /home/jonathan-brito/python-projects/airflow/venv/lib/python3.12/site-packages/airflow/example_dags/example_branch_day_of_week_operator.py
[2025-04-21T22:12:33.901-0300] {logging_mixin.py:190} INFO - [2025-04-21T22:12:33.900-0300] {dag.py:3239} INFO - Sync 1 DAGs
[2025-04-21T22:12:33.919-0300] {logging_mixin.py:190} INFO - [2025-04-21T22:12:33.919-0300] {dag.py:4180} INFO - Setting next_dagrun for example_weekday_branch_operator to 2025-04-21 00:00:00+00:00, run_after=2025-04-22 00:00:00+00:00
[2025-04-21T22:12:33.945-0300] {processor.py:208} INFO - Processing /home/jonathan-brito/python-projects/airflow/venv/lib/python3.12/site-packages/airflow/example_dags/example_branch_day_of_week_operator.py took 0.084 seconds
[2025-04-21T22:13:38.249-0300] {processor.py:186} INFO - Started process (PID=129909) to work on /home/jonathan-brito/python-projects/airflow/venv/lib/python3.12/site-packages/airflow/example_dags/example_branch_day_of_week_operator.py
[2025-04-21T22:13:38.256-0300] {processor.py:914} INFO - Processing file /home/jonathan-brito/python-projects/airflow/venv/lib/python3.12/site-packages/airflow/example_dags/example_branch_day_of_week_operator.py for tasks to queue
[2025-04-21T22:13:38.258-0300] {logging_mixin.py:190} INFO - [2025-04-21T22:13:38.257-0300] {dagbag.py:588} INFO - Filling up the DagBag from /home/jonathan-brito/python-projects/airflow/venv/lib/python3.12/site-packages/airflow/example_dags/example_branch_day_of_week_operator.py
[2025-04-21T22:13:38.269-0300] {processor.py:925} INFO - DAG(s) 'example_weekday_branch_operator' retrieved from /home/jonathan-brito/python-projects/airflow/venv/lib/python3.12/site-packages/airflow/example_dags/example_branch_day_of_week_operator.py
[2025-04-21T22:13:38.294-0300] {logging_mixin.py:190} INFO - [2025-04-21T22:13:38.294-0300] {dag.py:3239} INFO - Sync 1 DAGs
[2025-04-21T22:13:38.323-0300] {logging_mixin.py:190} INFO - [2025-04-21T22:13:38.323-0300] {dag.py:4180} INFO - Setting next_dagrun for example_weekday_branch_operator to 2025-04-21 00:00:00+00:00, run_after=2025-04-22 00:00:00+00:00
[2025-04-21T22:13:38.367-0300] {processor.py:208} INFO - Processing /home/jonathan-brito/python-projects/airflow/venv/lib/python3.12/site-packages/airflow/example_dags/example_branch_day_of_week_operator.py took 0.125 seconds
[2025-04-21T22:14:39.709-0300] {processor.py:186} INFO - Started process (PID=130614) to work on /home/jonathan-brito/python-projects/airflow/venv/lib/python3.12/site-packages/airflow/example_dags/example_branch_day_of_week_operator.py
[2025-04-21T22:14:39.716-0300] {processor.py:914} INFO - Processing file /home/jonathan-brito/python-projects/airflow/venv/lib/python3.12/site-packages/airflow/example_dags/example_branch_day_of_week_operator.py for tasks to queue
[2025-04-21T22:14:39.717-0300] {logging_mixin.py:190} INFO - [2025-04-21T22:14:39.717-0300] {dagbag.py:588} INFO - Filling up the DagBag from /home/jonathan-brito/python-projects/airflow/venv/lib/python3.12/site-packages/airflow/example_dags/example_branch_day_of_week_operator.py
[2025-04-21T22:14:39.725-0300] {processor.py:925} INFO - DAG(s) 'example_weekday_branch_operator' retrieved from /home/jonathan-brito/python-projects/airflow/venv/lib/python3.12/site-packages/airflow/example_dags/example_branch_day_of_week_operator.py
[2025-04-21T22:14:39.743-0300] {logging_mixin.py:190} INFO - [2025-04-21T22:14:39.743-0300] {dag.py:3239} INFO - Sync 1 DAGs
[2025-04-21T22:14:39.763-0300] {logging_mixin.py:190} INFO - [2025-04-21T22:14:39.762-0300] {dag.py:4180} INFO - Setting next_dagrun for example_weekday_branch_operator to 2025-04-21 00:00:00+00:00, run_after=2025-04-22 00:00:00+00:00
[2025-04-21T22:14:39.791-0300] {processor.py:208} INFO - Processing /home/jonathan-brito/python-projects/airflow/venv/lib/python3.12/site-packages/airflow/example_dags/example_branch_day_of_week_operator.py took 0.088 seconds
[2025-04-21T22:15:42.201-0300] {processor.py:186} INFO - Started process (PID=131268) to work on /home/jonathan-brito/python-projects/airflow/venv/lib/python3.12/site-packages/airflow/example_dags/example_branch_day_of_week_operator.py
[2025-04-21T22:15:42.208-0300] {processor.py:914} INFO - Processing file /home/jonathan-brito/python-projects/airflow/venv/lib/python3.12/site-packages/airflow/example_dags/example_branch_day_of_week_operator.py for tasks to queue
[2025-04-21T22:15:42.210-0300] {logging_mixin.py:190} INFO - [2025-04-21T22:15:42.210-0300] {dagbag.py:588} INFO - Filling up the DagBag from /home/jonathan-brito/python-projects/airflow/venv/lib/python3.12/site-packages/airflow/example_dags/example_branch_day_of_week_operator.py
[2025-04-21T22:15:42.219-0300] {processor.py:925} INFO - DAG(s) 'example_weekday_branch_operator' retrieved from /home/jonathan-brito/python-projects/airflow/venv/lib/python3.12/site-packages/airflow/example_dags/example_branch_day_of_week_operator.py
[2025-04-21T22:15:42.241-0300] {logging_mixin.py:190} INFO - [2025-04-21T22:15:42.241-0300] {dag.py:3239} INFO - Sync 1 DAGs
[2025-04-21T22:15:42.277-0300] {logging_mixin.py:190} INFO - [2025-04-21T22:15:42.277-0300] {dag.py:4180} INFO - Setting next_dagrun for example_weekday_branch_operator to 2025-04-21 00:00:00+00:00, run_after=2025-04-22 00:00:00+00:00
[2025-04-21T22:15:42.317-0300] {processor.py:208} INFO - Processing /home/jonathan-brito/python-projects/airflow/venv/lib/python3.12/site-packages/airflow/example_dags/example_branch_day_of_week_operator.py took 0.125 seconds
[2025-04-21T22:16:44.988-0300] {processor.py:186} INFO - Started process (PID=131915) to work on /home/jonathan-brito/python-projects/airflow/venv/lib/python3.12/site-packages/airflow/example_dags/example_branch_day_of_week_operator.py
[2025-04-21T22:16:44.995-0300] {processor.py:914} INFO - Processing file /home/jonathan-brito/python-projects/airflow/venv/lib/python3.12/site-packages/airflow/example_dags/example_branch_day_of_week_operator.py for tasks to queue
[2025-04-21T22:16:44.996-0300] {logging_mixin.py:190} INFO - [2025-04-21T22:16:44.996-0300] {dagbag.py:588} INFO - Filling up the DagBag from /home/jonathan-brito/python-projects/airflow/venv/lib/python3.12/site-packages/airflow/example_dags/example_branch_day_of_week_operator.py
[2025-04-21T22:16:45.004-0300] {processor.py:925} INFO - DAG(s) 'example_weekday_branch_operator' retrieved from /home/jonathan-brito/python-projects/airflow/venv/lib/python3.12/site-packages/airflow/example_dags/example_branch_day_of_week_operator.py
[2025-04-21T22:16:45.023-0300] {logging_mixin.py:190} INFO - [2025-04-21T22:16:45.023-0300] {dag.py:3239} INFO - Sync 1 DAGs
[2025-04-21T22:16:45.043-0300] {logging_mixin.py:190} INFO - [2025-04-21T22:16:45.042-0300] {dag.py:4180} INFO - Setting next_dagrun for example_weekday_branch_operator to 2025-04-21 00:00:00+00:00, run_after=2025-04-22 00:00:00+00:00
[2025-04-21T22:16:45.073-0300] {processor.py:208} INFO - Processing /home/jonathan-brito/python-projects/airflow/venv/lib/python3.12/site-packages/airflow/example_dags/example_branch_day_of_week_operator.py took 0.091 seconds
[2025-04-21T22:17:48.483-0300] {processor.py:186} INFO - Started process (PID=132570) to work on /home/jonathan-brito/python-projects/airflow/venv/lib/python3.12/site-packages/airflow/example_dags/example_branch_day_of_week_operator.py
[2025-04-21T22:17:48.490-0300] {processor.py:914} INFO - Processing file /home/jonathan-brito/python-projects/airflow/venv/lib/python3.12/site-packages/airflow/example_dags/example_branch_day_of_week_operator.py for tasks to queue
[2025-04-21T22:17:48.491-0300] {logging_mixin.py:190} INFO - [2025-04-21T22:17:48.491-0300] {dagbag.py:588} INFO - Filling up the DagBag from /home/jonathan-brito/python-projects/airflow/venv/lib/python3.12/site-packages/airflow/example_dags/example_branch_day_of_week_operator.py
[2025-04-21T22:17:48.501-0300] {processor.py:925} INFO - DAG(s) 'example_weekday_branch_operator' retrieved from /home/jonathan-brito/python-projects/airflow/venv/lib/python3.12/site-packages/airflow/example_dags/example_branch_day_of_week_operator.py
[2025-04-21T22:17:48.521-0300] {logging_mixin.py:190} INFO - [2025-04-21T22:17:48.520-0300] {dag.py:3239} INFO - Sync 1 DAGs
[2025-04-21T22:17:48.543-0300] {logging_mixin.py:190} INFO - [2025-04-21T22:17:48.543-0300] {dag.py:4180} INFO - Setting next_dagrun for example_weekday_branch_operator to 2025-04-21 00:00:00+00:00, run_after=2025-04-22 00:00:00+00:00
[2025-04-21T22:17:48.579-0300] {processor.py:208} INFO - Processing /home/jonathan-brito/python-projects/airflow/venv/lib/python3.12/site-packages/airflow/example_dags/example_branch_day_of_week_operator.py took 0.104 seconds
[2025-04-21T22:18:50.038-0300] {processor.py:186} INFO - Started process (PID=133190) to work on /home/jonathan-brito/python-projects/airflow/venv/lib/python3.12/site-packages/airflow/example_dags/example_branch_day_of_week_operator.py
[2025-04-21T22:18:50.045-0300] {processor.py:914} INFO - Processing file /home/jonathan-brito/python-projects/airflow/venv/lib/python3.12/site-packages/airflow/example_dags/example_branch_day_of_week_operator.py for tasks to queue
[2025-04-21T22:18:50.046-0300] {logging_mixin.py:190} INFO - [2025-04-21T22:18:50.046-0300] {dagbag.py:588} INFO - Filling up the DagBag from /home/jonathan-brito/python-projects/airflow/venv/lib/python3.12/site-packages/airflow/example_dags/example_branch_day_of_week_operator.py
[2025-04-21T22:18:50.054-0300] {processor.py:925} INFO - DAG(s) 'example_weekday_branch_operator' retrieved from /home/jonathan-brito/python-projects/airflow/venv/lib/python3.12/site-packages/airflow/example_dags/example_branch_day_of_week_operator.py
[2025-04-21T22:18:50.072-0300] {logging_mixin.py:190} INFO - [2025-04-21T22:18:50.072-0300] {dag.py:3239} INFO - Sync 1 DAGs
[2025-04-21T22:18:50.091-0300] {logging_mixin.py:190} INFO - [2025-04-21T22:18:50.091-0300] {dag.py:4180} INFO - Setting next_dagrun for example_weekday_branch_operator to 2025-04-21 00:00:00+00:00, run_after=2025-04-22 00:00:00+00:00
[2025-04-21T22:18:50.114-0300] {processor.py:208} INFO - Processing /home/jonathan-brito/python-projects/airflow/venv/lib/python3.12/site-packages/airflow/example_dags/example_branch_day_of_week_operator.py took 0.083 seconds
[2025-04-21T22:19:53.497-0300] {processor.py:186} INFO - Started process (PID=133923) to work on /home/jonathan-brito/python-projects/airflow/venv/lib/python3.12/site-packages/airflow/example_dags/example_branch_day_of_week_operator.py
[2025-04-21T22:19:53.504-0300] {processor.py:914} INFO - Processing file /home/jonathan-brito/python-projects/airflow/venv/lib/python3.12/site-packages/airflow/example_dags/example_branch_day_of_week_operator.py for tasks to queue
[2025-04-21T22:19:53.505-0300] {logging_mixin.py:190} INFO - [2025-04-21T22:19:53.505-0300] {dagbag.py:588} INFO - Filling up the DagBag from /home/jonathan-brito/python-projects/airflow/venv/lib/python3.12/site-packages/airflow/example_dags/example_branch_day_of_week_operator.py
[2025-04-21T22:19:53.514-0300] {processor.py:925} INFO - DAG(s) 'example_weekday_branch_operator' retrieved from /home/jonathan-brito/python-projects/airflow/venv/lib/python3.12/site-packages/airflow/example_dags/example_branch_day_of_week_operator.py
[2025-04-21T22:19:53.533-0300] {logging_mixin.py:190} INFO - [2025-04-21T22:19:53.532-0300] {dag.py:3239} INFO - Sync 1 DAGs
[2025-04-21T22:19:53.554-0300] {logging_mixin.py:190} INFO - [2025-04-21T22:19:53.554-0300] {dag.py:4180} INFO - Setting next_dagrun for example_weekday_branch_operator to 2025-04-21 00:00:00+00:00, run_after=2025-04-22 00:00:00+00:00
[2025-04-21T22:19:53.588-0300] {processor.py:208} INFO - Processing /home/jonathan-brito/python-projects/airflow/venv/lib/python3.12/site-packages/airflow/example_dags/example_branch_day_of_week_operator.py took 0.098 seconds
[2025-04-21T22:20:56.984-0300] {processor.py:186} INFO - Started process (PID=134578) to work on /home/jonathan-brito/python-projects/airflow/venv/lib/python3.12/site-packages/airflow/example_dags/example_branch_day_of_week_operator.py
[2025-04-21T22:20:56.991-0300] {processor.py:914} INFO - Processing file /home/jonathan-brito/python-projects/airflow/venv/lib/python3.12/site-packages/airflow/example_dags/example_branch_day_of_week_operator.py for tasks to queue
[2025-04-21T22:20:56.993-0300] {logging_mixin.py:190} INFO - [2025-04-21T22:20:56.993-0300] {dagbag.py:588} INFO - Filling up the DagBag from /home/jonathan-brito/python-projects/airflow/venv/lib/python3.12/site-packages/airflow/example_dags/example_branch_day_of_week_operator.py
[2025-04-21T22:20:57.002-0300] {processor.py:925} INFO - DAG(s) 'example_weekday_branch_operator' retrieved from /home/jonathan-brito/python-projects/airflow/venv/lib/python3.12/site-packages/airflow/example_dags/example_branch_day_of_week_operator.py
[2025-04-21T22:20:57.021-0300] {logging_mixin.py:190} INFO - [2025-04-21T22:20:57.020-0300] {dag.py:3239} INFO - Sync 1 DAGs
[2025-04-21T22:20:57.043-0300] {logging_mixin.py:190} INFO - [2025-04-21T22:20:57.043-0300] {dag.py:4180} INFO - Setting next_dagrun for example_weekday_branch_operator to 2025-04-21 00:00:00+00:00, run_after=2025-04-22 00:00:00+00:00
[2025-04-21T22:20:57.071-0300] {processor.py:208} INFO - Processing /home/jonathan-brito/python-projects/airflow/venv/lib/python3.12/site-packages/airflow/example_dags/example_branch_day_of_week_operator.py took 0.094 seconds
[2025-04-22T10:24:57.631-0300] {processor.py:186} INFO - Started process (PID=11504) to work on /home/jonathan-brito/python-projects/airflow/venv/lib/python3.12/site-packages/airflow/example_dags/example_branch_day_of_week_operator.py
[2025-04-22T10:24:57.638-0300] {processor.py:914} INFO - Processing file /home/jonathan-brito/python-projects/airflow/venv/lib/python3.12/site-packages/airflow/example_dags/example_branch_day_of_week_operator.py for tasks to queue
[2025-04-22T10:24:57.640-0300] {logging_mixin.py:190} INFO - [2025-04-22T10:24:57.640-0300] {dagbag.py:588} INFO - Filling up the DagBag from /home/jonathan-brito/python-projects/airflow/venv/lib/python3.12/site-packages/airflow/example_dags/example_branch_day_of_week_operator.py
[2025-04-22T10:24:57.653-0300] {processor.py:925} INFO - DAG(s) 'example_weekday_branch_operator' retrieved from /home/jonathan-brito/python-projects/airflow/venv/lib/python3.12/site-packages/airflow/example_dags/example_branch_day_of_week_operator.py
[2025-04-22T10:24:57.672-0300] {logging_mixin.py:190} INFO - [2025-04-22T10:24:57.672-0300] {dag.py:3239} INFO - Sync 1 DAGs
[2025-04-22T10:24:57.696-0300] {logging_mixin.py:190} INFO - [2025-04-22T10:24:57.695-0300] {dag.py:4180} INFO - Setting next_dagrun for example_weekday_branch_operator to 2025-04-21 00:00:00+00:00, run_after=2025-04-22 00:00:00+00:00
[2025-04-22T10:24:57.721-0300] {processor.py:208} INFO - Processing /home/jonathan-brito/python-projects/airflow/venv/lib/python3.12/site-packages/airflow/example_dags/example_branch_day_of_week_operator.py took 0.100 seconds
[2025-04-22T10:26:40.328-0300] {processor.py:186} INFO - Started process (PID=12919) to work on /home/jonathan-brito/python-projects/airflow/venv/lib/python3.12/site-packages/airflow/example_dags/example_branch_day_of_week_operator.py
[2025-04-22T10:26:40.336-0300] {processor.py:914} INFO - Processing file /home/jonathan-brito/python-projects/airflow/venv/lib/python3.12/site-packages/airflow/example_dags/example_branch_day_of_week_operator.py for tasks to queue
[2025-04-22T10:26:40.339-0300] {logging_mixin.py:190} INFO - [2025-04-22T10:26:40.338-0300] {dagbag.py:588} INFO - Filling up the DagBag from /home/jonathan-brito/python-projects/airflow/venv/lib/python3.12/site-packages/airflow/example_dags/example_branch_day_of_week_operator.py
[2025-04-22T10:26:40.357-0300] {processor.py:925} INFO - DAG(s) 'example_weekday_branch_operator' retrieved from /home/jonathan-brito/python-projects/airflow/venv/lib/python3.12/site-packages/airflow/example_dags/example_branch_day_of_week_operator.py
[2025-04-22T10:26:40.387-0300] {logging_mixin.py:190} INFO - [2025-04-22T10:26:40.386-0300] {dag.py:3239} INFO - Sync 1 DAGs
[2025-04-22T10:26:40.412-0300] {logging_mixin.py:190} INFO - [2025-04-22T10:26:40.411-0300] {dag.py:4180} INFO - Setting next_dagrun for example_weekday_branch_operator to 2025-04-21 00:00:00+00:00, run_after=2025-04-22 00:00:00+00:00
[2025-04-22T10:26:40.447-0300] {processor.py:208} INFO - Processing /home/jonathan-brito/python-projects/airflow/venv/lib/python3.12/site-packages/airflow/example_dags/example_branch_day_of_week_operator.py took 0.134 seconds
[2025-04-22T10:29:29.929-0300] {processor.py:186} INFO - Started process (PID=15705) to work on /home/jonathan-brito/python-projects/airflow/venv/lib/python3.12/site-packages/airflow/example_dags/example_branch_day_of_week_operator.py
[2025-04-22T10:29:29.936-0300] {processor.py:914} INFO - Processing file /home/jonathan-brito/python-projects/airflow/venv/lib/python3.12/site-packages/airflow/example_dags/example_branch_day_of_week_operator.py for tasks to queue
[2025-04-22T10:29:29.939-0300] {logging_mixin.py:190} INFO - [2025-04-22T10:29:29.938-0300] {dagbag.py:588} INFO - Filling up the DagBag from /home/jonathan-brito/python-projects/airflow/venv/lib/python3.12/site-packages/airflow/example_dags/example_branch_day_of_week_operator.py
[2025-04-22T10:29:29.954-0300] {processor.py:925} INFO - DAG(s) 'example_weekday_branch_operator' retrieved from /home/jonathan-brito/python-projects/airflow/venv/lib/python3.12/site-packages/airflow/example_dags/example_branch_day_of_week_operator.py
[2025-04-22T10:29:29.978-0300] {logging_mixin.py:190} INFO - [2025-04-22T10:29:29.977-0300] {dag.py:3239} INFO - Sync 1 DAGs
[2025-04-22T10:29:30.010-0300] {logging_mixin.py:190} INFO - [2025-04-22T10:29:30.010-0300] {dag.py:4180} INFO - Setting next_dagrun for example_weekday_branch_operator to 2025-04-21 00:00:00+00:00, run_after=2025-04-22 00:00:00+00:00
[2025-04-22T10:29:30.040-0300] {processor.py:208} INFO - Processing /home/jonathan-brito/python-projects/airflow/venv/lib/python3.12/site-packages/airflow/example_dags/example_branch_day_of_week_operator.py took 0.118 seconds
[2025-04-22T11:08:39.083-0300] {processor.py:186} INFO - Started process (PID=49800) to work on /home/jonathan-brito/python-projects/airflow/venv/lib/python3.12/site-packages/airflow/example_dags/example_branch_day_of_week_operator.py
[2025-04-22T11:08:39.085-0300] {processor.py:914} INFO - Processing file /home/jonathan-brito/python-projects/airflow/venv/lib/python3.12/site-packages/airflow/example_dags/example_branch_day_of_week_operator.py for tasks to queue
[2025-04-22T11:08:39.086-0300] {logging_mixin.py:190} INFO - [2025-04-22T11:08:39.086-0300] {dagbag.py:588} INFO - Filling up the DagBag from /home/jonathan-brito/python-projects/airflow/venv/lib/python3.12/site-packages/airflow/example_dags/example_branch_day_of_week_operator.py
[2025-04-22T11:08:39.095-0300] {processor.py:925} INFO - DAG(s) 'example_weekday_branch_operator' retrieved from /home/jonathan-brito/python-projects/airflow/venv/lib/python3.12/site-packages/airflow/example_dags/example_branch_day_of_week_operator.py
[2025-04-22T11:08:39.113-0300] {logging_mixin.py:190} INFO - [2025-04-22T11:08:39.113-0300] {dag.py:3239} INFO - Sync 1 DAGs
[2025-04-22T11:08:39.134-0300] {logging_mixin.py:190} INFO - [2025-04-22T11:08:39.133-0300] {dag.py:4180} INFO - Setting next_dagrun for example_weekday_branch_operator to 2025-04-21 00:00:00+00:00, run_after=2025-04-22 00:00:00+00:00
[2025-04-22T11:08:39.157-0300] {processor.py:208} INFO - Processing /home/jonathan-brito/python-projects/airflow/venv/lib/python3.12/site-packages/airflow/example_dags/example_branch_day_of_week_operator.py took 0.080 seconds
[2025-04-22T11:09:38.841-0300] {processor.py:186} INFO - Started process (PID=50178) to work on /home/jonathan-brito/python-projects/airflow/venv/lib/python3.12/site-packages/airflow/example_dags/example_branch_day_of_week_operator.py
[2025-04-22T11:09:38.848-0300] {processor.py:914} INFO - Processing file /home/jonathan-brito/python-projects/airflow/venv/lib/python3.12/site-packages/airflow/example_dags/example_branch_day_of_week_operator.py for tasks to queue
[2025-04-22T11:09:38.849-0300] {logging_mixin.py:190} INFO - [2025-04-22T11:09:38.849-0300] {dagbag.py:588} INFO - Filling up the DagBag from /home/jonathan-brito/python-projects/airflow/venv/lib/python3.12/site-packages/airflow/example_dags/example_branch_day_of_week_operator.py
[2025-04-22T11:09:38.859-0300] {processor.py:925} INFO - DAG(s) 'example_weekday_branch_operator' retrieved from /home/jonathan-brito/python-projects/airflow/venv/lib/python3.12/site-packages/airflow/example_dags/example_branch_day_of_week_operator.py
[2025-04-22T11:09:38.877-0300] {logging_mixin.py:190} INFO - [2025-04-22T11:09:38.877-0300] {dag.py:3239} INFO - Sync 1 DAGs
[2025-04-22T11:09:38.899-0300] {logging_mixin.py:190} INFO - [2025-04-22T11:09:38.899-0300] {dag.py:4180} INFO - Setting next_dagrun for example_weekday_branch_operator to 2025-04-21 00:00:00+00:00, run_after=2025-04-22 00:00:00+00:00
[2025-04-22T11:09:38.922-0300] {processor.py:208} INFO - Processing /home/jonathan-brito/python-projects/airflow/venv/lib/python3.12/site-packages/airflow/example_dags/example_branch_day_of_week_operator.py took 0.089 seconds
[2025-04-22T11:10:38.953-0300] {processor.py:186} INFO - Started process (PID=50725) to work on /home/jonathan-brito/python-projects/airflow/venv/lib/python3.12/site-packages/airflow/example_dags/example_branch_day_of_week_operator.py
[2025-04-22T11:10:38.960-0300] {processor.py:914} INFO - Processing file /home/jonathan-brito/python-projects/airflow/venv/lib/python3.12/site-packages/airflow/example_dags/example_branch_day_of_week_operator.py for tasks to queue
[2025-04-22T11:10:38.962-0300] {logging_mixin.py:190} INFO - [2025-04-22T11:10:38.961-0300] {dagbag.py:588} INFO - Filling up the DagBag from /home/jonathan-brito/python-projects/airflow/venv/lib/python3.12/site-packages/airflow/example_dags/example_branch_day_of_week_operator.py
[2025-04-22T11:10:38.973-0300] {processor.py:925} INFO - DAG(s) 'example_weekday_branch_operator' retrieved from /home/jonathan-brito/python-projects/airflow/venv/lib/python3.12/site-packages/airflow/example_dags/example_branch_day_of_week_operator.py
[2025-04-22T11:10:38.991-0300] {logging_mixin.py:190} INFO - [2025-04-22T11:10:38.991-0300] {dag.py:3239} INFO - Sync 1 DAGs
[2025-04-22T11:10:39.011-0300] {logging_mixin.py:190} INFO - [2025-04-22T11:10:39.011-0300] {dag.py:4180} INFO - Setting next_dagrun for example_weekday_branch_operator to 2025-04-21 00:00:00+00:00, run_after=2025-04-22 00:00:00+00:00
[2025-04-22T11:10:39.043-0300] {processor.py:208} INFO - Processing /home/jonathan-brito/python-projects/airflow/venv/lib/python3.12/site-packages/airflow/example_dags/example_branch_day_of_week_operator.py took 0.099 seconds
