[2025-04-21T21:24:16.020-0300] {processor.py:186} INFO - Started process (PID=70973) to work on /home/jonathan-brito/python-projects/airflow/venv/lib/python3.12/site-packages/airflow/example_dags/example_bash_decorator.py
[2025-04-21T21:24:16.022-0300] {processor.py:914} INFO - Processing file /home/jonathan-brito/python-projects/airflow/venv/lib/python3.12/site-packages/airflow/example_dags/example_bash_decorator.py for tasks to queue
[2025-04-21T21:24:16.026-0300] {logging_mixin.py:190} INFO - [2025-04-21T21:24:16.025-0300] {dagbag.py:588} INFO - Filling up the DagBag from /home/jonathan-brito/python-projects/airflow/venv/lib/python3.12/site-packages/airflow/example_dags/example_bash_decorator.py
[2025-04-21T21:24:16.053-0300] {processor.py:925} INFO - DAG(s) 'example_bash_decorator' retrieved from /home/jonathan-brito/python-projects/airflow/venv/lib/python3.12/site-packages/airflow/example_dags/example_bash_decorator.py
[2025-04-21T21:24:16.194-0300] {logging_mixin.py:190} INFO - [2025-04-21T21:24:16.193-0300] {dag.py:3239} INFO - Sync 1 DAGs
[2025-04-21T21:24:16.206-0300] {logging_mixin.py:190} INFO - [2025-04-21T21:24:16.206-0300] {dag.py:4180} INFO - Setting next_dagrun for example_bash_decorator to None, run_after=None
[2025-04-21T21:24:16.239-0300] {processor.py:208} INFO - Processing /home/jonathan-brito/python-projects/airflow/venv/lib/python3.12/site-packages/airflow/example_dags/example_bash_decorator.py took 0.231 seconds
[2025-04-21T22:10:32.359-0300] {processor.py:186} INFO - Started process (PID=127581) to work on /home/jonathan-brito/python-projects/airflow/venv/lib/python3.12/site-packages/airflow/example_dags/example_bash_decorator.py
[2025-04-21T22:10:32.371-0300] {processor.py:914} INFO - Processing file /home/jonathan-brito/python-projects/airflow/venv/lib/python3.12/site-packages/airflow/example_dags/example_bash_decorator.py for tasks to queue
[2025-04-21T22:10:32.374-0300] {logging_mixin.py:190} INFO - [2025-04-21T22:10:32.372-0300] {dagbag.py:588} INFO - Filling up the DagBag from /home/jonathan-brito/python-projects/airflow/venv/lib/python3.12/site-packages/airflow/example_dags/example_bash_decorator.py
[2025-04-21T22:10:32.397-0300] {processor.py:925} INFO - DAG(s) 'example_bash_decorator' retrieved from /home/jonathan-brito/python-projects/airflow/venv/lib/python3.12/site-packages/airflow/example_dags/example_bash_decorator.py
[2025-04-21T22:10:32.535-0300] {logging_mixin.py:190} INFO - [2025-04-21T22:10:32.534-0300] {dag.py:3239} INFO - Sync 1 DAGs
[2025-04-21T22:10:32.544-0300] {logging_mixin.py:190} INFO - [2025-04-21T22:10:32.544-0300] {dag.py:4180} INFO - Setting next_dagrun for example_bash_decorator to None, run_after=None
[2025-04-21T22:10:32.577-0300] {processor.py:208} INFO - Processing /home/jonathan-brito/python-projects/airflow/venv/lib/python3.12/site-packages/airflow/example_dags/example_bash_decorator.py took 0.228 seconds
[2025-04-21T22:11:37.293-0300] {processor.py:186} INFO - Started process (PID=128531) to work on /home/jonathan-brito/python-projects/airflow/venv/lib/python3.12/site-packages/airflow/example_dags/example_bash_decorator.py
[2025-04-21T22:11:37.300-0300] {processor.py:914} INFO - Processing file /home/jonathan-brito/python-projects/airflow/venv/lib/python3.12/site-packages/airflow/example_dags/example_bash_decorator.py for tasks to queue
[2025-04-21T22:11:37.301-0300] {logging_mixin.py:190} INFO - [2025-04-21T22:11:37.301-0300] {dagbag.py:588} INFO - Filling up the DagBag from /home/jonathan-brito/python-projects/airflow/venv/lib/python3.12/site-packages/airflow/example_dags/example_bash_decorator.py
[2025-04-21T22:11:37.319-0300] {processor.py:925} INFO - DAG(s) 'example_bash_decorator' retrieved from /home/jonathan-brito/python-projects/airflow/venv/lib/python3.12/site-packages/airflow/example_dags/example_bash_decorator.py
[2025-04-21T22:11:37.345-0300] {logging_mixin.py:190} INFO - [2025-04-21T22:11:37.345-0300] {dag.py:3239} INFO - Sync 1 DAGs
[2025-04-21T22:11:37.366-0300] {logging_mixin.py:190} INFO - [2025-04-21T22:11:37.365-0300] {dag.py:4180} INFO - Setting next_dagrun for example_bash_decorator to None, run_after=None
[2025-04-21T22:11:37.403-0300] {processor.py:208} INFO - Processing /home/jonathan-brito/python-projects/airflow/venv/lib/python3.12/site-packages/airflow/example_dags/example_bash_decorator.py took 0.117 seconds
[2025-04-21T22:12:39.690-0300] {processor.py:186} INFO - Started process (PID=129220) to work on /home/jonathan-brito/python-projects/airflow/venv/lib/python3.12/site-packages/airflow/example_dags/example_bash_decorator.py
[2025-04-21T22:12:39.698-0300] {processor.py:914} INFO - Processing file /home/jonathan-brito/python-projects/airflow/venv/lib/python3.12/site-packages/airflow/example_dags/example_bash_decorator.py for tasks to queue
[2025-04-21T22:12:39.702-0300] {logging_mixin.py:190} INFO - [2025-04-21T22:12:39.702-0300] {dagbag.py:588} INFO - Filling up the DagBag from /home/jonathan-brito/python-projects/airflow/venv/lib/python3.12/site-packages/airflow/example_dags/example_bash_decorator.py
[2025-04-21T22:12:39.724-0300] {processor.py:925} INFO - DAG(s) 'example_bash_decorator' retrieved from /home/jonathan-brito/python-projects/airflow/venv/lib/python3.12/site-packages/airflow/example_dags/example_bash_decorator.py
[2025-04-21T22:12:39.744-0300] {logging_mixin.py:190} INFO - [2025-04-21T22:12:39.744-0300] {dag.py:3239} INFO - Sync 1 DAGs
[2025-04-21T22:12:39.758-0300] {logging_mixin.py:190} INFO - [2025-04-21T22:12:39.757-0300] {dag.py:4180} INFO - Setting next_dagrun for example_bash_decorator to None, run_after=None
[2025-04-21T22:12:39.798-0300] {processor.py:208} INFO - Processing /home/jonathan-brito/python-projects/airflow/venv/lib/python3.12/site-packages/airflow/example_dags/example_bash_decorator.py took 0.114 seconds
[2025-04-21T22:13:43.862-0300] {processor.py:186} INFO - Started process (PID=129985) to work on /home/jonathan-brito/python-projects/airflow/venv/lib/python3.12/site-packages/airflow/example_dags/example_bash_decorator.py
[2025-04-21T22:13:43.869-0300] {processor.py:914} INFO - Processing file /home/jonathan-brito/python-projects/airflow/venv/lib/python3.12/site-packages/airflow/example_dags/example_bash_decorator.py for tasks to queue
[2025-04-21T22:13:43.871-0300] {logging_mixin.py:190} INFO - [2025-04-21T22:13:43.870-0300] {dagbag.py:588} INFO - Filling up the DagBag from /home/jonathan-brito/python-projects/airflow/venv/lib/python3.12/site-packages/airflow/example_dags/example_bash_decorator.py
[2025-04-21T22:13:43.886-0300] {processor.py:925} INFO - DAG(s) 'example_bash_decorator' retrieved from /home/jonathan-brito/python-projects/airflow/venv/lib/python3.12/site-packages/airflow/example_dags/example_bash_decorator.py
[2025-04-21T22:13:43.910-0300] {logging_mixin.py:190} INFO - [2025-04-21T22:13:43.910-0300] {dag.py:3239} INFO - Sync 1 DAGs
[2025-04-21T22:13:43.923-0300] {logging_mixin.py:190} INFO - [2025-04-21T22:13:43.922-0300] {dag.py:4180} INFO - Setting next_dagrun for example_bash_decorator to None, run_after=None
[2025-04-21T22:13:43.956-0300] {processor.py:208} INFO - Processing /home/jonathan-brito/python-projects/airflow/venv/lib/python3.12/site-packages/airflow/example_dags/example_bash_decorator.py took 0.101 seconds
[2025-04-21T22:14:45.914-0300] {processor.py:186} INFO - Started process (PID=130668) to work on /home/jonathan-brito/python-projects/airflow/venv/lib/python3.12/site-packages/airflow/example_dags/example_bash_decorator.py
[2025-04-21T22:14:45.921-0300] {processor.py:914} INFO - Processing file /home/jonathan-brito/python-projects/airflow/venv/lib/python3.12/site-packages/airflow/example_dags/example_bash_decorator.py for tasks to queue
[2025-04-21T22:14:45.923-0300] {logging_mixin.py:190} INFO - [2025-04-21T22:14:45.922-0300] {dagbag.py:588} INFO - Filling up the DagBag from /home/jonathan-brito/python-projects/airflow/venv/lib/python3.12/site-packages/airflow/example_dags/example_bash_decorator.py
[2025-04-21T22:14:45.941-0300] {processor.py:925} INFO - DAG(s) 'example_bash_decorator' retrieved from /home/jonathan-brito/python-projects/airflow/venv/lib/python3.12/site-packages/airflow/example_dags/example_bash_decorator.py
[2025-04-21T22:14:45.963-0300] {logging_mixin.py:190} INFO - [2025-04-21T22:14:45.963-0300] {dag.py:3239} INFO - Sync 1 DAGs
[2025-04-21T22:14:45.975-0300] {logging_mixin.py:190} INFO - [2025-04-21T22:14:45.975-0300] {dag.py:4180} INFO - Setting next_dagrun for example_bash_decorator to None, run_after=None
[2025-04-21T22:14:46.017-0300] {processor.py:208} INFO - Processing /home/jonathan-brito/python-projects/airflow/venv/lib/python3.12/site-packages/airflow/example_dags/example_bash_decorator.py took 0.111 seconds
[2025-04-21T22:15:47.512-0300] {processor.py:186} INFO - Started process (PID=131324) to work on /home/jonathan-brito/python-projects/airflow/venv/lib/python3.12/site-packages/airflow/example_dags/example_bash_decorator.py
[2025-04-21T22:15:47.519-0300] {processor.py:914} INFO - Processing file /home/jonathan-brito/python-projects/airflow/venv/lib/python3.12/site-packages/airflow/example_dags/example_bash_decorator.py for tasks to queue
[2025-04-21T22:15:47.522-0300] {logging_mixin.py:190} INFO - [2025-04-21T22:15:47.521-0300] {dagbag.py:588} INFO - Filling up the DagBag from /home/jonathan-brito/python-projects/airflow/venv/lib/python3.12/site-packages/airflow/example_dags/example_bash_decorator.py
[2025-04-21T22:15:47.546-0300] {processor.py:925} INFO - DAG(s) 'example_bash_decorator' retrieved from /home/jonathan-brito/python-projects/airflow/venv/lib/python3.12/site-packages/airflow/example_dags/example_bash_decorator.py
[2025-04-21T22:15:47.568-0300] {logging_mixin.py:190} INFO - [2025-04-21T22:15:47.568-0300] {dag.py:3239} INFO - Sync 1 DAGs
[2025-04-21T22:15:47.580-0300] {logging_mixin.py:190} INFO - [2025-04-21T22:15:47.580-0300] {dag.py:4180} INFO - Setting next_dagrun for example_bash_decorator to None, run_after=None
[2025-04-21T22:15:47.610-0300] {processor.py:208} INFO - Processing /home/jonathan-brito/python-projects/airflow/venv/lib/python3.12/site-packages/airflow/example_dags/example_bash_decorator.py took 0.114 seconds
[2025-04-21T22:16:50.217-0300] {processor.py:186} INFO - Started process (PID=131953) to work on /home/jonathan-brito/python-projects/airflow/venv/lib/python3.12/site-packages/airflow/example_dags/example_bash_decorator.py
[2025-04-21T22:16:50.224-0300] {processor.py:914} INFO - Processing file /home/jonathan-brito/python-projects/airflow/venv/lib/python3.12/site-packages/airflow/example_dags/example_bash_decorator.py for tasks to queue
[2025-04-21T22:16:50.226-0300] {logging_mixin.py:190} INFO - [2025-04-21T22:16:50.225-0300] {dagbag.py:588} INFO - Filling up the DagBag from /home/jonathan-brito/python-projects/airflow/venv/lib/python3.12/site-packages/airflow/example_dags/example_bash_decorator.py
[2025-04-21T22:16:50.243-0300] {processor.py:925} INFO - DAG(s) 'example_bash_decorator' retrieved from /home/jonathan-brito/python-projects/airflow/venv/lib/python3.12/site-packages/airflow/example_dags/example_bash_decorator.py
[2025-04-21T22:16:50.265-0300] {logging_mixin.py:190} INFO - [2025-04-21T22:16:50.265-0300] {dag.py:3239} INFO - Sync 1 DAGs
[2025-04-21T22:16:50.280-0300] {logging_mixin.py:190} INFO - [2025-04-21T22:16:50.279-0300] {dag.py:4180} INFO - Setting next_dagrun for example_bash_decorator to None, run_after=None
[2025-04-21T22:16:50.311-0300] {processor.py:208} INFO - Processing /home/jonathan-brito/python-projects/airflow/venv/lib/python3.12/site-packages/airflow/example_dags/example_bash_decorator.py took 0.103 seconds
[2025-04-21T22:17:53.690-0300] {processor.py:186} INFO - Started process (PID=132622) to work on /home/jonathan-brito/python-projects/airflow/venv/lib/python3.12/site-packages/airflow/example_dags/example_bash_decorator.py
[2025-04-21T22:17:53.697-0300] {processor.py:914} INFO - Processing file /home/jonathan-brito/python-projects/airflow/venv/lib/python3.12/site-packages/airflow/example_dags/example_bash_decorator.py for tasks to queue
[2025-04-21T22:17:53.698-0300] {logging_mixin.py:190} INFO - [2025-04-21T22:17:53.698-0300] {dagbag.py:588} INFO - Filling up the DagBag from /home/jonathan-brito/python-projects/airflow/venv/lib/python3.12/site-packages/airflow/example_dags/example_bash_decorator.py
[2025-04-21T22:17:53.713-0300] {processor.py:925} INFO - DAG(s) 'example_bash_decorator' retrieved from /home/jonathan-brito/python-projects/airflow/venv/lib/python3.12/site-packages/airflow/example_dags/example_bash_decorator.py
[2025-04-21T22:17:53.734-0300] {logging_mixin.py:190} INFO - [2025-04-21T22:17:53.734-0300] {dag.py:3239} INFO - Sync 1 DAGs
[2025-04-21T22:17:53.745-0300] {logging_mixin.py:190} INFO - [2025-04-21T22:17:53.745-0300] {dag.py:4180} INFO - Setting next_dagrun for example_bash_decorator to None, run_after=None
[2025-04-21T22:17:53.774-0300] {processor.py:208} INFO - Processing /home/jonathan-brito/python-projects/airflow/venv/lib/python3.12/site-packages/airflow/example_dags/example_bash_decorator.py took 0.091 seconds
[2025-04-21T22:18:55.967-0300] {processor.py:186} INFO - Started process (PID=133245) to work on /home/jonathan-brito/python-projects/airflow/venv/lib/python3.12/site-packages/airflow/example_dags/example_bash_decorator.py
[2025-04-21T22:18:55.975-0300] {processor.py:914} INFO - Processing file /home/jonathan-brito/python-projects/airflow/venv/lib/python3.12/site-packages/airflow/example_dags/example_bash_decorator.py for tasks to queue
[2025-04-21T22:18:55.976-0300] {logging_mixin.py:190} INFO - [2025-04-21T22:18:55.976-0300] {dagbag.py:588} INFO - Filling up the DagBag from /home/jonathan-brito/python-projects/airflow/venv/lib/python3.12/site-packages/airflow/example_dags/example_bash_decorator.py
[2025-04-21T22:18:55.991-0300] {processor.py:925} INFO - DAG(s) 'example_bash_decorator' retrieved from /home/jonathan-brito/python-projects/airflow/venv/lib/python3.12/site-packages/airflow/example_dags/example_bash_decorator.py
[2025-04-21T22:18:56.011-0300] {logging_mixin.py:190} INFO - [2025-04-21T22:18:56.011-0300] {dag.py:3239} INFO - Sync 1 DAGs
[2025-04-21T22:18:56.022-0300] {logging_mixin.py:190} INFO - [2025-04-21T22:18:56.022-0300] {dag.py:4180} INFO - Setting next_dagrun for example_bash_decorator to None, run_after=None
[2025-04-21T22:18:56.049-0300] {processor.py:208} INFO - Processing /home/jonathan-brito/python-projects/airflow/venv/lib/python3.12/site-packages/airflow/example_dags/example_bash_decorator.py took 0.088 seconds
[2025-04-21T22:19:59.876-0300] {processor.py:186} INFO - Started process (PID=133977) to work on /home/jonathan-brito/python-projects/airflow/venv/lib/python3.12/site-packages/airflow/example_dags/example_bash_decorator.py
[2025-04-21T22:19:59.884-0300] {processor.py:914} INFO - Processing file /home/jonathan-brito/python-projects/airflow/venv/lib/python3.12/site-packages/airflow/example_dags/example_bash_decorator.py for tasks to queue
[2025-04-21T22:19:59.887-0300] {logging_mixin.py:190} INFO - [2025-04-21T22:19:59.886-0300] {dagbag.py:588} INFO - Filling up the DagBag from /home/jonathan-brito/python-projects/airflow/venv/lib/python3.12/site-packages/airflow/example_dags/example_bash_decorator.py
[2025-04-21T22:19:59.907-0300] {processor.py:925} INFO - DAG(s) 'example_bash_decorator' retrieved from /home/jonathan-brito/python-projects/airflow/venv/lib/python3.12/site-packages/airflow/example_dags/example_bash_decorator.py
[2025-04-21T22:19:59.928-0300] {logging_mixin.py:190} INFO - [2025-04-21T22:19:59.928-0300] {dag.py:3239} INFO - Sync 1 DAGs
[2025-04-21T22:19:59.942-0300] {logging_mixin.py:190} INFO - [2025-04-21T22:19:59.941-0300] {dag.py:4180} INFO - Setting next_dagrun for example_bash_decorator to None, run_after=None
[2025-04-21T22:19:59.971-0300] {processor.py:208} INFO - Processing /home/jonathan-brito/python-projects/airflow/venv/lib/python3.12/site-packages/airflow/example_dags/example_bash_decorator.py took 0.112 seconds
[2025-04-22T10:25:03.987-0300] {processor.py:186} INFO - Started process (PID=11621) to work on /home/jonathan-brito/python-projects/airflow/venv/lib/python3.12/site-packages/airflow/example_dags/example_bash_decorator.py
[2025-04-22T10:25:03.988-0300] {processor.py:914} INFO - Processing file /home/jonathan-brito/python-projects/airflow/venv/lib/python3.12/site-packages/airflow/example_dags/example_bash_decorator.py for tasks to queue
[2025-04-22T10:25:03.991-0300] {logging_mixin.py:190} INFO - [2025-04-22T10:25:03.990-0300] {dagbag.py:588} INFO - Filling up the DagBag from /home/jonathan-brito/python-projects/airflow/venv/lib/python3.12/site-packages/airflow/example_dags/example_bash_decorator.py
[2025-04-22T10:25:04.018-0300] {processor.py:925} INFO - DAG(s) 'example_bash_decorator' retrieved from /home/jonathan-brito/python-projects/airflow/venv/lib/python3.12/site-packages/airflow/example_dags/example_bash_decorator.py
[2025-04-22T10:25:04.157-0300] {logging_mixin.py:190} INFO - [2025-04-22T10:25:04.157-0300] {dag.py:3239} INFO - Sync 1 DAGs
[2025-04-22T10:25:04.173-0300] {logging_mixin.py:190} INFO - [2025-04-22T10:25:04.172-0300] {dag.py:4180} INFO - Setting next_dagrun for example_bash_decorator to None, run_after=None
[2025-04-22T10:25:04.209-0300] {processor.py:208} INFO - Processing /home/jonathan-brito/python-projects/airflow/venv/lib/python3.12/site-packages/airflow/example_dags/example_bash_decorator.py took 0.228 seconds
[2025-04-22T10:26:45.606-0300] {processor.py:186} INFO - Started process (PID=13009) to work on /home/jonathan-brito/python-projects/airflow/venv/lib/python3.12/site-packages/airflow/example_dags/example_bash_decorator.py
[2025-04-22T10:26:45.613-0300] {processor.py:914} INFO - Processing file /home/jonathan-brito/python-projects/airflow/venv/lib/python3.12/site-packages/airflow/example_dags/example_bash_decorator.py for tasks to queue
[2025-04-22T10:26:45.616-0300] {logging_mixin.py:190} INFO - [2025-04-22T10:26:45.615-0300] {dagbag.py:588} INFO - Filling up the DagBag from /home/jonathan-brito/python-projects/airflow/venv/lib/python3.12/site-packages/airflow/example_dags/example_bash_decorator.py
[2025-04-22T10:26:45.636-0300] {processor.py:925} INFO - DAG(s) 'example_bash_decorator' retrieved from /home/jonathan-brito/python-projects/airflow/venv/lib/python3.12/site-packages/airflow/example_dags/example_bash_decorator.py
[2025-04-22T10:26:45.660-0300] {logging_mixin.py:190} INFO - [2025-04-22T10:26:45.659-0300] {dag.py:3239} INFO - Sync 1 DAGs
[2025-04-22T10:26:45.678-0300] {logging_mixin.py:190} INFO - [2025-04-22T10:26:45.678-0300] {dag.py:4180} INFO - Setting next_dagrun for example_bash_decorator to None, run_after=None
[2025-04-22T10:26:45.711-0300] {processor.py:208} INFO - Processing /home/jonathan-brito/python-projects/airflow/venv/lib/python3.12/site-packages/airflow/example_dags/example_bash_decorator.py took 0.113 seconds
[2025-04-22T10:29:36.251-0300] {processor.py:186} INFO - Started process (PID=15737) to work on /home/jonathan-brito/python-projects/airflow/venv/lib/python3.12/site-packages/airflow/example_dags/example_bash_decorator.py
[2025-04-22T10:29:36.252-0300] {processor.py:914} INFO - Processing file /home/jonathan-brito/python-projects/airflow/venv/lib/python3.12/site-packages/airflow/example_dags/example_bash_decorator.py for tasks to queue
[2025-04-22T10:29:36.255-0300] {logging_mixin.py:190} INFO - [2025-04-22T10:29:36.255-0300] {dagbag.py:588} INFO - Filling up the DagBag from /home/jonathan-brito/python-projects/airflow/venv/lib/python3.12/site-packages/airflow/example_dags/example_bash_decorator.py
[2025-04-22T10:29:36.278-0300] {processor.py:925} INFO - DAG(s) 'example_bash_decorator' retrieved from /home/jonathan-brito/python-projects/airflow/venv/lib/python3.12/site-packages/airflow/example_dags/example_bash_decorator.py
[2025-04-22T10:29:36.314-0300] {logging_mixin.py:190} INFO - [2025-04-22T10:29:36.313-0300] {dag.py:3239} INFO - Sync 1 DAGs
[2025-04-22T10:29:36.332-0300] {logging_mixin.py:190} INFO - [2025-04-22T10:29:36.332-0300] {dag.py:4180} INFO - Setting next_dagrun for example_bash_decorator to None, run_after=None
[2025-04-22T10:29:36.365-0300] {processor.py:208} INFO - Processing /home/jonathan-brito/python-projects/airflow/venv/lib/python3.12/site-packages/airflow/example_dags/example_bash_decorator.py took 0.122 seconds
[2025-04-22T11:08:42.951-0300] {processor.py:186} INFO - Started process (PID=49821) to work on /home/jonathan-brito/python-projects/airflow/venv/lib/python3.12/site-packages/airflow/example_dags/example_bash_decorator.py
[2025-04-22T11:08:42.952-0300] {processor.py:914} INFO - Processing file /home/jonathan-brito/python-projects/airflow/venv/lib/python3.12/site-packages/airflow/example_dags/example_bash_decorator.py for tasks to queue
[2025-04-22T11:08:42.953-0300] {logging_mixin.py:190} INFO - [2025-04-22T11:08:42.953-0300] {dagbag.py:588} INFO - Filling up the DagBag from /home/jonathan-brito/python-projects/airflow/venv/lib/python3.12/site-packages/airflow/example_dags/example_bash_decorator.py
[2025-04-22T11:08:42.969-0300] {processor.py:925} INFO - DAG(s) 'example_bash_decorator' retrieved from /home/jonathan-brito/python-projects/airflow/venv/lib/python3.12/site-packages/airflow/example_dags/example_bash_decorator.py
[2025-04-22T11:08:43.084-0300] {logging_mixin.py:190} INFO - [2025-04-22T11:08:43.084-0300] {dag.py:3239} INFO - Sync 1 DAGs
[2025-04-22T11:08:43.095-0300] {logging_mixin.py:190} INFO - [2025-04-22T11:08:43.095-0300] {dag.py:4180} INFO - Setting next_dagrun for example_bash_decorator to None, run_after=None
[2025-04-22T11:08:43.130-0300] {processor.py:208} INFO - Processing /home/jonathan-brito/python-projects/airflow/venv/lib/python3.12/site-packages/airflow/example_dags/example_bash_decorator.py took 0.185 seconds
[2025-04-22T11:09:42.328-0300] {processor.py:186} INFO - Started process (PID=50199) to work on /home/jonathan-brito/python-projects/airflow/venv/lib/python3.12/site-packages/airflow/example_dags/example_bash_decorator.py
[2025-04-22T11:09:42.335-0300] {processor.py:914} INFO - Processing file /home/jonathan-brito/python-projects/airflow/venv/lib/python3.12/site-packages/airflow/example_dags/example_bash_decorator.py for tasks to queue
[2025-04-22T11:09:42.337-0300] {logging_mixin.py:190} INFO - [2025-04-22T11:09:42.336-0300] {dagbag.py:588} INFO - Filling up the DagBag from /home/jonathan-brito/python-projects/airflow/venv/lib/python3.12/site-packages/airflow/example_dags/example_bash_decorator.py
[2025-04-22T11:09:42.352-0300] {processor.py:925} INFO - DAG(s) 'example_bash_decorator' retrieved from /home/jonathan-brito/python-projects/airflow/venv/lib/python3.12/site-packages/airflow/example_dags/example_bash_decorator.py
[2025-04-22T11:09:42.382-0300] {logging_mixin.py:190} INFO - [2025-04-22T11:09:42.382-0300] {dag.py:3239} INFO - Sync 1 DAGs
[2025-04-22T11:09:42.407-0300] {logging_mixin.py:190} INFO - [2025-04-22T11:09:42.407-0300] {dag.py:4180} INFO - Setting next_dagrun for example_bash_decorator to None, run_after=None
[2025-04-22T11:09:42.454-0300] {processor.py:208} INFO - Processing /home/jonathan-brito/python-projects/airflow/venv/lib/python3.12/site-packages/airflow/example_dags/example_bash_decorator.py took 0.132 seconds
[2025-04-22T11:10:44.216-0300] {processor.py:186} INFO - Started process (PID=50749) to work on /home/jonathan-brito/python-projects/airflow/venv/lib/python3.12/site-packages/airflow/example_dags/example_bash_decorator.py
[2025-04-22T11:10:44.217-0300] {processor.py:914} INFO - Processing file /home/jonathan-brito/python-projects/airflow/venv/lib/python3.12/site-packages/airflow/example_dags/example_bash_decorator.py for tasks to queue
[2025-04-22T11:10:44.218-0300] {logging_mixin.py:190} INFO - [2025-04-22T11:10:44.218-0300] {dagbag.py:588} INFO - Filling up the DagBag from /home/jonathan-brito/python-projects/airflow/venv/lib/python3.12/site-packages/airflow/example_dags/example_bash_decorator.py
[2025-04-22T11:10:44.234-0300] {processor.py:925} INFO - DAG(s) 'example_bash_decorator' retrieved from /home/jonathan-brito/python-projects/airflow/venv/lib/python3.12/site-packages/airflow/example_dags/example_bash_decorator.py
[2025-04-22T11:10:44.258-0300] {logging_mixin.py:190} INFO - [2025-04-22T11:10:44.258-0300] {dag.py:3239} INFO - Sync 1 DAGs
[2025-04-22T11:10:44.272-0300] {logging_mixin.py:190} INFO - [2025-04-22T11:10:44.272-0300] {dag.py:4180} INFO - Setting next_dagrun for example_bash_decorator to None, run_after=None
[2025-04-22T11:10:44.295-0300] {processor.py:208} INFO - Processing /home/jonathan-brito/python-projects/airflow/venv/lib/python3.12/site-packages/airflow/example_dags/example_bash_decorator.py took 0.086 seconds
