[2025-04-21T21:23:23.150-0300] {processor.py:186} INFO - Started process (PID=70379) to work on /home/jonathan-brito/python-projects/airflow/venv/lib/python3.12/site-packages/airflow/example_dags/tutorial.py
[2025-04-21T21:23:23.151-0300] {processor.py:914} INFO - Processing file /home/jonathan-brito/python-projects/airflow/venv/lib/python3.12/site-packages/airflow/example_dags/tutorial.py for tasks to queue
[2025-04-21T21:23:23.154-0300] {logging_mixin.py:190} INFO - [2025-04-21T21:23:23.154-0300] {dagbag.py:588} INFO - Filling up the DagBag from /home/jonathan-brito/python-projects/airflow/venv/lib/python3.12/site-packages/airflow/example_dags/tutorial.py
[2025-04-21T21:23:23.171-0300] {processor.py:925} INFO - DAG(s) 'tutorial' retrieved from /home/jonathan-brito/python-projects/airflow/venv/lib/python3.12/site-packages/airflow/example_dags/tutorial.py
[2025-04-21T21:23:23.197-0300] {logging_mixin.py:190} INFO - [2025-04-21T21:23:23.197-0300] {dag.py:3239} INFO - Sync 1 DAGs
[2025-04-21T21:23:23.218-0300] {logging_mixin.py:190} INFO - [2025-04-21T21:23:23.218-0300] {dag.py:4180} INFO - Setting next_dagrun for tutorial to 2025-04-21 00:00:00+00:00, run_after=2025-04-22 00:00:00+00:00
[2025-04-21T21:23:23.252-0300] {processor.py:208} INFO - Processing /home/jonathan-brito/python-projects/airflow/venv/lib/python3.12/site-packages/airflow/example_dags/tutorial.py took 0.109 seconds
[2025-04-21T21:24:28.045-0300] {processor.py:186} INFO - Started process (PID=71082) to work on /home/jonathan-brito/python-projects/airflow/venv/lib/python3.12/site-packages/airflow/example_dags/tutorial.py
[2025-04-21T21:24:28.052-0300] {processor.py:914} INFO - Processing file /home/jonathan-brito/python-projects/airflow/venv/lib/python3.12/site-packages/airflow/example_dags/tutorial.py for tasks to queue
[2025-04-21T21:24:28.054-0300] {logging_mixin.py:190} INFO - [2025-04-21T21:24:28.054-0300] {dagbag.py:588} INFO - Filling up the DagBag from /home/jonathan-brito/python-projects/airflow/venv/lib/python3.12/site-packages/airflow/example_dags/tutorial.py
[2025-04-21T21:24:28.069-0300] {processor.py:925} INFO - DAG(s) 'tutorial' retrieved from /home/jonathan-brito/python-projects/airflow/venv/lib/python3.12/site-packages/airflow/example_dags/tutorial.py
[2025-04-21T21:24:28.096-0300] {logging_mixin.py:190} INFO - [2025-04-21T21:24:28.096-0300] {dag.py:3239} INFO - Sync 1 DAGs
[2025-04-21T21:24:28.144-0300] {logging_mixin.py:190} INFO - [2025-04-21T21:24:28.144-0300] {dag.py:4180} INFO - Setting next_dagrun for tutorial to 2025-04-21 00:00:00+00:00, run_after=2025-04-22 00:00:00+00:00
[2025-04-21T21:24:28.207-0300] {processor.py:208} INFO - Processing /home/jonathan-brito/python-projects/airflow/venv/lib/python3.12/site-packages/airflow/example_dags/tutorial.py took 0.168 seconds
[2025-04-21T21:26:58.936-0300] {processor.py:186} INFO - Started process (PID=74333) to work on /home/jonathan-brito/python-projects/airflow/venv/lib/python3.12/site-packages/airflow/example_dags/tutorial.py
[2025-04-21T21:26:58.943-0300] {processor.py:914} INFO - Processing file /home/jonathan-brito/python-projects/airflow/venv/lib/python3.12/site-packages/airflow/example_dags/tutorial.py for tasks to queue
[2025-04-21T21:26:58.945-0300] {logging_mixin.py:190} INFO - [2025-04-21T21:26:58.945-0300] {dagbag.py:588} INFO - Filling up the DagBag from /home/jonathan-brito/python-projects/airflow/venv/lib/python3.12/site-packages/airflow/example_dags/tutorial.py
[2025-04-21T21:26:58.964-0300] {processor.py:925} INFO - DAG(s) 'tutorial' retrieved from /home/jonathan-brito/python-projects/airflow/venv/lib/python3.12/site-packages/airflow/example_dags/tutorial.py
[2025-04-21T21:26:59.000-0300] {logging_mixin.py:190} INFO - [2025-04-21T21:26:59.000-0300] {dag.py:3239} INFO - Sync 1 DAGs
[2025-04-21T21:26:59.033-0300] {logging_mixin.py:190} INFO - [2025-04-21T21:26:59.032-0300] {dag.py:4180} INFO - Setting next_dagrun for tutorial to 2025-04-21 00:00:00+00:00, run_after=2025-04-22 00:00:00+00:00
[2025-04-21T21:26:59.070-0300] {processor.py:208} INFO - Processing /home/jonathan-brito/python-projects/airflow/venv/lib/python3.12/site-packages/airflow/example_dags/tutorial.py took 0.141 seconds
[2025-04-21T22:09:40.313-0300] {processor.py:186} INFO - Started process (PID=126999) to work on /home/jonathan-brito/python-projects/airflow/venv/lib/python3.12/site-packages/airflow/example_dags/tutorial.py
[2025-04-21T22:09:40.320-0300] {processor.py:914} INFO - Processing file /home/jonathan-brito/python-projects/airflow/venv/lib/python3.12/site-packages/airflow/example_dags/tutorial.py for tasks to queue
[2025-04-21T22:09:40.321-0300] {logging_mixin.py:190} INFO - [2025-04-21T22:09:40.321-0300] {dagbag.py:588} INFO - Filling up the DagBag from /home/jonathan-brito/python-projects/airflow/venv/lib/python3.12/site-packages/airflow/example_dags/tutorial.py
[2025-04-21T22:09:40.328-0300] {processor.py:925} INFO - DAG(s) 'tutorial' retrieved from /home/jonathan-brito/python-projects/airflow/venv/lib/python3.12/site-packages/airflow/example_dags/tutorial.py
[2025-04-21T22:09:40.351-0300] {logging_mixin.py:190} INFO - [2025-04-21T22:09:40.351-0300] {dag.py:3239} INFO - Sync 1 DAGs
[2025-04-21T22:09:40.370-0300] {logging_mixin.py:190} INFO - [2025-04-21T22:09:40.369-0300] {dag.py:4180} INFO - Setting next_dagrun for tutorial to 2025-04-21 00:00:00+00:00, run_after=2025-04-22 00:00:00+00:00
[2025-04-21T22:09:40.401-0300] {processor.py:208} INFO - Processing /home/jonathan-brito/python-projects/airflow/venv/lib/python3.12/site-packages/airflow/example_dags/tutorial.py took 0.093 seconds
[2025-04-21T22:10:43.767-0300] {processor.py:186} INFO - Started process (PID=127833) to work on /home/jonathan-brito/python-projects/airflow/venv/lib/python3.12/site-packages/airflow/example_dags/tutorial.py
[2025-04-21T22:10:43.768-0300] {processor.py:914} INFO - Processing file /home/jonathan-brito/python-projects/airflow/venv/lib/python3.12/site-packages/airflow/example_dags/tutorial.py for tasks to queue
[2025-04-21T22:10:43.770-0300] {logging_mixin.py:190} INFO - [2025-04-21T22:10:43.769-0300] {dagbag.py:588} INFO - Filling up the DagBag from /home/jonathan-brito/python-projects/airflow/venv/lib/python3.12/site-packages/airflow/example_dags/tutorial.py
[2025-04-21T22:10:43.778-0300] {processor.py:925} INFO - DAG(s) 'tutorial' retrieved from /home/jonathan-brito/python-projects/airflow/venv/lib/python3.12/site-packages/airflow/example_dags/tutorial.py
[2025-04-21T22:10:43.796-0300] {logging_mixin.py:190} INFO - [2025-04-21T22:10:43.796-0300] {dag.py:3239} INFO - Sync 1 DAGs
[2025-04-21T22:10:43.817-0300] {logging_mixin.py:190} INFO - [2025-04-21T22:10:43.817-0300] {dag.py:4180} INFO - Setting next_dagrun for tutorial to 2025-04-21 00:00:00+00:00, run_after=2025-04-22 00:00:00+00:00
[2025-04-21T22:10:43.848-0300] {processor.py:208} INFO - Processing /home/jonathan-brito/python-projects/airflow/venv/lib/python3.12/site-packages/airflow/example_dags/tutorial.py took 0.086 seconds
[2025-04-21T22:11:45.539-0300] {processor.py:186} INFO - Started process (PID=128606) to work on /home/jonathan-brito/python-projects/airflow/venv/lib/python3.12/site-packages/airflow/example_dags/tutorial.py
[2025-04-21T22:11:45.546-0300] {processor.py:914} INFO - Processing file /home/jonathan-brito/python-projects/airflow/venv/lib/python3.12/site-packages/airflow/example_dags/tutorial.py for tasks to queue
[2025-04-21T22:11:45.547-0300] {logging_mixin.py:190} INFO - [2025-04-21T22:11:45.547-0300] {dagbag.py:588} INFO - Filling up the DagBag from /home/jonathan-brito/python-projects/airflow/venv/lib/python3.12/site-packages/airflow/example_dags/tutorial.py
[2025-04-21T22:11:45.556-0300] {processor.py:925} INFO - DAG(s) 'tutorial' retrieved from /home/jonathan-brito/python-projects/airflow/venv/lib/python3.12/site-packages/airflow/example_dags/tutorial.py
[2025-04-21T22:11:45.573-0300] {logging_mixin.py:190} INFO - [2025-04-21T22:11:45.572-0300] {dag.py:3239} INFO - Sync 1 DAGs
[2025-04-21T22:11:45.591-0300] {logging_mixin.py:190} INFO - [2025-04-21T22:11:45.591-0300] {dag.py:4180} INFO - Setting next_dagrun for tutorial to 2025-04-21 00:00:00+00:00, run_after=2025-04-22 00:00:00+00:00
[2025-04-21T22:11:45.618-0300] {processor.py:208} INFO - Processing /home/jonathan-brito/python-projects/airflow/venv/lib/python3.12/site-packages/airflow/example_dags/tutorial.py took 0.087 seconds
[2025-04-21T22:12:47.695-0300] {processor.py:186} INFO - Started process (PID=129304) to work on /home/jonathan-brito/python-projects/airflow/venv/lib/python3.12/site-packages/airflow/example_dags/tutorial.py
[2025-04-21T22:12:47.702-0300] {processor.py:914} INFO - Processing file /home/jonathan-brito/python-projects/airflow/venv/lib/python3.12/site-packages/airflow/example_dags/tutorial.py for tasks to queue
[2025-04-21T22:12:47.704-0300] {logging_mixin.py:190} INFO - [2025-04-21T22:12:47.704-0300] {dagbag.py:588} INFO - Filling up the DagBag from /home/jonathan-brito/python-projects/airflow/venv/lib/python3.12/site-packages/airflow/example_dags/tutorial.py
[2025-04-21T22:12:47.714-0300] {processor.py:925} INFO - DAG(s) 'tutorial' retrieved from /home/jonathan-brito/python-projects/airflow/venv/lib/python3.12/site-packages/airflow/example_dags/tutorial.py
[2025-04-21T22:12:47.737-0300] {logging_mixin.py:190} INFO - [2025-04-21T22:12:47.736-0300] {dag.py:3239} INFO - Sync 1 DAGs
[2025-04-21T22:12:47.756-0300] {logging_mixin.py:190} INFO - [2025-04-21T22:12:47.756-0300] {dag.py:4180} INFO - Setting next_dagrun for tutorial to 2025-04-21 00:00:00+00:00, run_after=2025-04-22 00:00:00+00:00
[2025-04-21T22:12:47.791-0300] {processor.py:208} INFO - Processing /home/jonathan-brito/python-projects/airflow/venv/lib/python3.12/site-packages/airflow/example_dags/tutorial.py took 0.102 seconds
[2025-04-21T22:13:52.859-0300] {processor.py:186} INFO - Started process (PID=130071) to work on /home/jonathan-brito/python-projects/airflow/venv/lib/python3.12/site-packages/airflow/example_dags/tutorial.py
[2025-04-21T22:13:52.867-0300] {processor.py:914} INFO - Processing file /home/jonathan-brito/python-projects/airflow/venv/lib/python3.12/site-packages/airflow/example_dags/tutorial.py for tasks to queue
[2025-04-21T22:13:52.870-0300] {logging_mixin.py:190} INFO - [2025-04-21T22:13:52.869-0300] {dagbag.py:588} INFO - Filling up the DagBag from /home/jonathan-brito/python-projects/airflow/venv/lib/python3.12/site-packages/airflow/example_dags/tutorial.py
[2025-04-21T22:13:52.883-0300] {processor.py:925} INFO - DAG(s) 'tutorial' retrieved from /home/jonathan-brito/python-projects/airflow/venv/lib/python3.12/site-packages/airflow/example_dags/tutorial.py
[2025-04-21T22:13:52.902-0300] {logging_mixin.py:190} INFO - [2025-04-21T22:13:52.902-0300] {dag.py:3239} INFO - Sync 1 DAGs
[2025-04-21T22:13:52.924-0300] {logging_mixin.py:190} INFO - [2025-04-21T22:13:52.923-0300] {dag.py:4180} INFO - Setting next_dagrun for tutorial to 2025-04-21 00:00:00+00:00, run_after=2025-04-22 00:00:00+00:00
[2025-04-21T22:13:52.956-0300] {processor.py:208} INFO - Processing /home/jonathan-brito/python-projects/airflow/venv/lib/python3.12/site-packages/airflow/example_dags/tutorial.py took 0.104 seconds
[2025-04-21T22:14:56.292-0300] {processor.py:186} INFO - Started process (PID=130762) to work on /home/jonathan-brito/python-projects/airflow/venv/lib/python3.12/site-packages/airflow/example_dags/tutorial.py
[2025-04-21T22:14:56.299-0300] {processor.py:914} INFO - Processing file /home/jonathan-brito/python-projects/airflow/venv/lib/python3.12/site-packages/airflow/example_dags/tutorial.py for tasks to queue
[2025-04-21T22:14:56.300-0300] {logging_mixin.py:190} INFO - [2025-04-21T22:14:56.300-0300] {dagbag.py:588} INFO - Filling up the DagBag from /home/jonathan-brito/python-projects/airflow/venv/lib/python3.12/site-packages/airflow/example_dags/tutorial.py
[2025-04-21T22:14:56.309-0300] {processor.py:925} INFO - DAG(s) 'tutorial' retrieved from /home/jonathan-brito/python-projects/airflow/venv/lib/python3.12/site-packages/airflow/example_dags/tutorial.py
[2025-04-21T22:14:56.326-0300] {logging_mixin.py:190} INFO - [2025-04-21T22:14:56.326-0300] {dag.py:3239} INFO - Sync 1 DAGs
[2025-04-21T22:14:56.345-0300] {logging_mixin.py:190} INFO - [2025-04-21T22:14:56.345-0300] {dag.py:4180} INFO - Setting next_dagrun for tutorial to 2025-04-21 00:00:00+00:00, run_after=2025-04-22 00:00:00+00:00
[2025-04-21T22:14:56.382-0300] {processor.py:208} INFO - Processing /home/jonathan-brito/python-projects/airflow/venv/lib/python3.12/site-packages/airflow/example_dags/tutorial.py took 0.097 seconds
[2025-04-21T22:15:57.233-0300] {processor.py:186} INFO - Started process (PID=131397) to work on /home/jonathan-brito/python-projects/airflow/venv/lib/python3.12/site-packages/airflow/example_dags/tutorial.py
[2025-04-21T22:15:57.241-0300] {processor.py:914} INFO - Processing file /home/jonathan-brito/python-projects/airflow/venv/lib/python3.12/site-packages/airflow/example_dags/tutorial.py for tasks to queue
[2025-04-21T22:15:57.244-0300] {logging_mixin.py:190} INFO - [2025-04-21T22:15:57.243-0300] {dagbag.py:588} INFO - Filling up the DagBag from /home/jonathan-brito/python-projects/airflow/venv/lib/python3.12/site-packages/airflow/example_dags/tutorial.py
[2025-04-21T22:15:57.257-0300] {processor.py:925} INFO - DAG(s) 'tutorial' retrieved from /home/jonathan-brito/python-projects/airflow/venv/lib/python3.12/site-packages/airflow/example_dags/tutorial.py
[2025-04-21T22:15:57.282-0300] {logging_mixin.py:190} INFO - [2025-04-21T22:15:57.281-0300] {dag.py:3239} INFO - Sync 1 DAGs
[2025-04-21T22:15:57.308-0300] {logging_mixin.py:190} INFO - [2025-04-21T22:15:57.307-0300] {dag.py:4180} INFO - Setting next_dagrun for tutorial to 2025-04-21 00:00:00+00:00, run_after=2025-04-22 00:00:00+00:00
[2025-04-21T22:15:57.346-0300] {processor.py:208} INFO - Processing /home/jonathan-brito/python-projects/airflow/venv/lib/python3.12/site-packages/airflow/example_dags/tutorial.py took 0.136 seconds
[2025-04-21T22:17:00.698-0300] {processor.py:186} INFO - Started process (PID=132044) to work on /home/jonathan-brito/python-projects/airflow/venv/lib/python3.12/site-packages/airflow/example_dags/tutorial.py
[2025-04-21T22:17:00.705-0300] {processor.py:914} INFO - Processing file /home/jonathan-brito/python-projects/airflow/venv/lib/python3.12/site-packages/airflow/example_dags/tutorial.py for tasks to queue
[2025-04-21T22:17:00.706-0300] {logging_mixin.py:190} INFO - [2025-04-21T22:17:00.706-0300] {dagbag.py:588} INFO - Filling up the DagBag from /home/jonathan-brito/python-projects/airflow/venv/lib/python3.12/site-packages/airflow/example_dags/tutorial.py
[2025-04-21T22:17:00.714-0300] {processor.py:925} INFO - DAG(s) 'tutorial' retrieved from /home/jonathan-brito/python-projects/airflow/venv/lib/python3.12/site-packages/airflow/example_dags/tutorial.py
[2025-04-21T22:17:00.731-0300] {logging_mixin.py:190} INFO - [2025-04-21T22:17:00.731-0300] {dag.py:3239} INFO - Sync 1 DAGs
[2025-04-21T22:17:00.750-0300] {logging_mixin.py:190} INFO - [2025-04-21T22:17:00.749-0300] {dag.py:4180} INFO - Setting next_dagrun for tutorial to 2025-04-21 00:00:00+00:00, run_after=2025-04-22 00:00:00+00:00
[2025-04-21T22:17:00.772-0300] {processor.py:208} INFO - Processing /home/jonathan-brito/python-projects/airflow/venv/lib/python3.12/site-packages/airflow/example_dags/tutorial.py took 0.081 seconds
[2025-04-21T22:18:02.719-0300] {processor.py:186} INFO - Started process (PID=132696) to work on /home/jonathan-brito/python-projects/airflow/venv/lib/python3.12/site-packages/airflow/example_dags/tutorial.py
[2025-04-21T22:18:02.720-0300] {processor.py:914} INFO - Processing file /home/jonathan-brito/python-projects/airflow/venv/lib/python3.12/site-packages/airflow/example_dags/tutorial.py for tasks to queue
[2025-04-21T22:18:02.721-0300] {logging_mixin.py:190} INFO - [2025-04-21T22:18:02.721-0300] {dagbag.py:588} INFO - Filling up the DagBag from /home/jonathan-brito/python-projects/airflow/venv/lib/python3.12/site-packages/airflow/example_dags/tutorial.py
[2025-04-21T22:18:02.730-0300] {processor.py:925} INFO - DAG(s) 'tutorial' retrieved from /home/jonathan-brito/python-projects/airflow/venv/lib/python3.12/site-packages/airflow/example_dags/tutorial.py
[2025-04-21T22:18:02.746-0300] {logging_mixin.py:190} INFO - [2025-04-21T22:18:02.746-0300] {dag.py:3239} INFO - Sync 1 DAGs
[2025-04-21T22:18:02.764-0300] {logging_mixin.py:190} INFO - [2025-04-21T22:18:02.764-0300] {dag.py:4180} INFO - Setting next_dagrun for tutorial to 2025-04-21 00:00:00+00:00, run_after=2025-04-22 00:00:00+00:00
[2025-04-21T22:18:02.789-0300] {processor.py:208} INFO - Processing /home/jonathan-brito/python-projects/airflow/venv/lib/python3.12/site-packages/airflow/example_dags/tutorial.py took 0.078 seconds
[2025-04-21T22:19:06.463-0300] {processor.py:186} INFO - Started process (PID=133338) to work on /home/jonathan-brito/python-projects/airflow/venv/lib/python3.12/site-packages/airflow/example_dags/tutorial.py
[2025-04-21T22:19:06.469-0300] {processor.py:914} INFO - Processing file /home/jonathan-brito/python-projects/airflow/venv/lib/python3.12/site-packages/airflow/example_dags/tutorial.py for tasks to queue
[2025-04-21T22:19:06.471-0300] {logging_mixin.py:190} INFO - [2025-04-21T22:19:06.470-0300] {dagbag.py:588} INFO - Filling up the DagBag from /home/jonathan-brito/python-projects/airflow/venv/lib/python3.12/site-packages/airflow/example_dags/tutorial.py
[2025-04-21T22:19:06.478-0300] {processor.py:925} INFO - DAG(s) 'tutorial' retrieved from /home/jonathan-brito/python-projects/airflow/venv/lib/python3.12/site-packages/airflow/example_dags/tutorial.py
[2025-04-21T22:19:06.494-0300] {logging_mixin.py:190} INFO - [2025-04-21T22:19:06.494-0300] {dag.py:3239} INFO - Sync 1 DAGs
[2025-04-21T22:19:06.512-0300] {logging_mixin.py:190} INFO - [2025-04-21T22:19:06.511-0300] {dag.py:4180} INFO - Setting next_dagrun for tutorial to 2025-04-21 00:00:00+00:00, run_after=2025-04-22 00:00:00+00:00
[2025-04-21T22:19:06.558-0300] {processor.py:208} INFO - Processing /home/jonathan-brito/python-projects/airflow/venv/lib/python3.12/site-packages/airflow/example_dags/tutorial.py took 0.102 seconds
[2025-04-21T22:20:11.420-0300] {processor.py:186} INFO - Started process (PID=134071) to work on /home/jonathan-brito/python-projects/airflow/venv/lib/python3.12/site-packages/airflow/example_dags/tutorial.py
[2025-04-21T22:20:11.427-0300] {processor.py:914} INFO - Processing file /home/jonathan-brito/python-projects/airflow/venv/lib/python3.12/site-packages/airflow/example_dags/tutorial.py for tasks to queue
[2025-04-21T22:20:11.429-0300] {logging_mixin.py:190} INFO - [2025-04-21T22:20:11.428-0300] {dagbag.py:588} INFO - Filling up the DagBag from /home/jonathan-brito/python-projects/airflow/venv/lib/python3.12/site-packages/airflow/example_dags/tutorial.py
[2025-04-21T22:20:11.437-0300] {processor.py:925} INFO - DAG(s) 'tutorial' retrieved from /home/jonathan-brito/python-projects/airflow/venv/lib/python3.12/site-packages/airflow/example_dags/tutorial.py
[2025-04-21T22:20:11.453-0300] {logging_mixin.py:190} INFO - [2025-04-21T22:20:11.453-0300] {dag.py:3239} INFO - Sync 1 DAGs
[2025-04-21T22:20:11.472-0300] {logging_mixin.py:190} INFO - [2025-04-21T22:20:11.472-0300] {dag.py:4180} INFO - Setting next_dagrun for tutorial to 2025-04-21 00:00:00+00:00, run_after=2025-04-22 00:00:00+00:00
[2025-04-21T22:20:11.498-0300] {processor.py:208} INFO - Processing /home/jonathan-brito/python-projects/airflow/venv/lib/python3.12/site-packages/airflow/example_dags/tutorial.py took 0.084 seconds
[2025-04-22T10:24:04.488-0300] {processor.py:186} INFO - Started process (PID=10633) to work on /home/jonathan-brito/python-projects/airflow/venv/lib/python3.12/site-packages/airflow/example_dags/tutorial.py
[2025-04-22T10:24:04.494-0300] {processor.py:914} INFO - Processing file /home/jonathan-brito/python-projects/airflow/venv/lib/python3.12/site-packages/airflow/example_dags/tutorial.py for tasks to queue
[2025-04-22T10:24:04.498-0300] {logging_mixin.py:190} INFO - [2025-04-22T10:24:04.497-0300] {dagbag.py:588} INFO - Filling up the DagBag from /home/jonathan-brito/python-projects/airflow/venv/lib/python3.12/site-packages/airflow/example_dags/tutorial.py
[2025-04-22T10:24:04.509-0300] {processor.py:925} INFO - DAG(s) 'tutorial' retrieved from /home/jonathan-brito/python-projects/airflow/venv/lib/python3.12/site-packages/airflow/example_dags/tutorial.py
[2025-04-22T10:24:04.548-0300] {logging_mixin.py:190} INFO - [2025-04-22T10:24:04.548-0300] {dag.py:3239} INFO - Sync 1 DAGs
[2025-04-22T10:24:04.576-0300] {logging_mixin.py:190} INFO - [2025-04-22T10:24:04.576-0300] {dag.py:4180} INFO - Setting next_dagrun for tutorial to 2025-04-21 00:00:00+00:00, run_after=2025-04-22 00:00:00+00:00
[2025-04-22T10:24:04.612-0300] {processor.py:208} INFO - Processing /home/jonathan-brito/python-projects/airflow/venv/lib/python3.12/site-packages/airflow/example_dags/tutorial.py took 0.130 seconds
[2025-04-22T10:25:18.287-0300] {processor.py:186} INFO - Started process (PID=11845) to work on /home/jonathan-brito/python-projects/airflow/venv/lib/python3.12/site-packages/airflow/example_dags/tutorial.py
[2025-04-22T10:25:18.294-0300] {processor.py:914} INFO - Processing file /home/jonathan-brito/python-projects/airflow/venv/lib/python3.12/site-packages/airflow/example_dags/tutorial.py for tasks to queue
[2025-04-22T10:25:18.297-0300] {logging_mixin.py:190} INFO - [2025-04-22T10:25:18.296-0300] {dagbag.py:588} INFO - Filling up the DagBag from /home/jonathan-brito/python-projects/airflow/venv/lib/python3.12/site-packages/airflow/example_dags/tutorial.py
[2025-04-22T10:25:18.305-0300] {processor.py:925} INFO - DAG(s) 'tutorial' retrieved from /home/jonathan-brito/python-projects/airflow/venv/lib/python3.12/site-packages/airflow/example_dags/tutorial.py
[2025-04-22T10:25:18.321-0300] {logging_mixin.py:190} INFO - [2025-04-22T10:25:18.321-0300] {dag.py:3239} INFO - Sync 1 DAGs
[2025-04-22T10:25:18.342-0300] {logging_mixin.py:190} INFO - [2025-04-22T10:25:18.342-0300] {dag.py:4180} INFO - Setting next_dagrun for tutorial to 2025-04-21 00:00:00+00:00, run_after=2025-04-22 00:00:00+00:00
[2025-04-22T10:25:18.377-0300] {processor.py:208} INFO - Processing /home/jonathan-brito/python-projects/airflow/venv/lib/python3.12/site-packages/airflow/example_dags/tutorial.py took 0.095 seconds
[2025-04-22T10:27:27.175-0300] {processor.py:186} INFO - Started process (PID=13744) to work on /home/jonathan-brito/python-projects/airflow/venv/lib/python3.12/site-packages/airflow/example_dags/tutorial.py
[2025-04-22T10:27:27.182-0300] {processor.py:914} INFO - Processing file /home/jonathan-brito/python-projects/airflow/venv/lib/python3.12/site-packages/airflow/example_dags/tutorial.py for tasks to queue
[2025-04-22T10:27:27.184-0300] {logging_mixin.py:190} INFO - [2025-04-22T10:27:27.183-0300] {dagbag.py:588} INFO - Filling up the DagBag from /home/jonathan-brito/python-projects/airflow/venv/lib/python3.12/site-packages/airflow/example_dags/tutorial.py
[2025-04-22T10:27:27.193-0300] {processor.py:925} INFO - DAG(s) 'tutorial' retrieved from /home/jonathan-brito/python-projects/airflow/venv/lib/python3.12/site-packages/airflow/example_dags/tutorial.py
[2025-04-22T10:27:27.209-0300] {logging_mixin.py:190} INFO - [2025-04-22T10:27:27.208-0300] {dag.py:3239} INFO - Sync 1 DAGs
[2025-04-22T10:27:27.229-0300] {logging_mixin.py:190} INFO - [2025-04-22T10:27:27.229-0300] {dag.py:4180} INFO - Setting next_dagrun for tutorial to 2025-04-21 00:00:00+00:00, run_after=2025-04-22 00:00:00+00:00
[2025-04-22T10:27:27.278-0300] {processor.py:208} INFO - Processing /home/jonathan-brito/python-projects/airflow/venv/lib/python3.12/site-packages/airflow/example_dags/tutorial.py took 0.110 seconds
[2025-04-22T10:29:10.895-0300] {processor.py:186} INFO - Started process (PID=15503) to work on /home/jonathan-brito/python-projects/airflow/venv/lib/python3.12/site-packages/airflow/example_dags/tutorial.py
[2025-04-22T10:29:10.896-0300] {processor.py:914} INFO - Processing file /home/jonathan-brito/python-projects/airflow/venv/lib/python3.12/site-packages/airflow/example_dags/tutorial.py for tasks to queue
[2025-04-22T10:29:10.900-0300] {logging_mixin.py:190} INFO - [2025-04-22T10:29:10.899-0300] {dagbag.py:588} INFO - Filling up the DagBag from /home/jonathan-brito/python-projects/airflow/venv/lib/python3.12/site-packages/airflow/example_dags/tutorial.py
[2025-04-22T10:29:10.912-0300] {processor.py:925} INFO - DAG(s) 'tutorial' retrieved from /home/jonathan-brito/python-projects/airflow/venv/lib/python3.12/site-packages/airflow/example_dags/tutorial.py
[2025-04-22T10:29:10.941-0300] {logging_mixin.py:190} INFO - [2025-04-22T10:29:10.941-0300] {dag.py:3239} INFO - Sync 1 DAGs
[2025-04-22T10:29:10.979-0300] {logging_mixin.py:190} INFO - [2025-04-22T10:29:10.978-0300] {dag.py:4180} INFO - Setting next_dagrun for tutorial to 2025-04-21 00:00:00+00:00, run_after=2025-04-22 00:00:00+00:00
[2025-04-22T10:29:11.066-0300] {processor.py:208} INFO - Processing /home/jonathan-brito/python-projects/airflow/venv/lib/python3.12/site-packages/airflow/example_dags/tutorial.py took 0.180 seconds
[2025-04-22T10:31:05.434-0300] {processor.py:186} INFO - Started process (PID=16531) to work on /home/jonathan-brito/python-projects/airflow/venv/lib/python3.12/site-packages/airflow/example_dags/tutorial.py
[2025-04-22T10:31:05.441-0300] {processor.py:914} INFO - Processing file /home/jonathan-brito/python-projects/airflow/venv/lib/python3.12/site-packages/airflow/example_dags/tutorial.py for tasks to queue
[2025-04-22T10:31:05.444-0300] {logging_mixin.py:190} INFO - [2025-04-22T10:31:05.443-0300] {dagbag.py:588} INFO - Filling up the DagBag from /home/jonathan-brito/python-projects/airflow/venv/lib/python3.12/site-packages/airflow/example_dags/tutorial.py
[2025-04-22T10:31:05.456-0300] {processor.py:925} INFO - DAG(s) 'tutorial' retrieved from /home/jonathan-brito/python-projects/airflow/venv/lib/python3.12/site-packages/airflow/example_dags/tutorial.py
[2025-04-22T10:31:05.481-0300] {logging_mixin.py:190} INFO - [2025-04-22T10:31:05.481-0300] {dag.py:3239} INFO - Sync 1 DAGs
[2025-04-22T10:31:05.502-0300] {logging_mixin.py:190} INFO - [2025-04-22T10:31:05.502-0300] {dag.py:4180} INFO - Setting next_dagrun for tutorial to 2025-04-21 00:00:00+00:00, run_after=2025-04-22 00:00:00+00:00
[2025-04-22T10:31:05.532-0300] {processor.py:208} INFO - Processing /home/jonathan-brito/python-projects/airflow/venv/lib/python3.12/site-packages/airflow/example_dags/tutorial.py took 0.105 seconds
[2025-04-22T11:07:54.564-0300] {processor.py:186} INFO - Started process (PID=49509) to work on /home/jonathan-brito/python-projects/airflow/venv/lib/python3.12/site-packages/airflow/example_dags/tutorial.py
[2025-04-22T11:07:54.566-0300] {processor.py:914} INFO - Processing file /home/jonathan-brito/python-projects/airflow/venv/lib/python3.12/site-packages/airflow/example_dags/tutorial.py for tasks to queue
[2025-04-22T11:07:54.567-0300] {logging_mixin.py:190} INFO - [2025-04-22T11:07:54.567-0300] {dagbag.py:588} INFO - Filling up the DagBag from /home/jonathan-brito/python-projects/airflow/venv/lib/python3.12/site-packages/airflow/example_dags/tutorial.py
[2025-04-22T11:07:54.575-0300] {processor.py:925} INFO - DAG(s) 'tutorial' retrieved from /home/jonathan-brito/python-projects/airflow/venv/lib/python3.12/site-packages/airflow/example_dags/tutorial.py
[2025-04-22T11:07:54.600-0300] {logging_mixin.py:190} INFO - [2025-04-22T11:07:54.599-0300] {dag.py:3239} INFO - Sync 1 DAGs
[2025-04-22T11:07:54.623-0300] {logging_mixin.py:190} INFO - [2025-04-22T11:07:54.622-0300] {dag.py:4180} INFO - Setting next_dagrun for tutorial to 2025-04-21 00:00:00+00:00, run_after=2025-04-22 00:00:00+00:00
[2025-04-22T11:07:54.646-0300] {processor.py:208} INFO - Processing /home/jonathan-brito/python-projects/airflow/venv/lib/python3.12/site-packages/airflow/example_dags/tutorial.py took 0.090 seconds
[2025-04-22T11:08:54.579-0300] {processor.py:186} INFO - Started process (PID=49882) to work on /home/jonathan-brito/python-projects/airflow/venv/lib/python3.12/site-packages/airflow/example_dags/tutorial.py
[2025-04-22T11:08:54.587-0300] {processor.py:914} INFO - Processing file /home/jonathan-brito/python-projects/airflow/venv/lib/python3.12/site-packages/airflow/example_dags/tutorial.py for tasks to queue
[2025-04-22T11:08:54.588-0300] {logging_mixin.py:190} INFO - [2025-04-22T11:08:54.588-0300] {dagbag.py:588} INFO - Filling up the DagBag from /home/jonathan-brito/python-projects/airflow/venv/lib/python3.12/site-packages/airflow/example_dags/tutorial.py
[2025-04-22T11:08:54.598-0300] {processor.py:925} INFO - DAG(s) 'tutorial' retrieved from /home/jonathan-brito/python-projects/airflow/venv/lib/python3.12/site-packages/airflow/example_dags/tutorial.py
[2025-04-22T11:08:54.614-0300] {logging_mixin.py:190} INFO - [2025-04-22T11:08:54.614-0300] {dag.py:3239} INFO - Sync 1 DAGs
[2025-04-22T11:08:54.633-0300] {logging_mixin.py:190} INFO - [2025-04-22T11:08:54.633-0300] {dag.py:4180} INFO - Setting next_dagrun for tutorial to 2025-04-21 00:00:00+00:00, run_after=2025-04-22 00:00:00+00:00
[2025-04-22T11:08:54.659-0300] {processor.py:208} INFO - Processing /home/jonathan-brito/python-projects/airflow/venv/lib/python3.12/site-packages/airflow/example_dags/tutorial.py took 0.087 seconds
[2025-04-22T11:09:53.283-0300] {processor.py:186} INFO - Started process (PID=50411) to work on /home/jonathan-brito/python-projects/airflow/venv/lib/python3.12/site-packages/airflow/example_dags/tutorial.py
[2025-04-22T11:09:53.290-0300] {processor.py:914} INFO - Processing file /home/jonathan-brito/python-projects/airflow/venv/lib/python3.12/site-packages/airflow/example_dags/tutorial.py for tasks to queue
[2025-04-22T11:09:53.291-0300] {logging_mixin.py:190} INFO - [2025-04-22T11:09:53.291-0300] {dagbag.py:588} INFO - Filling up the DagBag from /home/jonathan-brito/python-projects/airflow/venv/lib/python3.12/site-packages/airflow/example_dags/tutorial.py
[2025-04-22T11:09:53.299-0300] {processor.py:925} INFO - DAG(s) 'tutorial' retrieved from /home/jonathan-brito/python-projects/airflow/venv/lib/python3.12/site-packages/airflow/example_dags/tutorial.py
[2025-04-22T11:09:53.320-0300] {logging_mixin.py:190} INFO - [2025-04-22T11:09:53.320-0300] {dag.py:3239} INFO - Sync 1 DAGs
[2025-04-22T11:09:53.358-0300] {logging_mixin.py:190} INFO - [2025-04-22T11:09:53.358-0300] {dag.py:4180} INFO - Setting next_dagrun for tutorial to 2025-04-21 00:00:00+00:00, run_after=2025-04-22 00:00:00+00:00
[2025-04-22T11:09:53.388-0300] {processor.py:208} INFO - Processing /home/jonathan-brito/python-projects/airflow/venv/lib/python3.12/site-packages/airflow/example_dags/tutorial.py took 0.112 seconds
[2025-04-22T11:10:55.643-0300] {processor.py:186} INFO - Started process (PID=50839) to work on /home/jonathan-brito/python-projects/airflow/venv/lib/python3.12/site-packages/airflow/example_dags/tutorial.py
[2025-04-22T11:10:55.650-0300] {processor.py:914} INFO - Processing file /home/jonathan-brito/python-projects/airflow/venv/lib/python3.12/site-packages/airflow/example_dags/tutorial.py for tasks to queue
[2025-04-22T11:10:55.652-0300] {logging_mixin.py:190} INFO - [2025-04-22T11:10:55.651-0300] {dagbag.py:588} INFO - Filling up the DagBag from /home/jonathan-brito/python-projects/airflow/venv/lib/python3.12/site-packages/airflow/example_dags/tutorial.py
[2025-04-22T11:10:55.661-0300] {processor.py:925} INFO - DAG(s) 'tutorial' retrieved from /home/jonathan-brito/python-projects/airflow/venv/lib/python3.12/site-packages/airflow/example_dags/tutorial.py
[2025-04-22T11:10:55.679-0300] {logging_mixin.py:190} INFO - [2025-04-22T11:10:55.679-0300] {dag.py:3239} INFO - Sync 1 DAGs
[2025-04-22T11:10:55.703-0300] {logging_mixin.py:190} INFO - [2025-04-22T11:10:55.703-0300] {dag.py:4180} INFO - Setting next_dagrun for tutorial to 2025-04-21 00:00:00+00:00, run_after=2025-04-22 00:00:00+00:00
[2025-04-22T11:10:55.737-0300] {processor.py:208} INFO - Processing /home/jonathan-brito/python-projects/airflow/venv/lib/python3.12/site-packages/airflow/example_dags/tutorial.py took 0.101 seconds
