[2025-04-21T21:23:21.975-0300] {processor.py:186} INFO - Started process (PID=70353) to work on /home/jonathan-brito/python-projects/airflow/venv/lib/python3.12/site-packages/airflow/example_dags/tutorial_objectstorage.py
[2025-04-21T21:23:21.976-0300] {processor.py:914} INFO - Processing file /home/jonathan-brito/python-projects/airflow/venv/lib/python3.12/site-packages/airflow/example_dags/tutorial_objectstorage.py for tasks to queue
[2025-04-21T21:23:21.977-0300] {logging_mixin.py:190} INFO - [2025-04-21T21:23:21.977-0300] {dagbag.py:588} INFO - Filling up the DagBag from /home/jonathan-brito/python-projects/airflow/venv/lib/python3.12/site-packages/airflow/example_dags/tutorial_objectstorage.py
[2025-04-21T21:23:21.991-0300] {processor.py:925} INFO - DAG(s) 'tutorial_objectstorage' retrieved from /home/jonathan-brito/python-projects/airflow/venv/lib/python3.12/site-packages/airflow/example_dags/tutorial_objectstorage.py
[2025-04-21T21:23:22.013-0300] {logging_mixin.py:190} INFO - [2025-04-21T21:23:22.012-0300] {dag.py:3239} INFO - Sync 1 DAGs
[2025-04-21T21:23:22.025-0300] {logging_mixin.py:190} INFO - [2025-04-21T21:23:22.025-0300] {dag.py:4180} INFO - Setting next_dagrun for tutorial_objectstorage to None, run_after=None
[2025-04-21T21:23:22.059-0300] {processor.py:208} INFO - Processing /home/jonathan-brito/python-projects/airflow/venv/lib/python3.12/site-packages/airflow/example_dags/tutorial_objectstorage.py took 0.090 seconds
[2025-04-21T21:24:27.711-0300] {processor.py:186} INFO - Started process (PID=71081) to work on /home/jonathan-brito/python-projects/airflow/venv/lib/python3.12/site-packages/airflow/example_dags/tutorial_objectstorage.py
[2025-04-21T21:24:27.718-0300] {processor.py:914} INFO - Processing file /home/jonathan-brito/python-projects/airflow/venv/lib/python3.12/site-packages/airflow/example_dags/tutorial_objectstorage.py for tasks to queue
[2025-04-21T21:24:27.721-0300] {logging_mixin.py:190} INFO - [2025-04-21T21:24:27.720-0300] {dagbag.py:588} INFO - Filling up the DagBag from /home/jonathan-brito/python-projects/airflow/venv/lib/python3.12/site-packages/airflow/example_dags/tutorial_objectstorage.py
[2025-04-21T21:24:27.733-0300] {processor.py:925} INFO - DAG(s) 'tutorial_objectstorage' retrieved from /home/jonathan-brito/python-projects/airflow/venv/lib/python3.12/site-packages/airflow/example_dags/tutorial_objectstorage.py
[2025-04-21T21:24:27.750-0300] {logging_mixin.py:190} INFO - [2025-04-21T21:24:27.749-0300] {dag.py:3239} INFO - Sync 1 DAGs
[2025-04-21T21:24:27.764-0300] {logging_mixin.py:190} INFO - [2025-04-21T21:24:27.764-0300] {dag.py:4180} INFO - Setting next_dagrun for tutorial_objectstorage to None, run_after=None
[2025-04-21T21:24:27.799-0300] {processor.py:208} INFO - Processing /home/jonathan-brito/python-projects/airflow/venv/lib/python3.12/site-packages/airflow/example_dags/tutorial_objectstorage.py took 0.095 seconds
[2025-04-21T21:26:57.632-0300] {processor.py:186} INFO - Started process (PID=74283) to work on /home/jonathan-brito/python-projects/airflow/venv/lib/python3.12/site-packages/airflow/example_dags/tutorial_objectstorage.py
[2025-04-21T21:26:57.633-0300] {processor.py:914} INFO - Processing file /home/jonathan-brito/python-projects/airflow/venv/lib/python3.12/site-packages/airflow/example_dags/tutorial_objectstorage.py for tasks to queue
[2025-04-21T21:26:57.637-0300] {logging_mixin.py:190} INFO - [2025-04-21T21:26:57.636-0300] {dagbag.py:588} INFO - Filling up the DagBag from /home/jonathan-brito/python-projects/airflow/venv/lib/python3.12/site-packages/airflow/example_dags/tutorial_objectstorage.py
[2025-04-21T21:26:57.667-0300] {processor.py:925} INFO - DAG(s) 'tutorial_objectstorage' retrieved from /home/jonathan-brito/python-projects/airflow/venv/lib/python3.12/site-packages/airflow/example_dags/tutorial_objectstorage.py
[2025-04-21T21:26:57.715-0300] {logging_mixin.py:190} INFO - [2025-04-21T21:26:57.714-0300] {dag.py:3239} INFO - Sync 1 DAGs
[2025-04-21T21:26:57.737-0300] {logging_mixin.py:190} INFO - [2025-04-21T21:26:57.737-0300] {dag.py:4180} INFO - Setting next_dagrun for tutorial_objectstorage to None, run_after=None
[2025-04-21T21:26:57.800-0300] {processor.py:208} INFO - Processing /home/jonathan-brito/python-projects/airflow/venv/lib/python3.12/site-packages/airflow/example_dags/tutorial_objectstorage.py took 0.178 seconds
[2025-04-21T22:09:39.158-0300] {processor.py:186} INFO - Started process (PID=126982) to work on /home/jonathan-brito/python-projects/airflow/venv/lib/python3.12/site-packages/airflow/example_dags/tutorial_objectstorage.py
[2025-04-21T22:09:39.165-0300] {processor.py:914} INFO - Processing file /home/jonathan-brito/python-projects/airflow/venv/lib/python3.12/site-packages/airflow/example_dags/tutorial_objectstorage.py for tasks to queue
[2025-04-21T22:09:39.167-0300] {logging_mixin.py:190} INFO - [2025-04-21T22:09:39.166-0300] {dagbag.py:588} INFO - Filling up the DagBag from /home/jonathan-brito/python-projects/airflow/venv/lib/python3.12/site-packages/airflow/example_dags/tutorial_objectstorage.py
[2025-04-21T22:09:39.176-0300] {processor.py:925} INFO - DAG(s) 'tutorial_objectstorage' retrieved from /home/jonathan-brito/python-projects/airflow/venv/lib/python3.12/site-packages/airflow/example_dags/tutorial_objectstorage.py
[2025-04-21T22:09:39.201-0300] {logging_mixin.py:190} INFO - [2025-04-21T22:09:39.200-0300] {dag.py:3239} INFO - Sync 1 DAGs
[2025-04-21T22:09:39.213-0300] {logging_mixin.py:190} INFO - [2025-04-21T22:09:39.212-0300] {dag.py:4180} INFO - Setting next_dagrun for tutorial_objectstorage to None, run_after=None
[2025-04-21T22:09:39.248-0300] {processor.py:208} INFO - Processing /home/jonathan-brito/python-projects/airflow/venv/lib/python3.12/site-packages/airflow/example_dags/tutorial_objectstorage.py took 0.096 seconds
[2025-04-21T22:10:42.673-0300] {processor.py:186} INFO - Started process (PID=127791) to work on /home/jonathan-brito/python-projects/airflow/venv/lib/python3.12/site-packages/airflow/example_dags/tutorial_objectstorage.py
[2025-04-21T22:10:42.680-0300] {processor.py:914} INFO - Processing file /home/jonathan-brito/python-projects/airflow/venv/lib/python3.12/site-packages/airflow/example_dags/tutorial_objectstorage.py for tasks to queue
[2025-04-21T22:10:42.682-0300] {logging_mixin.py:190} INFO - [2025-04-21T22:10:42.681-0300] {dagbag.py:588} INFO - Filling up the DagBag from /home/jonathan-brito/python-projects/airflow/venv/lib/python3.12/site-packages/airflow/example_dags/tutorial_objectstorage.py
[2025-04-21T22:10:42.691-0300] {processor.py:925} INFO - DAG(s) 'tutorial_objectstorage' retrieved from /home/jonathan-brito/python-projects/airflow/venv/lib/python3.12/site-packages/airflow/example_dags/tutorial_objectstorage.py
[2025-04-21T22:10:42.708-0300] {logging_mixin.py:190} INFO - [2025-04-21T22:10:42.708-0300] {dag.py:3239} INFO - Sync 1 DAGs
[2025-04-21T22:10:42.722-0300] {logging_mixin.py:190} INFO - [2025-04-21T22:10:42.721-0300] {dag.py:4180} INFO - Setting next_dagrun for tutorial_objectstorage to None, run_after=None
[2025-04-21T22:10:42.749-0300] {processor.py:208} INFO - Processing /home/jonathan-brito/python-projects/airflow/venv/lib/python3.12/site-packages/airflow/example_dags/tutorial_objectstorage.py took 0.083 seconds
[2025-04-21T22:11:44.372-0300] {processor.py:186} INFO - Started process (PID=128605) to work on /home/jonathan-brito/python-projects/airflow/venv/lib/python3.12/site-packages/airflow/example_dags/tutorial_objectstorage.py
[2025-04-21T22:11:44.380-0300] {processor.py:914} INFO - Processing file /home/jonathan-brito/python-projects/airflow/venv/lib/python3.12/site-packages/airflow/example_dags/tutorial_objectstorage.py for tasks to queue
[2025-04-21T22:11:44.383-0300] {logging_mixin.py:190} INFO - [2025-04-21T22:11:44.382-0300] {dagbag.py:588} INFO - Filling up the DagBag from /home/jonathan-brito/python-projects/airflow/venv/lib/python3.12/site-packages/airflow/example_dags/tutorial_objectstorage.py
[2025-04-21T22:11:44.397-0300] {processor.py:925} INFO - DAG(s) 'tutorial_objectstorage' retrieved from /home/jonathan-brito/python-projects/airflow/venv/lib/python3.12/site-packages/airflow/example_dags/tutorial_objectstorage.py
[2025-04-21T22:11:44.413-0300] {logging_mixin.py:190} INFO - [2025-04-21T22:11:44.413-0300] {dag.py:3239} INFO - Sync 1 DAGs
[2025-04-21T22:11:44.425-0300] {logging_mixin.py:190} INFO - [2025-04-21T22:11:44.424-0300] {dag.py:4180} INFO - Setting next_dagrun for tutorial_objectstorage to None, run_after=None
[2025-04-21T22:11:44.451-0300] {processor.py:208} INFO - Processing /home/jonathan-brito/python-projects/airflow/venv/lib/python3.12/site-packages/airflow/example_dags/tutorial_objectstorage.py took 0.091 seconds
[2025-04-21T22:12:46.444-0300] {processor.py:186} INFO - Started process (PID=129286) to work on /home/jonathan-brito/python-projects/airflow/venv/lib/python3.12/site-packages/airflow/example_dags/tutorial_objectstorage.py
[2025-04-21T22:12:46.451-0300] {processor.py:914} INFO - Processing file /home/jonathan-brito/python-projects/airflow/venv/lib/python3.12/site-packages/airflow/example_dags/tutorial_objectstorage.py for tasks to queue
[2025-04-21T22:12:46.453-0300] {logging_mixin.py:190} INFO - [2025-04-21T22:12:46.452-0300] {dagbag.py:588} INFO - Filling up the DagBag from /home/jonathan-brito/python-projects/airflow/venv/lib/python3.12/site-packages/airflow/example_dags/tutorial_objectstorage.py
[2025-04-21T22:12:46.466-0300] {processor.py:925} INFO - DAG(s) 'tutorial_objectstorage' retrieved from /home/jonathan-brito/python-projects/airflow/venv/lib/python3.12/site-packages/airflow/example_dags/tutorial_objectstorage.py
[2025-04-21T22:12:46.488-0300] {logging_mixin.py:190} INFO - [2025-04-21T22:12:46.488-0300] {dag.py:3239} INFO - Sync 1 DAGs
[2025-04-21T22:12:46.508-0300] {logging_mixin.py:190} INFO - [2025-04-21T22:12:46.507-0300] {dag.py:4180} INFO - Setting next_dagrun for tutorial_objectstorage to None, run_after=None
[2025-04-21T22:12:46.544-0300] {processor.py:208} INFO - Processing /home/jonathan-brito/python-projects/airflow/venv/lib/python3.12/site-packages/airflow/example_dags/tutorial_objectstorage.py took 0.109 seconds
[2025-04-21T22:13:52.443-0300] {processor.py:186} INFO - Started process (PID=130070) to work on /home/jonathan-brito/python-projects/airflow/venv/lib/python3.12/site-packages/airflow/example_dags/tutorial_objectstorage.py
[2025-04-21T22:13:52.450-0300] {processor.py:914} INFO - Processing file /home/jonathan-brito/python-projects/airflow/venv/lib/python3.12/site-packages/airflow/example_dags/tutorial_objectstorage.py for tasks to queue
[2025-04-21T22:13:52.451-0300] {logging_mixin.py:190} INFO - [2025-04-21T22:13:52.451-0300] {dagbag.py:588} INFO - Filling up the DagBag from /home/jonathan-brito/python-projects/airflow/venv/lib/python3.12/site-packages/airflow/example_dags/tutorial_objectstorage.py
[2025-04-21T22:13:52.460-0300] {processor.py:925} INFO - DAG(s) 'tutorial_objectstorage' retrieved from /home/jonathan-brito/python-projects/airflow/venv/lib/python3.12/site-packages/airflow/example_dags/tutorial_objectstorage.py
[2025-04-21T22:13:52.475-0300] {logging_mixin.py:190} INFO - [2025-04-21T22:13:52.475-0300] {dag.py:3239} INFO - Sync 1 DAGs
[2025-04-21T22:13:52.487-0300] {logging_mixin.py:190} INFO - [2025-04-21T22:13:52.487-0300] {dag.py:4180} INFO - Setting next_dagrun for tutorial_objectstorage to None, run_after=None
[2025-04-21T22:13:52.511-0300] {processor.py:208} INFO - Processing /home/jonathan-brito/python-projects/airflow/venv/lib/python3.12/site-packages/airflow/example_dags/tutorial_objectstorage.py took 0.074 seconds
[2025-04-21T22:14:55.104-0300] {processor.py:186} INFO - Started process (PID=130745) to work on /home/jonathan-brito/python-projects/airflow/venv/lib/python3.12/site-packages/airflow/example_dags/tutorial_objectstorage.py
[2025-04-21T22:14:55.111-0300] {processor.py:914} INFO - Processing file /home/jonathan-brito/python-projects/airflow/venv/lib/python3.12/site-packages/airflow/example_dags/tutorial_objectstorage.py for tasks to queue
[2025-04-21T22:14:55.113-0300] {logging_mixin.py:190} INFO - [2025-04-21T22:14:55.112-0300] {dagbag.py:588} INFO - Filling up the DagBag from /home/jonathan-brito/python-projects/airflow/venv/lib/python3.12/site-packages/airflow/example_dags/tutorial_objectstorage.py
[2025-04-21T22:14:55.122-0300] {processor.py:925} INFO - DAG(s) 'tutorial_objectstorage' retrieved from /home/jonathan-brito/python-projects/airflow/venv/lib/python3.12/site-packages/airflow/example_dags/tutorial_objectstorage.py
[2025-04-21T22:14:55.138-0300] {logging_mixin.py:190} INFO - [2025-04-21T22:14:55.138-0300] {dag.py:3239} INFO - Sync 1 DAGs
[2025-04-21T22:14:55.150-0300] {logging_mixin.py:190} INFO - [2025-04-21T22:14:55.150-0300] {dag.py:4180} INFO - Setting next_dagrun for tutorial_objectstorage to None, run_after=None
[2025-04-21T22:14:55.178-0300] {processor.py:208} INFO - Processing /home/jonathan-brito/python-projects/airflow/venv/lib/python3.12/site-packages/airflow/example_dags/tutorial_objectstorage.py took 0.080 seconds
[2025-04-21T22:15:55.950-0300] {processor.py:186} INFO - Started process (PID=131396) to work on /home/jonathan-brito/python-projects/airflow/venv/lib/python3.12/site-packages/airflow/example_dags/tutorial_objectstorage.py
[2025-04-21T22:15:55.959-0300] {processor.py:914} INFO - Processing file /home/jonathan-brito/python-projects/airflow/venv/lib/python3.12/site-packages/airflow/example_dags/tutorial_objectstorage.py for tasks to queue
[2025-04-21T22:15:55.962-0300] {logging_mixin.py:190} INFO - [2025-04-21T22:15:55.960-0300] {dagbag.py:588} INFO - Filling up the DagBag from /home/jonathan-brito/python-projects/airflow/venv/lib/python3.12/site-packages/airflow/example_dags/tutorial_objectstorage.py
[2025-04-21T22:15:55.984-0300] {processor.py:925} INFO - DAG(s) 'tutorial_objectstorage' retrieved from /home/jonathan-brito/python-projects/airflow/venv/lib/python3.12/site-packages/airflow/example_dags/tutorial_objectstorage.py
[2025-04-21T22:15:56.014-0300] {logging_mixin.py:190} INFO - [2025-04-21T22:15:56.014-0300] {dag.py:3239} INFO - Sync 1 DAGs
[2025-04-21T22:15:56.031-0300] {logging_mixin.py:190} INFO - [2025-04-21T22:15:56.030-0300] {dag.py:4180} INFO - Setting next_dagrun for tutorial_objectstorage to None, run_after=None
[2025-04-21T22:15:56.066-0300] {processor.py:208} INFO - Processing /home/jonathan-brito/python-projects/airflow/venv/lib/python3.12/site-packages/airflow/example_dags/tutorial_objectstorage.py took 0.129 seconds
[2025-04-21T22:16:59.765-0300] {processor.py:186} INFO - Started process (PID=132043) to work on /home/jonathan-brito/python-projects/airflow/venv/lib/python3.12/site-packages/airflow/example_dags/tutorial_objectstorage.py
[2025-04-21T22:16:59.772-0300] {processor.py:914} INFO - Processing file /home/jonathan-brito/python-projects/airflow/venv/lib/python3.12/site-packages/airflow/example_dags/tutorial_objectstorage.py for tasks to queue
[2025-04-21T22:16:59.774-0300] {logging_mixin.py:190} INFO - [2025-04-21T22:16:59.774-0300] {dagbag.py:588} INFO - Filling up the DagBag from /home/jonathan-brito/python-projects/airflow/venv/lib/python3.12/site-packages/airflow/example_dags/tutorial_objectstorage.py
[2025-04-21T22:16:59.785-0300] {processor.py:925} INFO - DAG(s) 'tutorial_objectstorage' retrieved from /home/jonathan-brito/python-projects/airflow/venv/lib/python3.12/site-packages/airflow/example_dags/tutorial_objectstorage.py
[2025-04-21T22:16:59.801-0300] {logging_mixin.py:190} INFO - [2025-04-21T22:16:59.801-0300] {dag.py:3239} INFO - Sync 1 DAGs
[2025-04-21T22:16:59.813-0300] {logging_mixin.py:190} INFO - [2025-04-21T22:16:59.813-0300] {dag.py:4180} INFO - Setting next_dagrun for tutorial_objectstorage to None, run_after=None
[2025-04-21T22:16:59.839-0300] {processor.py:208} INFO - Processing /home/jonathan-brito/python-projects/airflow/venv/lib/python3.12/site-packages/airflow/example_dags/tutorial_objectstorage.py took 0.082 seconds
[2025-04-21T22:18:02.351-0300] {processor.py:186} INFO - Started process (PID=132695) to work on /home/jonathan-brito/python-projects/airflow/venv/lib/python3.12/site-packages/airflow/example_dags/tutorial_objectstorage.py
[2025-04-21T22:18:02.358-0300] {processor.py:914} INFO - Processing file /home/jonathan-brito/python-projects/airflow/venv/lib/python3.12/site-packages/airflow/example_dags/tutorial_objectstorage.py for tasks to queue
[2025-04-21T22:18:02.359-0300] {logging_mixin.py:190} INFO - [2025-04-21T22:18:02.359-0300] {dagbag.py:588} INFO - Filling up the DagBag from /home/jonathan-brito/python-projects/airflow/venv/lib/python3.12/site-packages/airflow/example_dags/tutorial_objectstorage.py
[2025-04-21T22:18:02.368-0300] {processor.py:925} INFO - DAG(s) 'tutorial_objectstorage' retrieved from /home/jonathan-brito/python-projects/airflow/venv/lib/python3.12/site-packages/airflow/example_dags/tutorial_objectstorage.py
[2025-04-21T22:18:02.383-0300] {logging_mixin.py:190} INFO - [2025-04-21T22:18:02.383-0300] {dag.py:3239} INFO - Sync 1 DAGs
[2025-04-21T22:18:02.394-0300] {logging_mixin.py:190} INFO - [2025-04-21T22:18:02.394-0300] {dag.py:4180} INFO - Setting next_dagrun for tutorial_objectstorage to None, run_after=None
[2025-04-21T22:18:02.418-0300] {processor.py:208} INFO - Processing /home/jonathan-brito/python-projects/airflow/venv/lib/python3.12/site-packages/airflow/example_dags/tutorial_objectstorage.py took 0.074 seconds
[2025-04-21T22:19:05.171-0300] {processor.py:186} INFO - Started process (PID=133321) to work on /home/jonathan-brito/python-projects/airflow/venv/lib/python3.12/site-packages/airflow/example_dags/tutorial_objectstorage.py
[2025-04-21T22:19:05.178-0300] {processor.py:914} INFO - Processing file /home/jonathan-brito/python-projects/airflow/venv/lib/python3.12/site-packages/airflow/example_dags/tutorial_objectstorage.py for tasks to queue
[2025-04-21T22:19:05.182-0300] {logging_mixin.py:190} INFO - [2025-04-21T22:19:05.181-0300] {dagbag.py:588} INFO - Filling up the DagBag from /home/jonathan-brito/python-projects/airflow/venv/lib/python3.12/site-packages/airflow/example_dags/tutorial_objectstorage.py
[2025-04-21T22:19:05.203-0300] {processor.py:925} INFO - DAG(s) 'tutorial_objectstorage' retrieved from /home/jonathan-brito/python-projects/airflow/venv/lib/python3.12/site-packages/airflow/example_dags/tutorial_objectstorage.py
[2025-04-21T22:19:05.221-0300] {logging_mixin.py:190} INFO - [2025-04-21T22:19:05.221-0300] {dag.py:3239} INFO - Sync 1 DAGs
[2025-04-21T22:19:05.233-0300] {logging_mixin.py:190} INFO - [2025-04-21T22:19:05.232-0300] {dag.py:4180} INFO - Setting next_dagrun for tutorial_objectstorage to None, run_after=None
[2025-04-21T22:19:05.261-0300] {processor.py:208} INFO - Processing /home/jonathan-brito/python-projects/airflow/venv/lib/python3.12/site-packages/airflow/example_dags/tutorial_objectstorage.py took 0.097 seconds
[2025-04-21T22:20:10.156-0300] {processor.py:186} INFO - Started process (PID=134070) to work on /home/jonathan-brito/python-projects/airflow/venv/lib/python3.12/site-packages/airflow/example_dags/tutorial_objectstorage.py
[2025-04-21T22:20:10.163-0300] {processor.py:914} INFO - Processing file /home/jonathan-brito/python-projects/airflow/venv/lib/python3.12/site-packages/airflow/example_dags/tutorial_objectstorage.py for tasks to queue
[2025-04-21T22:20:10.166-0300] {logging_mixin.py:190} INFO - [2025-04-21T22:20:10.165-0300] {dagbag.py:588} INFO - Filling up the DagBag from /home/jonathan-brito/python-projects/airflow/venv/lib/python3.12/site-packages/airflow/example_dags/tutorial_objectstorage.py
[2025-04-21T22:20:10.182-0300] {processor.py:925} INFO - DAG(s) 'tutorial_objectstorage' retrieved from /home/jonathan-brito/python-projects/airflow/venv/lib/python3.12/site-packages/airflow/example_dags/tutorial_objectstorage.py
[2025-04-21T22:20:10.206-0300] {logging_mixin.py:190} INFO - [2025-04-21T22:20:10.205-0300] {dag.py:3239} INFO - Sync 1 DAGs
[2025-04-21T22:20:10.224-0300] {logging_mixin.py:190} INFO - [2025-04-21T22:20:10.223-0300] {dag.py:4180} INFO - Setting next_dagrun for tutorial_objectstorage to None, run_after=None
[2025-04-21T22:20:10.262-0300] {processor.py:208} INFO - Processing /home/jonathan-brito/python-projects/airflow/venv/lib/python3.12/site-packages/airflow/example_dags/tutorial_objectstorage.py took 0.118 seconds
[2025-04-22T10:24:03.302-0300] {processor.py:186} INFO - Started process (PID=10622) to work on /home/jonathan-brito/python-projects/airflow/venv/lib/python3.12/site-packages/airflow/example_dags/tutorial_objectstorage.py
[2025-04-22T10:24:03.326-0300] {processor.py:914} INFO - Processing file /home/jonathan-brito/python-projects/airflow/venv/lib/python3.12/site-packages/airflow/example_dags/tutorial_objectstorage.py for tasks to queue
[2025-04-22T10:24:03.328-0300] {logging_mixin.py:190} INFO - [2025-04-22T10:24:03.327-0300] {dagbag.py:588} INFO - Filling up the DagBag from /home/jonathan-brito/python-projects/airflow/venv/lib/python3.12/site-packages/airflow/example_dags/tutorial_objectstorage.py
[2025-04-22T10:24:03.345-0300] {processor.py:925} INFO - DAG(s) 'tutorial_objectstorage' retrieved from /home/jonathan-brito/python-projects/airflow/venv/lib/python3.12/site-packages/airflow/example_dags/tutorial_objectstorage.py
[2025-04-22T10:24:03.372-0300] {logging_mixin.py:190} INFO - [2025-04-22T10:24:03.372-0300] {dag.py:3239} INFO - Sync 1 DAGs
[2025-04-22T10:24:03.387-0300] {logging_mixin.py:190} INFO - [2025-04-22T10:24:03.387-0300] {dag.py:4180} INFO - Setting next_dagrun for tutorial_objectstorage to None, run_after=None
[2025-04-22T10:24:03.415-0300] {processor.py:208} INFO - Processing /home/jonathan-brito/python-projects/airflow/venv/lib/python3.12/site-packages/airflow/example_dags/tutorial_objectstorage.py took 0.121 seconds
[2025-04-22T10:25:17.129-0300] {processor.py:186} INFO - Started process (PID=11836) to work on /home/jonathan-brito/python-projects/airflow/venv/lib/python3.12/site-packages/airflow/example_dags/tutorial_objectstorage.py
[2025-04-22T10:25:17.130-0300] {processor.py:914} INFO - Processing file /home/jonathan-brito/python-projects/airflow/venv/lib/python3.12/site-packages/airflow/example_dags/tutorial_objectstorage.py for tasks to queue
[2025-04-22T10:25:17.133-0300] {logging_mixin.py:190} INFO - [2025-04-22T10:25:17.132-0300] {dagbag.py:588} INFO - Filling up the DagBag from /home/jonathan-brito/python-projects/airflow/venv/lib/python3.12/site-packages/airflow/example_dags/tutorial_objectstorage.py
[2025-04-22T10:25:17.145-0300] {processor.py:925} INFO - DAG(s) 'tutorial_objectstorage' retrieved from /home/jonathan-brito/python-projects/airflow/venv/lib/python3.12/site-packages/airflow/example_dags/tutorial_objectstorage.py
[2025-04-22T10:25:17.163-0300] {logging_mixin.py:190} INFO - [2025-04-22T10:25:17.163-0300] {dag.py:3239} INFO - Sync 1 DAGs
[2025-04-22T10:25:17.177-0300] {logging_mixin.py:190} INFO - [2025-04-22T10:25:17.176-0300] {dag.py:4180} INFO - Setting next_dagrun for tutorial_objectstorage to None, run_after=None
[2025-04-22T10:25:17.206-0300] {processor.py:208} INFO - Processing /home/jonathan-brito/python-projects/airflow/venv/lib/python3.12/site-packages/airflow/example_dags/tutorial_objectstorage.py took 0.085 seconds
[2025-04-22T10:27:26.931-0300] {processor.py:186} INFO - Started process (PID=13743) to work on /home/jonathan-brito/python-projects/airflow/venv/lib/python3.12/site-packages/airflow/example_dags/tutorial_objectstorage.py
[2025-04-22T10:27:26.938-0300] {processor.py:914} INFO - Processing file /home/jonathan-brito/python-projects/airflow/venv/lib/python3.12/site-packages/airflow/example_dags/tutorial_objectstorage.py for tasks to queue
[2025-04-22T10:27:26.940-0300] {logging_mixin.py:190} INFO - [2025-04-22T10:27:26.940-0300] {dagbag.py:588} INFO - Filling up the DagBag from /home/jonathan-brito/python-projects/airflow/venv/lib/python3.12/site-packages/airflow/example_dags/tutorial_objectstorage.py
[2025-04-22T10:27:26.951-0300] {processor.py:925} INFO - DAG(s) 'tutorial_objectstorage' retrieved from /home/jonathan-brito/python-projects/airflow/venv/lib/python3.12/site-packages/airflow/example_dags/tutorial_objectstorage.py
[2025-04-22T10:27:26.967-0300] {logging_mixin.py:190} INFO - [2025-04-22T10:27:26.966-0300] {dag.py:3239} INFO - Sync 1 DAGs
[2025-04-22T10:27:26.980-0300] {logging_mixin.py:190} INFO - [2025-04-22T10:27:26.980-0300] {dag.py:4180} INFO - Setting next_dagrun for tutorial_objectstorage to None, run_after=None
[2025-04-22T10:27:27.005-0300] {processor.py:208} INFO - Processing /home/jonathan-brito/python-projects/airflow/venv/lib/python3.12/site-packages/airflow/example_dags/tutorial_objectstorage.py took 0.081 seconds
[2025-04-22T10:29:09.580-0300] {processor.py:186} INFO - Started process (PID=15468) to work on /home/jonathan-brito/python-projects/airflow/venv/lib/python3.12/site-packages/airflow/example_dags/tutorial_objectstorage.py
[2025-04-22T10:29:09.581-0300] {processor.py:914} INFO - Processing file /home/jonathan-brito/python-projects/airflow/venv/lib/python3.12/site-packages/airflow/example_dags/tutorial_objectstorage.py for tasks to queue
[2025-04-22T10:29:09.584-0300] {logging_mixin.py:190} INFO - [2025-04-22T10:29:09.584-0300] {dagbag.py:588} INFO - Filling up the DagBag from /home/jonathan-brito/python-projects/airflow/venv/lib/python3.12/site-packages/airflow/example_dags/tutorial_objectstorage.py
[2025-04-22T10:29:09.595-0300] {processor.py:925} INFO - DAG(s) 'tutorial_objectstorage' retrieved from /home/jonathan-brito/python-projects/airflow/venv/lib/python3.12/site-packages/airflow/example_dags/tutorial_objectstorage.py
[2025-04-22T10:29:09.617-0300] {logging_mixin.py:190} INFO - [2025-04-22T10:29:09.617-0300] {dag.py:3239} INFO - Sync 1 DAGs
[2025-04-22T10:29:09.639-0300] {logging_mixin.py:190} INFO - [2025-04-22T10:29:09.638-0300] {dag.py:4180} INFO - Setting next_dagrun for tutorial_objectstorage to None, run_after=None
[2025-04-22T10:29:09.670-0300] {processor.py:208} INFO - Processing /home/jonathan-brito/python-projects/airflow/venv/lib/python3.12/site-packages/airflow/example_dags/tutorial_objectstorage.py took 0.098 seconds
[2025-04-22T10:31:04.267-0300] {processor.py:186} INFO - Started process (PID=16530) to work on /home/jonathan-brito/python-projects/airflow/venv/lib/python3.12/site-packages/airflow/example_dags/tutorial_objectstorage.py
[2025-04-22T10:31:04.274-0300] {processor.py:914} INFO - Processing file /home/jonathan-brito/python-projects/airflow/venv/lib/python3.12/site-packages/airflow/example_dags/tutorial_objectstorage.py for tasks to queue
[2025-04-22T10:31:04.276-0300] {logging_mixin.py:190} INFO - [2025-04-22T10:31:04.276-0300] {dagbag.py:588} INFO - Filling up the DagBag from /home/jonathan-brito/python-projects/airflow/venv/lib/python3.12/site-packages/airflow/example_dags/tutorial_objectstorage.py
[2025-04-22T10:31:04.287-0300] {processor.py:925} INFO - DAG(s) 'tutorial_objectstorage' retrieved from /home/jonathan-brito/python-projects/airflow/venv/lib/python3.12/site-packages/airflow/example_dags/tutorial_objectstorage.py
[2025-04-22T10:31:04.310-0300] {logging_mixin.py:190} INFO - [2025-04-22T10:31:04.310-0300] {dag.py:3239} INFO - Sync 1 DAGs
[2025-04-22T10:31:04.324-0300] {logging_mixin.py:190} INFO - [2025-04-22T10:31:04.324-0300] {dag.py:4180} INFO - Setting next_dagrun for tutorial_objectstorage to None, run_after=None
[2025-04-22T10:31:04.351-0300] {processor.py:208} INFO - Processing /home/jonathan-brito/python-projects/airflow/venv/lib/python3.12/site-packages/airflow/example_dags/tutorial_objectstorage.py took 0.091 seconds
[2025-04-22T11:07:53.384-0300] {processor.py:186} INFO - Started process (PID=49500) to work on /home/jonathan-brito/python-projects/airflow/venv/lib/python3.12/site-packages/airflow/example_dags/tutorial_objectstorage.py
[2025-04-22T11:07:53.385-0300] {processor.py:914} INFO - Processing file /home/jonathan-brito/python-projects/airflow/venv/lib/python3.12/site-packages/airflow/example_dags/tutorial_objectstorage.py for tasks to queue
[2025-04-22T11:07:53.386-0300] {logging_mixin.py:190} INFO - [2025-04-22T11:07:53.386-0300] {dagbag.py:588} INFO - Filling up the DagBag from /home/jonathan-brito/python-projects/airflow/venv/lib/python3.12/site-packages/airflow/example_dags/tutorial_objectstorage.py
[2025-04-22T11:07:53.405-0300] {processor.py:925} INFO - DAG(s) 'tutorial_objectstorage' retrieved from /home/jonathan-brito/python-projects/airflow/venv/lib/python3.12/site-packages/airflow/example_dags/tutorial_objectstorage.py
[2025-04-22T11:07:53.432-0300] {logging_mixin.py:190} INFO - [2025-04-22T11:07:53.432-0300] {dag.py:3239} INFO - Sync 1 DAGs
[2025-04-22T11:07:53.445-0300] {logging_mixin.py:190} INFO - [2025-04-22T11:07:53.445-0300] {dag.py:4180} INFO - Setting next_dagrun for tutorial_objectstorage to None, run_after=None
[2025-04-22T11:07:53.470-0300] {processor.py:208} INFO - Processing /home/jonathan-brito/python-projects/airflow/venv/lib/python3.12/site-packages/airflow/example_dags/tutorial_objectstorage.py took 0.092 seconds
[2025-04-22T11:08:54.397-0300] {processor.py:186} INFO - Started process (PID=49881) to work on /home/jonathan-brito/python-projects/airflow/venv/lib/python3.12/site-packages/airflow/example_dags/tutorial_objectstorage.py
[2025-04-22T11:08:54.404-0300] {processor.py:914} INFO - Processing file /home/jonathan-brito/python-projects/airflow/venv/lib/python3.12/site-packages/airflow/example_dags/tutorial_objectstorage.py for tasks to queue
[2025-04-22T11:08:54.405-0300] {logging_mixin.py:190} INFO - [2025-04-22T11:08:54.405-0300] {dagbag.py:588} INFO - Filling up the DagBag from /home/jonathan-brito/python-projects/airflow/venv/lib/python3.12/site-packages/airflow/example_dags/tutorial_objectstorage.py
[2025-04-22T11:08:54.414-0300] {processor.py:925} INFO - DAG(s) 'tutorial_objectstorage' retrieved from /home/jonathan-brito/python-projects/airflow/venv/lib/python3.12/site-packages/airflow/example_dags/tutorial_objectstorage.py
[2025-04-22T11:08:54.430-0300] {logging_mixin.py:190} INFO - [2025-04-22T11:08:54.430-0300] {dag.py:3239} INFO - Sync 1 DAGs
[2025-04-22T11:08:54.442-0300] {logging_mixin.py:190} INFO - [2025-04-22T11:08:54.442-0300] {dag.py:4180} INFO - Setting next_dagrun for tutorial_objectstorage to None, run_after=None
[2025-04-22T11:08:54.469-0300] {processor.py:208} INFO - Processing /home/jonathan-brito/python-projects/airflow/venv/lib/python3.12/site-packages/airflow/example_dags/tutorial_objectstorage.py took 0.079 seconds
[2025-04-22T11:09:51.998-0300] {processor.py:186} INFO - Started process (PID=50406) to work on /home/jonathan-brito/python-projects/airflow/venv/lib/python3.12/site-packages/airflow/example_dags/tutorial_objectstorage.py
[2025-04-22T11:09:52.005-0300] {processor.py:914} INFO - Processing file /home/jonathan-brito/python-projects/airflow/venv/lib/python3.12/site-packages/airflow/example_dags/tutorial_objectstorage.py for tasks to queue
[2025-04-22T11:09:52.007-0300] {logging_mixin.py:190} INFO - [2025-04-22T11:09:52.006-0300] {dagbag.py:588} INFO - Filling up the DagBag from /home/jonathan-brito/python-projects/airflow/venv/lib/python3.12/site-packages/airflow/example_dags/tutorial_objectstorage.py
[2025-04-22T11:09:52.019-0300] {processor.py:925} INFO - DAG(s) 'tutorial_objectstorage' retrieved from /home/jonathan-brito/python-projects/airflow/venv/lib/python3.12/site-packages/airflow/example_dags/tutorial_objectstorage.py
[2025-04-22T11:09:52.039-0300] {logging_mixin.py:190} INFO - [2025-04-22T11:09:52.038-0300] {dag.py:3239} INFO - Sync 1 DAGs
[2025-04-22T11:09:52.055-0300] {logging_mixin.py:190} INFO - [2025-04-22T11:09:52.055-0300] {dag.py:4180} INFO - Setting next_dagrun for tutorial_objectstorage to None, run_after=None
[2025-04-22T11:09:52.089-0300] {processor.py:208} INFO - Processing /home/jonathan-brito/python-projects/airflow/venv/lib/python3.12/site-packages/airflow/example_dags/tutorial_objectstorage.py took 0.098 seconds
[2025-04-22T11:10:54.586-0300] {processor.py:186} INFO - Started process (PID=50805) to work on /home/jonathan-brito/python-projects/airflow/venv/lib/python3.12/site-packages/airflow/example_dags/tutorial_objectstorage.py
[2025-04-22T11:10:54.593-0300] {processor.py:914} INFO - Processing file /home/jonathan-brito/python-projects/airflow/venv/lib/python3.12/site-packages/airflow/example_dags/tutorial_objectstorage.py for tasks to queue
[2025-04-22T11:10:54.595-0300] {logging_mixin.py:190} INFO - [2025-04-22T11:10:54.594-0300] {dagbag.py:588} INFO - Filling up the DagBag from /home/jonathan-brito/python-projects/airflow/venv/lib/python3.12/site-packages/airflow/example_dags/tutorial_objectstorage.py
[2025-04-22T11:10:54.607-0300] {processor.py:925} INFO - DAG(s) 'tutorial_objectstorage' retrieved from /home/jonathan-brito/python-projects/airflow/venv/lib/python3.12/site-packages/airflow/example_dags/tutorial_objectstorage.py
[2025-04-22T11:10:54.624-0300] {logging_mixin.py:190} INFO - [2025-04-22T11:10:54.624-0300] {dag.py:3239} INFO - Sync 1 DAGs
[2025-04-22T11:10:54.638-0300] {logging_mixin.py:190} INFO - [2025-04-22T11:10:54.638-0300] {dag.py:4180} INFO - Setting next_dagrun for tutorial_objectstorage to None, run_after=None
[2025-04-22T11:10:54.661-0300] {processor.py:208} INFO - Processing /home/jonathan-brito/python-projects/airflow/venv/lib/python3.12/site-packages/airflow/example_dags/tutorial_objectstorage.py took 0.083 seconds
