[2025-04-21T21:23:19.154-0300] {processor.py:186} INFO - Started process (PID=70318) to work on /home/jonathan-brito/python-projects/airflow/venv/lib/python3.12/site-packages/airflow/example_dags/tutorial_taskflow_templates.py
[2025-04-21T21:23:19.155-0300] {processor.py:914} INFO - Processing file /home/jonathan-brito/python-projects/airflow/venv/lib/python3.12/site-packages/airflow/example_dags/tutorial_taskflow_templates.py for tasks to queue
[2025-04-21T21:23:19.158-0300] {logging_mixin.py:190} INFO - [2025-04-21T21:23:19.158-0300] {dagbag.py:588} INFO - Filling up the DagBag from /home/jonathan-brito/python-projects/airflow/venv/lib/python3.12/site-packages/airflow/example_dags/tutorial_taskflow_templates.py
[2025-04-21T21:23:19.173-0300] {processor.py:925} INFO - DAG(s) 'tutorial_taskflow_templates' retrieved from /home/jonathan-brito/python-projects/airflow/venv/lib/python3.12/site-packages/airflow/example_dags/tutorial_taskflow_templates.py
[2025-04-21T21:23:19.201-0300] {logging_mixin.py:190} INFO - [2025-04-21T21:23:19.201-0300] {dag.py:3239} INFO - Sync 1 DAGs
[2025-04-21T21:23:19.223-0300] {logging_mixin.py:190} INFO - [2025-04-21T21:23:19.223-0300] {dag.py:4180} INFO - Setting next_dagrun for tutorial_taskflow_templates to 2025-04-21 00:00:00+00:00, run_after=2025-04-22 00:00:00+00:00
[2025-04-21T21:23:19.257-0300] {processor.py:208} INFO - Processing /home/jonathan-brito/python-projects/airflow/venv/lib/python3.12/site-packages/airflow/example_dags/tutorial_taskflow_templates.py took 0.109 seconds
[2025-04-21T21:24:24.251-0300] {processor.py:186} INFO - Started process (PID=71045) to work on /home/jonathan-brito/python-projects/airflow/venv/lib/python3.12/site-packages/airflow/example_dags/tutorial_taskflow_templates.py
[2025-04-21T21:24:24.258-0300] {processor.py:914} INFO - Processing file /home/jonathan-brito/python-projects/airflow/venv/lib/python3.12/site-packages/airflow/example_dags/tutorial_taskflow_templates.py for tasks to queue
[2025-04-21T21:24:24.261-0300] {logging_mixin.py:190} INFO - [2025-04-21T21:24:24.260-0300] {dagbag.py:588} INFO - Filling up the DagBag from /home/jonathan-brito/python-projects/airflow/venv/lib/python3.12/site-packages/airflow/example_dags/tutorial_taskflow_templates.py
[2025-04-21T21:24:24.279-0300] {processor.py:925} INFO - DAG(s) 'tutorial_taskflow_templates' retrieved from /home/jonathan-brito/python-projects/airflow/venv/lib/python3.12/site-packages/airflow/example_dags/tutorial_taskflow_templates.py
[2025-04-21T21:24:24.297-0300] {logging_mixin.py:190} INFO - [2025-04-21T21:24:24.296-0300] {dag.py:3239} INFO - Sync 1 DAGs
[2025-04-21T21:24:24.320-0300] {logging_mixin.py:190} INFO - [2025-04-21T21:24:24.320-0300] {dag.py:4180} INFO - Setting next_dagrun for tutorial_taskflow_templates to 2025-04-21 00:00:00+00:00, run_after=2025-04-22 00:00:00+00:00
[2025-04-21T21:24:24.354-0300] {processor.py:208} INFO - Processing /home/jonathan-brito/python-projects/airflow/venv/lib/python3.12/site-packages/airflow/example_dags/tutorial_taskflow_templates.py took 0.112 seconds
[2025-04-21T21:26:53.526-0300] {processor.py:186} INFO - Started process (PID=74201) to work on /home/jonathan-brito/python-projects/airflow/venv/lib/python3.12/site-packages/airflow/example_dags/tutorial_taskflow_templates.py
[2025-04-21T21:26:53.533-0300] {processor.py:914} INFO - Processing file /home/jonathan-brito/python-projects/airflow/venv/lib/python3.12/site-packages/airflow/example_dags/tutorial_taskflow_templates.py for tasks to queue
[2025-04-21T21:26:53.537-0300] {logging_mixin.py:190} INFO - [2025-04-21T21:26:53.536-0300] {dagbag.py:588} INFO - Filling up the DagBag from /home/jonathan-brito/python-projects/airflow/venv/lib/python3.12/site-packages/airflow/example_dags/tutorial_taskflow_templates.py
[2025-04-21T21:26:53.559-0300] {processor.py:925} INFO - DAG(s) 'tutorial_taskflow_templates' retrieved from /home/jonathan-brito/python-projects/airflow/venv/lib/python3.12/site-packages/airflow/example_dags/tutorial_taskflow_templates.py
[2025-04-21T21:26:53.588-0300] {logging_mixin.py:190} INFO - [2025-04-21T21:26:53.588-0300] {dag.py:3239} INFO - Sync 1 DAGs
[2025-04-21T21:26:53.610-0300] {logging_mixin.py:190} INFO - [2025-04-21T21:26:53.610-0300] {dag.py:4180} INFO - Setting next_dagrun for tutorial_taskflow_templates to 2025-04-21 00:00:00+00:00, run_after=2025-04-22 00:00:00+00:00
[2025-04-21T21:26:53.642-0300] {processor.py:208} INFO - Processing /home/jonathan-brito/python-projects/airflow/venv/lib/python3.12/site-packages/airflow/example_dags/tutorial_taskflow_templates.py took 0.124 seconds
[2025-04-21T22:09:35.380-0300] {processor.py:186} INFO - Started process (PID=126912) to work on /home/jonathan-brito/python-projects/airflow/venv/lib/python3.12/site-packages/airflow/example_dags/tutorial_taskflow_templates.py
[2025-04-21T22:09:35.387-0300] {processor.py:914} INFO - Processing file /home/jonathan-brito/python-projects/airflow/venv/lib/python3.12/site-packages/airflow/example_dags/tutorial_taskflow_templates.py for tasks to queue
[2025-04-21T22:09:35.389-0300] {logging_mixin.py:190} INFO - [2025-04-21T22:09:35.388-0300] {dagbag.py:588} INFO - Filling up the DagBag from /home/jonathan-brito/python-projects/airflow/venv/lib/python3.12/site-packages/airflow/example_dags/tutorial_taskflow_templates.py
[2025-04-21T22:09:35.404-0300] {processor.py:925} INFO - DAG(s) 'tutorial_taskflow_templates' retrieved from /home/jonathan-brito/python-projects/airflow/venv/lib/python3.12/site-packages/airflow/example_dags/tutorial_taskflow_templates.py
[2025-04-21T22:09:35.429-0300] {logging_mixin.py:190} INFO - [2025-04-21T22:09:35.429-0300] {dag.py:3239} INFO - Sync 1 DAGs
[2025-04-21T22:09:35.448-0300] {logging_mixin.py:190} INFO - [2025-04-21T22:09:35.448-0300] {dag.py:4180} INFO - Setting next_dagrun for tutorial_taskflow_templates to 2025-04-21 00:00:00+00:00, run_after=2025-04-22 00:00:00+00:00
[2025-04-21T22:09:35.480-0300] {processor.py:208} INFO - Processing /home/jonathan-brito/python-projects/airflow/venv/lib/python3.12/site-packages/airflow/example_dags/tutorial_taskflow_templates.py took 0.109 seconds
[2025-04-21T22:10:39.377-0300] {processor.py:186} INFO - Started process (PID=127729) to work on /home/jonathan-brito/python-projects/airflow/venv/lib/python3.12/site-packages/airflow/example_dags/tutorial_taskflow_templates.py
[2025-04-21T22:10:39.384-0300] {processor.py:914} INFO - Processing file /home/jonathan-brito/python-projects/airflow/venv/lib/python3.12/site-packages/airflow/example_dags/tutorial_taskflow_templates.py for tasks to queue
[2025-04-21T22:10:39.386-0300] {logging_mixin.py:190} INFO - [2025-04-21T22:10:39.385-0300] {dagbag.py:588} INFO - Filling up the DagBag from /home/jonathan-brito/python-projects/airflow/venv/lib/python3.12/site-packages/airflow/example_dags/tutorial_taskflow_templates.py
[2025-04-21T22:10:39.400-0300] {processor.py:925} INFO - DAG(s) 'tutorial_taskflow_templates' retrieved from /home/jonathan-brito/python-projects/airflow/venv/lib/python3.12/site-packages/airflow/example_dags/tutorial_taskflow_templates.py
[2025-04-21T22:10:39.417-0300] {logging_mixin.py:190} INFO - [2025-04-21T22:10:39.417-0300] {dag.py:3239} INFO - Sync 1 DAGs
[2025-04-21T22:10:39.436-0300] {logging_mixin.py:190} INFO - [2025-04-21T22:10:39.436-0300] {dag.py:4180} INFO - Setting next_dagrun for tutorial_taskflow_templates to 2025-04-21 00:00:00+00:00, run_after=2025-04-22 00:00:00+00:00
[2025-04-21T22:10:39.471-0300] {processor.py:208} INFO - Processing /home/jonathan-brito/python-projects/airflow/venv/lib/python3.12/site-packages/airflow/example_dags/tutorial_taskflow_templates.py took 0.102 seconds
[2025-04-21T22:11:41.849-0300] {processor.py:186} INFO - Started process (PID=128586) to work on /home/jonathan-brito/python-projects/airflow/venv/lib/python3.12/site-packages/airflow/example_dags/tutorial_taskflow_templates.py
[2025-04-21T22:11:41.851-0300] {processor.py:914} INFO - Processing file /home/jonathan-brito/python-projects/airflow/venv/lib/python3.12/site-packages/airflow/example_dags/tutorial_taskflow_templates.py for tasks to queue
[2025-04-21T22:11:41.853-0300] {logging_mixin.py:190} INFO - [2025-04-21T22:11:41.852-0300] {dagbag.py:588} INFO - Filling up the DagBag from /home/jonathan-brito/python-projects/airflow/venv/lib/python3.12/site-packages/airflow/example_dags/tutorial_taskflow_templates.py
[2025-04-21T22:11:41.866-0300] {processor.py:925} INFO - DAG(s) 'tutorial_taskflow_templates' retrieved from /home/jonathan-brito/python-projects/airflow/venv/lib/python3.12/site-packages/airflow/example_dags/tutorial_taskflow_templates.py
[2025-04-21T22:11:41.891-0300] {logging_mixin.py:190} INFO - [2025-04-21T22:11:41.891-0300] {dag.py:3239} INFO - Sync 1 DAGs
[2025-04-21T22:11:41.910-0300] {logging_mixin.py:190} INFO - [2025-04-21T22:11:41.910-0300] {dag.py:4180} INFO - Setting next_dagrun for tutorial_taskflow_templates to 2025-04-21 00:00:00+00:00, run_after=2025-04-22 00:00:00+00:00
[2025-04-21T22:11:41.935-0300] {processor.py:208} INFO - Processing /home/jonathan-brito/python-projects/airflow/venv/lib/python3.12/site-packages/airflow/example_dags/tutorial_taskflow_templates.py took 0.098 seconds
[2025-04-21T22:12:43.939-0300] {processor.py:186} INFO - Started process (PID=129267) to work on /home/jonathan-brito/python-projects/airflow/venv/lib/python3.12/site-packages/airflow/example_dags/tutorial_taskflow_templates.py
[2025-04-21T22:12:43.945-0300] {processor.py:914} INFO - Processing file /home/jonathan-brito/python-projects/airflow/venv/lib/python3.12/site-packages/airflow/example_dags/tutorial_taskflow_templates.py for tasks to queue
[2025-04-21T22:12:43.947-0300] {logging_mixin.py:190} INFO - [2025-04-21T22:12:43.946-0300] {dagbag.py:588} INFO - Filling up the DagBag from /home/jonathan-brito/python-projects/airflow/venv/lib/python3.12/site-packages/airflow/example_dags/tutorial_taskflow_templates.py
[2025-04-21T22:12:43.963-0300] {processor.py:925} INFO - DAG(s) 'tutorial_taskflow_templates' retrieved from /home/jonathan-brito/python-projects/airflow/venv/lib/python3.12/site-packages/airflow/example_dags/tutorial_taskflow_templates.py
[2025-04-21T22:12:43.982-0300] {logging_mixin.py:190} INFO - [2025-04-21T22:12:43.982-0300] {dag.py:3239} INFO - Sync 1 DAGs
[2025-04-21T22:12:44.001-0300] {logging_mixin.py:190} INFO - [2025-04-21T22:12:44.001-0300] {dag.py:4180} INFO - Setting next_dagrun for tutorial_taskflow_templates to 2025-04-21 00:00:00+00:00, run_after=2025-04-22 00:00:00+00:00
[2025-04-21T22:12:44.033-0300] {processor.py:208} INFO - Processing /home/jonathan-brito/python-projects/airflow/venv/lib/python3.12/site-packages/airflow/example_dags/tutorial_taskflow_templates.py took 0.100 seconds
[2025-04-21T22:13:49.612-0300] {processor.py:186} INFO - Started process (PID=130051) to work on /home/jonathan-brito/python-projects/airflow/venv/lib/python3.12/site-packages/airflow/example_dags/tutorial_taskflow_templates.py
[2025-04-21T22:13:49.620-0300] {processor.py:914} INFO - Processing file /home/jonathan-brito/python-projects/airflow/venv/lib/python3.12/site-packages/airflow/example_dags/tutorial_taskflow_templates.py for tasks to queue
[2025-04-21T22:13:49.621-0300] {logging_mixin.py:190} INFO - [2025-04-21T22:13:49.620-0300] {dagbag.py:588} INFO - Filling up the DagBag from /home/jonathan-brito/python-projects/airflow/venv/lib/python3.12/site-packages/airflow/example_dags/tutorial_taskflow_templates.py
[2025-04-21T22:13:49.634-0300] {processor.py:925} INFO - DAG(s) 'tutorial_taskflow_templates' retrieved from /home/jonathan-brito/python-projects/airflow/venv/lib/python3.12/site-packages/airflow/example_dags/tutorial_taskflow_templates.py
[2025-04-21T22:13:49.652-0300] {logging_mixin.py:190} INFO - [2025-04-21T22:13:49.651-0300] {dag.py:3239} INFO - Sync 1 DAGs
[2025-04-21T22:13:49.672-0300] {logging_mixin.py:190} INFO - [2025-04-21T22:13:49.672-0300] {dag.py:4180} INFO - Setting next_dagrun for tutorial_taskflow_templates to 2025-04-21 00:00:00+00:00, run_after=2025-04-22 00:00:00+00:00
[2025-04-21T22:13:49.696-0300] {processor.py:208} INFO - Processing /home/jonathan-brito/python-projects/airflow/venv/lib/python3.12/site-packages/airflow/example_dags/tutorial_taskflow_templates.py took 0.090 seconds
[2025-04-21T22:14:52.288-0300] {processor.py:186} INFO - Started process (PID=130726) to work on /home/jonathan-brito/python-projects/airflow/venv/lib/python3.12/site-packages/airflow/example_dags/tutorial_taskflow_templates.py
[2025-04-21T22:14:52.291-0300] {processor.py:914} INFO - Processing file /home/jonathan-brito/python-projects/airflow/venv/lib/python3.12/site-packages/airflow/example_dags/tutorial_taskflow_templates.py for tasks to queue
[2025-04-21T22:14:52.293-0300] {logging_mixin.py:190} INFO - [2025-04-21T22:14:52.292-0300] {dagbag.py:588} INFO - Filling up the DagBag from /home/jonathan-brito/python-projects/airflow/venv/lib/python3.12/site-packages/airflow/example_dags/tutorial_taskflow_templates.py
[2025-04-21T22:14:52.312-0300] {processor.py:925} INFO - DAG(s) 'tutorial_taskflow_templates' retrieved from /home/jonathan-brito/python-projects/airflow/venv/lib/python3.12/site-packages/airflow/example_dags/tutorial_taskflow_templates.py
[2025-04-21T22:14:52.333-0300] {logging_mixin.py:190} INFO - [2025-04-21T22:14:52.333-0300] {dag.py:3239} INFO - Sync 1 DAGs
[2025-04-21T22:14:52.353-0300] {logging_mixin.py:190} INFO - [2025-04-21T22:14:52.353-0300] {dag.py:4180} INFO - Setting next_dagrun for tutorial_taskflow_templates to 2025-04-21 00:00:00+00:00, run_after=2025-04-22 00:00:00+00:00
[2025-04-21T22:14:52.383-0300] {processor.py:208} INFO - Processing /home/jonathan-brito/python-projects/airflow/venv/lib/python3.12/site-packages/airflow/example_dags/tutorial_taskflow_templates.py took 0.106 seconds
[2025-04-21T22:15:52.797-0300] {processor.py:186} INFO - Started process (PID=131361) to work on /home/jonathan-brito/python-projects/airflow/venv/lib/python3.12/site-packages/airflow/example_dags/tutorial_taskflow_templates.py
[2025-04-21T22:15:52.804-0300] {processor.py:914} INFO - Processing file /home/jonathan-brito/python-projects/airflow/venv/lib/python3.12/site-packages/airflow/example_dags/tutorial_taskflow_templates.py for tasks to queue
[2025-04-21T22:15:52.806-0300] {logging_mixin.py:190} INFO - [2025-04-21T22:15:52.805-0300] {dagbag.py:588} INFO - Filling up the DagBag from /home/jonathan-brito/python-projects/airflow/venv/lib/python3.12/site-packages/airflow/example_dags/tutorial_taskflow_templates.py
[2025-04-21T22:15:52.818-0300] {processor.py:925} INFO - DAG(s) 'tutorial_taskflow_templates' retrieved from /home/jonathan-brito/python-projects/airflow/venv/lib/python3.12/site-packages/airflow/example_dags/tutorial_taskflow_templates.py
[2025-04-21T22:15:52.837-0300] {logging_mixin.py:190} INFO - [2025-04-21T22:15:52.836-0300] {dag.py:3239} INFO - Sync 1 DAGs
[2025-04-21T22:15:52.860-0300] {logging_mixin.py:190} INFO - [2025-04-21T22:15:52.860-0300] {dag.py:4180} INFO - Setting next_dagrun for tutorial_taskflow_templates to 2025-04-21 00:00:00+00:00, run_after=2025-04-22 00:00:00+00:00
[2025-04-21T22:15:52.895-0300] {processor.py:208} INFO - Processing /home/jonathan-brito/python-projects/airflow/venv/lib/python3.12/site-packages/airflow/example_dags/tutorial_taskflow_templates.py took 0.105 seconds
[2025-04-21T22:16:56.146-0300] {processor.py:186} INFO - Started process (PID=132008) to work on /home/jonathan-brito/python-projects/airflow/venv/lib/python3.12/site-packages/airflow/example_dags/tutorial_taskflow_templates.py
[2025-04-21T22:16:56.153-0300] {processor.py:914} INFO - Processing file /home/jonathan-brito/python-projects/airflow/venv/lib/python3.12/site-packages/airflow/example_dags/tutorial_taskflow_templates.py for tasks to queue
[2025-04-21T22:16:56.155-0300] {logging_mixin.py:190} INFO - [2025-04-21T22:16:56.154-0300] {dagbag.py:588} INFO - Filling up the DagBag from /home/jonathan-brito/python-projects/airflow/venv/lib/python3.12/site-packages/airflow/example_dags/tutorial_taskflow_templates.py
[2025-04-21T22:16:56.167-0300] {processor.py:925} INFO - DAG(s) 'tutorial_taskflow_templates' retrieved from /home/jonathan-brito/python-projects/airflow/venv/lib/python3.12/site-packages/airflow/example_dags/tutorial_taskflow_templates.py
[2025-04-21T22:16:56.187-0300] {logging_mixin.py:190} INFO - [2025-04-21T22:16:56.186-0300] {dag.py:3239} INFO - Sync 1 DAGs
[2025-04-21T22:16:56.209-0300] {logging_mixin.py:190} INFO - [2025-04-21T22:16:56.209-0300] {dag.py:4180} INFO - Setting next_dagrun for tutorial_taskflow_templates to 2025-04-21 00:00:00+00:00, run_after=2025-04-22 00:00:00+00:00
[2025-04-21T22:16:56.240-0300] {processor.py:208} INFO - Processing /home/jonathan-brito/python-projects/airflow/venv/lib/python3.12/site-packages/airflow/example_dags/tutorial_taskflow_templates.py took 0.101 seconds
[2025-04-21T22:17:58.699-0300] {processor.py:186} INFO - Started process (PID=132660) to work on /home/jonathan-brito/python-projects/airflow/venv/lib/python3.12/site-packages/airflow/example_dags/tutorial_taskflow_templates.py
[2025-04-21T22:17:58.706-0300] {processor.py:914} INFO - Processing file /home/jonathan-brito/python-projects/airflow/venv/lib/python3.12/site-packages/airflow/example_dags/tutorial_taskflow_templates.py for tasks to queue
[2025-04-21T22:17:58.708-0300] {logging_mixin.py:190} INFO - [2025-04-21T22:17:58.707-0300] {dagbag.py:588} INFO - Filling up the DagBag from /home/jonathan-brito/python-projects/airflow/venv/lib/python3.12/site-packages/airflow/example_dags/tutorial_taskflow_templates.py
[2025-04-21T22:17:58.723-0300] {processor.py:925} INFO - DAG(s) 'tutorial_taskflow_templates' retrieved from /home/jonathan-brito/python-projects/airflow/venv/lib/python3.12/site-packages/airflow/example_dags/tutorial_taskflow_templates.py
[2025-04-21T22:17:58.742-0300] {logging_mixin.py:190} INFO - [2025-04-21T22:17:58.742-0300] {dag.py:3239} INFO - Sync 1 DAGs
[2025-04-21T22:17:58.761-0300] {logging_mixin.py:190} INFO - [2025-04-21T22:17:58.761-0300] {dag.py:4180} INFO - Setting next_dagrun for tutorial_taskflow_templates to 2025-04-21 00:00:00+00:00, run_after=2025-04-22 00:00:00+00:00
[2025-04-21T22:17:58.793-0300] {processor.py:208} INFO - Processing /home/jonathan-brito/python-projects/airflow/venv/lib/python3.12/site-packages/airflow/example_dags/tutorial_taskflow_templates.py took 0.102 seconds
[2025-04-21T22:19:02.318-0300] {processor.py:186} INFO - Started process (PID=133301) to work on /home/jonathan-brito/python-projects/airflow/venv/lib/python3.12/site-packages/airflow/example_dags/tutorial_taskflow_templates.py
[2025-04-21T22:19:02.325-0300] {processor.py:914} INFO - Processing file /home/jonathan-brito/python-projects/airflow/venv/lib/python3.12/site-packages/airflow/example_dags/tutorial_taskflow_templates.py for tasks to queue
[2025-04-21T22:19:02.326-0300] {logging_mixin.py:190} INFO - [2025-04-21T22:19:02.326-0300] {dagbag.py:588} INFO - Filling up the DagBag from /home/jonathan-brito/python-projects/airflow/venv/lib/python3.12/site-packages/airflow/example_dags/tutorial_taskflow_templates.py
[2025-04-21T22:19:02.338-0300] {processor.py:925} INFO - DAG(s) 'tutorial_taskflow_templates' retrieved from /home/jonathan-brito/python-projects/airflow/venv/lib/python3.12/site-packages/airflow/example_dags/tutorial_taskflow_templates.py
[2025-04-21T22:19:02.355-0300] {logging_mixin.py:190} INFO - [2025-04-21T22:19:02.354-0300] {dag.py:3239} INFO - Sync 1 DAGs
[2025-04-21T22:19:02.373-0300] {logging_mixin.py:190} INFO - [2025-04-21T22:19:02.373-0300] {dag.py:4180} INFO - Setting next_dagrun for tutorial_taskflow_templates to 2025-04-21 00:00:00+00:00, run_after=2025-04-22 00:00:00+00:00
[2025-04-21T22:19:02.400-0300] {processor.py:208} INFO - Processing /home/jonathan-brito/python-projects/airflow/venv/lib/python3.12/site-packages/airflow/example_dags/tutorial_taskflow_templates.py took 0.088 seconds
[2025-04-21T22:20:07.409-0300] {processor.py:186} INFO - Started process (PID=134034) to work on /home/jonathan-brito/python-projects/airflow/venv/lib/python3.12/site-packages/airflow/example_dags/tutorial_taskflow_templates.py
[2025-04-21T22:20:07.412-0300] {processor.py:914} INFO - Processing file /home/jonathan-brito/python-projects/airflow/venv/lib/python3.12/site-packages/airflow/example_dags/tutorial_taskflow_templates.py for tasks to queue
[2025-04-21T22:20:07.414-0300] {logging_mixin.py:190} INFO - [2025-04-21T22:20:07.414-0300] {dagbag.py:588} INFO - Filling up the DagBag from /home/jonathan-brito/python-projects/airflow/venv/lib/python3.12/site-packages/airflow/example_dags/tutorial_taskflow_templates.py
[2025-04-21T22:20:07.432-0300] {processor.py:925} INFO - DAG(s) 'tutorial_taskflow_templates' retrieved from /home/jonathan-brito/python-projects/airflow/venv/lib/python3.12/site-packages/airflow/example_dags/tutorial_taskflow_templates.py
[2025-04-21T22:20:07.453-0300] {logging_mixin.py:190} INFO - [2025-04-21T22:20:07.453-0300] {dag.py:3239} INFO - Sync 1 DAGs
[2025-04-21T22:20:07.485-0300] {logging_mixin.py:190} INFO - [2025-04-21T22:20:07.485-0300] {dag.py:4180} INFO - Setting next_dagrun for tutorial_taskflow_templates to 2025-04-21 00:00:00+00:00, run_after=2025-04-22 00:00:00+00:00
[2025-04-21T22:20:07.519-0300] {processor.py:208} INFO - Processing /home/jonathan-brito/python-projects/airflow/venv/lib/python3.12/site-packages/airflow/example_dags/tutorial_taskflow_templates.py took 0.119 seconds
[2025-04-22T10:23:59.491-0300] {processor.py:186} INFO - Started process (PID=10549) to work on /home/jonathan-brito/python-projects/airflow/venv/lib/python3.12/site-packages/airflow/example_dags/tutorial_taskflow_templates.py
[2025-04-22T10:23:59.493-0300] {processor.py:914} INFO - Processing file /home/jonathan-brito/python-projects/airflow/venv/lib/python3.12/site-packages/airflow/example_dags/tutorial_taskflow_templates.py for tasks to queue
[2025-04-22T10:23:59.496-0300] {logging_mixin.py:190} INFO - [2025-04-22T10:23:59.496-0300] {dagbag.py:588} INFO - Filling up the DagBag from /home/jonathan-brito/python-projects/airflow/venv/lib/python3.12/site-packages/airflow/example_dags/tutorial_taskflow_templates.py
[2025-04-22T10:23:59.516-0300] {processor.py:925} INFO - DAG(s) 'tutorial_taskflow_templates' retrieved from /home/jonathan-brito/python-projects/airflow/venv/lib/python3.12/site-packages/airflow/example_dags/tutorial_taskflow_templates.py
[2025-04-22T10:23:59.551-0300] {logging_mixin.py:190} INFO - [2025-04-22T10:23:59.550-0300] {dag.py:3239} INFO - Sync 1 DAGs
[2025-04-22T10:23:59.584-0300] {logging_mixin.py:190} INFO - [2025-04-22T10:23:59.584-0300] {dag.py:4180} INFO - Setting next_dagrun for tutorial_taskflow_templates to 2025-04-21 00:00:00+00:00, run_after=2025-04-22 00:00:00+00:00
[2025-04-22T10:23:59.623-0300] {processor.py:208} INFO - Processing /home/jonathan-brito/python-projects/airflow/venv/lib/python3.12/site-packages/airflow/example_dags/tutorial_taskflow_templates.py took 0.141 seconds
[2025-04-22T10:25:14.280-0300] {processor.py:186} INFO - Started process (PID=11790) to work on /home/jonathan-brito/python-projects/airflow/venv/lib/python3.12/site-packages/airflow/example_dags/tutorial_taskflow_templates.py
[2025-04-22T10:25:14.287-0300] {processor.py:914} INFO - Processing file /home/jonathan-brito/python-projects/airflow/venv/lib/python3.12/site-packages/airflow/example_dags/tutorial_taskflow_templates.py for tasks to queue
[2025-04-22T10:25:14.289-0300] {logging_mixin.py:190} INFO - [2025-04-22T10:25:14.288-0300] {dagbag.py:588} INFO - Filling up the DagBag from /home/jonathan-brito/python-projects/airflow/venv/lib/python3.12/site-packages/airflow/example_dags/tutorial_taskflow_templates.py
[2025-04-22T10:25:14.305-0300] {processor.py:925} INFO - DAG(s) 'tutorial_taskflow_templates' retrieved from /home/jonathan-brito/python-projects/airflow/venv/lib/python3.12/site-packages/airflow/example_dags/tutorial_taskflow_templates.py
[2025-04-22T10:25:14.322-0300] {logging_mixin.py:190} INFO - [2025-04-22T10:25:14.322-0300] {dag.py:3239} INFO - Sync 1 DAGs
[2025-04-22T10:25:14.343-0300] {logging_mixin.py:190} INFO - [2025-04-22T10:25:14.343-0300] {dag.py:4180} INFO - Setting next_dagrun for tutorial_taskflow_templates to 2025-04-21 00:00:00+00:00, run_after=2025-04-22 00:00:00+00:00
[2025-04-22T10:25:14.369-0300] {processor.py:208} INFO - Processing /home/jonathan-brito/python-projects/airflow/venv/lib/python3.12/site-packages/airflow/example_dags/tutorial_taskflow_templates.py took 0.095 seconds
[2025-04-22T10:27:23.216-0300] {processor.py:186} INFO - Started process (PID=13664) to work on /home/jonathan-brito/python-projects/airflow/venv/lib/python3.12/site-packages/airflow/example_dags/tutorial_taskflow_templates.py
[2025-04-22T10:27:23.225-0300] {processor.py:914} INFO - Processing file /home/jonathan-brito/python-projects/airflow/venv/lib/python3.12/site-packages/airflow/example_dags/tutorial_taskflow_templates.py for tasks to queue
[2025-04-22T10:27:23.230-0300] {logging_mixin.py:190} INFO - [2025-04-22T10:27:23.229-0300] {dagbag.py:588} INFO - Filling up the DagBag from /home/jonathan-brito/python-projects/airflow/venv/lib/python3.12/site-packages/airflow/example_dags/tutorial_taskflow_templates.py
[2025-04-22T10:27:23.253-0300] {processor.py:925} INFO - DAG(s) 'tutorial_taskflow_templates' retrieved from /home/jonathan-brito/python-projects/airflow/venv/lib/python3.12/site-packages/airflow/example_dags/tutorial_taskflow_templates.py
[2025-04-22T10:27:23.280-0300] {logging_mixin.py:190} INFO - [2025-04-22T10:27:23.280-0300] {dag.py:3239} INFO - Sync 1 DAGs
[2025-04-22T10:27:23.305-0300] {logging_mixin.py:190} INFO - [2025-04-22T10:27:23.304-0300] {dag.py:4180} INFO - Setting next_dagrun for tutorial_taskflow_templates to 2025-04-21 00:00:00+00:00, run_after=2025-04-22 00:00:00+00:00
[2025-04-22T10:27:23.336-0300] {processor.py:208} INFO - Processing /home/jonathan-brito/python-projects/airflow/venv/lib/python3.12/site-packages/airflow/example_dags/tutorial_taskflow_templates.py took 0.146 seconds
[2025-04-22T10:29:05.796-0300] {processor.py:186} INFO - Started process (PID=15422) to work on /home/jonathan-brito/python-projects/airflow/venv/lib/python3.12/site-packages/airflow/example_dags/tutorial_taskflow_templates.py
[2025-04-22T10:29:05.798-0300] {processor.py:914} INFO - Processing file /home/jonathan-brito/python-projects/airflow/venv/lib/python3.12/site-packages/airflow/example_dags/tutorial_taskflow_templates.py for tasks to queue
[2025-04-22T10:29:05.801-0300] {logging_mixin.py:190} INFO - [2025-04-22T10:29:05.800-0300] {dagbag.py:588} INFO - Filling up the DagBag from /home/jonathan-brito/python-projects/airflow/venv/lib/python3.12/site-packages/airflow/example_dags/tutorial_taskflow_templates.py
[2025-04-22T10:29:05.820-0300] {processor.py:925} INFO - DAG(s) 'tutorial_taskflow_templates' retrieved from /home/jonathan-brito/python-projects/airflow/venv/lib/python3.12/site-packages/airflow/example_dags/tutorial_taskflow_templates.py
[2025-04-22T10:29:05.840-0300] {logging_mixin.py:190} INFO - [2025-04-22T10:29:05.840-0300] {dag.py:3239} INFO - Sync 1 DAGs
[2025-04-22T10:29:05.879-0300] {logging_mixin.py:190} INFO - [2025-04-22T10:29:05.879-0300] {dag.py:4180} INFO - Setting next_dagrun for tutorial_taskflow_templates to 2025-04-21 00:00:00+00:00, run_after=2025-04-22 00:00:00+00:00
[2025-04-22T10:29:05.909-0300] {processor.py:208} INFO - Processing /home/jonathan-brito/python-projects/airflow/venv/lib/python3.12/site-packages/airflow/example_dags/tutorial_taskflow_templates.py took 0.121 seconds
[2025-04-22T10:30:15.457-0300] {processor.py:186} INFO - Started process (PID=16043) to work on /home/jonathan-brito/python-projects/airflow/venv/lib/python3.12/site-packages/airflow/example_dags/tutorial_taskflow_templates.py
[2025-04-22T10:30:15.464-0300] {processor.py:914} INFO - Processing file /home/jonathan-brito/python-projects/airflow/venv/lib/python3.12/site-packages/airflow/example_dags/tutorial_taskflow_templates.py for tasks to queue
[2025-04-22T10:30:15.466-0300] {logging_mixin.py:190} INFO - [2025-04-22T10:30:15.466-0300] {dagbag.py:588} INFO - Filling up the DagBag from /home/jonathan-brito/python-projects/airflow/venv/lib/python3.12/site-packages/airflow/example_dags/tutorial_taskflow_templates.py
[2025-04-22T10:30:15.482-0300] {processor.py:925} INFO - DAG(s) 'tutorial_taskflow_templates' retrieved from /home/jonathan-brito/python-projects/airflow/venv/lib/python3.12/site-packages/airflow/example_dags/tutorial_taskflow_templates.py
[2025-04-22T10:30:15.503-0300] {logging_mixin.py:190} INFO - [2025-04-22T10:30:15.503-0300] {dag.py:3239} INFO - Sync 1 DAGs
[2025-04-22T10:30:15.527-0300] {logging_mixin.py:190} INFO - [2025-04-22T10:30:15.527-0300] {dag.py:4180} INFO - Setting next_dagrun for tutorial_taskflow_templates to 2025-04-21 00:00:00+00:00, run_after=2025-04-22 00:00:00+00:00
[2025-04-22T10:30:15.555-0300] {processor.py:208} INFO - Processing /home/jonathan-brito/python-projects/airflow/venv/lib/python3.12/site-packages/airflow/example_dags/tutorial_taskflow_templates.py took 0.104 seconds
[2025-04-22T10:31:01.445-0300] {processor.py:186} INFO - Started process (PID=16511) to work on /home/jonathan-brito/python-projects/airflow/venv/lib/python3.12/site-packages/airflow/example_dags/tutorial_taskflow_templates.py
[2025-04-22T10:31:01.447-0300] {processor.py:914} INFO - Processing file /home/jonathan-brito/python-projects/airflow/venv/lib/python3.12/site-packages/airflow/example_dags/tutorial_taskflow_templates.py for tasks to queue
[2025-04-22T10:31:01.450-0300] {logging_mixin.py:190} INFO - [2025-04-22T10:31:01.450-0300] {dagbag.py:588} INFO - Filling up the DagBag from /home/jonathan-brito/python-projects/airflow/venv/lib/python3.12/site-packages/airflow/example_dags/tutorial_taskflow_templates.py
[2025-04-22T10:31:01.475-0300] {processor.py:925} INFO - DAG(s) 'tutorial_taskflow_templates' retrieved from /home/jonathan-brito/python-projects/airflow/venv/lib/python3.12/site-packages/airflow/example_dags/tutorial_taskflow_templates.py
[2025-04-22T10:31:01.501-0300] {logging_mixin.py:190} INFO - [2025-04-22T10:31:01.501-0300] {dag.py:3239} INFO - Sync 1 DAGs
[2025-04-22T10:31:01.524-0300] {logging_mixin.py:190} INFO - [2025-04-22T10:31:01.523-0300] {dag.py:4180} INFO - Setting next_dagrun for tutorial_taskflow_templates to 2025-04-21 00:00:00+00:00, run_after=2025-04-22 00:00:00+00:00
[2025-04-22T10:31:01.551-0300] {processor.py:208} INFO - Processing /home/jonathan-brito/python-projects/airflow/venv/lib/python3.12/site-packages/airflow/example_dags/tutorial_taskflow_templates.py took 0.117 seconds
[2025-04-22T11:07:50.628-0300] {processor.py:186} INFO - Started process (PID=49489) to work on /home/jonathan-brito/python-projects/airflow/venv/lib/python3.12/site-packages/airflow/example_dags/tutorial_taskflow_templates.py
[2025-04-22T11:07:50.635-0300] {processor.py:914} INFO - Processing file /home/jonathan-brito/python-projects/airflow/venv/lib/python3.12/site-packages/airflow/example_dags/tutorial_taskflow_templates.py for tasks to queue
[2025-04-22T11:07:50.636-0300] {logging_mixin.py:190} INFO - [2025-04-22T11:07:50.636-0300] {dagbag.py:588} INFO - Filling up the DagBag from /home/jonathan-brito/python-projects/airflow/venv/lib/python3.12/site-packages/airflow/example_dags/tutorial_taskflow_templates.py
[2025-04-22T11:07:50.659-0300] {processor.py:925} INFO - DAG(s) 'tutorial_taskflow_templates' retrieved from /home/jonathan-brito/python-projects/airflow/venv/lib/python3.12/site-packages/airflow/example_dags/tutorial_taskflow_templates.py
[2025-04-22T11:07:50.683-0300] {logging_mixin.py:190} INFO - [2025-04-22T11:07:50.683-0300] {dag.py:3239} INFO - Sync 1 DAGs
[2025-04-22T11:07:50.703-0300] {logging_mixin.py:190} INFO - [2025-04-22T11:07:50.703-0300] {dag.py:4180} INFO - Setting next_dagrun for tutorial_taskflow_templates to 2025-04-21 00:00:00+00:00, run_after=2025-04-22 00:00:00+00:00
[2025-04-22T11:07:50.728-0300] {processor.py:208} INFO - Processing /home/jonathan-brito/python-projects/airflow/venv/lib/python3.12/site-packages/airflow/example_dags/tutorial_taskflow_templates.py took 0.106 seconds
[2025-04-22T11:08:51.765-0300] {processor.py:186} INFO - Started process (PID=49870) to work on /home/jonathan-brito/python-projects/airflow/venv/lib/python3.12/site-packages/airflow/example_dags/tutorial_taskflow_templates.py
[2025-04-22T11:08:51.772-0300] {processor.py:914} INFO - Processing file /home/jonathan-brito/python-projects/airflow/venv/lib/python3.12/site-packages/airflow/example_dags/tutorial_taskflow_templates.py for tasks to queue
[2025-04-22T11:08:51.773-0300] {logging_mixin.py:190} INFO - [2025-04-22T11:08:51.773-0300] {dagbag.py:588} INFO - Filling up the DagBag from /home/jonathan-brito/python-projects/airflow/venv/lib/python3.12/site-packages/airflow/example_dags/tutorial_taskflow_templates.py
[2025-04-22T11:08:51.787-0300] {processor.py:925} INFO - DAG(s) 'tutorial_taskflow_templates' retrieved from /home/jonathan-brito/python-projects/airflow/venv/lib/python3.12/site-packages/airflow/example_dags/tutorial_taskflow_templates.py
[2025-04-22T11:08:51.803-0300] {logging_mixin.py:190} INFO - [2025-04-22T11:08:51.803-0300] {dag.py:3239} INFO - Sync 1 DAGs
[2025-04-22T11:08:51.823-0300] {logging_mixin.py:190} INFO - [2025-04-22T11:08:51.822-0300] {dag.py:4180} INFO - Setting next_dagrun for tutorial_taskflow_templates to 2025-04-21 00:00:00+00:00, run_after=2025-04-22 00:00:00+00:00
[2025-04-22T11:08:51.849-0300] {processor.py:208} INFO - Processing /home/jonathan-brito/python-projects/airflow/venv/lib/python3.12/site-packages/airflow/example_dags/tutorial_taskflow_templates.py took 0.090 seconds
[2025-04-22T11:09:49.210-0300] {processor.py:186} INFO - Started process (PID=50327) to work on /home/jonathan-brito/python-projects/airflow/venv/lib/python3.12/site-packages/airflow/example_dags/tutorial_taskflow_templates.py
[2025-04-22T11:09:49.218-0300] {processor.py:914} INFO - Processing file /home/jonathan-brito/python-projects/airflow/venv/lib/python3.12/site-packages/airflow/example_dags/tutorial_taskflow_templates.py for tasks to queue
[2025-04-22T11:09:49.220-0300] {logging_mixin.py:190} INFO - [2025-04-22T11:09:49.220-0300] {dagbag.py:588} INFO - Filling up the DagBag from /home/jonathan-brito/python-projects/airflow/venv/lib/python3.12/site-packages/airflow/example_dags/tutorial_taskflow_templates.py
[2025-04-22T11:09:49.236-0300] {processor.py:925} INFO - DAG(s) 'tutorial_taskflow_templates' retrieved from /home/jonathan-brito/python-projects/airflow/venv/lib/python3.12/site-packages/airflow/example_dags/tutorial_taskflow_templates.py
[2025-04-22T11:09:49.254-0300] {logging_mixin.py:190} INFO - [2025-04-22T11:09:49.253-0300] {dag.py:3239} INFO - Sync 1 DAGs
[2025-04-22T11:09:49.275-0300] {logging_mixin.py:190} INFO - [2025-04-22T11:09:49.275-0300] {dag.py:4180} INFO - Setting next_dagrun for tutorial_taskflow_templates to 2025-04-21 00:00:00+00:00, run_after=2025-04-22 00:00:00+00:00
[2025-04-22T11:09:49.304-0300] {processor.py:208} INFO - Processing /home/jonathan-brito/python-projects/airflow/venv/lib/python3.12/site-packages/airflow/example_dags/tutorial_taskflow_templates.py took 0.107 seconds
[2025-04-22T11:10:51.764-0300] {processor.py:186} INFO - Started process (PID=50794) to work on /home/jonathan-brito/python-projects/airflow/venv/lib/python3.12/site-packages/airflow/example_dags/tutorial_taskflow_templates.py
[2025-04-22T11:10:51.771-0300] {processor.py:914} INFO - Processing file /home/jonathan-brito/python-projects/airflow/venv/lib/python3.12/site-packages/airflow/example_dags/tutorial_taskflow_templates.py for tasks to queue
[2025-04-22T11:10:51.773-0300] {logging_mixin.py:190} INFO - [2025-04-22T11:10:51.772-0300] {dagbag.py:588} INFO - Filling up the DagBag from /home/jonathan-brito/python-projects/airflow/venv/lib/python3.12/site-packages/airflow/example_dags/tutorial_taskflow_templates.py
[2025-04-22T11:10:51.785-0300] {processor.py:925} INFO - DAG(s) 'tutorial_taskflow_templates' retrieved from /home/jonathan-brito/python-projects/airflow/venv/lib/python3.12/site-packages/airflow/example_dags/tutorial_taskflow_templates.py
[2025-04-22T11:10:51.802-0300] {logging_mixin.py:190} INFO - [2025-04-22T11:10:51.802-0300] {dag.py:3239} INFO - Sync 1 DAGs
[2025-04-22T11:10:51.822-0300] {logging_mixin.py:190} INFO - [2025-04-22T11:10:51.822-0300] {dag.py:4180} INFO - Setting next_dagrun for tutorial_taskflow_templates to 2025-04-21 00:00:00+00:00, run_after=2025-04-22 00:00:00+00:00
[2025-04-22T11:10:51.850-0300] {processor.py:208} INFO - Processing /home/jonathan-brito/python-projects/airflow/venv/lib/python3.12/site-packages/airflow/example_dags/tutorial_taskflow_templates.py took 0.092 seconds
