[2025-04-21T21:23:24.482-0300] {processor.py:186} INFO - Started process (PID=70431) to work on /home/jonathan-brito/python-projects/airflow/venv/lib/python3.12/site-packages/airflow/example_dags/tutorial_taskflow_api.py
[2025-04-21T21:23:24.483-0300] {processor.py:914} INFO - Processing file /home/jonathan-brito/python-projects/airflow/venv/lib/python3.12/site-packages/airflow/example_dags/tutorial_taskflow_api.py for tasks to queue
[2025-04-21T21:23:24.485-0300] {logging_mixin.py:190} INFO - [2025-04-21T21:23:24.485-0300] {dagbag.py:588} INFO - Filling up the DagBag from /home/jonathan-brito/python-projects/airflow/venv/lib/python3.12/site-packages/airflow/example_dags/tutorial_taskflow_api.py
[2025-04-21T21:23:24.498-0300] {processor.py:925} INFO - DAG(s) 'tutorial_taskflow_api' retrieved from /home/jonathan-brito/python-projects/airflow/venv/lib/python3.12/site-packages/airflow/example_dags/tutorial_taskflow_api.py
[2025-04-21T21:23:24.520-0300] {logging_mixin.py:190} INFO - [2025-04-21T21:23:24.520-0300] {dag.py:3239} INFO - Sync 1 DAGs
[2025-04-21T21:23:24.533-0300] {logging_mixin.py:190} INFO - [2025-04-21T21:23:24.533-0300] {dag.py:4180} INFO - Setting next_dagrun for tutorial_taskflow_api to None, run_after=None
[2025-04-21T21:23:24.565-0300] {processor.py:208} INFO - Processing /home/jonathan-brito/python-projects/airflow/venv/lib/python3.12/site-packages/airflow/example_dags/tutorial_taskflow_api.py took 0.088 seconds
[2025-04-21T21:24:29.519-0300] {processor.py:186} INFO - Started process (PID=71106) to work on /home/jonathan-brito/python-projects/airflow/venv/lib/python3.12/site-packages/airflow/example_dags/tutorial_taskflow_api.py
[2025-04-21T21:24:29.527-0300] {processor.py:914} INFO - Processing file /home/jonathan-brito/python-projects/airflow/venv/lib/python3.12/site-packages/airflow/example_dags/tutorial_taskflow_api.py for tasks to queue
[2025-04-21T21:24:29.531-0300] {logging_mixin.py:190} INFO - [2025-04-21T21:24:29.530-0300] {dagbag.py:588} INFO - Filling up the DagBag from /home/jonathan-brito/python-projects/airflow/venv/lib/python3.12/site-packages/airflow/example_dags/tutorial_taskflow_api.py
[2025-04-21T21:24:29.540-0300] {processor.py:925} INFO - DAG(s) 'tutorial_taskflow_api' retrieved from /home/jonathan-brito/python-projects/airflow/venv/lib/python3.12/site-packages/airflow/example_dags/tutorial_taskflow_api.py
[2025-04-21T21:24:29.559-0300] {logging_mixin.py:190} INFO - [2025-04-21T21:24:29.558-0300] {dag.py:3239} INFO - Sync 1 DAGs
[2025-04-21T21:24:29.576-0300] {logging_mixin.py:190} INFO - [2025-04-21T21:24:29.576-0300] {dag.py:4180} INFO - Setting next_dagrun for tutorial_taskflow_api to None, run_after=None
[2025-04-21T21:24:29.613-0300] {processor.py:208} INFO - Processing /home/jonathan-brito/python-projects/airflow/venv/lib/python3.12/site-packages/airflow/example_dags/tutorial_taskflow_api.py took 0.103 seconds
[2025-04-21T21:27:00.239-0300] {processor.py:186} INFO - Started process (PID=74334) to work on /home/jonathan-brito/python-projects/airflow/venv/lib/python3.12/site-packages/airflow/example_dags/tutorial_taskflow_api.py
[2025-04-21T21:27:00.247-0300] {processor.py:914} INFO - Processing file /home/jonathan-brito/python-projects/airflow/venv/lib/python3.12/site-packages/airflow/example_dags/tutorial_taskflow_api.py for tasks to queue
[2025-04-21T21:27:00.250-0300] {logging_mixin.py:190} INFO - [2025-04-21T21:27:00.249-0300] {dagbag.py:588} INFO - Filling up the DagBag from /home/jonathan-brito/python-projects/airflow/venv/lib/python3.12/site-packages/airflow/example_dags/tutorial_taskflow_api.py
[2025-04-21T21:27:00.273-0300] {processor.py:925} INFO - DAG(s) 'tutorial_taskflow_api' retrieved from /home/jonathan-brito/python-projects/airflow/venv/lib/python3.12/site-packages/airflow/example_dags/tutorial_taskflow_api.py
[2025-04-21T21:27:00.312-0300] {logging_mixin.py:190} INFO - [2025-04-21T21:27:00.312-0300] {dag.py:3239} INFO - Sync 1 DAGs
[2025-04-21T21:27:00.330-0300] {logging_mixin.py:190} INFO - [2025-04-21T21:27:00.330-0300] {dag.py:4180} INFO - Setting next_dagrun for tutorial_taskflow_api to None, run_after=None
[2025-04-21T21:27:00.364-0300] {processor.py:208} INFO - Processing /home/jonathan-brito/python-projects/airflow/venv/lib/python3.12/site-packages/airflow/example_dags/tutorial_taskflow_api.py took 0.139 seconds
[2025-04-21T22:09:41.486-0300] {processor.py:186} INFO - Started process (PID=127000) to work on /home/jonathan-brito/python-projects/airflow/venv/lib/python3.12/site-packages/airflow/example_dags/tutorial_taskflow_api.py
[2025-04-21T22:09:41.493-0300] {processor.py:914} INFO - Processing file /home/jonathan-brito/python-projects/airflow/venv/lib/python3.12/site-packages/airflow/example_dags/tutorial_taskflow_api.py for tasks to queue
[2025-04-21T22:09:41.495-0300] {logging_mixin.py:190} INFO - [2025-04-21T22:09:41.494-0300] {dagbag.py:588} INFO - Filling up the DagBag from /home/jonathan-brito/python-projects/airflow/venv/lib/python3.12/site-packages/airflow/example_dags/tutorial_taskflow_api.py
[2025-04-21T22:09:41.506-0300] {processor.py:925} INFO - DAG(s) 'tutorial_taskflow_api' retrieved from /home/jonathan-brito/python-projects/airflow/venv/lib/python3.12/site-packages/airflow/example_dags/tutorial_taskflow_api.py
[2025-04-21T22:09:41.531-0300] {logging_mixin.py:190} INFO - [2025-04-21T22:09:41.531-0300] {dag.py:3239} INFO - Sync 1 DAGs
[2025-04-21T22:09:41.543-0300] {logging_mixin.py:190} INFO - [2025-04-21T22:09:41.543-0300] {dag.py:4180} INFO - Setting next_dagrun for tutorial_taskflow_api to None, run_after=None
[2025-04-21T22:09:41.574-0300] {processor.py:208} INFO - Processing /home/jonathan-brito/python-projects/airflow/venv/lib/python3.12/site-packages/airflow/example_dags/tutorial_taskflow_api.py took 0.098 seconds
[2025-04-21T22:10:44.938-0300] {processor.py:186} INFO - Started process (PID=127869) to work on /home/jonathan-brito/python-projects/airflow/venv/lib/python3.12/site-packages/airflow/example_dags/tutorial_taskflow_api.py
[2025-04-21T22:10:44.939-0300] {processor.py:914} INFO - Processing file /home/jonathan-brito/python-projects/airflow/venv/lib/python3.12/site-packages/airflow/example_dags/tutorial_taskflow_api.py for tasks to queue
[2025-04-21T22:10:44.940-0300] {logging_mixin.py:190} INFO - [2025-04-21T22:10:44.940-0300] {dagbag.py:588} INFO - Filling up the DagBag from /home/jonathan-brito/python-projects/airflow/venv/lib/python3.12/site-packages/airflow/example_dags/tutorial_taskflow_api.py
[2025-04-21T22:10:44.949-0300] {processor.py:925} INFO - DAG(s) 'tutorial_taskflow_api' retrieved from /home/jonathan-brito/python-projects/airflow/venv/lib/python3.12/site-packages/airflow/example_dags/tutorial_taskflow_api.py
[2025-04-21T22:10:44.965-0300] {logging_mixin.py:190} INFO - [2025-04-21T22:10:44.965-0300] {dag.py:3239} INFO - Sync 1 DAGs
[2025-04-21T22:10:44.977-0300] {logging_mixin.py:190} INFO - [2025-04-21T22:10:44.977-0300] {dag.py:4180} INFO - Setting next_dagrun for tutorial_taskflow_api to None, run_after=None
[2025-04-21T22:10:45.003-0300] {processor.py:208} INFO - Processing /home/jonathan-brito/python-projects/airflow/venv/lib/python3.12/site-packages/airflow/example_dags/tutorial_taskflow_api.py took 0.072 seconds
[2025-04-21T22:11:46.708-0300] {processor.py:186} INFO - Started process (PID=128623) to work on /home/jonathan-brito/python-projects/airflow/venv/lib/python3.12/site-packages/airflow/example_dags/tutorial_taskflow_api.py
[2025-04-21T22:11:46.715-0300] {processor.py:914} INFO - Processing file /home/jonathan-brito/python-projects/airflow/venv/lib/python3.12/site-packages/airflow/example_dags/tutorial_taskflow_api.py for tasks to queue
[2025-04-21T22:11:46.716-0300] {logging_mixin.py:190} INFO - [2025-04-21T22:11:46.716-0300] {dagbag.py:588} INFO - Filling up the DagBag from /home/jonathan-brito/python-projects/airflow/venv/lib/python3.12/site-packages/airflow/example_dags/tutorial_taskflow_api.py
[2025-04-21T22:11:46.723-0300] {processor.py:925} INFO - DAG(s) 'tutorial_taskflow_api' retrieved from /home/jonathan-brito/python-projects/airflow/venv/lib/python3.12/site-packages/airflow/example_dags/tutorial_taskflow_api.py
[2025-04-21T22:11:46.739-0300] {logging_mixin.py:190} INFO - [2025-04-21T22:11:46.739-0300] {dag.py:3239} INFO - Sync 1 DAGs
[2025-04-21T22:11:46.751-0300] {logging_mixin.py:190} INFO - [2025-04-21T22:11:46.751-0300] {dag.py:4180} INFO - Setting next_dagrun for tutorial_taskflow_api to None, run_after=None
[2025-04-21T22:11:46.773-0300] {processor.py:208} INFO - Processing /home/jonathan-brito/python-projects/airflow/venv/lib/python3.12/site-packages/airflow/example_dags/tutorial_taskflow_api.py took 0.072 seconds
[2025-04-21T22:12:48.949-0300] {processor.py:186} INFO - Started process (PID=129305) to work on /home/jonathan-brito/python-projects/airflow/venv/lib/python3.12/site-packages/airflow/example_dags/tutorial_taskflow_api.py
[2025-04-21T22:12:48.951-0300] {processor.py:914} INFO - Processing file /home/jonathan-brito/python-projects/airflow/venv/lib/python3.12/site-packages/airflow/example_dags/tutorial_taskflow_api.py for tasks to queue
[2025-04-21T22:12:48.952-0300] {logging_mixin.py:190} INFO - [2025-04-21T22:12:48.952-0300] {dagbag.py:588} INFO - Filling up the DagBag from /home/jonathan-brito/python-projects/airflow/venv/lib/python3.12/site-packages/airflow/example_dags/tutorial_taskflow_api.py
[2025-04-21T22:12:48.963-0300] {processor.py:925} INFO - DAG(s) 'tutorial_taskflow_api' retrieved from /home/jonathan-brito/python-projects/airflow/venv/lib/python3.12/site-packages/airflow/example_dags/tutorial_taskflow_api.py
[2025-04-21T22:12:48.987-0300] {logging_mixin.py:190} INFO - [2025-04-21T22:12:48.987-0300] {dag.py:3239} INFO - Sync 1 DAGs
[2025-04-21T22:12:49.005-0300] {logging_mixin.py:190} INFO - [2025-04-21T22:12:49.005-0300] {dag.py:4180} INFO - Setting next_dagrun for tutorial_taskflow_api to None, run_after=None
[2025-04-21T22:12:49.039-0300] {processor.py:208} INFO - Processing /home/jonathan-brito/python-projects/airflow/venv/lib/python3.12/site-packages/airflow/example_dags/tutorial_taskflow_api.py took 0.100 seconds
[2025-04-21T22:13:54.137-0300] {processor.py:186} INFO - Started process (PID=130089) to work on /home/jonathan-brito/python-projects/airflow/venv/lib/python3.12/site-packages/airflow/example_dags/tutorial_taskflow_api.py
[2025-04-21T22:13:54.144-0300] {processor.py:914} INFO - Processing file /home/jonathan-brito/python-projects/airflow/venv/lib/python3.12/site-packages/airflow/example_dags/tutorial_taskflow_api.py for tasks to queue
[2025-04-21T22:13:54.146-0300] {logging_mixin.py:190} INFO - [2025-04-21T22:13:54.145-0300] {dagbag.py:588} INFO - Filling up the DagBag from /home/jonathan-brito/python-projects/airflow/venv/lib/python3.12/site-packages/airflow/example_dags/tutorial_taskflow_api.py
[2025-04-21T22:13:54.155-0300] {processor.py:925} INFO - DAG(s) 'tutorial_taskflow_api' retrieved from /home/jonathan-brito/python-projects/airflow/venv/lib/python3.12/site-packages/airflow/example_dags/tutorial_taskflow_api.py
[2025-04-21T22:13:54.174-0300] {logging_mixin.py:190} INFO - [2025-04-21T22:13:54.174-0300] {dag.py:3239} INFO - Sync 1 DAGs
[2025-04-21T22:13:54.186-0300] {logging_mixin.py:190} INFO - [2025-04-21T22:13:54.185-0300] {dag.py:4180} INFO - Setting next_dagrun for tutorial_taskflow_api to None, run_after=None
[2025-04-21T22:13:54.208-0300] {processor.py:208} INFO - Processing /home/jonathan-brito/python-projects/airflow/venv/lib/python3.12/site-packages/airflow/example_dags/tutorial_taskflow_api.py took 0.079 seconds
[2025-04-21T22:14:57.545-0300] {processor.py:186} INFO - Started process (PID=130779) to work on /home/jonathan-brito/python-projects/airflow/venv/lib/python3.12/site-packages/airflow/example_dags/tutorial_taskflow_api.py
[2025-04-21T22:14:57.552-0300] {processor.py:914} INFO - Processing file /home/jonathan-brito/python-projects/airflow/venv/lib/python3.12/site-packages/airflow/example_dags/tutorial_taskflow_api.py for tasks to queue
[2025-04-21T22:14:57.554-0300] {logging_mixin.py:190} INFO - [2025-04-21T22:14:57.553-0300] {dagbag.py:588} INFO - Filling up the DagBag from /home/jonathan-brito/python-projects/airflow/venv/lib/python3.12/site-packages/airflow/example_dags/tutorial_taskflow_api.py
[2025-04-21T22:14:57.564-0300] {processor.py:925} INFO - DAG(s) 'tutorial_taskflow_api' retrieved from /home/jonathan-brito/python-projects/airflow/venv/lib/python3.12/site-packages/airflow/example_dags/tutorial_taskflow_api.py
[2025-04-21T22:14:57.584-0300] {logging_mixin.py:190} INFO - [2025-04-21T22:14:57.584-0300] {dag.py:3239} INFO - Sync 1 DAGs
[2025-04-21T22:14:57.596-0300] {logging_mixin.py:190} INFO - [2025-04-21T22:14:57.596-0300] {dag.py:4180} INFO - Setting next_dagrun for tutorial_taskflow_api to None, run_after=None
[2025-04-21T22:14:57.623-0300] {processor.py:208} INFO - Processing /home/jonathan-brito/python-projects/airflow/venv/lib/python3.12/site-packages/airflow/example_dags/tutorial_taskflow_api.py took 0.087 seconds
[2025-04-21T22:15:58.123-0300] {processor.py:186} INFO - Started process (PID=131414) to work on /home/jonathan-brito/python-projects/airflow/venv/lib/python3.12/site-packages/airflow/example_dags/tutorial_taskflow_api.py
[2025-04-21T22:15:58.130-0300] {processor.py:914} INFO - Processing file /home/jonathan-brito/python-projects/airflow/venv/lib/python3.12/site-packages/airflow/example_dags/tutorial_taskflow_api.py for tasks to queue
[2025-04-21T22:15:58.131-0300] {logging_mixin.py:190} INFO - [2025-04-21T22:15:58.131-0300] {dagbag.py:588} INFO - Filling up the DagBag from /home/jonathan-brito/python-projects/airflow/venv/lib/python3.12/site-packages/airflow/example_dags/tutorial_taskflow_api.py
[2025-04-21T22:15:58.140-0300] {processor.py:925} INFO - DAG(s) 'tutorial_taskflow_api' retrieved from /home/jonathan-brito/python-projects/airflow/venv/lib/python3.12/site-packages/airflow/example_dags/tutorial_taskflow_api.py
[2025-04-21T22:15:58.160-0300] {logging_mixin.py:190} INFO - [2025-04-21T22:15:58.160-0300] {dag.py:3239} INFO - Sync 1 DAGs
[2025-04-21T22:15:58.175-0300] {logging_mixin.py:190} INFO - [2025-04-21T22:15:58.175-0300] {dag.py:4180} INFO - Setting next_dagrun for tutorial_taskflow_api to None, run_after=None
[2025-04-21T22:15:58.199-0300] {processor.py:208} INFO - Processing /home/jonathan-brito/python-projects/airflow/venv/lib/python3.12/site-packages/airflow/example_dags/tutorial_taskflow_api.py took 0.089 seconds
[2025-04-21T22:17:01.928-0300] {processor.py:186} INFO - Started process (PID=132064) to work on /home/jonathan-brito/python-projects/airflow/venv/lib/python3.12/site-packages/airflow/example_dags/tutorial_taskflow_api.py
[2025-04-21T22:17:01.936-0300] {processor.py:914} INFO - Processing file /home/jonathan-brito/python-projects/airflow/venv/lib/python3.12/site-packages/airflow/example_dags/tutorial_taskflow_api.py for tasks to queue
[2025-04-21T22:17:01.942-0300] {logging_mixin.py:190} INFO - [2025-04-21T22:17:01.940-0300] {dagbag.py:588} INFO - Filling up the DagBag from /home/jonathan-brito/python-projects/airflow/venv/lib/python3.12/site-packages/airflow/example_dags/tutorial_taskflow_api.py
[2025-04-21T22:17:01.968-0300] {processor.py:925} INFO - DAG(s) 'tutorial_taskflow_api' retrieved from /home/jonathan-brito/python-projects/airflow/venv/lib/python3.12/site-packages/airflow/example_dags/tutorial_taskflow_api.py
[2025-04-21T22:17:01.999-0300] {logging_mixin.py:190} INFO - [2025-04-21T22:17:01.998-0300] {dag.py:3239} INFO - Sync 1 DAGs
[2025-04-21T22:17:02.014-0300] {logging_mixin.py:190} INFO - [2025-04-21T22:17:02.013-0300] {dag.py:4180} INFO - Setting next_dagrun for tutorial_taskflow_api to None, run_after=None
[2025-04-21T22:17:02.047-0300] {processor.py:208} INFO - Processing /home/jonathan-brito/python-projects/airflow/venv/lib/python3.12/site-packages/airflow/example_dags/tutorial_taskflow_api.py took 0.141 seconds
[2025-04-21T22:18:03.886-0300] {processor.py:186} INFO - Started process (PID=132713) to work on /home/jonathan-brito/python-projects/airflow/venv/lib/python3.12/site-packages/airflow/example_dags/tutorial_taskflow_api.py
[2025-04-21T22:18:03.893-0300] {processor.py:914} INFO - Processing file /home/jonathan-brito/python-projects/airflow/venv/lib/python3.12/site-packages/airflow/example_dags/tutorial_taskflow_api.py for tasks to queue
[2025-04-21T22:18:03.894-0300] {logging_mixin.py:190} INFO - [2025-04-21T22:18:03.894-0300] {dagbag.py:588} INFO - Filling up the DagBag from /home/jonathan-brito/python-projects/airflow/venv/lib/python3.12/site-packages/airflow/example_dags/tutorial_taskflow_api.py
[2025-04-21T22:18:03.901-0300] {processor.py:925} INFO - DAG(s) 'tutorial_taskflow_api' retrieved from /home/jonathan-brito/python-projects/airflow/venv/lib/python3.12/site-packages/airflow/example_dags/tutorial_taskflow_api.py
[2025-04-21T22:18:03.917-0300] {logging_mixin.py:190} INFO - [2025-04-21T22:18:03.917-0300] {dag.py:3239} INFO - Sync 1 DAGs
[2025-04-21T22:18:03.928-0300] {logging_mixin.py:190} INFO - [2025-04-21T22:18:03.928-0300] {dag.py:4180} INFO - Setting next_dagrun for tutorial_taskflow_api to None, run_after=None
[2025-04-21T22:18:03.954-0300] {processor.py:208} INFO - Processing /home/jonathan-brito/python-projects/airflow/venv/lib/python3.12/site-packages/airflow/example_dags/tutorial_taskflow_api.py took 0.074 seconds
[2025-04-21T22:19:07.756-0300] {processor.py:186} INFO - Started process (PID=133356) to work on /home/jonathan-brito/python-projects/airflow/venv/lib/python3.12/site-packages/airflow/example_dags/tutorial_taskflow_api.py
[2025-04-21T22:19:07.763-0300] {processor.py:914} INFO - Processing file /home/jonathan-brito/python-projects/airflow/venv/lib/python3.12/site-packages/airflow/example_dags/tutorial_taskflow_api.py for tasks to queue
[2025-04-21T22:19:07.764-0300] {logging_mixin.py:190} INFO - [2025-04-21T22:19:07.764-0300] {dagbag.py:588} INFO - Filling up the DagBag from /home/jonathan-brito/python-projects/airflow/venv/lib/python3.12/site-packages/airflow/example_dags/tutorial_taskflow_api.py
[2025-04-21T22:19:07.771-0300] {processor.py:925} INFO - DAG(s) 'tutorial_taskflow_api' retrieved from /home/jonathan-brito/python-projects/airflow/venv/lib/python3.12/site-packages/airflow/example_dags/tutorial_taskflow_api.py
[2025-04-21T22:19:07.787-0300] {logging_mixin.py:190} INFO - [2025-04-21T22:19:07.786-0300] {dag.py:3239} INFO - Sync 1 DAGs
[2025-04-21T22:19:07.798-0300] {logging_mixin.py:190} INFO - [2025-04-21T22:19:07.798-0300] {dag.py:4180} INFO - Setting next_dagrun for tutorial_taskflow_api to None, run_after=None
[2025-04-21T22:19:07.822-0300] {processor.py:208} INFO - Processing /home/jonathan-brito/python-projects/airflow/venv/lib/python3.12/site-packages/airflow/example_dags/tutorial_taskflow_api.py took 0.072 seconds
[2025-04-21T22:20:12.568-0300] {processor.py:186} INFO - Started process (PID=134088) to work on /home/jonathan-brito/python-projects/airflow/venv/lib/python3.12/site-packages/airflow/example_dags/tutorial_taskflow_api.py
[2025-04-21T22:20:12.569-0300] {processor.py:914} INFO - Processing file /home/jonathan-brito/python-projects/airflow/venv/lib/python3.12/site-packages/airflow/example_dags/tutorial_taskflow_api.py for tasks to queue
[2025-04-21T22:20:12.571-0300] {logging_mixin.py:190} INFO - [2025-04-21T22:20:12.570-0300] {dagbag.py:588} INFO - Filling up the DagBag from /home/jonathan-brito/python-projects/airflow/venv/lib/python3.12/site-packages/airflow/example_dags/tutorial_taskflow_api.py
[2025-04-21T22:20:12.580-0300] {processor.py:925} INFO - DAG(s) 'tutorial_taskflow_api' retrieved from /home/jonathan-brito/python-projects/airflow/venv/lib/python3.12/site-packages/airflow/example_dags/tutorial_taskflow_api.py
[2025-04-21T22:20:12.608-0300] {logging_mixin.py:190} INFO - [2025-04-21T22:20:12.608-0300] {dag.py:3239} INFO - Sync 1 DAGs
[2025-04-21T22:20:12.630-0300] {logging_mixin.py:190} INFO - [2025-04-21T22:20:12.630-0300] {dag.py:4180} INFO - Setting next_dagrun for tutorial_taskflow_api to None, run_after=None
[2025-04-21T22:20:12.667-0300] {processor.py:208} INFO - Processing /home/jonathan-brito/python-projects/airflow/venv/lib/python3.12/site-packages/airflow/example_dags/tutorial_taskflow_api.py took 0.107 seconds
[2025-04-22T10:24:04.786-0300] {processor.py:186} INFO - Started process (PID=10634) to work on /home/jonathan-brito/python-projects/airflow/venv/lib/python3.12/site-packages/airflow/example_dags/tutorial_taskflow_api.py
[2025-04-22T10:24:04.788-0300] {processor.py:914} INFO - Processing file /home/jonathan-brito/python-projects/airflow/venv/lib/python3.12/site-packages/airflow/example_dags/tutorial_taskflow_api.py for tasks to queue
[2025-04-22T10:24:04.790-0300] {logging_mixin.py:190} INFO - [2025-04-22T10:24:04.790-0300] {dagbag.py:588} INFO - Filling up the DagBag from /home/jonathan-brito/python-projects/airflow/venv/lib/python3.12/site-packages/airflow/example_dags/tutorial_taskflow_api.py
[2025-04-22T10:24:04.802-0300] {processor.py:925} INFO - DAG(s) 'tutorial_taskflow_api' retrieved from /home/jonathan-brito/python-projects/airflow/venv/lib/python3.12/site-packages/airflow/example_dags/tutorial_taskflow_api.py
[2025-04-22T10:24:04.830-0300] {logging_mixin.py:190} INFO - [2025-04-22T10:24:04.830-0300] {dag.py:3239} INFO - Sync 1 DAGs
[2025-04-22T10:24:04.844-0300] {logging_mixin.py:190} INFO - [2025-04-22T10:24:04.844-0300] {dag.py:4180} INFO - Setting next_dagrun for tutorial_taskflow_api to None, run_after=None
[2025-04-22T10:24:04.874-0300] {processor.py:208} INFO - Processing /home/jonathan-brito/python-projects/airflow/venv/lib/python3.12/site-packages/airflow/example_dags/tutorial_taskflow_api.py took 0.097 seconds
[2025-04-22T10:25:19.437-0300] {processor.py:186} INFO - Started process (PID=11847) to work on /home/jonathan-brito/python-projects/airflow/venv/lib/python3.12/site-packages/airflow/example_dags/tutorial_taskflow_api.py
[2025-04-22T10:25:19.444-0300] {processor.py:914} INFO - Processing file /home/jonathan-brito/python-projects/airflow/venv/lib/python3.12/site-packages/airflow/example_dags/tutorial_taskflow_api.py for tasks to queue
[2025-04-22T10:25:19.446-0300] {logging_mixin.py:190} INFO - [2025-04-22T10:25:19.446-0300] {dagbag.py:588} INFO - Filling up the DagBag from /home/jonathan-brito/python-projects/airflow/venv/lib/python3.12/site-packages/airflow/example_dags/tutorial_taskflow_api.py
[2025-04-22T10:25:19.456-0300] {processor.py:925} INFO - DAG(s) 'tutorial_taskflow_api' retrieved from /home/jonathan-brito/python-projects/airflow/venv/lib/python3.12/site-packages/airflow/example_dags/tutorial_taskflow_api.py
[2025-04-22T10:25:19.474-0300] {logging_mixin.py:190} INFO - [2025-04-22T10:25:19.473-0300] {dag.py:3239} INFO - Sync 1 DAGs
[2025-04-22T10:25:19.488-0300] {logging_mixin.py:190} INFO - [2025-04-22T10:25:19.488-0300] {dag.py:4180} INFO - Setting next_dagrun for tutorial_taskflow_api to None, run_after=None
[2025-04-22T10:25:19.513-0300] {processor.py:208} INFO - Processing /home/jonathan-brito/python-projects/airflow/venv/lib/python3.12/site-packages/airflow/example_dags/tutorial_taskflow_api.py took 0.083 seconds
[2025-04-22T10:27:28.498-0300] {processor.py:186} INFO - Started process (PID=13755) to work on /home/jonathan-brito/python-projects/airflow/venv/lib/python3.12/site-packages/airflow/example_dags/tutorial_taskflow_api.py
[2025-04-22T10:27:28.505-0300] {processor.py:914} INFO - Processing file /home/jonathan-brito/python-projects/airflow/venv/lib/python3.12/site-packages/airflow/example_dags/tutorial_taskflow_api.py for tasks to queue
[2025-04-22T10:27:28.514-0300] {logging_mixin.py:190} INFO - [2025-04-22T10:27:28.512-0300] {dagbag.py:588} INFO - Filling up the DagBag from /home/jonathan-brito/python-projects/airflow/venv/lib/python3.12/site-packages/airflow/example_dags/tutorial_taskflow_api.py
[2025-04-22T10:27:28.542-0300] {processor.py:925} INFO - DAG(s) 'tutorial_taskflow_api' retrieved from /home/jonathan-brito/python-projects/airflow/venv/lib/python3.12/site-packages/airflow/example_dags/tutorial_taskflow_api.py
[2025-04-22T10:27:28.583-0300] {logging_mixin.py:190} INFO - [2025-04-22T10:27:28.583-0300] {dag.py:3239} INFO - Sync 1 DAGs
[2025-04-22T10:27:28.601-0300] {logging_mixin.py:190} INFO - [2025-04-22T10:27:28.601-0300] {dag.py:4180} INFO - Setting next_dagrun for tutorial_taskflow_api to None, run_after=None
[2025-04-22T10:27:28.630-0300] {processor.py:208} INFO - Processing /home/jonathan-brito/python-projects/airflow/venv/lib/python3.12/site-packages/airflow/example_dags/tutorial_taskflow_api.py took 0.141 seconds
[2025-04-22T10:29:12.241-0300] {processor.py:186} INFO - Started process (PID=15548) to work on /home/jonathan-brito/python-projects/airflow/venv/lib/python3.12/site-packages/airflow/example_dags/tutorial_taskflow_api.py
[2025-04-22T10:29:12.243-0300] {processor.py:914} INFO - Processing file /home/jonathan-brito/python-projects/airflow/venv/lib/python3.12/site-packages/airflow/example_dags/tutorial_taskflow_api.py for tasks to queue
[2025-04-22T10:29:12.245-0300] {logging_mixin.py:190} INFO - [2025-04-22T10:29:12.245-0300] {dagbag.py:588} INFO - Filling up the DagBag from /home/jonathan-brito/python-projects/airflow/venv/lib/python3.12/site-packages/airflow/example_dags/tutorial_taskflow_api.py
[2025-04-22T10:29:12.257-0300] {processor.py:925} INFO - DAG(s) 'tutorial_taskflow_api' retrieved from /home/jonathan-brito/python-projects/airflow/venv/lib/python3.12/site-packages/airflow/example_dags/tutorial_taskflow_api.py
[2025-04-22T10:29:12.278-0300] {logging_mixin.py:190} INFO - [2025-04-22T10:29:12.278-0300] {dag.py:3239} INFO - Sync 1 DAGs
[2025-04-22T10:29:12.300-0300] {logging_mixin.py:190} INFO - [2025-04-22T10:29:12.300-0300] {dag.py:4180} INFO - Setting next_dagrun for tutorial_taskflow_api to None, run_after=None
[2025-04-22T10:29:12.340-0300] {processor.py:208} INFO - Processing /home/jonathan-brito/python-projects/airflow/venv/lib/python3.12/site-packages/airflow/example_dags/tutorial_taskflow_api.py took 0.106 seconds
[2025-04-22T10:31:06.667-0300] {processor.py:186} INFO - Started process (PID=16540) to work on /home/jonathan-brito/python-projects/airflow/venv/lib/python3.12/site-packages/airflow/example_dags/tutorial_taskflow_api.py
[2025-04-22T10:31:06.675-0300] {processor.py:914} INFO - Processing file /home/jonathan-brito/python-projects/airflow/venv/lib/python3.12/site-packages/airflow/example_dags/tutorial_taskflow_api.py for tasks to queue
[2025-04-22T10:31:06.681-0300] {logging_mixin.py:190} INFO - [2025-04-22T10:31:06.680-0300] {dagbag.py:588} INFO - Filling up the DagBag from /home/jonathan-brito/python-projects/airflow/venv/lib/python3.12/site-packages/airflow/example_dags/tutorial_taskflow_api.py
[2025-04-22T10:31:06.702-0300] {processor.py:925} INFO - DAG(s) 'tutorial_taskflow_api' retrieved from /home/jonathan-brito/python-projects/airflow/venv/lib/python3.12/site-packages/airflow/example_dags/tutorial_taskflow_api.py
[2025-04-22T10:31:06.727-0300] {logging_mixin.py:190} INFO - [2025-04-22T10:31:06.727-0300] {dag.py:3239} INFO - Sync 1 DAGs
[2025-04-22T10:31:06.742-0300] {logging_mixin.py:190} INFO - [2025-04-22T10:31:06.742-0300] {dag.py:4180} INFO - Setting next_dagrun for tutorial_taskflow_api to None, run_after=None
[2025-04-22T10:31:06.778-0300] {processor.py:208} INFO - Processing /home/jonathan-brito/python-projects/airflow/venv/lib/python3.12/site-packages/airflow/example_dags/tutorial_taskflow_api.py took 0.117 seconds
[2025-04-22T11:07:55.716-0300] {processor.py:186} INFO - Started process (PID=49535) to work on /home/jonathan-brito/python-projects/airflow/venv/lib/python3.12/site-packages/airflow/example_dags/tutorial_taskflow_api.py
[2025-04-22T11:07:55.723-0300] {processor.py:914} INFO - Processing file /home/jonathan-brito/python-projects/airflow/venv/lib/python3.12/site-packages/airflow/example_dags/tutorial_taskflow_api.py for tasks to queue
[2025-04-22T11:07:55.724-0300] {logging_mixin.py:190} INFO - [2025-04-22T11:07:55.724-0300] {dagbag.py:588} INFO - Filling up the DagBag from /home/jonathan-brito/python-projects/airflow/venv/lib/python3.12/site-packages/airflow/example_dags/tutorial_taskflow_api.py
[2025-04-22T11:07:55.731-0300] {processor.py:925} INFO - DAG(s) 'tutorial_taskflow_api' retrieved from /home/jonathan-brito/python-projects/airflow/venv/lib/python3.12/site-packages/airflow/example_dags/tutorial_taskflow_api.py
[2025-04-22T11:07:55.757-0300] {logging_mixin.py:190} INFO - [2025-04-22T11:07:55.756-0300] {dag.py:3239} INFO - Sync 1 DAGs
[2025-04-22T11:07:55.769-0300] {logging_mixin.py:190} INFO - [2025-04-22T11:07:55.769-0300] {dag.py:4180} INFO - Setting next_dagrun for tutorial_taskflow_api to None, run_after=None
[2025-04-22T11:07:55.794-0300] {processor.py:208} INFO - Processing /home/jonathan-brito/python-projects/airflow/venv/lib/python3.12/site-packages/airflow/example_dags/tutorial_taskflow_api.py took 0.084 seconds
[2025-04-22T11:08:55.734-0300] {processor.py:186} INFO - Started process (PID=49916) to work on /home/jonathan-brito/python-projects/airflow/venv/lib/python3.12/site-packages/airflow/example_dags/tutorial_taskflow_api.py
[2025-04-22T11:08:55.741-0300] {processor.py:914} INFO - Processing file /home/jonathan-brito/python-projects/airflow/venv/lib/python3.12/site-packages/airflow/example_dags/tutorial_taskflow_api.py for tasks to queue
[2025-04-22T11:08:55.742-0300] {logging_mixin.py:190} INFO - [2025-04-22T11:08:55.742-0300] {dagbag.py:588} INFO - Filling up the DagBag from /home/jonathan-brito/python-projects/airflow/venv/lib/python3.12/site-packages/airflow/example_dags/tutorial_taskflow_api.py
[2025-04-22T11:08:55.750-0300] {processor.py:925} INFO - DAG(s) 'tutorial_taskflow_api' retrieved from /home/jonathan-brito/python-projects/airflow/venv/lib/python3.12/site-packages/airflow/example_dags/tutorial_taskflow_api.py
[2025-04-22T11:08:55.767-0300] {logging_mixin.py:190} INFO - [2025-04-22T11:08:55.766-0300] {dag.py:3239} INFO - Sync 1 DAGs
[2025-04-22T11:08:55.779-0300] {logging_mixin.py:190} INFO - [2025-04-22T11:08:55.779-0300] {dag.py:4180} INFO - Setting next_dagrun for tutorial_taskflow_api to None, run_after=None
[2025-04-22T11:08:55.802-0300] {processor.py:208} INFO - Processing /home/jonathan-brito/python-projects/airflow/venv/lib/python3.12/site-packages/airflow/example_dags/tutorial_taskflow_api.py took 0.074 seconds
[2025-04-22T11:09:54.243-0300] {processor.py:186} INFO - Started process (PID=50421) to work on /home/jonathan-brito/python-projects/airflow/venv/lib/python3.12/site-packages/airflow/example_dags/tutorial_taskflow_api.py
[2025-04-22T11:09:54.245-0300] {processor.py:914} INFO - Processing file /home/jonathan-brito/python-projects/airflow/venv/lib/python3.12/site-packages/airflow/example_dags/tutorial_taskflow_api.py for tasks to queue
[2025-04-22T11:09:54.247-0300] {logging_mixin.py:190} INFO - [2025-04-22T11:09:54.246-0300] {dagbag.py:588} INFO - Filling up the DagBag from /home/jonathan-brito/python-projects/airflow/venv/lib/python3.12/site-packages/airflow/example_dags/tutorial_taskflow_api.py
[2025-04-22T11:09:54.258-0300] {processor.py:925} INFO - DAG(s) 'tutorial_taskflow_api' retrieved from /home/jonathan-brito/python-projects/airflow/venv/lib/python3.12/site-packages/airflow/example_dags/tutorial_taskflow_api.py
[2025-04-22T11:09:54.276-0300] {logging_mixin.py:190} INFO - [2025-04-22T11:09:54.276-0300] {dag.py:3239} INFO - Sync 1 DAGs
[2025-04-22T11:09:54.298-0300] {logging_mixin.py:190} INFO - [2025-04-22T11:09:54.298-0300] {dag.py:4180} INFO - Setting next_dagrun for tutorial_taskflow_api to None, run_after=None
[2025-04-22T11:09:54.329-0300] {processor.py:208} INFO - Processing /home/jonathan-brito/python-projects/airflow/venv/lib/python3.12/site-packages/airflow/example_dags/tutorial_taskflow_api.py took 0.095 seconds
[2025-04-22T11:10:56.915-0300] {processor.py:186} INFO - Started process (PID=50876) to work on /home/jonathan-brito/python-projects/airflow/venv/lib/python3.12/site-packages/airflow/example_dags/tutorial_taskflow_api.py
[2025-04-22T11:10:56.916-0300] {processor.py:914} INFO - Processing file /home/jonathan-brito/python-projects/airflow/venv/lib/python3.12/site-packages/airflow/example_dags/tutorial_taskflow_api.py for tasks to queue
[2025-04-22T11:10:56.917-0300] {logging_mixin.py:190} INFO - [2025-04-22T11:10:56.917-0300] {dagbag.py:588} INFO - Filling up the DagBag from /home/jonathan-brito/python-projects/airflow/venv/lib/python3.12/site-packages/airflow/example_dags/tutorial_taskflow_api.py
[2025-04-22T11:10:56.925-0300] {processor.py:925} INFO - DAG(s) 'tutorial_taskflow_api' retrieved from /home/jonathan-brito/python-projects/airflow/venv/lib/python3.12/site-packages/airflow/example_dags/tutorial_taskflow_api.py
[2025-04-22T11:10:56.943-0300] {logging_mixin.py:190} INFO - [2025-04-22T11:10:56.943-0300] {dag.py:3239} INFO - Sync 1 DAGs
[2025-04-22T11:10:56.957-0300] {logging_mixin.py:190} INFO - [2025-04-22T11:10:56.957-0300] {dag.py:4180} INFO - Setting next_dagrun for tutorial_taskflow_api to None, run_after=None
[2025-04-22T11:10:56.983-0300] {processor.py:208} INFO - Processing /home/jonathan-brito/python-projects/airflow/venv/lib/python3.12/site-packages/airflow/example_dags/tutorial_taskflow_api.py took 0.076 seconds
