[2025-04-25T12:23:56.654-0300] {local_task_job_runner.py:123} INFO - ::group::Pre task execution logs
[2025-04-25T12:23:56.759-0300] {taskinstance.py:2614} INFO - Dependencies all met for dep_context=non-requeueable deps ti=<TaskInstance: etl_datawarehouse.etl_Produtos manual__2025-04-25T00:00:00+00:00 [queued]>
[2025-04-25T12:23:56.768-0300] {taskinstance.py:2614} INFO - Dependencies all met for dep_context=requeueable deps ti=<TaskInstance: etl_datawarehouse.etl_Produtos manual__2025-04-25T00:00:00+00:00 [queued]>
[2025-04-25T12:23:56.768-0300] {taskinstance.py:2867} INFO - Starting attempt 2 of 4
[2025-04-25T12:23:56.792-0300] {taskinstance.py:2890} INFO - Executing <Task(PythonOperator): etl_Produtos> on 2025-04-25 00:00:00+00:00
[2025-04-25T12:23:56.799-0300] {standard_task_runner.py:72} INFO - Started process 77876 to run task
[2025-04-25T12:23:56.803-0300] {standard_task_runner.py:104} INFO - Running: ['airflow', 'tasks', 'run', 'etl_datawarehouse', 'etl_Produtos', 'manual__2025-04-25T00:00:00+00:00', '--job-id', '126', '--raw', '--subdir', 'DAGS_FOLDER/dag_etl.py', '--cfg-path', '/tmp/tmpucsa3n92']
[2025-04-25T12:23:56.804-0300] {standard_task_runner.py:105} INFO - Job 126: Subtask etl_Produtos
[2025-04-25T12:23:56.849-0300] {task_command.py:467} INFO - Running <TaskInstance: etl_datawarehouse.etl_Produtos manual__2025-04-25T00:00:00+00:00 [running]> on host jonathan-brito
[2025-04-25T12:23:56.914-0300] {taskinstance.py:3134} INFO - Exporting env vars: AIRFLOW_CTX_DAG_OWNER='Data Team' AIRFLOW_CTX_DAG_ID='etl_datawarehouse' AIRFLOW_CTX_TASK_ID='etl_Produtos' AIRFLOW_CTX_EXECUTION_DATE='2025-04-25T00:00:00+00:00' AIRFLOW_CTX_TRY_NUMBER='2' AIRFLOW_CTX_DAG_RUN_ID='manual__2025-04-25T00:00:00+00:00'
[2025-04-25T12:23:56.915-0300] {logging_mixin.py:190} INFO - Task instance is in running state
[2025-04-25T12:23:56.915-0300] {logging_mixin.py:190} INFO -  Previous state of the Task instance: queued
[2025-04-25T12:23:56.915-0300] {logging_mixin.py:190} INFO - Current task name:etl_Produtos state:running start_date:2025-04-25 15:23:56.759352+00:00
[2025-04-25T12:23:56.915-0300] {logging_mixin.py:190} INFO - Dag name:etl_datawarehouse and current dag run status:running
[2025-04-25T12:23:56.916-0300] {taskinstance.py:732} INFO - ::endgroup::
[2025-04-25T12:23:59.109-0300] {logging_mixin.py:190} INFO - Conexão com o PostgreSQL bem-sucedida - 2025-04-25 12:23:59.108955
[2025-04-25T12:24:43.754-0300] {logging_mixin.py:190} INFO - Enviados 100 registros (total: 100 de 1862)
[2025-04-25T12:25:14.314-0300] {logging_mixin.py:190} INFO - Enviados 100 registros (total: 200 de 1862)
[2025-04-25T12:25:43.552-0300] {logging_mixin.py:190} INFO - Enviados 100 registros (total: 300 de 1862)
[2025-04-25T12:26:10.108-0300] {logging_mixin.py:190} INFO - Enviados 100 registros (total: 400 de 1862)
[2025-04-25T12:26:30.450-0300] {logging_mixin.py:190} INFO - Enviados 100 registros (total: 500 de 1862)
[2025-04-25T12:26:49.977-0300] {logging_mixin.py:190} INFO - Enviados 100 registros (total: 600 de 1862)
[2025-04-25T12:27:11.064-0300] {logging_mixin.py:190} INFO - Enviados 100 registros (total: 700 de 1862)
[2025-04-25T12:27:36.945-0300] {logging_mixin.py:190} INFO - Enviados 100 registros (total: 800 de 1862)
[2025-04-25T12:27:58.553-0300] {logging_mixin.py:190} INFO - Enviados 100 registros (total: 900 de 1862)
[2025-04-25T12:28:21.440-0300] {logging_mixin.py:190} INFO - Enviados 100 registros (total: 1000 de 1862)
[2025-04-25T12:28:45.769-0300] {logging_mixin.py:190} INFO - Enviados 100 registros (total: 1100 de 1862)
[2025-04-25T12:29:12.223-0300] {logging_mixin.py:190} INFO - Enviados 100 registros (total: 1200 de 1862)
[2025-04-25T12:29:39.640-0300] {logging_mixin.py:190} INFO - Enviados 100 registros (total: 1300 de 1862)
[2025-04-25T12:30:09.033-0300] {logging_mixin.py:190} INFO - Enviados 100 registros (total: 1400 de 1862)
[2025-04-25T12:30:35.659-0300] {logging_mixin.py:190} INFO - Enviados 100 registros (total: 1500 de 1862)
[2025-04-25T12:31:01.984-0300] {logging_mixin.py:190} INFO - Enviados 100 registros (total: 1600 de 1862)
[2025-04-25T12:31:27.788-0300] {logging_mixin.py:190} INFO - Enviados 100 registros (total: 1700 de 1862)
[2025-04-25T12:31:56.418-0300] {logging_mixin.py:190} INFO - Enviados 100 registros (total: 1800 de 1862)
[2025-04-25T12:32:13.978-0300] {logging_mixin.py:190} INFO - Enviados 62 registros (total: 1900 de 1862)
[2025-04-25T12:32:14.001-0300] {logging_mixin.py:190} INFO - Product Dimension finalizada 2025-04-25 12:32:13.979116
[2025-04-25T12:32:14.002-0300] {python.py:240} INFO - Done. Returned value was: None
[2025-04-25T12:32:14.021-0300] {taskinstance.py:341} INFO - ::group::Post task execution logs
[2025-04-25T12:32:14.023-0300] {taskinstance.py:353} INFO - Marking task as SUCCESS. dag_id=etl_datawarehouse, task_id=etl_Produtos, run_id=manual__2025-04-25T00:00:00+00:00, execution_date=20250425T000000, start_date=20250425T152356, end_date=20250425T153214
[2025-04-25T12:32:14.079-0300] {logging_mixin.py:190} INFO - Task instance in success state
[2025-04-25T12:32:14.080-0300] {logging_mixin.py:190} INFO -  Previous state of the Task instance: running
[2025-04-25T12:32:14.081-0300] {logging_mixin.py:190} INFO - Dag name:etl_datawarehouse queued_at:2025-04-25 15:23:52.078945+00:00
[2025-04-25T12:32:14.083-0300] {logging_mixin.py:190} INFO - Task hostname:jonathan-brito operator:PythonOperator
[2025-04-25T12:32:14.124-0300] {local_task_job_runner.py:266} INFO - Task exited with return code 0
[2025-04-25T12:32:14.185-0300] {taskinstance.py:3901} INFO - 1 downstream tasks scheduled from follow-on schedule check
[2025-04-25T12:32:14.198-0300] {local_task_job_runner.py:245} INFO - ::endgroup::
