[2025-04-25T12:47:41.089-0300] {local_task_job_runner.py:123} INFO - ::group::Pre task execution logs
[2025-04-25T12:47:41.228-0300] {taskinstance.py:2614} INFO - Dependencies all met for dep_context=non-requeueable deps ti=<TaskInstance: etl_datawarehouse.etl_tempo_entrega manual__2025-04-25T00:00:00+00:00 [queued]>
[2025-04-25T12:47:41.236-0300] {taskinstance.py:2614} INFO - Dependencies all met for dep_context=requeueable deps ti=<TaskInstance: etl_datawarehouse.etl_tempo_entrega manual__2025-04-25T00:00:00+00:00 [queued]>
[2025-04-25T12:47:41.236-0300] {taskinstance.py:2867} INFO - Starting attempt 2 of 3
[2025-04-25T12:47:41.260-0300] {taskinstance.py:2890} INFO - Executing <Task(PythonOperator): etl_tempo_entrega> on 2025-04-25 00:00:00+00:00
[2025-04-25T12:47:41.265-0300] {standard_task_runner.py:72} INFO - Started process 101570 to run task
[2025-04-25T12:47:41.268-0300] {standard_task_runner.py:104} INFO - Running: ['airflow', 'tasks', 'run', 'etl_datawarehouse', 'etl_tempo_entrega', 'manual__2025-04-25T00:00:00+00:00', '--job-id', '130', '--raw', '--subdir', 'DAGS_FOLDER/dag_etl.py', '--cfg-path', '/tmp/tmpor1_43cc']
[2025-04-25T12:47:41.269-0300] {standard_task_runner.py:105} INFO - Job 130: Subtask etl_tempo_entrega
[2025-04-25T12:47:41.366-0300] {task_command.py:467} INFO - Running <TaskInstance: etl_datawarehouse.etl_tempo_entrega manual__2025-04-25T00:00:00+00:00 [running]> on host jonathan-brito
[2025-04-25T12:47:41.436-0300] {taskinstance.py:3134} INFO - Exporting env vars: AIRFLOW_CTX_DAG_OWNER='Data Team' AIRFLOW_CTX_DAG_ID='etl_datawarehouse' AIRFLOW_CTX_TASK_ID='etl_tempo_entrega' AIRFLOW_CTX_EXECUTION_DATE='2025-04-25T00:00:00+00:00' AIRFLOW_CTX_TRY_NUMBER='2' AIRFLOW_CTX_DAG_RUN_ID='manual__2025-04-25T00:00:00+00:00'
[2025-04-25T12:47:41.437-0300] {logging_mixin.py:190} INFO - Task instance is in running state
[2025-04-25T12:47:41.438-0300] {logging_mixin.py:190} INFO -  Previous state of the Task instance: queued
[2025-04-25T12:47:41.438-0300] {logging_mixin.py:190} INFO - Current task name:etl_tempo_entrega state:running start_date:2025-04-25 15:47:41.228454+00:00
[2025-04-25T12:47:41.439-0300] {logging_mixin.py:190} INFO - Dag name:etl_datawarehouse and current dag run status:running
[2025-04-25T12:47:41.439-0300] {taskinstance.py:732} INFO - ::endgroup::
[2025-04-25T12:47:43.796-0300] {logging_mixin.py:190} INFO - Conexão com o PostgreSQL bem-sucedida - 2025-04-25 12:47:43.796266
[2025-04-25T12:48:18.717-0300] {logging_mixin.py:190} INFO - Enviados 100 registros (total: 100 de 1334)
[2025-04-25T12:48:39.093-0300] {logging_mixin.py:190} INFO - Enviados 100 registros (total: 200 de 1334)
[2025-04-25T12:48:59.781-0300] {logging_mixin.py:190} INFO - Enviados 100 registros (total: 300 de 1334)
[2025-04-25T12:49:23.741-0300] {logging_mixin.py:190} INFO - Enviados 100 registros (total: 400 de 1334)
[2025-04-25T12:49:44.835-0300] {logging_mixin.py:190} INFO - Enviados 100 registros (total: 500 de 1334)
[2025-04-25T12:50:06.339-0300] {logging_mixin.py:190} INFO - Enviados 100 registros (total: 600 de 1334)
[2025-04-25T12:50:26.922-0300] {logging_mixin.py:190} INFO - Enviados 100 registros (total: 700 de 1334)
[2025-04-25T12:51:03.380-0300] {logging_mixin.py:190} INFO - Enviados 100 registros (total: 800 de 1334)
[2025-04-25T12:51:35.122-0300] {logging_mixin.py:190} INFO - Enviados 100 registros (total: 900 de 1334)
[2025-04-25T12:52:03.497-0300] {logging_mixin.py:190} INFO - Enviados 100 registros (total: 1000 de 1334)
[2025-04-25T12:52:24.186-0300] {logging_mixin.py:190} INFO - Enviados 100 registros (total: 1100 de 1334)
[2025-04-25T12:52:44.755-0300] {logging_mixin.py:190} INFO - Enviados 100 registros (total: 1200 de 1334)
[2025-04-25T12:53:06.160-0300] {logging_mixin.py:190} INFO - Enviados 100 registros (total: 1300 de 1334)
[2025-04-25T12:53:14.554-0300] {logging_mixin.py:190} INFO - Enviados 34 registros (total: 1400 de 1334)
[2025-04-25T12:53:14.579-0300] {logging_mixin.py:190} INFO - Timeship Dimension finalizada 2025-04-25 12:53:14.555346
[2025-04-25T12:53:14.581-0300] {python.py:240} INFO - Done. Returned value was: None
[2025-04-25T12:53:14.600-0300] {taskinstance.py:341} INFO - ::group::Post task execution logs
[2025-04-25T12:53:14.602-0300] {taskinstance.py:353} INFO - Marking task as SUCCESS. dag_id=etl_datawarehouse, task_id=etl_tempo_entrega, run_id=manual__2025-04-25T00:00:00+00:00, execution_date=20250425T000000, start_date=20250425T154741, end_date=20250425T155314
[2025-04-25T12:53:14.660-0300] {logging_mixin.py:190} INFO - Task instance in success state
[2025-04-25T12:53:14.661-0300] {logging_mixin.py:190} INFO -  Previous state of the Task instance: running
[2025-04-25T12:53:14.662-0300] {logging_mixin.py:190} INFO - Dag name:etl_datawarehouse queued_at:2025-04-25 15:23:52.078945+00:00
[2025-04-25T12:53:14.664-0300] {logging_mixin.py:190} INFO - Task hostname:jonathan-brito operator:PythonOperator
[2025-04-25T12:53:14.727-0300] {local_task_job_runner.py:266} INFO - Task exited with return code 0
[2025-04-25T12:53:14.760-0300] {taskinstance.py:3901} INFO - 1 downstream tasks scheduled from follow-on schedule check
[2025-04-25T12:53:14.776-0300] {local_task_job_runner.py:245} INFO - ::endgroup::
