[2025-04-21T20:24:30.318-0300] {local_task_job_runner.py:123} INFO - ::group::Pre task execution logs
[2025-04-21T20:24:30.411-0300] {taskinstance.py:2614} INFO - Dependencies all met for dep_context=non-requeueable deps ti=<TaskInstance: integracao_api.integracao_api manual__2025-04-21T23:24:21.261128+00:00 [queued]>
[2025-04-21T20:24:30.420-0300] {taskinstance.py:2614} INFO - Dependencies all met for dep_context=requeueable deps ti=<TaskInstance: integracao_api.integracao_api manual__2025-04-21T23:24:21.261128+00:00 [queued]>
[2025-04-21T20:24:30.421-0300] {taskinstance.py:2867} INFO - Starting attempt 1 of 3
[2025-04-21T20:24:30.448-0300] {taskinstance.py:2890} INFO - Executing <Task(PythonOperator): integracao_api> on 2025-04-21 23:24:21.261128+00:00
[2025-04-21T20:24:30.453-0300] {standard_task_runner.py:72} INFO - Started process 24431 to run task
[2025-04-21T20:24:30.456-0300] {standard_task_runner.py:104} INFO - Running: ['airflow', 'tasks', 'run', 'integracao_api', 'integracao_api', 'manual__2025-04-21T23:24:21.261128+00:00', '--job-id', '58', '--raw', '--subdir', 'DAGS_FOLDER/dag_integration.py', '--cfg-path', '/tmp/tmpxvjzbu6a']
[2025-04-21T20:24:30.457-0300] {standard_task_runner.py:105} INFO - Job 58: Subtask integracao_api
[2025-04-21T20:24:30.503-0300] {task_command.py:467} INFO - Running <TaskInstance: integracao_api.integracao_api manual__2025-04-21T23:24:21.261128+00:00 [running]> on host jonathan-brito
[2025-04-21T20:24:30.603-0300] {taskinstance.py:3134} INFO - Exporting env vars: AIRFLOW_CTX_DAG_OWNER='data_team' AIRFLOW_CTX_DAG_ID='integracao_api' AIRFLOW_CTX_TASK_ID='integracao_api' AIRFLOW_CTX_EXECUTION_DATE='2025-04-21T23:24:21.261128+00:00' AIRFLOW_CTX_TRY_NUMBER='1' AIRFLOW_CTX_DAG_RUN_ID='manual__2025-04-21T23:24:21.261128+00:00'
[2025-04-21T20:24:30.605-0300] {logging_mixin.py:190} INFO - Task instance is in running state
[2025-04-21T20:24:30.606-0300] {logging_mixin.py:190} INFO -  Previous state of the Task instance: queued
[2025-04-21T20:24:30.607-0300] {logging_mixin.py:190} INFO - Current task name:integracao_api state:running start_date:2025-04-21 23:24:30.412328+00:00
[2025-04-21T20:24:30.607-0300] {logging_mixin.py:190} INFO - Dag name:integracao_api and current dag run status:running
[2025-04-21T20:24:30.608-0300] {taskinstance.py:732} INFO - ::endgroup::
[2025-04-21T20:24:52.978-0300] {logging_mixin.py:190} INFO - Enviados 100 registros (total: 100)
[2025-04-21T20:25:15.432-0300] {logging_mixin.py:190} INFO - Enviados 100 registros (total: 200)
[2025-04-21T20:25:38.013-0300] {logging_mixin.py:190} INFO - Enviados 100 registros (total: 300)
[2025-04-21T20:25:59.459-0300] {logging_mixin.py:190} INFO - Enviados 100 registros (total: 400)
[2025-04-21T20:26:22.364-0300] {logging_mixin.py:190} INFO - Enviados 100 registros (total: 500)
[2025-04-21T20:26:45.596-0300] {logging_mixin.py:190} INFO - Enviados 100 registros (total: 600)
[2025-04-21T20:27:10.171-0300] {logging_mixin.py:190} INFO - Enviados 100 registros (total: 700)
[2025-04-21T20:27:34.340-0300] {logging_mixin.py:190} INFO - Enviados 100 registros (total: 800)
[2025-04-21T20:27:58.293-0300] {logging_mixin.py:190} INFO - Enviados 100 registros (total: 900)
[2025-04-21T20:28:21.755-0300] {logging_mixin.py:190} INFO - Enviados 100 registros (total: 1000)
[2025-04-21T20:28:44.069-0300] {logging_mixin.py:190} INFO - Enviados 100 registros (total: 1100)
[2025-04-21T20:29:07.944-0300] {logging_mixin.py:190} INFO - Enviados 100 registros (total: 1200)
[2025-04-21T20:29:31.894-0300] {logging_mixin.py:190} INFO - Enviados 100 registros (total: 1300)
[2025-04-21T20:29:56.195-0300] {logging_mixin.py:190} INFO - Enviados 100 registros (total: 1400)
[2025-04-21T20:30:19.409-0300] {logging_mixin.py:190} INFO - Enviados 100 registros (total: 1500)
[2025-04-21T20:30:42.961-0300] {logging_mixin.py:190} INFO - Enviados 100 registros (total: 1600)
[2025-04-21T20:31:05.597-0300] {logging_mixin.py:190} INFO - Enviados 100 registros (total: 1700)
[2025-04-21T20:31:30.272-0300] {logging_mixin.py:190} INFO - Enviados 100 registros (total: 1800)
[2025-04-21T20:31:53.307-0300] {logging_mixin.py:190} INFO - Enviados 100 registros (total: 1900)
[2025-04-21T20:32:16.946-0300] {logging_mixin.py:190} INFO - Enviados 100 registros (total: 2000)
[2025-04-21T20:32:41.234-0300] {logging_mixin.py:190} INFO - Enviados 100 registros (total: 2100)
[2025-04-21T20:33:04.063-0300] {logging_mixin.py:190} INFO - Enviados 100 registros (total: 2200)
[2025-04-21T20:33:28.429-0300] {logging_mixin.py:190} INFO - Enviados 100 registros (total: 2300)
[2025-04-21T20:33:52.488-0300] {logging_mixin.py:190} INFO - Enviados 100 registros (total: 2400)
[2025-04-21T20:34:15.037-0300] {logging_mixin.py:190} INFO - Enviados 100 registros (total: 2500)
[2025-04-21T20:34:36.684-0300] {local_task_job_runner.py:346} WARNING - State of this instance has been externally set to restarting. Terminating instance.
[2025-04-21T20:34:36.686-0300] {local_task_job_runner.py:245} INFO - ::endgroup::
[2025-04-21T20:34:36.708-0300] {process_utils.py:132} INFO - Sending 15 to group 24431. PIDs of all processes in the group: [24431]
[2025-04-21T20:34:36.709-0300] {process_utils.py:87} INFO - Sending the signal 15 to group 24431
[2025-04-21T20:34:36.709-0300] {taskinstance.py:3094} ERROR - Received SIGTERM. Terminating subprocesses.
[2025-04-21T20:34:36.713-0300] {taskinstance.py:3095} ERROR - Stacktrace: 
  File "/home/jonathan-brito/python-projects/airflow/venv/bin/airflow", line 8, in <module>
    sys.exit(main())
  File "/home/jonathan-brito/python-projects/airflow/venv/lib/python3.12/site-packages/airflow/__main__.py", line 62, in main
    args.func(args)
  File "/home/jonathan-brito/python-projects/airflow/venv/lib/python3.12/site-packages/airflow/cli/cli_config.py", line 49, in command
    return func(*args, **kwargs)
  File "/home/jonathan-brito/python-projects/airflow/venv/lib/python3.12/site-packages/airflow/utils/cli.py", line 116, in wrapper
    return f(*args, **kwargs)
  File "/home/jonathan-brito/python-projects/airflow/venv/lib/python3.12/site-packages/airflow/cli/commands/task_command.py", line 483, in task_run
    task_return_code = _run_task_by_selected_method(args, _dag, ti)
  File "/home/jonathan-brito/python-projects/airflow/venv/lib/python3.12/site-packages/airflow/cli/commands/task_command.py", line 254, in _run_task_by_selected_method
    return _run_task_by_local_task_job(args, ti)
  File "/home/jonathan-brito/python-projects/airflow/venv/lib/python3.12/site-packages/airflow/cli/commands/task_command.py", line 322, in _run_task_by_local_task_job
    ret = run_job(job=job_runner.job, execute_callable=job_runner._execute)
  File "/home/jonathan-brito/python-projects/airflow/venv/lib/python3.12/site-packages/airflow/utils/session.py", line 97, in wrapper
    return func(*args, session=session, **kwargs)
  File "/home/jonathan-brito/python-projects/airflow/venv/lib/python3.12/site-packages/airflow/jobs/job.py", line 421, in run_job
    return execute_job(job, execute_callable=execute_callable)
  File "/home/jonathan-brito/python-projects/airflow/venv/lib/python3.12/site-packages/airflow/jobs/job.py", line 450, in execute_job
    ret = execute_callable()
  File "/home/jonathan-brito/python-projects/airflow/venv/lib/python3.12/site-packages/airflow/jobs/local_task_job_runner.py", line 171, in _execute
    self.task_runner.start()
  File "/home/jonathan-brito/python-projects/airflow/venv/lib/python3.12/site-packages/airflow/task/task_runner/standard_task_runner.py", line 55, in start
    self.process = self._start_by_fork()
  File "/home/jonathan-brito/python-projects/airflow/venv/lib/python3.12/site-packages/airflow/task/task_runner/standard_task_runner.py", line 117, in _start_by_fork
    ret = args.func(args, dag=self.dag)
  File "/home/jonathan-brito/python-projects/airflow/venv/lib/python3.12/site-packages/airflow/cli/cli_config.py", line 49, in command
    return func(*args, **kwargs)
  File "/home/jonathan-brito/python-projects/airflow/venv/lib/python3.12/site-packages/airflow/utils/cli.py", line 116, in wrapper
    return f(*args, **kwargs)
  File "/home/jonathan-brito/python-projects/airflow/venv/lib/python3.12/site-packages/airflow/cli/commands/task_command.py", line 483, in task_run
    task_return_code = _run_task_by_selected_method(args, _dag, ti)
  File "/home/jonathan-brito/python-projects/airflow/venv/lib/python3.12/site-packages/airflow/cli/commands/task_command.py", line 256, in _run_task_by_selected_method
    return _run_raw_task(args, ti)
  File "/home/jonathan-brito/python-projects/airflow/venv/lib/python3.12/site-packages/airflow/cli/commands/task_command.py", line 341, in _run_raw_task
    return ti._run_raw_task(
  File "/home/jonathan-brito/python-projects/airflow/venv/lib/python3.12/site-packages/airflow/utils/session.py", line 97, in wrapper
    return func(*args, session=session, **kwargs)
  File "/home/jonathan-brito/python-projects/airflow/venv/lib/python3.12/site-packages/airflow/models/taskinstance.py", line 3006, in _run_raw_task
    return _run_raw_task(
  File "/home/jonathan-brito/python-projects/airflow/venv/lib/python3.12/site-packages/airflow/models/taskinstance.py", line 274, in _run_raw_task
    TaskInstance._execute_task_with_callbacks(
  File "/home/jonathan-brito/python-projects/airflow/venv/lib/python3.12/site-packages/airflow/models/taskinstance.py", line 3161, in _execute_task_with_callbacks
    result = self._execute_task(context, task_orig)
  File "/home/jonathan-brito/python-projects/airflow/venv/lib/python3.12/site-packages/airflow/models/taskinstance.py", line 3185, in _execute_task
    return _execute_task(self, context, task_orig)
  File "/home/jonathan-brito/python-projects/airflow/venv/lib/python3.12/site-packages/airflow/models/taskinstance.py", line 768, in _execute_task
    result = _execute_callable(context=context, **execute_callable_kwargs)
  File "/home/jonathan-brito/python-projects/airflow/venv/lib/python3.12/site-packages/airflow/models/taskinstance.py", line 734, in _execute_callable
    return ExecutionCallableRunner(
  File "/home/jonathan-brito/python-projects/airflow/venv/lib/python3.12/site-packages/airflow/utils/operator_helpers.py", line 252, in run
    return self.func(*args, **kwargs)
  File "/home/jonathan-brito/python-projects/airflow/venv/lib/python3.12/site-packages/airflow/models/baseoperator.py", line 424, in wrapper
    return func(self, *args, **kwargs)
  File "/home/jonathan-brito/python-projects/airflow/venv/lib/python3.12/site-packages/airflow/operators/python.py", line 238, in execute
    return_value = self.execute_callable()
  File "/home/jonathan-brito/python-projects/airflow/venv/lib/python3.12/site-packages/airflow/operators/python.py", line 256, in execute_callable
    return runner.run(*self.op_args, **self.op_kwargs)
  File "/home/jonathan-brito/python-projects/airflow/venv/lib/python3.12/site-packages/airflow/utils/operator_helpers.py", line 252, in run
    return self.func(*args, **kwargs)
  File "/home/jonathan-brito/python-projects/airflow/dags/dag_integration.py", line 74, in integra_api
    response = requests.post(
  File "/home/jonathan-brito/python-projects/airflow/venv/lib/python3.12/site-packages/requests/api.py", line 115, in post
    return request("post", url, data=data, json=json, **kwargs)
  File "/home/jonathan-brito/python-projects/airflow/venv/lib/python3.12/site-packages/requests/api.py", line 59, in request
    return session.request(method=method, url=url, **kwargs)
  File "/home/jonathan-brito/python-projects/airflow/venv/lib/python3.12/site-packages/requests/sessions.py", line 589, in request
    resp = self.send(prep, **send_kwargs)
  File "/home/jonathan-brito/python-projects/airflow/venv/lib/python3.12/site-packages/requests/sessions.py", line 703, in send
    r = adapter.send(request, **kwargs)
  File "/home/jonathan-brito/python-projects/airflow/venv/lib/python3.12/site-packages/requests/adapters.py", line 667, in send
    resp = conn.urlopen(
  File "/home/jonathan-brito/python-projects/airflow/venv/lib/python3.12/site-packages/urllib3/connectionpool.py", line 716, in urlopen
    httplib_response = self._make_request(
  File "/home/jonathan-brito/python-projects/airflow/venv/lib/python3.12/site-packages/urllib3/connectionpool.py", line 463, in _make_request
    httplib_response = conn.getresponse()
  File "/usr/lib/python3.12/http/client.py", line 1428, in getresponse
    response.begin()
  File "/usr/lib/python3.12/http/client.py", line 331, in begin
    version, status, reason = self._read_status()
  File "/usr/lib/python3.12/http/client.py", line 292, in _read_status
    line = str(self.fp.readline(_MAXLINE + 1), "iso-8859-1")
  File "/usr/lib/python3.12/socket.py", line 707, in readinto
    return self._sock.recv_into(b)
  File "/home/jonathan-brito/python-projects/airflow/venv/lib/python3.12/site-packages/airflow/models/taskinstance.py", line 3095, in signal_handler
    self.log.error("Stacktrace: \n%s", "".join(traceback.format_stack()))

[2025-04-21T20:34:36.719-0300] {taskinstance.py:3313} ERROR - Task failed with exception
Traceback (most recent call last):
  File "/home/jonathan-brito/python-projects/airflow/venv/lib/python3.12/site-packages/airflow/models/taskinstance.py", line 768, in _execute_task
    result = _execute_callable(context=context, **execute_callable_kwargs)
             ^^^^^^^^^^^^^^^^^^^^^^^^^^^^^^^^^^^^^^^^^^^^^^^^^^^^^^^^^^^^^
  File "/home/jonathan-brito/python-projects/airflow/venv/lib/python3.12/site-packages/airflow/models/taskinstance.py", line 734, in _execute_callable
    return ExecutionCallableRunner(
           ^^^^^^^^^^^^^^^^^^^^^^^^
  File "/home/jonathan-brito/python-projects/airflow/venv/lib/python3.12/site-packages/airflow/utils/operator_helpers.py", line 252, in run
    return self.func(*args, **kwargs)
           ^^^^^^^^^^^^^^^^^^^^^^^^^^
  File "/home/jonathan-brito/python-projects/airflow/venv/lib/python3.12/site-packages/airflow/models/baseoperator.py", line 424, in wrapper
    return func(self, *args, **kwargs)
           ^^^^^^^^^^^^^^^^^^^^^^^^^^^
  File "/home/jonathan-brito/python-projects/airflow/venv/lib/python3.12/site-packages/airflow/operators/python.py", line 238, in execute
    return_value = self.execute_callable()
                   ^^^^^^^^^^^^^^^^^^^^^^^
  File "/home/jonathan-brito/python-projects/airflow/venv/lib/python3.12/site-packages/airflow/operators/python.py", line 256, in execute_callable
    return runner.run(*self.op_args, **self.op_kwargs)
           ^^^^^^^^^^^^^^^^^^^^^^^^^^^^^^^^^^^^^^^^^^^
  File "/home/jonathan-brito/python-projects/airflow/venv/lib/python3.12/site-packages/airflow/utils/operator_helpers.py", line 252, in run
    return self.func(*args, **kwargs)
           ^^^^^^^^^^^^^^^^^^^^^^^^^^
  File "/home/jonathan-brito/python-projects/airflow/dags/dag_integration.py", line 74, in integra_api
    response = requests.post(
               ^^^^^^^^^^^^^^
  File "/home/jonathan-brito/python-projects/airflow/venv/lib/python3.12/site-packages/requests/api.py", line 115, in post
    return request("post", url, data=data, json=json, **kwargs)
           ^^^^^^^^^^^^^^^^^^^^^^^^^^^^^^^^^^^^^^^^^^^^^^^^^^^^
  File "/home/jonathan-brito/python-projects/airflow/venv/lib/python3.12/site-packages/requests/api.py", line 59, in request
    return session.request(method=method, url=url, **kwargs)
           ^^^^^^^^^^^^^^^^^^^^^^^^^^^^^^^^^^^^^^^^^^^^^^^^^
  File "/home/jonathan-brito/python-projects/airflow/venv/lib/python3.12/site-packages/requests/sessions.py", line 589, in request
    resp = self.send(prep, **send_kwargs)
           ^^^^^^^^^^^^^^^^^^^^^^^^^^^^^^
  File "/home/jonathan-brito/python-projects/airflow/venv/lib/python3.12/site-packages/requests/sessions.py", line 703, in send
    r = adapter.send(request, **kwargs)
        ^^^^^^^^^^^^^^^^^^^^^^^^^^^^^^^
  File "/home/jonathan-brito/python-projects/airflow/venv/lib/python3.12/site-packages/requests/adapters.py", line 667, in send
    resp = conn.urlopen(
           ^^^^^^^^^^^^^
  File "/home/jonathan-brito/python-projects/airflow/venv/lib/python3.12/site-packages/urllib3/connectionpool.py", line 716, in urlopen
    httplib_response = self._make_request(
                       ^^^^^^^^^^^^^^^^^^^
  File "/home/jonathan-brito/python-projects/airflow/venv/lib/python3.12/site-packages/urllib3/connectionpool.py", line 468, in _make_request
    six.raise_from(e, None)
  File "<string>", line 3, in raise_from
  File "/home/jonathan-brito/python-projects/airflow/venv/lib/python3.12/site-packages/urllib3/connectionpool.py", line 463, in _make_request
    httplib_response = conn.getresponse()
                       ^^^^^^^^^^^^^^^^^^
  File "/usr/lib/python3.12/http/client.py", line 1428, in getresponse
    response.begin()
  File "/usr/lib/python3.12/http/client.py", line 331, in begin
    version, status, reason = self._read_status()
                              ^^^^^^^^^^^^^^^^^^^
  File "/usr/lib/python3.12/http/client.py", line 292, in _read_status
    line = str(self.fp.readline(_MAXLINE + 1), "iso-8859-1")
               ^^^^^^^^^^^^^^^^^^^^^^^^^^^^^^
  File "/usr/lib/python3.12/socket.py", line 707, in readinto
    return self._sock.recv_into(b)
           ^^^^^^^^^^^^^^^^^^^^^^^
  File "/home/jonathan-brito/python-projects/airflow/venv/lib/python3.12/site-packages/airflow/models/taskinstance.py", line 3097, in signal_handler
    raise AirflowTaskTerminated("Task received SIGTERM signal")
airflow.exceptions.AirflowTaskTerminated: Task received SIGTERM signal
[2025-04-21T20:34:36.723-0300] {logging_mixin.py:190} INFO - Task instance in failure state
[2025-04-21T20:34:36.723-0300] {logging_mixin.py:190} INFO - Task start:2025-04-21 23:24:30.412328+00:00 end:2025-04-21 23:34:36.722875+00:00 duration:606.310547
[2025-04-21T20:34:36.723-0300] {logging_mixin.py:190} INFO - Task:<Task(PythonOperator): integracao_api> dag:<DAG: integracao_api> dagrun:<DagRun integracao_api @ 2025-04-21 23:24:21.261128+00:00: manual__2025-04-21T23:24:21.261128+00:00, state:running, queued_at: 2025-04-21 23:24:21.275786+00:00. externally triggered: True>
[2025-04-21T20:34:36.724-0300] {logging_mixin.py:190} INFO - Failure caused by Task received SIGTERM signal
[2025-04-21T20:34:36.724-0300] {taskinstance.py:1226} INFO - Marking task as UP_FOR_RETRY. dag_id=integracao_api, task_id=integracao_api, run_id=manual__2025-04-21T23:24:21.261128+00:00, execution_date=20250421T232421, start_date=20250421T232430, end_date=20250421T233436
[2025-04-21T20:34:36.756-0300] {taskinstance.py:341} INFO - ::group::Post task execution logs
[2025-04-21T20:34:36.801-0300] {process_utils.py:80} INFO - Process psutil.Process(pid=24431, status='terminated', exitcode=2, started='20:24:30') (24431) terminated with exit code 2
