[2025-04-21T15:17:16.649-0300] {local_task_job_runner.py:123} INFO - ::group::Pre task execution logs
[2025-04-21T15:17:16.660-0300] {taskinstance.py:2614} INFO - Dependencies all met for dep_context=non-requeueable deps ti=<TaskInstance: integracao_api.preparar_dados manual__2025-04-21T18:17:10.937304+00:00 [queued]>
[2025-04-21T15:17:16.758-0300] {taskinstance.py:2614} INFO - Dependencies all met for dep_context=requeueable deps ti=<TaskInstance: integracao_api.preparar_dados manual__2025-04-21T18:17:10.937304+00:00 [queued]>
[2025-04-21T15:17:16.759-0300] {taskinstance.py:2867} INFO - Starting attempt 1 of 3
[2025-04-21T15:17:16.782-0300] {taskinstance.py:2890} INFO - Executing <Task(PythonOperator): preparar_dados> on 2025-04-21 18:17:10.937304+00:00
[2025-04-21T15:17:16.791-0300] {standard_task_runner.py:72} INFO - Started process 153485 to run task
[2025-04-21T15:17:16.796-0300] {standard_task_runner.py:104} INFO - Running: ['airflow', 'tasks', 'run', 'integracao_api', 'preparar_dados', 'manual__2025-04-21T18:17:10.937304+00:00', '--job-id', '29', '--raw', '--subdir', 'DAGS_FOLDER/dag_integration.py', '--cfg-path', '/tmp/tmpruf7n861']
[2025-04-21T15:17:16.797-0300] {standard_task_runner.py:105} INFO - Job 29: Subtask preparar_dados
[2025-04-21T15:17:16.834-0300] {task_command.py:467} INFO - Running <TaskInstance: integracao_api.preparar_dados manual__2025-04-21T18:17:10.937304+00:00 [running]> on host jonathan-brito
[2025-04-21T15:17:16.913-0300] {taskinstance.py:3134} INFO - Exporting env vars: AIRFLOW_CTX_DAG_OWNER='data_team' AIRFLOW_CTX_DAG_ID='integracao_api' AIRFLOW_CTX_TASK_ID='preparar_dados' AIRFLOW_CTX_EXECUTION_DATE='2025-04-21T18:17:10.937304+00:00' AIRFLOW_CTX_TRY_NUMBER='1' AIRFLOW_CTX_DAG_RUN_ID='manual__2025-04-21T18:17:10.937304+00:00'
[2025-04-21T15:17:16.914-0300] {logging_mixin.py:190} INFO - Task instance is in running state
[2025-04-21T15:17:16.915-0300] {logging_mixin.py:190} INFO -  Previous state of the Task instance: queued
[2025-04-21T15:17:16.915-0300] {logging_mixin.py:190} INFO - Current task name:preparar_dados state:running start_date:2025-04-21 18:17:16.661477+00:00
[2025-04-21T15:17:16.915-0300] {logging_mixin.py:190} INFO - Dag name:integracao_api and current dag run status:running
[2025-04-21T15:17:16.915-0300] {taskinstance.py:732} INFO - ::endgroup::
[2025-04-21T15:17:17.088-0300] {logging_mixin.py:190} INFO - dados de integração prontos - 2025-04-21 15:17:17.088456
[2025-04-21T15:17:17.089-0300] {python.py:240} INFO - Done. Returned value was: None
[2025-04-21T15:17:17.094-0300] {taskinstance.py:341} INFO - ::group::Post task execution logs
[2025-04-21T15:17:17.094-0300] {taskinstance.py:353} INFO - Marking task as SUCCESS. dag_id=integracao_api, task_id=preparar_dados, run_id=manual__2025-04-21T18:17:10.937304+00:00, execution_date=20250421T181710, start_date=20250421T181716, end_date=20250421T181717
[2025-04-21T15:17:17.126-0300] {logging_mixin.py:190} INFO - Task instance in success state
[2025-04-21T15:17:17.127-0300] {logging_mixin.py:190} INFO -  Previous state of the Task instance: running
[2025-04-21T15:17:17.127-0300] {logging_mixin.py:190} INFO - Dag name:integracao_api queued_at:2025-04-21 18:17:10.951030+00:00
[2025-04-21T15:17:17.127-0300] {logging_mixin.py:190} INFO - Task hostname:jonathan-brito operator:PythonOperator
[2025-04-21T15:17:17.169-0300] {local_task_job_runner.py:266} INFO - Task exited with return code 0
[2025-04-21T15:17:17.193-0300] {taskinstance.py:3901} INFO - 1 downstream tasks scheduled from follow-on schedule check
[2025-04-21T15:17:17.202-0300] {local_task_job_runner.py:245} INFO - ::endgroup::
