[2025-04-25T11:02:46.876-0300] {processor.py:186} INFO - Started process (PID=18247) to work on /home/jonathan-brito/python-projects/airflow/venv/lib/python3.12/site-packages/airflow/example_dags/example_branch_operator.py
[2025-04-25T11:02:46.876-0300] {processor.py:914} INFO - Processing file /home/jonathan-brito/python-projects/airflow/venv/lib/python3.12/site-packages/airflow/example_dags/example_branch_operator.py for tasks to queue
[2025-04-25T11:02:46.878-0300] {logging_mixin.py:190} INFO - [2025-04-25T11:02:46.877-0300] {dagbag.py:588} INFO - Filling up the DagBag from /home/jonathan-brito/python-projects/airflow/venv/lib/python3.12/site-packages/airflow/example_dags/example_branch_operator.py
[2025-04-25T11:02:46.881-0300] {processor.py:927} WARNING - No viable dags retrieved from /home/jonathan-brito/python-projects/airflow/venv/lib/python3.12/site-packages/airflow/example_dags/example_branch_operator.py
[2025-04-25T11:02:46.892-0300] {processor.py:208} INFO - Processing /home/jonathan-brito/python-projects/airflow/venv/lib/python3.12/site-packages/airflow/example_dags/example_branch_operator.py took 0.023 seconds
[2025-04-25T11:03:53.010-0300] {processor.py:186} INFO - Started process (PID=19386) to work on /home/jonathan-brito/python-projects/airflow/venv/lib/python3.12/site-packages/airflow/example_dags/example_branch_operator.py
[2025-04-25T11:03:53.023-0300] {processor.py:914} INFO - Processing file /home/jonathan-brito/python-projects/airflow/venv/lib/python3.12/site-packages/airflow/example_dags/example_branch_operator.py for tasks to queue
[2025-04-25T11:03:53.025-0300] {logging_mixin.py:190} INFO - [2025-04-25T11:03:53.024-0300] {dagbag.py:588} INFO - Filling up the DagBag from /home/jonathan-brito/python-projects/airflow/venv/lib/python3.12/site-packages/airflow/example_dags/example_branch_operator.py
[2025-04-25T11:03:53.034-0300] {processor.py:927} WARNING - No viable dags retrieved from /home/jonathan-brito/python-projects/airflow/venv/lib/python3.12/site-packages/airflow/example_dags/example_branch_operator.py
[2025-04-25T11:03:53.055-0300] {processor.py:208} INFO - Processing /home/jonathan-brito/python-projects/airflow/venv/lib/python3.12/site-packages/airflow/example_dags/example_branch_operator.py took 0.070 seconds
[2025-04-25T11:07:22.343-0300] {processor.py:186} INFO - Started process (PID=22479) to work on /home/jonathan-brito/python-projects/airflow/venv/lib/python3.12/site-packages/airflow/example_dags/example_branch_operator.py
[2025-04-25T11:07:22.350-0300] {processor.py:914} INFO - Processing file /home/jonathan-brito/python-projects/airflow/venv/lib/python3.12/site-packages/airflow/example_dags/example_branch_operator.py for tasks to queue
[2025-04-25T11:07:22.353-0300] {logging_mixin.py:190} INFO - [2025-04-25T11:07:22.352-0300] {dagbag.py:588} INFO - Filling up the DagBag from /home/jonathan-brito/python-projects/airflow/venv/lib/python3.12/site-packages/airflow/example_dags/example_branch_operator.py
[2025-04-25T11:07:22.356-0300] {processor.py:927} WARNING - No viable dags retrieved from /home/jonathan-brito/python-projects/airflow/venv/lib/python3.12/site-packages/airflow/example_dags/example_branch_operator.py
[2025-04-25T11:07:22.367-0300] {processor.py:208} INFO - Processing /home/jonathan-brito/python-projects/airflow/venv/lib/python3.12/site-packages/airflow/example_dags/example_branch_operator.py took 0.030 seconds
[2025-04-25T11:10:28.360-0300] {processor.py:186} INFO - Started process (PID=24280) to work on /home/jonathan-brito/python-projects/airflow/venv/lib/python3.12/site-packages/airflow/example_dags/example_branch_operator.py
[2025-04-25T11:10:28.367-0300] {processor.py:914} INFO - Processing file /home/jonathan-brito/python-projects/airflow/venv/lib/python3.12/site-packages/airflow/example_dags/example_branch_operator.py for tasks to queue
[2025-04-25T11:10:28.372-0300] {logging_mixin.py:190} INFO - [2025-04-25T11:10:28.371-0300] {dagbag.py:588} INFO - Filling up the DagBag from /home/jonathan-brito/python-projects/airflow/venv/lib/python3.12/site-packages/airflow/example_dags/example_branch_operator.py
[2025-04-25T11:10:28.377-0300] {processor.py:927} WARNING - No viable dags retrieved from /home/jonathan-brito/python-projects/airflow/venv/lib/python3.12/site-packages/airflow/example_dags/example_branch_operator.py
[2025-04-25T11:10:28.393-0300] {processor.py:208} INFO - Processing /home/jonathan-brito/python-projects/airflow/venv/lib/python3.12/site-packages/airflow/example_dags/example_branch_operator.py took 0.039 seconds
[2025-04-25T11:12:37.799-0300] {processor.py:186} INFO - Started process (PID=25118) to work on /home/jonathan-brito/python-projects/airflow/venv/lib/python3.12/site-packages/airflow/example_dags/example_branch_operator.py
[2025-04-25T11:12:37.806-0300] {processor.py:914} INFO - Processing file /home/jonathan-brito/python-projects/airflow/venv/lib/python3.12/site-packages/airflow/example_dags/example_branch_operator.py for tasks to queue
[2025-04-25T11:12:37.809-0300] {logging_mixin.py:190} INFO - [2025-04-25T11:12:37.808-0300] {dagbag.py:588} INFO - Filling up the DagBag from /home/jonathan-brito/python-projects/airflow/venv/lib/python3.12/site-packages/airflow/example_dags/example_branch_operator.py
[2025-04-25T11:12:37.813-0300] {processor.py:927} WARNING - No viable dags retrieved from /home/jonathan-brito/python-projects/airflow/venv/lib/python3.12/site-packages/airflow/example_dags/example_branch_operator.py
[2025-04-25T11:12:37.826-0300] {processor.py:208} INFO - Processing /home/jonathan-brito/python-projects/airflow/venv/lib/python3.12/site-packages/airflow/example_dags/example_branch_operator.py took 0.035 seconds
[2025-04-25T11:14:46.696-0300] {processor.py:186} INFO - Started process (PID=26267) to work on /home/jonathan-brito/python-projects/airflow/venv/lib/python3.12/site-packages/airflow/example_dags/example_branch_operator.py
[2025-04-25T11:14:46.703-0300] {processor.py:914} INFO - Processing file /home/jonathan-brito/python-projects/airflow/venv/lib/python3.12/site-packages/airflow/example_dags/example_branch_operator.py for tasks to queue
[2025-04-25T11:14:46.711-0300] {logging_mixin.py:190} INFO - [2025-04-25T11:14:46.709-0300] {dagbag.py:588} INFO - Filling up the DagBag from /home/jonathan-brito/python-projects/airflow/venv/lib/python3.12/site-packages/airflow/example_dags/example_branch_operator.py
[2025-04-25T11:14:46.720-0300] {processor.py:927} WARNING - No viable dags retrieved from /home/jonathan-brito/python-projects/airflow/venv/lib/python3.12/site-packages/airflow/example_dags/example_branch_operator.py
[2025-04-25T11:14:46.736-0300] {processor.py:208} INFO - Processing /home/jonathan-brito/python-projects/airflow/venv/lib/python3.12/site-packages/airflow/example_dags/example_branch_operator.py took 0.049 seconds
[2025-04-25T11:16:56.594-0300] {processor.py:186} INFO - Started process (PID=27182) to work on /home/jonathan-brito/python-projects/airflow/venv/lib/python3.12/site-packages/airflow/example_dags/example_branch_operator.py
[2025-04-25T11:16:56.602-0300] {processor.py:914} INFO - Processing file /home/jonathan-brito/python-projects/airflow/venv/lib/python3.12/site-packages/airflow/example_dags/example_branch_operator.py for tasks to queue
[2025-04-25T11:16:56.608-0300] {logging_mixin.py:190} INFO - [2025-04-25T11:16:56.607-0300] {dagbag.py:588} INFO - Filling up the DagBag from /home/jonathan-brito/python-projects/airflow/venv/lib/python3.12/site-packages/airflow/example_dags/example_branch_operator.py
[2025-04-25T11:16:56.618-0300] {processor.py:927} WARNING - No viable dags retrieved from /home/jonathan-brito/python-projects/airflow/venv/lib/python3.12/site-packages/airflow/example_dags/example_branch_operator.py
[2025-04-25T11:16:56.636-0300] {processor.py:208} INFO - Processing /home/jonathan-brito/python-projects/airflow/venv/lib/python3.12/site-packages/airflow/example_dags/example_branch_operator.py took 0.049 seconds
[2025-04-25T11:18:08.186-0300] {processor.py:186} INFO - Started process (PID=27650) to work on /home/jonathan-brito/python-projects/airflow/venv/lib/python3.12/site-packages/airflow/example_dags/example_branch_operator.py
[2025-04-25T11:18:08.193-0300] {processor.py:914} INFO - Processing file /home/jonathan-brito/python-projects/airflow/venv/lib/python3.12/site-packages/airflow/example_dags/example_branch_operator.py for tasks to queue
[2025-04-25T11:18:08.195-0300] {logging_mixin.py:190} INFO - [2025-04-25T11:18:08.194-0300] {dagbag.py:588} INFO - Filling up the DagBag from /home/jonathan-brito/python-projects/airflow/venv/lib/python3.12/site-packages/airflow/example_dags/example_branch_operator.py
[2025-04-25T11:18:08.198-0300] {processor.py:927} WARNING - No viable dags retrieved from /home/jonathan-brito/python-projects/airflow/venv/lib/python3.12/site-packages/airflow/example_dags/example_branch_operator.py
[2025-04-25T11:18:08.211-0300] {processor.py:208} INFO - Processing /home/jonathan-brito/python-projects/airflow/venv/lib/python3.12/site-packages/airflow/example_dags/example_branch_operator.py took 0.031 seconds
[2025-04-25T11:19:18.689-0300] {processor.py:186} INFO - Started process (PID=28098) to work on /home/jonathan-brito/python-projects/airflow/venv/lib/python3.12/site-packages/airflow/example_dags/example_branch_operator.py
[2025-04-25T11:19:18.698-0300] {processor.py:914} INFO - Processing file /home/jonathan-brito/python-projects/airflow/venv/lib/python3.12/site-packages/airflow/example_dags/example_branch_operator.py for tasks to queue
[2025-04-25T11:19:18.714-0300] {logging_mixin.py:190} INFO - [2025-04-25T11:19:18.700-0300] {dagbag.py:588} INFO - Filling up the DagBag from /home/jonathan-brito/python-projects/airflow/venv/lib/python3.12/site-packages/airflow/example_dags/example_branch_operator.py
[2025-04-25T11:19:18.736-0300] {processor.py:927} WARNING - No viable dags retrieved from /home/jonathan-brito/python-projects/airflow/venv/lib/python3.12/site-packages/airflow/example_dags/example_branch_operator.py
[2025-04-25T11:19:18.791-0300] {processor.py:208} INFO - Processing /home/jonathan-brito/python-projects/airflow/venv/lib/python3.12/site-packages/airflow/example_dags/example_branch_operator.py took 0.145 seconds
[2025-04-25T11:20:25.400-0300] {processor.py:186} INFO - Started process (PID=28508) to work on /home/jonathan-brito/python-projects/airflow/venv/lib/python3.12/site-packages/airflow/example_dags/example_branch_operator.py
[2025-04-25T11:20:25.408-0300] {processor.py:914} INFO - Processing file /home/jonathan-brito/python-projects/airflow/venv/lib/python3.12/site-packages/airflow/example_dags/example_branch_operator.py for tasks to queue
[2025-04-25T11:20:25.411-0300] {logging_mixin.py:190} INFO - [2025-04-25T11:20:25.410-0300] {dagbag.py:588} INFO - Filling up the DagBag from /home/jonathan-brito/python-projects/airflow/venv/lib/python3.12/site-packages/airflow/example_dags/example_branch_operator.py
[2025-04-25T11:20:25.416-0300] {processor.py:927} WARNING - No viable dags retrieved from /home/jonathan-brito/python-projects/airflow/venv/lib/python3.12/site-packages/airflow/example_dags/example_branch_operator.py
[2025-04-25T11:20:25.429-0300] {processor.py:208} INFO - Processing /home/jonathan-brito/python-projects/airflow/venv/lib/python3.12/site-packages/airflow/example_dags/example_branch_operator.py took 0.039 seconds
[2025-04-25T11:23:02.653-0300] {processor.py:186} INFO - Started process (PID=30482) to work on /home/jonathan-brito/python-projects/airflow/venv/lib/python3.12/site-packages/airflow/example_dags/example_branch_operator.py
[2025-04-25T11:23:02.660-0300] {processor.py:914} INFO - Processing file /home/jonathan-brito/python-projects/airflow/venv/lib/python3.12/site-packages/airflow/example_dags/example_branch_operator.py for tasks to queue
[2025-04-25T11:23:02.663-0300] {logging_mixin.py:190} INFO - [2025-04-25T11:23:02.662-0300] {dagbag.py:588} INFO - Filling up the DagBag from /home/jonathan-brito/python-projects/airflow/venv/lib/python3.12/site-packages/airflow/example_dags/example_branch_operator.py
[2025-04-25T11:23:02.666-0300] {processor.py:927} WARNING - No viable dags retrieved from /home/jonathan-brito/python-projects/airflow/venv/lib/python3.12/site-packages/airflow/example_dags/example_branch_operator.py
[2025-04-25T11:23:02.678-0300] {processor.py:208} INFO - Processing /home/jonathan-brito/python-projects/airflow/venv/lib/python3.12/site-packages/airflow/example_dags/example_branch_operator.py took 0.033 seconds
[2025-04-25T11:28:19.498-0300] {processor.py:186} INFO - Started process (PID=33688) to work on /home/jonathan-brito/python-projects/airflow/venv/lib/python3.12/site-packages/airflow/example_dags/example_branch_operator.py
[2025-04-25T11:28:19.505-0300] {processor.py:914} INFO - Processing file /home/jonathan-brito/python-projects/airflow/venv/lib/python3.12/site-packages/airflow/example_dags/example_branch_operator.py for tasks to queue
[2025-04-25T11:28:19.507-0300] {logging_mixin.py:190} INFO - [2025-04-25T11:28:19.506-0300] {dagbag.py:588} INFO - Filling up the DagBag from /home/jonathan-brito/python-projects/airflow/venv/lib/python3.12/site-packages/airflow/example_dags/example_branch_operator.py
[2025-04-25T11:28:19.513-0300] {processor.py:927} WARNING - No viable dags retrieved from /home/jonathan-brito/python-projects/airflow/venv/lib/python3.12/site-packages/airflow/example_dags/example_branch_operator.py
[2025-04-25T11:28:19.528-0300] {processor.py:208} INFO - Processing /home/jonathan-brito/python-projects/airflow/venv/lib/python3.12/site-packages/airflow/example_dags/example_branch_operator.py took 0.040 seconds
[2025-04-25T11:34:24.810-0300] {processor.py:186} INFO - Started process (PID=35891) to work on /home/jonathan-brito/python-projects/airflow/venv/lib/python3.12/site-packages/airflow/example_dags/example_branch_operator.py
[2025-04-25T11:34:24.817-0300] {processor.py:914} INFO - Processing file /home/jonathan-brito/python-projects/airflow/venv/lib/python3.12/site-packages/airflow/example_dags/example_branch_operator.py for tasks to queue
[2025-04-25T11:34:24.820-0300] {logging_mixin.py:190} INFO - [2025-04-25T11:34:24.819-0300] {dagbag.py:588} INFO - Filling up the DagBag from /home/jonathan-brito/python-projects/airflow/venv/lib/python3.12/site-packages/airflow/example_dags/example_branch_operator.py
[2025-04-25T11:34:24.823-0300] {processor.py:927} WARNING - No viable dags retrieved from /home/jonathan-brito/python-projects/airflow/venv/lib/python3.12/site-packages/airflow/example_dags/example_branch_operator.py
[2025-04-25T11:34:24.837-0300] {processor.py:208} INFO - Processing /home/jonathan-brito/python-projects/airflow/venv/lib/python3.12/site-packages/airflow/example_dags/example_branch_operator.py took 0.036 seconds
[2025-04-25T12:17:11.142-0300] {processor.py:186} INFO - Started process (PID=72513) to work on /home/jonathan-brito/python-projects/airflow/venv/lib/python3.12/site-packages/airflow/example_dags/example_branch_operator.py
[2025-04-25T12:17:11.149-0300] {processor.py:914} INFO - Processing file /home/jonathan-brito/python-projects/airflow/venv/lib/python3.12/site-packages/airflow/example_dags/example_branch_operator.py for tasks to queue
[2025-04-25T12:17:11.151-0300] {logging_mixin.py:190} INFO - [2025-04-25T12:17:11.150-0300] {dagbag.py:588} INFO - Filling up the DagBag from /home/jonathan-brito/python-projects/airflow/venv/lib/python3.12/site-packages/airflow/example_dags/example_branch_operator.py
[2025-04-25T12:17:11.155-0300] {processor.py:927} WARNING - No viable dags retrieved from /home/jonathan-brito/python-projects/airflow/venv/lib/python3.12/site-packages/airflow/example_dags/example_branch_operator.py
[2025-04-25T12:17:11.168-0300] {processor.py:208} INFO - Processing /home/jonathan-brito/python-projects/airflow/venv/lib/python3.12/site-packages/airflow/example_dags/example_branch_operator.py took 0.033 seconds
[2025-04-25T12:18:29.132-0300] {processor.py:186} INFO - Started process (PID=73852) to work on /home/jonathan-brito/python-projects/airflow/venv/lib/python3.12/site-packages/airflow/example_dags/example_branch_operator.py
[2025-04-25T12:18:29.139-0300] {processor.py:914} INFO - Processing file /home/jonathan-brito/python-projects/airflow/venv/lib/python3.12/site-packages/airflow/example_dags/example_branch_operator.py for tasks to queue
[2025-04-25T12:18:29.140-0300] {logging_mixin.py:190} INFO - [2025-04-25T12:18:29.140-0300] {dagbag.py:588} INFO - Filling up the DagBag from /home/jonathan-brito/python-projects/airflow/venv/lib/python3.12/site-packages/airflow/example_dags/example_branch_operator.py
[2025-04-25T12:18:29.143-0300] {processor.py:927} WARNING - No viable dags retrieved from /home/jonathan-brito/python-projects/airflow/venv/lib/python3.12/site-packages/airflow/example_dags/example_branch_operator.py
[2025-04-25T12:18:29.157-0300] {processor.py:208} INFO - Processing /home/jonathan-brito/python-projects/airflow/venv/lib/python3.12/site-packages/airflow/example_dags/example_branch_operator.py took 0.033 seconds
[2025-04-25T12:19:44.916-0300] {processor.py:186} INFO - Started process (PID=75139) to work on /home/jonathan-brito/python-projects/airflow/venv/lib/python3.12/site-packages/airflow/example_dags/example_branch_operator.py
[2025-04-25T12:19:44.923-0300] {processor.py:914} INFO - Processing file /home/jonathan-brito/python-projects/airflow/venv/lib/python3.12/site-packages/airflow/example_dags/example_branch_operator.py for tasks to queue
[2025-04-25T12:19:44.925-0300] {logging_mixin.py:190} INFO - [2025-04-25T12:19:44.924-0300] {dagbag.py:588} INFO - Filling up the DagBag from /home/jonathan-brito/python-projects/airflow/venv/lib/python3.12/site-packages/airflow/example_dags/example_branch_operator.py
[2025-04-25T12:19:44.928-0300] {processor.py:927} WARNING - No viable dags retrieved from /home/jonathan-brito/python-projects/airflow/venv/lib/python3.12/site-packages/airflow/example_dags/example_branch_operator.py
[2025-04-25T12:19:44.939-0300] {processor.py:208} INFO - Processing /home/jonathan-brito/python-projects/airflow/venv/lib/python3.12/site-packages/airflow/example_dags/example_branch_operator.py took 0.030 seconds
[2025-04-25T12:20:52.370-0300] {processor.py:186} INFO - Started process (PID=76146) to work on /home/jonathan-brito/python-projects/airflow/venv/lib/python3.12/site-packages/airflow/example_dags/example_branch_operator.py
[2025-04-25T12:20:52.378-0300] {processor.py:914} INFO - Processing file /home/jonathan-brito/python-projects/airflow/venv/lib/python3.12/site-packages/airflow/example_dags/example_branch_operator.py for tasks to queue
[2025-04-25T12:20:52.379-0300] {logging_mixin.py:190} INFO - [2025-04-25T12:20:52.379-0300] {dagbag.py:588} INFO - Filling up the DagBag from /home/jonathan-brito/python-projects/airflow/venv/lib/python3.12/site-packages/airflow/example_dags/example_branch_operator.py
[2025-04-25T12:20:52.383-0300] {processor.py:927} WARNING - No viable dags retrieved from /home/jonathan-brito/python-projects/airflow/venv/lib/python3.12/site-packages/airflow/example_dags/example_branch_operator.py
[2025-04-25T12:20:52.397-0300] {processor.py:208} INFO - Processing /home/jonathan-brito/python-projects/airflow/venv/lib/python3.12/site-packages/airflow/example_dags/example_branch_operator.py took 0.034 seconds
[2025-04-25T12:21:56.789-0300] {processor.py:186} INFO - Started process (PID=76656) to work on /home/jonathan-brito/python-projects/airflow/venv/lib/python3.12/site-packages/airflow/example_dags/example_branch_operator.py
[2025-04-25T12:21:56.799-0300] {processor.py:914} INFO - Processing file /home/jonathan-brito/python-projects/airflow/venv/lib/python3.12/site-packages/airflow/example_dags/example_branch_operator.py for tasks to queue
[2025-04-25T12:21:56.806-0300] {logging_mixin.py:190} INFO - [2025-04-25T12:21:56.804-0300] {dagbag.py:588} INFO - Filling up the DagBag from /home/jonathan-brito/python-projects/airflow/venv/lib/python3.12/site-packages/airflow/example_dags/example_branch_operator.py
[2025-04-25T12:21:56.820-0300] {processor.py:927} WARNING - No viable dags retrieved from /home/jonathan-brito/python-projects/airflow/venv/lib/python3.12/site-packages/airflow/example_dags/example_branch_operator.py
[2025-04-25T12:21:56.845-0300] {processor.py:208} INFO - Processing /home/jonathan-brito/python-projects/airflow/venv/lib/python3.12/site-packages/airflow/example_dags/example_branch_operator.py took 0.083 seconds
[2025-04-25T12:22:58.140-0300] {processor.py:186} INFO - Started process (PID=77103) to work on /home/jonathan-brito/python-projects/airflow/venv/lib/python3.12/site-packages/airflow/example_dags/example_branch_operator.py
[2025-04-25T12:22:58.146-0300] {processor.py:914} INFO - Processing file /home/jonathan-brito/python-projects/airflow/venv/lib/python3.12/site-packages/airflow/example_dags/example_branch_operator.py for tasks to queue
[2025-04-25T12:22:58.148-0300] {logging_mixin.py:190} INFO - [2025-04-25T12:22:58.147-0300] {dagbag.py:588} INFO - Filling up the DagBag from /home/jonathan-brito/python-projects/airflow/venv/lib/python3.12/site-packages/airflow/example_dags/example_branch_operator.py
[2025-04-25T12:22:58.151-0300] {processor.py:927} WARNING - No viable dags retrieved from /home/jonathan-brito/python-projects/airflow/venv/lib/python3.12/site-packages/airflow/example_dags/example_branch_operator.py
[2025-04-25T12:22:58.161-0300] {processor.py:208} INFO - Processing /home/jonathan-brito/python-projects/airflow/venv/lib/python3.12/site-packages/airflow/example_dags/example_branch_operator.py took 0.029 seconds
[2025-04-25T12:33:35.937-0300] {processor.py:186} INFO - Started process (PID=86985) to work on /home/jonathan-brito/python-projects/airflow/venv/lib/python3.12/site-packages/airflow/example_dags/example_branch_operator.py
[2025-04-25T12:33:35.944-0300] {processor.py:914} INFO - Processing file /home/jonathan-brito/python-projects/airflow/venv/lib/python3.12/site-packages/airflow/example_dags/example_branch_operator.py for tasks to queue
[2025-04-25T12:33:35.946-0300] {logging_mixin.py:190} INFO - [2025-04-25T12:33:35.946-0300] {dagbag.py:588} INFO - Filling up the DagBag from /home/jonathan-brito/python-projects/airflow/venv/lib/python3.12/site-packages/airflow/example_dags/example_branch_operator.py
[2025-04-25T12:33:35.950-0300] {processor.py:927} WARNING - No viable dags retrieved from /home/jonathan-brito/python-projects/airflow/venv/lib/python3.12/site-packages/airflow/example_dags/example_branch_operator.py
[2025-04-25T12:33:35.964-0300] {processor.py:208} INFO - Processing /home/jonathan-brito/python-projects/airflow/venv/lib/python3.12/site-packages/airflow/example_dags/example_branch_operator.py took 0.037 seconds
[2025-04-25T12:34:51.120-0300] {processor.py:186} INFO - Started process (PID=88275) to work on /home/jonathan-brito/python-projects/airflow/venv/lib/python3.12/site-packages/airflow/example_dags/example_branch_operator.py
[2025-04-25T12:34:51.129-0300] {processor.py:914} INFO - Processing file /home/jonathan-brito/python-projects/airflow/venv/lib/python3.12/site-packages/airflow/example_dags/example_branch_operator.py for tasks to queue
[2025-04-25T12:34:51.135-0300] {logging_mixin.py:190} INFO - [2025-04-25T12:34:51.134-0300] {dagbag.py:588} INFO - Filling up the DagBag from /home/jonathan-brito/python-projects/airflow/venv/lib/python3.12/site-packages/airflow/example_dags/example_branch_operator.py
[2025-04-25T12:34:51.147-0300] {processor.py:927} WARNING - No viable dags retrieved from /home/jonathan-brito/python-projects/airflow/venv/lib/python3.12/site-packages/airflow/example_dags/example_branch_operator.py
[2025-04-25T12:34:51.189-0300] {processor.py:208} INFO - Processing /home/jonathan-brito/python-projects/airflow/venv/lib/python3.12/site-packages/airflow/example_dags/example_branch_operator.py took 0.093 seconds
[2025-04-25T12:36:04.279-0300] {processor.py:186} INFO - Started process (PID=89561) to work on /home/jonathan-brito/python-projects/airflow/venv/lib/python3.12/site-packages/airflow/example_dags/example_branch_operator.py
[2025-04-25T12:36:04.287-0300] {processor.py:914} INFO - Processing file /home/jonathan-brito/python-projects/airflow/venv/lib/python3.12/site-packages/airflow/example_dags/example_branch_operator.py for tasks to queue
[2025-04-25T12:36:04.291-0300] {logging_mixin.py:190} INFO - [2025-04-25T12:36:04.290-0300] {dagbag.py:588} INFO - Filling up the DagBag from /home/jonathan-brito/python-projects/airflow/venv/lib/python3.12/site-packages/airflow/example_dags/example_branch_operator.py
[2025-04-25T12:36:04.302-0300] {processor.py:927} WARNING - No viable dags retrieved from /home/jonathan-brito/python-projects/airflow/venv/lib/python3.12/site-packages/airflow/example_dags/example_branch_operator.py
[2025-04-25T12:36:04.335-0300] {processor.py:208} INFO - Processing /home/jonathan-brito/python-projects/airflow/venv/lib/python3.12/site-packages/airflow/example_dags/example_branch_operator.py took 0.062 seconds
[2025-04-25T12:37:15.872-0300] {processor.py:186} INFO - Started process (PID=90785) to work on /home/jonathan-brito/python-projects/airflow/venv/lib/python3.12/site-packages/airflow/example_dags/example_branch_operator.py
[2025-04-25T12:37:15.879-0300] {processor.py:914} INFO - Processing file /home/jonathan-brito/python-projects/airflow/venv/lib/python3.12/site-packages/airflow/example_dags/example_branch_operator.py for tasks to queue
[2025-04-25T12:37:15.881-0300] {logging_mixin.py:190} INFO - [2025-04-25T12:37:15.880-0300] {dagbag.py:588} INFO - Filling up the DagBag from /home/jonathan-brito/python-projects/airflow/venv/lib/python3.12/site-packages/airflow/example_dags/example_branch_operator.py
[2025-04-25T12:37:15.886-0300] {processor.py:927} WARNING - No viable dags retrieved from /home/jonathan-brito/python-projects/airflow/venv/lib/python3.12/site-packages/airflow/example_dags/example_branch_operator.py
[2025-04-25T12:37:15.900-0300] {processor.py:208} INFO - Processing /home/jonathan-brito/python-projects/airflow/venv/lib/python3.12/site-packages/airflow/example_dags/example_branch_operator.py took 0.034 seconds
[2025-04-25T12:43:41.904-0300] {processor.py:186} INFO - Started process (PID=97411) to work on /home/jonathan-brito/python-projects/airflow/venv/lib/python3.12/site-packages/airflow/example_dags/example_branch_operator.py
[2025-04-25T12:43:41.913-0300] {processor.py:914} INFO - Processing file /home/jonathan-brito/python-projects/airflow/venv/lib/python3.12/site-packages/airflow/example_dags/example_branch_operator.py for tasks to queue
[2025-04-25T12:43:41.921-0300] {logging_mixin.py:190} INFO - [2025-04-25T12:43:41.919-0300] {dagbag.py:588} INFO - Filling up the DagBag from /home/jonathan-brito/python-projects/airflow/venv/lib/python3.12/site-packages/airflow/example_dags/example_branch_operator.py
[2025-04-25T12:43:41.933-0300] {processor.py:927} WARNING - No viable dags retrieved from /home/jonathan-brito/python-projects/airflow/venv/lib/python3.12/site-packages/airflow/example_dags/example_branch_operator.py
[2025-04-25T12:43:41.975-0300] {processor.py:208} INFO - Processing /home/jonathan-brito/python-projects/airflow/venv/lib/python3.12/site-packages/airflow/example_dags/example_branch_operator.py took 0.090 seconds
[2025-04-25T12:44:57.750-0300] {processor.py:186} INFO - Started process (PID=98829) to work on /home/jonathan-brito/python-projects/airflow/venv/lib/python3.12/site-packages/airflow/example_dags/example_branch_operator.py
[2025-04-25T12:44:57.757-0300] {processor.py:914} INFO - Processing file /home/jonathan-brito/python-projects/airflow/venv/lib/python3.12/site-packages/airflow/example_dags/example_branch_operator.py for tasks to queue
[2025-04-25T12:44:57.759-0300] {logging_mixin.py:190} INFO - [2025-04-25T12:44:57.758-0300] {dagbag.py:588} INFO - Filling up the DagBag from /home/jonathan-brito/python-projects/airflow/venv/lib/python3.12/site-packages/airflow/example_dags/example_branch_operator.py
[2025-04-25T12:44:57.762-0300] {processor.py:927} WARNING - No viable dags retrieved from /home/jonathan-brito/python-projects/airflow/venv/lib/python3.12/site-packages/airflow/example_dags/example_branch_operator.py
[2025-04-25T12:44:57.774-0300] {processor.py:208} INFO - Processing /home/jonathan-brito/python-projects/airflow/venv/lib/python3.12/site-packages/airflow/example_dags/example_branch_operator.py took 0.030 seconds
[2025-04-25T12:46:16.936-0300] {processor.py:186} INFO - Started process (PID=100142) to work on /home/jonathan-brito/python-projects/airflow/venv/lib/python3.12/site-packages/airflow/example_dags/example_branch_operator.py
[2025-04-25T12:46:16.945-0300] {processor.py:914} INFO - Processing file /home/jonathan-brito/python-projects/airflow/venv/lib/python3.12/site-packages/airflow/example_dags/example_branch_operator.py for tasks to queue
[2025-04-25T12:46:16.950-0300] {logging_mixin.py:190} INFO - [2025-04-25T12:46:16.948-0300] {dagbag.py:588} INFO - Filling up the DagBag from /home/jonathan-brito/python-projects/airflow/venv/lib/python3.12/site-packages/airflow/example_dags/example_branch_operator.py
[2025-04-25T12:46:16.962-0300] {processor.py:927} WARNING - No viable dags retrieved from /home/jonathan-brito/python-projects/airflow/venv/lib/python3.12/site-packages/airflow/example_dags/example_branch_operator.py
[2025-04-25T12:46:16.994-0300] {processor.py:208} INFO - Processing /home/jonathan-brito/python-projects/airflow/venv/lib/python3.12/site-packages/airflow/example_dags/example_branch_operator.py took 0.082 seconds
[2025-04-25T12:47:29.901-0300] {processor.py:186} INFO - Started process (PID=101395) to work on /home/jonathan-brito/python-projects/airflow/venv/lib/python3.12/site-packages/airflow/example_dags/example_branch_operator.py
[2025-04-25T12:47:29.908-0300] {processor.py:914} INFO - Processing file /home/jonathan-brito/python-projects/airflow/venv/lib/python3.12/site-packages/airflow/example_dags/example_branch_operator.py for tasks to queue
[2025-04-25T12:47:29.911-0300] {logging_mixin.py:190} INFO - [2025-04-25T12:47:29.910-0300] {dagbag.py:588} INFO - Filling up the DagBag from /home/jonathan-brito/python-projects/airflow/venv/lib/python3.12/site-packages/airflow/example_dags/example_branch_operator.py
[2025-04-25T12:47:29.915-0300] {processor.py:927} WARNING - No viable dags retrieved from /home/jonathan-brito/python-projects/airflow/venv/lib/python3.12/site-packages/airflow/example_dags/example_branch_operator.py
[2025-04-25T12:47:29.929-0300] {processor.py:208} INFO - Processing /home/jonathan-brito/python-projects/airflow/venv/lib/python3.12/site-packages/airflow/example_dags/example_branch_operator.py took 0.036 seconds
[2025-04-25T13:30:08.284-0300] {processor.py:186} INFO - Started process (PID=142761) to work on /home/jonathan-brito/python-projects/airflow/venv/lib/python3.12/site-packages/airflow/example_dags/example_branch_operator.py
[2025-04-25T13:30:08.292-0300] {processor.py:914} INFO - Processing file /home/jonathan-brito/python-projects/airflow/venv/lib/python3.12/site-packages/airflow/example_dags/example_branch_operator.py for tasks to queue
[2025-04-25T13:30:08.297-0300] {logging_mixin.py:190} INFO - [2025-04-25T13:30:08.295-0300] {dagbag.py:588} INFO - Filling up the DagBag from /home/jonathan-brito/python-projects/airflow/venv/lib/python3.12/site-packages/airflow/example_dags/example_branch_operator.py
[2025-04-25T13:30:08.309-0300] {processor.py:927} WARNING - No viable dags retrieved from /home/jonathan-brito/python-projects/airflow/venv/lib/python3.12/site-packages/airflow/example_dags/example_branch_operator.py
[2025-04-25T13:30:08.333-0300] {processor.py:208} INFO - Processing /home/jonathan-brito/python-projects/airflow/venv/lib/python3.12/site-packages/airflow/example_dags/example_branch_operator.py took 0.057 seconds
[2025-04-25T13:31:14.919-0300] {processor.py:186} INFO - Started process (PID=143152) to work on /home/jonathan-brito/python-projects/airflow/venv/lib/python3.12/site-packages/airflow/example_dags/example_branch_operator.py
[2025-04-25T13:31:14.927-0300] {processor.py:914} INFO - Processing file /home/jonathan-brito/python-projects/airflow/venv/lib/python3.12/site-packages/airflow/example_dags/example_branch_operator.py for tasks to queue
[2025-04-25T13:31:14.930-0300] {logging_mixin.py:190} INFO - [2025-04-25T13:31:14.929-0300] {dagbag.py:588} INFO - Filling up the DagBag from /home/jonathan-brito/python-projects/airflow/venv/lib/python3.12/site-packages/airflow/example_dags/example_branch_operator.py
[2025-04-25T13:31:14.937-0300] {processor.py:927} WARNING - No viable dags retrieved from /home/jonathan-brito/python-projects/airflow/venv/lib/python3.12/site-packages/airflow/example_dags/example_branch_operator.py
[2025-04-25T13:31:14.953-0300] {processor.py:208} INFO - Processing /home/jonathan-brito/python-projects/airflow/venv/lib/python3.12/site-packages/airflow/example_dags/example_branch_operator.py took 0.054 seconds
[2025-04-25T13:32:22.529-0300] {processor.py:186} INFO - Started process (PID=143576) to work on /home/jonathan-brito/python-projects/airflow/venv/lib/python3.12/site-packages/airflow/example_dags/example_branch_operator.py
[2025-04-25T13:32:22.537-0300] {processor.py:914} INFO - Processing file /home/jonathan-brito/python-projects/airflow/venv/lib/python3.12/site-packages/airflow/example_dags/example_branch_operator.py for tasks to queue
[2025-04-25T13:32:22.541-0300] {logging_mixin.py:190} INFO - [2025-04-25T13:32:22.540-0300] {dagbag.py:588} INFO - Filling up the DagBag from /home/jonathan-brito/python-projects/airflow/venv/lib/python3.12/site-packages/airflow/example_dags/example_branch_operator.py
[2025-04-25T13:32:22.549-0300] {processor.py:927} WARNING - No viable dags retrieved from /home/jonathan-brito/python-projects/airflow/venv/lib/python3.12/site-packages/airflow/example_dags/example_branch_operator.py
[2025-04-25T13:32:22.573-0300] {processor.py:208} INFO - Processing /home/jonathan-brito/python-projects/airflow/venv/lib/python3.12/site-packages/airflow/example_dags/example_branch_operator.py took 0.059 seconds
[2025-04-25T13:33:27.545-0300] {processor.py:186} INFO - Started process (PID=143977) to work on /home/jonathan-brito/python-projects/airflow/venv/lib/python3.12/site-packages/airflow/example_dags/example_branch_operator.py
[2025-04-25T13:33:27.552-0300] {processor.py:914} INFO - Processing file /home/jonathan-brito/python-projects/airflow/venv/lib/python3.12/site-packages/airflow/example_dags/example_branch_operator.py for tasks to queue
[2025-04-25T13:33:27.553-0300] {logging_mixin.py:190} INFO - [2025-04-25T13:33:27.553-0300] {dagbag.py:588} INFO - Filling up the DagBag from /home/jonathan-brito/python-projects/airflow/venv/lib/python3.12/site-packages/airflow/example_dags/example_branch_operator.py
[2025-04-25T13:33:27.557-0300] {processor.py:927} WARNING - No viable dags retrieved from /home/jonathan-brito/python-projects/airflow/venv/lib/python3.12/site-packages/airflow/example_dags/example_branch_operator.py
[2025-04-25T13:33:27.569-0300] {processor.py:208} INFO - Processing /home/jonathan-brito/python-projects/airflow/venv/lib/python3.12/site-packages/airflow/example_dags/example_branch_operator.py took 0.036 seconds
[2025-04-25T13:34:26.469-0300] {processor.py:186} INFO - Started process (PID=144412) to work on /home/jonathan-brito/python-projects/airflow/venv/lib/python3.12/site-packages/airflow/example_dags/example_branch_operator.py
[2025-04-25T13:34:26.477-0300] {processor.py:914} INFO - Processing file /home/jonathan-brito/python-projects/airflow/venv/lib/python3.12/site-packages/airflow/example_dags/example_branch_operator.py for tasks to queue
[2025-04-25T13:34:26.479-0300] {logging_mixin.py:190} INFO - [2025-04-25T13:34:26.478-0300] {dagbag.py:588} INFO - Filling up the DagBag from /home/jonathan-brito/python-projects/airflow/venv/lib/python3.12/site-packages/airflow/example_dags/example_branch_operator.py
[2025-04-25T13:34:26.482-0300] {processor.py:927} WARNING - No viable dags retrieved from /home/jonathan-brito/python-projects/airflow/venv/lib/python3.12/site-packages/airflow/example_dags/example_branch_operator.py
[2025-04-25T13:34:26.494-0300] {processor.py:208} INFO - Processing /home/jonathan-brito/python-projects/airflow/venv/lib/python3.12/site-packages/airflow/example_dags/example_branch_operator.py took 0.031 seconds
[2025-04-25T13:35:33.858-0300] {processor.py:186} INFO - Started process (PID=144877) to work on /home/jonathan-brito/python-projects/airflow/venv/lib/python3.12/site-packages/airflow/example_dags/example_branch_operator.py
[2025-04-25T13:35:33.865-0300] {processor.py:914} INFO - Processing file /home/jonathan-brito/python-projects/airflow/venv/lib/python3.12/site-packages/airflow/example_dags/example_branch_operator.py for tasks to queue
[2025-04-25T13:35:33.867-0300] {logging_mixin.py:190} INFO - [2025-04-25T13:35:33.866-0300] {dagbag.py:588} INFO - Filling up the DagBag from /home/jonathan-brito/python-projects/airflow/venv/lib/python3.12/site-packages/airflow/example_dags/example_branch_operator.py
[2025-04-25T13:35:33.871-0300] {processor.py:927} WARNING - No viable dags retrieved from /home/jonathan-brito/python-projects/airflow/venv/lib/python3.12/site-packages/airflow/example_dags/example_branch_operator.py
[2025-04-25T13:35:33.889-0300] {processor.py:208} INFO - Processing /home/jonathan-brito/python-projects/airflow/venv/lib/python3.12/site-packages/airflow/example_dags/example_branch_operator.py took 0.045 seconds
[2025-04-25T13:36:38.848-0300] {processor.py:186} INFO - Started process (PID=145272) to work on /home/jonathan-brito/python-projects/airflow/venv/lib/python3.12/site-packages/airflow/example_dags/example_branch_operator.py
[2025-04-25T13:36:38.854-0300] {processor.py:914} INFO - Processing file /home/jonathan-brito/python-projects/airflow/venv/lib/python3.12/site-packages/airflow/example_dags/example_branch_operator.py for tasks to queue
[2025-04-25T13:36:38.856-0300] {logging_mixin.py:190} INFO - [2025-04-25T13:36:38.855-0300] {dagbag.py:588} INFO - Filling up the DagBag from /home/jonathan-brito/python-projects/airflow/venv/lib/python3.12/site-packages/airflow/example_dags/example_branch_operator.py
[2025-04-25T13:36:38.859-0300] {processor.py:927} WARNING - No viable dags retrieved from /home/jonathan-brito/python-projects/airflow/venv/lib/python3.12/site-packages/airflow/example_dags/example_branch_operator.py
[2025-04-25T13:36:38.870-0300] {processor.py:208} INFO - Processing /home/jonathan-brito/python-projects/airflow/venv/lib/python3.12/site-packages/airflow/example_dags/example_branch_operator.py took 0.029 seconds
[2025-04-25T13:37:44.108-0300] {processor.py:186} INFO - Started process (PID=145670) to work on /home/jonathan-brito/python-projects/airflow/venv/lib/python3.12/site-packages/airflow/example_dags/example_branch_operator.py
[2025-04-25T13:37:44.116-0300] {processor.py:914} INFO - Processing file /home/jonathan-brito/python-projects/airflow/venv/lib/python3.12/site-packages/airflow/example_dags/example_branch_operator.py for tasks to queue
[2025-04-25T13:37:44.117-0300] {logging_mixin.py:190} INFO - [2025-04-25T13:37:44.117-0300] {dagbag.py:588} INFO - Filling up the DagBag from /home/jonathan-brito/python-projects/airflow/venv/lib/python3.12/site-packages/airflow/example_dags/example_branch_operator.py
[2025-04-25T13:37:44.121-0300] {processor.py:927} WARNING - No viable dags retrieved from /home/jonathan-brito/python-projects/airflow/venv/lib/python3.12/site-packages/airflow/example_dags/example_branch_operator.py
[2025-04-25T13:37:44.133-0300] {processor.py:208} INFO - Processing /home/jonathan-brito/python-projects/airflow/venv/lib/python3.12/site-packages/airflow/example_dags/example_branch_operator.py took 0.032 seconds
[2025-04-25T13:38:48.690-0300] {processor.py:186} INFO - Started process (PID=146106) to work on /home/jonathan-brito/python-projects/airflow/venv/lib/python3.12/site-packages/airflow/example_dags/example_branch_operator.py
[2025-04-25T13:38:48.697-0300] {processor.py:914} INFO - Processing file /home/jonathan-brito/python-projects/airflow/venv/lib/python3.12/site-packages/airflow/example_dags/example_branch_operator.py for tasks to queue
[2025-04-25T13:38:48.700-0300] {logging_mixin.py:190} INFO - [2025-04-25T13:38:48.699-0300] {dagbag.py:588} INFO - Filling up the DagBag from /home/jonathan-brito/python-projects/airflow/venv/lib/python3.12/site-packages/airflow/example_dags/example_branch_operator.py
[2025-04-25T13:38:48.709-0300] {processor.py:927} WARNING - No viable dags retrieved from /home/jonathan-brito/python-projects/airflow/venv/lib/python3.12/site-packages/airflow/example_dags/example_branch_operator.py
[2025-04-25T13:38:48.724-0300] {processor.py:208} INFO - Processing /home/jonathan-brito/python-projects/airflow/venv/lib/python3.12/site-packages/airflow/example_dags/example_branch_operator.py took 0.041 seconds
[2025-04-25T13:39:52.498-0300] {processor.py:186} INFO - Started process (PID=146645) to work on /home/jonathan-brito/python-projects/airflow/venv/lib/python3.12/site-packages/airflow/example_dags/example_branch_operator.py
[2025-04-25T13:39:52.499-0300] {processor.py:914} INFO - Processing file /home/jonathan-brito/python-projects/airflow/venv/lib/python3.12/site-packages/airflow/example_dags/example_branch_operator.py for tasks to queue
[2025-04-25T13:39:52.501-0300] {logging_mixin.py:190} INFO - [2025-04-25T13:39:52.500-0300] {dagbag.py:588} INFO - Filling up the DagBag from /home/jonathan-brito/python-projects/airflow/venv/lib/python3.12/site-packages/airflow/example_dags/example_branch_operator.py
[2025-04-25T13:39:52.505-0300] {processor.py:927} WARNING - No viable dags retrieved from /home/jonathan-brito/python-projects/airflow/venv/lib/python3.12/site-packages/airflow/example_dags/example_branch_operator.py
[2025-04-25T13:39:52.521-0300] {processor.py:208} INFO - Processing /home/jonathan-brito/python-projects/airflow/venv/lib/python3.12/site-packages/airflow/example_dags/example_branch_operator.py took 0.033 seconds
[2025-04-25T13:40:51.357-0300] {processor.py:186} INFO - Started process (PID=147395) to work on /home/jonathan-brito/python-projects/airflow/venv/lib/python3.12/site-packages/airflow/example_dags/example_branch_operator.py
[2025-04-25T13:40:51.358-0300] {processor.py:914} INFO - Processing file /home/jonathan-brito/python-projects/airflow/venv/lib/python3.12/site-packages/airflow/example_dags/example_branch_operator.py for tasks to queue
[2025-04-25T13:40:51.360-0300] {logging_mixin.py:190} INFO - [2025-04-25T13:40:51.359-0300] {dagbag.py:588} INFO - Filling up the DagBag from /home/jonathan-brito/python-projects/airflow/venv/lib/python3.12/site-packages/airflow/example_dags/example_branch_operator.py
[2025-04-25T13:40:51.363-0300] {processor.py:927} WARNING - No viable dags retrieved from /home/jonathan-brito/python-projects/airflow/venv/lib/python3.12/site-packages/airflow/example_dags/example_branch_operator.py
[2025-04-25T13:40:51.377-0300] {processor.py:208} INFO - Processing /home/jonathan-brito/python-projects/airflow/venv/lib/python3.12/site-packages/airflow/example_dags/example_branch_operator.py took 0.028 seconds
[2025-04-25T13:41:51.149-0300] {processor.py:186} INFO - Started process (PID=148007) to work on /home/jonathan-brito/python-projects/airflow/venv/lib/python3.12/site-packages/airflow/example_dags/example_branch_operator.py
[2025-04-25T13:41:51.156-0300] {processor.py:914} INFO - Processing file /home/jonathan-brito/python-projects/airflow/venv/lib/python3.12/site-packages/airflow/example_dags/example_branch_operator.py for tasks to queue
[2025-04-25T13:41:51.157-0300] {logging_mixin.py:190} INFO - [2025-04-25T13:41:51.157-0300] {dagbag.py:588} INFO - Filling up the DagBag from /home/jonathan-brito/python-projects/airflow/venv/lib/python3.12/site-packages/airflow/example_dags/example_branch_operator.py
[2025-04-25T13:41:51.160-0300] {processor.py:927} WARNING - No viable dags retrieved from /home/jonathan-brito/python-projects/airflow/venv/lib/python3.12/site-packages/airflow/example_dags/example_branch_operator.py
[2025-04-25T13:41:51.172-0300] {processor.py:208} INFO - Processing /home/jonathan-brito/python-projects/airflow/venv/lib/python3.12/site-packages/airflow/example_dags/example_branch_operator.py took 0.029 seconds
[2025-04-25T13:42:52.543-0300] {processor.py:186} INFO - Started process (PID=148407) to work on /home/jonathan-brito/python-projects/airflow/venv/lib/python3.12/site-packages/airflow/example_dags/example_branch_operator.py
[2025-04-25T13:42:52.550-0300] {processor.py:914} INFO - Processing file /home/jonathan-brito/python-projects/airflow/venv/lib/python3.12/site-packages/airflow/example_dags/example_branch_operator.py for tasks to queue
[2025-04-25T13:42:52.551-0300] {logging_mixin.py:190} INFO - [2025-04-25T13:42:52.551-0300] {dagbag.py:588} INFO - Filling up the DagBag from /home/jonathan-brito/python-projects/airflow/venv/lib/python3.12/site-packages/airflow/example_dags/example_branch_operator.py
[2025-04-25T13:42:52.554-0300] {processor.py:927} WARNING - No viable dags retrieved from /home/jonathan-brito/python-projects/airflow/venv/lib/python3.12/site-packages/airflow/example_dags/example_branch_operator.py
[2025-04-25T13:42:52.565-0300] {processor.py:208} INFO - Processing /home/jonathan-brito/python-projects/airflow/venv/lib/python3.12/site-packages/airflow/example_dags/example_branch_operator.py took 0.028 seconds
[2025-04-25T13:44:00.092-0300] {processor.py:186} INFO - Started process (PID=148854) to work on /home/jonathan-brito/python-projects/airflow/venv/lib/python3.12/site-packages/airflow/example_dags/example_branch_operator.py
[2025-04-25T13:44:00.099-0300] {processor.py:914} INFO - Processing file /home/jonathan-brito/python-projects/airflow/venv/lib/python3.12/site-packages/airflow/example_dags/example_branch_operator.py for tasks to queue
[2025-04-25T13:44:00.101-0300] {logging_mixin.py:190} INFO - [2025-04-25T13:44:00.100-0300] {dagbag.py:588} INFO - Filling up the DagBag from /home/jonathan-brito/python-projects/airflow/venv/lib/python3.12/site-packages/airflow/example_dags/example_branch_operator.py
[2025-04-25T13:44:00.104-0300] {processor.py:927} WARNING - No viable dags retrieved from /home/jonathan-brito/python-projects/airflow/venv/lib/python3.12/site-packages/airflow/example_dags/example_branch_operator.py
[2025-04-25T13:44:00.115-0300] {processor.py:208} INFO - Processing /home/jonathan-brito/python-projects/airflow/venv/lib/python3.12/site-packages/airflow/example_dags/example_branch_operator.py took 0.029 seconds
[2025-04-25T13:45:06.559-0300] {processor.py:186} INFO - Started process (PID=149338) to work on /home/jonathan-brito/python-projects/airflow/venv/lib/python3.12/site-packages/airflow/example_dags/example_branch_operator.py
[2025-04-25T13:45:06.567-0300] {processor.py:914} INFO - Processing file /home/jonathan-brito/python-projects/airflow/venv/lib/python3.12/site-packages/airflow/example_dags/example_branch_operator.py for tasks to queue
[2025-04-25T13:45:06.570-0300] {logging_mixin.py:190} INFO - [2025-04-25T13:45:06.569-0300] {dagbag.py:588} INFO - Filling up the DagBag from /home/jonathan-brito/python-projects/airflow/venv/lib/python3.12/site-packages/airflow/example_dags/example_branch_operator.py
[2025-04-25T13:45:06.576-0300] {processor.py:927} WARNING - No viable dags retrieved from /home/jonathan-brito/python-projects/airflow/venv/lib/python3.12/site-packages/airflow/example_dags/example_branch_operator.py
[2025-04-25T13:45:06.592-0300] {processor.py:208} INFO - Processing /home/jonathan-brito/python-projects/airflow/venv/lib/python3.12/site-packages/airflow/example_dags/example_branch_operator.py took 0.054 seconds
[2025-04-25T13:46:11.900-0300] {processor.py:186} INFO - Started process (PID=149755) to work on /home/jonathan-brito/python-projects/airflow/venv/lib/python3.12/site-packages/airflow/example_dags/example_branch_operator.py
[2025-04-25T13:46:11.907-0300] {processor.py:914} INFO - Processing file /home/jonathan-brito/python-projects/airflow/venv/lib/python3.12/site-packages/airflow/example_dags/example_branch_operator.py for tasks to queue
[2025-04-25T13:46:11.909-0300] {logging_mixin.py:190} INFO - [2025-04-25T13:46:11.908-0300] {dagbag.py:588} INFO - Filling up the DagBag from /home/jonathan-brito/python-projects/airflow/venv/lib/python3.12/site-packages/airflow/example_dags/example_branch_operator.py
[2025-04-25T13:46:11.913-0300] {processor.py:927} WARNING - No viable dags retrieved from /home/jonathan-brito/python-projects/airflow/venv/lib/python3.12/site-packages/airflow/example_dags/example_branch_operator.py
[2025-04-25T13:46:11.930-0300] {processor.py:208} INFO - Processing /home/jonathan-brito/python-projects/airflow/venv/lib/python3.12/site-packages/airflow/example_dags/example_branch_operator.py took 0.038 seconds
[2025-04-25T13:47:16.685-0300] {processor.py:186} INFO - Started process (PID=150147) to work on /home/jonathan-brito/python-projects/airflow/venv/lib/python3.12/site-packages/airflow/example_dags/example_branch_operator.py
[2025-04-25T13:47:16.692-0300] {processor.py:914} INFO - Processing file /home/jonathan-brito/python-projects/airflow/venv/lib/python3.12/site-packages/airflow/example_dags/example_branch_operator.py for tasks to queue
[2025-04-25T13:47:16.694-0300] {logging_mixin.py:190} INFO - [2025-04-25T13:47:16.693-0300] {dagbag.py:588} INFO - Filling up the DagBag from /home/jonathan-brito/python-projects/airflow/venv/lib/python3.12/site-packages/airflow/example_dags/example_branch_operator.py
[2025-04-25T13:47:16.697-0300] {processor.py:927} WARNING - No viable dags retrieved from /home/jonathan-brito/python-projects/airflow/venv/lib/python3.12/site-packages/airflow/example_dags/example_branch_operator.py
[2025-04-25T13:47:16.708-0300] {processor.py:208} INFO - Processing /home/jonathan-brito/python-projects/airflow/venv/lib/python3.12/site-packages/airflow/example_dags/example_branch_operator.py took 0.030 seconds
[2025-04-25T13:48:21.942-0300] {processor.py:186} INFO - Started process (PID=150707) to work on /home/jonathan-brito/python-projects/airflow/venv/lib/python3.12/site-packages/airflow/example_dags/example_branch_operator.py
[2025-04-25T13:48:21.949-0300] {processor.py:914} INFO - Processing file /home/jonathan-brito/python-projects/airflow/venv/lib/python3.12/site-packages/airflow/example_dags/example_branch_operator.py for tasks to queue
[2025-04-25T13:48:21.951-0300] {logging_mixin.py:190} INFO - [2025-04-25T13:48:21.951-0300] {dagbag.py:588} INFO - Filling up the DagBag from /home/jonathan-brito/python-projects/airflow/venv/lib/python3.12/site-packages/airflow/example_dags/example_branch_operator.py
[2025-04-25T13:48:21.955-0300] {processor.py:927} WARNING - No viable dags retrieved from /home/jonathan-brito/python-projects/airflow/venv/lib/python3.12/site-packages/airflow/example_dags/example_branch_operator.py
[2025-04-25T13:48:21.967-0300] {processor.py:208} INFO - Processing /home/jonathan-brito/python-projects/airflow/venv/lib/python3.12/site-packages/airflow/example_dags/example_branch_operator.py took 0.031 seconds
[2025-04-25T13:49:29.342-0300] {processor.py:186} INFO - Started process (PID=151233) to work on /home/jonathan-brito/python-projects/airflow/venv/lib/python3.12/site-packages/airflow/example_dags/example_branch_operator.py
[2025-04-25T13:49:29.349-0300] {processor.py:914} INFO - Processing file /home/jonathan-brito/python-projects/airflow/venv/lib/python3.12/site-packages/airflow/example_dags/example_branch_operator.py for tasks to queue
[2025-04-25T13:49:29.351-0300] {logging_mixin.py:190} INFO - [2025-04-25T13:49:29.350-0300] {dagbag.py:588} INFO - Filling up the DagBag from /home/jonathan-brito/python-projects/airflow/venv/lib/python3.12/site-packages/airflow/example_dags/example_branch_operator.py
[2025-04-25T13:49:29.355-0300] {processor.py:927} WARNING - No viable dags retrieved from /home/jonathan-brito/python-projects/airflow/venv/lib/python3.12/site-packages/airflow/example_dags/example_branch_operator.py
[2025-04-25T13:49:29.370-0300] {processor.py:208} INFO - Processing /home/jonathan-brito/python-projects/airflow/venv/lib/python3.12/site-packages/airflow/example_dags/example_branch_operator.py took 0.036 seconds
[2025-04-25T13:50:32.478-0300] {processor.py:186} INFO - Started process (PID=151709) to work on /home/jonathan-brito/python-projects/airflow/venv/lib/python3.12/site-packages/airflow/example_dags/example_branch_operator.py
[2025-04-25T13:50:32.485-0300] {processor.py:914} INFO - Processing file /home/jonathan-brito/python-projects/airflow/venv/lib/python3.12/site-packages/airflow/example_dags/example_branch_operator.py for tasks to queue
[2025-04-25T13:50:32.486-0300] {logging_mixin.py:190} INFO - [2025-04-25T13:50:32.486-0300] {dagbag.py:588} INFO - Filling up the DagBag from /home/jonathan-brito/python-projects/airflow/venv/lib/python3.12/site-packages/airflow/example_dags/example_branch_operator.py
[2025-04-25T13:50:32.489-0300] {processor.py:927} WARNING - No viable dags retrieved from /home/jonathan-brito/python-projects/airflow/venv/lib/python3.12/site-packages/airflow/example_dags/example_branch_operator.py
[2025-04-25T13:50:32.501-0300] {processor.py:208} INFO - Processing /home/jonathan-brito/python-projects/airflow/venv/lib/python3.12/site-packages/airflow/example_dags/example_branch_operator.py took 0.030 seconds
[2025-04-25T13:51:32.363-0300] {processor.py:186} INFO - Started process (PID=152076) to work on /home/jonathan-brito/python-projects/airflow/venv/lib/python3.12/site-packages/airflow/example_dags/example_branch_operator.py
[2025-04-25T13:51:32.364-0300] {processor.py:914} INFO - Processing file /home/jonathan-brito/python-projects/airflow/venv/lib/python3.12/site-packages/airflow/example_dags/example_branch_operator.py for tasks to queue
[2025-04-25T13:51:32.366-0300] {logging_mixin.py:190} INFO - [2025-04-25T13:51:32.365-0300] {dagbag.py:588} INFO - Filling up the DagBag from /home/jonathan-brito/python-projects/airflow/venv/lib/python3.12/site-packages/airflow/example_dags/example_branch_operator.py
[2025-04-25T13:51:32.370-0300] {processor.py:927} WARNING - No viable dags retrieved from /home/jonathan-brito/python-projects/airflow/venv/lib/python3.12/site-packages/airflow/example_dags/example_branch_operator.py
[2025-04-25T13:51:32.381-0300] {processor.py:208} INFO - Processing /home/jonathan-brito/python-projects/airflow/venv/lib/python3.12/site-packages/airflow/example_dags/example_branch_operator.py took 0.024 seconds
[2025-04-25T13:52:34.833-0300] {processor.py:186} INFO - Started process (PID=152467) to work on /home/jonathan-brito/python-projects/airflow/venv/lib/python3.12/site-packages/airflow/example_dags/example_branch_operator.py
[2025-04-25T13:52:34.834-0300] {processor.py:914} INFO - Processing file /home/jonathan-brito/python-projects/airflow/venv/lib/python3.12/site-packages/airflow/example_dags/example_branch_operator.py for tasks to queue
[2025-04-25T13:52:34.835-0300] {logging_mixin.py:190} INFO - [2025-04-25T13:52:34.835-0300] {dagbag.py:588} INFO - Filling up the DagBag from /home/jonathan-brito/python-projects/airflow/venv/lib/python3.12/site-packages/airflow/example_dags/example_branch_operator.py
[2025-04-25T13:52:34.838-0300] {processor.py:927} WARNING - No viable dags retrieved from /home/jonathan-brito/python-projects/airflow/venv/lib/python3.12/site-packages/airflow/example_dags/example_branch_operator.py
[2025-04-25T13:52:34.850-0300] {processor.py:208} INFO - Processing /home/jonathan-brito/python-projects/airflow/venv/lib/python3.12/site-packages/airflow/example_dags/example_branch_operator.py took 0.024 seconds
[2025-04-25T13:53:37.433-0300] {processor.py:186} INFO - Started process (PID=153079) to work on /home/jonathan-brito/python-projects/airflow/venv/lib/python3.12/site-packages/airflow/example_dags/example_branch_operator.py
[2025-04-25T13:53:37.440-0300] {processor.py:914} INFO - Processing file /home/jonathan-brito/python-projects/airflow/venv/lib/python3.12/site-packages/airflow/example_dags/example_branch_operator.py for tasks to queue
[2025-04-25T13:53:37.442-0300] {logging_mixin.py:190} INFO - [2025-04-25T13:53:37.441-0300] {dagbag.py:588} INFO - Filling up the DagBag from /home/jonathan-brito/python-projects/airflow/venv/lib/python3.12/site-packages/airflow/example_dags/example_branch_operator.py
[2025-04-25T13:53:37.445-0300] {processor.py:927} WARNING - No viable dags retrieved from /home/jonathan-brito/python-projects/airflow/venv/lib/python3.12/site-packages/airflow/example_dags/example_branch_operator.py
[2025-04-25T13:53:37.458-0300] {processor.py:208} INFO - Processing /home/jonathan-brito/python-projects/airflow/venv/lib/python3.12/site-packages/airflow/example_dags/example_branch_operator.py took 0.032 seconds
[2025-04-25T13:54:42.055-0300] {processor.py:186} INFO - Started process (PID=153603) to work on /home/jonathan-brito/python-projects/airflow/venv/lib/python3.12/site-packages/airflow/example_dags/example_branch_operator.py
[2025-04-25T13:54:42.062-0300] {processor.py:914} INFO - Processing file /home/jonathan-brito/python-projects/airflow/venv/lib/python3.12/site-packages/airflow/example_dags/example_branch_operator.py for tasks to queue
[2025-04-25T13:54:42.064-0300] {logging_mixin.py:190} INFO - [2025-04-25T13:54:42.063-0300] {dagbag.py:588} INFO - Filling up the DagBag from /home/jonathan-brito/python-projects/airflow/venv/lib/python3.12/site-packages/airflow/example_dags/example_branch_operator.py
[2025-04-25T13:54:42.067-0300] {processor.py:927} WARNING - No viable dags retrieved from /home/jonathan-brito/python-projects/airflow/venv/lib/python3.12/site-packages/airflow/example_dags/example_branch_operator.py
[2025-04-25T13:54:42.079-0300] {processor.py:208} INFO - Processing /home/jonathan-brito/python-projects/airflow/venv/lib/python3.12/site-packages/airflow/example_dags/example_branch_operator.py took 0.031 seconds
[2025-04-25T13:55:55.808-0300] {processor.py:186} INFO - Started process (PID=154054) to work on /home/jonathan-brito/python-projects/airflow/venv/lib/python3.12/site-packages/airflow/example_dags/example_branch_operator.py
[2025-04-25T13:55:55.815-0300] {processor.py:914} INFO - Processing file /home/jonathan-brito/python-projects/airflow/venv/lib/python3.12/site-packages/airflow/example_dags/example_branch_operator.py for tasks to queue
[2025-04-25T13:55:55.817-0300] {logging_mixin.py:190} INFO - [2025-04-25T13:55:55.817-0300] {dagbag.py:588} INFO - Filling up the DagBag from /home/jonathan-brito/python-projects/airflow/venv/lib/python3.12/site-packages/airflow/example_dags/example_branch_operator.py
[2025-04-25T13:55:55.820-0300] {processor.py:927} WARNING - No viable dags retrieved from /home/jonathan-brito/python-projects/airflow/venv/lib/python3.12/site-packages/airflow/example_dags/example_branch_operator.py
[2025-04-25T13:55:55.833-0300] {processor.py:208} INFO - Processing /home/jonathan-brito/python-projects/airflow/venv/lib/python3.12/site-packages/airflow/example_dags/example_branch_operator.py took 0.031 seconds
[2025-04-25T13:57:12.437-0300] {processor.py:186} INFO - Started process (PID=154518) to work on /home/jonathan-brito/python-projects/airflow/venv/lib/python3.12/site-packages/airflow/example_dags/example_branch_operator.py
[2025-04-25T13:57:12.444-0300] {processor.py:914} INFO - Processing file /home/jonathan-brito/python-projects/airflow/venv/lib/python3.12/site-packages/airflow/example_dags/example_branch_operator.py for tasks to queue
[2025-04-25T13:57:12.445-0300] {logging_mixin.py:190} INFO - [2025-04-25T13:57:12.445-0300] {dagbag.py:588} INFO - Filling up the DagBag from /home/jonathan-brito/python-projects/airflow/venv/lib/python3.12/site-packages/airflow/example_dags/example_branch_operator.py
[2025-04-25T13:57:12.449-0300] {processor.py:927} WARNING - No viable dags retrieved from /home/jonathan-brito/python-projects/airflow/venv/lib/python3.12/site-packages/airflow/example_dags/example_branch_operator.py
[2025-04-25T13:57:12.460-0300] {processor.py:208} INFO - Processing /home/jonathan-brito/python-projects/airflow/venv/lib/python3.12/site-packages/airflow/example_dags/example_branch_operator.py took 0.030 seconds
[2025-04-25T13:58:28.738-0300] {processor.py:186} INFO - Started process (PID=154979) to work on /home/jonathan-brito/python-projects/airflow/venv/lib/python3.12/site-packages/airflow/example_dags/example_branch_operator.py
[2025-04-25T13:58:28.745-0300] {processor.py:914} INFO - Processing file /home/jonathan-brito/python-projects/airflow/venv/lib/python3.12/site-packages/airflow/example_dags/example_branch_operator.py for tasks to queue
[2025-04-25T13:58:28.746-0300] {logging_mixin.py:190} INFO - [2025-04-25T13:58:28.746-0300] {dagbag.py:588} INFO - Filling up the DagBag from /home/jonathan-brito/python-projects/airflow/venv/lib/python3.12/site-packages/airflow/example_dags/example_branch_operator.py
[2025-04-25T13:58:28.750-0300] {processor.py:927} WARNING - No viable dags retrieved from /home/jonathan-brito/python-projects/airflow/venv/lib/python3.12/site-packages/airflow/example_dags/example_branch_operator.py
[2025-04-25T13:58:28.760-0300] {processor.py:208} INFO - Processing /home/jonathan-brito/python-projects/airflow/venv/lib/python3.12/site-packages/airflow/example_dags/example_branch_operator.py took 0.029 seconds
[2025-04-25T13:59:33.378-0300] {processor.py:186} INFO - Started process (PID=155511) to work on /home/jonathan-brito/python-projects/airflow/venv/lib/python3.12/site-packages/airflow/example_dags/example_branch_operator.py
[2025-04-25T13:59:33.385-0300] {processor.py:914} INFO - Processing file /home/jonathan-brito/python-projects/airflow/venv/lib/python3.12/site-packages/airflow/example_dags/example_branch_operator.py for tasks to queue
[2025-04-25T13:59:33.387-0300] {logging_mixin.py:190} INFO - [2025-04-25T13:59:33.387-0300] {dagbag.py:588} INFO - Filling up the DagBag from /home/jonathan-brito/python-projects/airflow/venv/lib/python3.12/site-packages/airflow/example_dags/example_branch_operator.py
[2025-04-25T13:59:33.390-0300] {processor.py:927} WARNING - No viable dags retrieved from /home/jonathan-brito/python-projects/airflow/venv/lib/python3.12/site-packages/airflow/example_dags/example_branch_operator.py
[2025-04-25T13:59:33.402-0300] {processor.py:208} INFO - Processing /home/jonathan-brito/python-projects/airflow/venv/lib/python3.12/site-packages/airflow/example_dags/example_branch_operator.py took 0.030 seconds
[2025-04-25T14:00:39.057-0300] {processor.py:186} INFO - Started process (PID=155939) to work on /home/jonathan-brito/python-projects/airflow/venv/lib/python3.12/site-packages/airflow/example_dags/example_branch_operator.py
[2025-04-25T14:00:39.064-0300] {processor.py:914} INFO - Processing file /home/jonathan-brito/python-projects/airflow/venv/lib/python3.12/site-packages/airflow/example_dags/example_branch_operator.py for tasks to queue
[2025-04-25T14:00:39.065-0300] {logging_mixin.py:190} INFO - [2025-04-25T14:00:39.065-0300] {dagbag.py:588} INFO - Filling up the DagBag from /home/jonathan-brito/python-projects/airflow/venv/lib/python3.12/site-packages/airflow/example_dags/example_branch_operator.py
[2025-04-25T14:00:39.068-0300] {processor.py:927} WARNING - No viable dags retrieved from /home/jonathan-brito/python-projects/airflow/venv/lib/python3.12/site-packages/airflow/example_dags/example_branch_operator.py
[2025-04-25T14:00:39.079-0300] {processor.py:208} INFO - Processing /home/jonathan-brito/python-projects/airflow/venv/lib/python3.12/site-packages/airflow/example_dags/example_branch_operator.py took 0.029 seconds
[2025-04-25T14:01:42.760-0300] {processor.py:186} INFO - Started process (PID=156313) to work on /home/jonathan-brito/python-projects/airflow/venv/lib/python3.12/site-packages/airflow/example_dags/example_branch_operator.py
[2025-04-25T14:01:42.767-0300] {processor.py:914} INFO - Processing file /home/jonathan-brito/python-projects/airflow/venv/lib/python3.12/site-packages/airflow/example_dags/example_branch_operator.py for tasks to queue
[2025-04-25T14:01:42.769-0300] {logging_mixin.py:190} INFO - [2025-04-25T14:01:42.768-0300] {dagbag.py:588} INFO - Filling up the DagBag from /home/jonathan-brito/python-projects/airflow/venv/lib/python3.12/site-packages/airflow/example_dags/example_branch_operator.py
[2025-04-25T14:01:42.773-0300] {processor.py:927} WARNING - No viable dags retrieved from /home/jonathan-brito/python-projects/airflow/venv/lib/python3.12/site-packages/airflow/example_dags/example_branch_operator.py
[2025-04-25T14:01:42.786-0300] {processor.py:208} INFO - Processing /home/jonathan-brito/python-projects/airflow/venv/lib/python3.12/site-packages/airflow/example_dags/example_branch_operator.py took 0.034 seconds
[2025-04-25T14:02:49.135-0300] {processor.py:186} INFO - Started process (PID=156728) to work on /home/jonathan-brito/python-projects/airflow/venv/lib/python3.12/site-packages/airflow/example_dags/example_branch_operator.py
[2025-04-25T14:02:49.142-0300] {processor.py:914} INFO - Processing file /home/jonathan-brito/python-projects/airflow/venv/lib/python3.12/site-packages/airflow/example_dags/example_branch_operator.py for tasks to queue
[2025-04-25T14:02:49.143-0300] {logging_mixin.py:190} INFO - [2025-04-25T14:02:49.143-0300] {dagbag.py:588} INFO - Filling up the DagBag from /home/jonathan-brito/python-projects/airflow/venv/lib/python3.12/site-packages/airflow/example_dags/example_branch_operator.py
[2025-04-25T14:02:49.146-0300] {processor.py:927} WARNING - No viable dags retrieved from /home/jonathan-brito/python-projects/airflow/venv/lib/python3.12/site-packages/airflow/example_dags/example_branch_operator.py
[2025-04-25T14:02:49.159-0300] {processor.py:208} INFO - Processing /home/jonathan-brito/python-projects/airflow/venv/lib/python3.12/site-packages/airflow/example_dags/example_branch_operator.py took 0.031 seconds
[2025-04-25T14:03:50.375-0300] {processor.py:186} INFO - Started process (PID=157111) to work on /home/jonathan-brito/python-projects/airflow/venv/lib/python3.12/site-packages/airflow/example_dags/example_branch_operator.py
[2025-04-25T14:03:50.382-0300] {processor.py:914} INFO - Processing file /home/jonathan-brito/python-projects/airflow/venv/lib/python3.12/site-packages/airflow/example_dags/example_branch_operator.py for tasks to queue
[2025-04-25T14:03:50.384-0300] {logging_mixin.py:190} INFO - [2025-04-25T14:03:50.384-0300] {dagbag.py:588} INFO - Filling up the DagBag from /home/jonathan-brito/python-projects/airflow/venv/lib/python3.12/site-packages/airflow/example_dags/example_branch_operator.py
[2025-04-25T14:03:50.387-0300] {processor.py:927} WARNING - No viable dags retrieved from /home/jonathan-brito/python-projects/airflow/venv/lib/python3.12/site-packages/airflow/example_dags/example_branch_operator.py
[2025-04-25T14:03:50.398-0300] {processor.py:208} INFO - Processing /home/jonathan-brito/python-projects/airflow/venv/lib/python3.12/site-packages/airflow/example_dags/example_branch_operator.py took 0.030 seconds
[2025-04-25T14:04:52.727-0300] {processor.py:186} INFO - Started process (PID=157581) to work on /home/jonathan-brito/python-projects/airflow/venv/lib/python3.12/site-packages/airflow/example_dags/example_branch_operator.py
[2025-04-25T14:04:52.734-0300] {processor.py:914} INFO - Processing file /home/jonathan-brito/python-projects/airflow/venv/lib/python3.12/site-packages/airflow/example_dags/example_branch_operator.py for tasks to queue
[2025-04-25T14:04:52.736-0300] {logging_mixin.py:190} INFO - [2025-04-25T14:04:52.735-0300] {dagbag.py:588} INFO - Filling up the DagBag from /home/jonathan-brito/python-projects/airflow/venv/lib/python3.12/site-packages/airflow/example_dags/example_branch_operator.py
[2025-04-25T14:04:52.739-0300] {processor.py:927} WARNING - No viable dags retrieved from /home/jonathan-brito/python-projects/airflow/venv/lib/python3.12/site-packages/airflow/example_dags/example_branch_operator.py
[2025-04-25T14:04:52.749-0300] {processor.py:208} INFO - Processing /home/jonathan-brito/python-projects/airflow/venv/lib/python3.12/site-packages/airflow/example_dags/example_branch_operator.py took 0.029 seconds
[2025-04-25T14:05:54.975-0300] {processor.py:186} INFO - Started process (PID=157967) to work on /home/jonathan-brito/python-projects/airflow/venv/lib/python3.12/site-packages/airflow/example_dags/example_branch_operator.py
[2025-04-25T14:05:54.982-0300] {processor.py:914} INFO - Processing file /home/jonathan-brito/python-projects/airflow/venv/lib/python3.12/site-packages/airflow/example_dags/example_branch_operator.py for tasks to queue
[2025-04-25T14:05:54.984-0300] {logging_mixin.py:190} INFO - [2025-04-25T14:05:54.983-0300] {dagbag.py:588} INFO - Filling up the DagBag from /home/jonathan-brito/python-projects/airflow/venv/lib/python3.12/site-packages/airflow/example_dags/example_branch_operator.py
[2025-04-25T14:05:54.987-0300] {processor.py:927} WARNING - No viable dags retrieved from /home/jonathan-brito/python-projects/airflow/venv/lib/python3.12/site-packages/airflow/example_dags/example_branch_operator.py
[2025-04-25T14:05:54.999-0300] {processor.py:208} INFO - Processing /home/jonathan-brito/python-projects/airflow/venv/lib/python3.12/site-packages/airflow/example_dags/example_branch_operator.py took 0.030 seconds
[2025-04-25T14:06:58.684-0300] {processor.py:186} INFO - Started process (PID=158365) to work on /home/jonathan-brito/python-projects/airflow/venv/lib/python3.12/site-packages/airflow/example_dags/example_branch_operator.py
[2025-04-25T14:06:58.692-0300] {processor.py:914} INFO - Processing file /home/jonathan-brito/python-projects/airflow/venv/lib/python3.12/site-packages/airflow/example_dags/example_branch_operator.py for tasks to queue
[2025-04-25T14:06:58.694-0300] {logging_mixin.py:190} INFO - [2025-04-25T14:06:58.693-0300] {dagbag.py:588} INFO - Filling up the DagBag from /home/jonathan-brito/python-projects/airflow/venv/lib/python3.12/site-packages/airflow/example_dags/example_branch_operator.py
[2025-04-25T14:06:58.698-0300] {processor.py:927} WARNING - No viable dags retrieved from /home/jonathan-brito/python-projects/airflow/venv/lib/python3.12/site-packages/airflow/example_dags/example_branch_operator.py
[2025-04-25T14:06:58.714-0300] {processor.py:208} INFO - Processing /home/jonathan-brito/python-projects/airflow/venv/lib/python3.12/site-packages/airflow/example_dags/example_branch_operator.py took 0.039 seconds
[2025-04-25T14:08:02.087-0300] {processor.py:186} INFO - Started process (PID=158761) to work on /home/jonathan-brito/python-projects/airflow/venv/lib/python3.12/site-packages/airflow/example_dags/example_branch_operator.py
[2025-04-25T14:08:02.095-0300] {processor.py:914} INFO - Processing file /home/jonathan-brito/python-projects/airflow/venv/lib/python3.12/site-packages/airflow/example_dags/example_branch_operator.py for tasks to queue
[2025-04-25T14:08:02.096-0300] {logging_mixin.py:190} INFO - [2025-04-25T14:08:02.096-0300] {dagbag.py:588} INFO - Filling up the DagBag from /home/jonathan-brito/python-projects/airflow/venv/lib/python3.12/site-packages/airflow/example_dags/example_branch_operator.py
[2025-04-25T14:08:02.099-0300] {processor.py:927} WARNING - No viable dags retrieved from /home/jonathan-brito/python-projects/airflow/venv/lib/python3.12/site-packages/airflow/example_dags/example_branch_operator.py
[2025-04-25T14:08:02.111-0300] {processor.py:208} INFO - Processing /home/jonathan-brito/python-projects/airflow/venv/lib/python3.12/site-packages/airflow/example_dags/example_branch_operator.py took 0.031 seconds
[2025-04-25T14:09:07.996-0300] {processor.py:186} INFO - Started process (PID=159158) to work on /home/jonathan-brito/python-projects/airflow/venv/lib/python3.12/site-packages/airflow/example_dags/example_branch_operator.py
[2025-04-25T14:09:08.003-0300] {processor.py:914} INFO - Processing file /home/jonathan-brito/python-projects/airflow/venv/lib/python3.12/site-packages/airflow/example_dags/example_branch_operator.py for tasks to queue
[2025-04-25T14:09:08.004-0300] {logging_mixin.py:190} INFO - [2025-04-25T14:09:08.004-0300] {dagbag.py:588} INFO - Filling up the DagBag from /home/jonathan-brito/python-projects/airflow/venv/lib/python3.12/site-packages/airflow/example_dags/example_branch_operator.py
[2025-04-25T14:09:08.007-0300] {processor.py:927} WARNING - No viable dags retrieved from /home/jonathan-brito/python-projects/airflow/venv/lib/python3.12/site-packages/airflow/example_dags/example_branch_operator.py
[2025-04-25T14:09:08.019-0300] {processor.py:208} INFO - Processing /home/jonathan-brito/python-projects/airflow/venv/lib/python3.12/site-packages/airflow/example_dags/example_branch_operator.py took 0.031 seconds
[2025-04-25T14:10:14.940-0300] {processor.py:186} INFO - Started process (PID=159670) to work on /home/jonathan-brito/python-projects/airflow/venv/lib/python3.12/site-packages/airflow/example_dags/example_branch_operator.py
[2025-04-25T14:10:14.947-0300] {processor.py:914} INFO - Processing file /home/jonathan-brito/python-projects/airflow/venv/lib/python3.12/site-packages/airflow/example_dags/example_branch_operator.py for tasks to queue
[2025-04-25T14:10:14.949-0300] {logging_mixin.py:190} INFO - [2025-04-25T14:10:14.948-0300] {dagbag.py:588} INFO - Filling up the DagBag from /home/jonathan-brito/python-projects/airflow/venv/lib/python3.12/site-packages/airflow/example_dags/example_branch_operator.py
[2025-04-25T14:10:14.952-0300] {processor.py:927} WARNING - No viable dags retrieved from /home/jonathan-brito/python-projects/airflow/venv/lib/python3.12/site-packages/airflow/example_dags/example_branch_operator.py
[2025-04-25T14:10:14.964-0300] {processor.py:208} INFO - Processing /home/jonathan-brito/python-projects/airflow/venv/lib/python3.12/site-packages/airflow/example_dags/example_branch_operator.py took 0.032 seconds
[2025-04-25T14:11:21.756-0300] {processor.py:186} INFO - Started process (PID=160098) to work on /home/jonathan-brito/python-projects/airflow/venv/lib/python3.12/site-packages/airflow/example_dags/example_branch_operator.py
[2025-04-25T14:11:21.763-0300] {processor.py:914} INFO - Processing file /home/jonathan-brito/python-projects/airflow/venv/lib/python3.12/site-packages/airflow/example_dags/example_branch_operator.py for tasks to queue
[2025-04-25T14:11:21.764-0300] {logging_mixin.py:190} INFO - [2025-04-25T14:11:21.764-0300] {dagbag.py:588} INFO - Filling up the DagBag from /home/jonathan-brito/python-projects/airflow/venv/lib/python3.12/site-packages/airflow/example_dags/example_branch_operator.py
[2025-04-25T14:11:21.767-0300] {processor.py:927} WARNING - No viable dags retrieved from /home/jonathan-brito/python-projects/airflow/venv/lib/python3.12/site-packages/airflow/example_dags/example_branch_operator.py
[2025-04-25T14:11:21.778-0300] {processor.py:208} INFO - Processing /home/jonathan-brito/python-projects/airflow/venv/lib/python3.12/site-packages/airflow/example_dags/example_branch_operator.py took 0.030 seconds
[2025-04-25T14:12:32.925-0300] {processor.py:186} INFO - Started process (PID=160629) to work on /home/jonathan-brito/python-projects/airflow/venv/lib/python3.12/site-packages/airflow/example_dags/example_branch_operator.py
[2025-04-25T14:12:32.932-0300] {processor.py:914} INFO - Processing file /home/jonathan-brito/python-projects/airflow/venv/lib/python3.12/site-packages/airflow/example_dags/example_branch_operator.py for tasks to queue
[2025-04-25T14:12:32.934-0300] {logging_mixin.py:190} INFO - [2025-04-25T14:12:32.933-0300] {dagbag.py:588} INFO - Filling up the DagBag from /home/jonathan-brito/python-projects/airflow/venv/lib/python3.12/site-packages/airflow/example_dags/example_branch_operator.py
[2025-04-25T14:12:32.937-0300] {processor.py:927} WARNING - No viable dags retrieved from /home/jonathan-brito/python-projects/airflow/venv/lib/python3.12/site-packages/airflow/example_dags/example_branch_operator.py
[2025-04-25T14:12:32.948-0300] {processor.py:208} INFO - Processing /home/jonathan-brito/python-projects/airflow/venv/lib/python3.12/site-packages/airflow/example_dags/example_branch_operator.py took 0.030 seconds
[2025-04-25T14:13:33.615-0300] {processor.py:186} INFO - Started process (PID=161084) to work on /home/jonathan-brito/python-projects/airflow/venv/lib/python3.12/site-packages/airflow/example_dags/example_branch_operator.py
[2025-04-25T14:13:33.622-0300] {processor.py:914} INFO - Processing file /home/jonathan-brito/python-projects/airflow/venv/lib/python3.12/site-packages/airflow/example_dags/example_branch_operator.py for tasks to queue
[2025-04-25T14:13:33.624-0300] {logging_mixin.py:190} INFO - [2025-04-25T14:13:33.624-0300] {dagbag.py:588} INFO - Filling up the DagBag from /home/jonathan-brito/python-projects/airflow/venv/lib/python3.12/site-packages/airflow/example_dags/example_branch_operator.py
[2025-04-25T14:13:33.628-0300] {processor.py:927} WARNING - No viable dags retrieved from /home/jonathan-brito/python-projects/airflow/venv/lib/python3.12/site-packages/airflow/example_dags/example_branch_operator.py
[2025-04-25T14:13:33.642-0300] {processor.py:208} INFO - Processing /home/jonathan-brito/python-projects/airflow/venv/lib/python3.12/site-packages/airflow/example_dags/example_branch_operator.py took 0.035 seconds
[2025-04-25T14:14:35.208-0300] {processor.py:186} INFO - Started process (PID=161529) to work on /home/jonathan-brito/python-projects/airflow/venv/lib/python3.12/site-packages/airflow/example_dags/example_branch_operator.py
[2025-04-25T14:14:35.215-0300] {processor.py:914} INFO - Processing file /home/jonathan-brito/python-projects/airflow/venv/lib/python3.12/site-packages/airflow/example_dags/example_branch_operator.py for tasks to queue
[2025-04-25T14:14:35.217-0300] {logging_mixin.py:190} INFO - [2025-04-25T14:14:35.216-0300] {dagbag.py:588} INFO - Filling up the DagBag from /home/jonathan-brito/python-projects/airflow/venv/lib/python3.12/site-packages/airflow/example_dags/example_branch_operator.py
[2025-04-25T14:14:35.220-0300] {processor.py:927} WARNING - No viable dags retrieved from /home/jonathan-brito/python-projects/airflow/venv/lib/python3.12/site-packages/airflow/example_dags/example_branch_operator.py
[2025-04-25T14:14:35.230-0300] {processor.py:208} INFO - Processing /home/jonathan-brito/python-projects/airflow/venv/lib/python3.12/site-packages/airflow/example_dags/example_branch_operator.py took 0.028 seconds
[2025-04-25T14:15:41.354-0300] {processor.py:186} INFO - Started process (PID=161941) to work on /home/jonathan-brito/python-projects/airflow/venv/lib/python3.12/site-packages/airflow/example_dags/example_branch_operator.py
[2025-04-25T14:15:41.361-0300] {processor.py:914} INFO - Processing file /home/jonathan-brito/python-projects/airflow/venv/lib/python3.12/site-packages/airflow/example_dags/example_branch_operator.py for tasks to queue
[2025-04-25T14:15:41.363-0300] {logging_mixin.py:190} INFO - [2025-04-25T14:15:41.363-0300] {dagbag.py:588} INFO - Filling up the DagBag from /home/jonathan-brito/python-projects/airflow/venv/lib/python3.12/site-packages/airflow/example_dags/example_branch_operator.py
[2025-04-25T14:15:41.366-0300] {processor.py:927} WARNING - No viable dags retrieved from /home/jonathan-brito/python-projects/airflow/venv/lib/python3.12/site-packages/airflow/example_dags/example_branch_operator.py
[2025-04-25T14:15:41.380-0300] {processor.py:208} INFO - Processing /home/jonathan-brito/python-projects/airflow/venv/lib/python3.12/site-packages/airflow/example_dags/example_branch_operator.py took 0.036 seconds
[2025-04-25T14:16:46.327-0300] {processor.py:186} INFO - Started process (PID=162345) to work on /home/jonathan-brito/python-projects/airflow/venv/lib/python3.12/site-packages/airflow/example_dags/example_branch_operator.py
[2025-04-25T14:16:46.334-0300] {processor.py:914} INFO - Processing file /home/jonathan-brito/python-projects/airflow/venv/lib/python3.12/site-packages/airflow/example_dags/example_branch_operator.py for tasks to queue
[2025-04-25T14:16:46.336-0300] {logging_mixin.py:190} INFO - [2025-04-25T14:16:46.335-0300] {dagbag.py:588} INFO - Filling up the DagBag from /home/jonathan-brito/python-projects/airflow/venv/lib/python3.12/site-packages/airflow/example_dags/example_branch_operator.py
[2025-04-25T14:16:46.339-0300] {processor.py:927} WARNING - No viable dags retrieved from /home/jonathan-brito/python-projects/airflow/venv/lib/python3.12/site-packages/airflow/example_dags/example_branch_operator.py
[2025-04-25T14:16:46.350-0300] {processor.py:208} INFO - Processing /home/jonathan-brito/python-projects/airflow/venv/lib/python3.12/site-packages/airflow/example_dags/example_branch_operator.py took 0.029 seconds
