[2025-04-21T11:53:20.097-0300] {local_task_job_runner.py:123} INFO - ::group::Pre task execution logs
[2025-04-21T11:53:20.109-0300] {taskinstance.py:2614} INFO - Dependencies all met for dep_context=non-requeueable deps ti=<TaskInstance: example_bash_operator.this_will_skip scheduled__2025-04-20T00:00:00+00:00 [queued]>
[2025-04-21T11:53:20.204-0300] {taskinstance.py:2614} INFO - Dependencies all met for dep_context=requeueable deps ti=<TaskInstance: example_bash_operator.this_will_skip scheduled__2025-04-20T00:00:00+00:00 [queued]>
[2025-04-21T11:53:20.204-0300] {taskinstance.py:2867} INFO - Starting attempt 1 of 1
[2025-04-21T11:53:20.224-0300] {taskinstance.py:2890} INFO - Executing <Task(BashOperator): this_will_skip> on 2025-04-20 00:00:00+00:00
[2025-04-21T11:53:20.230-0300] {standard_task_runner.py:72} INFO - Started process 55539 to run task
[2025-04-21T11:53:20.233-0300] {standard_task_runner.py:104} INFO - Running: ['airflow', 'tasks', 'run', 'example_bash_operator', 'this_will_skip', 'scheduled__2025-04-20T00:00:00+00:00', '--job-id', '17', '--raw', '--subdir', '/home/jonathan-brito/python-projects/airflow/venv/lib/python3.12/site-packages/airflow/example_dags/example_bash_operator.py', '--cfg-path', '/tmp/tmp14e6mk4k']
[2025-04-21T11:53:20.234-0300] {standard_task_runner.py:105} INFO - Job 17: Subtask this_will_skip
[2025-04-21T11:53:20.282-0300] {task_command.py:467} INFO - Running <TaskInstance: example_bash_operator.this_will_skip scheduled__2025-04-20T00:00:00+00:00 [running]> on host jonathan-brito
[2025-04-21T11:53:20.357-0300] {taskinstance.py:3134} INFO - Exporting env vars: AIRFLOW_CTX_DAG_OWNER='airflow' AIRFLOW_CTX_DAG_ID='example_bash_operator' AIRFLOW_CTX_TASK_ID='this_will_skip' AIRFLOW_CTX_EXECUTION_DATE='2025-04-20T00:00:00+00:00' AIRFLOW_CTX_TRY_NUMBER='1' AIRFLOW_CTX_DAG_RUN_ID='scheduled__2025-04-20T00:00:00+00:00'
[2025-04-21T11:53:20.359-0300] {logging_mixin.py:190} INFO - Task instance is in running state
[2025-04-21T11:53:20.359-0300] {logging_mixin.py:190} INFO -  Previous state of the Task instance: queued
[2025-04-21T11:53:20.359-0300] {logging_mixin.py:190} INFO - Current task name:this_will_skip state:running start_date:2025-04-21 14:53:20.109823+00:00
[2025-04-21T11:53:20.360-0300] {logging_mixin.py:190} INFO - Dag name:example_bash_operator and current dag run status:running
[2025-04-21T11:53:20.360-0300] {taskinstance.py:732} INFO - ::endgroup::
[2025-04-21T11:53:20.361-0300] {subprocess.py:78} INFO - Tmp dir root location: /tmp
[2025-04-21T11:53:20.362-0300] {subprocess.py:88} INFO - Running command: ['/usr/bin/bash', '-c', 'echo "hello world"; exit 99;']
[2025-04-21T11:53:20.373-0300] {subprocess.py:99} INFO - Output:
[2025-04-21T11:53:20.375-0300] {subprocess.py:106} INFO - hello world
[2025-04-21T11:53:20.375-0300] {subprocess.py:110} INFO - Command exited with return code 99
[2025-04-21T11:53:20.376-0300] {taskinstance.py:302} INFO - Bash command returned exit code 99. Skipping.
[2025-04-21T11:53:20.400-0300] {taskinstance.py:341} INFO - ::group::Post task execution logs
[2025-04-21T11:53:20.400-0300] {taskinstance.py:353} INFO - Marking task as SKIPPED. dag_id=example_bash_operator, task_id=this_will_skip, run_id=scheduled__2025-04-20T00:00:00+00:00, execution_date=20250420T000000, start_date=20250421T145320, end_date=20250421T145320
[2025-04-21T11:53:20.446-0300] {local_task_job_runner.py:266} INFO - Task exited with return code 0
[2025-04-21T11:53:20.468-0300] {taskinstance.py:3901} INFO - 0 downstream tasks scheduled from follow-on schedule check
[2025-04-21T11:53:20.481-0300] {local_task_job_runner.py:245} INFO - ::endgroup::
