[2025-04-25T12:12:38.840-0300] {local_task_job_runner.py:123} INFO - ::group::Pre task execution logs
[2025-04-25T12:12:38.868-0300] {taskinstance.py:2614} INFO - Dependencies all met for dep_context=non-requeueable deps ti=<TaskInstance: integracao_api.trigger_etl_dw manual__2025-04-25T14:34:27.174427+00:00 [queued]>
[2025-04-25T12:12:38.880-0300] {taskinstance.py:2614} INFO - Dependencies all met for dep_context=requeueable deps ti=<TaskInstance: integracao_api.trigger_etl_dw manual__2025-04-25T14:34:27.174427+00:00 [queued]>
[2025-04-25T12:12:38.880-0300] {taskinstance.py:2867} INFO - Starting attempt 1 of 3
[2025-04-25T12:12:38.903-0300] {taskinstance.py:2890} INFO - Executing <Task(TriggerDagRunOperator): trigger_etl_dw> on 2025-04-25 14:34:27.174427+00:00
[2025-04-25T12:12:38.908-0300] {standard_task_runner.py:72} INFO - Started process 69145 to run task
[2025-04-25T12:12:38.912-0300] {standard_task_runner.py:104} INFO - Running: ['airflow', 'tasks', 'run', 'integracao_api', 'trigger_etl_dw', 'manual__2025-04-25T14:34:27.174427+00:00', '--job-id', '123', '--raw', '--subdir', 'DAGS_FOLDER/dag_integration.py', '--cfg-path', '/tmp/tmp4u9phicp']
[2025-04-25T12:12:38.913-0300] {standard_task_runner.py:105} INFO - Job 123: Subtask trigger_etl_dw
[2025-04-25T12:12:38.982-0300] {task_command.py:467} INFO - Running <TaskInstance: integracao_api.trigger_etl_dw manual__2025-04-25T14:34:27.174427+00:00 [running]> on host jonathan-brito
[2025-04-25T12:12:39.064-0300] {taskinstance.py:3134} INFO - Exporting env vars: AIRFLOW_CTX_DAG_OWNER='data_team' AIRFLOW_CTX_DAG_ID='integracao_api' AIRFLOW_CTX_TASK_ID='trigger_etl_dw' AIRFLOW_CTX_EXECUTION_DATE='2025-04-25T14:34:27.174427+00:00' AIRFLOW_CTX_TRY_NUMBER='1' AIRFLOW_CTX_DAG_RUN_ID='manual__2025-04-25T14:34:27.174427+00:00'
[2025-04-25T12:12:39.065-0300] {logging_mixin.py:190} INFO - Task instance is in running state
[2025-04-25T12:12:39.066-0300] {logging_mixin.py:190} INFO -  Previous state of the Task instance: queued
[2025-04-25T12:12:39.066-0300] {logging_mixin.py:190} INFO - Current task name:trigger_etl_dw state:running start_date:2025-04-25 15:12:38.868985+00:00
[2025-04-25T12:12:39.066-0300] {logging_mixin.py:190} INFO - Dag name:integracao_api and current dag run status:running
[2025-04-25T12:12:39.067-0300] {taskinstance.py:732} INFO - ::endgroup::
[2025-04-25T12:12:39.134-0300] {taskinstance.py:341} INFO - ::group::Post task execution logs
[2025-04-25T12:12:39.134-0300] {taskinstance.py:353} INFO - Marking task as SUCCESS. dag_id=integracao_api, task_id=trigger_etl_dw, run_id=manual__2025-04-25T14:34:27.174427+00:00, execution_date=20250425T143427, start_date=20250425T151238, end_date=20250425T151239
[2025-04-25T12:12:39.164-0300] {logging_mixin.py:190} INFO - Task instance in success state
[2025-04-25T12:12:39.164-0300] {logging_mixin.py:190} INFO -  Previous state of the Task instance: running
[2025-04-25T12:12:39.165-0300] {logging_mixin.py:190} INFO - Dag name:integracao_api queued_at:2025-04-25 14:34:27.211121+00:00
[2025-04-25T12:12:39.165-0300] {logging_mixin.py:190} INFO - Task hostname:jonathan-brito operator:TriggerDagRunOperator
[2025-04-25T12:12:39.205-0300] {local_task_job_runner.py:266} INFO - Task exited with return code 0
[2025-04-25T12:12:39.234-0300] {taskinstance.py:3901} INFO - 0 downstream tasks scheduled from follow-on schedule check
[2025-04-25T12:12:39.235-0300] {local_task_job_runner.py:245} INFO - ::endgroup::
