[2025-04-25T11:01:32.469-0300] {local_task_job_runner.py:123} INFO - ::group::Pre task execution logs
[2025-04-25T11:01:32.484-0300] {taskinstance.py:2614} INFO - Dependencies all met for dep_context=non-requeueable deps ti=<TaskInstance: example_bash_operator.run_after_loop scheduled__2025-04-22T00:00:00+00:00 [queued]>
[2025-04-25T11:01:32.493-0300] {taskinstance.py:2614} INFO - Dependencies all met for dep_context=requeueable deps ti=<TaskInstance: example_bash_operator.run_after_loop scheduled__2025-04-22T00:00:00+00:00 [queued]>
[2025-04-25T11:01:32.493-0300] {taskinstance.py:2867} INFO - Starting attempt 1 of 1
[2025-04-25T11:01:32.519-0300] {taskinstance.py:2890} INFO - Executing <Task(BashOperator): run_after_loop> on 2025-04-22 00:00:00+00:00
[2025-04-25T11:01:32.525-0300] {standard_task_runner.py:72} INFO - Started process 17014 to run task
[2025-04-25T11:01:32.528-0300] {standard_task_runner.py:104} INFO - Running: ['airflow', 'tasks', 'run', 'example_bash_operator', 'run_after_loop', 'scheduled__2025-04-22T00:00:00+00:00', '--job-id', '102', '--raw', '--subdir', '/home/jonathan-brito/python-projects/airflow/venv/lib/python3.12/site-packages/airflow/example_dags/example_bash_operator.py', '--cfg-path', '/tmp/tmp58hxr8vr']
[2025-04-25T11:01:32.529-0300] {standard_task_runner.py:105} INFO - Job 102: Subtask run_after_loop
[2025-04-25T11:01:32.571-0300] {task_command.py:467} INFO - Running <TaskInstance: example_bash_operator.run_after_loop scheduled__2025-04-22T00:00:00+00:00 [running]> on host jonathan-brito
[2025-04-25T11:01:32.639-0300] {taskinstance.py:3134} INFO - Exporting env vars: AIRFLOW_CTX_DAG_OWNER='airflow' AIRFLOW_CTX_DAG_ID='example_bash_operator' AIRFLOW_CTX_TASK_ID='run_after_loop' AIRFLOW_CTX_EXECUTION_DATE='2025-04-22T00:00:00+00:00' AIRFLOW_CTX_TRY_NUMBER='1' AIRFLOW_CTX_DAG_RUN_ID='scheduled__2025-04-22T00:00:00+00:00'
[2025-04-25T11:01:32.641-0300] {logging_mixin.py:190} INFO - Task instance is in running state
[2025-04-25T11:01:32.641-0300] {logging_mixin.py:190} INFO -  Previous state of the Task instance: queued
[2025-04-25T11:01:32.641-0300] {logging_mixin.py:190} INFO - Current task name:run_after_loop state:running start_date:2025-04-25 14:01:32.485123+00:00
[2025-04-25T11:01:32.642-0300] {logging_mixin.py:190} INFO - Dag name:example_bash_operator and current dag run status:running
[2025-04-25T11:01:32.642-0300] {taskinstance.py:732} INFO - ::endgroup::
[2025-04-25T11:01:32.643-0300] {subprocess.py:78} INFO - Tmp dir root location: /tmp
[2025-04-25T11:01:32.643-0300] {subprocess.py:88} INFO - Running command: ['/usr/bin/bash', '-c', 'echo https://airflow.apache.org/']
[2025-04-25T11:01:32.655-0300] {subprocess.py:99} INFO - Output:
[2025-04-25T11:01:32.657-0300] {subprocess.py:106} INFO - https://airflow.apache.org/
[2025-04-25T11:01:32.657-0300] {subprocess.py:110} INFO - Command exited with return code 0
[2025-04-25T11:01:32.685-0300] {taskinstance.py:341} INFO - ::group::Post task execution logs
[2025-04-25T11:01:32.686-0300] {taskinstance.py:353} INFO - Marking task as SUCCESS. dag_id=example_bash_operator, task_id=run_after_loop, run_id=scheduled__2025-04-22T00:00:00+00:00, execution_date=20250422T000000, start_date=20250425T140132, end_date=20250425T140132
[2025-04-25T11:01:32.715-0300] {logging_mixin.py:190} INFO - Task instance in success state
[2025-04-25T11:01:32.716-0300] {logging_mixin.py:190} INFO -  Previous state of the Task instance: running
[2025-04-25T11:01:32.716-0300] {logging_mixin.py:190} INFO - Dag name:example_bash_operator queued_at:2025-04-25 14:00:47.933146+00:00
[2025-04-25T11:01:32.716-0300] {logging_mixin.py:190} INFO - Task hostname:jonathan-brito operator:BashOperator
[2025-04-25T11:01:32.741-0300] {local_task_job_runner.py:266} INFO - Task exited with return code 0
[2025-04-25T11:01:32.754-0300] {taskinstance.py:3901} INFO - 0 downstream tasks scheduled from follow-on schedule check
[2025-04-25T11:01:32.755-0300] {local_task_job_runner.py:245} INFO - ::endgroup::
