[2025-04-25T11:00:52.346-0300] {local_task_job_runner.py:123} INFO - ::group::Pre task execution logs
[2025-04-25T11:00:52.355-0300] {taskinstance.py:2614} INFO - Dependencies all met for dep_context=non-requeueable deps ti=<TaskInstance: example_bash_operator.runme_0 scheduled__2025-04-22T00:00:00+00:00 [queued]>
[2025-04-25T11:00:52.364-0300] {taskinstance.py:2614} INFO - Dependencies all met for dep_context=requeueable deps ti=<TaskInstance: example_bash_operator.runme_0 scheduled__2025-04-22T00:00:00+00:00 [queued]>
[2025-04-25T11:00:52.364-0300] {taskinstance.py:2867} INFO - Starting attempt 1 of 1
[2025-04-25T11:00:52.386-0300] {taskinstance.py:2890} INFO - Executing <Task(BashOperator): runme_0> on 2025-04-22 00:00:00+00:00
[2025-04-25T11:00:52.391-0300] {standard_task_runner.py:72} INFO - Started process 16225 to run task
[2025-04-25T11:00:52.395-0300] {standard_task_runner.py:104} INFO - Running: ['airflow', 'tasks', 'run', 'example_bash_operator', 'runme_0', 'scheduled__2025-04-22T00:00:00+00:00', '--job-id', '94', '--raw', '--subdir', '/home/jonathan-brito/python-projects/airflow/venv/lib/python3.12/site-packages/airflow/example_dags/example_bash_operator.py', '--cfg-path', '/tmp/tmpmfzhn66t']
[2025-04-25T11:00:52.397-0300] {standard_task_runner.py:105} INFO - Job 94: Subtask runme_0
[2025-04-25T11:00:52.460-0300] {task_command.py:467} INFO - Running <TaskInstance: example_bash_operator.runme_0 scheduled__2025-04-22T00:00:00+00:00 [running]> on host jonathan-brito
[2025-04-25T11:00:52.565-0300] {taskinstance.py:3134} INFO - Exporting env vars: AIRFLOW_CTX_DAG_OWNER='airflow' AIRFLOW_CTX_DAG_ID='example_bash_operator' AIRFLOW_CTX_TASK_ID='runme_0' AIRFLOW_CTX_EXECUTION_DATE='2025-04-22T00:00:00+00:00' AIRFLOW_CTX_TRY_NUMBER='1' AIRFLOW_CTX_DAG_RUN_ID='scheduled__2025-04-22T00:00:00+00:00'
[2025-04-25T11:00:52.566-0300] {logging_mixin.py:190} INFO - Task instance is in running state
[2025-04-25T11:00:52.567-0300] {logging_mixin.py:190} INFO -  Previous state of the Task instance: queued
[2025-04-25T11:00:52.567-0300] {logging_mixin.py:190} INFO - Current task name:runme_0 state:running start_date:2025-04-25 14:00:52.356082+00:00
[2025-04-25T11:00:52.568-0300] {logging_mixin.py:190} INFO - Dag name:example_bash_operator and current dag run status:running
[2025-04-25T11:00:52.568-0300] {taskinstance.py:732} INFO - ::endgroup::
[2025-04-25T11:00:52.569-0300] {subprocess.py:78} INFO - Tmp dir root location: /tmp
[2025-04-25T11:00:52.571-0300] {subprocess.py:88} INFO - Running command: ['/usr/bin/bash', '-c', 'echo "example_bash_operator__runme_0__20250422" && sleep 1']
[2025-04-25T11:00:52.584-0300] {subprocess.py:99} INFO - Output:
[2025-04-25T11:00:52.586-0300] {subprocess.py:106} INFO - example_bash_operator__runme_0__20250422
[2025-04-25T11:00:53.589-0300] {subprocess.py:110} INFO - Command exited with return code 0
[2025-04-25T11:00:53.659-0300] {taskinstance.py:341} INFO - ::group::Post task execution logs
[2025-04-25T11:00:53.661-0300] {taskinstance.py:353} INFO - Marking task as SUCCESS. dag_id=example_bash_operator, task_id=runme_0, run_id=scheduled__2025-04-22T00:00:00+00:00, execution_date=20250422T000000, start_date=20250425T140052, end_date=20250425T140053
[2025-04-25T11:00:53.709-0300] {logging_mixin.py:190} INFO - Task instance in success state
[2025-04-25T11:00:53.709-0300] {logging_mixin.py:190} INFO -  Previous state of the Task instance: running
[2025-04-25T11:00:53.710-0300] {logging_mixin.py:190} INFO - Dag name:example_bash_operator queued_at:2025-04-25 14:00:47.933146+00:00
[2025-04-25T11:00:53.710-0300] {logging_mixin.py:190} INFO - Task hostname:jonathan-brito operator:BashOperator
[2025-04-25T11:00:53.734-0300] {local_task_job_runner.py:266} INFO - Task exited with return code 0
[2025-04-25T11:00:53.761-0300] {taskinstance.py:3901} INFO - 0 downstream tasks scheduled from follow-on schedule check
[2025-04-25T11:00:53.762-0300] {local_task_job_runner.py:245} INFO - ::endgroup::
