[2025-04-20T15:53:22.108-0300] {local_task_job_runner.py:123} INFO - ::group::Pre task execution logs
[2025-04-20T15:53:22.123-0300] {taskinstance.py:2614} INFO - Dependencies all met for dep_context=non-requeueable deps ti=<TaskInstance: example_bash_operator.runme_2 scheduled__2025-04-19T00:00:00+00:00 [queued]>
[2025-04-20T15:53:22.133-0300] {taskinstance.py:2614} INFO - Dependencies all met for dep_context=requeueable deps ti=<TaskInstance: example_bash_operator.runme_2 scheduled__2025-04-19T00:00:00+00:00 [queued]>
[2025-04-20T15:53:22.133-0300] {taskinstance.py:2867} INFO - Starting attempt 1 of 1
[2025-04-20T15:53:22.159-0300] {taskinstance.py:2890} INFO - Executing <Task(BashOperator): runme_2> on 2025-04-19 00:00:00+00:00
[2025-04-20T15:53:22.164-0300] {standard_task_runner.py:72} INFO - Started process 110403 to run task
[2025-04-20T15:53:22.168-0300] {standard_task_runner.py:104} INFO - Running: ['airflow', 'tasks', 'run', 'example_bash_operator', 'runme_2', 'scheduled__2025-04-19T00:00:00+00:00', '--job-id', '7', '--raw', '--subdir', '/home/jonathan-brito/python-projects/airflow/venv/lib/python3.12/site-packages/airflow/example_dags/example_bash_operator.py', '--cfg-path', '/tmp/tmp_921vn8c']
[2025-04-20T15:53:22.169-0300] {standard_task_runner.py:105} INFO - Job 7: Subtask runme_2
[2025-04-20T15:53:22.212-0300] {task_command.py:467} INFO - Running <TaskInstance: example_bash_operator.runme_2 scheduled__2025-04-19T00:00:00+00:00 [running]> on host jonathan-brito
[2025-04-20T15:53:22.300-0300] {taskinstance.py:3134} INFO - Exporting env vars: AIRFLOW_CTX_DAG_OWNER='airflow' AIRFLOW_CTX_DAG_ID='example_bash_operator' AIRFLOW_CTX_TASK_ID='runme_2' AIRFLOW_CTX_EXECUTION_DATE='2025-04-19T00:00:00+00:00' AIRFLOW_CTX_TRY_NUMBER='1' AIRFLOW_CTX_DAG_RUN_ID='scheduled__2025-04-19T00:00:00+00:00'
[2025-04-20T15:53:22.301-0300] {logging_mixin.py:190} INFO - Task instance is in running state
[2025-04-20T15:53:22.301-0300] {logging_mixin.py:190} INFO -  Previous state of the Task instance: queued
[2025-04-20T15:53:22.302-0300] {logging_mixin.py:190} INFO - Current task name:runme_2 state:running start_date:2025-04-20 18:53:22.123809+00:00
[2025-04-20T15:53:22.302-0300] {logging_mixin.py:190} INFO - Dag name:example_bash_operator and current dag run status:running
[2025-04-20T15:53:22.302-0300] {taskinstance.py:732} INFO - ::endgroup::
[2025-04-20T15:53:22.303-0300] {subprocess.py:78} INFO - Tmp dir root location: /tmp
[2025-04-20T15:53:22.303-0300] {subprocess.py:88} INFO - Running command: ['/usr/bin/bash', '-c', 'echo "example_bash_operator__runme_2__20250419" && sleep 1']
[2025-04-20T15:53:22.313-0300] {subprocess.py:99} INFO - Output:
[2025-04-20T15:53:22.315-0300] {subprocess.py:106} INFO - example_bash_operator__runme_2__20250419
[2025-04-20T15:53:23.318-0300] {subprocess.py:110} INFO - Command exited with return code 0
[2025-04-20T15:53:23.371-0300] {taskinstance.py:341} INFO - ::group::Post task execution logs
[2025-04-20T15:53:23.371-0300] {taskinstance.py:353} INFO - Marking task as SUCCESS. dag_id=example_bash_operator, task_id=runme_2, run_id=scheduled__2025-04-19T00:00:00+00:00, execution_date=20250419T000000, start_date=20250420T185322, end_date=20250420T185323
[2025-04-20T15:53:23.396-0300] {logging_mixin.py:190} INFO - Task instance in success state
[2025-04-20T15:53:23.397-0300] {logging_mixin.py:190} INFO -  Previous state of the Task instance: running
[2025-04-20T15:53:23.397-0300] {logging_mixin.py:190} INFO - Dag name:example_bash_operator queued_at:2025-04-20 18:53:10.218458+00:00
[2025-04-20T15:53:23.398-0300] {logging_mixin.py:190} INFO - Task hostname:jonathan-brito operator:BashOperator
[2025-04-20T15:53:23.425-0300] {local_task_job_runner.py:266} INFO - Task exited with return code 0
[2025-04-20T15:53:23.460-0300] {taskinstance.py:3901} INFO - 1 downstream tasks scheduled from follow-on schedule check
[2025-04-20T15:53:23.477-0300] {local_task_job_runner.py:245} INFO - ::endgroup::
