[2025-04-21T21:00:32.619-0300] {local_task_job_runner.py:123} INFO - ::group::Pre task execution logs
[2025-04-21T21:00:32.712-0300] {taskinstance.py:2614} INFO - Dependencies all met for dep_context=non-requeueable deps ti=<TaskInstance: integracao_api.integracao_api scheduled__2025-04-21T00:00:00+00:00 [queued]>
[2025-04-21T21:00:32.721-0300] {taskinstance.py:2614} INFO - Dependencies all met for dep_context=requeueable deps ti=<TaskInstance: integracao_api.integracao_api scheduled__2025-04-21T00:00:00+00:00 [queued]>
[2025-04-21T21:00:32.722-0300] {taskinstance.py:2867} INFO - Starting attempt 1 of 3
[2025-04-21T21:00:32.751-0300] {taskinstance.py:2890} INFO - Executing <Task(PythonOperator): integracao_api> on 2025-04-21 00:00:00+00:00
[2025-04-21T21:00:32.757-0300] {standard_task_runner.py:72} INFO - Started process 54948 to run task
[2025-04-21T21:00:32.760-0300] {standard_task_runner.py:104} INFO - Running: ['airflow', 'tasks', 'run', 'integracao_api', 'integracao_api', 'scheduled__2025-04-21T00:00:00+00:00', '--job-id', '66', '--raw', '--subdir', 'DAGS_FOLDER/dag_integration.py', '--cfg-path', '/tmp/tmpuv9z6seg']
[2025-04-21T21:00:32.761-0300] {standard_task_runner.py:105} INFO - Job 66: Subtask integracao_api
[2025-04-21T21:00:32.805-0300] {task_command.py:467} INFO - Running <TaskInstance: integracao_api.integracao_api scheduled__2025-04-21T00:00:00+00:00 [running]> on host jonathan-brito
[2025-04-21T21:00:32.872-0300] {taskinstance.py:3134} INFO - Exporting env vars: AIRFLOW_CTX_DAG_OWNER='data_team' AIRFLOW_CTX_DAG_ID='integracao_api' AIRFLOW_CTX_TASK_ID='integracao_api' AIRFLOW_CTX_EXECUTION_DATE='2025-04-21T00:00:00+00:00' AIRFLOW_CTX_TRY_NUMBER='1' AIRFLOW_CTX_DAG_RUN_ID='scheduled__2025-04-21T00:00:00+00:00'
[2025-04-21T21:00:32.874-0300] {logging_mixin.py:190} INFO - Task instance is in running state
[2025-04-21T21:00:32.874-0300] {logging_mixin.py:190} INFO -  Previous state of the Task instance: queued
[2025-04-21T21:00:32.874-0300] {logging_mixin.py:190} INFO - Current task name:integracao_api state:running start_date:2025-04-22 00:00:32.712893+00:00
[2025-04-21T21:00:32.874-0300] {logging_mixin.py:190} INFO - Dag name:integracao_api and current dag run status:running
[2025-04-21T21:00:32.875-0300] {taskinstance.py:732} INFO - ::endgroup::
[2025-04-21T21:00:55.501-0300] {logging_mixin.py:190} INFO - Enviados 100 registros (total: 100)
[2025-04-21T21:01:17.820-0300] {logging_mixin.py:190} INFO - Enviados 100 registros (total: 200)
[2025-04-21T21:01:40.757-0300] {logging_mixin.py:190} INFO - Enviados 100 registros (total: 300)
[2025-04-21T21:02:04.090-0300] {logging_mixin.py:190} INFO - Enviados 100 registros (total: 400)
[2025-04-21T21:02:26.942-0300] {logging_mixin.py:190} INFO - Enviados 100 registros (total: 500)
[2025-04-21T21:02:49.264-0300] {logging_mixin.py:190} INFO - Enviados 100 registros (total: 600)
[2025-04-21T21:03:11.783-0300] {logging_mixin.py:190} INFO - Enviados 100 registros (total: 700)
[2025-04-21T21:03:34.624-0300] {logging_mixin.py:190} INFO - Enviados 100 registros (total: 800)
[2025-04-21T21:03:57.128-0300] {logging_mixin.py:190} INFO - Enviados 100 registros (total: 900)
[2025-04-21T21:04:19.278-0300] {logging_mixin.py:190} INFO - Enviados 100 registros (total: 1000)
[2025-04-21T21:04:41.799-0300] {logging_mixin.py:190} INFO - Enviados 100 registros (total: 1100)
[2025-04-21T21:05:02.900-0300] {logging_mixin.py:190} INFO - Enviados 100 registros (total: 1200)
[2025-04-21T21:05:24.708-0300] {logging_mixin.py:190} INFO - Enviados 100 registros (total: 1300)
[2025-04-21T21:05:45.902-0300] {logging_mixin.py:190} INFO - Enviados 100 registros (total: 1400)
[2025-04-21T21:06:08.122-0300] {logging_mixin.py:190} INFO - Enviados 100 registros (total: 1500)
[2025-04-21T21:06:30.958-0300] {logging_mixin.py:190} INFO - Enviados 100 registros (total: 1600)
[2025-04-21T21:06:53.486-0300] {logging_mixin.py:190} INFO - Enviados 100 registros (total: 1700)
[2025-04-21T21:07:17.650-0300] {logging_mixin.py:190} INFO - Enviados 100 registros (total: 1800)
[2025-04-21T21:07:40.486-0300] {logging_mixin.py:190} INFO - Enviados 100 registros (total: 1900)
[2025-04-21T21:08:02.806-0300] {logging_mixin.py:190} INFO - Enviados 100 registros (total: 2000)
[2025-04-21T21:08:25.746-0300] {logging_mixin.py:190} INFO - Enviados 100 registros (total: 2100)
[2025-04-21T21:08:49.913-0300] {logging_mixin.py:190} INFO - Enviados 100 registros (total: 2200)
[2025-04-21T21:09:13.359-0300] {logging_mixin.py:190} INFO - Enviados 100 registros (total: 2300)
[2025-04-21T21:09:35.480-0300] {logging_mixin.py:190} INFO - Enviados 100 registros (total: 2400)
[2025-04-21T21:10:00.159-0300] {logging_mixin.py:190} INFO - Enviados 100 registros (total: 2500)
[2025-04-21T21:10:23.302-0300] {logging_mixin.py:190} INFO - Enviados 100 registros (total: 2600)
[2025-04-21T21:10:45.941-0300] {logging_mixin.py:190} INFO - Enviados 100 registros (total: 2700)
[2025-04-21T21:11:09.180-0300] {logging_mixin.py:190} INFO - Enviados 100 registros (total: 2800)
[2025-04-21T21:11:32.035-0300] {logging_mixin.py:190} INFO - Enviados 100 registros (total: 2900)
[2025-04-21T21:11:54.341-0300] {logging_mixin.py:190} INFO - Enviados 100 registros (total: 3000)
[2025-04-21T21:12:17.990-0300] {logging_mixin.py:190} INFO - Enviados 100 registros (total: 3100)
[2025-04-21T21:12:41.851-0300] {logging_mixin.py:190} INFO - Enviados 100 registros (total: 3200)
[2025-04-21T21:13:05.713-0300] {logging_mixin.py:190} INFO - Enviados 100 registros (total: 3300)
[2025-04-21T21:13:28.261-0300] {logging_mixin.py:190} INFO - Enviados 100 registros (total: 3400)
[2025-04-21T21:13:50.663-0300] {logging_mixin.py:190} INFO - Enviados 100 registros (total: 3500)
[2025-04-21T21:14:12.986-0300] {logging_mixin.py:190} INFO - Enviados 100 registros (total: 3600)
[2025-04-21T21:14:36.646-0300] {logging_mixin.py:190} INFO - Enviados 100 registros (total: 3700)
[2025-04-21T21:14:59.276-0300] {logging_mixin.py:190} INFO - Enviados 100 registros (total: 3800)
[2025-04-21T21:15:22.315-0300] {logging_mixin.py:190} INFO - Enviados 100 registros (total: 3900)
[2025-04-21T21:15:44.635-0300] {logging_mixin.py:190} INFO - Enviados 100 registros (total: 4000)
[2025-04-21T21:16:08.905-0300] {logging_mixin.py:190} INFO - Enviados 100 registros (total: 4100)
[2025-04-21T21:16:32.560-0300] {logging_mixin.py:190} INFO - Enviados 100 registros (total: 4200)
[2025-04-21T21:16:54.987-0300] {logging_mixin.py:190} INFO - Enviados 100 registros (total: 4300)
[2025-04-21T21:17:17.499-0300] {logging_mixin.py:190} INFO - Enviados 100 registros (total: 4400)
[2025-04-21T21:17:42.191-0300] {logging_mixin.py:190} INFO - Enviados 100 registros (total: 4500)
[2025-04-21T21:18:04.725-0300] {logging_mixin.py:190} INFO - Enviados 100 registros (total: 4600)
[2025-04-21T21:18:27.064-0300] {logging_mixin.py:190} INFO - Enviados 100 registros (total: 4700)
[2025-04-21T21:18:51.415-0300] {logging_mixin.py:190} INFO - Enviados 100 registros (total: 4800)
[2025-04-21T21:19:13.226-0300] {logging_mixin.py:190} INFO - Enviados 100 registros (total: 4900)
[2025-04-21T21:19:35.754-0300] {logging_mixin.py:190} INFO - Enviados 100 registros (total: 5000)
[2025-04-21T21:19:57.420-0300] {logging_mixin.py:190} INFO - Enviados 100 registros (total: 5100)
[2025-04-21T21:20:19.543-0300] {logging_mixin.py:190} INFO - Enviados 100 registros (total: 5200)
[2025-04-21T21:20:42.316-0300] {logging_mixin.py:190} INFO - Enviados 100 registros (total: 5300)
[2025-04-21T21:21:06.066-0300] {logging_mixin.py:190} INFO - Enviados 100 registros (total: 5400)
[2025-04-21T21:21:28.801-0300] {logging_mixin.py:190} INFO - Enviados 100 registros (total: 5500)
[2025-04-21T21:21:51.337-0300] {logging_mixin.py:190} INFO - Enviados 100 registros (total: 5600)
[2025-04-21T21:22:14.212-0300] {logging_mixin.py:190} INFO - Enviados 100 registros (total: 5700)
[2025-04-21T21:22:38.634-0300] {logging_mixin.py:190} INFO - Enviados 100 registros (total: 5800)
[2025-04-21T21:22:52.983-0300] {local_task_job_runner.py:245} INFO - ::endgroup::
[2025-04-21T21:22:53.001-0300] {process_utils.py:132} INFO - Sending 15 to group 54948. PIDs of all processes in the group: [54948]
[2025-04-21T21:22:53.001-0300] {process_utils.py:87} INFO - Sending the signal 15 to group 54948
[2025-04-21T21:22:53.002-0300] {taskinstance.py:3094} ERROR - Received SIGTERM. Terminating subprocesses.
[2025-04-21T21:22:53.010-0300] {taskinstance.py:3095} ERROR - Stacktrace: 
  File "/home/jonathan-brito/python-projects/airflow/venv/bin/airflow", line 8, in <module>
    sys.exit(main())
  File "/home/jonathan-brito/python-projects/airflow/venv/lib/python3.12/site-packages/airflow/__main__.py", line 62, in main
    args.func(args)
  File "/home/jonathan-brito/python-projects/airflow/venv/lib/python3.12/site-packages/airflow/cli/cli_config.py", line 49, in command
    return func(*args, **kwargs)
  File "/home/jonathan-brito/python-projects/airflow/venv/lib/python3.12/site-packages/airflow/utils/cli.py", line 116, in wrapper
    return f(*args, **kwargs)
  File "/home/jonathan-brito/python-projects/airflow/venv/lib/python3.12/site-packages/airflow/cli/commands/task_command.py", line 483, in task_run
    task_return_code = _run_task_by_selected_method(args, _dag, ti)
  File "/home/jonathan-brito/python-projects/airflow/venv/lib/python3.12/site-packages/airflow/cli/commands/task_command.py", line 254, in _run_task_by_selected_method
    return _run_task_by_local_task_job(args, ti)
  File "/home/jonathan-brito/python-projects/airflow/venv/lib/python3.12/site-packages/airflow/cli/commands/task_command.py", line 322, in _run_task_by_local_task_job
    ret = run_job(job=job_runner.job, execute_callable=job_runner._execute)
  File "/home/jonathan-brito/python-projects/airflow/venv/lib/python3.12/site-packages/airflow/utils/session.py", line 97, in wrapper
    return func(*args, session=session, **kwargs)
  File "/home/jonathan-brito/python-projects/airflow/venv/lib/python3.12/site-packages/airflow/jobs/job.py", line 421, in run_job
    return execute_job(job, execute_callable=execute_callable)
  File "/home/jonathan-brito/python-projects/airflow/venv/lib/python3.12/site-packages/airflow/jobs/job.py", line 450, in execute_job
    ret = execute_callable()
  File "/home/jonathan-brito/python-projects/airflow/venv/lib/python3.12/site-packages/airflow/jobs/local_task_job_runner.py", line 171, in _execute
    self.task_runner.start()
  File "/home/jonathan-brito/python-projects/airflow/venv/lib/python3.12/site-packages/airflow/task/task_runner/standard_task_runner.py", line 55, in start
    self.process = self._start_by_fork()
  File "/home/jonathan-brito/python-projects/airflow/venv/lib/python3.12/site-packages/airflow/task/task_runner/standard_task_runner.py", line 117, in _start_by_fork
    ret = args.func(args, dag=self.dag)
  File "/home/jonathan-brito/python-projects/airflow/venv/lib/python3.12/site-packages/airflow/cli/cli_config.py", line 49, in command
    return func(*args, **kwargs)
  File "/home/jonathan-brito/python-projects/airflow/venv/lib/python3.12/site-packages/airflow/utils/cli.py", line 116, in wrapper
    return f(*args, **kwargs)
  File "/home/jonathan-brito/python-projects/airflow/venv/lib/python3.12/site-packages/airflow/cli/commands/task_command.py", line 483, in task_run
    task_return_code = _run_task_by_selected_method(args, _dag, ti)
  File "/home/jonathan-brito/python-projects/airflow/venv/lib/python3.12/site-packages/airflow/cli/commands/task_command.py", line 256, in _run_task_by_selected_method
    return _run_raw_task(args, ti)
  File "/home/jonathan-brito/python-projects/airflow/venv/lib/python3.12/site-packages/airflow/cli/commands/task_command.py", line 341, in _run_raw_task
    return ti._run_raw_task(
  File "/home/jonathan-brito/python-projects/airflow/venv/lib/python3.12/site-packages/airflow/utils/session.py", line 97, in wrapper
    return func(*args, session=session, **kwargs)
  File "/home/jonathan-brito/python-projects/airflow/venv/lib/python3.12/site-packages/airflow/models/taskinstance.py", line 3006, in _run_raw_task
    return _run_raw_task(
  File "/home/jonathan-brito/python-projects/airflow/venv/lib/python3.12/site-packages/airflow/models/taskinstance.py", line 274, in _run_raw_task
    TaskInstance._execute_task_with_callbacks(
  File "/home/jonathan-brito/python-projects/airflow/venv/lib/python3.12/site-packages/airflow/models/taskinstance.py", line 3161, in _execute_task_with_callbacks
    result = self._execute_task(context, task_orig)
  File "/home/jonathan-brito/python-projects/airflow/venv/lib/python3.12/site-packages/airflow/models/taskinstance.py", line 3185, in _execute_task
    return _execute_task(self, context, task_orig)
  File "/home/jonathan-brito/python-projects/airflow/venv/lib/python3.12/site-packages/airflow/models/taskinstance.py", line 768, in _execute_task
    result = _execute_callable(context=context, **execute_callable_kwargs)
  File "/home/jonathan-brito/python-projects/airflow/venv/lib/python3.12/site-packages/airflow/models/taskinstance.py", line 734, in _execute_callable
    return ExecutionCallableRunner(
  File "/home/jonathan-brito/python-projects/airflow/venv/lib/python3.12/site-packages/airflow/utils/operator_helpers.py", line 252, in run
    return self.func(*args, **kwargs)
  File "/home/jonathan-brito/python-projects/airflow/venv/lib/python3.12/site-packages/airflow/models/baseoperator.py", line 424, in wrapper
    return func(self, *args, **kwargs)
  File "/home/jonathan-brito/python-projects/airflow/venv/lib/python3.12/site-packages/airflow/operators/python.py", line 238, in execute
    return_value = self.execute_callable()
  File "/home/jonathan-brito/python-projects/airflow/venv/lib/python3.12/site-packages/airflow/operators/python.py", line 256, in execute_callable
    return runner.run(*self.op_args, **self.op_kwargs)
  File "/home/jonathan-brito/python-projects/airflow/venv/lib/python3.12/site-packages/airflow/utils/operator_helpers.py", line 252, in run
    return self.func(*args, **kwargs)
  File "/home/jonathan-brito/python-projects/airflow/dags/dag_integration.py", line 75, in integra_api
    response = requests.post(
  File "/home/jonathan-brito/python-projects/airflow/venv/lib/python3.12/site-packages/requests/api.py", line 115, in post
    return request("post", url, data=data, json=json, **kwargs)
  File "/home/jonathan-brito/python-projects/airflow/venv/lib/python3.12/site-packages/requests/api.py", line 59, in request
    return session.request(method=method, url=url, **kwargs)
  File "/home/jonathan-brito/python-projects/airflow/venv/lib/python3.12/site-packages/requests/sessions.py", line 589, in request
    resp = self.send(prep, **send_kwargs)
  File "/home/jonathan-brito/python-projects/airflow/venv/lib/python3.12/site-packages/requests/sessions.py", line 703, in send
    r = adapter.send(request, **kwargs)
  File "/home/jonathan-brito/python-projects/airflow/venv/lib/python3.12/site-packages/requests/adapters.py", line 667, in send
    resp = conn.urlopen(
  File "/home/jonathan-brito/python-projects/airflow/venv/lib/python3.12/site-packages/urllib3/connectionpool.py", line 716, in urlopen
    httplib_response = self._make_request(
  File "/home/jonathan-brito/python-projects/airflow/venv/lib/python3.12/site-packages/urllib3/connectionpool.py", line 463, in _make_request
    httplib_response = conn.getresponse()
  File "/usr/lib/python3.12/http/client.py", line 1428, in getresponse
    response.begin()
  File "/usr/lib/python3.12/http/client.py", line 331, in begin
    version, status, reason = self._read_status()
  File "/usr/lib/python3.12/http/client.py", line 292, in _read_status
    line = str(self.fp.readline(_MAXLINE + 1), "iso-8859-1")
  File "/usr/lib/python3.12/socket.py", line 707, in readinto
    return self._sock.recv_into(b)
  File "/home/jonathan-brito/python-projects/airflow/venv/lib/python3.12/site-packages/airflow/models/taskinstance.py", line 3095, in signal_handler
    self.log.error("Stacktrace: \n%s", "".join(traceback.format_stack()))

[2025-04-21T21:22:53.030-0300] {taskinstance.py:3313} ERROR - Task failed with exception
Traceback (most recent call last):
  File "/home/jonathan-brito/python-projects/airflow/venv/lib/python3.12/site-packages/airflow/models/taskinstance.py", line 768, in _execute_task
    result = _execute_callable(context=context, **execute_callable_kwargs)
             ^^^^^^^^^^^^^^^^^^^^^^^^^^^^^^^^^^^^^^^^^^^^^^^^^^^^^^^^^^^^^
  File "/home/jonathan-brito/python-projects/airflow/venv/lib/python3.12/site-packages/airflow/models/taskinstance.py", line 734, in _execute_callable
    return ExecutionCallableRunner(
           ^^^^^^^^^^^^^^^^^^^^^^^^
  File "/home/jonathan-brito/python-projects/airflow/venv/lib/python3.12/site-packages/airflow/utils/operator_helpers.py", line 252, in run
    return self.func(*args, **kwargs)
           ^^^^^^^^^^^^^^^^^^^^^^^^^^
  File "/home/jonathan-brito/python-projects/airflow/venv/lib/python3.12/site-packages/airflow/models/baseoperator.py", line 424, in wrapper
    return func(self, *args, **kwargs)
           ^^^^^^^^^^^^^^^^^^^^^^^^^^^
  File "/home/jonathan-brito/python-projects/airflow/venv/lib/python3.12/site-packages/airflow/operators/python.py", line 238, in execute
    return_value = self.execute_callable()
                   ^^^^^^^^^^^^^^^^^^^^^^^
  File "/home/jonathan-brito/python-projects/airflow/venv/lib/python3.12/site-packages/airflow/operators/python.py", line 256, in execute_callable
    return runner.run(*self.op_args, **self.op_kwargs)
           ^^^^^^^^^^^^^^^^^^^^^^^^^^^^^^^^^^^^^^^^^^^
  File "/home/jonathan-brito/python-projects/airflow/venv/lib/python3.12/site-packages/airflow/utils/operator_helpers.py", line 252, in run
    return self.func(*args, **kwargs)
           ^^^^^^^^^^^^^^^^^^^^^^^^^^
  File "/home/jonathan-brito/python-projects/airflow/dags/dag_integration.py", line 75, in integra_api
    response = requests.post(
               ^^^^^^^^^^^^^^
  File "/home/jonathan-brito/python-projects/airflow/venv/lib/python3.12/site-packages/requests/api.py", line 115, in post
    return request("post", url, data=data, json=json, **kwargs)
           ^^^^^^^^^^^^^^^^^^^^^^^^^^^^^^^^^^^^^^^^^^^^^^^^^^^^
  File "/home/jonathan-brito/python-projects/airflow/venv/lib/python3.12/site-packages/requests/api.py", line 59, in request
    return session.request(method=method, url=url, **kwargs)
           ^^^^^^^^^^^^^^^^^^^^^^^^^^^^^^^^^^^^^^^^^^^^^^^^^
  File "/home/jonathan-brito/python-projects/airflow/venv/lib/python3.12/site-packages/requests/sessions.py", line 589, in request
    resp = self.send(prep, **send_kwargs)
           ^^^^^^^^^^^^^^^^^^^^^^^^^^^^^^
  File "/home/jonathan-brito/python-projects/airflow/venv/lib/python3.12/site-packages/requests/sessions.py", line 703, in send
    r = adapter.send(request, **kwargs)
        ^^^^^^^^^^^^^^^^^^^^^^^^^^^^^^^
  File "/home/jonathan-brito/python-projects/airflow/venv/lib/python3.12/site-packages/requests/adapters.py", line 667, in send
    resp = conn.urlopen(
           ^^^^^^^^^^^^^
  File "/home/jonathan-brito/python-projects/airflow/venv/lib/python3.12/site-packages/urllib3/connectionpool.py", line 716, in urlopen
    httplib_response = self._make_request(
                       ^^^^^^^^^^^^^^^^^^^
  File "/home/jonathan-brito/python-projects/airflow/venv/lib/python3.12/site-packages/urllib3/connectionpool.py", line 468, in _make_request
    six.raise_from(e, None)
  File "<string>", line 3, in raise_from
  File "/home/jonathan-brito/python-projects/airflow/venv/lib/python3.12/site-packages/urllib3/connectionpool.py", line 463, in _make_request
    httplib_response = conn.getresponse()
                       ^^^^^^^^^^^^^^^^^^
  File "/usr/lib/python3.12/http/client.py", line 1428, in getresponse
    response.begin()
  File "/usr/lib/python3.12/http/client.py", line 331, in begin
    version, status, reason = self._read_status()
                              ^^^^^^^^^^^^^^^^^^^
  File "/usr/lib/python3.12/http/client.py", line 292, in _read_status
    line = str(self.fp.readline(_MAXLINE + 1), "iso-8859-1")
               ^^^^^^^^^^^^^^^^^^^^^^^^^^^^^^
  File "/usr/lib/python3.12/socket.py", line 707, in readinto
    return self._sock.recv_into(b)
           ^^^^^^^^^^^^^^^^^^^^^^^
  File "/home/jonathan-brito/python-projects/airflow/venv/lib/python3.12/site-packages/airflow/models/taskinstance.py", line 3097, in signal_handler
    raise AirflowTaskTerminated("Task received SIGTERM signal")
airflow.exceptions.AirflowTaskTerminated: Task received SIGTERM signal
[2025-04-21T21:22:53.039-0300] {logging_mixin.py:190} INFO - Task instance in failure state
[2025-04-21T21:22:53.040-0300] {logging_mixin.py:190} INFO - Task start:2025-04-22 00:00:32.712893+00:00 end:2025-04-22 00:22:53.039191+00:00 duration:1340.326298
[2025-04-21T21:22:53.040-0300] {logging_mixin.py:190} INFO - Task:<Task(PythonOperator): integracao_api> dag:<DAG: integracao_api> dagrun:<DagRun integracao_api @ 2025-04-21 00:00:00+00:00: scheduled__2025-04-21T00:00:00+00:00, state:running, queued_at: 2025-04-22 00:00:01.912853+00:00. externally triggered: False>
[2025-04-21T21:22:53.041-0300] {logging_mixin.py:190} INFO - Failure caused by Task received SIGTERM signal
[2025-04-21T21:22:53.041-0300] {taskinstance.py:1226} INFO - Marking task as UP_FOR_RETRY. dag_id=integracao_api, task_id=integracao_api, run_id=scheduled__2025-04-21T00:00:00+00:00, execution_date=20250421T000000, start_date=20250422T000032, end_date=20250422T002253
[2025-04-21T21:22:53.072-0300] {taskinstance.py:341} INFO - ::group::Post task execution logs
[2025-04-21T21:22:53.098-0300] {process_utils.py:80} INFO - Process psutil.Process(pid=54948, status='terminated', exitcode=2, started='21:00:32') (54948) terminated with exit code 2
[2025-04-21T21:23:00.904-0300] {local_task_job_runner.py:123} INFO - ::group::Pre task execution logs
[2025-04-21T21:23:00.915-0300] {taskinstance.py:2604} INFO - Dependencies not met for <TaskInstance: integracao_api.integracao_api scheduled__2025-04-21T00:00:00+00:00 [up_for_retry]>, dependency 'Not In Retry Period' FAILED: Task is not ready for retry yet but will be retried automatically. Current date is 2025-04-22T00:23:00.915814+00:00 and task will be retried at 2025-04-22T00:24:53.039191+00:00.
[2025-04-21T21:23:00.993-0300] {local_task_job_runner.py:166} INFO - Task is not able to be run
