[2025-04-21T21:00:25.473-0300] {local_task_job_runner.py:123} INFO - ::group::Pre task execution logs
[2025-04-21T21:00:25.483-0300] {taskinstance.py:2614} INFO - Dependencies all met for dep_context=non-requeueable deps ti=<TaskInstance: example_bash_operator.this_will_skip scheduled__2025-04-21T00:00:00+00:00 [queued]>
[2025-04-21T21:00:25.574-0300] {taskinstance.py:2614} INFO - Dependencies all met for dep_context=requeueable deps ti=<TaskInstance: example_bash_operator.this_will_skip scheduled__2025-04-21T00:00:00+00:00 [queued]>
[2025-04-21T21:00:25.574-0300] {taskinstance.py:2867} INFO - Starting attempt 1 of 1
[2025-04-21T21:00:25.601-0300] {taskinstance.py:2890} INFO - Executing <Task(BashOperator): this_will_skip> on 2025-04-21 00:00:00+00:00
[2025-04-21T21:00:25.606-0300] {standard_task_runner.py:72} INFO - Started process 54824 to run task
[2025-04-21T21:00:25.609-0300] {standard_task_runner.py:104} INFO - Running: ['airflow', 'tasks', 'run', 'example_bash_operator', 'this_will_skip', 'scheduled__2025-04-21T00:00:00+00:00', '--job-id', '64', '--raw', '--subdir', '/home/jonathan-brito/python-projects/airflow/venv/lib/python3.12/site-packages/airflow/example_dags/example_bash_operator.py', '--cfg-path', '/tmp/tmpochl9h2a']
[2025-04-21T21:00:25.611-0300] {standard_task_runner.py:105} INFO - Job 64: Subtask this_will_skip
[2025-04-21T21:00:25.656-0300] {task_command.py:467} INFO - Running <TaskInstance: example_bash_operator.this_will_skip scheduled__2025-04-21T00:00:00+00:00 [running]> on host jonathan-brito
[2025-04-21T21:00:25.726-0300] {taskinstance.py:3134} INFO - Exporting env vars: AIRFLOW_CTX_DAG_OWNER='airflow' AIRFLOW_CTX_DAG_ID='example_bash_operator' AIRFLOW_CTX_TASK_ID='this_will_skip' AIRFLOW_CTX_EXECUTION_DATE='2025-04-21T00:00:00+00:00' AIRFLOW_CTX_TRY_NUMBER='1' AIRFLOW_CTX_DAG_RUN_ID='scheduled__2025-04-21T00:00:00+00:00'
[2025-04-21T21:00:25.728-0300] {logging_mixin.py:190} INFO - Task instance is in running state
[2025-04-21T21:00:25.728-0300] {logging_mixin.py:190} INFO -  Previous state of the Task instance: queued
[2025-04-21T21:00:25.728-0300] {logging_mixin.py:190} INFO - Current task name:this_will_skip state:running start_date:2025-04-22 00:00:25.484329+00:00
[2025-04-21T21:00:25.729-0300] {logging_mixin.py:190} INFO - Dag name:example_bash_operator and current dag run status:running
[2025-04-21T21:00:25.729-0300] {taskinstance.py:732} INFO - ::endgroup::
[2025-04-21T21:00:25.730-0300] {subprocess.py:78} INFO - Tmp dir root location: /tmp
[2025-04-21T21:00:25.731-0300] {subprocess.py:88} INFO - Running command: ['/usr/bin/bash', '-c', 'echo "hello world"; exit 99;']
[2025-04-21T21:00:25.742-0300] {subprocess.py:99} INFO - Output:
[2025-04-21T21:00:25.744-0300] {subprocess.py:106} INFO - hello world
[2025-04-21T21:00:25.744-0300] {subprocess.py:110} INFO - Command exited with return code 99
[2025-04-21T21:00:25.745-0300] {taskinstance.py:302} INFO - Bash command returned exit code 99. Skipping.
[2025-04-21T21:00:25.770-0300] {taskinstance.py:341} INFO - ::group::Post task execution logs
[2025-04-21T21:00:25.771-0300] {taskinstance.py:353} INFO - Marking task as SKIPPED. dag_id=example_bash_operator, task_id=this_will_skip, run_id=scheduled__2025-04-21T00:00:00+00:00, execution_date=20250421T000000, start_date=20250422T000025, end_date=20250422T000025
[2025-04-21T21:00:25.823-0300] {local_task_job_runner.py:266} INFO - Task exited with return code 0
[2025-04-21T21:00:25.848-0300] {taskinstance.py:3901} INFO - 0 downstream tasks scheduled from follow-on schedule check
[2025-04-21T21:00:25.860-0300] {local_task_job_runner.py:245} INFO - ::endgroup::
