[2025-04-21T21:23:15.623-0300] {processor.py:186} INFO - Started process (PID=70239) to work on /home/jonathan-brito/python-projects/airflow/venv/lib/python3.12/site-packages/airflow/example_dags/plugins/listener_plugin.py
[2025-04-21T21:23:15.624-0300] {processor.py:914} INFO - Processing file /home/jonathan-brito/python-projects/airflow/venv/lib/python3.12/site-packages/airflow/example_dags/plugins/listener_plugin.py for tasks to queue
[2025-04-21T21:23:15.626-0300] {logging_mixin.py:190} INFO - [2025-04-21T21:23:15.626-0300] {dagbag.py:588} INFO - Filling up the DagBag from /home/jonathan-brito/python-projects/airflow/venv/lib/python3.12/site-packages/airflow/example_dags/plugins/listener_plugin.py
[2025-04-21T21:23:15.629-0300] {processor.py:927} WARNING - No viable dags retrieved from /home/jonathan-brito/python-projects/airflow/venv/lib/python3.12/site-packages/airflow/example_dags/plugins/listener_plugin.py
[2025-04-21T21:23:15.643-0300] {processor.py:208} INFO - Processing /home/jonathan-brito/python-projects/airflow/venv/lib/python3.12/site-packages/airflow/example_dags/plugins/listener_plugin.py took 0.027 seconds
[2025-04-21T21:24:21.157-0300] {processor.py:186} INFO - Started process (PID=71010) to work on /home/jonathan-brito/python-projects/airflow/venv/lib/python3.12/site-packages/airflow/example_dags/plugins/listener_plugin.py
[2025-04-21T21:24:21.164-0300] {processor.py:914} INFO - Processing file /home/jonathan-brito/python-projects/airflow/venv/lib/python3.12/site-packages/airflow/example_dags/plugins/listener_plugin.py for tasks to queue
[2025-04-21T21:24:21.168-0300] {logging_mixin.py:190} INFO - [2025-04-21T21:24:21.167-0300] {dagbag.py:588} INFO - Filling up the DagBag from /home/jonathan-brito/python-projects/airflow/venv/lib/python3.12/site-packages/airflow/example_dags/plugins/listener_plugin.py
[2025-04-21T21:24:21.172-0300] {processor.py:927} WARNING - No viable dags retrieved from /home/jonathan-brito/python-projects/airflow/venv/lib/python3.12/site-packages/airflow/example_dags/plugins/listener_plugin.py
[2025-04-21T21:24:21.188-0300] {processor.py:208} INFO - Processing /home/jonathan-brito/python-projects/airflow/venv/lib/python3.12/site-packages/airflow/example_dags/plugins/listener_plugin.py took 0.041 seconds
[2025-04-21T21:26:49.934-0300] {processor.py:186} INFO - Started process (PID=74114) to work on /home/jonathan-brito/python-projects/airflow/venv/lib/python3.12/site-packages/airflow/example_dags/plugins/listener_plugin.py
[2025-04-21T21:26:49.940-0300] {processor.py:914} INFO - Processing file /home/jonathan-brito/python-projects/airflow/venv/lib/python3.12/site-packages/airflow/example_dags/plugins/listener_plugin.py for tasks to queue
[2025-04-21T21:26:49.942-0300] {logging_mixin.py:190} INFO - [2025-04-21T21:26:49.942-0300] {dagbag.py:588} INFO - Filling up the DagBag from /home/jonathan-brito/python-projects/airflow/venv/lib/python3.12/site-packages/airflow/example_dags/plugins/listener_plugin.py
[2025-04-21T21:26:49.945-0300] {processor.py:927} WARNING - No viable dags retrieved from /home/jonathan-brito/python-projects/airflow/venv/lib/python3.12/site-packages/airflow/example_dags/plugins/listener_plugin.py
[2025-04-21T21:26:49.956-0300] {processor.py:208} INFO - Processing /home/jonathan-brito/python-projects/airflow/venv/lib/python3.12/site-packages/airflow/example_dags/plugins/listener_plugin.py took 0.029 seconds
[2025-04-21T22:09:31.758-0300] {processor.py:186} INFO - Started process (PID=126857) to work on /home/jonathan-brito/python-projects/airflow/venv/lib/python3.12/site-packages/airflow/example_dags/plugins/listener_plugin.py
[2025-04-21T22:09:31.767-0300] {processor.py:914} INFO - Processing file /home/jonathan-brito/python-projects/airflow/venv/lib/python3.12/site-packages/airflow/example_dags/plugins/listener_plugin.py for tasks to queue
[2025-04-21T22:09:31.770-0300] {logging_mixin.py:190} INFO - [2025-04-21T22:09:31.769-0300] {dagbag.py:588} INFO - Filling up the DagBag from /home/jonathan-brito/python-projects/airflow/venv/lib/python3.12/site-packages/airflow/example_dags/plugins/listener_plugin.py
[2025-04-21T22:09:31.777-0300] {processor.py:927} WARNING - No viable dags retrieved from /home/jonathan-brito/python-projects/airflow/venv/lib/python3.12/site-packages/airflow/example_dags/plugins/listener_plugin.py
[2025-04-21T22:09:31.803-0300] {processor.py:208} INFO - Processing /home/jonathan-brito/python-projects/airflow/venv/lib/python3.12/site-packages/airflow/example_dags/plugins/listener_plugin.py took 0.061 seconds
[2025-04-21T22:10:36.332-0300] {processor.py:186} INFO - Started process (PID=127677) to work on /home/jonathan-brito/python-projects/airflow/venv/lib/python3.12/site-packages/airflow/example_dags/plugins/listener_plugin.py
[2025-04-21T22:10:36.339-0300] {processor.py:914} INFO - Processing file /home/jonathan-brito/python-projects/airflow/venv/lib/python3.12/site-packages/airflow/example_dags/plugins/listener_plugin.py for tasks to queue
[2025-04-21T22:10:36.341-0300] {logging_mixin.py:190} INFO - [2025-04-21T22:10:36.340-0300] {dagbag.py:588} INFO - Filling up the DagBag from /home/jonathan-brito/python-projects/airflow/venv/lib/python3.12/site-packages/airflow/example_dags/plugins/listener_plugin.py
[2025-04-21T22:10:36.343-0300] {processor.py:927} WARNING - No viable dags retrieved from /home/jonathan-brito/python-projects/airflow/venv/lib/python3.12/site-packages/airflow/example_dags/plugins/listener_plugin.py
[2025-04-21T22:10:36.355-0300] {processor.py:208} INFO - Processing /home/jonathan-brito/python-projects/airflow/venv/lib/python3.12/site-packages/airflow/example_dags/plugins/listener_plugin.py took 0.030 seconds
[2025-04-21T22:11:10.083-0300] {processor.py:186} INFO - Started process (PID=128208) to work on /home/jonathan-brito/python-projects/airflow/venv/lib/python3.12/site-packages/airflow/example_dags/plugins/listener_plugin.py
[2025-04-21T22:11:10.090-0300] {processor.py:914} INFO - Processing file /home/jonathan-brito/python-projects/airflow/venv/lib/python3.12/site-packages/airflow/example_dags/plugins/listener_plugin.py for tasks to queue
[2025-04-21T22:11:10.091-0300] {logging_mixin.py:190} INFO - [2025-04-21T22:11:10.091-0300] {dagbag.py:588} INFO - Filling up the DagBag from /home/jonathan-brito/python-projects/airflow/venv/lib/python3.12/site-packages/airflow/example_dags/plugins/listener_plugin.py
[2025-04-21T22:11:10.093-0300] {processor.py:927} WARNING - No viable dags retrieved from /home/jonathan-brito/python-projects/airflow/venv/lib/python3.12/site-packages/airflow/example_dags/plugins/listener_plugin.py
[2025-04-21T22:11:10.106-0300] {processor.py:208} INFO - Processing /home/jonathan-brito/python-projects/airflow/venv/lib/python3.12/site-packages/airflow/example_dags/plugins/listener_plugin.py took 0.029 seconds
[2025-04-21T22:12:12.291-0300] {processor.py:186} INFO - Started process (PID=128905) to work on /home/jonathan-brito/python-projects/airflow/venv/lib/python3.12/site-packages/airflow/example_dags/plugins/listener_plugin.py
[2025-04-21T22:12:12.298-0300] {processor.py:914} INFO - Processing file /home/jonathan-brito/python-projects/airflow/venv/lib/python3.12/site-packages/airflow/example_dags/plugins/listener_plugin.py for tasks to queue
[2025-04-21T22:12:12.300-0300] {logging_mixin.py:190} INFO - [2025-04-21T22:12:12.299-0300] {dagbag.py:588} INFO - Filling up the DagBag from /home/jonathan-brito/python-projects/airflow/venv/lib/python3.12/site-packages/airflow/example_dags/plugins/listener_plugin.py
[2025-04-21T22:12:12.302-0300] {processor.py:927} WARNING - No viable dags retrieved from /home/jonathan-brito/python-projects/airflow/venv/lib/python3.12/site-packages/airflow/example_dags/plugins/listener_plugin.py
[2025-04-21T22:12:12.313-0300] {processor.py:208} INFO - Processing /home/jonathan-brito/python-projects/airflow/venv/lib/python3.12/site-packages/airflow/example_dags/plugins/listener_plugin.py took 0.029 seconds
[2025-04-21T22:13:15.588-0300] {processor.py:186} INFO - Started process (PID=129544) to work on /home/jonathan-brito/python-projects/airflow/venv/lib/python3.12/site-packages/airflow/example_dags/plugins/listener_plugin.py
[2025-04-21T22:13:15.589-0300] {processor.py:914} INFO - Processing file /home/jonathan-brito/python-projects/airflow/venv/lib/python3.12/site-packages/airflow/example_dags/plugins/listener_plugin.py for tasks to queue
[2025-04-21T22:13:15.591-0300] {logging_mixin.py:190} INFO - [2025-04-21T22:13:15.591-0300] {dagbag.py:588} INFO - Filling up the DagBag from /home/jonathan-brito/python-projects/airflow/venv/lib/python3.12/site-packages/airflow/example_dags/plugins/listener_plugin.py
[2025-04-21T22:13:15.595-0300] {processor.py:927} WARNING - No viable dags retrieved from /home/jonathan-brito/python-projects/airflow/venv/lib/python3.12/site-packages/airflow/example_dags/plugins/listener_plugin.py
[2025-04-21T22:13:15.611-0300] {processor.py:208} INFO - Processing /home/jonathan-brito/python-projects/airflow/venv/lib/python3.12/site-packages/airflow/example_dags/plugins/listener_plugin.py took 0.035 seconds
[2025-04-21T22:14:16.501-0300] {processor.py:186} INFO - Started process (PID=130290) to work on /home/jonathan-brito/python-projects/airflow/venv/lib/python3.12/site-packages/airflow/example_dags/plugins/listener_plugin.py
[2025-04-21T22:14:16.508-0300] {processor.py:914} INFO - Processing file /home/jonathan-brito/python-projects/airflow/venv/lib/python3.12/site-packages/airflow/example_dags/plugins/listener_plugin.py for tasks to queue
[2025-04-21T22:14:16.511-0300] {logging_mixin.py:190} INFO - [2025-04-21T22:14:16.510-0300] {dagbag.py:588} INFO - Filling up the DagBag from /home/jonathan-brito/python-projects/airflow/venv/lib/python3.12/site-packages/airflow/example_dags/plugins/listener_plugin.py
[2025-04-21T22:14:16.516-0300] {processor.py:927} WARNING - No viable dags retrieved from /home/jonathan-brito/python-projects/airflow/venv/lib/python3.12/site-packages/airflow/example_dags/plugins/listener_plugin.py
[2025-04-21T22:14:16.539-0300] {processor.py:208} INFO - Processing /home/jonathan-brito/python-projects/airflow/venv/lib/python3.12/site-packages/airflow/example_dags/plugins/listener_plugin.py took 0.050 seconds
[2025-04-21T22:14:49.908-0300] {processor.py:186} INFO - Started process (PID=130706) to work on /home/jonathan-brito/python-projects/airflow/venv/lib/python3.12/site-packages/airflow/example_dags/plugins/listener_plugin.py
[2025-04-21T22:14:49.915-0300] {processor.py:914} INFO - Processing file /home/jonathan-brito/python-projects/airflow/venv/lib/python3.12/site-packages/airflow/example_dags/plugins/listener_plugin.py for tasks to queue
[2025-04-21T22:14:49.920-0300] {logging_mixin.py:190} INFO - [2025-04-21T22:14:49.918-0300] {dagbag.py:588} INFO - Filling up the DagBag from /home/jonathan-brito/python-projects/airflow/venv/lib/python3.12/site-packages/airflow/example_dags/plugins/listener_plugin.py
[2025-04-21T22:14:49.928-0300] {processor.py:927} WARNING - No viable dags retrieved from /home/jonathan-brito/python-projects/airflow/venv/lib/python3.12/site-packages/airflow/example_dags/plugins/listener_plugin.py
[2025-04-21T22:14:49.948-0300] {processor.py:208} INFO - Processing /home/jonathan-brito/python-projects/airflow/venv/lib/python3.12/site-packages/airflow/example_dags/plugins/listener_plugin.py took 0.046 seconds
[2025-04-21T22:15:51.253-0300] {processor.py:186} INFO - Started process (PID=131359) to work on /home/jonathan-brito/python-projects/airflow/venv/lib/python3.12/site-packages/airflow/example_dags/plugins/listener_plugin.py
[2025-04-21T22:15:51.254-0300] {processor.py:914} INFO - Processing file /home/jonathan-brito/python-projects/airflow/venv/lib/python3.12/site-packages/airflow/example_dags/plugins/listener_plugin.py for tasks to queue
[2025-04-21T22:15:51.256-0300] {logging_mixin.py:190} INFO - [2025-04-21T22:15:51.255-0300] {dagbag.py:588} INFO - Filling up the DagBag from /home/jonathan-brito/python-projects/airflow/venv/lib/python3.12/site-packages/airflow/example_dags/plugins/listener_plugin.py
[2025-04-21T22:15:51.258-0300] {processor.py:927} WARNING - No viable dags retrieved from /home/jonathan-brito/python-projects/airflow/venv/lib/python3.12/site-packages/airflow/example_dags/plugins/listener_plugin.py
[2025-04-21T22:15:51.270-0300] {processor.py:208} INFO - Processing /home/jonathan-brito/python-projects/airflow/venv/lib/python3.12/site-packages/airflow/example_dags/plugins/listener_plugin.py took 0.025 seconds
[2025-04-21T22:16:55.198-0300] {processor.py:186} INFO - Started process (PID=131990) to work on /home/jonathan-brito/python-projects/airflow/venv/lib/python3.12/site-packages/airflow/example_dags/plugins/listener_plugin.py
[2025-04-21T22:16:55.205-0300] {processor.py:914} INFO - Processing file /home/jonathan-brito/python-projects/airflow/venv/lib/python3.12/site-packages/airflow/example_dags/plugins/listener_plugin.py for tasks to queue
[2025-04-21T22:16:55.206-0300] {logging_mixin.py:190} INFO - [2025-04-21T22:16:55.206-0300] {dagbag.py:588} INFO - Filling up the DagBag from /home/jonathan-brito/python-projects/airflow/venv/lib/python3.12/site-packages/airflow/example_dags/plugins/listener_plugin.py
[2025-04-21T22:16:55.209-0300] {processor.py:927} WARNING - No viable dags retrieved from /home/jonathan-brito/python-projects/airflow/venv/lib/python3.12/site-packages/airflow/example_dags/plugins/listener_plugin.py
[2025-04-21T22:16:55.219-0300] {processor.py:208} INFO - Processing /home/jonathan-brito/python-projects/airflow/venv/lib/python3.12/site-packages/airflow/example_dags/plugins/listener_plugin.py took 0.028 seconds
[2025-04-21T22:17:57.208-0300] {processor.py:186} INFO - Started process (PID=132657) to work on /home/jonathan-brito/python-projects/airflow/venv/lib/python3.12/site-packages/airflow/example_dags/plugins/listener_plugin.py
[2025-04-21T22:17:57.215-0300] {processor.py:914} INFO - Processing file /home/jonathan-brito/python-projects/airflow/venv/lib/python3.12/site-packages/airflow/example_dags/plugins/listener_plugin.py for tasks to queue
[2025-04-21T22:17:57.216-0300] {logging_mixin.py:190} INFO - [2025-04-21T22:17:57.216-0300] {dagbag.py:588} INFO - Filling up the DagBag from /home/jonathan-brito/python-projects/airflow/venv/lib/python3.12/site-packages/airflow/example_dags/plugins/listener_plugin.py
[2025-04-21T22:17:57.219-0300] {processor.py:927} WARNING - No viable dags retrieved from /home/jonathan-brito/python-projects/airflow/venv/lib/python3.12/site-packages/airflow/example_dags/plugins/listener_plugin.py
[2025-04-21T22:17:57.229-0300] {processor.py:208} INFO - Processing /home/jonathan-brito/python-projects/airflow/venv/lib/python3.12/site-packages/airflow/example_dags/plugins/listener_plugin.py took 0.029 seconds
[2025-04-21T22:18:59.968-0300] {processor.py:186} INFO - Started process (PID=133282) to work on /home/jonathan-brito/python-projects/airflow/venv/lib/python3.12/site-packages/airflow/example_dags/plugins/listener_plugin.py
[2025-04-21T22:18:59.975-0300] {processor.py:914} INFO - Processing file /home/jonathan-brito/python-projects/airflow/venv/lib/python3.12/site-packages/airflow/example_dags/plugins/listener_plugin.py for tasks to queue
[2025-04-21T22:18:59.977-0300] {logging_mixin.py:190} INFO - [2025-04-21T22:18:59.977-0300] {dagbag.py:588} INFO - Filling up the DagBag from /home/jonathan-brito/python-projects/airflow/venv/lib/python3.12/site-packages/airflow/example_dags/plugins/listener_plugin.py
[2025-04-21T22:18:59.980-0300] {processor.py:927} WARNING - No viable dags retrieved from /home/jonathan-brito/python-projects/airflow/venv/lib/python3.12/site-packages/airflow/example_dags/plugins/listener_plugin.py
[2025-04-21T22:18:59.994-0300] {processor.py:208} INFO - Processing /home/jonathan-brito/python-projects/airflow/venv/lib/python3.12/site-packages/airflow/example_dags/plugins/listener_plugin.py took 0.033 seconds
[2025-04-21T22:20:03.905-0300] {processor.py:186} INFO - Started process (PID=134013) to work on /home/jonathan-brito/python-projects/airflow/venv/lib/python3.12/site-packages/airflow/example_dags/plugins/listener_plugin.py
[2025-04-21T22:20:03.913-0300] {processor.py:914} INFO - Processing file /home/jonathan-brito/python-projects/airflow/venv/lib/python3.12/site-packages/airflow/example_dags/plugins/listener_plugin.py for tasks to queue
[2025-04-21T22:20:03.914-0300] {logging_mixin.py:190} INFO - [2025-04-21T22:20:03.914-0300] {dagbag.py:588} INFO - Filling up the DagBag from /home/jonathan-brito/python-projects/airflow/venv/lib/python3.12/site-packages/airflow/example_dags/plugins/listener_plugin.py
[2025-04-21T22:20:03.918-0300] {processor.py:927} WARNING - No viable dags retrieved from /home/jonathan-brito/python-projects/airflow/venv/lib/python3.12/site-packages/airflow/example_dags/plugins/listener_plugin.py
[2025-04-21T22:20:03.931-0300] {processor.py:208} INFO - Processing /home/jonathan-brito/python-projects/airflow/venv/lib/python3.12/site-packages/airflow/example_dags/plugins/listener_plugin.py took 0.041 seconds
[2025-04-22T10:23:55.688-0300] {processor.py:186} INFO - Started process (PID=10469) to work on /home/jonathan-brito/python-projects/airflow/venv/lib/python3.12/site-packages/airflow/example_dags/plugins/listener_plugin.py
[2025-04-22T10:23:55.732-0300] {processor.py:914} INFO - Processing file /home/jonathan-brito/python-projects/airflow/venv/lib/python3.12/site-packages/airflow/example_dags/plugins/listener_plugin.py for tasks to queue
[2025-04-22T10:23:55.734-0300] {logging_mixin.py:190} INFO - [2025-04-22T10:23:55.734-0300] {dagbag.py:588} INFO - Filling up the DagBag from /home/jonathan-brito/python-projects/airflow/venv/lib/python3.12/site-packages/airflow/example_dags/plugins/listener_plugin.py
[2025-04-22T10:23:55.737-0300] {processor.py:927} WARNING - No viable dags retrieved from /home/jonathan-brito/python-projects/airflow/venv/lib/python3.12/site-packages/airflow/example_dags/plugins/listener_plugin.py
[2025-04-22T10:23:55.814-0300] {processor.py:208} INFO - Processing /home/jonathan-brito/python-projects/airflow/venv/lib/python3.12/site-packages/airflow/example_dags/plugins/listener_plugin.py took 0.138 seconds
[2025-04-22T10:25:10.723-0300] {processor.py:186} INFO - Started process (PID=11746) to work on /home/jonathan-brito/python-projects/airflow/venv/lib/python3.12/site-packages/airflow/example_dags/plugins/listener_plugin.py
[2025-04-22T10:25:10.725-0300] {processor.py:914} INFO - Processing file /home/jonathan-brito/python-projects/airflow/venv/lib/python3.12/site-packages/airflow/example_dags/plugins/listener_plugin.py for tasks to queue
[2025-04-22T10:25:10.727-0300] {logging_mixin.py:190} INFO - [2025-04-22T10:25:10.727-0300] {dagbag.py:588} INFO - Filling up the DagBag from /home/jonathan-brito/python-projects/airflow/venv/lib/python3.12/site-packages/airflow/example_dags/plugins/listener_plugin.py
[2025-04-22T10:25:10.730-0300] {processor.py:927} WARNING - No viable dags retrieved from /home/jonathan-brito/python-projects/airflow/venv/lib/python3.12/site-packages/airflow/example_dags/plugins/listener_plugin.py
[2025-04-22T10:25:10.744-0300] {processor.py:208} INFO - Processing /home/jonathan-brito/python-projects/airflow/venv/lib/python3.12/site-packages/airflow/example_dags/plugins/listener_plugin.py took 0.028 seconds
[2025-04-22T10:25:48.429-0300] {processor.py:186} INFO - Started process (PID=12028) to work on /home/jonathan-brito/python-projects/airflow/venv/lib/python3.12/site-packages/airflow/example_dags/plugins/listener_plugin.py
[2025-04-22T10:25:48.438-0300] {processor.py:914} INFO - Processing file /home/jonathan-brito/python-projects/airflow/venv/lib/python3.12/site-packages/airflow/example_dags/plugins/listener_plugin.py for tasks to queue
[2025-04-22T10:25:48.441-0300] {logging_mixin.py:190} INFO - [2025-04-22T10:25:48.440-0300] {dagbag.py:588} INFO - Filling up the DagBag from /home/jonathan-brito/python-projects/airflow/venv/lib/python3.12/site-packages/airflow/example_dags/plugins/listener_plugin.py
[2025-04-22T10:25:48.445-0300] {processor.py:927} WARNING - No viable dags retrieved from /home/jonathan-brito/python-projects/airflow/venv/lib/python3.12/site-packages/airflow/example_dags/plugins/listener_plugin.py
[2025-04-22T10:25:48.458-0300] {processor.py:208} INFO - Processing /home/jonathan-brito/python-projects/airflow/venv/lib/python3.12/site-packages/airflow/example_dags/plugins/listener_plugin.py took 0.035 seconds
[2025-04-22T10:27:20.309-0300] {processor.py:186} INFO - Started process (PID=13593) to work on /home/jonathan-brito/python-projects/airflow/venv/lib/python3.12/site-packages/airflow/example_dags/plugins/listener_plugin.py
[2025-04-22T10:27:20.316-0300] {processor.py:914} INFO - Processing file /home/jonathan-brito/python-projects/airflow/venv/lib/python3.12/site-packages/airflow/example_dags/plugins/listener_plugin.py for tasks to queue
[2025-04-22T10:27:20.318-0300] {logging_mixin.py:190} INFO - [2025-04-22T10:27:20.318-0300] {dagbag.py:588} INFO - Filling up the DagBag from /home/jonathan-brito/python-projects/airflow/venv/lib/python3.12/site-packages/airflow/example_dags/plugins/listener_plugin.py
[2025-04-22T10:27:20.321-0300] {processor.py:927} WARNING - No viable dags retrieved from /home/jonathan-brito/python-projects/airflow/venv/lib/python3.12/site-packages/airflow/example_dags/plugins/listener_plugin.py
[2025-04-22T10:27:20.336-0300] {processor.py:208} INFO - Processing /home/jonathan-brito/python-projects/airflow/venv/lib/python3.12/site-packages/airflow/example_dags/plugins/listener_plugin.py took 0.034 seconds
[2025-04-22T10:29:02.246-0300] {processor.py:186} INFO - Started process (PID=15378) to work on /home/jonathan-brito/python-projects/airflow/venv/lib/python3.12/site-packages/airflow/example_dags/plugins/listener_plugin.py
[2025-04-22T10:29:02.248-0300] {processor.py:914} INFO - Processing file /home/jonathan-brito/python-projects/airflow/venv/lib/python3.12/site-packages/airflow/example_dags/plugins/listener_plugin.py for tasks to queue
[2025-04-22T10:29:02.252-0300] {logging_mixin.py:190} INFO - [2025-04-22T10:29:02.251-0300] {dagbag.py:588} INFO - Filling up the DagBag from /home/jonathan-brito/python-projects/airflow/venv/lib/python3.12/site-packages/airflow/example_dags/plugins/listener_plugin.py
[2025-04-22T10:29:02.256-0300] {processor.py:927} WARNING - No viable dags retrieved from /home/jonathan-brito/python-projects/airflow/venv/lib/python3.12/site-packages/airflow/example_dags/plugins/listener_plugin.py
[2025-04-22T10:29:02.274-0300] {processor.py:208} INFO - Processing /home/jonathan-brito/python-projects/airflow/venv/lib/python3.12/site-packages/airflow/example_dags/plugins/listener_plugin.py took 0.047 seconds
[2025-04-22T10:30:12.623-0300] {processor.py:186} INFO - Started process (PID=16032) to work on /home/jonathan-brito/python-projects/airflow/venv/lib/python3.12/site-packages/airflow/example_dags/plugins/listener_plugin.py
[2025-04-22T10:30:12.630-0300] {processor.py:914} INFO - Processing file /home/jonathan-brito/python-projects/airflow/venv/lib/python3.12/site-packages/airflow/example_dags/plugins/listener_plugin.py for tasks to queue
[2025-04-22T10:30:12.633-0300] {logging_mixin.py:190} INFO - [2025-04-22T10:30:12.632-0300] {dagbag.py:588} INFO - Filling up the DagBag from /home/jonathan-brito/python-projects/airflow/venv/lib/python3.12/site-packages/airflow/example_dags/plugins/listener_plugin.py
[2025-04-22T10:30:12.636-0300] {processor.py:927} WARNING - No viable dags retrieved from /home/jonathan-brito/python-projects/airflow/venv/lib/python3.12/site-packages/airflow/example_dags/plugins/listener_plugin.py
[2025-04-22T10:30:12.650-0300] {processor.py:208} INFO - Processing /home/jonathan-brito/python-projects/airflow/venv/lib/python3.12/site-packages/airflow/example_dags/plugins/listener_plugin.py took 0.035 seconds
[2025-04-22T10:30:57.884-0300] {processor.py:186} INFO - Started process (PID=16439) to work on /home/jonathan-brito/python-projects/airflow/venv/lib/python3.12/site-packages/airflow/example_dags/plugins/listener_plugin.py
[2025-04-22T10:30:57.892-0300] {processor.py:914} INFO - Processing file /home/jonathan-brito/python-projects/airflow/venv/lib/python3.12/site-packages/airflow/example_dags/plugins/listener_plugin.py for tasks to queue
[2025-04-22T10:30:57.897-0300] {logging_mixin.py:190} INFO - [2025-04-22T10:30:57.896-0300] {dagbag.py:588} INFO - Filling up the DagBag from /home/jonathan-brito/python-projects/airflow/venv/lib/python3.12/site-packages/airflow/example_dags/plugins/listener_plugin.py
[2025-04-22T10:30:57.905-0300] {processor.py:927} WARNING - No viable dags retrieved from /home/jonathan-brito/python-projects/airflow/venv/lib/python3.12/site-packages/airflow/example_dags/plugins/listener_plugin.py
[2025-04-22T10:30:57.927-0300] {processor.py:208} INFO - Processing /home/jonathan-brito/python-projects/airflow/venv/lib/python3.12/site-packages/airflow/example_dags/plugins/listener_plugin.py took 0.048 seconds
[2025-04-22T11:07:46.980-0300] {processor.py:186} INFO - Started process (PID=49470) to work on /home/jonathan-brito/python-projects/airflow/venv/lib/python3.12/site-packages/airflow/example_dags/plugins/listener_plugin.py
[2025-04-22T11:07:46.987-0300] {processor.py:914} INFO - Processing file /home/jonathan-brito/python-projects/airflow/venv/lib/python3.12/site-packages/airflow/example_dags/plugins/listener_plugin.py for tasks to queue
[2025-04-22T11:07:46.989-0300] {logging_mixin.py:190} INFO - [2025-04-22T11:07:46.988-0300] {dagbag.py:588} INFO - Filling up the DagBag from /home/jonathan-brito/python-projects/airflow/venv/lib/python3.12/site-packages/airflow/example_dags/plugins/listener_plugin.py
[2025-04-22T11:07:46.991-0300] {processor.py:927} WARNING - No viable dags retrieved from /home/jonathan-brito/python-projects/airflow/venv/lib/python3.12/site-packages/airflow/example_dags/plugins/listener_plugin.py
[2025-04-22T11:07:47.002-0300] {processor.py:208} INFO - Processing /home/jonathan-brito/python-projects/airflow/venv/lib/python3.12/site-packages/airflow/example_dags/plugins/listener_plugin.py took 0.030 seconds
[2025-04-22T11:08:48.997-0300] {processor.py:186} INFO - Started process (PID=49851) to work on /home/jonathan-brito/python-projects/airflow/venv/lib/python3.12/site-packages/airflow/example_dags/plugins/listener_plugin.py
[2025-04-22T11:08:48.998-0300] {processor.py:914} INFO - Processing file /home/jonathan-brito/python-projects/airflow/venv/lib/python3.12/site-packages/airflow/example_dags/plugins/listener_plugin.py for tasks to queue
[2025-04-22T11:08:49.000-0300] {logging_mixin.py:190} INFO - [2025-04-22T11:08:48.999-0300] {dagbag.py:588} INFO - Filling up the DagBag from /home/jonathan-brito/python-projects/airflow/venv/lib/python3.12/site-packages/airflow/example_dags/plugins/listener_plugin.py
[2025-04-22T11:08:49.003-0300] {processor.py:927} WARNING - No viable dags retrieved from /home/jonathan-brito/python-projects/airflow/venv/lib/python3.12/site-packages/airflow/example_dags/plugins/listener_plugin.py
[2025-04-22T11:08:49.017-0300] {processor.py:208} INFO - Processing /home/jonathan-brito/python-projects/airflow/venv/lib/python3.12/site-packages/airflow/example_dags/plugins/listener_plugin.py took 0.027 seconds
[2025-04-22T11:09:46.393-0300] {processor.py:186} INFO - Started process (PID=50290) to work on /home/jonathan-brito/python-projects/airflow/venv/lib/python3.12/site-packages/airflow/example_dags/plugins/listener_plugin.py
[2025-04-22T11:09:46.400-0300] {processor.py:914} INFO - Processing file /home/jonathan-brito/python-projects/airflow/venv/lib/python3.12/site-packages/airflow/example_dags/plugins/listener_plugin.py for tasks to queue
[2025-04-22T11:09:46.404-0300] {logging_mixin.py:190} INFO - [2025-04-22T11:09:46.402-0300] {dagbag.py:588} INFO - Filling up the DagBag from /home/jonathan-brito/python-projects/airflow/venv/lib/python3.12/site-packages/airflow/example_dags/plugins/listener_plugin.py
[2025-04-22T11:09:46.412-0300] {processor.py:927} WARNING - No viable dags retrieved from /home/jonathan-brito/python-projects/airflow/venv/lib/python3.12/site-packages/airflow/example_dags/plugins/listener_plugin.py
[2025-04-22T11:09:46.434-0300] {processor.py:208} INFO - Processing /home/jonathan-brito/python-projects/airflow/venv/lib/python3.12/site-packages/airflow/example_dags/plugins/listener_plugin.py took 0.050 seconds
[2025-04-22T11:10:49.004-0300] {processor.py:186} INFO - Started process (PID=50775) to work on /home/jonathan-brito/python-projects/airflow/venv/lib/python3.12/site-packages/airflow/example_dags/plugins/listener_plugin.py
[2025-04-22T11:10:49.011-0300] {processor.py:914} INFO - Processing file /home/jonathan-brito/python-projects/airflow/venv/lib/python3.12/site-packages/airflow/example_dags/plugins/listener_plugin.py for tasks to queue
[2025-04-22T11:10:49.013-0300] {logging_mixin.py:190} INFO - [2025-04-22T11:10:49.013-0300] {dagbag.py:588} INFO - Filling up the DagBag from /home/jonathan-brito/python-projects/airflow/venv/lib/python3.12/site-packages/airflow/example_dags/plugins/listener_plugin.py
[2025-04-22T11:10:49.017-0300] {processor.py:927} WARNING - No viable dags retrieved from /home/jonathan-brito/python-projects/airflow/venv/lib/python3.12/site-packages/airflow/example_dags/plugins/listener_plugin.py
[2025-04-22T11:10:49.031-0300] {processor.py:208} INFO - Processing /home/jonathan-brito/python-projects/airflow/venv/lib/python3.12/site-packages/airflow/example_dags/plugins/listener_plugin.py took 0.036 seconds
