[2025-04-21T21:23:14.446-0300] {processor.py:186} INFO - Started process (PID=70218) to work on /home/jonathan-brito/python-projects/airflow/venv/lib/python3.12/site-packages/airflow/example_dags/plugins/workday.py
[2025-04-21T21:23:14.447-0300] {processor.py:914} INFO - Processing file /home/jonathan-brito/python-projects/airflow/venv/lib/python3.12/site-packages/airflow/example_dags/plugins/workday.py for tasks to queue
[2025-04-21T21:23:14.450-0300] {logging_mixin.py:190} INFO - [2025-04-21T21:23:14.449-0300] {dagbag.py:588} INFO - Filling up the DagBag from /home/jonathan-brito/python-projects/airflow/venv/lib/python3.12/site-packages/airflow/example_dags/plugins/workday.py
[2025-04-21T21:23:14.453-0300] {processor.py:927} WARNING - No viable dags retrieved from /home/jonathan-brito/python-projects/airflow/venv/lib/python3.12/site-packages/airflow/example_dags/plugins/workday.py
[2025-04-21T21:23:14.469-0300] {processor.py:208} INFO - Processing /home/jonathan-brito/python-projects/airflow/venv/lib/python3.12/site-packages/airflow/example_dags/plugins/workday.py took 0.032 seconds
[2025-04-21T21:24:19.939-0300] {processor.py:186} INFO - Started process (PID=71009) to work on /home/jonathan-brito/python-projects/airflow/venv/lib/python3.12/site-packages/airflow/example_dags/plugins/workday.py
[2025-04-21T21:24:19.946-0300] {processor.py:914} INFO - Processing file /home/jonathan-brito/python-projects/airflow/venv/lib/python3.12/site-packages/airflow/example_dags/plugins/workday.py for tasks to queue
[2025-04-21T21:24:19.948-0300] {logging_mixin.py:190} INFO - [2025-04-21T21:24:19.948-0300] {dagbag.py:588} INFO - Filling up the DagBag from /home/jonathan-brito/python-projects/airflow/venv/lib/python3.12/site-packages/airflow/example_dags/plugins/workday.py
[2025-04-21T21:24:19.951-0300] {processor.py:927} WARNING - No viable dags retrieved from /home/jonathan-brito/python-projects/airflow/venv/lib/python3.12/site-packages/airflow/example_dags/plugins/workday.py
[2025-04-21T21:24:19.962-0300] {processor.py:208} INFO - Processing /home/jonathan-brito/python-projects/airflow/venv/lib/python3.12/site-packages/airflow/example_dags/plugins/workday.py took 0.031 seconds
[2025-04-21T21:26:48.756-0300] {processor.py:186} INFO - Started process (PID=74101) to work on /home/jonathan-brito/python-projects/airflow/venv/lib/python3.12/site-packages/airflow/example_dags/plugins/workday.py
[2025-04-21T21:26:48.762-0300] {processor.py:914} INFO - Processing file /home/jonathan-brito/python-projects/airflow/venv/lib/python3.12/site-packages/airflow/example_dags/plugins/workday.py for tasks to queue
[2025-04-21T21:26:48.765-0300] {logging_mixin.py:190} INFO - [2025-04-21T21:26:48.765-0300] {dagbag.py:588} INFO - Filling up the DagBag from /home/jonathan-brito/python-projects/airflow/venv/lib/python3.12/site-packages/airflow/example_dags/plugins/workday.py
[2025-04-21T21:26:48.769-0300] {processor.py:927} WARNING - No viable dags retrieved from /home/jonathan-brito/python-projects/airflow/venv/lib/python3.12/site-packages/airflow/example_dags/plugins/workday.py
[2025-04-21T21:26:48.784-0300] {processor.py:208} INFO - Processing /home/jonathan-brito/python-projects/airflow/venv/lib/python3.12/site-packages/airflow/example_dags/plugins/workday.py took 0.033 seconds
[2025-04-21T22:09:30.573-0300] {processor.py:186} INFO - Started process (PID=126791) to work on /home/jonathan-brito/python-projects/airflow/venv/lib/python3.12/site-packages/airflow/example_dags/plugins/workday.py
[2025-04-21T22:09:30.580-0300] {processor.py:914} INFO - Processing file /home/jonathan-brito/python-projects/airflow/venv/lib/python3.12/site-packages/airflow/example_dags/plugins/workday.py for tasks to queue
[2025-04-21T22:09:30.581-0300] {logging_mixin.py:190} INFO - [2025-04-21T22:09:30.581-0300] {dagbag.py:588} INFO - Filling up the DagBag from /home/jonathan-brito/python-projects/airflow/venv/lib/python3.12/site-packages/airflow/example_dags/plugins/workday.py
[2025-04-21T22:09:30.585-0300] {processor.py:927} WARNING - No viable dags retrieved from /home/jonathan-brito/python-projects/airflow/venv/lib/python3.12/site-packages/airflow/example_dags/plugins/workday.py
[2025-04-21T22:09:30.595-0300] {processor.py:208} INFO - Processing /home/jonathan-brito/python-projects/airflow/venv/lib/python3.12/site-packages/airflow/example_dags/plugins/workday.py took 0.029 seconds
[2025-04-21T22:10:35.171-0300] {processor.py:186} INFO - Started process (PID=127660) to work on /home/jonathan-brito/python-projects/airflow/venv/lib/python3.12/site-packages/airflow/example_dags/plugins/workday.py
[2025-04-21T22:10:35.178-0300] {processor.py:914} INFO - Processing file /home/jonathan-brito/python-projects/airflow/venv/lib/python3.12/site-packages/airflow/example_dags/plugins/workday.py for tasks to queue
[2025-04-21T22:10:35.179-0300] {logging_mixin.py:190} INFO - [2025-04-21T22:10:35.179-0300] {dagbag.py:588} INFO - Filling up the DagBag from /home/jonathan-brito/python-projects/airflow/venv/lib/python3.12/site-packages/airflow/example_dags/plugins/workday.py
[2025-04-21T22:10:35.183-0300] {processor.py:927} WARNING - No viable dags retrieved from /home/jonathan-brito/python-projects/airflow/venv/lib/python3.12/site-packages/airflow/example_dags/plugins/workday.py
[2025-04-21T22:10:35.194-0300] {processor.py:208} INFO - Processing /home/jonathan-brito/python-projects/airflow/venv/lib/python3.12/site-packages/airflow/example_dags/plugins/workday.py took 0.029 seconds
[2025-04-21T22:11:09.815-0300] {processor.py:186} INFO - Started process (PID=128207) to work on /home/jonathan-brito/python-projects/airflow/venv/lib/python3.12/site-packages/airflow/example_dags/plugins/workday.py
[2025-04-21T22:11:09.822-0300] {processor.py:914} INFO - Processing file /home/jonathan-brito/python-projects/airflow/venv/lib/python3.12/site-packages/airflow/example_dags/plugins/workday.py for tasks to queue
[2025-04-21T22:11:09.824-0300] {logging_mixin.py:190} INFO - [2025-04-21T22:11:09.824-0300] {dagbag.py:588} INFO - Filling up the DagBag from /home/jonathan-brito/python-projects/airflow/venv/lib/python3.12/site-packages/airflow/example_dags/plugins/workday.py
[2025-04-21T22:11:09.828-0300] {processor.py:927} WARNING - No viable dags retrieved from /home/jonathan-brito/python-projects/airflow/venv/lib/python3.12/site-packages/airflow/example_dags/plugins/workday.py
[2025-04-21T22:11:09.845-0300] {processor.py:208} INFO - Processing /home/jonathan-brito/python-projects/airflow/venv/lib/python3.12/site-packages/airflow/example_dags/plugins/workday.py took 0.039 seconds
[2025-04-21T22:12:11.115-0300] {processor.py:186} INFO - Started process (PID=128904) to work on /home/jonathan-brito/python-projects/airflow/venv/lib/python3.12/site-packages/airflow/example_dags/plugins/workday.py
[2025-04-21T22:12:11.123-0300] {processor.py:914} INFO - Processing file /home/jonathan-brito/python-projects/airflow/venv/lib/python3.12/site-packages/airflow/example_dags/plugins/workday.py for tasks to queue
[2025-04-21T22:12:11.126-0300] {logging_mixin.py:190} INFO - [2025-04-21T22:12:11.125-0300] {dagbag.py:588} INFO - Filling up the DagBag from /home/jonathan-brito/python-projects/airflow/venv/lib/python3.12/site-packages/airflow/example_dags/plugins/workday.py
[2025-04-21T22:12:11.134-0300] {processor.py:927} WARNING - No viable dags retrieved from /home/jonathan-brito/python-projects/airflow/venv/lib/python3.12/site-packages/airflow/example_dags/plugins/workday.py
[2025-04-21T22:12:11.149-0300] {processor.py:208} INFO - Processing /home/jonathan-brito/python-projects/airflow/venv/lib/python3.12/site-packages/airflow/example_dags/plugins/workday.py took 0.042 seconds
[2025-04-21T22:13:14.498-0300] {processor.py:186} INFO - Started process (PID=129543) to work on /home/jonathan-brito/python-projects/airflow/venv/lib/python3.12/site-packages/airflow/example_dags/plugins/workday.py
[2025-04-21T22:13:14.500-0300] {processor.py:914} INFO - Processing file /home/jonathan-brito/python-projects/airflow/venv/lib/python3.12/site-packages/airflow/example_dags/plugins/workday.py for tasks to queue
[2025-04-21T22:13:14.502-0300] {logging_mixin.py:190} INFO - [2025-04-21T22:13:14.501-0300] {dagbag.py:588} INFO - Filling up the DagBag from /home/jonathan-brito/python-projects/airflow/venv/lib/python3.12/site-packages/airflow/example_dags/plugins/workday.py
[2025-04-21T22:13:14.506-0300] {processor.py:927} WARNING - No viable dags retrieved from /home/jonathan-brito/python-projects/airflow/venv/lib/python3.12/site-packages/airflow/example_dags/plugins/workday.py
[2025-04-21T22:13:14.525-0300] {processor.py:208} INFO - Processing /home/jonathan-brito/python-projects/airflow/venv/lib/python3.12/site-packages/airflow/example_dags/plugins/workday.py took 0.037 seconds
[2025-04-21T22:13:47.252-0300] {processor.py:186} INFO - Started process (PID=130013) to work on /home/jonathan-brito/python-projects/airflow/venv/lib/python3.12/site-packages/airflow/example_dags/plugins/workday.py
[2025-04-21T22:13:47.254-0300] {processor.py:914} INFO - Processing file /home/jonathan-brito/python-projects/airflow/venv/lib/python3.12/site-packages/airflow/example_dags/plugins/workday.py for tasks to queue
[2025-04-21T22:13:47.258-0300] {logging_mixin.py:190} INFO - [2025-04-21T22:13:47.257-0300] {dagbag.py:588} INFO - Filling up the DagBag from /home/jonathan-brito/python-projects/airflow/venv/lib/python3.12/site-packages/airflow/example_dags/plugins/workday.py
[2025-04-21T22:13:47.262-0300] {processor.py:927} WARNING - No viable dags retrieved from /home/jonathan-brito/python-projects/airflow/venv/lib/python3.12/site-packages/airflow/example_dags/plugins/workday.py
[2025-04-21T22:13:47.280-0300] {processor.py:208} INFO - Processing /home/jonathan-brito/python-projects/airflow/venv/lib/python3.12/site-packages/airflow/example_dags/plugins/workday.py took 0.034 seconds
[2025-04-21T22:14:49.105-0300] {processor.py:186} INFO - Started process (PID=130689) to work on /home/jonathan-brito/python-projects/airflow/venv/lib/python3.12/site-packages/airflow/example_dags/plugins/workday.py
[2025-04-21T22:14:49.112-0300] {processor.py:914} INFO - Processing file /home/jonathan-brito/python-projects/airflow/venv/lib/python3.12/site-packages/airflow/example_dags/plugins/workday.py for tasks to queue
[2025-04-21T22:14:49.114-0300] {logging_mixin.py:190} INFO - [2025-04-21T22:14:49.113-0300] {dagbag.py:588} INFO - Filling up the DagBag from /home/jonathan-brito/python-projects/airflow/venv/lib/python3.12/site-packages/airflow/example_dags/plugins/workday.py
[2025-04-21T22:14:49.117-0300] {processor.py:927} WARNING - No viable dags retrieved from /home/jonathan-brito/python-projects/airflow/venv/lib/python3.12/site-packages/airflow/example_dags/plugins/workday.py
[2025-04-21T22:14:49.129-0300] {processor.py:208} INFO - Processing /home/jonathan-brito/python-projects/airflow/venv/lib/python3.12/site-packages/airflow/example_dags/plugins/workday.py took 0.031 seconds
[2025-04-21T22:15:50.076-0300] {processor.py:186} INFO - Started process (PID=131342) to work on /home/jonathan-brito/python-projects/airflow/venv/lib/python3.12/site-packages/airflow/example_dags/plugins/workday.py
[2025-04-21T22:15:50.083-0300] {processor.py:914} INFO - Processing file /home/jonathan-brito/python-projects/airflow/venv/lib/python3.12/site-packages/airflow/example_dags/plugins/workday.py for tasks to queue
[2025-04-21T22:15:50.087-0300] {logging_mixin.py:190} INFO - [2025-04-21T22:15:50.086-0300] {dagbag.py:588} INFO - Filling up the DagBag from /home/jonathan-brito/python-projects/airflow/venv/lib/python3.12/site-packages/airflow/example_dags/plugins/workday.py
[2025-04-21T22:15:50.095-0300] {processor.py:927} WARNING - No viable dags retrieved from /home/jonathan-brito/python-projects/airflow/venv/lib/python3.12/site-packages/airflow/example_dags/plugins/workday.py
[2025-04-21T22:15:50.111-0300] {processor.py:208} INFO - Processing /home/jonathan-brito/python-projects/airflow/venv/lib/python3.12/site-packages/airflow/example_dags/plugins/workday.py took 0.041 seconds
[2025-04-21T22:16:54.002-0300] {processor.py:186} INFO - Started process (PID=131989) to work on /home/jonathan-brito/python-projects/airflow/venv/lib/python3.12/site-packages/airflow/example_dags/plugins/workday.py
[2025-04-21T22:16:54.009-0300] {processor.py:914} INFO - Processing file /home/jonathan-brito/python-projects/airflow/venv/lib/python3.12/site-packages/airflow/example_dags/plugins/workday.py for tasks to queue
[2025-04-21T22:16:54.010-0300] {logging_mixin.py:190} INFO - [2025-04-21T22:16:54.010-0300] {dagbag.py:588} INFO - Filling up the DagBag from /home/jonathan-brito/python-projects/airflow/venv/lib/python3.12/site-packages/airflow/example_dags/plugins/workday.py
[2025-04-21T22:16:54.013-0300] {processor.py:927} WARNING - No viable dags retrieved from /home/jonathan-brito/python-projects/airflow/venv/lib/python3.12/site-packages/airflow/example_dags/plugins/workday.py
[2025-04-21T22:16:54.026-0300] {processor.py:208} INFO - Processing /home/jonathan-brito/python-projects/airflow/venv/lib/python3.12/site-packages/airflow/example_dags/plugins/workday.py took 0.034 seconds
[2025-04-21T22:17:56.030-0300] {processor.py:186} INFO - Started process (PID=132640) to work on /home/jonathan-brito/python-projects/airflow/venv/lib/python3.12/site-packages/airflow/example_dags/plugins/workday.py
[2025-04-21T22:17:56.037-0300] {processor.py:914} INFO - Processing file /home/jonathan-brito/python-projects/airflow/venv/lib/python3.12/site-packages/airflow/example_dags/plugins/workday.py for tasks to queue
[2025-04-21T22:17:56.039-0300] {logging_mixin.py:190} INFO - [2025-04-21T22:17:56.038-0300] {dagbag.py:588} INFO - Filling up the DagBag from /home/jonathan-brito/python-projects/airflow/venv/lib/python3.12/site-packages/airflow/example_dags/plugins/workday.py
[2025-04-21T22:17:56.042-0300] {processor.py:927} WARNING - No viable dags retrieved from /home/jonathan-brito/python-projects/airflow/venv/lib/python3.12/site-packages/airflow/example_dags/plugins/workday.py
[2025-04-21T22:17:56.055-0300] {processor.py:208} INFO - Processing /home/jonathan-brito/python-projects/airflow/venv/lib/python3.12/site-packages/airflow/example_dags/plugins/workday.py took 0.032 seconds
[2025-04-21T22:18:58.788-0300] {processor.py:186} INFO - Started process (PID=133264) to work on /home/jonathan-brito/python-projects/airflow/venv/lib/python3.12/site-packages/airflow/example_dags/plugins/workday.py
[2025-04-21T22:18:58.795-0300] {processor.py:914} INFO - Processing file /home/jonathan-brito/python-projects/airflow/venv/lib/python3.12/site-packages/airflow/example_dags/plugins/workday.py for tasks to queue
[2025-04-21T22:18:58.797-0300] {logging_mixin.py:190} INFO - [2025-04-21T22:18:58.796-0300] {dagbag.py:588} INFO - Filling up the DagBag from /home/jonathan-brito/python-projects/airflow/venv/lib/python3.12/site-packages/airflow/example_dags/plugins/workday.py
[2025-04-21T22:18:58.801-0300] {processor.py:927} WARNING - No viable dags retrieved from /home/jonathan-brito/python-projects/airflow/venv/lib/python3.12/site-packages/airflow/example_dags/plugins/workday.py
[2025-04-21T22:18:58.814-0300] {processor.py:208} INFO - Processing /home/jonathan-brito/python-projects/airflow/venv/lib/python3.12/site-packages/airflow/example_dags/plugins/workday.py took 0.033 seconds
[2025-04-21T22:20:02.681-0300] {processor.py:186} INFO - Started process (PID=133996) to work on /home/jonathan-brito/python-projects/airflow/venv/lib/python3.12/site-packages/airflow/example_dags/plugins/workday.py
[2025-04-21T22:20:02.688-0300] {processor.py:914} INFO - Processing file /home/jonathan-brito/python-projects/airflow/venv/lib/python3.12/site-packages/airflow/example_dags/plugins/workday.py for tasks to queue
[2025-04-21T22:20:02.690-0300] {logging_mixin.py:190} INFO - [2025-04-21T22:20:02.689-0300] {dagbag.py:588} INFO - Filling up the DagBag from /home/jonathan-brito/python-projects/airflow/venv/lib/python3.12/site-packages/airflow/example_dags/plugins/workday.py
[2025-04-21T22:20:02.693-0300] {processor.py:927} WARNING - No viable dags retrieved from /home/jonathan-brito/python-projects/airflow/venv/lib/python3.12/site-packages/airflow/example_dags/plugins/workday.py
[2025-04-21T22:20:02.705-0300] {processor.py:208} INFO - Processing /home/jonathan-brito/python-projects/airflow/venv/lib/python3.12/site-packages/airflow/example_dags/plugins/workday.py took 0.031 seconds
[2025-04-21T22:20:35.103-0300] {processor.py:186} INFO - Started process (PID=134368) to work on /home/jonathan-brito/python-projects/airflow/venv/lib/python3.12/site-packages/airflow/example_dags/plugins/workday.py
[2025-04-21T22:20:35.110-0300] {processor.py:914} INFO - Processing file /home/jonathan-brito/python-projects/airflow/venv/lib/python3.12/site-packages/airflow/example_dags/plugins/workday.py for tasks to queue
[2025-04-21T22:20:35.111-0300] {logging_mixin.py:190} INFO - [2025-04-21T22:20:35.111-0300] {dagbag.py:588} INFO - Filling up the DagBag from /home/jonathan-brito/python-projects/airflow/venv/lib/python3.12/site-packages/airflow/example_dags/plugins/workday.py
[2025-04-21T22:20:35.114-0300] {processor.py:927} WARNING - No viable dags retrieved from /home/jonathan-brito/python-projects/airflow/venv/lib/python3.12/site-packages/airflow/example_dags/plugins/workday.py
[2025-04-21T22:20:35.125-0300] {processor.py:208} INFO - Processing /home/jonathan-brito/python-projects/airflow/venv/lib/python3.12/site-packages/airflow/example_dags/plugins/workday.py took 0.031 seconds
[2025-04-22T10:23:54.507-0300] {processor.py:186} INFO - Started process (PID=10440) to work on /home/jonathan-brito/python-projects/airflow/venv/lib/python3.12/site-packages/airflow/example_dags/plugins/workday.py
[2025-04-22T10:23:54.509-0300] {processor.py:914} INFO - Processing file /home/jonathan-brito/python-projects/airflow/venv/lib/python3.12/site-packages/airflow/example_dags/plugins/workday.py for tasks to queue
[2025-04-22T10:23:54.513-0300] {logging_mixin.py:190} INFO - [2025-04-22T10:23:54.512-0300] {dagbag.py:588} INFO - Filling up the DagBag from /home/jonathan-brito/python-projects/airflow/venv/lib/python3.12/site-packages/airflow/example_dags/plugins/workday.py
[2025-04-22T10:23:54.519-0300] {processor.py:927} WARNING - No viable dags retrieved from /home/jonathan-brito/python-projects/airflow/venv/lib/python3.12/site-packages/airflow/example_dags/plugins/workday.py
[2025-04-22T10:23:54.545-0300] {processor.py:208} INFO - Processing /home/jonathan-brito/python-projects/airflow/venv/lib/python3.12/site-packages/airflow/example_dags/plugins/workday.py took 0.053 seconds
[2025-04-22T10:25:10.270-0300] {processor.py:186} INFO - Started process (PID=11745) to work on /home/jonathan-brito/python-projects/airflow/venv/lib/python3.12/site-packages/airflow/example_dags/plugins/workday.py
[2025-04-22T10:25:10.278-0300] {processor.py:914} INFO - Processing file /home/jonathan-brito/python-projects/airflow/venv/lib/python3.12/site-packages/airflow/example_dags/plugins/workday.py for tasks to queue
[2025-04-22T10:25:10.281-0300] {logging_mixin.py:190} INFO - [2025-04-22T10:25:10.281-0300] {dagbag.py:588} INFO - Filling up the DagBag from /home/jonathan-brito/python-projects/airflow/venv/lib/python3.12/site-packages/airflow/example_dags/plugins/workday.py
[2025-04-22T10:25:10.286-0300] {processor.py:927} WARNING - No viable dags retrieved from /home/jonathan-brito/python-projects/airflow/venv/lib/python3.12/site-packages/airflow/example_dags/plugins/workday.py
[2025-04-22T10:25:10.300-0300] {processor.py:208} INFO - Processing /home/jonathan-brito/python-projects/airflow/venv/lib/python3.12/site-packages/airflow/example_dags/plugins/workday.py took 0.049 seconds
[2025-04-22T10:25:47.236-0300] {processor.py:186} INFO - Started process (PID=12027) to work on /home/jonathan-brito/python-projects/airflow/venv/lib/python3.12/site-packages/airflow/example_dags/plugins/workday.py
[2025-04-22T10:25:47.244-0300] {processor.py:914} INFO - Processing file /home/jonathan-brito/python-projects/airflow/venv/lib/python3.12/site-packages/airflow/example_dags/plugins/workday.py for tasks to queue
[2025-04-22T10:25:47.246-0300] {logging_mixin.py:190} INFO - [2025-04-22T10:25:47.246-0300] {dagbag.py:588} INFO - Filling up the DagBag from /home/jonathan-brito/python-projects/airflow/venv/lib/python3.12/site-packages/airflow/example_dags/plugins/workday.py
[2025-04-22T10:25:47.249-0300] {processor.py:927} WARNING - No viable dags retrieved from /home/jonathan-brito/python-projects/airflow/venv/lib/python3.12/site-packages/airflow/example_dags/plugins/workday.py
[2025-04-22T10:25:47.261-0300] {processor.py:208} INFO - Processing /home/jonathan-brito/python-projects/airflow/venv/lib/python3.12/site-packages/airflow/example_dags/plugins/workday.py took 0.034 seconds
[2025-04-22T10:27:19.145-0300] {processor.py:186} INFO - Started process (PID=13584) to work on /home/jonathan-brito/python-projects/airflow/venv/lib/python3.12/site-packages/airflow/example_dags/plugins/workday.py
[2025-04-22T10:27:19.152-0300] {processor.py:914} INFO - Processing file /home/jonathan-brito/python-projects/airflow/venv/lib/python3.12/site-packages/airflow/example_dags/plugins/workday.py for tasks to queue
[2025-04-22T10:27:19.157-0300] {logging_mixin.py:190} INFO - [2025-04-22T10:27:19.156-0300] {dagbag.py:588} INFO - Filling up the DagBag from /home/jonathan-brito/python-projects/airflow/venv/lib/python3.12/site-packages/airflow/example_dags/plugins/workday.py
[2025-04-22T10:27:19.165-0300] {processor.py:927} WARNING - No viable dags retrieved from /home/jonathan-brito/python-projects/airflow/venv/lib/python3.12/site-packages/airflow/example_dags/plugins/workday.py
[2025-04-22T10:27:19.188-0300] {processor.py:208} INFO - Processing /home/jonathan-brito/python-projects/airflow/venv/lib/python3.12/site-packages/airflow/example_dags/plugins/workday.py took 0.050 seconds
[2025-04-22T10:29:01.040-0300] {processor.py:186} INFO - Started process (PID=15335) to work on /home/jonathan-brito/python-projects/airflow/venv/lib/python3.12/site-packages/airflow/example_dags/plugins/workday.py
[2025-04-22T10:29:01.049-0300] {processor.py:914} INFO - Processing file /home/jonathan-brito/python-projects/airflow/venv/lib/python3.12/site-packages/airflow/example_dags/plugins/workday.py for tasks to queue
[2025-04-22T10:29:01.056-0300] {logging_mixin.py:190} INFO - [2025-04-22T10:29:01.055-0300] {dagbag.py:588} INFO - Filling up the DagBag from /home/jonathan-brito/python-projects/airflow/venv/lib/python3.12/site-packages/airflow/example_dags/plugins/workday.py
[2025-04-22T10:29:01.065-0300] {processor.py:927} WARNING - No viable dags retrieved from /home/jonathan-brito/python-projects/airflow/venv/lib/python3.12/site-packages/airflow/example_dags/plugins/workday.py
[2025-04-22T10:29:01.106-0300] {processor.py:208} INFO - Processing /home/jonathan-brito/python-projects/airflow/venv/lib/python3.12/site-packages/airflow/example_dags/plugins/workday.py took 0.087 seconds
[2025-04-22T10:30:11.466-0300] {processor.py:186} INFO - Started process (PID=16004) to work on /home/jonathan-brito/python-projects/airflow/venv/lib/python3.12/site-packages/airflow/example_dags/plugins/workday.py
[2025-04-22T10:30:11.468-0300] {processor.py:914} INFO - Processing file /home/jonathan-brito/python-projects/airflow/venv/lib/python3.12/site-packages/airflow/example_dags/plugins/workday.py for tasks to queue
[2025-04-22T10:30:11.471-0300] {logging_mixin.py:190} INFO - [2025-04-22T10:30:11.470-0300] {dagbag.py:588} INFO - Filling up the DagBag from /home/jonathan-brito/python-projects/airflow/venv/lib/python3.12/site-packages/airflow/example_dags/plugins/workday.py
[2025-04-22T10:30:11.475-0300] {processor.py:927} WARNING - No viable dags retrieved from /home/jonathan-brito/python-projects/airflow/venv/lib/python3.12/site-packages/airflow/example_dags/plugins/workday.py
[2025-04-22T10:30:11.492-0300] {processor.py:208} INFO - Processing /home/jonathan-brito/python-projects/airflow/venv/lib/python3.12/site-packages/airflow/example_dags/plugins/workday.py took 0.035 seconds
[2025-04-22T10:30:56.688-0300] {processor.py:186} INFO - Started process (PID=16430) to work on /home/jonathan-brito/python-projects/airflow/venv/lib/python3.12/site-packages/airflow/example_dags/plugins/workday.py
[2025-04-22T10:30:56.695-0300] {processor.py:914} INFO - Processing file /home/jonathan-brito/python-projects/airflow/venv/lib/python3.12/site-packages/airflow/example_dags/plugins/workday.py for tasks to queue
[2025-04-22T10:30:56.698-0300] {logging_mixin.py:190} INFO - [2025-04-22T10:30:56.697-0300] {dagbag.py:588} INFO - Filling up the DagBag from /home/jonathan-brito/python-projects/airflow/venv/lib/python3.12/site-packages/airflow/example_dags/plugins/workday.py
[2025-04-22T10:30:56.702-0300] {processor.py:927} WARNING - No viable dags retrieved from /home/jonathan-brito/python-projects/airflow/venv/lib/python3.12/site-packages/airflow/example_dags/plugins/workday.py
[2025-04-22T10:30:56.727-0300] {processor.py:208} INFO - Processing /home/jonathan-brito/python-projects/airflow/venv/lib/python3.12/site-packages/airflow/example_dags/plugins/workday.py took 0.047 seconds
[2025-04-22T11:07:46.095-0300] {processor.py:186} INFO - Started process (PID=49434) to work on /home/jonathan-brito/python-projects/airflow/venv/lib/python3.12/site-packages/airflow/example_dags/plugins/workday.py
[2025-04-22T11:07:46.096-0300] {processor.py:914} INFO - Processing file /home/jonathan-brito/python-projects/airflow/venv/lib/python3.12/site-packages/airflow/example_dags/plugins/workday.py for tasks to queue
[2025-04-22T11:07:46.098-0300] {logging_mixin.py:190} INFO - [2025-04-22T11:07:46.098-0300] {dagbag.py:588} INFO - Filling up the DagBag from /home/jonathan-brito/python-projects/airflow/venv/lib/python3.12/site-packages/airflow/example_dags/plugins/workday.py
[2025-04-22T11:07:46.103-0300] {processor.py:927} WARNING - No viable dags retrieved from /home/jonathan-brito/python-projects/airflow/venv/lib/python3.12/site-packages/airflow/example_dags/plugins/workday.py
[2025-04-22T11:07:46.117-0300] {processor.py:208} INFO - Processing /home/jonathan-brito/python-projects/airflow/venv/lib/python3.12/site-packages/airflow/example_dags/plugins/workday.py took 0.030 seconds
[2025-04-22T11:08:47.803-0300] {processor.py:186} INFO - Started process (PID=49850) to work on /home/jonathan-brito/python-projects/airflow/venv/lib/python3.12/site-packages/airflow/example_dags/plugins/workday.py
[2025-04-22T11:08:47.810-0300] {processor.py:914} INFO - Processing file /home/jonathan-brito/python-projects/airflow/venv/lib/python3.12/site-packages/airflow/example_dags/plugins/workday.py for tasks to queue
[2025-04-22T11:08:47.811-0300] {logging_mixin.py:190} INFO - [2025-04-22T11:08:47.811-0300] {dagbag.py:588} INFO - Filling up the DagBag from /home/jonathan-brito/python-projects/airflow/venv/lib/python3.12/site-packages/airflow/example_dags/plugins/workday.py
[2025-04-22T11:08:47.814-0300] {processor.py:927} WARNING - No viable dags retrieved from /home/jonathan-brito/python-projects/airflow/venv/lib/python3.12/site-packages/airflow/example_dags/plugins/workday.py
[2025-04-22T11:08:47.825-0300] {processor.py:208} INFO - Processing /home/jonathan-brito/python-projects/airflow/venv/lib/python3.12/site-packages/airflow/example_dags/plugins/workday.py took 0.028 seconds
[2025-04-22T11:09:45.240-0300] {processor.py:186} INFO - Started process (PID=50281) to work on /home/jonathan-brito/python-projects/airflow/venv/lib/python3.12/site-packages/airflow/example_dags/plugins/workday.py
[2025-04-22T11:09:45.246-0300] {processor.py:914} INFO - Processing file /home/jonathan-brito/python-projects/airflow/venv/lib/python3.12/site-packages/airflow/example_dags/plugins/workday.py for tasks to queue
[2025-04-22T11:09:45.248-0300] {logging_mixin.py:190} INFO - [2025-04-22T11:09:45.248-0300] {dagbag.py:588} INFO - Filling up the DagBag from /home/jonathan-brito/python-projects/airflow/venv/lib/python3.12/site-packages/airflow/example_dags/plugins/workday.py
[2025-04-22T11:09:45.252-0300] {processor.py:927} WARNING - No viable dags retrieved from /home/jonathan-brito/python-projects/airflow/venv/lib/python3.12/site-packages/airflow/example_dags/plugins/workday.py
[2025-04-22T11:09:45.268-0300] {processor.py:208} INFO - Processing /home/jonathan-brito/python-projects/airflow/venv/lib/python3.12/site-packages/airflow/example_dags/plugins/workday.py took 0.035 seconds
[2025-04-22T11:10:47.836-0300] {processor.py:186} INFO - Started process (PID=50774) to work on /home/jonathan-brito/python-projects/airflow/venv/lib/python3.12/site-packages/airflow/example_dags/plugins/workday.py
[2025-04-22T11:10:47.843-0300] {processor.py:914} INFO - Processing file /home/jonathan-brito/python-projects/airflow/venv/lib/python3.12/site-packages/airflow/example_dags/plugins/workday.py for tasks to queue
[2025-04-22T11:10:47.847-0300] {logging_mixin.py:190} INFO - [2025-04-22T11:10:47.846-0300] {dagbag.py:588} INFO - Filling up the DagBag from /home/jonathan-brito/python-projects/airflow/venv/lib/python3.12/site-packages/airflow/example_dags/plugins/workday.py
[2025-04-22T11:10:47.858-0300] {processor.py:927} WARNING - No viable dags retrieved from /home/jonathan-brito/python-projects/airflow/venv/lib/python3.12/site-packages/airflow/example_dags/plugins/workday.py
[2025-04-22T11:10:47.878-0300] {processor.py:208} INFO - Processing /home/jonathan-brito/python-projects/airflow/venv/lib/python3.12/site-packages/airflow/example_dags/plugins/workday.py took 0.048 seconds
