[2025-04-21T15:19:19.853-0300] {local_task_job_runner.py:123} INFO - ::group::Pre task execution logs
[2025-04-21T15:19:19.956-0300] {taskinstance.py:2614} INFO - Dependencies all met for dep_context=non-requeueable deps ti=<TaskInstance: integracao_api.integracao_api manual__2025-04-21T18:19:08.504883+00:00 [queued]>
[2025-04-21T15:19:19.968-0300] {taskinstance.py:2614} INFO - Dependencies all met for dep_context=requeueable deps ti=<TaskInstance: integracao_api.integracao_api manual__2025-04-21T18:19:08.504883+00:00 [queued]>
[2025-04-21T15:19:19.968-0300] {taskinstance.py:2867} INFO - Starting attempt 1 of 3
[2025-04-21T15:19:19.988-0300] {taskinstance.py:2890} INFO - Executing <Task(PythonOperator): integracao_api> on 2025-04-21 18:19:08.504883+00:00
[2025-04-21T15:19:19.995-0300] {standard_task_runner.py:72} INFO - Started process 155503 to run task
[2025-04-21T15:19:19.998-0300] {standard_task_runner.py:104} INFO - Running: ['airflow', 'tasks', 'run', 'integracao_api', 'integracao_api', 'manual__2025-04-21T18:19:08.504883+00:00', '--job-id', '32', '--raw', '--subdir', 'DAGS_FOLDER/dag_integration.py', '--cfg-path', '/tmp/tmpjd6hr6ta']
[2025-04-21T15:19:20.000-0300] {standard_task_runner.py:105} INFO - Job 32: Subtask integracao_api
[2025-04-21T15:19:20.039-0300] {task_command.py:467} INFO - Running <TaskInstance: integracao_api.integracao_api manual__2025-04-21T18:19:08.504883+00:00 [running]> on host jonathan-brito
[2025-04-21T15:19:20.125-0300] {taskinstance.py:3134} INFO - Exporting env vars: AIRFLOW_CTX_DAG_OWNER='data_team' AIRFLOW_CTX_DAG_ID='integracao_api' AIRFLOW_CTX_TASK_ID='integracao_api' AIRFLOW_CTX_EXECUTION_DATE='2025-04-21T18:19:08.504883+00:00' AIRFLOW_CTX_TRY_NUMBER='1' AIRFLOW_CTX_DAG_RUN_ID='manual__2025-04-21T18:19:08.504883+00:00'
[2025-04-21T15:19:20.127-0300] {logging_mixin.py:190} INFO - Task instance is in running state
[2025-04-21T15:19:20.127-0300] {logging_mixin.py:190} INFO -  Previous state of the Task instance: queued
[2025-04-21T15:19:20.128-0300] {logging_mixin.py:190} INFO - Current task name:integracao_api state:running start_date:2025-04-21 18:19:19.956815+00:00
[2025-04-21T15:19:20.128-0300] {logging_mixin.py:190} INFO - Dag name:integracao_api and current dag run status:running
[2025-04-21T15:19:20.129-0300] {taskinstance.py:732} INFO - ::endgroup::
[2025-04-21T15:19:21.487-0300] {logging_mixin.py:190} INFO - ('{"id_venda":["Este campo é obrigatório."],"data_venda":["Este campo é obrigatório."],"data_envio":["Este campo é obrigatório."],"tipo_envio":["Este campo é obrigatório."],"id_cliente":["Este campo é obrigatório."],"nome_cliente":["Este campo é obrigatório."],"segmento":["Este campo é obrigatório."],"pais":["Este campo é obrigatório."],"cidade":["Este campo é obrigatório."],"estado":["Este campo é obrigatório."],"codigo_postal":["Este campo é obrigatório."],"regiao":["Este campo é obrigatório."],"id_produto":["Este campo é obrigatório."],"descricao_produto":["Este campo é obrigatório."],"categoria_produto":["Este campo é obrigatório."],"subcategoria_produto":["Este campo é obrigatório."],"valor_venda":["Este campo é obrigatório."],"quantidade_vendida":["Este campo é obrigatório."],"desconto":["Este campo é obrigatório."],"margem":["Este campo é obrigatório."]}', '-', datetime.datetime(2025, 4, 21, 15, 19, 21, 487785))
[2025-04-21T15:19:21.489-0300] {python.py:240} INFO - Done. Returned value was: None
[2025-04-21T15:19:21.511-0300] {taskinstance.py:341} INFO - ::group::Post task execution logs
[2025-04-21T15:19:21.514-0300] {taskinstance.py:353} INFO - Marking task as SUCCESS. dag_id=integracao_api, task_id=integracao_api, run_id=manual__2025-04-21T18:19:08.504883+00:00, execution_date=20250421T181908, start_date=20250421T181919, end_date=20250421T181921
[2025-04-21T15:19:21.589-0300] {logging_mixin.py:190} INFO - Task instance in success state
[2025-04-21T15:19:21.590-0300] {logging_mixin.py:190} INFO -  Previous state of the Task instance: running
[2025-04-21T15:19:21.590-0300] {logging_mixin.py:190} INFO - Dag name:integracao_api queued_at:2025-04-21 18:19:08.521985+00:00
[2025-04-21T15:19:21.591-0300] {logging_mixin.py:190} INFO - Task hostname:jonathan-brito operator:PythonOperator
[2025-04-21T15:19:21.625-0300] {local_task_job_runner.py:266} INFO - Task exited with return code 0
[2025-04-21T15:19:21.646-0300] {taskinstance.py:3901} INFO - 0 downstream tasks scheduled from follow-on schedule check
[2025-04-21T15:19:21.648-0300] {local_task_job_runner.py:245} INFO - ::endgroup::
