[2025-04-21T20:14:06.647-0300] {local_task_job_runner.py:123} INFO - ::group::Pre task execution logs
[2025-04-21T20:14:06.661-0300] {taskinstance.py:2614} INFO - Dependencies all met for dep_context=non-requeueable deps ti=<TaskInstance: integracao_api.preparar_dados manual__2025-04-21T23:14:01.031265+00:00 [queued]>
[2025-04-21T20:14:06.787-0300] {taskinstance.py:2614} INFO - Dependencies all met for dep_context=requeueable deps ti=<TaskInstance: integracao_api.preparar_dados manual__2025-04-21T23:14:01.031265+00:00 [queued]>
[2025-04-21T20:14:06.788-0300] {taskinstance.py:2867} INFO - Starting attempt 1 of 3
[2025-04-21T20:14:06.816-0300] {taskinstance.py:2890} INFO - Executing <Task(PythonOperator): preparar_dados> on 2025-04-21 23:14:01.031265+00:00
[2025-04-21T20:14:06.821-0300] {standard_task_runner.py:72} INFO - Started process 11691 to run task
[2025-04-21T20:14:06.826-0300] {standard_task_runner.py:104} INFO - Running: ['airflow', 'tasks', 'run', 'integracao_api', 'preparar_dados', 'manual__2025-04-21T23:14:01.031265+00:00', '--job-id', '51', '--raw', '--subdir', 'DAGS_FOLDER/dag_integration.py', '--cfg-path', '/tmp/tmpv78d_zwj']
[2025-04-21T20:14:06.827-0300] {standard_task_runner.py:105} INFO - Job 51: Subtask preparar_dados
[2025-04-21T20:14:06.864-0300] {task_command.py:467} INFO - Running <TaskInstance: integracao_api.preparar_dados manual__2025-04-21T23:14:01.031265+00:00 [running]> on host jonathan-brito
[2025-04-21T20:14:06.943-0300] {taskinstance.py:3134} INFO - Exporting env vars: AIRFLOW_CTX_DAG_OWNER='data_team' AIRFLOW_CTX_DAG_ID='integracao_api' AIRFLOW_CTX_TASK_ID='preparar_dados' AIRFLOW_CTX_EXECUTION_DATE='2025-04-21T23:14:01.031265+00:00' AIRFLOW_CTX_TRY_NUMBER='1' AIRFLOW_CTX_DAG_RUN_ID='manual__2025-04-21T23:14:01.031265+00:00'
[2025-04-21T20:14:06.946-0300] {logging_mixin.py:190} INFO - Task instance is in running state
[2025-04-21T20:14:06.946-0300] {logging_mixin.py:190} INFO -  Previous state of the Task instance: queued
[2025-04-21T20:14:06.947-0300] {logging_mixin.py:190} INFO - Current task name:preparar_dados state:running start_date:2025-04-21 23:14:06.662179+00:00
[2025-04-21T20:14:06.947-0300] {logging_mixin.py:190} INFO - Dag name:integracao_api and current dag run status:running
[2025-04-21T20:14:06.947-0300] {taskinstance.py:732} INFO - ::endgroup::
[2025-04-21T20:14:07.160-0300] {logging_mixin.py:190} INFO - dados de integração prontos - 2025-04-21 20:14:07.160140
[2025-04-21T20:14:07.162-0300] {python.py:240} INFO - Done. Returned value was: None
[2025-04-21T20:14:07.170-0300] {taskinstance.py:341} INFO - ::group::Post task execution logs
[2025-04-21T20:14:07.171-0300] {taskinstance.py:353} INFO - Marking task as SUCCESS. dag_id=integracao_api, task_id=preparar_dados, run_id=manual__2025-04-21T23:14:01.031265+00:00, execution_date=20250421T231401, start_date=20250421T231406, end_date=20250421T231407
[2025-04-21T20:14:07.308-0300] {logging_mixin.py:190} INFO - Task instance in success state
[2025-04-21T20:14:07.310-0300] {logging_mixin.py:190} INFO -  Previous state of the Task instance: running
[2025-04-21T20:14:07.311-0300] {logging_mixin.py:190} INFO - Dag name:integracao_api queued_at:2025-04-21 23:14:01.072717+00:00
[2025-04-21T20:14:07.311-0300] {logging_mixin.py:190} INFO - Task hostname:jonathan-brito operator:PythonOperator
[2025-04-21T20:14:07.360-0300] {local_task_job_runner.py:266} INFO - Task exited with return code 0
[2025-04-21T20:14:07.393-0300] {taskinstance.py:3901} INFO - 1 downstream tasks scheduled from follow-on schedule check
[2025-04-21T20:14:07.407-0300] {local_task_job_runner.py:245} INFO - ::endgroup::
