[2025-04-21T11:54:08.776-0300] {local_task_job_runner.py:123} INFO - ::group::Pre task execution logs
[2025-04-21T11:54:08.811-0300] {taskinstance.py:2614} INFO - Dependencies all met for dep_context=non-requeueable deps ti=<TaskInstance: integracao_api.preparar_dados scheduled__2025-04-20T00:00:00+00:00 [queued]>
[2025-04-21T11:54:08.818-0300] {taskinstance.py:2614} INFO - Dependencies all met for dep_context=requeueable deps ti=<TaskInstance: integracao_api.preparar_dados scheduled__2025-04-20T00:00:00+00:00 [queued]>
[2025-04-21T11:54:08.819-0300] {taskinstance.py:2867} INFO - Starting attempt 1 of 3
[2025-04-21T11:54:08.933-0300] {taskinstance.py:2890} INFO - Executing <Task(PythonOperator): preparar_dados> on 2025-04-20 00:00:00+00:00
[2025-04-21T11:54:08.945-0300] {standard_task_runner.py:72} INFO - Started process 56303 to run task
[2025-04-21T11:54:08.950-0300] {standard_task_runner.py:104} INFO - Running: ['airflow', 'tasks', 'run', 'integracao_api', 'preparar_dados', 'scheduled__2025-04-20T00:00:00+00:00', '--job-id', '19', '--raw', '--subdir', 'DAGS_FOLDER/dag_integration.py', '--cfg-path', '/tmp/tmpnc0_5kgi']
[2025-04-21T11:54:08.951-0300] {standard_task_runner.py:105} INFO - Job 19: Subtask preparar_dados
[2025-04-21T11:54:09.025-0300] {task_command.py:467} INFO - Running <TaskInstance: integracao_api.preparar_dados scheduled__2025-04-20T00:00:00+00:00 [running]> on host jonathan-brito
[2025-04-21T11:54:09.102-0300] {taskinstance.py:3134} INFO - Exporting env vars: AIRFLOW_CTX_DAG_OWNER='data_team' AIRFLOW_CTX_DAG_ID='integracao_api' AIRFLOW_CTX_TASK_ID='preparar_dados' AIRFLOW_CTX_EXECUTION_DATE='2025-04-20T00:00:00+00:00' AIRFLOW_CTX_TRY_NUMBER='1' AIRFLOW_CTX_DAG_RUN_ID='scheduled__2025-04-20T00:00:00+00:00'
[2025-04-21T11:54:09.103-0300] {logging_mixin.py:190} INFO - Task instance is in running state
[2025-04-21T11:54:09.104-0300] {logging_mixin.py:190} INFO -  Previous state of the Task instance: queued
[2025-04-21T11:54:09.104-0300] {logging_mixin.py:190} INFO - Current task name:preparar_dados state:running start_date:2025-04-21 14:54:08.811833+00:00
[2025-04-21T11:54:09.105-0300] {logging_mixin.py:190} INFO - Dag name:integracao_api and current dag run status:running
[2025-04-21T11:54:09.105-0300] {taskinstance.py:732} INFO - ::endgroup::
[2025-04-21T11:54:09.285-0300] {logging_mixin.py:190} INFO - dados de integração prontos - 2025-04-21 11:54:09.285216
[2025-04-21T11:54:09.286-0300] {python.py:240} INFO - Done. Returned value was: None
[2025-04-21T11:54:09.292-0300] {taskinstance.py:341} INFO - ::group::Post task execution logs
[2025-04-21T11:54:09.293-0300] {taskinstance.py:353} INFO - Marking task as SUCCESS. dag_id=integracao_api, task_id=preparar_dados, run_id=scheduled__2025-04-20T00:00:00+00:00, execution_date=20250420T000000, start_date=20250421T145408, end_date=20250421T145409
[2025-04-21T11:54:09.322-0300] {logging_mixin.py:190} INFO - Task instance in success state
[2025-04-21T11:54:09.322-0300] {logging_mixin.py:190} INFO -  Previous state of the Task instance: running
[2025-04-21T11:54:09.323-0300] {logging_mixin.py:190} INFO - Dag name:integracao_api queued_at:2025-04-21 14:54:04.925724+00:00
[2025-04-21T11:54:09.323-0300] {logging_mixin.py:190} INFO - Task hostname:jonathan-brito operator:PythonOperator
[2025-04-21T11:54:09.366-0300] {local_task_job_runner.py:266} INFO - Task exited with return code 0
[2025-04-21T11:54:09.396-0300] {taskinstance.py:3901} INFO - 1 downstream tasks scheduled from follow-on schedule check
[2025-04-21T11:54:09.409-0300] {local_task_job_runner.py:245} INFO - ::endgroup::
