[2025-04-21T21:00:22.018-0300] {local_task_job_runner.py:123} INFO - ::group::Pre task execution logs
[2025-04-21T21:00:22.030-0300] {taskinstance.py:2614} INFO - Dependencies all met for dep_context=non-requeueable deps ti=<TaskInstance: example_bash_operator.also_run_this scheduled__2025-04-21T00:00:00+00:00 [queued]>
[2025-04-21T21:00:22.108-0300] {taskinstance.py:2614} INFO - Dependencies all met for dep_context=requeueable deps ti=<TaskInstance: example_bash_operator.also_run_this scheduled__2025-04-21T00:00:00+00:00 [queued]>
[2025-04-21T21:00:22.109-0300] {taskinstance.py:2867} INFO - Starting attempt 1 of 1
[2025-04-21T21:00:22.132-0300] {taskinstance.py:2890} INFO - Executing <Task(BashOperator): also_run_this> on 2025-04-21 00:00:00+00:00
[2025-04-21T21:00:22.138-0300] {standard_task_runner.py:72} INFO - Started process 54723 to run task
[2025-04-21T21:00:22.142-0300] {standard_task_runner.py:104} INFO - Running: ['airflow', 'tasks', 'run', 'example_bash_operator', 'also_run_this', 'scheduled__2025-04-21T00:00:00+00:00', '--job-id', '63', '--raw', '--subdir', '/home/jonathan-brito/python-projects/airflow/venv/lib/python3.12/site-packages/airflow/example_dags/example_bash_operator.py', '--cfg-path', '/tmp/tmpw1abbpo7']
[2025-04-21T21:00:22.144-0300] {standard_task_runner.py:105} INFO - Job 63: Subtask also_run_this
[2025-04-21T21:00:22.187-0300] {task_command.py:467} INFO - Running <TaskInstance: example_bash_operator.also_run_this scheduled__2025-04-21T00:00:00+00:00 [running]> on host jonathan-brito
[2025-04-21T21:00:22.264-0300] {taskinstance.py:3134} INFO - Exporting env vars: AIRFLOW_CTX_DAG_OWNER='airflow' AIRFLOW_CTX_DAG_ID='example_bash_operator' AIRFLOW_CTX_TASK_ID='also_run_this' AIRFLOW_CTX_EXECUTION_DATE='2025-04-21T00:00:00+00:00' AIRFLOW_CTX_TRY_NUMBER='1' AIRFLOW_CTX_DAG_RUN_ID='scheduled__2025-04-21T00:00:00+00:00'
[2025-04-21T21:00:22.265-0300] {logging_mixin.py:190} INFO - Task instance is in running state
[2025-04-21T21:00:22.265-0300] {logging_mixin.py:190} INFO -  Previous state of the Task instance: queued
[2025-04-21T21:00:22.265-0300] {logging_mixin.py:190} INFO - Current task name:also_run_this state:running start_date:2025-04-22 00:00:22.030698+00:00
[2025-04-21T21:00:22.265-0300] {logging_mixin.py:190} INFO - Dag name:example_bash_operator and current dag run status:running
[2025-04-21T21:00:22.266-0300] {taskinstance.py:732} INFO - ::endgroup::
[2025-04-21T21:00:22.267-0300] {subprocess.py:78} INFO - Tmp dir root location: /tmp
[2025-04-21T21:00:22.267-0300] {subprocess.py:88} INFO - Running command: ['/usr/bin/bash', '-c', 'echo "ti_key=example_bash_operator__also_run_this__20250421"']
[2025-04-21T21:00:22.278-0300] {subprocess.py:99} INFO - Output:
[2025-04-21T21:00:22.280-0300] {subprocess.py:106} INFO - ti_key=example_bash_operator__also_run_this__20250421
[2025-04-21T21:00:22.280-0300] {subprocess.py:110} INFO - Command exited with return code 0
[2025-04-21T21:00:22.304-0300] {taskinstance.py:341} INFO - ::group::Post task execution logs
[2025-04-21T21:00:22.305-0300] {taskinstance.py:353} INFO - Marking task as SUCCESS. dag_id=example_bash_operator, task_id=also_run_this, run_id=scheduled__2025-04-21T00:00:00+00:00, execution_date=20250421T000000, start_date=20250422T000022, end_date=20250422T000022
[2025-04-21T21:00:22.333-0300] {logging_mixin.py:190} INFO - Task instance in success state
[2025-04-21T21:00:22.333-0300] {logging_mixin.py:190} INFO -  Previous state of the Task instance: running
[2025-04-21T21:00:22.334-0300] {logging_mixin.py:190} INFO - Dag name:example_bash_operator queued_at:2025-04-22 00:00:01.929457+00:00
[2025-04-21T21:00:22.334-0300] {logging_mixin.py:190} INFO - Task hostname:jonathan-brito operator:BashOperator
[2025-04-21T21:00:22.355-0300] {local_task_job_runner.py:266} INFO - Task exited with return code 0
[2025-04-21T21:00:22.380-0300] {taskinstance.py:3901} INFO - 0 downstream tasks scheduled from follow-on schedule check
[2025-04-21T21:00:22.381-0300] {local_task_job_runner.py:245} INFO - ::endgroup::
