[2025-04-21T15:26:37.860-0300] {local_task_job_runner.py:123} INFO - ::group::Pre task execution logs
[2025-04-21T15:26:37.968-0300] {taskinstance.py:2614} INFO - Dependencies all met for dep_context=non-requeueable deps ti=<TaskInstance: integracao_api.integracao_api manual__2025-04-21T18:26:28.910823+00:00 [queued]>
[2025-04-21T15:26:37.978-0300] {taskinstance.py:2614} INFO - Dependencies all met for dep_context=requeueable deps ti=<TaskInstance: integracao_api.integracao_api manual__2025-04-21T18:26:28.910823+00:00 [queued]>
[2025-04-21T15:26:37.979-0300] {taskinstance.py:2867} INFO - Starting attempt 1 of 3
[2025-04-21T15:26:38.012-0300] {taskinstance.py:2890} INFO - Executing <Task(PythonOperator): integracao_api> on 2025-04-21 18:26:28.910823+00:00
[2025-04-21T15:26:38.018-0300] {standard_task_runner.py:72} INFO - Started process 161211 to run task
[2025-04-21T15:26:38.022-0300] {standard_task_runner.py:104} INFO - Running: ['airflow', 'tasks', 'run', 'integracao_api', 'integracao_api', 'manual__2025-04-21T18:26:28.910823+00:00', '--job-id', '38', '--raw', '--subdir', 'DAGS_FOLDER/dag_integration.py', '--cfg-path', '/tmp/tmp0mxtei97']
[2025-04-21T15:26:38.024-0300] {standard_task_runner.py:105} INFO - Job 38: Subtask integracao_api
[2025-04-21T15:26:38.064-0300] {task_command.py:467} INFO - Running <TaskInstance: integracao_api.integracao_api manual__2025-04-21T18:26:28.910823+00:00 [running]> on host jonathan-brito
[2025-04-21T15:26:38.160-0300] {taskinstance.py:3134} INFO - Exporting env vars: AIRFLOW_CTX_DAG_OWNER='data_team' AIRFLOW_CTX_DAG_ID='integracao_api' AIRFLOW_CTX_TASK_ID='integracao_api' AIRFLOW_CTX_EXECUTION_DATE='2025-04-21T18:26:28.910823+00:00' AIRFLOW_CTX_TRY_NUMBER='1' AIRFLOW_CTX_DAG_RUN_ID='manual__2025-04-21T18:26:28.910823+00:00'
[2025-04-21T15:26:38.161-0300] {logging_mixin.py:190} INFO - Task instance is in running state
[2025-04-21T15:26:38.162-0300] {logging_mixin.py:190} INFO -  Previous state of the Task instance: queued
[2025-04-21T15:26:38.162-0300] {logging_mixin.py:190} INFO - Current task name:integracao_api state:running start_date:2025-04-21 18:26:37.969478+00:00
[2025-04-21T15:26:38.162-0300] {logging_mixin.py:190} INFO - Dag name:integracao_api and current dag run status:running
[2025-04-21T15:26:38.163-0300] {taskinstance.py:732} INFO - ::endgroup::
[2025-04-21T15:26:40.342-0300] {logging_mixin.py:190} INFO - ('{"detail":"Tipo de mídia  \\"text/plain\\" no pedido não é suportado."}', '-', datetime.datetime(2025, 4, 21, 15, 26, 40, 342494))
[2025-04-21T15:26:40.351-0300] {python.py:240} INFO - Done. Returned value was: None
[2025-04-21T15:26:40.357-0300] {taskinstance.py:341} INFO - ::group::Post task execution logs
[2025-04-21T15:26:40.358-0300] {taskinstance.py:353} INFO - Marking task as SUCCESS. dag_id=integracao_api, task_id=integracao_api, run_id=manual__2025-04-21T18:26:28.910823+00:00, execution_date=20250421T182628, start_date=20250421T182637, end_date=20250421T182640
[2025-04-21T15:26:40.388-0300] {logging_mixin.py:190} INFO - Task instance in success state
[2025-04-21T15:26:40.389-0300] {logging_mixin.py:190} INFO -  Previous state of the Task instance: running
[2025-04-21T15:26:40.389-0300] {logging_mixin.py:190} INFO - Dag name:integracao_api queued_at:2025-04-21 18:26:28.936153+00:00
[2025-04-21T15:26:40.390-0300] {logging_mixin.py:190} INFO - Task hostname:jonathan-brito operator:PythonOperator
[2025-04-21T15:26:40.404-0300] {local_task_job_runner.py:266} INFO - Task exited with return code 0
[2025-04-21T15:26:40.421-0300] {taskinstance.py:3901} INFO - 0 downstream tasks scheduled from follow-on schedule check
[2025-04-21T15:26:40.422-0300] {local_task_job_runner.py:245} INFO - ::endgroup::
