[2025-04-25T12:37:33.901-0300] {local_task_job_runner.py:123} INFO - ::group::Pre task execution logs
[2025-04-25T12:37:34.011-0300] {taskinstance.py:2614} INFO - Dependencies all met for dep_context=non-requeueable deps ti=<TaskInstance: etl_datawarehouse.etl_tempo_venda manual__2025-04-25T00:00:00+00:00 [queued]>
[2025-04-25T12:37:34.020-0300] {taskinstance.py:2614} INFO - Dependencies all met for dep_context=requeueable deps ti=<TaskInstance: etl_datawarehouse.etl_tempo_venda manual__2025-04-25T00:00:00+00:00 [queued]>
[2025-04-25T12:37:34.021-0300] {taskinstance.py:2867} INFO - Starting attempt 2 of 3
[2025-04-25T12:37:34.037-0300] {taskinstance.py:2890} INFO - Executing <Task(PythonOperator): etl_tempo_venda> on 2025-04-25 00:00:00+00:00
[2025-04-25T12:37:34.042-0300] {standard_task_runner.py:72} INFO - Started process 91123 to run task
[2025-04-25T12:37:34.046-0300] {standard_task_runner.py:104} INFO - Running: ['airflow', 'tasks', 'run', 'etl_datawarehouse', 'etl_tempo_venda', 'manual__2025-04-25T00:00:00+00:00', '--job-id', '128', '--raw', '--subdir', 'DAGS_FOLDER/dag_etl.py', '--cfg-path', '/tmp/tmp6c8rnwsa']
[2025-04-25T12:37:34.047-0300] {standard_task_runner.py:105} INFO - Job 128: Subtask etl_tempo_venda
[2025-04-25T12:37:34.096-0300] {task_command.py:467} INFO - Running <TaskInstance: etl_datawarehouse.etl_tempo_venda manual__2025-04-25T00:00:00+00:00 [running]> on host jonathan-brito
[2025-04-25T12:37:34.184-0300] {taskinstance.py:3134} INFO - Exporting env vars: AIRFLOW_CTX_DAG_OWNER='Data Team' AIRFLOW_CTX_DAG_ID='etl_datawarehouse' AIRFLOW_CTX_TASK_ID='etl_tempo_venda' AIRFLOW_CTX_EXECUTION_DATE='2025-04-25T00:00:00+00:00' AIRFLOW_CTX_TRY_NUMBER='2' AIRFLOW_CTX_DAG_RUN_ID='manual__2025-04-25T00:00:00+00:00'
[2025-04-25T12:37:34.186-0300] {logging_mixin.py:190} INFO - Task instance is in running state
[2025-04-25T12:37:34.186-0300] {logging_mixin.py:190} INFO -  Previous state of the Task instance: queued
[2025-04-25T12:37:34.187-0300] {logging_mixin.py:190} INFO - Current task name:etl_tempo_venda state:running start_date:2025-04-25 15:37:34.011755+00:00
[2025-04-25T12:37:34.187-0300] {logging_mixin.py:190} INFO - Dag name:etl_datawarehouse and current dag run status:running
[2025-04-25T12:37:34.188-0300] {taskinstance.py:732} INFO - ::endgroup::
[2025-04-25T12:37:35.632-0300] {logging_mixin.py:190} INFO - Conexão com o PostgreSQL bem-sucedida - 2025-04-25 12:37:35.631477
[2025-04-25T12:38:06.248-0300] {logging_mixin.py:190} INFO - Enviados 100 registros (total: 100 de 1237)
[2025-04-25T12:38:27.035-0300] {logging_mixin.py:190} INFO - Enviados 100 registros (total: 200 de 1237)
[2025-04-25T12:38:47.413-0300] {logging_mixin.py:190} INFO - Enviados 100 registros (total: 300 de 1237)
[2025-04-25T12:39:09.380-0300] {logging_mixin.py:190} INFO - Enviados 100 registros (total: 400 de 1237)
[2025-04-25T12:39:36.153-0300] {logging_mixin.py:190} INFO - Enviados 100 registros (total: 500 de 1237)
[2025-04-25T12:39:58.585-0300] {logging_mixin.py:190} INFO - Enviados 100 registros (total: 600 de 1237)
[2025-04-25T12:40:19.578-0300] {logging_mixin.py:190} INFO - Enviados 100 registros (total: 700 de 1237)
[2025-04-25T12:40:40.876-0300] {logging_mixin.py:190} INFO - Enviados 100 registros (total: 800 de 1237)
[2025-04-25T12:41:01.663-0300] {logging_mixin.py:190} INFO - Enviados 100 registros (total: 900 de 1237)
[2025-04-25T12:41:26.820-0300] {logging_mixin.py:190} INFO - Enviados 100 registros (total: 1000 de 1237)
[2025-04-25T12:41:48.768-0300] {logging_mixin.py:190} INFO - Enviados 100 registros (total: 1100 de 1237)
[2025-04-25T12:42:09.457-0300] {logging_mixin.py:190} INFO - Enviados 100 registros (total: 1200 de 1237)
[2025-04-25T12:42:17.441-0300] {logging_mixin.py:190} INFO - Enviados 37 registros (total: 1300 de 1237)
[2025-04-25T12:42:17.466-0300] {logging_mixin.py:190} INFO - Time Dimension finalizada 2025-04-25 12:42:17.442416
[2025-04-25T12:42:17.467-0300] {python.py:240} INFO - Done. Returned value was: None
[2025-04-25T12:42:17.487-0300] {taskinstance.py:341} INFO - ::group::Post task execution logs
[2025-04-25T12:42:17.488-0300] {taskinstance.py:353} INFO - Marking task as SUCCESS. dag_id=etl_datawarehouse, task_id=etl_tempo_venda, run_id=manual__2025-04-25T00:00:00+00:00, execution_date=20250425T000000, start_date=20250425T153734, end_date=20250425T154217
[2025-04-25T12:42:17.564-0300] {logging_mixin.py:190} INFO - Task instance in success state
[2025-04-25T12:42:17.565-0300] {logging_mixin.py:190} INFO -  Previous state of the Task instance: running
[2025-04-25T12:42:17.565-0300] {logging_mixin.py:190} INFO - Dag name:etl_datawarehouse queued_at:2025-04-25 15:23:52.078945+00:00
[2025-04-25T12:42:17.565-0300] {logging_mixin.py:190} INFO - Task hostname:jonathan-brito operator:PythonOperator
[2025-04-25T12:42:17.589-0300] {local_task_job_runner.py:266} INFO - Task exited with return code 0
[2025-04-25T12:42:17.612-0300] {taskinstance.py:3901} INFO - 1 downstream tasks scheduled from follow-on schedule check
[2025-04-25T12:42:17.622-0300] {local_task_job_runner.py:245} INFO - ::endgroup::
