[2025-04-25T11:26:27.098-0300] {local_task_job_runner.py:123} INFO - ::group::Pre task execution logs
[2025-04-25T11:26:27.118-0300] {taskinstance.py:2614} INFO - Dependencies all met for dep_context=non-requeueable deps ti=<TaskInstance: integracao_api.integracao_api scheduled__2025-04-24T00:00:00+00:00 [queued]>
[2025-04-25T11:26:27.136-0300] {taskinstance.py:2614} INFO - Dependencies all met for dep_context=requeueable deps ti=<TaskInstance: integracao_api.integracao_api scheduled__2025-04-24T00:00:00+00:00 [queued]>
[2025-04-25T11:26:27.136-0300] {taskinstance.py:2867} INFO - Starting attempt 2 of 3
[2025-04-25T11:26:27.151-0300] {taskinstance.py:2890} INFO - Executing <Task(PythonOperator): integracao_api> on 2025-04-24 00:00:00+00:00
[2025-04-25T11:26:27.156-0300] {standard_task_runner.py:72} INFO - Started process 32258 to run task
[2025-04-25T11:26:27.160-0300] {standard_task_runner.py:104} INFO - Running: ['airflow', 'tasks', 'run', 'integracao_api', 'integracao_api', 'scheduled__2025-04-24T00:00:00+00:00', '--job-id', '118', '--raw', '--subdir', 'DAGS_FOLDER/dag_integration.py', '--cfg-path', '/tmp/tmpl10jeki5']
[2025-04-25T11:26:27.161-0300] {standard_task_runner.py:105} INFO - Job 118: Subtask integracao_api
[2025-04-25T11:26:27.203-0300] {task_command.py:467} INFO - Running <TaskInstance: integracao_api.integracao_api scheduled__2025-04-24T00:00:00+00:00 [running]> on host jonathan-brito
[2025-04-25T11:26:27.272-0300] {taskinstance.py:3134} INFO - Exporting env vars: AIRFLOW_CTX_DAG_OWNER='data_team' AIRFLOW_CTX_DAG_ID='integracao_api' AIRFLOW_CTX_TASK_ID='integracao_api' AIRFLOW_CTX_EXECUTION_DATE='2025-04-24T00:00:00+00:00' AIRFLOW_CTX_TRY_NUMBER='2' AIRFLOW_CTX_DAG_RUN_ID='scheduled__2025-04-24T00:00:00+00:00'
[2025-04-25T11:26:27.273-0300] {logging_mixin.py:190} INFO - Task instance is in running state
[2025-04-25T11:26:27.273-0300] {logging_mixin.py:190} INFO -  Previous state of the Task instance: queued
[2025-04-25T11:26:27.273-0300] {logging_mixin.py:190} INFO - Current task name:integracao_api state:running start_date:2025-04-25 14:26:27.119124+00:00
[2025-04-25T11:26:27.274-0300] {logging_mixin.py:190} INFO - Dag name:integracao_api and current dag run status:running
[2025-04-25T11:26:27.274-0300] {taskinstance.py:732} INFO - ::endgroup::
[2025-04-25T11:26:50.163-0300] {logging_mixin.py:190} INFO - Enviados 100 registros (total: 100 de 9994)
[2025-04-25T11:27:13.627-0300] {logging_mixin.py:190} INFO - Enviados 100 registros (total: 200 de 9994)
[2025-04-25T11:27:17.806-0300] {local_task_job_runner.py:346} WARNING - State of this instance has been externally set to success. Terminating instance.
[2025-04-25T11:27:17.807-0300] {local_task_job_runner.py:245} INFO - ::endgroup::
[2025-04-25T11:27:17.820-0300] {process_utils.py:132} INFO - Sending 15 to group 32258. PIDs of all processes in the group: [32258]
[2025-04-25T11:27:17.820-0300] {process_utils.py:87} INFO - Sending the signal 15 to group 32258
[2025-04-25T11:27:17.821-0300] {taskinstance.py:3094} ERROR - Received SIGTERM. Terminating subprocesses.
[2025-04-25T11:27:17.826-0300] {taskinstance.py:3095} ERROR - Stacktrace: 
  File "/home/jonathan-brito/python-projects/airflow/venv/bin/airflow", line 8, in <module>
    sys.exit(main())
  File "/home/jonathan-brito/python-projects/airflow/venv/lib/python3.12/site-packages/airflow/__main__.py", line 62, in main
    args.func(args)
  File "/home/jonathan-brito/python-projects/airflow/venv/lib/python3.12/site-packages/airflow/cli/cli_config.py", line 49, in command
    return func(*args, **kwargs)
  File "/home/jonathan-brito/python-projects/airflow/venv/lib/python3.12/site-packages/airflow/utils/cli.py", line 116, in wrapper
    return f(*args, **kwargs)
  File "/home/jonathan-brito/python-projects/airflow/venv/lib/python3.12/site-packages/airflow/cli/commands/task_command.py", line 483, in task_run
    task_return_code = _run_task_by_selected_method(args, _dag, ti)
  File "/home/jonathan-brito/python-projects/airflow/venv/lib/python3.12/site-packages/airflow/cli/commands/task_command.py", line 254, in _run_task_by_selected_method
    return _run_task_by_local_task_job(args, ti)
  File "/home/jonathan-brito/python-projects/airflow/venv/lib/python3.12/site-packages/airflow/cli/commands/task_command.py", line 322, in _run_task_by_local_task_job
    ret = run_job(job=job_runner.job, execute_callable=job_runner._execute)
  File "/home/jonathan-brito/python-projects/airflow/venv/lib/python3.12/site-packages/airflow/utils/session.py", line 97, in wrapper
    return func(*args, session=session, **kwargs)
  File "/home/jonathan-brito/python-projects/airflow/venv/lib/python3.12/site-packages/airflow/jobs/job.py", line 421, in run_job
    return execute_job(job, execute_callable=execute_callable)
  File "/home/jonathan-brito/python-projects/airflow/venv/lib/python3.12/site-packages/airflow/jobs/job.py", line 450, in execute_job
    ret = execute_callable()
  File "/home/jonathan-brito/python-projects/airflow/venv/lib/python3.12/site-packages/airflow/jobs/local_task_job_runner.py", line 171, in _execute
    self.task_runner.start()
  File "/home/jonathan-brito/python-projects/airflow/venv/lib/python3.12/site-packages/airflow/task/task_runner/standard_task_runner.py", line 55, in start
    self.process = self._start_by_fork()
  File "/home/jonathan-brito/python-projects/airflow/venv/lib/python3.12/site-packages/airflow/task/task_runner/standard_task_runner.py", line 117, in _start_by_fork
    ret = args.func(args, dag=self.dag)
  File "/home/jonathan-brito/python-projects/airflow/venv/lib/python3.12/site-packages/airflow/cli/cli_config.py", line 49, in command
    return func(*args, **kwargs)
  File "/home/jonathan-brito/python-projects/airflow/venv/lib/python3.12/site-packages/airflow/utils/cli.py", line 116, in wrapper
    return f(*args, **kwargs)
  File "/home/jonathan-brito/python-projects/airflow/venv/lib/python3.12/site-packages/airflow/cli/commands/task_command.py", line 483, in task_run
    task_return_code = _run_task_by_selected_method(args, _dag, ti)
  File "/home/jonathan-brito/python-projects/airflow/venv/lib/python3.12/site-packages/airflow/cli/commands/task_command.py", line 256, in _run_task_by_selected_method
    return _run_raw_task(args, ti)
  File "/home/jonathan-brito/python-projects/airflow/venv/lib/python3.12/site-packages/airflow/cli/commands/task_command.py", line 341, in _run_raw_task
    return ti._run_raw_task(
  File "/home/jonathan-brito/python-projects/airflow/venv/lib/python3.12/site-packages/airflow/utils/session.py", line 97, in wrapper
    return func(*args, session=session, **kwargs)
  File "/home/jonathan-brito/python-projects/airflow/venv/lib/python3.12/site-packages/airflow/models/taskinstance.py", line 3006, in _run_raw_task
    return _run_raw_task(
  File "/home/jonathan-brito/python-projects/airflow/venv/lib/python3.12/site-packages/airflow/models/taskinstance.py", line 274, in _run_raw_task
    TaskInstance._execute_task_with_callbacks(
  File "/home/jonathan-brito/python-projects/airflow/venv/lib/python3.12/site-packages/airflow/models/taskinstance.py", line 3161, in _execute_task_with_callbacks
    result = self._execute_task(context, task_orig)
  File "/home/jonathan-brito/python-projects/airflow/venv/lib/python3.12/site-packages/airflow/models/taskinstance.py", line 3185, in _execute_task
    return _execute_task(self, context, task_orig)
  File "/home/jonathan-brito/python-projects/airflow/venv/lib/python3.12/site-packages/airflow/models/taskinstance.py", line 768, in _execute_task
    result = _execute_callable(context=context, **execute_callable_kwargs)
  File "/home/jonathan-brito/python-projects/airflow/venv/lib/python3.12/site-packages/airflow/models/taskinstance.py", line 734, in _execute_callable
    return ExecutionCallableRunner(
  File "/home/jonathan-brito/python-projects/airflow/venv/lib/python3.12/site-packages/airflow/utils/operator_helpers.py", line 252, in run
    return self.func(*args, **kwargs)
  File "/home/jonathan-brito/python-projects/airflow/venv/lib/python3.12/site-packages/airflow/models/baseoperator.py", line 424, in wrapper
    return func(self, *args, **kwargs)
  File "/home/jonathan-brito/python-projects/airflow/venv/lib/python3.12/site-packages/airflow/operators/python.py", line 238, in execute
    return_value = self.execute_callable()
  File "/home/jonathan-brito/python-projects/airflow/venv/lib/python3.12/site-packages/airflow/operators/python.py", line 256, in execute_callable
    return runner.run(*self.op_args, **self.op_kwargs)
  File "/home/jonathan-brito/python-projects/airflow/venv/lib/python3.12/site-packages/airflow/utils/operator_helpers.py", line 252, in run
    return self.func(*args, **kwargs)
  File "/home/jonathan-brito/python-projects/airflow/dags/dag_integration.py", line 76, in integra_api
    response = requests.post(
  File "/home/jonathan-brito/python-projects/airflow/venv/lib/python3.12/site-packages/requests/api.py", line 115, in post
    return request("post", url, data=data, json=json, **kwargs)
  File "/home/jonathan-brito/python-projects/airflow/venv/lib/python3.12/site-packages/requests/api.py", line 59, in request
    return session.request(method=method, url=url, **kwargs)
  File "/home/jonathan-brito/python-projects/airflow/venv/lib/python3.12/site-packages/requests/sessions.py", line 589, in request
    resp = self.send(prep, **send_kwargs)
  File "/home/jonathan-brito/python-projects/airflow/venv/lib/python3.12/site-packages/requests/sessions.py", line 703, in send
    r = adapter.send(request, **kwargs)
  File "/home/jonathan-brito/python-projects/airflow/venv/lib/python3.12/site-packages/requests/adapters.py", line 667, in send
    resp = conn.urlopen(
  File "/home/jonathan-brito/python-projects/airflow/venv/lib/python3.12/site-packages/urllib3/connectionpool.py", line 716, in urlopen
    httplib_response = self._make_request(
  File "/home/jonathan-brito/python-projects/airflow/venv/lib/python3.12/site-packages/urllib3/connectionpool.py", line 463, in _make_request
    httplib_response = conn.getresponse()
  File "/usr/lib/python3.12/http/client.py", line 1428, in getresponse
    response.begin()
  File "/usr/lib/python3.12/http/client.py", line 331, in begin
    version, status, reason = self._read_status()
  File "/usr/lib/python3.12/http/client.py", line 292, in _read_status
    line = str(self.fp.readline(_MAXLINE + 1), "iso-8859-1")
  File "/usr/lib/python3.12/socket.py", line 707, in readinto
    return self._sock.recv_into(b)
  File "/home/jonathan-brito/python-projects/airflow/venv/lib/python3.12/site-packages/airflow/models/taskinstance.py", line 3095, in signal_handler
    self.log.error("Stacktrace: \n%s", "".join(traceback.format_stack()))

[2025-04-25T11:27:17.862-0300] {taskinstance.py:341} INFO - ::group::Post task execution logs
[2025-04-25T11:27:17.913-0300] {process_utils.py:80} INFO - Process psutil.Process(pid=32258, status='terminated', exitcode=0, started='11:26:26') (32258) terminated with exit code 0
