[2025-04-25T12:53:19.363-0300] {local_task_job_runner.py:123} INFO - ::group::Pre task execution logs
[2025-04-25T12:53:19.463-0300] {taskinstance.py:2614} INFO - Dependencies all met for dep_context=non-requeueable deps ti=<TaskInstance: etl_datawarehouse.etl_tipo_Entrega manual__2025-04-25T00:00:00+00:00 [queued]>
[2025-04-25T12:53:19.472-0300] {taskinstance.py:2614} INFO - Dependencies all met for dep_context=requeueable deps ti=<TaskInstance: etl_datawarehouse.etl_tipo_Entrega manual__2025-04-25T00:00:00+00:00 [queued]>
[2025-04-25T12:53:19.472-0300] {taskinstance.py:2867} INFO - Starting attempt 1 of 3
[2025-04-25T12:53:19.494-0300] {taskinstance.py:2890} INFO - Executing <Task(PythonOperator): etl_tipo_Entrega> on 2025-04-25 00:00:00+00:00
[2025-04-25T12:53:19.500-0300] {standard_task_runner.py:72} INFO - Started process 107466 to run task
[2025-04-25T12:53:19.503-0300] {standard_task_runner.py:104} INFO - Running: ['airflow', 'tasks', 'run', 'etl_datawarehouse', 'etl_tipo_Entrega', 'manual__2025-04-25T00:00:00+00:00', '--job-id', '131', '--raw', '--subdir', 'DAGS_FOLDER/dag_etl.py', '--cfg-path', '/tmp/tmp6pyebxrh']
[2025-04-25T12:53:19.504-0300] {standard_task_runner.py:105} INFO - Job 131: Subtask etl_tipo_Entrega
[2025-04-25T12:53:19.546-0300] {task_command.py:467} INFO - Running <TaskInstance: etl_datawarehouse.etl_tipo_Entrega manual__2025-04-25T00:00:00+00:00 [running]> on host jonathan-brito
[2025-04-25T12:53:19.619-0300] {taskinstance.py:3134} INFO - Exporting env vars: AIRFLOW_CTX_DAG_OWNER='Data Team' AIRFLOW_CTX_DAG_ID='etl_datawarehouse' AIRFLOW_CTX_TASK_ID='etl_tipo_Entrega' AIRFLOW_CTX_EXECUTION_DATE='2025-04-25T00:00:00+00:00' AIRFLOW_CTX_TRY_NUMBER='1' AIRFLOW_CTX_DAG_RUN_ID='manual__2025-04-25T00:00:00+00:00'
[2025-04-25T12:53:19.620-0300] {logging_mixin.py:190} INFO - Task instance is in running state
[2025-04-25T12:53:19.621-0300] {logging_mixin.py:190} INFO -  Previous state of the Task instance: queued
[2025-04-25T12:53:19.621-0300] {logging_mixin.py:190} INFO - Current task name:etl_tipo_Entrega state:running start_date:2025-04-25 15:53:19.464207+00:00
[2025-04-25T12:53:19.621-0300] {logging_mixin.py:190} INFO - Dag name:etl_datawarehouse and current dag run status:running
[2025-04-25T12:53:19.621-0300] {taskinstance.py:732} INFO - ::endgroup::
[2025-04-25T12:53:21.108-0300] {logging_mixin.py:190} INFO - Conexão com o PostgreSQL bem-sucedida - 2025-04-25 12:53:21.108056
[2025-04-25T12:53:31.013-0300] {logging_mixin.py:190} INFO - Ship Type finalizada 2025-04-25 12:53:30.992199
[2025-04-25T12:53:31.015-0300] {python.py:240} INFO - Done. Returned value was: None
[2025-04-25T12:53:31.030-0300] {taskinstance.py:341} INFO - ::group::Post task execution logs
[2025-04-25T12:53:31.032-0300] {taskinstance.py:353} INFO - Marking task as SUCCESS. dag_id=etl_datawarehouse, task_id=etl_tipo_Entrega, run_id=manual__2025-04-25T00:00:00+00:00, execution_date=20250425T000000, start_date=20250425T155319, end_date=20250425T155331
[2025-04-25T12:53:31.089-0300] {logging_mixin.py:190} INFO - Task instance in success state
[2025-04-25T12:53:31.090-0300] {logging_mixin.py:190} INFO -  Previous state of the Task instance: running
[2025-04-25T12:53:31.091-0300] {logging_mixin.py:190} INFO - Dag name:etl_datawarehouse queued_at:2025-04-25 15:23:52.078945+00:00
[2025-04-25T12:53:31.092-0300] {logging_mixin.py:190} INFO - Task hostname:jonathan-brito operator:PythonOperator
[2025-04-25T12:53:31.154-0300] {local_task_job_runner.py:266} INFO - Task exited with return code 0
[2025-04-25T12:53:31.206-0300] {taskinstance.py:3901} INFO - 1 downstream tasks scheduled from follow-on schedule check
[2025-04-25T12:53:31.222-0300] {local_task_job_runner.py:245} INFO - ::endgroup::
